Virtual User Script started at : 10/8/2015 10:05:54 AM
Starting action vuser_init.
Web Turbo Replay of LoadRunner 12.0.0 for Windows 7; build 2739 (Nov 30 2014 23:13:05)  	[MsgId: MMSG-27143]
Run mode: HTML  	[MsgId: MMSG-26993]
Run-Time Settings file: "C:\Users\francis.montenegro\Documents\GitHub\DCHBX_Perf_Scripts\IntegratedCreateUser_Assisted\\default.cfg"  	[MsgId: MMSG-27141]
vuser_init.c(7): web_set_sockets_option started  	[MsgId: MMSG-26355]
vuser_init.c(7): web_set_sockets_option was successful  	[MsgId: MMSG-26392]
vuser_init.c(9): web_set_max_html_param_len started  	[MsgId: MMSG-26355]
vuser_init.c(9): web_set_max_html_param_len was successful  	[MsgId: MMSG-26392]
vuser_init.c(11): Notify: Parameter Substitution: parameter "MillisSeed" =  "100554.880"
Ending action vuser_init.
Running Vuser...
Starting iteration 1.
Warning -27077: The "vuser_init" section contains web function(s) when the "Simulate a new user on each iteration" Run-Time Setting is ON.  This may produce unpredictable results with multiple iterations  	[MsgId: MWAR-27077]
Maximum number of concurrent connections per server: 6  	[MsgId: MMSG-26989]
Starting action ScriptFlow.
ScriptFlow.c(8): Notify: Saving Parameter "LNameLength = 8".
ScriptFlow.c(9): Notify: Parameter Substitution: parameter "LNameLength" =  "8"
DataCreation.c(48): Notify: Saving Parameter "randomLN = mypbpdcd".
DataCreation.c(18): Notify: Saving Parameter "pSSN1dep1_1 = 659".
DataCreation.c(19): Notify: Saving Parameter "pSSN2dep1_1 = 75".
DataCreation.c(20): Notify: Saving Parameter "pSSN3dep1_1 = 6148".
DataCreation.c(22): Notify: Parameter Substitution: parameter "pSSN1dep1_1" =  "659"
DataCreation.c(22): Notify: Parameter Substitution: parameter "pSSN2dep1_1" =  "75"
DataCreation.c(22): Notify: Parameter Substitution: parameter "pSSN3dep1_1" =  "6148"
DataCreation.c(23): Notify: Saving Parameter "EmployeeDep1SSN = 659-75-6148".
DataCreation.c(25): Notify: Saving Parameter "Assisted_SSN = 659-75-6148".
ScriptFlow.c(13): Notify: Parameter Substitution: parameter "randomLN" =  "mypbpdcd"
ScriptFlow.c(13): Notify: Parameter Substitution: parameter "pSSN3dep1_1" =  "6148"
ScriptFlow.c(15): Notify: Saving Parameter "dp_UserID = IA_mypbpdcd_6148".
CreateUserFlow.c(5): web_reg_save_param_regexp started  	[MsgId: MMSG-26355]
CreateUserFlow.c(5): Registering web_reg_save_param_regexp was successful  	[MsgId: MMSG-26390]
CreateUserFlow.c(7): Notify: Transaction "0003_Select_Individual" started.
globals.h(18): web_save_timestamp_param("web_save_timestamp_param") started  	[MsgId: MMSG-26355]
globals.h(18): Notify: Saving Parameter "TimeStamp = 1444313154912".
globals.h(18): web_save_timestamp_param("web_save_timestamp_param") was successful  	[MsgId: MMSG-26392]
globals.h(19): Notify: Parameter Substitution: parameter "TimeStamp" =  "1444313154912"
globals.h(32): web_add_header("X-dynaTrace") started  	[MsgId: MMSG-26355]
globals.h(32): Notify: Parameter Substitution: parameter "dp_UserID" =  "IA_mypbpdcd_6148"
globals.h(32): web_add_header("X-dynaTrace") was successful  	[MsgId: MMSG-26392]
CreateUserFlow.c(21): web_url("search") started  	[MsgId: MMSG-26355]
CreateUserFlow.c(21): Redirecting "http://enroll-preprod.dchbx.org/insured/consumer_role/search?aqhp=true" (redirection depth is 0)  	[MsgId: MMSG-26694]
CreateUserFlow.c(21): To location "http://enroll-preprod.dchbx.org/users/sign_up"  	[MsgId: MMSG-26693]
CreateUserFlow.c(21): Found resource "http://enroll-preprod.dchbx.org/assets/application-6a1782976ac82bfb6840635516818c7f.css" in HTML "http://enroll-preprod.dchbx.org/users/sign_up"  	[MsgId: MMSG-26659]
CreateUserFlow.c(21): Found resource "http://enroll-preprod.dchbx.org/assets/application-e51674c629cde588cb906a4b15c5064f.js" in HTML "http://enroll-preprod.dchbx.org/users/sign_up"  	[MsgId: MMSG-26659]
CreateUserFlow.c(21): Found resource "https://fonts.googleapis.com/css?family=Open+Sans:300italic,400italic,600italic,700italic,800italic,400,300,600,700,800" in HTML "http://enroll-preprod.dchbx.org/users/sign_up"  	[MsgId: MMSG-26659]
CreateUserFlow.c(21): Found resource "http://enroll-preprod.dchbx.org/assets/logo-37b2d59fd0101e8781456ec388f3400a.png" in HTML "http://enroll-preprod.dchbx.org/users/sign_up"  	[MsgId: MMSG-26659]
CreateUserFlow.c(21): Found resource "http://enroll-preprod.dchbx.org/assets/icons/phone-b3ad531e1c8368729f17ce45eb54bbf1.png" in HTML "http://enroll-preprod.dchbx.org/users/sign_up"  	[MsgId: MMSG-26659]
CreateUserFlow.c(21): Found resource "http://enroll-preprod.dchbx.org/assets/icons/mail-30cd69f38c85fd121d2468b88f4dec71.png" in HTML "http://enroll-preprod.dchbx.org/users/sign_up"  	[MsgId: MMSG-26659]
CreateUserFlow.c(21): Found resource "http://enroll-preprod.dchbx.org/assets/icons/message-e6d0f4f5f538fe315e1cb2eb96c57bec.png" in HTML "http://enroll-preprod.dchbx.org/users/sign_up"  	[MsgId: MMSG-26659]
CreateUserFlow.c(21): Notify: Saving Parameter "authenticity_token = s3zRwsVYCiLsrrOL5444uImubq0Gqu8rm8S8MeN2srIBhgA64OmHOf4l2zoNGuGcshWFqJXsntLbLmMOvc8Dvw==".
CreateUserFlow.c(21): web_url("search") was successful, 1081523 body bytes, 3645 header bytes, 19 chunking overhead bytes  	[MsgId: MMSG-26385]
CreateUserFlow.c(31): Notify: Transaction "0003_Select_Individual" ended with a "Pass" status (Duration: 2.0631 Wasted Time: 1.4093).
CreateUserFlow.c(35): Notify: Transaction "0004_Create_EnrollApp_User" started.
CreateUserFlow.c(39): web_submit_data("users") started  	[MsgId: MMSG-26355]
CreateUserFlow.c(39): Notify: Parameter Substitution: parameter "p_EA_URL" =  "enroll-preprod.dchbx.org"
CreateUserFlow.c(39): Notify: Parameter Substitution: parameter "p_EA_URL" =  "enroll-preprod.dchbx.org"
CreateUserFlow.c(39): Notify: Parameter Substitution: parameter "authenticity_token" =  "s3zRwsVYCiLsrrOL5444uImubq0Gqu8rm8S8MeN2srIBhgA64OmHOf4l2zoNGuGcshWFqJXsntLbLmMOvc8Dvw=="
CreateUserFlow.c(39): Notify: Parameter Substitution: parameter "dp_UserID" =  "IA_mypbpdcd_6148"
CreateUserFlow.c(39): Notify: Parameter Substitution: parameter "emailDomain" =  "test.com"
CreateUserFlow.c(39): Redirecting "http://enroll-preprod.dchbx.org/users" (redirection depth is 0)  	[MsgId: MMSG-26694]
CreateUserFlow.c(39): To location "http://enroll-preprod.dchbx.org/insured/consumer_role/search?aqhp=true"  	[MsgId: MMSG-26693]
CreateUserFlow.c(39): Resource "http://enroll-preprod.dchbx.org/assets/application-6a1782976ac82bfb6840635516818c7f.css" is in the cache already and will not be downloaded again  	[MsgId: MMSG-26655]
CreateUserFlow.c(39): Resource "http://enroll-preprod.dchbx.org/assets/application-e51674c629cde588cb906a4b15c5064f.js" is in the cache already and will not be downloaded again  	[MsgId: MMSG-26655]
CreateUserFlow.c(39): Resource "https://fonts.googleapis.com/css?family=Open+Sans:300italic,400italic,600italic,700italic,800italic,400,300,600,700,800" is in the cache already and will not be downloaded again  	[MsgId: MMSG-26655]
CreateUserFlow.c(39): Resource "http://enroll-preprod.dchbx.org/assets/logo-37b2d59fd0101e8781456ec388f3400a.png" is in the cache already and will not be downloaded again  	[MsgId: MMSG-26655]
CreateUserFlow.c(39): Found resource "http://enroll-preprod.dchbx.org/assets/icons/icon-individual-8a4cafd6dc492fdb0c305a4484e74d14.png" in HTML "http://enroll-preprod.dchbx.org/insured/consumer_role/search?aqhp=true"  	[MsgId: MMSG-26659]
CreateUserFlow.c(39): Resource "http://enroll-preprod.dchbx.org/assets/icons/phone-b3ad531e1c8368729f17ce45eb54bbf1.png" is in the cache already and will not be downloaded again  	[MsgId: MMSG-26655]
CreateUserFlow.c(39): Resource "http://enroll-preprod.dchbx.org/assets/icons/mail-30cd69f38c85fd121d2468b88f4dec71.png" is in the cache already and will not be downloaded again  	[MsgId: MMSG-26655]
CreateUserFlow.c(39): Resource "http://enroll-preprod.dchbx.org/assets/icons/message-e6d0f4f5f538fe315e1cb2eb96c57bec.png" is in the cache already and will not be downloaded again  	[MsgId: MMSG-26655]
CreateUserFlow.c(39): web_submit_data("users") was successful, 27610 body bytes, 1439 header bytes  	[MsgId: MMSG-26386]
CreateUserFlow.c(59): Notify: Transaction "0004_Create_EnrollApp_User" ended with a "Pass" status (Duration: 0.3736 Wasted Time: 0.0135).
CreateUserFlow.c(64): web_reg_save_param_regexp started  	[MsgId: MMSG-26355]
CreateUserFlow.c(64): Registering web_reg_save_param_regexp was successful  	[MsgId: MMSG-26390]
CreateUserFlow.c(67): web_reg_save_param_regexp started  	[MsgId: MMSG-26355]
CreateUserFlow.c(67): Registering web_reg_save_param_regexp was successful  	[MsgId: MMSG-26390]
CreateUserFlow.c(69): Notify: Transaction "0005_Personal_Info" started.
CreateUserFlow.c(73): web_url("match") started  	[MsgId: MMSG-26355]
CreateUserFlow.c(73): Notify: Parameter Substitution: parameter "p_EA_URL" =  "enroll-preprod.dchbx.org"
CreateUserFlow.c(73): Notify: Parameter Substitution: parameter "randomLN" =  "mypbpdcd"
CreateUserFlow.c(73): Notify: Parameter Substitution: parameter "Assisted_SSN" =  "659-75-6148"
CreateUserFlow.c(73): Notify: Parameter Substitution: parameter "p_EA_URL" =  "enroll-preprod.dchbx.org"
CreateUserFlow.c(73): Resource "http://enroll-preprod.dchbx.org/assets/application-6a1782976ac82bfb6840635516818c7f.css" is in the cache already and will not be downloaded again  	[MsgId: MMSG-26655]
CreateUserFlow.c(73): Resource "http://enroll-preprod.dchbx.org/assets/application-e51674c629cde588cb906a4b15c5064f.js" is in the cache already and will not be downloaded again  	[MsgId: MMSG-26655]
CreateUserFlow.c(73): Resource "https://fonts.googleapis.com/css?family=Open+Sans:300italic,400italic,600italic,700italic,800italic,400,300,600,700,800" is in the cache already and will not be downloaded again  	[MsgId: MMSG-26655]
CreateUserFlow.c(73): Resource "http://enroll-preprod.dchbx.org/assets/logo-37b2d59fd0101e8781456ec388f3400a.png" is in the cache already and will not be downloaded again  	[MsgId: MMSG-26655]
CreateUserFlow.c(73): Resource "http://enroll-preprod.dchbx.org/assets/icons/icon-individual-8a4cafd6dc492fdb0c305a4484e74d14.png" is in the cache already and will not be downloaded again  	[MsgId: MMSG-26655]
CreateUserFlow.c(73): Found resource "http://enroll-preprod.dchbx.org/assets/icons/list-f0ce83c809fcb33568ee1787941dc643.png" in HTML "http://enroll-preprod.dchbx.org/insured/consumer_role/match?utf8=%E2%9C%93&people%5Bid%5D=&person%5Bfirst_name%5D=assisted&person%5Bmiddle_name%5D=&person%5Blast_name%5D=mypbpdcd&person%5Bname_sfx%5D=&person%5Bdob%5D=1978-01-01&jq_datepicker_ignore_person%5Bdob%5D=01%2F01%2F1978&person%5Bssn%5D=659-75-6148&person%5Bno_ssn%5D=0&person%5Bgender%5D=male"  	[MsgId: MMSG-26659]
CreateUserFlow.c(73): Resource "http://enroll-preprod.dchbx.org/assets/icons/phone-b3ad531e1c8368729f17ce45eb54bbf1.png" is in the cache already and will not be downloaded again  	[MsgId: MMSG-26655]
CreateUserFlow.c(73): Resource "http://enroll-preprod.dchbx.org/assets/icons/mail-30cd69f38c85fd121d2468b88f4dec71.png" is in the cache already and will not be downloaded again  	[MsgId: MMSG-26655]
CreateUserFlow.c(73): Resource "http://enroll-preprod.dchbx.org/assets/icons/message-e6d0f4f5f538fe315e1cb2eb96c57bec.png" is in the cache already and will not be downloaded again  	[MsgId: MMSG-26655]
CreateUserFlow.c(73): Notify: Saving Parameter "authenticity_token_1 = tRHkjXbhnfrtLplUy0wg3zFBFOQAqjFbWjK9i4YMancH6zV1U1AQ4f+l8eUh2Pn7Cvr/4ZPsQKIa2GK02LXbeg==".
CreateUserFlow.c(73): Notify: Saving Parameter "5D_Param = 5616785869702d439cab0000".
CreateUserFlow.c(73): web_url("match") was successful, 26728 body bytes, 779 header bytes  	[MsgId: MMSG-26386]
CreateUserFlow.c(83): Notify: Transaction "0005_Personal_Info" ended with a "Pass" status (Duration: 0.2475 Wasted Time: 0.0228).
CreateUserFlow.c(88): web_reg_save_param_regexp started  	[MsgId: MMSG-26355]
CreateUserFlow.c(88): Registering web_reg_save_param_regexp was successful  	[MsgId: MMSG-26390]
CreateUserFlow.c(95): Notify: Transaction "0006_Continue" started.
globals.h(18): web_save_timestamp_param("web_save_timestamp_param") started  	[MsgId: MMSG-26355]
globals.h(18): Notify: Saving Parameter "TimeStamp = 1444313157607".
globals.h(18): web_save_timestamp_param("web_save_timestamp_param") was successful  	[MsgId: MMSG-26392]
globals.h(19): Notify: Parameter Substitution: parameter "TimeStamp" =  "1444313157607"
globals.h(32): web_add_header("X-dynaTrace") started  	[MsgId: MMSG-26355]
globals.h(32): Notify: Parameter Substitution: parameter "dp_UserID" =  "IA_mypbpdcd_6148"
globals.h(32): web_add_header("X-dynaTrace") was successful  	[MsgId: MMSG-26392]
CreateUserFlow.c(99): web_submit_data("consumer_role") started  	[MsgId: MMSG-26355]
CreateUserFlow.c(99): Notify: Parameter Substitution: parameter "p_EA_URL" =  "enroll-preprod.dchbx.org"
CreateUserFlow.c(99): Notify: Parameter Substitution: parameter "randomLN" =  "mypbpdcd"
CreateUserFlow.c(99): Notify: Parameter Substitution: parameter "Assisted_SSN" =  "659-75-6148"
CreateUserFlow.c(99): Notify: Parameter Substitution: parameter "5D_Param" =  "5616785869702d439cab0000"
CreateUserFlow.c(99): Notify: Parameter Substitution: parameter "p_EA_URL" =  "enroll-preprod.dchbx.org"
CreateUserFlow.c(99): Notify: Parameter Substitution: parameter "randomLN" =  "mypbpdcd"
CreateUserFlow.c(99): Notify: Parameter Substitution: parameter "Assisted_SSN" =  "659-75-6148"
CreateUserFlow.c(99): Notify: Parameter Substitution: parameter "authenticity_token_1" =  "tRHkjXbhnfrtLplUy0wg3zFBFOQAqjFbWjK9i4YMancH6zV1U1AQ4f+l8eUh2Pn7Cvr/4ZPsQKIa2GK02LXbeg=="
CreateUserFlow.c(99): Redirecting "http://enroll-preprod.dchbx.org/insured/consumer_role?person%5Bdob%5D=1978-01-01&person%5Bfirst_name%5D=assisted&person%5Bgender%5D=male&person%5Blast_name%5D=mypbpdcd&person%5Bmiddle_name%5D=&person%5Bname_sfx%5D=&person%5Bno_ssn%5D=0&person%5Bssn%5D=659-75-6148&person%5Buser_id%5D=5616785869702d439cab0000" (redirection depth is 0)  	[MsgId: MMSG-26694]
CreateUserFlow.c(99): To location "https://webpp.dchealthlink.com/NavigationLoginApp"  	[MsgId: MMSG-26693]
CreateUserFlow.c(99): Redirecting "https://webpp.dchealthlink.com/NavigationLoginApp" (redirection depth is 1)  	[MsgId: MMSG-26694]
CreateUserFlow.c(99): To location "https://webpp.dchealthlink.com:443/oam/server/obrareq.cgi?encquery%3D3T29t%2BOMMlxZKNjHdSXFN%2FiWhY%2FWa%2B4N5G1z0lJGzZqanleHiW8MFqz5p7RXvM2t3%2FTPOaX3V%2BGINwPr0%2BIi1QQZ6zfGPZI87mDOPCua1lZfS540%2F8iLPjlbFnLgelJr0Nx9g0dC60pQ6Qdw8dz%2FG6ptG8t%2BMJuAb6vRPMJ4Z6sthYPBbZYM5Vca84%2F%2BckEnKYD5wyUXxR7kXhxxDnYl%2FGF57c8s3jbORU8fsWk8Rys8VEO5Wt8Qlv%2F6D%2BjsfYPmYyX1lZ5yDjcSxmvExz3oGU3HcOtH6vqGh3ev%2FI2h9isJrXHs5q9YbcrXASo7v7cP%20agentid%3DDCAS_WG%20ver%3D1%20crmethod%3D2"  	[MsgId: MMSG-26693]
CreateUserFlow.c(99): Redirecting "https://webpp.dchealthlink.com:443/oam/server/obrareq.cgi?encquery%3D3T29t%2BOMMlxZKNjHdSXFN%2FiWhY%2FWa%2B4N5G1z0lJGzZqanleHiW8MFqz5p7RXvM2t3%2FTPOaX3V%2BGINwPr0%2BIi1QQZ6zfGPZI87mDOPCua1lZfS540%2F8iLPjlbFnLgelJr0Nx9g0dC60pQ6Qdw8dz%2FG6ptG8t%2BMJuAb6vRPMJ4Z6sthYPBbZYM5Vca84%2F%2BckEnKYD5wyUXxR7kXhxxDnYl%2FGF57c8s3jbORU8fsWk8Rys8VEO5Wt8Qlv%2F6D%2BjsfYPmYyX1lZ5yDjcSxmvExz3oGU3HcOtH6vqGh3ev%2FI2h9isJrXHs5q9YbcrXASo7v7cP%20agentid%3DDCAS_WG%20ver%3D1%20crmethod%3D2" (redirection depth is 2)  	[MsgId: MMSG-26694]
CreateUserFlow.c(99): To location "https://webpp.dchealthlink.com:443/oaam_server/oamLoginPage.jsp?tap_token=v2.0%7EOAAMTAPPartner%7ENEUzQkYzRjVCMDczNDczQTAyQjY1Q35GQTY0QkU3MkQ3OUUyMjQyOThCNUU4MjIwMjdGRjA5NDZGRDgyQUExfjVCNTFCRkI2RURGNUM1QTk2RTlCMEEwMzQxMUVEOUZDfjEyOUJDQ0FBMzEyNDc2NTJGODhFODNCN0FCMDExRTBBMUVERDEzMkM1OEJFRDhFNUY0NUZCNTQwN0ZFNTI0NDc1NjQxQUNFN0ZFRTdCNzA4QUJFRjAwRjYzQzUwQjEyRDlGM0I2QkU2OTEyN0M2QUVEMzg0MENCNDgxODM1RUUxMUE5NTlFM0YyRUE3N0JGNjc1RUJGREJCNTlGMjg2RDhGRDE1NzcyN0Y0MERDMkJGMERDQjRBMzBEMUYxOEZBMENEQTdCNUMwRTZGRTQ4NzEwRDY1N0I2NjVFQTAyNjFEMjc0ODE1RTQ0NjZBRUI0NTIwN0YzNDdGOENDMjg2NDY%3D&TapSubmitURL=https%3A%2F%2Fwebpp.dchealthlink.com%3A443%2Foam%2Fserver%2Fdap%2Fcred_submit&authn_try_count=0&contextType=external&TAPPartnerId=OAAMTAPPartner&miscCookie=Secure%3Bhttponly&MatchLDAPAttribute=uid&daptoken=string&challenge_url=https%3A%2F%2Fwebpp.dchealthlink.com%3A443%2Foaam_server%2FoamLoginPage.jsp&ssoCookie=Secure%3Bhttponly&request_id=168133536570468817&locale=en_US&resource_url=https%253A%252F%252Fwebpp.dchealthlink.com%252FNavigationLoginApp"  	[MsgId: MMSG-26693]
CreateUserFlow.c(99): Notify: Saving Parameter "tap_token = v2.0%7EOAAMTAPPartner%7ENEUzQkYzRjVCMDczNDczQTAyQjY1Q35GQTY0QkU3MkQ3OUUyMjQyOThCNUU4MjIwMjdGRjA5NDZGRDgyQUExfjVCNTFCRkI2RURGNUM1QTk2RTlCMEEwMzQxMUVEOUZDfjEyOUJDQ0FBMzEyNDc2NTJGODhFODNCN0FCMDExRTBBMUVERDEzMkM1OEJFRDhFNUY0NUZCNTQwN0ZFNTI0NDc1NjQxQUNFN0ZFRTdCNzA4QUJFRjAwRjYzQzUwQjEyRDlGM0I2QkU2OTEyN0M2QUVEMzg0MENCNDgxODM1RUUxMUE5NTlFM0YyRUE3N0JGNjc1RUJGREJCNTlGMjg2RDhGRDE1NzcyN0Y0MERDMkJGMERDQjRBMzBEMUYxOEZBMENEQTdCNUMwRTZGRTQ4NzEwRDY1N0I2NjVFQTAyNjFEMjc0ODE1RTQ0NjZBRUI0NTIwN0YzNDdGOENDMjg2NDY%3D&".
CreateUserFlow.c(99): Found resource "https://webpp.dchealthlink.com:443/oaam_server/css/oaam_uio.css" in HTML "https://webpp.dchealthlink.com:443/oaam_server/oamLoginPage.jsp?tap_token=v2.0%7EOAAMTAPPartner%7ENEUzQkYzRjVCMDczNDczQTAyQjY1Q35GQTY0QkU3MkQ3OUUyMjQyOThCNUU4MjIwMjdGRjA5NDZGRDgyQUExfjVCNTFCRkI2RURGNUM1QTk2RTlCMEEwMzQxMUVEOUZDfjEyOUJDQ0FBMzEyNDc2NTJGODhFODNCN0FCMDExRTBBMUVERDEzMkM1OEJFRDhFNUY0NUZCNTQwN0ZFNTI0NDc1NjQxQUNFN0ZFRTdCNzA4QUJFRjAwRjYzQzUwQjEyRDlGM0I2QkU2OTEyN0M2QUVEMzg0MENCNDgxODM1RUUxMUE5NTlFM0YyRUE3N0JGNjc1RUJGREJCNTlGMjg2RDhGRDE1NzcyN0Y0MERDMkJGMERDQjRBMzBEMUYxOEZBMENEQTdCNUMwRTZGRTQ4NzEwRDY1N0I2NjVFQTAyNjFEMjc0ODE1RTQ0NjZBRUI0NTIwN0YzNDdGOENDMjg2NDY%3D&TapSubmitURL=https%3A%2F%2Fwebpp.dchealthlink.com%3A443%2Foam%2Fserver%2Fdap%2Fcred_submit&authn_try_count=0&contextType=external&TAPPartnerId=OAAMTAPPartner&miscCookie=Secure%3Bhttponly&MatchLDAPAttribute=uid&daptoken=string&challenge_url=https%3A%2F%2Fwebpp.dchealthlink.com%3A443%2Foaam_server%2FoamLoginPage.jsp&ssoCookie=Secure%3Bhttponly&request_id=168133536570468817&locale=en_US&resource_url=https%253A%252F%252Fwebpp.dchealthlink.com%252FNavigationLoginApp"  	[MsgId: MMSG-26659]
CreateUserFlow.c(99): Found resource "https://webpp.dchealthlink.com:443/oaam_server/js/oaam_uio.js" in HTML "https://webpp.dchealthlink.com:443/oaam_server/oamLoginPage.jsp?tap_token=v2.0%7EOAAMTAPPartner%7ENEUzQkYzRjVCMDczNDczQTAyQjY1Q35GQTY0QkU3MkQ3OUUyMjQyOThCNUU4MjIwMjdGRjA5NDZGRDgyQUExfjVCNTFCRkI2RURGNUM1QTk2RTlCMEEwMzQxMUVEOUZDfjEyOUJDQ0FBMzEyNDc2NTJGODhFODNCN0FCMDExRTBBMUVERDEzMkM1OEJFRDhFNUY0NUZCNTQwN0ZFNTI0NDc1NjQxQUNFN0ZFRTdCNzA4QUJFRjAwRjYzQzUwQjEyRDlGM0I2QkU2OTEyN0M2QUVEMzg0MENCNDgxODM1RUUxMUE5NTlFM0YyRUE3N0JGNjc1RUJGREJCNTlGMjg2RDhGRDE1NzcyN0Y0MERDMkJGMERDQjRBMzBEMUYxOEZBMENEQTdCNUMwRTZGRTQ4NzEwRDY1N0I2NjVFQTAyNjFEMjc0ODE1RTQ0NjZBRUI0NTIwN0YzNDdGOENDMjg2NDY%3D&TapSubmitURL=https%3A%2F%2Fwebpp.dchealthlink.com%3A443%2Foam%2Fserver%2Fdap%2Fcred_submit&authn_try_count=0&contextType=external&TAPPartnerId=OAAMTAPPartner&miscCookie=Secure%3Bhttponly&MatchLDAPAttribute=uid&daptoken=string&challenge_url=https%3A%2F%2Fwebpp.dchealthlink.com%3A443%2Foaam_server%2FoamLoginPage.jsp&ssoCookie=Secure%3Bhttponly&request_id=168133536570468817&locale=en_US&resource_url=https%253A%252F%252Fwebpp.dchealthlink.com%252FNavigationLoginApp"  	[MsgId: MMSG-26659]
CreateUserFlow.c(99): Found resource "https://fonts.googleapis.com/css?family=Open+Sans:600,800,400,700,300" in HTML "https://webpp.dchealthlink.com:443/oaam_server/oamLoginPage.jsp?tap_token=v2.0%7EOAAMTAPPartner%7ENEUzQkYzRjVCMDczNDczQTAyQjY1Q35GQTY0QkU3MkQ3OUUyMjQyOThCNUU4MjIwMjdGRjA5NDZGRDgyQUExfjVCNTFCRkI2RURGNUM1QTk2RTlCMEEwMzQxMUVEOUZDfjEyOUJDQ0FBMzEyNDc2NTJGODhFODNCN0FCMDExRTBBMUVERDEzMkM1OEJFRDhFNUY0NUZCNTQwN0ZFNTI0NDc1NjQxQUNFN0ZFRTdCNzA4QUJFRjAwRjYzQzUwQjEyRDlGM0I2QkU2OTEyN0M2QUVEMzg0MENCNDgxODM1RUUxMUE5NTlFM0YyRUE3N0JGNjc1RUJGREJCNTlGMjg2RDhGRDE1NzcyN0Y0MERDMkJGMERDQjRBMzBEMUYxOEZBMENEQTdCNUMwRTZGRTQ4NzEwRDY1N0I2NjVFQTAyNjFEMjc0ODE1RTQ0NjZBRUI0NTIwN0YzNDdGOENDMjg2NDY%3D&TapSubmitURL=https%3A%2F%2Fwebpp.dchealthlink.com%3A443%2Foam%2Fserver%2Fdap%2Fcred_submit&authn_try_count=0&contextType=external&TAPPartnerId=OAAMTAPPartner&miscCookie=Secure%3Bhttponly&MatchLDAPAttribute=uid&daptoken=string&challenge_url=https%3A%2F%2Fwebpp.dchealthlink.com%3A443%2Foaam_server%2FoamLoginPage.jsp&ssoCookie=Secure%3Bhttponly&request_id=168133536570468817&locale=en_US&resource_url=https%253A%252F%252Fwebpp.dchealthlink.com%252FNavigationLoginApp"  	[MsgId: MMSG-26659]
CreateUserFlow.c(99): Found resource "https://webpp.dchealthlink.com:443/oaam_server/dhs/ui/dcas-ui-wrapper-js/jquery-1.11.2.min.js" in HTML "https://webpp.dchealthlink.com:443/oaam_server/oamLoginPage.jsp?tap_token=v2.0%7EOAAMTAPPartner%7ENEUzQkYzRjVCMDczNDczQTAyQjY1Q35GQTY0QkU3MkQ3OUUyMjQyOThCNUU4MjIwMjdGRjA5NDZGRDgyQUExfjVCNTFCRkI2RURGNUM1QTk2RTlCMEEwMzQxMUVEOUZDfjEyOUJDQ0FBMzEyNDc2NTJGODhFODNCN0FCMDExRTBBMUVERDEzMkM1OEJFRDhFNUY0NUZCNTQwN0ZFNTI0NDc1NjQxQUNFN0ZFRTdCNzA4QUJFRjAwRjYzQzUwQjEyRDlGM0I2QkU2OTEyN0M2QUVEMzg0MENCNDgxODM1RUUxMUE5NTlFM0YyRUE3N0JGNjc1RUJGREJCNTlGMjg2RDhGRDE1NzcyN0Y0MERDMkJGMERDQjRBMzBEMUYxOEZBMENEQTdCNUMwRTZGRTQ4NzEwRDY1N0I2NjVFQTAyNjFEMjc0ODE1RTQ0NjZBRUI0NTIwN0YzNDdGOENDMjg2NDY%3D&TapSubmitURL=https%3A%2F%2Fwebpp.dchealthlink.com%3A443%2Foam%2Fserver%2Fdap%2Fcred_submit&authn_try_count=0&contextType=external&TAPPartnerId=OAAMTAPPartner&miscCookie=Secure%3Bhttponly&MatchLDAPAttribute=uid&daptoken=string&challenge_url=https%3A%2F%2Fwebpp.dchealthlink.com%3A443%2Foaam_server%2FoamLoginPage.jsp&ssoCookie=Secure%3Bhttponly&request_id=168133536570468817&locale=en_US&resource_url=https%253A%252F%252Fwebpp.dchealthlink.com%252FNavigationLoginApp"  	[MsgId: MMSG-26659]
CreateUserFlow.c(99): Found resource "https://webpp.dchealthlink.com:443/oaam_server/dhs/ui/dcas-ui-wrapper-img/logo.png" in HTML "https://webpp.dchealthlink.com:443/oaam_server/oamLoginPage.jsp?tap_token=v2.0%7EOAAMTAPPartner%7ENEUzQkYzRjVCMDczNDczQTAyQjY1Q35GQTY0QkU3MkQ3OUUyMjQyOThCNUU4MjIwMjdGRjA5NDZGRDgyQUExfjVCNTFCRkI2RURGNUM1QTk2RTlCMEEwMzQxMUVEOUZDfjEyOUJDQ0FBMzEyNDc2NTJGODhFODNCN0FCMDExRTBBMUVERDEzMkM1OEJFRDhFNUY0NUZCNTQwN0ZFNTI0NDc1NjQxQUNFN0ZFRTdCNzA4QUJFRjAwRjYzQzUwQjEyRDlGM0I2QkU2OTEyN0M2QUVEMzg0MENCNDgxODM1RUUxMUE5NTlFM0YyRUE3N0JGNjc1RUJGREJCNTlGMjg2RDhGRDE1NzcyN0Y0MERDMkJGMERDQjRBMzBEMUYxOEZBMENEQTdCNUMwRTZGRTQ4NzEwRDY1N0I2NjVFQTAyNjFEMjc0ODE1RTQ0NjZBRUI0NTIwN0YzNDdGOENDMjg2NDY%3D&TapSubmitURL=https%3A%2F%2Fwebpp.dchealthlink.com%3A443%2Foam%2Fserver%2Fdap%2Fcred_submit&authn_try_count=0&contextType=external&TAPPartnerId=OAAMTAPPartner&miscCookie=Secure%3Bhttponly&MatchLDAPAttribute=uid&daptoken=string&challenge_url=https%3A%2F%2Fwebpp.dchealthlink.com%3A443%2Foaam_server%2FoamLoginPage.jsp&ssoCookie=Secure%3Bhttponly&request_id=168133536570468817&locale=en_US&resource_url=https%253A%252F%252Fwebpp.dchealthlink.com%252FNavigationLoginApp"  	[MsgId: MMSG-26659]
CreateUserFlow.c(99): Found resource "https://webpp.dchealthlink.com:443/oaam_server/dhs/ui/dcas-ui-wrapper-img/icon/phone-sm-blue.png" in HTML "https://webpp.dchealthlink.com:443/oaam_server/oamLoginPage.jsp?tap_token=v2.0%7EOAAMTAPPartner%7ENEUzQkYzRjVCMDczNDczQTAyQjY1Q35GQTY0QkU3MkQ3OUUyMjQyOThCNUU4MjIwMjdGRjA5NDZGRDgyQUExfjVCNTFCRkI2RURGNUM1QTk2RTlCMEEwMzQxMUVEOUZDfjEyOUJDQ0FBMzEyNDc2NTJGODhFODNCN0FCMDExRTBBMUVERDEzMkM1OEJFRDhFNUY0NUZCNTQwN0ZFNTI0NDc1NjQxQUNFN0ZFRTdCNzA4QUJFRjAwRjYzQzUwQjEyRDlGM0I2QkU2OTEyN0M2QUVEMzg0MENCNDgxODM1RUUxMUE5NTlFM0YyRUE3N0JGNjc1RUJGREJCNTlGMjg2RDhGRDE1NzcyN0Y0MERDMkJGMERDQjRBMzBEMUYxOEZBMENEQTdCNUMwRTZGRTQ4NzEwRDY1N0I2NjVFQTAyNjFEMjc0ODE1RTQ0NjZBRUI0NTIwN0YzNDdGOENDMjg2NDY%3D&TapSubmitURL=https%3A%2F%2Fwebpp.dchealthlink.com%3A443%2Foam%2Fserver%2Fdap%2Fcred_submit&authn_try_count=0&contextType=external&TAPPartnerId=OAAMTAPPartner&miscCookie=Secure%3Bhttponly&MatchLDAPAttribute=uid&daptoken=string&challenge_url=https%3A%2F%2Fwebpp.dchealthlink.com%3A443%2Foaam_server%2FoamLoginPage.jsp&ssoCookie=Secure%3Bhttponly&request_id=168133536570468817&locale=en_US&resource_url=https%253A%252F%252Fwebpp.dchealthlink.com%252FNavigationLoginApp"  	[MsgId: MMSG-26659]
CreateUserFlow.c(99): Found resource "https://webpp.dchealthlink.com:443/oaam_server/js/AC_OETags.js" in HTML "https://webpp.dchealthlink.com:443/oaam_server/oamLoginPage.jsp?tap_token=v2.0%7EOAAMTAPPartner%7ENEUzQkYzRjVCMDczNDczQTAyQjY1Q35GQTY0QkU3MkQ3OUUyMjQyOThCNUU4MjIwMjdGRjA5NDZGRDgyQUExfjVCNTFCRkI2RURGNUM1QTk2RTlCMEEwMzQxMUVEOUZDfjEyOUJDQ0FBMzEyNDc2NTJGODhFODNCN0FCMDExRTBBMUVERDEzMkM1OEJFRDhFNUY0NUZCNTQwN0ZFNTI0NDc1NjQxQUNFN0ZFRTdCNzA4QUJFRjAwRjYzQzUwQjEyRDlGM0I2QkU2OTEyN0M2QUVEMzg0MENCNDgxODM1RUUxMUE5NTlFM0YyRUE3N0JGNjc1RUJGREJCNTlGMjg2RDhGRDE1NzcyN0Y0MERDMkJGMERDQjRBMzBEMUYxOEZBMENEQTdCNUMwRTZGRTQ4NzEwRDY1N0I2NjVFQTAyNjFEMjc0ODE1RTQ0NjZBRUI0NTIwN0YzNDdGOENDMjg2NDY%3D&TapSubmitURL=https%3A%2F%2Fwebpp.dchealthlink.com%3A443%2Foam%2Fserver%2Fdap%2Fcred_submit&authn_try_count=0&contextType=external&TAPPartnerId=OAAMTAPPartner&miscCookie=Secure%3Bhttponly&MatchLDAPAttribute=uid&daptoken=string&challenge_url=https%3A%2F%2Fwebpp.dchealthlink.com%3A443%2Foaam_server%2FoamLoginPage.jsp&ssoCookie=Secure%3Bhttponly&request_id=168133536570468817&locale=en_US&resource_url=https%253A%252F%252Fwebpp.dchealthlink.com%252FNavigationLoginApp"  	[MsgId: MMSG-26659]
CreateUserFlow.c(99): Found resource "https://webpp.dchealthlink.com:443/oaam_server/dhs/ui/dcas-ui-wrapper-js/bootstrap.min.js?nu05sh" in HTML "https://webpp.dchealthlink.com:443/oaam_server/oamLoginPage.jsp?tap_token=v2.0%7EOAAMTAPPartner%7ENEUzQkYzRjVCMDczNDczQTAyQjY1Q35GQTY0QkU3MkQ3OUUyMjQyOThCNUU4MjIwMjdGRjA5NDZGRDgyQUExfjVCNTFCRkI2RURGNUM1QTk2RTlCMEEwMzQxMUVEOUZDfjEyOUJDQ0FBMzEyNDc2NTJGODhFODNCN0FCMDExRTBBMUVERDEzMkM1OEJFRDhFNUY0NUZCNTQwN0ZFNTI0NDc1NjQxQUNFN0ZFRTdCNzA4QUJFRjAwRjYzQzUwQjEyRDlGM0I2QkU2OTEyN0M2QUVEMzg0MENCNDgxODM1RUUxMUE5NTlFM0YyRUE3N0JGNjc1RUJGREJCNTlGMjg2RDhGRDE1NzcyN0Y0MERDMkJGMERDQjRBMzBEMUYxOEZBMENEQTdCNUMwRTZGRTQ4NzEwRDY1N0I2NjVFQTAyNjFEMjc0ODE1RTQ0NjZBRUI0NTIwN0YzNDdGOENDMjg2NDY%3D&TapSubmitURL=https%3A%2F%2Fwebpp.dchealthlink.com%3A443%2Foam%2Fserver%2Fdap%2Fcred_submit&authn_try_count=0&contextType=external&TAPPartnerId=OAAMTAPPartner&miscCookie=Secure%3Bhttponly&MatchLDAPAttribute=uid&daptoken=string&challenge_url=https%3A%2F%2Fwebpp.dchealthlink.com%3A443%2Foaam_server%2FoamLoginPage.jsp&ssoCookie=Secure%3Bhttponly&request_id=168133536570468817&locale=en_US&resource_url=https%253A%252F%252Fwebpp.dchealthlink.com%252FNavigationLoginApp"  	[MsgId: MMSG-26659]
CreateUserFlow.c(99): Found resource "https://webpp.dchealthlink.com:443/oaam_server/dhs/ui/dcas-ui-wrapper-js/shared.js?nu05sh" in HTML "https://webpp.dchealthlink.com:443/oaam_server/oamLoginPage.jsp?tap_token=v2.0%7EOAAMTAPPartner%7ENEUzQkYzRjVCMDczNDczQTAyQjY1Q35GQTY0QkU3MkQ3OUUyMjQyOThCNUU4MjIwMjdGRjA5NDZGRDgyQUExfjVCNTFCRkI2RURGNUM1QTk2RTlCMEEwMzQxMUVEOUZDfjEyOUJDQ0FBMzEyNDc2NTJGODhFODNCN0FCMDExRTBBMUVERDEzMkM1OEJFRDhFNUY0NUZCNTQwN0ZFNTI0NDc1NjQxQUNFN0ZFRTdCNzA4QUJFRjAwRjYzQzUwQjEyRDlGM0I2QkU2OTEyN0M2QUVEMzg0MENCNDgxODM1RUUxMUE5NTlFM0YyRUE3N0JGNjc1RUJGREJCNTlGMjg2RDhGRDE1NzcyN0Y0MERDMkJGMERDQjRBMzBEMUYxOEZBMENEQTdCNUMwRTZGRTQ4NzEwRDY1N0I2NjVFQTAyNjFEMjc0ODE1RTQ0NjZBRUI0NTIwN0YzNDdGOENDMjg2NDY%3D&TapSubmitURL=https%3A%2F%2Fwebpp.dchealthlink.com%3A443%2Foam%2Fserver%2Fdap%2Fcred_submit&authn_try_count=0&contextType=external&TAPPartnerId=OAAMTAPPartner&miscCookie=Secure%3Bhttponly&MatchLDAPAttribute=uid&daptoken=string&challenge_url=https%3A%2F%2Fwebpp.dchealthlink.com%3A443%2Foaam_server%2FoamLoginPage.jsp&ssoCookie=Secure%3Bhttponly&request_id=168133536570468817&locale=en_US&resource_url=https%253A%252F%252Fwebpp.dchealthlink.com%252FNavigationLoginApp"  	[MsgId: MMSG-26659]
CreateUserFlow.c(99): Found resource "https://webpp.dchealthlink.com:443/oaam_server/dhs/ui/dcas-ui-wrapper-js/jquery.once.js?nu05sh" in HTML "https://webpp.dchealthlink.com:443/oaam_server/oamLoginPage.jsp?tap_token=v2.0%7EOAAMTAPPartner%7ENEUzQkYzRjVCMDczNDczQTAyQjY1Q35GQTY0QkU3MkQ3OUUyMjQyOThCNUU4MjIwMjdGRjA5NDZGRDgyQUExfjVCNTFCRkI2RURGNUM1QTk2RTlCMEEwMzQxMUVEOUZDfjEyOUJDQ0FBMzEyNDc2NTJGODhFODNCN0FCMDExRTBBMUVERDEzMkM1OEJFRDhFNUY0NUZCNTQwN0ZFNTI0NDc1NjQxQUNFN0ZFRTdCNzA4QUJFRjAwRjYzQzUwQjEyRDlGM0I2QkU2OTEyN0M2QUVEMzg0MENCNDgxODM1RUUxMUE5NTlFM0YyRUE3N0JGNjc1RUJGREJCNTlGMjg2RDhGRDE1NzcyN0Y0MERDMkJGMERDQjRBMzBEMUYxOEZBMENEQTdCNUMwRTZGRTQ4NzEwRDY1N0I2NjVFQTAyNjFEMjc0ODE1RTQ0NjZBRUI0NTIwN0YzNDdGOENDMjg2NDY%3D&TapSubmitURL=https%3A%2F%2Fwebpp.dchealthlink.com%3A443%2Foam%2Fserver%2Fdap%2Fcred_submit&authn_try_count=0&contextType=external&TAPPartnerId=OAAMTAPPartner&miscCookie=Secure%3Bhttponly&MatchLDAPAttribute=uid&daptoken=string&challenge_url=https%3A%2F%2Fwebpp.dchealthlink.com%3A443%2Foaam_server%2FoamLoginPage.jsp&ssoCookie=Secure%3Bhttponly&request_id=168133536570468817&locale=en_US&resource_url=https%253A%252F%252Fwebpp.dchealthlink.com%252FNavigationLoginApp"  	[MsgId: MMSG-26659]
CreateUserFlow.c(99): Found resource "https://webpp.dchealthlink.com:443/oaam_server/dhs/ui/dcas-ui-wrapper-js/drupal.js?nu05sh" in HTML "https://webpp.dchealthlink.com:443/oaam_server/oamLoginPage.jsp?tap_token=v2.0%7EOAAMTAPPartner%7ENEUzQkYzRjVCMDczNDczQTAyQjY1Q35GQTY0QkU3MkQ3OUUyMjQyOThCNUU4MjIwMjdGRjA5NDZGRDgyQUExfjVCNTFCRkI2RURGNUM1QTk2RTlCMEEwMzQxMUVEOUZDfjEyOUJDQ0FBMzEyNDc2NTJGODhFODNCN0FCMDExRTBBMUVERDEzMkM1OEJFRDhFNUY0NUZCNTQwN0ZFNTI0NDc1NjQxQUNFN0ZFRTdCNzA4QUJFRjAwRjYzQzUwQjEyRDlGM0I2QkU2OTEyN0M2QUVEMzg0MENCNDgxODM1RUUxMUE5NTlFM0YyRUE3N0JGNjc1RUJGREJCNTlGMjg2RDhGRDE1NzcyN0Y0MERDMkJGMERDQjRBMzBEMUYxOEZBMENEQTdCNUMwRTZGRTQ4NzEwRDY1N0I2NjVFQTAyNjFEMjc0ODE1RTQ0NjZBRUI0NTIwN0YzNDdGOENDMjg2NDY%3D&TapSubmitURL=https%3A%2F%2Fwebpp.dchealthlink.com%3A443%2Foam%2Fserver%2Fdap%2Fcred_submit&authn_try_count=0&contextType=external&TAPPartnerId=OAAMTAPPartner&miscCookie=Secure%3Bhttponly&MatchLDAPAttribute=uid&daptoken=string&challenge_url=https%3A%2F%2Fwebpp.dchealthlink.com%3A443%2Foaam_server%2FoamLoginPage.jsp&ssoCookie=Secure%3Bhttponly&request_id=168133536570468817&locale=en_US&resource_url=https%253A%252F%252Fwebpp.dchealthlink.com%252FNavigationLoginApp"  	[MsgId: MMSG-26659]
CreateUserFlow.c(99): Found resource "https://webpp.dchealthlink.com:443/oaam_server/dhs/ui/dcas-ui-wrapper-js/form.js?nu05sh" in HTML "https://webpp.dchealthlink.com:443/oaam_server/oamLoginPage.jsp?tap_token=v2.0%7EOAAMTAPPartner%7ENEUzQkYzRjVCMDczNDczQTAyQjY1Q35GQTY0QkU3MkQ3OUUyMjQyOThCNUU4MjIwMjdGRjA5NDZGRDgyQUExfjVCNTFCRkI2RURGNUM1QTk2RTlCMEEwMzQxMUVEOUZDfjEyOUJDQ0FBMzEyNDc2NTJGODhFODNCN0FCMDExRTBBMUVERDEzMkM1OEJFRDhFNUY0NUZCNTQwN0ZFNTI0NDc1NjQxQUNFN0ZFRTdCNzA4QUJFRjAwRjYzQzUwQjEyRDlGM0I2QkU2OTEyN0M2QUVEMzg0MENCNDgxODM1RUUxMUE5NTlFM0YyRUE3N0JGNjc1RUJGREJCNTlGMjg2RDhGRDE1NzcyN0Y0MERDMkJGMERDQjRBMzBEMUYxOEZBMENEQTdCNUMwRTZGRTQ4NzEwRDY1N0I2NjVFQTAyNjFEMjc0ODE1RTQ0NjZBRUI0NTIwN0YzNDdGOENDMjg2NDY%3D&TapSubmitURL=https%3A%2F%2Fwebpp.dchealthlink.com%3A443%2Foam%2Fserver%2Fdap%2Fcred_submit&authn_try_count=0&contextType=external&TAPPartnerId=OAAMTAPPartner&miscCookie=Secure%3Bhttponly&MatchLDAPAttribute=uid&daptoken=string&challenge_url=https%3A%2F%2Fwebpp.dchealthlink.com%3A443%2Foaam_server%2FoamLoginPage.jsp&ssoCookie=Secure%3Bhttponly&request_id=168133536570468817&locale=en_US&resource_url=https%253A%252F%252Fwebpp.dchealthlink.com%252FNavigationLoginApp"  	[MsgId: MMSG-26659]
CreateUserFlow.c(99): Found resource "https://webpp.dchealthlink.com:443/oaam_server/dhs/ui/dcas-ui-wrapper-js/jquery.bxslider.min.js?nu05sh" in HTML "https://webpp.dchealthlink.com:443/oaam_server/oamLoginPage.jsp?tap_token=v2.0%7EOAAMTAPPartner%7ENEUzQkYzRjVCMDczNDczQTAyQjY1Q35GQTY0QkU3MkQ3OUUyMjQyOThCNUU4MjIwMjdGRjA5NDZGRDgyQUExfjVCNTFCRkI2RURGNUM1QTk2RTlCMEEwMzQxMUVEOUZDfjEyOUJDQ0FBMzEyNDc2NTJGODhFODNCN0FCMDExRTBBMUVERDEzMkM1OEJFRDhFNUY0NUZCNTQwN0ZFNTI0NDc1NjQxQUNFN0ZFRTdCNzA4QUJFRjAwRjYzQzUwQjEyRDlGM0I2QkU2OTEyN0M2QUVEMzg0MENCNDgxODM1RUUxMUE5NTlFM0YyRUE3N0JGNjc1RUJGREJCNTlGMjg2RDhGRDE1NzcyN0Y0MERDMkJGMERDQjRBMzBEMUYxOEZBMENEQTdCNUMwRTZGRTQ4NzEwRDY1N0I2NjVFQTAyNjFEMjc0ODE1RTQ0NjZBRUI0NTIwN0YzNDdGOENDMjg2NDY%3D&TapSubmitURL=https%3A%2F%2Fwebpp.dchealthlink.com%3A443%2Foam%2Fserver%2Fdap%2Fcred_submit&authn_try_count=0&contextType=external&TAPPartnerId=OAAMTAPPartner&miscCookie=Secure%3Bhttponly&MatchLDAPAttribute=uid&daptoken=string&challenge_url=https%3A%2F%2Fwebpp.dchealthlink.com%3A443%2Foaam_server%2FoamLoginPage.jsp&ssoCookie=Secure%3Bhttponly&request_id=168133536570468817&locale=en_US&resource_url=https%253A%252F%252Fwebpp.dchealthlink.com%252FNavigationLoginApp"  	[MsgId: MMSG-26659]
CreateUserFlow.c(99): Found resource "https://webpp.dchealthlink.com:443/oaam_server/dhs/ui/dcas-ui-wrapper-js/not-homepage.js?nu05sh" in HTML "https://webpp.dchealthlink.com:443/oaam_server/oamLoginPage.jsp?tap_token=v2.0%7EOAAMTAPPartner%7ENEUzQkYzRjVCMDczNDczQTAyQjY1Q35GQTY0QkU3MkQ3OUUyMjQyOThCNUU4MjIwMjdGRjA5NDZGRDgyQUExfjVCNTFCRkI2RURGNUM1QTk2RTlCMEEwMzQxMUVEOUZDfjEyOUJDQ0FBMzEyNDc2NTJGODhFODNCN0FCMDExRTBBMUVERDEzMkM1OEJFRDhFNUY0NUZCNTQwN0ZFNTI0NDc1NjQxQUNFN0ZFRTdCNzA4QUJFRjAwRjYzQzUwQjEyRDlGM0I2QkU2OTEyN0M2QUVEMzg0MENCNDgxODM1RUUxMUE5NTlFM0YyRUE3N0JGNjc1RUJGREJCNTlGMjg2RDhGRDE1NzcyN0Y0MERDMkJGMERDQjRBMzBEMUYxOEZBMENEQTdCNUMwRTZGRTQ4NzEwRDY1N0I2NjVFQTAyNjFEMjc0ODE1RTQ0NjZBRUI0NTIwN0YzNDdGOENDMjg2NDY%3D&TapSubmitURL=https%3A%2F%2Fwebpp.dchealthlink.com%3A443%2Foam%2Fserver%2Fdap%2Fcred_submit&authn_try_count=0&contextType=external&TAPPartnerId=OAAMTAPPartner&miscCookie=Secure%3Bhttponly&MatchLDAPAttribute=uid&daptoken=string&challenge_url=https%3A%2F%2Fwebpp.dchealthlink.com%3A443%2Foaam_server%2FoamLoginPage.jsp&ssoCookie=Secure%3Bhttponly&request_id=168133536570468817&locale=en_US&resource_url=https%253A%252F%252Fwebpp.dchealthlink.com%252FNavigationLoginApp"  	[MsgId: MMSG-26659]
CreateUserFlow.c(99): Found resource "https://webpp.dchealthlink.com:443/oaam_server/dhs/ui/dcas-ui-wrapper-js/jquery.numberMask.js?nu05sh" in HTML "https://webpp.dchealthlink.com:443/oaam_server/oamLoginPage.jsp?tap_token=v2.0%7EOAAMTAPPartner%7ENEUzQkYzRjVCMDczNDczQTAyQjY1Q35GQTY0QkU3MkQ3OUUyMjQyOThCNUU4MjIwMjdGRjA5NDZGRDgyQUExfjVCNTFCRkI2RURGNUM1QTk2RTlCMEEwMzQxMUVEOUZDfjEyOUJDQ0FBMzEyNDc2NTJGODhFODNCN0FCMDExRTBBMUVERDEzMkM1OEJFRDhFNUY0NUZCNTQwN0ZFNTI0NDc1NjQxQUNFN0ZFRTdCNzA4QUJFRjAwRjYzQzUwQjEyRDlGM0I2QkU2OTEyN0M2QUVEMzg0MENCNDgxODM1RUUxMUE5NTlFM0YyRUE3N0JGNjc1RUJGREJCNTlGMjg2RDhGRDE1NzcyN0Y0MERDMkJGMERDQjRBMzBEMUYxOEZBMENEQTdCNUMwRTZGRTQ4NzEwRDY1N0I2NjVFQTAyNjFEMjc0ODE1RTQ0NjZBRUI0NTIwN0YzNDdGOENDMjg2NDY%3D&TapSubmitURL=https%3A%2F%2Fwebpp.dchealthlink.com%3A443%2Foam%2Fserver%2Fdap%2Fcred_submit&authn_try_count=0&contextType=external&TAPPartnerId=OAAMTAPPartner&miscCookie=Secure%3Bhttponly&MatchLDAPAttribute=uid&daptoken=string&challenge_url=https%3A%2F%2Fwebpp.dchealthlink.com%3A443%2Foaam_server%2FoamLoginPage.jsp&ssoCookie=Secure%3Bhttponly&request_id=168133536570468817&locale=en_US&resource_url=https%253A%252F%252Fwebpp.dchealthlink.com%252FNavigationLoginApp"  	[MsgId: MMSG-26659]
CreateUserFlow.c(99): Found resource "https://webpp.dchealthlink.com:443/oaam_server/dhs/ui/dcas-ui-wrapper-js/extlink.js?nu05sh" in HTML "https://webpp.dchealthlink.com:443/oaam_server/oamLoginPage.jsp?tap_token=v2.0%7EOAAMTAPPartner%7ENEUzQkYzRjVCMDczNDczQTAyQjY1Q35GQTY0QkU3MkQ3OUUyMjQyOThCNUU4MjIwMjdGRjA5NDZGRDgyQUExfjVCNTFCRkI2RURGNUM1QTk2RTlCMEEwMzQxMUVEOUZDfjEyOUJDQ0FBMzEyNDc2NTJGODhFODNCN0FCMDExRTBBMUVERDEzMkM1OEJFRDhFNUY0NUZCNTQwN0ZFNTI0NDc1NjQxQUNFN0ZFRTdCNzA4QUJFRjAwRjYzQzUwQjEyRDlGM0I2QkU2OTEyN0M2QUVEMzg0MENCNDgxODM1RUUxMUE5NTlFM0YyRUE3N0JGNjc1RUJGREJCNTlGMjg2RDhGRDE1NzcyN0Y0MERDMkJGMERDQjRBMzBEMUYxOEZBMENEQTdCNUMwRTZGRTQ4NzEwRDY1N0I2NjVFQTAyNjFEMjc0ODE1RTQ0NjZBRUI0NTIwN0YzNDdGOENDMjg2NDY%3D&TapSubmitURL=https%3A%2F%2Fwebpp.dchealthlink.com%3A443%2Foam%2Fserver%2Fdap%2Fcred_submit&authn_try_count=0&contextType=external&TAPPartnerId=OAAMTAPPartner&miscCookie=Secure%3Bhttponly&MatchLDAPAttribute=uid&daptoken=string&challenge_url=https%3A%2F%2Fwebpp.dchealthlink.com%3A443%2Foaam_server%2FoamLoginPage.jsp&ssoCookie=Secure%3Bhttponly&request_id=168133536570468817&locale=en_US&resource_url=https%253A%252F%252Fwebpp.dchealthlink.com%252FNavigationLoginApp"  	[MsgId: MMSG-26659]
CreateUserFlow.c(99): Found resource "https://webpp.dchealthlink.com:443/oaam_server/dhs/ui/dcas-ui-wrapper-js/googleanalytics.js?nu05sh" in HTML "https://webpp.dchealthlink.com:443/oaam_server/oamLoginPage.jsp?tap_token=v2.0%7EOAAMTAPPartner%7ENEUzQkYzRjVCMDczNDczQTAyQjY1Q35GQTY0QkU3MkQ3OUUyMjQyOThCNUU4MjIwMjdGRjA5NDZGRDgyQUExfjVCNTFCRkI2RURGNUM1QTk2RTlCMEEwMzQxMUVEOUZDfjEyOUJDQ0FBMzEyNDc2NTJGODhFODNCN0FCMDExRTBBMUVERDEzMkM1OEJFRDhFNUY0NUZCNTQwN0ZFNTI0NDc1NjQxQUNFN0ZFRTdCNzA4QUJFRjAwRjYzQzUwQjEyRDlGM0I2QkU2OTEyN0M2QUVEMzg0MENCNDgxODM1RUUxMUE5NTlFM0YyRUE3N0JGNjc1RUJGREJCNTlGMjg2RDhGRDE1NzcyN0Y0MERDMkJGMERDQjRBMzBEMUYxOEZBMENEQTdCNUMwRTZGRTQ4NzEwRDY1N0I2NjVFQTAyNjFEMjc0ODE1RTQ0NjZBRUI0NTIwN0YzNDdGOENDMjg2NDY%3D&TapSubmitURL=https%3A%2F%2Fwebpp.dchealthlink.com%3A443%2Foam%2Fserver%2Fdap%2Fcred_submit&authn_try_count=0&contextType=external&TAPPartnerId=OAAMTAPPartner&miscCookie=Secure%3Bhttponly&MatchLDAPAttribute=uid&daptoken=string&challenge_url=https%3A%2F%2Fwebpp.dchealthlink.com%3A443%2Foaam_server%2FoamLoginPage.jsp&ssoCookie=Secure%3Bhttponly&request_id=168133536570468817&locale=en_US&resource_url=https%253A%252F%252Fwebpp.dchealthlink.com%252FNavigationLoginApp"  	[MsgId: MMSG-26659]
CreateUserFlow.c(99): web_submit_data("consumer_role") was successful, 258580 body bytes, 14503 header bytes, 275 chunking overhead bytes  	[MsgId: MMSG-26385]
CreateUserFlow.c(141): Notify: Transaction "0006_Continue" ended with a "Pass" status (Duration: 0.8507 Wasted Time: 0.0418).
CreateUserFlow.c(143): web_add_cookie started  	[MsgId: MMSG-26355]
CreateUserFlow.c(143): Notify: Parameter Substitution: parameter "p_Webapp_URL" =  "webpp.dchealthlink.com"
CreateUserFlow.c(143): web_add_cookie was successful  	[MsgId: MMSG-26392]
CreateUserFlow.c(150): web_reg_find started  	[MsgId: MMSG-26355]
CreateUserFlow.c(150): Registering web_reg_find was successful  	[MsgId: MMSG-26390]
CreateUserFlow.c(151): web_reg_find started  	[MsgId: MMSG-26355]
CreateUserFlow.c(151): Registering web_reg_find was successful  	[MsgId: MMSG-26390]
CreateUserFlow.c(153): Notify: Transaction "0007_Login_Curam" started.
globals.h(18): web_save_timestamp_param("web_save_timestamp_param") started  	[MsgId: MMSG-26355]
globals.h(18): Notify: Saving Parameter "TimeStamp = 1444313158479".
globals.h(18): web_save_timestamp_param("web_save_timestamp_param") was successful  	[MsgId: MMSG-26392]
globals.h(19): Notify: Parameter Substitution: parameter "TimeStamp" =  "1444313158479"
globals.h(32): web_add_header("X-dynaTrace") started  	[MsgId: MMSG-26355]
globals.h(32): Notify: Parameter Substitution: parameter "dp_UserID" =  "IA_mypbpdcd_6148"
globals.h(32): web_add_header("X-dynaTrace") was successful  	[MsgId: MMSG-26392]
CreateUserFlow.c(157): web_submit_data("loginAuth.do") started  	[MsgId: MMSG-26355]
CreateUserFlow.c(157): Notify: Parameter Substitution: parameter "p_Webapp_URL" =  "webpp.dchealthlink.com"
CreateUserFlow.c(157): Notify: Parameter Substitution: parameter "p_Webapp_URL" =  "webpp.dchealthlink.com"
CreateUserFlow.c(157): Notify: Parameter Substitution: parameter "tap_token" =  "v2.0%7EOAAMTAPPartner%7ENEUzQkYzRjVCMDczNDczQTAyQjY1Q35GQTY0QkU3MkQ3OUUyMjQyOThCNUU4MjIwMjdGRjA5NDZGRDgyQUExfjVCNTFCRkI2RURGNUM1QTk2RTlCMEEwMzQxMUVEOUZDfjEyOUJDQ0FBMzEyNDc2NTJGODhFODNCN0FCMDExRTBBMUVERDEzMkM1OEJFRDhFNUY0NUZCNTQwN0ZFNTI0NDc1NjQxQUNFN0ZFRTdCNzA4QUJFRjAwRjYzQzUwQjEyRDlGM0I2QkU2OTEyN0M2QUVEMzg0MENCNDgxODM1RUUxMUE5NTlFM0YyRUE3N0JGNjc1RUJGREJCNTlGMjg2RDhGRDE1NzcyN0Y0MERDMkJGMERDQjRBMzBEMUYxOEZBMENEQTdCNUMwRTZGRTQ4NzEwRDY1N0I2NjVFQTAyNjFEMjc0ODE1RTQ0NjZBRUI0NTIwN0YzNDdGOENDMjg2NDY%3D&"
CreateUserFlow.c(157): Notify: Parameter Substitution: parameter "p_Webapp_URL" =  "webpp.dchealthlink.com"
CreateUserFlow.c(157): Notify: Parameter Substitution: parameter "p_Webapp_URL" =  "webpp.dchealthlink.com"
CreateUserFlow.c(157): Notify: Parameter Substitution: parameter "p_Webapp_URL" =  "webpp.dchealthlink.com"
CreateUserFlow.c(157): Notify: Parameter Substitution: parameter "dp_UserID" =  "IA_mypbpdcd_6148"
CreateUserFlow.c(157): Notify: Parameter Substitution: parameter "emailDomain" =  "test.com"
CreateUserFlow.c(157): Detected non-resource "https://webpp.dchealthlink.com/oaam_server/authJump.do?jump=false" in "https://webpp.dchealthlink.com/oaam_server/loginAuth.do"  	[MsgId: MMSG-26574]
CreateUserFlow.c(157): Resource "https://webpp.dchealthlink.com/oaam_server/css/oaam_uio.css" is in the cache already and will not be downloaded again  	[MsgId: MMSG-26655]
CreateUserFlow.c(157): Resource "https://webpp.dchealthlink.com/oaam_server/js/oaam_uio.js" is in the cache already and will not be downloaded again  	[MsgId: MMSG-26655]
CreateUserFlow.c(157): Resource "https://webpp.dchealthlink.com/oaam_server/js/AC_OETags.js" is in the cache already and will not be downloaded again  	[MsgId: MMSG-26655]
CreateUserFlow.c(157): Resource "https://fonts.googleapis.com/css?family=Open+Sans:600,800,400,700,300" is in the cache already and will not be downloaded again  	[MsgId: MMSG-26655]
CreateUserFlow.c(157): Resource "https://webpp.dchealthlink.com/oaam_server/dhs/ui/dcas-ui-wrapper-js/jquery-1.11.2.min.js" is in the cache already and will not be downloaded again  	[MsgId: MMSG-26655]
CreateUserFlow.c(157): Resource "https://webpp.dchealthlink.com/oaam_server/dhs/ui/dcas-ui-wrapper-img/logo.png" is in the cache already and will not be downloaded again  	[MsgId: MMSG-26655]
CreateUserFlow.c(157): Resource "https://webpp.dchealthlink.com/oaam_server/dhs/ui/dcas-ui-wrapper-img/icon/phone-sm-blue.png" is in the cache already and will not be downloaded again  	[MsgId: MMSG-26655]
CreateUserFlow.c(157): Found resource "https://webpp.dchealthlink.com/oaam_server/dhs/ui/dcas-ui-wrapper-img/loader-1.gif" in HTML "https://webpp.dchealthlink.com/oaam_server/loginAuth.do"  	[MsgId: MMSG-26659]
CreateUserFlow.c(157): Resource "https://webpp.dchealthlink.com/oaam_server/dhs/ui/dcas-ui-wrapper-js/bootstrap.min.js?nu05sh" is in the cache already and will not be downloaded again  	[MsgId: MMSG-26655]
CreateUserFlow.c(157): Resource "https://webpp.dchealthlink.com/oaam_server/dhs/ui/dcas-ui-wrapper-js/shared.js?nu05sh" is in the cache already and will not be downloaded again  	[MsgId: MMSG-26655]
CreateUserFlow.c(157): Resource "https://webpp.dchealthlink.com/oaam_server/dhs/ui/dcas-ui-wrapper-js/jquery.once.js?nu05sh" is in the cache already and will not be downloaded again  	[MsgId: MMSG-26655]
CreateUserFlow.c(157): Resource "https://webpp.dchealthlink.com/oaam_server/dhs/ui/dcas-ui-wrapper-js/drupal.js?nu05sh" is in the cache already and will not be downloaded again  	[MsgId: MMSG-26655]
CreateUserFlow.c(157): Resource "https://webpp.dchealthlink.com/oaam_server/dhs/ui/dcas-ui-wrapper-js/form.js?nu05sh" is in the cache already and will not be downloaded again  	[MsgId: MMSG-26655]
CreateUserFlow.c(157): Resource "https://webpp.dchealthlink.com/oaam_server/dhs/ui/dcas-ui-wrapper-js/jquery.bxslider.min.js?nu05sh" is in the cache already and will not be downloaded again  	[MsgId: MMSG-26655]
CreateUserFlow.c(157): Resource "https://webpp.dchealthlink.com/oaam_server/dhs/ui/dcas-ui-wrapper-js/not-homepage.js?nu05sh" is in the cache already and will not be downloaded again  	[MsgId: MMSG-26655]
CreateUserFlow.c(157): Resource "https://webpp.dchealthlink.com/oaam_server/dhs/ui/dcas-ui-wrapper-js/jquery.numberMask.js?nu05sh" is in the cache already and will not be downloaded again  	[MsgId: MMSG-26655]
CreateUserFlow.c(157): Resource "https://webpp.dchealthlink.com/oaam_server/dhs/ui/dcas-ui-wrapper-js/extlink.js?nu05sh" is in the cache already and will not be downloaded again  	[MsgId: MMSG-26655]
CreateUserFlow.c(157): Resource "https://webpp.dchealthlink.com/oaam_server/dhs/ui/dcas-ui-wrapper-js/googleanalytics.js?nu05sh" is in the cache already and will not be downloaded again  	[MsgId: MMSG-26655]
CreateUserFlow.c(157): Redirecting "https://webpp.dchealthlink.com/oaam_server/authJump.do?jump=false" (redirection depth is 0)  	[MsgId: MMSG-26694]
CreateUserFlow.c(157): To location "https://webpp.dchealthlink.com/oaam_server/updateLoginStatus.do"  	[MsgId: MMSG-26693]
CreateUserFlow.c(157): Redirecting "https://webpp.dchealthlink.com/oaam_server/updateLoginStatus.do" (redirection depth is 1)  	[MsgId: MMSG-26694]
CreateUserFlow.c(157): To location "https://webpp.dchealthlink.com/oaam_server/error.do?action=invalid_user"  	[MsgId: MMSG-26693]
CreateUserFlow.c(157): Redirecting "https://webpp.dchealthlink.com/oaam_server/error.do?action=invalid_user" (redirection depth is 2)  	[MsgId: MMSG-26694]
CreateUserFlow.c(157): To location "https://webpp.dchealthlink.com/oaam_server/loginPage.jsp"  	[MsgId: MMSG-26693]
CreateUserFlow.c(157): Found resource "https://webpp.dchealthlink.com/oaam_server/images/red_square.gif" in HTML "https://webpp.dchealthlink.com/oaam_server/loginPage.jsp"  	[MsgId: MMSG-26659]
CreateUserFlow.c(157): Registered web_reg_find successful for "Text=The username or password you entered is incorrect." (count=2)  	[MsgId: MMSG-26364]
CreateUserFlow.c(157): Notify: Saving Parameter "OIMLOGIN = 2".
CreateUserFlow.c(157): Registered web_reg_find successful for "Text=Please select three questions from the drop downs below"  	[MsgId: MMSG-26362]
CreateUserFlow.c(157): Notify: Saving Parameter "LOGIN_Success = 0".
CreateUserFlow.c(157): web_submit_data("loginAuth.do") was successful, 53704 body bytes, 4717 header bytes, 170 chunking overhead bytes  	[MsgId: MMSG-26385]
CreateUserFlow.c(172): Notify: Parameter Substitution: parameter "LOGIN_Success" =  "0"
CreateUserFlow.c(176): Notify: Parameter Substitution: parameter "OIMLOGIN" =  "2"
CreateUserFlow.c(178): Notify: Transaction "0007_Login_Curam" ended with a "Fail" status (Duration: 29.7617 Wasted Time: 0.0286).
CreateUserFlow.c(178): Notify: Transaction "0007_Login_Curam" has 0 error message(s).
CreateUserFlow.c(179): Notify: Parameter Substitution: parameter "dp_UserID" =  "IA_mypbpdcd_6148"
CreateUserFlow.c(179): Error: 1st Login Msg - Incorrect Login IA_mypbpdcd_6148
Ending action ScriptFlow.
Ending iteration 1.
Ending Vuser...
Starting action vuser_end.
Ending action vuser_end.
Vuser Terminated.
Vuser 0 (thread 11844), ended OK."
