Virtual User Script started at : 9/30/2015 2:28:22 PM	[MsgId: MMSG-15967]
Starting action vuser_init.	[MsgId: MMSG-15919]
Web Turbo Replay of LoadRunner 12.0.0 for Windows 7; build 2739 (Nov 30 2014 23:13:05)  	[MsgId: MMSG-27143]
Run mode: HTML  	[MsgId: MMSG-26993]
Run-Time Settings file: "C:\Users\francis.montenegro\AppData\Local\Temp\1\lr5tmpdird5R.360\lrcfggII.361\cfgsOb.368"  	[MsgId: MMSG-27141]
vuser_init.c(17): Notify: Parameter Substitution: parameter "MillisSeed" =  "142822.173"	[MsgId: MMSG-13992]
vuser_init.c(19): Notify: Parameter Substitution: parameter "VUserID" =  "4"	[MsgId: MMSG-13992]
vuser_init.c(24): Notify: Saving Parameter "EmpFileName = C:\Enroll_App\Data_Folder\EmpFName_0.dat".	[MsgId: MMSG-13798]
CreateFiles.c(5): Notify: Parameter Substitution: parameter "EmpFileName" =  "C:\Enroll_App\Data_Folder\EmpFName_0.dat"	[MsgId: MMSG-13992]
Ending action vuser_init.	[MsgId: MMSG-15918]
Running Vuser...	[MsgId: MMSG-15964]
Starting iteration 1.	[MsgId: MMSG-15968]
Maximum number of concurrent connections per server: 6  	[MsgId: MMSG-26989]
Starting action ScriptFlow.	[MsgId: MMSG-15919]
ScriptFlow.c(21): Think time - Waiting 2.00 seconds (according to limit).	[MsgId: MMSG-15946]
ScriptFlow.c(21): lr_think_time: 2.00 seconds (recorded think time was 10.00 seconds).	[MsgId: MMSG-15947]
EnrollAppLandingPage.c(5): web_reg_find started  	[MsgId: MMSG-26355]
EnrollAppLandingPage.c(5): Registering web_reg_find was successful  	[MsgId: MMSG-26390]
EnrollAppLandingPage.c(8): web_link("Skip to STEP 2, I already understand my options") started  	[MsgId: MMSG-26355]
EnrollAppLandingPage.c(8): Notify: Parameter Substitution: parameter "EnrollAppLandingPage" =  "enroll-preprod.dchbx.org"	[MsgId: MMSG-13992]
EnrollAppLandingPage.c(8): Notify: Parameter Substitution: parameter "EnrollAppLandingPage" =  "enroll-preprod.dchbx.org"	[MsgId: MMSG-13992]
EnrollAppLandingPage.c(8): Notify: Parameter Substitution: parameter "EnrollAppLandingPage" =  "enroll-preprod.dchbx.org"	[MsgId: MMSG-13992]
EnrollAppLandingPage.c(8): Error -27985: There is no context for HTML-based functions. A previous function may not have used "Mode=HTML" or downloaded only non-HTML page(s), or the context has been reset (e.g., due to a GUI-based function)  	[MsgId: MERR-27985]
EnrollAppLandingPage.c(8): Warning -26379: Pending web_reg_save_param/reg_find/create_html_param[_ex] request(s) are deleted and will be handled as "not found"  	[MsgId: MWAR-26379]
EnrollAppLandingPage.c(8): Error -26366: "Text=Create account" not found for web_reg_find  	[MsgId: MERR-26366]
EnrollAppLandingPage.c(8): Error -26374: The above "not found" error(s) may be explained by header and body byte counts being 0 and 0, respectively.  	[MsgId: MERR-26374]
EnrollAppLandingPage.c(8): web_link("Skip to STEP 2, I already understand my options") highest severity level was "ERROR", 0 body bytes, 0 header bytes  	[MsgId: MMSG-26388]
Ending action ScriptFlow.	[MsgId: MMSG-15918]
Ending iteration 1.	[MsgId: MMSG-15965]
Starting iteration 2.	[MsgId: MMSG-15968]
Notify: Next row for parameter pEmpPrefix = 15 [table  = pEmpPrefix].	[MsgId: MMSG-13876]
Notify: Getting new value for parameter 'pEmpPrefix': table = 'pEmpPrefix.dat' column = '0' row = '15'.	[MsgId: MMSG-13877]
Notify: Next row for parameter EmpFName = 45 [table  = EmpFName].	[MsgId: MMSG-13876]
Notify: Getting new value for parameter 'EmpFName': table = 'EmployeeRoster' column = '0' row = '45'.	[MsgId: MMSG-13877]
Notify: Next row for parameter pEmlyePrefix = 15 [table  = pEmlyePrefix].	[MsgId: MMSG-13876]
Notify: Getting new value for parameter 'pEmlyePrefix': table = 'pEmpPrefix.dat' column = '1' row = '15'.	[MsgId: MMSG-13877]
Notify: Next row for parameter Carrier_ID = 1 [table  = Carrier_ID].	[MsgId: MMSG-13876]
Notify: Getting new value for parameter 'Carrier_ID': table = 'ReferencePlan.dat' column = '4' row = '1'.	[MsgId: MMSG-13877]
Notify: Next row for parameter EmpSSN = 45 [table  = EmpSSN].	[MsgId: MMSG-13876]
Notify: Getting new value for parameter 'EmpSSN': table = 'EmployeeRoster' column = '5' row = '45'.	[MsgId: MMSG-13877]
Notify: Next row for parameter EmpHireDatePicker = 45 [table  = EmpHireDatePicker].	[MsgId: MMSG-13876]
Notify: Getting new value for parameter 'EmpHireDatePicker': table = 'EmployeeRoster' column = '8' row = '45'.	[MsgId: MMSG-13877]
Notify: Next row for parameter EmpDOBYear = 45 [table  = EmpDOBYear].	[MsgId: MMSG-13876]
Notify: Getting new value for parameter 'EmpDOBYear': table = 'EmployeeRoster' column = '15' row = '45'.	[MsgId: MMSG-13877]
Notify: Next row for parameter EmpSpouseSSN = 45 [table  = EmpSpouseSSN].	[MsgId: MMSG-13876]
Notify: Getting new value for parameter 'EmpSpouseSSN': table = 'EmployeeRoster' column = '16' row = '45'.	[MsgId: MMSG-13877]
Notify: Next row for parameter EmpHireDate = 45 [table  = EmpHireDate].	[MsgId: MMSG-13876]
Notify: Getting new value for parameter 'EmpHireDate': table = 'EmployeeRoster' column = '7' row = '45'.	[MsgId: MMSG-13877]
Notify: Next row for parameter TxName = 1 [table  = TxName].	[MsgId: MMSG-13876]
Notify: Getting new value for parameter 'TxName': table = 'ReferencePlan.dat' column = '3' row = '1'.	[MsgId: MMSG-13877]
Notify: Next row for parameter EmpMI = 45 [table  = EmpMI].	[MsgId: MMSG-13876]
Notify: Getting new value for parameter 'EmpMI': table = 'EmployeeRoster' column = '1' row = '45'.	[MsgId: MMSG-13877]
Notify: Next row for parameter EmpCity = 45 [table  = EmpCity].	[MsgId: MMSG-13876]
Notify: Getting new value for parameter 'EmpCity': table = 'EmployeeRoster' column = '10' row = '45'.	[MsgId: MMSG-13877]
Notify: Next row for parameter EmpLName = 45 [table  = EmpLName].	[MsgId: MMSG-13876]
Notify: Getting new value for parameter 'EmpLName': table = 'EmployeeRoster' column = '2' row = '45'.	[MsgId: MMSG-13877]
Notify: Next row for parameter EmpDep1Relation = 45 [table  = EmpDep1Relation].	[MsgId: MMSG-13876]
Notify: Getting new value for parameter 'EmpDep1Relation': table = 'EmployeeRoster' column = '18' row = '45'.	[MsgId: MMSG-13877]
Notify: Next row for parameter Metal_Level = 1 [table  = Metal_Level].	[MsgId: MMSG-13876]
Notify: Getting new value for parameter 'Metal_Level': table = 'ReferencePlan.dat' column = '2' row = '1'.	[MsgId: MMSG-13877]
Notify: Next row for parameter PlanOption = 1 [table  = PlanOption].	[MsgId: MMSG-13876]
Notify: Getting new value for parameter 'PlanOption': table = 'ReferencePlan.dat' column = '1' row = '1'.	[MsgId: MMSG-13877]
Notify: Next row for parameter EmpDOBPicker = 45 [table  = EmpDOBPicker].	[MsgId: MMSG-13876]
Notify: Getting new value for parameter 'EmpDOBPicker': table = 'EmployeeRoster' column = '3' row = '45'.	[MsgId: MMSG-13877]
Notify: Next row for parameter EmpWorkEmail = 45 [table  = EmpWorkEmail].	[MsgId: MMSG-13876]
Notify: Getting new value for parameter 'EmpWorkEmail': table = 'EmployeeRoster' column = '12' row = '45'.	[MsgId: MMSG-13877]
Notify: Next row for parameter EmpZip = 45 [table  = EmpZip].	[MsgId: MMSG-13876]
Notify: Getting new value for parameter 'EmpZip': table = 'EmployeeRoster' column = '11' row = '45'.	[MsgId: MMSG-13877]
Notify: Next row for parameter EmpAddressL1 = 45 [table  = EmpAddressL1].	[MsgId: MMSG-13876]
Notify: Getting new value for parameter 'EmpAddressL1': table = 'EmployeeRoster' column = '9' row = '45'.	[MsgId: MMSG-13877]
Notify: Next row for parameter EmpDOBDay = 45 [table  = EmpDOBDay].	[MsgId: MMSG-13876]
Notify: Getting new value for parameter 'EmpDOBDay': table = 'EmployeeRoster' column = '13' row = '45'.	[MsgId: MMSG-13877]
Notify: Next row for parameter EmpSpouseGender = 45 [table  = EmpSpouseGender].	[MsgId: MMSG-13876]
Notify: Getting new value for parameter 'EmpSpouseGender': table = 'EmployeeRoster' column = '17' row = '45'.	[MsgId: MMSG-13877]
Notify: Next row for parameter EmpSEX = 45 [table  = EmpSEX].	[MsgId: MMSG-13876]
Notify: Getting new value for parameter 'EmpSEX': table = 'EmployeeRoster' column = '6' row = '45'.	[MsgId: MMSG-13877]
Notify: Next row for parameter EmpDOB = 45 [table  = EmpDOB].	[MsgId: MMSG-13876]
Notify: Getting new value for parameter 'EmpDOB': table = 'EmployeeRoster' column = '4' row = '45'.	[MsgId: MMSG-13877]
Notify: Next row for parameter EmpDOBMonth = 45 [table  = EmpDOBMonth].	[MsgId: MMSG-13876]
Notify: Getting new value for parameter 'EmpDOBMonth': table = 'EmployeeRoster' column = '14' row = '45'.	[MsgId: MMSG-13877]
Starting action ScriptFlow.	[MsgId: MMSG-15919]
ScriptFlow.c(21): Think time - Waiting 2.00 seconds (according to limit).	[MsgId: MMSG-15946]
ScriptFlow.c(21): lr_think_time: 2.00 seconds (recorded think time was 10.00 seconds).	[MsgId: MMSG-15947]
EnrollAppLandingPage.c(5): web_reg_find started  	[MsgId: MMSG-26355]
EnrollAppLandingPage.c(5): Registering web_reg_find was successful  	[MsgId: MMSG-26390]
EnrollAppLandingPage.c(8): web_link("Skip to STEP 2, I already understand my options") started  	[MsgId: MMSG-26355]
EnrollAppLandingPage.c(8): Notify: Parameter Substitution: parameter "EnrollAppLandingPage" =  "enroll-preprod.dchbx.org"	[MsgId: MMSG-13992]
EnrollAppLandingPage.c(8): Notify: Parameter Substitution: parameter "EnrollAppLandingPage" =  "enroll-preprod.dchbx.org"	[MsgId: MMSG-13992]
EnrollAppLandingPage.c(8): Notify: Parameter Substitution: parameter "EnrollAppLandingPage" =  "enroll-preprod.dchbx.org"	[MsgId: MMSG-13992]
EnrollAppLandingPage.c(8): Error -27985: There is no context for HTML-based functions. A previous function may not have used "Mode=HTML" or downloaded only non-HTML page(s), or the context has been reset (e.g., due to a GUI-based function)  	[MsgId: MERR-27985]
EnrollAppLandingPage.c(8): Error -26366: "Text=Create account" not found for web_reg_find  	[MsgId: MERR-26366]
EnrollAppLandingPage.c(8): Error -26374: The above "not found" error(s) may be explained by header and body byte counts being 0 and 0, respectively.  	[MsgId: MERR-26374]
EnrollAppLandingPage.c(8): web_link("Skip to STEP 2, I already understand my options") highest severity level was "ERROR", 0 body bytes, 0 header bytes  	[MsgId: MMSG-26388]
Ending action ScriptFlow.	[MsgId: MMSG-15918]
Ending iteration 2.	[MsgId: MMSG-15965]
Starting iteration 3.	[MsgId: MMSG-15968]
Notify: Next row for parameter pEmpPrefix = 66 [table  = pEmpPrefix].	[MsgId: MMSG-13876]
Notify: Getting new value for parameter 'pEmpPrefix': table = 'pEmpPrefix.dat' column = '0' row = '66'.	[MsgId: MMSG-13877]
Notify: Next row for parameter EmpFName = 54 [table  = EmpFName].	[MsgId: MMSG-13876]
Notify: Getting new value for parameter 'EmpFName': table = 'EmployeeRoster' column = '0' row = '54'.	[MsgId: MMSG-13877]
Notify: Next row for parameter pEmlyePrefix = 66 [table  = pEmlyePrefix].	[MsgId: MMSG-13876]
Notify: Getting new value for parameter 'pEmlyePrefix': table = 'pEmpPrefix.dat' column = '1' row = '66'.	[MsgId: MMSG-13877]
Notify: Next row for parameter Carrier_ID = 1 [table  = Carrier_ID].	[MsgId: MMSG-13876]
Notify: Getting new value for parameter 'Carrier_ID': table = 'ReferencePlan.dat' column = '4' row = '1'.	[MsgId: MMSG-13877]
Notify: Next row for parameter EmpSSN = 54 [table  = EmpSSN].	[MsgId: MMSG-13876]
Notify: Getting new value for parameter 'EmpSSN': table = 'EmployeeRoster' column = '5' row = '54'.	[MsgId: MMSG-13877]
Notify: Next row for parameter EmpHireDatePicker = 54 [table  = EmpHireDatePicker].	[MsgId: MMSG-13876]
Notify: Getting new value for parameter 'EmpHireDatePicker': table = 'EmployeeRoster' column = '8' row = '54'.	[MsgId: MMSG-13877]
Notify: Next row for parameter EmpDOBYear = 54 [table  = EmpDOBYear].	[MsgId: MMSG-13876]
Notify: Getting new value for parameter 'EmpDOBYear': table = 'EmployeeRoster' column = '15' row = '54'.	[MsgId: MMSG-13877]
Notify: Next row for parameter EmpSpouseSSN = 54 [table  = EmpSpouseSSN].	[MsgId: MMSG-13876]
Notify: Getting new value for parameter 'EmpSpouseSSN': table = 'EmployeeRoster' column = '16' row = '54'.	[MsgId: MMSG-13877]
Notify: Next row for parameter EmpHireDate = 54 [table  = EmpHireDate].	[MsgId: MMSG-13876]
Notify: Getting new value for parameter 'EmpHireDate': table = 'EmployeeRoster' column = '7' row = '54'.	[MsgId: MMSG-13877]
Notify: Next row for parameter TxName = 1 [table  = TxName].	[MsgId: MMSG-13876]
Notify: Getting new value for parameter 'TxName': table = 'ReferencePlan.dat' column = '3' row = '1'.	[MsgId: MMSG-13877]
Notify: Next row for parameter EmpMI = 54 [table  = EmpMI].	[MsgId: MMSG-13876]
Notify: Getting new value for parameter 'EmpMI': table = 'EmployeeRoster' column = '1' row = '54'.	[MsgId: MMSG-13877]
Notify: Next row for parameter EmpCity = 54 [table  = EmpCity].	[MsgId: MMSG-13876]
Notify: Getting new value for parameter 'EmpCity': table = 'EmployeeRoster' column = '10' row = '54'.	[MsgId: MMSG-13877]
Notify: Next row for parameter EmpLName = 54 [table  = EmpLName].	[MsgId: MMSG-13876]
Notify: Getting new value for parameter 'EmpLName': table = 'EmployeeRoster' column = '2' row = '54'.	[MsgId: MMSG-13877]
Notify: Next row for parameter EmpDep1Relation = 54 [table  = EmpDep1Relation].	[MsgId: MMSG-13876]
Notify: Getting new value for parameter 'EmpDep1Relation': table = 'EmployeeRoster' column = '18' row = '54'.	[MsgId: MMSG-13877]
Notify: Next row for parameter Metal_Level = 1 [table  = Metal_Level].	[MsgId: MMSG-13876]
Notify: Getting new value for parameter 'Metal_Level': table = 'ReferencePlan.dat' column = '2' row = '1'.	[MsgId: MMSG-13877]
Notify: Next row for parameter PlanOption = 1 [table  = PlanOption].	[MsgId: MMSG-13876]
Notify: Getting new value for parameter 'PlanOption': table = 'ReferencePlan.dat' column = '1' row = '1'.	[MsgId: MMSG-13877]
Notify: Next row for parameter EmpDOBPicker = 54 [table  = EmpDOBPicker].	[MsgId: MMSG-13876]
Notify: Getting new value for parameter 'EmpDOBPicker': table = 'EmployeeRoster' column = '3' row = '54'.	[MsgId: MMSG-13877]
Notify: Next row for parameter EmpWorkEmail = 54 [table  = EmpWorkEmail].	[MsgId: MMSG-13876]
Notify: Getting new value for parameter 'EmpWorkEmail': table = 'EmployeeRoster' column = '12' row = '54'.	[MsgId: MMSG-13877]
Notify: Next row for parameter EmpZip = 54 [table  = EmpZip].	[MsgId: MMSG-13876]
Notify: Getting new value for parameter 'EmpZip': table = 'EmployeeRoster' column = '11' row = '54'.	[MsgId: MMSG-13877]
Notify: Next row for parameter EmpAddressL1 = 54 [table  = EmpAddressL1].	[MsgId: MMSG-13876]
Notify: Getting new value for parameter 'EmpAddressL1': table = 'EmployeeRoster' column = '9' row = '54'.	[MsgId: MMSG-13877]
Notify: Next row for parameter EmpDOBDay = 54 [table  = EmpDOBDay].	[MsgId: MMSG-13876]
Notify: Getting new value for parameter 'EmpDOBDay': table = 'EmployeeRoster' column = '13' row = '54'.	[MsgId: MMSG-13877]
Notify: Next row for parameter EmpSpouseGender = 54 [table  = EmpSpouseGender].	[MsgId: MMSG-13876]
Notify: Getting new value for parameter 'EmpSpouseGender': table = 'EmployeeRoster' column = '17' row = '54'.	[MsgId: MMSG-13877]
Notify: Next row for parameter EmpSEX = 54 [table  = EmpSEX].	[MsgId: MMSG-13876]
Notify: Getting new value for parameter 'EmpSEX': table = 'EmployeeRoster' column = '6' row = '54'.	[MsgId: MMSG-13877]
Notify: Next row for parameter EmpDOB = 54 [table  = EmpDOB].	[MsgId: MMSG-13876]
Notify: Getting new value for parameter 'EmpDOB': table = 'EmployeeRoster' column = '4' row = '54'.	[MsgId: MMSG-13877]
Notify: Next row for parameter EmpDOBMonth = 54 [table  = EmpDOBMonth].	[MsgId: MMSG-13876]
Notify: Getting new value for parameter 'EmpDOBMonth': table = 'EmployeeRoster' column = '14' row = '54'.	[MsgId: MMSG-13877]
Starting action ScriptFlow.	[MsgId: MMSG-15919]
ScriptFlow.c(21): Think time - Waiting 2.00 seconds (according to limit).	[MsgId: MMSG-15946]
ScriptFlow.c(21): lr_think_time: 2.00 seconds (recorded think time was 10.00 seconds).	[MsgId: MMSG-15947]
EnrollAppLandingPage.c(5): web_reg_find started  	[MsgId: MMSG-26355]
EnrollAppLandingPage.c(5): Registering web_reg_find was successful  	[MsgId: MMSG-26390]
EnrollAppLandingPage.c(8): web_link("Skip to STEP 2, I already understand my options") started  	[MsgId: MMSG-26355]
EnrollAppLandingPage.c(8): Notify: Parameter Substitution: parameter "EnrollAppLandingPage" =  "enroll-preprod.dchbx.org"	[MsgId: MMSG-13992]
EnrollAppLandingPage.c(8): Notify: Parameter Substitution: parameter "EnrollAppLandingPage" =  "enroll-preprod.dchbx.org"	[MsgId: MMSG-13992]
EnrollAppLandingPage.c(8): Notify: Parameter Substitution: parameter "EnrollAppLandingPage" =  "enroll-preprod.dchbx.org"	[MsgId: MMSG-13992]
EnrollAppLandingPage.c(8): Error -27985: There is no context for HTML-based functions. A previous function may not have used "Mode=HTML" or downloaded only non-HTML page(s), or the context has been reset (e.g., due to a GUI-based function)  	[MsgId: MERR-27985]
EnrollAppLandingPage.c(8): Error -26366: "Text=Create account" not found for web_reg_find  	[MsgId: MERR-26366]
EnrollAppLandingPage.c(8): Error -26374: The above "not found" error(s) may be explained by header and body byte counts being 0 and 0, respectively.  	[MsgId: MERR-26374]
EnrollAppLandingPage.c(8): web_link("Skip to STEP 2, I already understand my options") highest severity level was "ERROR", 0 body bytes, 0 header bytes  	[MsgId: MMSG-26388]
Ending action ScriptFlow.	[MsgId: MMSG-15918]
Ending iteration 3.	[MsgId: MMSG-15965]
Starting iteration 4.	[MsgId: MMSG-15968]
Notify: Next row for parameter pEmpPrefix = 16 [table  = pEmpPrefix].	[MsgId: MMSG-13876]
Notify: Getting new value for parameter 'pEmpPrefix': table = 'pEmpPrefix.dat' column = '0' row = '16'.	[MsgId: MMSG-13877]
Notify: Next row for parameter EmpFName = 52 [table  = EmpFName].	[MsgId: MMSG-13876]
Notify: Getting new value for parameter 'EmpFName': table = 'EmployeeRoster' column = '0' row = '52'.	[MsgId: MMSG-13877]
Notify: Next row for parameter pEmlyePrefix = 16 [table  = pEmlyePrefix].	[MsgId: MMSG-13876]
Notify: Getting new value for parameter 'pEmlyePrefix': table = 'pEmpPrefix.dat' column = '1' row = '16'.	[MsgId: MMSG-13877]
Notify: Next row for parameter Carrier_ID = 1 [table  = Carrier_ID].	[MsgId: MMSG-13876]
Notify: Getting new value for parameter 'Carrier_ID': table = 'ReferencePlan.dat' column = '4' row = '1'.	[MsgId: MMSG-13877]
Notify: Next row for parameter EmpSSN = 52 [table  = EmpSSN].	[MsgId: MMSG-13876]
Notify: Getting new value for parameter 'EmpSSN': table = 'EmployeeRoster' column = '5' row = '52'.	[MsgId: MMSG-13877]
Notify: Next row for parameter EmpHireDatePicker = 52 [table  = EmpHireDatePicker].	[MsgId: MMSG-13876]
Notify: Getting new value for parameter 'EmpHireDatePicker': table = 'EmployeeRoster' column = '8' row = '52'.	[MsgId: MMSG-13877]
Notify: Next row for parameter EmpDOBYear = 52 [table  = EmpDOBYear].	[MsgId: MMSG-13876]
Notify: Getting new value for parameter 'EmpDOBYear': table = 'EmployeeRoster' column = '15' row = '52'.	[MsgId: MMSG-13877]
Notify: Next row for parameter EmpSpouseSSN = 52 [table  = EmpSpouseSSN].	[MsgId: MMSG-13876]
Notify: Getting new value for parameter 'EmpSpouseSSN': table = 'EmployeeRoster' column = '16' row = '52'.	[MsgId: MMSG-13877]
Notify: Next row for parameter EmpHireDate = 52 [table  = EmpHireDate].	[MsgId: MMSG-13876]
Notify: Getting new value for parameter 'EmpHireDate': table = 'EmployeeRoster' column = '7' row = '52'.	[MsgId: MMSG-13877]
Notify: Next row for parameter TxName = 1 [table  = TxName].	[MsgId: MMSG-13876]
Notify: Getting new value for parameter 'TxName': table = 'ReferencePlan.dat' column = '3' row = '1'.	[MsgId: MMSG-13877]
Notify: Next row for parameter EmpMI = 52 [table  = EmpMI].	[MsgId: MMSG-13876]
Notify: Getting new value for parameter 'EmpMI': table = 'EmployeeRoster' column = '1' row = '52'.	[MsgId: MMSG-13877]
Notify: Next row for parameter EmpCity = 52 [table  = EmpCity].	[MsgId: MMSG-13876]
Notify: Getting new value for parameter 'EmpCity': table = 'EmployeeRoster' column = '10' row = '52'.	[MsgId: MMSG-13877]
Notify: Next row for parameter EmpLName = 52 [table  = EmpLName].	[MsgId: MMSG-13876]
Notify: Getting new value for parameter 'EmpLName': table = 'EmployeeRoster' column = '2' row = '52'.	[MsgId: MMSG-13877]
Notify: Next row for parameter EmpDep1Relation = 52 [table  = EmpDep1Relation].	[MsgId: MMSG-13876]
Notify: Getting new value for parameter 'EmpDep1Relation': table = 'EmployeeRoster' column = '18' row = '52'.	[MsgId: MMSG-13877]
Notify: Next row for parameter Metal_Level = 1 [table  = Metal_Level].	[MsgId: MMSG-13876]
Notify: Getting new value for parameter 'Metal_Level': table = 'ReferencePlan.dat' column = '2' row = '1'.	[MsgId: MMSG-13877]
Notify: Next row for parameter PlanOption = 1 [table  = PlanOption].	[MsgId: MMSG-13876]
Notify: Getting new value for parameter 'PlanOption': table = 'ReferencePlan.dat' column = '1' row = '1'.	[MsgId: MMSG-13877]
Notify: Next row for parameter EmpDOBPicker = 52 [table  = EmpDOBPicker].	[MsgId: MMSG-13876]
Notify: Getting new value for parameter 'EmpDOBPicker': table = 'EmployeeRoster' column = '3' row = '52'.	[MsgId: MMSG-13877]
Notify: Next row for parameter EmpWorkEmail = 52 [table  = EmpWorkEmail].	[MsgId: MMSG-13876]
Notify: Getting new value for parameter 'EmpWorkEmail': table = 'EmployeeRoster' column = '12' row = '52'.	[MsgId: MMSG-13877]
Notify: Next row for parameter EmpZip = 52 [table  = EmpZip].	[MsgId: MMSG-13876]
Notify: Getting new value for parameter 'EmpZip': table = 'EmployeeRoster' column = '11' row = '52'.	[MsgId: MMSG-13877]
Notify: Next row for parameter EmpAddressL1 = 52 [table  = EmpAddressL1].	[MsgId: MMSG-13876]
Notify: Getting new value for parameter 'EmpAddressL1': table = 'EmployeeRoster' column = '9' row = '52'.	[MsgId: MMSG-13877]
Notify: Next row for parameter EmpDOBDay = 52 [table  = EmpDOBDay].	[MsgId: MMSG-13876]
Notify: Getting new value for parameter 'EmpDOBDay': table = 'EmployeeRoster' column = '13' row = '52'.	[MsgId: MMSG-13877]
Notify: Next row for parameter EmpSpouseGender = 52 [table  = EmpSpouseGender].	[MsgId: MMSG-13876]
Notify: Getting new value for parameter 'EmpSpouseGender': table = 'EmployeeRoster' column = '17' row = '52'.	[MsgId: MMSG-13877]
Notify: Next row for parameter EmpSEX = 52 [table  = EmpSEX].	[MsgId: MMSG-13876]
Notify: Getting new value for parameter 'EmpSEX': table = 'EmployeeRoster' column = '6' row = '52'.	[MsgId: MMSG-13877]
Notify: Next row for parameter EmpDOB = 52 [table  = EmpDOB].	[MsgId: MMSG-13876]
Notify: Getting new value for parameter 'EmpDOB': table = 'EmployeeRoster' column = '4' row = '52'.	[MsgId: MMSG-13877]
Notify: Next row for parameter EmpDOBMonth = 52 [table  = EmpDOBMonth].	[MsgId: MMSG-13876]
Notify: Getting new value for parameter 'EmpDOBMonth': table = 'EmployeeRoster' column = '14' row = '52'.	[MsgId: MMSG-13877]
Starting action ScriptFlow.	[MsgId: MMSG-15919]
ScriptFlow.c(21): Think time - Waiting 2.00 seconds (according to limit).	[MsgId: MMSG-15946]
ScriptFlow.c(21): lr_think_time: 2.00 seconds (recorded think time was 10.00 seconds).	[MsgId: MMSG-15947]
EnrollAppLandingPage.c(5): web_reg_find started  	[MsgId: MMSG-26355]
EnrollAppLandingPage.c(5): Registering web_reg_find was successful  	[MsgId: MMSG-26390]
EnrollAppLandingPage.c(8): web_link("Skip to STEP 2, I already understand my options") started  	[MsgId: MMSG-26355]
EnrollAppLandingPage.c(8): Notify: Parameter Substitution: parameter "EnrollAppLandingPage" =  "enroll-preprod.dchbx.org"	[MsgId: MMSG-13992]
EnrollAppLandingPage.c(8): Notify: Parameter Substitution: parameter "EnrollAppLandingPage" =  "enroll-preprod.dchbx.org"	[MsgId: MMSG-13992]
EnrollAppLandingPage.c(8): Notify: Parameter Substitution: parameter "EnrollAppLandingPage" =  "enroll-preprod.dchbx.org"	[MsgId: MMSG-13992]
EnrollAppLandingPage.c(8): Error -27985: There is no context for HTML-based functions. A previous function may not have used "Mode=HTML" or downloaded only non-HTML page(s), or the context has been reset (e.g., due to a GUI-based function)  	[MsgId: MERR-27985]
EnrollAppLandingPage.c(8): Error -26366: "Text=Create account" not found for web_reg_find  	[MsgId: MERR-26366]
EnrollAppLandingPage.c(8): Error -26374: The above "not found" error(s) may be explained by header and body byte counts being 0 and 0, respectively.  	[MsgId: MERR-26374]
EnrollAppLandingPage.c(8): web_link("Skip to STEP 2, I already understand my options") highest severity level was "ERROR", 0 body bytes, 0 header bytes  	[MsgId: MMSG-26388]
Ending action ScriptFlow.	[MsgId: MMSG-15918]
Ending iteration 4.	[MsgId: MMSG-15965]
Starting iteration 5.	[MsgId: MMSG-15968]
Notify: Next row for parameter pEmpPrefix = 40 [table  = pEmpPrefix].	[MsgId: MMSG-13876]
Notify: Getting new value for parameter 'pEmpPrefix': table = 'pEmpPrefix.dat' column = '0' row = '40'.	[MsgId: MMSG-13877]
Notify: Next row for parameter EmpFName = 20 [table  = EmpFName].	[MsgId: MMSG-13876]
Notify: Getting new value for parameter 'EmpFName': table = 'EmployeeRoster' column = '0' row = '20'.	[MsgId: MMSG-13877]
Notify: Next row for parameter pEmlyePrefix = 40 [table  = pEmlyePrefix].	[MsgId: MMSG-13876]
Notify: Getting new value for parameter 'pEmlyePrefix': table = 'pEmpPrefix.dat' column = '1' row = '40'.	[MsgId: MMSG-13877]
Notify: Next row for parameter Carrier_ID = 1 [table  = Carrier_ID].	[MsgId: MMSG-13876]
Notify: Getting new value for parameter 'Carrier_ID': table = 'ReferencePlan.dat' column = '4' row = '1'.	[MsgId: MMSG-13877]
Notify: Next row for parameter EmpSSN = 20 [table  = EmpSSN].	[MsgId: MMSG-13876]
Notify: Getting new value for parameter 'EmpSSN': table = 'EmployeeRoster' column = '5' row = '20'.	[MsgId: MMSG-13877]
Notify: Next row for parameter EmpHireDatePicker = 20 [table  = EmpHireDatePicker].	[MsgId: MMSG-13876]
Notify: Getting new value for parameter 'EmpHireDatePicker': table = 'EmployeeRoster' column = '8' row = '20'.	[MsgId: MMSG-13877]
Notify: Next row for parameter EmpDOBYear = 20 [table  = EmpDOBYear].	[MsgId: MMSG-13876]
Notify: Getting new value for parameter 'EmpDOBYear': table = 'EmployeeRoster' column = '15' row = '20'.	[MsgId: MMSG-13877]
Notify: Next row for parameter EmpSpouseSSN = 20 [table  = EmpSpouseSSN].	[MsgId: MMSG-13876]
Notify: Getting new value for parameter 'EmpSpouseSSN': table = 'EmployeeRoster' column = '16' row = '20'.	[MsgId: MMSG-13877]
Notify: Next row for parameter EmpHireDate = 20 [table  = EmpHireDate].	[MsgId: MMSG-13876]
Notify: Getting new value for parameter 'EmpHireDate': table = 'EmployeeRoster' column = '7' row = '20'.	[MsgId: MMSG-13877]
Notify: Next row for parameter TxName = 1 [table  = TxName].	[MsgId: MMSG-13876]
Notify: Getting new value for parameter 'TxName': table = 'ReferencePlan.dat' column = '3' row = '1'.	[MsgId: MMSG-13877]
Notify: Next row for parameter EmpMI = 20 [table  = EmpMI].	[MsgId: MMSG-13876]
Notify: Getting new value for parameter 'EmpMI': table = 'EmployeeRoster' column = '1' row = '20'.	[MsgId: MMSG-13877]
Notify: Next row for parameter EmpCity = 20 [table  = EmpCity].	[MsgId: MMSG-13876]
Notify: Getting new value for parameter 'EmpCity': table = 'EmployeeRoster' column = '10' row = '20'.	[MsgId: MMSG-13877]
Notify: Next row for parameter EmpLName = 20 [table  = EmpLName].	[MsgId: MMSG-13876]
Notify: Getting new value for parameter 'EmpLName': table = 'EmployeeRoster' column = '2' row = '20'.	[MsgId: MMSG-13877]
Notify: Next row for parameter EmpDep1Relation = 20 [table  = EmpDep1Relation].	[MsgId: MMSG-13876]
Notify: Getting new value for parameter 'EmpDep1Relation': table = 'EmployeeRoster' column = '18' row = '20'.	[MsgId: MMSG-13877]
Notify: Next row for parameter Metal_Level = 1 [table  = Metal_Level].	[MsgId: MMSG-13876]
Notify: Getting new value for parameter 'Metal_Level': table = 'ReferencePlan.dat' column = '2' row = '1'.	[MsgId: MMSG-13877]
Notify: Next row for parameter PlanOption = 1 [table  = PlanOption].	[MsgId: MMSG-13876]
Notify: Getting new value for parameter 'PlanOption': table = 'ReferencePlan.dat' column = '1' row = '1'.	[MsgId: MMSG-13877]
Notify: Next row for parameter EmpDOBPicker = 20 [table  = EmpDOBPicker].	[MsgId: MMSG-13876]
Notify: Getting new value for parameter 'EmpDOBPicker': table = 'EmployeeRoster' column = '3' row = '20'.	[MsgId: MMSG-13877]
Notify: Next row for parameter EmpWorkEmail = 20 [table  = EmpWorkEmail].	[MsgId: MMSG-13876]
Notify: Getting new value for parameter 'EmpWorkEmail': table = 'EmployeeRoster' column = '12' row = '20'.	[MsgId: MMSG-13877]
Notify: Next row for parameter EmpZip = 20 [table  = EmpZip].	[MsgId: MMSG-13876]
Notify: Getting new value for parameter 'EmpZip': table = 'EmployeeRoster' column = '11' row = '20'.	[MsgId: MMSG-13877]
Notify: Next row for parameter EmpAddressL1 = 20 [table  = EmpAddressL1].	[MsgId: MMSG-13876]
Notify: Getting new value for parameter 'EmpAddressL1': table = 'EmployeeRoster' column = '9' row = '20'.	[MsgId: MMSG-13877]
Notify: Next row for parameter EmpDOBDay = 20 [table  = EmpDOBDay].	[MsgId: MMSG-13876]
Notify: Getting new value for parameter 'EmpDOBDay': table = 'EmployeeRoster' column = '13' row = '20'.	[MsgId: MMSG-13877]
Notify: Next row for parameter EmpSpouseGender = 20 [table  = EmpSpouseGender].	[MsgId: MMSG-13876]
Notify: Getting new value for parameter 'EmpSpouseGender': table = 'EmployeeRoster' column = '17' row = '20'.	[MsgId: MMSG-13877]
Notify: Next row for parameter EmpSEX = 20 [table  = EmpSEX].	[MsgId: MMSG-13876]
Notify: Getting new value for parameter 'EmpSEX': table = 'EmployeeRoster' column = '6' row = '20'.	[MsgId: MMSG-13877]
Notify: Next row for parameter EmpDOB = 20 [table  = EmpDOB].	[MsgId: MMSG-13876]
Notify: Getting new value for parameter 'EmpDOB': table = 'EmployeeRoster' column = '4' row = '20'.	[MsgId: MMSG-13877]
Notify: Next row for parameter EmpDOBMonth = 20 [table  = EmpDOBMonth].	[MsgId: MMSG-13876]
Notify: Getting new value for parameter 'EmpDOBMonth': table = 'EmployeeRoster' column = '14' row = '20'.	[MsgId: MMSG-13877]
Starting action ScriptFlow.	[MsgId: MMSG-15919]
ScriptFlow.c(21): Think time - Waiting 2.00 seconds (according to limit).	[MsgId: MMSG-15946]
ScriptFlow.c(21): lr_think_time: 2.00 seconds (recorded think time was 10.00 seconds).	[MsgId: MMSG-15947]
EnrollAppLandingPage.c(5): web_reg_find started  	[MsgId: MMSG-26355]
EnrollAppLandingPage.c(5): Registering web_reg_find was successful  	[MsgId: MMSG-26390]
EnrollAppLandingPage.c(8): web_link("Skip to STEP 2, I already understand my options") started  	[MsgId: MMSG-26355]
EnrollAppLandingPage.c(8): Notify: Parameter Substitution: parameter "EnrollAppLandingPage" =  "enroll-preprod.dchbx.org"	[MsgId: MMSG-13992]
EnrollAppLandingPage.c(8): Notify: Parameter Substitution: parameter "EnrollAppLandingPage" =  "enroll-preprod.dchbx.org"	[MsgId: MMSG-13992]
EnrollAppLandingPage.c(8): Notify: Parameter Substitution: parameter "EnrollAppLandingPage" =  "enroll-preprod.dchbx.org"	[MsgId: MMSG-13992]
EnrollAppLandingPage.c(8): Error -27985: There is no context for HTML-based functions. A previous function may not have used "Mode=HTML" or downloaded only non-HTML page(s), or the context has been reset (e.g., due to a GUI-based function)  	[MsgId: MERR-27985]
EnrollAppLandingPage.c(8): Error -26366: "Text=Create account" not found for web_reg_find  	[MsgId: MERR-26366]
EnrollAppLandingPage.c(8): Error -26374: The above "not found" error(s) may be explained by header and body byte counts being 0 and 0, respectively.  	[MsgId: MERR-26374]
EnrollAppLandingPage.c(8): web_link("Skip to STEP 2, I already understand my options") highest severity level was "ERROR", 0 body bytes, 0 header bytes  	[MsgId: MMSG-26388]
Ending action ScriptFlow.	[MsgId: MMSG-15918]
Ending iteration 5.	[MsgId: MMSG-15965]
Starting iteration 6.	[MsgId: MMSG-15968]
Notify: Next row for parameter pEmpPrefix = 33 [table  = pEmpPrefix].	[MsgId: MMSG-13876]
Notify: Getting new value for parameter 'pEmpPrefix': table = 'pEmpPrefix.dat' column = '0' row = '33'.	[MsgId: MMSG-13877]
Notify: Next row for parameter EmpFName = 31 [table  = EmpFName].	[MsgId: MMSG-13876]
Notify: Getting new value for parameter 'EmpFName': table = 'EmployeeRoster' column = '0' row = '31'.	[MsgId: MMSG-13877]
Notify: Next row for parameter pEmlyePrefix = 33 [table  = pEmlyePrefix].	[MsgId: MMSG-13876]
Notify: Getting new value for parameter 'pEmlyePrefix': table = 'pEmpPrefix.dat' column = '1' row = '33'.	[MsgId: MMSG-13877]
Notify: Next row for parameter Carrier_ID = 1 [table  = Carrier_ID].	[MsgId: MMSG-13876]
Notify: Getting new value for parameter 'Carrier_ID': table = 'ReferencePlan.dat' column = '4' row = '1'.	[MsgId: MMSG-13877]
Notify: Next row for parameter EmpSSN = 31 [table  = EmpSSN].	[MsgId: MMSG-13876]
Notify: Getting new value for parameter 'EmpSSN': table = 'EmployeeRoster' column = '5' row = '31'.	[MsgId: MMSG-13877]
Notify: Next row for parameter EmpHireDatePicker = 31 [table  = EmpHireDatePicker].	[MsgId: MMSG-13876]
Notify: Getting new value for parameter 'EmpHireDatePicker': table = 'EmployeeRoster' column = '8' row = '31'.	[MsgId: MMSG-13877]
Notify: Next row for parameter EmpDOBYear = 31 [table  = EmpDOBYear].	[MsgId: MMSG-13876]
Notify: Getting new value for parameter 'EmpDOBYear': table = 'EmployeeRoster' column = '15' row = '31'.	[MsgId: MMSG-13877]
Notify: Next row for parameter EmpSpouseSSN = 31 [table  = EmpSpouseSSN].	[MsgId: MMSG-13876]
Notify: Getting new value for parameter 'EmpSpouseSSN': table = 'EmployeeRoster' column = '16' row = '31'.	[MsgId: MMSG-13877]
Notify: Next row for parameter EmpHireDate = 31 [table  = EmpHireDate].	[MsgId: MMSG-13876]
Notify: Getting new value for parameter 'EmpHireDate': table = 'EmployeeRoster' column = '7' row = '31'.	[MsgId: MMSG-13877]
Notify: Next row for parameter TxName = 1 [table  = TxName].	[MsgId: MMSG-13876]
Notify: Getting new value for parameter 'TxName': table = 'ReferencePlan.dat' column = '3' row = '1'.	[MsgId: MMSG-13877]
Notify: Next row for parameter EmpMI = 31 [table  = EmpMI].	[MsgId: MMSG-13876]
Notify: Getting new value for parameter 'EmpMI': table = 'EmployeeRoster' column = '1' row = '31'.	[MsgId: MMSG-13877]
Notify: Next row for parameter EmpCity = 31 [table  = EmpCity].	[MsgId: MMSG-13876]
Notify: Getting new value for parameter 'EmpCity': table = 'EmployeeRoster' column = '10' row = '31'.	[MsgId: MMSG-13877]
Notify: Next row for parameter EmpLName = 31 [table  = EmpLName].	[MsgId: MMSG-13876]
Notify: Getting new value for parameter 'EmpLName': table = 'EmployeeRoster' column = '2' row = '31'.	[MsgId: MMSG-13877]
Notify: Next row for parameter EmpDep1Relation = 31 [table  = EmpDep1Relation].	[MsgId: MMSG-13876]
Notify: Getting new value for parameter 'EmpDep1Relation': table = 'EmployeeRoster' column = '18' row = '31'.	[MsgId: MMSG-13877]
Notify: Next row for parameter Metal_Level = 1 [table  = Metal_Level].	[MsgId: MMSG-13876]
Notify: Getting new value for parameter 'Metal_Level': table = 'ReferencePlan.dat' column = '2' row = '1'.	[MsgId: MMSG-13877]
Notify: Next row for parameter PlanOption = 1 [table  = PlanOption].	[MsgId: MMSG-13876]
Notify: Getting new value for parameter 'PlanOption': table = 'ReferencePlan.dat' column = '1' row = '1'.	[MsgId: MMSG-13877]
Notify: Next row for parameter EmpDOBPicker = 31 [table  = EmpDOBPicker].	[MsgId: MMSG-13876]
Notify: Getting new value for parameter 'EmpDOBPicker': table = 'EmployeeRoster' column = '3' row = '31'.	[MsgId: MMSG-13877]
Notify: Next row for parameter EmpWorkEmail = 31 [table  = EmpWorkEmail].	[MsgId: MMSG-13876]
Notify: Getting new value for parameter 'EmpWorkEmail': table = 'EmployeeRoster' column = '12' row = '31'.	[MsgId: MMSG-13877]
Notify: Next row for parameter EmpZip = 31 [table  = EmpZip].	[MsgId: MMSG-13876]
Notify: Getting new value for parameter 'EmpZip': table = 'EmployeeRoster' column = '11' row = '31'.	[MsgId: MMSG-13877]
Notify: Next row for parameter EmpAddressL1 = 31 [table  = EmpAddressL1].	[MsgId: MMSG-13876]
Notify: Getting new value for parameter 'EmpAddressL1': table = 'EmployeeRoster' column = '9' row = '31'.	[MsgId: MMSG-13877]
Notify: Next row for parameter EmpDOBDay = 31 [table  = EmpDOBDay].	[MsgId: MMSG-13876]
Notify: Getting new value for parameter 'EmpDOBDay': table = 'EmployeeRoster' column = '13' row = '31'.	[MsgId: MMSG-13877]
Notify: Next row for parameter EmpSpouseGender = 31 [table  = EmpSpouseGender].	[MsgId: MMSG-13876]
Notify: Getting new value for parameter 'EmpSpouseGender': table = 'EmployeeRoster' column = '17' row = '31'.	[MsgId: MMSG-13877]
Notify: Next row for parameter EmpSEX = 31 [table  = EmpSEX].	[MsgId: MMSG-13876]
Notify: Getting new value for parameter 'EmpSEX': table = 'EmployeeRoster' column = '6' row = '31'.	[MsgId: MMSG-13877]
Notify: Next row for parameter EmpDOB = 31 [table  = EmpDOB].	[MsgId: MMSG-13876]
Notify: Getting new value for parameter 'EmpDOB': table = 'EmployeeRoster' column = '4' row = '31'.	[MsgId: MMSG-13877]
Notify: Next row for parameter EmpDOBMonth = 31 [table  = EmpDOBMonth].	[MsgId: MMSG-13876]
Notify: Getting new value for parameter 'EmpDOBMonth': table = 'EmployeeRoster' column = '14' row = '31'.	[MsgId: MMSG-13877]
Starting action ScriptFlow.	[MsgId: MMSG-15919]
ScriptFlow.c(21): Think time - Waiting 2.00 seconds (according to limit).	[MsgId: MMSG-15946]
ScriptFlow.c(21): lr_think_time: 2.00 seconds (recorded think time was 10.00 seconds).	[MsgId: MMSG-15947]
EnrollAppLandingPage.c(5): web_reg_find started  	[MsgId: MMSG-26355]
EnrollAppLandingPage.c(5): Registering web_reg_find was successful  	[MsgId: MMSG-26390]
EnrollAppLandingPage.c(8): web_link("Skip to STEP 2, I already understand my options") started  	[MsgId: MMSG-26355]
EnrollAppLandingPage.c(8): Notify: Parameter Substitution: parameter "EnrollAppLandingPage" =  "enroll-preprod.dchbx.org"	[MsgId: MMSG-13992]
EnrollAppLandingPage.c(8): Notify: Parameter Substitution: parameter "EnrollAppLandingPage" =  "enroll-preprod.dchbx.org"	[MsgId: MMSG-13992]
EnrollAppLandingPage.c(8): Notify: Parameter Substitution: parameter "EnrollAppLandingPage" =  "enroll-preprod.dchbx.org"	[MsgId: MMSG-13992]
EnrollAppLandingPage.c(8): Error -27985: There is no context for HTML-based functions. A previous function may not have used "Mode=HTML" or downloaded only non-HTML page(s), or the context has been reset (e.g., due to a GUI-based function)  	[MsgId: MERR-27985]
EnrollAppLandingPage.c(8): Error -26366: "Text=Create account" not found for web_reg_find  	[MsgId: MERR-26366]
EnrollAppLandingPage.c(8): Error -26374: The above "not found" error(s) may be explained by header and body byte counts being 0 and 0, respectively.  	[MsgId: MERR-26374]
EnrollAppLandingPage.c(8): web_link("Skip to STEP 2, I already understand my options") highest severity level was "ERROR", 0 body bytes, 0 header bytes  	[MsgId: MMSG-26388]
Ending action ScriptFlow.	[MsgId: MMSG-15918]
Ending iteration 6.	[MsgId: MMSG-15965]
Starting iteration 7.	[MsgId: MMSG-15968]
Notify: Next row for parameter pEmpPrefix = 25 [table  = pEmpPrefix].	[MsgId: MMSG-13876]
Notify: Getting new value for parameter 'pEmpPrefix': table = 'pEmpPrefix.dat' column = '0' row = '25'.	[MsgId: MMSG-13877]
Notify: Next row for parameter EmpFName = 27 [table  = EmpFName].	[MsgId: MMSG-13876]
Notify: Getting new value for parameter 'EmpFName': table = 'EmployeeRoster' column = '0' row = '27'.	[MsgId: MMSG-13877]
Notify: Next row for parameter pEmlyePrefix = 25 [table  = pEmlyePrefix].	[MsgId: MMSG-13876]
Notify: Getting new value for parameter 'pEmlyePrefix': table = 'pEmpPrefix.dat' column = '1' row = '25'.	[MsgId: MMSG-13877]
Notify: Next row for parameter Carrier_ID = 1 [table  = Carrier_ID].	[MsgId: MMSG-13876]
Notify: Getting new value for parameter 'Carrier_ID': table = 'ReferencePlan.dat' column = '4' row = '1'.	[MsgId: MMSG-13877]
Notify: Next row for parameter EmpSSN = 27 [table  = EmpSSN].	[MsgId: MMSG-13876]
Notify: Getting new value for parameter 'EmpSSN': table = 'EmployeeRoster' column = '5' row = '27'.	[MsgId: MMSG-13877]
Notify: Next row for parameter EmpHireDatePicker = 27 [table  = EmpHireDatePicker].	[MsgId: MMSG-13876]
Notify: Getting new value for parameter 'EmpHireDatePicker': table = 'EmployeeRoster' column = '8' row = '27'.	[MsgId: MMSG-13877]
Notify: Next row for parameter EmpDOBYear = 27 [table  = EmpDOBYear].	[MsgId: MMSG-13876]
Notify: Getting new value for parameter 'EmpDOBYear': table = 'EmployeeRoster' column = '15' row = '27'.	[MsgId: MMSG-13877]
Notify: Next row for parameter EmpSpouseSSN = 27 [table  = EmpSpouseSSN].	[MsgId: MMSG-13876]
Notify: Getting new value for parameter 'EmpSpouseSSN': table = 'EmployeeRoster' column = '16' row = '27'.	[MsgId: MMSG-13877]
Notify: Next row for parameter EmpHireDate = 27 [table  = EmpHireDate].	[MsgId: MMSG-13876]
Notify: Getting new value for parameter 'EmpHireDate': table = 'EmployeeRoster' column = '7' row = '27'.	[MsgId: MMSG-13877]
Notify: Next row for parameter TxName = 1 [table  = TxName].	[MsgId: MMSG-13876]
Notify: Getting new value for parameter 'TxName': table = 'ReferencePlan.dat' column = '3' row = '1'.	[MsgId: MMSG-13877]
Notify: Next row for parameter EmpMI = 27 [table  = EmpMI].	[MsgId: MMSG-13876]
Notify: Getting new value for parameter 'EmpMI': table = 'EmployeeRoster' column = '1' row = '27'.	[MsgId: MMSG-13877]
Notify: Next row for parameter EmpCity = 27 [table  = EmpCity].	[MsgId: MMSG-13876]
Notify: Getting new value for parameter 'EmpCity': table = 'EmployeeRoster' column = '10' row = '27'.	[MsgId: MMSG-13877]
Notify: Next row for parameter EmpLName = 27 [table  = EmpLName].	[MsgId: MMSG-13876]
Notify: Getting new value for parameter 'EmpLName': table = 'EmployeeRoster' column = '2' row = '27'.	[MsgId: MMSG-13877]
Notify: Next row for parameter EmpDep1Relation = 27 [table  = EmpDep1Relation].	[MsgId: MMSG-13876]
Notify: Getting new value for parameter 'EmpDep1Relation': table = 'EmployeeRoster' column = '18' row = '27'.	[MsgId: MMSG-13877]
Notify: Next row for parameter Metal_Level = 1 [table  = Metal_Level].	[MsgId: MMSG-13876]
Notify: Getting new value for parameter 'Metal_Level': table = 'ReferencePlan.dat' column = '2' row = '1'.	[MsgId: MMSG-13877]
Notify: Next row for parameter PlanOption = 1 [table  = PlanOption].	[MsgId: MMSG-13876]
Notify: Getting new value for parameter 'PlanOption': table = 'ReferencePlan.dat' column = '1' row = '1'.	[MsgId: MMSG-13877]
Notify: Next row for parameter EmpDOBPicker = 27 [table  = EmpDOBPicker].	[MsgId: MMSG-13876]
Notify: Getting new value for parameter 'EmpDOBPicker': table = 'EmployeeRoster' column = '3' row = '27'.	[MsgId: MMSG-13877]
Notify: Next row for parameter EmpWorkEmail = 27 [table  = EmpWorkEmail].	[MsgId: MMSG-13876]
Notify: Getting new value for parameter 'EmpWorkEmail': table = 'EmployeeRoster' column = '12' row = '27'.	[MsgId: MMSG-13877]
Notify: Next row for parameter EmpZip = 27 [table  = EmpZip].	[MsgId: MMSG-13876]
Notify: Getting new value for parameter 'EmpZip': table = 'EmployeeRoster' column = '11' row = '27'.	[MsgId: MMSG-13877]
Notify: Next row for parameter EmpAddressL1 = 27 [table  = EmpAddressL1].	[MsgId: MMSG-13876]
Notify: Getting new value for parameter 'EmpAddressL1': table = 'EmployeeRoster' column = '9' row = '27'.	[MsgId: MMSG-13877]
Notify: Next row for parameter EmpDOBDay = 27 [table  = EmpDOBDay].	[MsgId: MMSG-13876]
Notify: Getting new value for parameter 'EmpDOBDay': table = 'EmployeeRoster' column = '13' row = '27'.	[MsgId: MMSG-13877]
Notify: Next row for parameter EmpSpouseGender = 27 [table  = EmpSpouseGender].	[MsgId: MMSG-13876]
Notify: Getting new value for parameter 'EmpSpouseGender': table = 'EmployeeRoster' column = '17' row = '27'.	[MsgId: MMSG-13877]
Notify: Next row for parameter EmpSEX = 27 [table  = EmpSEX].	[MsgId: MMSG-13876]
Notify: Getting new value for parameter 'EmpSEX': table = 'EmployeeRoster' column = '6' row = '27'.	[MsgId: MMSG-13877]
Notify: Next row for parameter EmpDOB = 27 [table  = EmpDOB].	[MsgId: MMSG-13876]
Notify: Getting new value for parameter 'EmpDOB': table = 'EmployeeRoster' column = '4' row = '27'.	[MsgId: MMSG-13877]
Notify: Next row for parameter EmpDOBMonth = 27 [table  = EmpDOBMonth].	[MsgId: MMSG-13876]
Notify: Getting new value for parameter 'EmpDOBMonth': table = 'EmployeeRoster' column = '14' row = '27'.	[MsgId: MMSG-13877]
Starting action ScriptFlow.	[MsgId: MMSG-15919]
ScriptFlow.c(21): Think time - Waiting 2.00 seconds (according to limit).	[MsgId: MMSG-15946]
ScriptFlow.c(21): lr_think_time: 2.00 seconds (recorded think time was 10.00 seconds).	[MsgId: MMSG-15947]
EnrollAppLandingPage.c(5): web_reg_find started  	[MsgId: MMSG-26355]
EnrollAppLandingPage.c(5): Registering web_reg_find was successful  	[MsgId: MMSG-26390]
EnrollAppLandingPage.c(8): web_link("Skip to STEP 2, I already understand my options") started  	[MsgId: MMSG-26355]
EnrollAppLandingPage.c(8): Notify: Parameter Substitution: parameter "EnrollAppLandingPage" =  "enroll-preprod.dchbx.org"	[MsgId: MMSG-13992]
EnrollAppLandingPage.c(8): Notify: Parameter Substitution: parameter "EnrollAppLandingPage" =  "enroll-preprod.dchbx.org"	[MsgId: MMSG-13992]
EnrollAppLandingPage.c(8): Notify: Parameter Substitution: parameter "EnrollAppLandingPage" =  "enroll-preprod.dchbx.org"	[MsgId: MMSG-13992]
EnrollAppLandingPage.c(8): Error -27985: There is no context for HTML-based functions. A previous function may not have used "Mode=HTML" or downloaded only non-HTML page(s), or the context has been reset (e.g., due to a GUI-based function)  	[MsgId: MERR-27985]
EnrollAppLandingPage.c(8): Error -26366: "Text=Create account" not found for web_reg_find  	[MsgId: MERR-26366]
EnrollAppLandingPage.c(8): Error -26374: The above "not found" error(s) may be explained by header and body byte counts being 0 and 0, respectively.  	[MsgId: MERR-26374]
EnrollAppLandingPage.c(8): web_link("Skip to STEP 2, I already understand my options") highest severity level was "ERROR", 0 body bytes, 0 header bytes  	[MsgId: MMSG-26388]
Ending action ScriptFlow.	[MsgId: MMSG-15918]
Ending iteration 7.	[MsgId: MMSG-15965]
Starting iteration 8.	[MsgId: MMSG-15968]
Notify: Next row for parameter pEmpPrefix = 62 [table  = pEmpPrefix].	[MsgId: MMSG-13876]
Notify: Getting new value for parameter 'pEmpPrefix': table = 'pEmpPrefix.dat' column = '0' row = '62'.	[MsgId: MMSG-13877]
Notify: Next row for parameter EmpFName = 48 [table  = EmpFName].	[MsgId: MMSG-13876]
Notify: Getting new value for parameter 'EmpFName': table = 'EmployeeRoster' column = '0' row = '48'.	[MsgId: MMSG-13877]
Notify: Next row for parameter pEmlyePrefix = 62 [table  = pEmlyePrefix].	[MsgId: MMSG-13876]
Notify: Getting new value for parameter 'pEmlyePrefix': table = 'pEmpPrefix.dat' column = '1' row = '62'.	[MsgId: MMSG-13877]
Notify: Next row for parameter Carrier_ID = 1 [table  = Carrier_ID].	[MsgId: MMSG-13876]
Notify: Getting new value for parameter 'Carrier_ID': table = 'ReferencePlan.dat' column = '4' row = '1'.	[MsgId: MMSG-13877]
Notify: Next row for parameter EmpSSN = 48 [table  = EmpSSN].	[MsgId: MMSG-13876]
Notify: Getting new value for parameter 'EmpSSN': table = 'EmployeeRoster' column = '5' row = '48'.	[MsgId: MMSG-13877]
Notify: Next row for parameter EmpHireDatePicker = 48 [table  = EmpHireDatePicker].	[MsgId: MMSG-13876]
Notify: Getting new value for parameter 'EmpHireDatePicker': table = 'EmployeeRoster' column = '8' row = '48'.	[MsgId: MMSG-13877]
Notify: Next row for parameter EmpDOBYear = 48 [table  = EmpDOBYear].	[MsgId: MMSG-13876]
Notify: Getting new value for parameter 'EmpDOBYear': table = 'EmployeeRoster' column = '15' row = '48'.	[MsgId: MMSG-13877]
Notify: Next row for parameter EmpSpouseSSN = 48 [table  = EmpSpouseSSN].	[MsgId: MMSG-13876]
Notify: Getting new value for parameter 'EmpSpouseSSN': table = 'EmployeeRoster' column = '16' row = '48'.	[MsgId: MMSG-13877]
Notify: Next row for parameter EmpHireDate = 48 [table  = EmpHireDate].	[MsgId: MMSG-13876]
Notify: Getting new value for parameter 'EmpHireDate': table = 'EmployeeRoster' column = '7' row = '48'.	[MsgId: MMSG-13877]
Notify: Next row for parameter TxName = 1 [table  = TxName].	[MsgId: MMSG-13876]
Notify: Getting new value for parameter 'TxName': table = 'ReferencePlan.dat' column = '3' row = '1'.	[MsgId: MMSG-13877]
Notify: Next row for parameter EmpMI = 48 [table  = EmpMI].	[MsgId: MMSG-13876]
Notify: Getting new value for parameter 'EmpMI': table = 'EmployeeRoster' column = '1' row = '48'.	[MsgId: MMSG-13877]
Notify: Next row for parameter EmpCity = 48 [table  = EmpCity].	[MsgId: MMSG-13876]
Notify: Getting new value for parameter 'EmpCity': table = 'EmployeeRoster' column = '10' row = '48'.	[MsgId: MMSG-13877]
Notify: Next row for parameter EmpLName = 48 [table  = EmpLName].	[MsgId: MMSG-13876]
Notify: Getting new value for parameter 'EmpLName': table = 'EmployeeRoster' column = '2' row = '48'.	[MsgId: MMSG-13877]
Notify: Next row for parameter EmpDep1Relation = 48 [table  = EmpDep1Relation].	[MsgId: MMSG-13876]
Notify: Getting new value for parameter 'EmpDep1Relation': table = 'EmployeeRoster' column = '18' row = '48'.	[MsgId: MMSG-13877]
Notify: Next row for parameter Metal_Level = 1 [table  = Metal_Level].	[MsgId: MMSG-13876]
Notify: Getting new value for parameter 'Metal_Level': table = 'ReferencePlan.dat' column = '2' row = '1'.	[MsgId: MMSG-13877]
Notify: Next row for parameter PlanOption = 1 [table  = PlanOption].	[MsgId: MMSG-13876]
Notify: Getting new value for parameter 'PlanOption': table = 'ReferencePlan.dat' column = '1' row = '1'.	[MsgId: MMSG-13877]
Notify: Next row for parameter EmpDOBPicker = 48 [table  = EmpDOBPicker].	[MsgId: MMSG-13876]
Notify: Getting new value for parameter 'EmpDOBPicker': table = 'EmployeeRoster' column = '3' row = '48'.	[MsgId: MMSG-13877]
Notify: Next row for parameter EmpWorkEmail = 48 [table  = EmpWorkEmail].	[MsgId: MMSG-13876]
Notify: Getting new value for parameter 'EmpWorkEmail': table = 'EmployeeRoster' column = '12' row = '48'.	[MsgId: MMSG-13877]
Notify: Next row for parameter EmpZip = 48 [table  = EmpZip].	[MsgId: MMSG-13876]
Notify: Getting new value for parameter 'EmpZip': table = 'EmployeeRoster' column = '11' row = '48'.	[MsgId: MMSG-13877]
Notify: Next row for parameter EmpAddressL1 = 48 [table  = EmpAddressL1].	[MsgId: MMSG-13876]
Notify: Getting new value for parameter 'EmpAddressL1': table = 'EmployeeRoster' column = '9' row = '48'.	[MsgId: MMSG-13877]
Notify: Next row for parameter EmpDOBDay = 48 [table  = EmpDOBDay].	[MsgId: MMSG-13876]
Notify: Getting new value for parameter 'EmpDOBDay': table = 'EmployeeRoster' column = '13' row = '48'.	[MsgId: MMSG-13877]
Notify: Next row for parameter EmpSpouseGender = 48 [table  = EmpSpouseGender].	[MsgId: MMSG-13876]
Notify: Getting new value for parameter 'EmpSpouseGender': table = 'EmployeeRoster' column = '17' row = '48'.	[MsgId: MMSG-13877]
Notify: Next row for parameter EmpSEX = 48 [table  = EmpSEX].	[MsgId: MMSG-13876]
Notify: Getting new value for parameter 'EmpSEX': table = 'EmployeeRoster' column = '6' row = '48'.	[MsgId: MMSG-13877]
Notify: Next row for parameter EmpDOB = 48 [table  = EmpDOB].	[MsgId: MMSG-13876]
Notify: Getting new value for parameter 'EmpDOB': table = 'EmployeeRoster' column = '4' row = '48'.	[MsgId: MMSG-13877]
Notify: Next row for parameter EmpDOBMonth = 48 [table  = EmpDOBMonth].	[MsgId: MMSG-13876]
Notify: Getting new value for parameter 'EmpDOBMonth': table = 'EmployeeRoster' column = '14' row = '48'.	[MsgId: MMSG-13877]
Starting action ScriptFlow.	[MsgId: MMSG-15919]
ScriptFlow.c(21): Think time - Waiting 2.00 seconds (according to limit).	[MsgId: MMSG-15946]
ScriptFlow.c(21): lr_think_time: 2.00 seconds (recorded think time was 10.00 seconds).	[MsgId: MMSG-15947]
EnrollAppLandingPage.c(5): web_reg_find started  	[MsgId: MMSG-26355]
EnrollAppLandingPage.c(5): Registering web_reg_find was successful  	[MsgId: MMSG-26390]
EnrollAppLandingPage.c(8): web_link("Skip to STEP 2, I already understand my options") started  	[MsgId: MMSG-26355]
EnrollAppLandingPage.c(8): Notify: Parameter Substitution: parameter "EnrollAppLandingPage" =  "enroll-preprod.dchbx.org"	[MsgId: MMSG-13992]
EnrollAppLandingPage.c(8): Notify: Parameter Substitution: parameter "EnrollAppLandingPage" =  "enroll-preprod.dchbx.org"	[MsgId: MMSG-13992]
EnrollAppLandingPage.c(8): Notify: Parameter Substitution: parameter "EnrollAppLandingPage" =  "enroll-preprod.dchbx.org"	[MsgId: MMSG-13992]
EnrollAppLandingPage.c(8): Error -27985: There is no context for HTML-based functions. A previous function may not have used "Mode=HTML" or downloaded only non-HTML page(s), or the context has been reset (e.g., due to a GUI-based function)  	[MsgId: MERR-27985]
EnrollAppLandingPage.c(8): Error -26366: "Text=Create account" not found for web_reg_find  	[MsgId: MERR-26366]
EnrollAppLandingPage.c(8): Error -26374: The above "not found" error(s) may be explained by header and body byte counts being 0 and 0, respectively.  	[MsgId: MERR-26374]
EnrollAppLandingPage.c(8): web_link("Skip to STEP 2, I already understand my options") highest severity level was "ERROR", 0 body bytes, 0 header bytes  	[MsgId: MMSG-26388]
Ending action ScriptFlow.	[MsgId: MMSG-15918]
Ending iteration 8.	[MsgId: MMSG-15965]
Starting iteration 9.	[MsgId: MMSG-15968]
Notify: Next row for parameter pEmpPrefix = 11 [table  = pEmpPrefix].	[MsgId: MMSG-13876]
Notify: Getting new value for parameter 'pEmpPrefix': table = 'pEmpPrefix.dat' column = '0' row = '11'.	[MsgId: MMSG-13877]
Notify: Next row for parameter EmpFName = 35 [table  = EmpFName].	[MsgId: MMSG-13876]
Notify: Getting new value for parameter 'EmpFName': table = 'EmployeeRoster' column = '0' row = '35'.	[MsgId: MMSG-13877]
Notify: Next row for parameter pEmlyePrefix = 11 [table  = pEmlyePrefix].	[MsgId: MMSG-13876]
Notify: Getting new value for parameter 'pEmlyePrefix': table = 'pEmpPrefix.dat' column = '1' row = '11'.	[MsgId: MMSG-13877]
Notify: Next row for parameter Carrier_ID = 1 [table  = Carrier_ID].	[MsgId: MMSG-13876]
Notify: Getting new value for parameter 'Carrier_ID': table = 'ReferencePlan.dat' column = '4' row = '1'.	[MsgId: MMSG-13877]
Notify: Next row for parameter EmpSSN = 35 [table  = EmpSSN].	[MsgId: MMSG-13876]
Notify: Getting new value for parameter 'EmpSSN': table = 'EmployeeRoster' column = '5' row = '35'.	[MsgId: MMSG-13877]
Notify: Next row for parameter EmpHireDatePicker = 35 [table  = EmpHireDatePicker].	[MsgId: MMSG-13876]
Notify: Getting new value for parameter 'EmpHireDatePicker': table = 'EmployeeRoster' column = '8' row = '35'.	[MsgId: MMSG-13877]
Notify: Next row for parameter EmpDOBYear = 35 [table  = EmpDOBYear].	[MsgId: MMSG-13876]
Notify: Getting new value for parameter 'EmpDOBYear': table = 'EmployeeRoster' column = '15' row = '35'.	[MsgId: MMSG-13877]
Notify: Next row for parameter EmpSpouseSSN = 35 [table  = EmpSpouseSSN].	[MsgId: MMSG-13876]
Notify: Getting new value for parameter 'EmpSpouseSSN': table = 'EmployeeRoster' column = '16' row = '35'.	[MsgId: MMSG-13877]
Notify: Next row for parameter EmpHireDate = 35 [table  = EmpHireDate].	[MsgId: MMSG-13876]
Notify: Getting new value for parameter 'EmpHireDate': table = 'EmployeeRoster' column = '7' row = '35'.	[MsgId: MMSG-13877]
Notify: Next row for parameter TxName = 1 [table  = TxName].	[MsgId: MMSG-13876]
Notify: Getting new value for parameter 'TxName': table = 'ReferencePlan.dat' column = '3' row = '1'.	[MsgId: MMSG-13877]
Notify: Next row for parameter EmpMI = 35 [table  = EmpMI].	[MsgId: MMSG-13876]
Notify: Getting new value for parameter 'EmpMI': table = 'EmployeeRoster' column = '1' row = '35'.	[MsgId: MMSG-13877]
Notify: Next row for parameter EmpCity = 35 [table  = EmpCity].	[MsgId: MMSG-13876]
Notify: Getting new value for parameter 'EmpCity': table = 'EmployeeRoster' column = '10' row = '35'.	[MsgId: MMSG-13877]
Notify: Next row for parameter EmpLName = 35 [table  = EmpLName].	[MsgId: MMSG-13876]
Notify: Getting new value for parameter 'EmpLName': table = 'EmployeeRoster' column = '2' row = '35'.	[MsgId: MMSG-13877]
Notify: Next row for parameter EmpDep1Relation = 35 [table  = EmpDep1Relation].	[MsgId: MMSG-13876]
Notify: Getting new value for parameter 'EmpDep1Relation': table = 'EmployeeRoster' column = '18' row = '35'.	[MsgId: MMSG-13877]
Notify: Next row for parameter Metal_Level = 1 [table  = Metal_Level].	[MsgId: MMSG-13876]
Notify: Getting new value for parameter 'Metal_Level': table = 'ReferencePlan.dat' column = '2' row = '1'.	[MsgId: MMSG-13877]
Notify: Next row for parameter PlanOption = 1 [table  = PlanOption].	[MsgId: MMSG-13876]
Notify: Getting new value for parameter 'PlanOption': table = 'ReferencePlan.dat' column = '1' row = '1'.	[MsgId: MMSG-13877]
Notify: Next row for parameter EmpDOBPicker = 35 [table  = EmpDOBPicker].	[MsgId: MMSG-13876]
Notify: Getting new value for parameter 'EmpDOBPicker': table = 'EmployeeRoster' column = '3' row = '35'.	[MsgId: MMSG-13877]
Notify: Next row for parameter EmpWorkEmail = 35 [table  = EmpWorkEmail].	[MsgId: MMSG-13876]
Notify: Getting new value for parameter 'EmpWorkEmail': table = 'EmployeeRoster' column = '12' row = '35'.	[MsgId: MMSG-13877]
Notify: Next row for parameter EmpZip = 35 [table  = EmpZip].	[MsgId: MMSG-13876]
Notify: Getting new value for parameter 'EmpZip': table = 'EmployeeRoster' column = '11' row = '35'.	[MsgId: MMSG-13877]
Notify: Next row for parameter EmpAddressL1 = 35 [table  = EmpAddressL1].	[MsgId: MMSG-13876]
Notify: Getting new value for parameter 'EmpAddressL1': table = 'EmployeeRoster' column = '9' row = '35'.	[MsgId: MMSG-13877]
Notify: Next row for parameter EmpDOBDay = 35 [table  = EmpDOBDay].	[MsgId: MMSG-13876]
Notify: Getting new value for parameter 'EmpDOBDay': table = 'EmployeeRoster' column = '13' row = '35'.	[MsgId: MMSG-13877]
Notify: Next row for parameter EmpSpouseGender = 35 [table  = EmpSpouseGender].	[MsgId: MMSG-13876]
Notify: Getting new value for parameter 'EmpSpouseGender': table = 'EmployeeRoster' column = '17' row = '35'.	[MsgId: MMSG-13877]
Notify: Next row for parameter EmpSEX = 35 [table  = EmpSEX].	[MsgId: MMSG-13876]
Notify: Getting new value for parameter 'EmpSEX': table = 'EmployeeRoster' column = '6' row = '35'.	[MsgId: MMSG-13877]
Notify: Next row for parameter EmpDOB = 35 [table  = EmpDOB].	[MsgId: MMSG-13876]
Notify: Getting new value for parameter 'EmpDOB': table = 'EmployeeRoster' column = '4' row = '35'.	[MsgId: MMSG-13877]
Notify: Next row for parameter EmpDOBMonth = 35 [table  = EmpDOBMonth].	[MsgId: MMSG-13876]
Notify: Getting new value for parameter 'EmpDOBMonth': table = 'EmployeeRoster' column = '14' row = '35'.	[MsgId: MMSG-13877]
Starting action ScriptFlow.	[MsgId: MMSG-15919]
ScriptFlow.c(21): Think time - Waiting 2.00 seconds (according to limit).	[MsgId: MMSG-15946]
ScriptFlow.c(21): lr_think_time: 2.00 seconds (recorded think time was 10.00 seconds).	[MsgId: MMSG-15947]
EnrollAppLandingPage.c(5): web_reg_find started  	[MsgId: MMSG-26355]
EnrollAppLandingPage.c(5): Registering web_reg_find was successful  	[MsgId: MMSG-26390]
EnrollAppLandingPage.c(8): web_link("Skip to STEP 2, I already understand my options") started  	[MsgId: MMSG-26355]
EnrollAppLandingPage.c(8): Notify: Parameter Substitution: parameter "EnrollAppLandingPage" =  "enroll-preprod.dchbx.org"	[MsgId: MMSG-13992]
EnrollAppLandingPage.c(8): Notify: Parameter Substitution: parameter "EnrollAppLandingPage" =  "enroll-preprod.dchbx.org"	[MsgId: MMSG-13992]
EnrollAppLandingPage.c(8): Notify: Parameter Substitution: parameter "EnrollAppLandingPage" =  "enroll-preprod.dchbx.org"	[MsgId: MMSG-13992]
EnrollAppLandingPage.c(8): Error -27985: There is no context for HTML-based functions. A previous function may not have used "Mode=HTML" or downloaded only non-HTML page(s), or the context has been reset (e.g., due to a GUI-based function)  	[MsgId: MERR-27985]
EnrollAppLandingPage.c(8): Error -26366: "Text=Create account" not found for web_reg_find  	[MsgId: MERR-26366]
EnrollAppLandingPage.c(8): Error -26374: The above "not found" error(s) may be explained by header and body byte counts being 0 and 0, respectively.  	[MsgId: MERR-26374]
EnrollAppLandingPage.c(8): web_link("Skip to STEP 2, I already understand my options") highest severity level was "ERROR", 0 body bytes, 0 header bytes  	[MsgId: MMSG-26388]
Ending action ScriptFlow.	[MsgId: MMSG-15918]
Ending iteration 9.	[MsgId: MMSG-15965]
Starting iteration 10.	[MsgId: MMSG-15968]
Notify: Next row for parameter pEmpPrefix = 29 [table  = pEmpPrefix].	[MsgId: MMSG-13876]
Notify: Getting new value for parameter 'pEmpPrefix': table = 'pEmpPrefix.dat' column = '0' row = '29'.	[MsgId: MMSG-13877]
Notify: Next row for parameter EmpFName = 44 [table  = EmpFName].	[MsgId: MMSG-13876]
Notify: Getting new value for parameter 'EmpFName': table = 'EmployeeRoster' column = '0' row = '44'.	[MsgId: MMSG-13877]
Notify: Next row for parameter pEmlyePrefix = 29 [table  = pEmlyePrefix].	[MsgId: MMSG-13876]
Notify: Getting new value for parameter 'pEmlyePrefix': table = 'pEmpPrefix.dat' column = '1' row = '29'.	[MsgId: MMSG-13877]
Notify: Next row for parameter Carrier_ID = 1 [table  = Carrier_ID].	[MsgId: MMSG-13876]
Notify: Getting new value for parameter 'Carrier_ID': table = 'ReferencePlan.dat' column = '4' row = '1'.	[MsgId: MMSG-13877]
Notify: Next row for parameter EmpSSN = 44 [table  = EmpSSN].	[MsgId: MMSG-13876]
Notify: Getting new value for parameter 'EmpSSN': table = 'EmployeeRoster' column = '5' row = '44'.	[MsgId: MMSG-13877]
Notify: Next row for parameter EmpHireDatePicker = 44 [table  = EmpHireDatePicker].	[MsgId: MMSG-13876]
Notify: Getting new value for parameter 'EmpHireDatePicker': table = 'EmployeeRoster' column = '8' row = '44'.	[MsgId: MMSG-13877]
Notify: Next row for parameter EmpDOBYear = 44 [table  = EmpDOBYear].	[MsgId: MMSG-13876]
Notify: Getting new value for parameter 'EmpDOBYear': table = 'EmployeeRoster' column = '15' row = '44'.	[MsgId: MMSG-13877]
Notify: Next row for parameter EmpSpouseSSN = 44 [table  = EmpSpouseSSN].	[MsgId: MMSG-13876]
Notify: Getting new value for parameter 'EmpSpouseSSN': table = 'EmployeeRoster' column = '16' row = '44'.	[MsgId: MMSG-13877]
Notify: Next row for parameter EmpHireDate = 44 [table  = EmpHireDate].	[MsgId: MMSG-13876]
Notify: Getting new value for parameter 'EmpHireDate': table = 'EmployeeRoster' column = '7' row = '44'.	[MsgId: MMSG-13877]
Notify: Next row for parameter TxName = 1 [table  = TxName].	[MsgId: MMSG-13876]
Notify: Getting new value for parameter 'TxName': table = 'ReferencePlan.dat' column = '3' row = '1'.	[MsgId: MMSG-13877]
Notify: Next row for parameter EmpMI = 44 [table  = EmpMI].	[MsgId: MMSG-13876]
Notify: Getting new value for parameter 'EmpMI': table = 'EmployeeRoster' column = '1' row = '44'.	[MsgId: MMSG-13877]
Notify: Next row for parameter EmpCity = 44 [table  = EmpCity].	[MsgId: MMSG-13876]
Notify: Getting new value for parameter 'EmpCity': table = 'EmployeeRoster' column = '10' row = '44'.	[MsgId: MMSG-13877]
Notify: Next row for parameter EmpLName = 44 [table  = EmpLName].	[MsgId: MMSG-13876]
Notify: Getting new value for parameter 'EmpLName': table = 'EmployeeRoster' column = '2' row = '44'.	[MsgId: MMSG-13877]
Notify: Next row for parameter EmpDep1Relation = 44 [table  = EmpDep1Relation].	[MsgId: MMSG-13876]
Notify: Getting new value for parameter 'EmpDep1Relation': table = 'EmployeeRoster' column = '18' row = '44'.	[MsgId: MMSG-13877]
Notify: Next row for parameter Metal_Level = 1 [table  = Metal_Level].	[MsgId: MMSG-13876]
Notify: Getting new value for parameter 'Metal_Level': table = 'ReferencePlan.dat' column = '2' row = '1'.	[MsgId: MMSG-13877]
Notify: Next row for parameter PlanOption = 1 [table  = PlanOption].	[MsgId: MMSG-13876]
Notify: Getting new value for parameter 'PlanOption': table = 'ReferencePlan.dat' column = '1' row = '1'.	[MsgId: MMSG-13877]
Notify: Next row for parameter EmpDOBPicker = 44 [table  = EmpDOBPicker].	[MsgId: MMSG-13876]
Notify: Getting new value for parameter 'EmpDOBPicker': table = 'EmployeeRoster' column = '3' row = '44'.	[MsgId: MMSG-13877]
Notify: Next row for parameter EmpWorkEmail = 44 [table  = EmpWorkEmail].	[MsgId: MMSG-13876]
Notify: Getting new value for parameter 'EmpWorkEmail': table = 'EmployeeRoster' column = '12' row = '44'.	[MsgId: MMSG-13877]
Notify: Next row for parameter EmpZip = 44 [table  = EmpZip].	[MsgId: MMSG-13876]
Notify: Getting new value for parameter 'EmpZip': table = 'EmployeeRoster' column = '11' row = '44'.	[MsgId: MMSG-13877]
Notify: Next row for parameter EmpAddressL1 = 44 [table  = EmpAddressL1].	[MsgId: MMSG-13876]
Notify: Getting new value for parameter 'EmpAddressL1': table = 'EmployeeRoster' column = '9' row = '44'.	[MsgId: MMSG-13877]
Notify: Next row for parameter EmpDOBDay = 44 [table  = EmpDOBDay].	[MsgId: MMSG-13876]
Notify: Getting new value for parameter 'EmpDOBDay': table = 'EmployeeRoster' column = '13' row = '44'.	[MsgId: MMSG-13877]
Notify: Next row for parameter EmpSpouseGender = 44 [table  = EmpSpouseGender].	[MsgId: MMSG-13876]
Notify: Getting new value for parameter 'EmpSpouseGender': table = 'EmployeeRoster' column = '17' row = '44'.	[MsgId: MMSG-13877]
Notify: Next row for parameter EmpSEX = 44 [table  = EmpSEX].	[MsgId: MMSG-13876]
Notify: Getting new value for parameter 'EmpSEX': table = 'EmployeeRoster' column = '6' row = '44'.	[MsgId: MMSG-13877]
Notify: Next row for parameter EmpDOB = 44 [table  = EmpDOB].	[MsgId: MMSG-13876]
Notify: Getting new value for parameter 'EmpDOB': table = 'EmployeeRoster' column = '4' row = '44'.	[MsgId: MMSG-13877]
Notify: Next row for parameter EmpDOBMonth = 44 [table  = EmpDOBMonth].	[MsgId: MMSG-13876]
Notify: Getting new value for parameter 'EmpDOBMonth': table = 'EmployeeRoster' column = '14' row = '44'.	[MsgId: MMSG-13877]
Starting action ScriptFlow.	[MsgId: MMSG-15919]
ScriptFlow.c(21): Think time - Waiting 2.00 seconds (according to limit).	[MsgId: MMSG-15946]
ScriptFlow.c(21): lr_think_time: 2.00 seconds (recorded think time was 10.00 seconds).	[MsgId: MMSG-15947]
EnrollAppLandingPage.c(5): web_reg_find started  	[MsgId: MMSG-26355]
EnrollAppLandingPage.c(5): Registering web_reg_find was successful  	[MsgId: MMSG-26390]
EnrollAppLandingPage.c(8): web_link("Skip to STEP 2, I already understand my options") started  	[MsgId: MMSG-26355]
EnrollAppLandingPage.c(8): Notify: Parameter Substitution: parameter "EnrollAppLandingPage" =  "enroll-preprod.dchbx.org"	[MsgId: MMSG-13992]
EnrollAppLandingPage.c(8): Notify: Parameter Substitution: parameter "EnrollAppLandingPage" =  "enroll-preprod.dchbx.org"	[MsgId: MMSG-13992]
EnrollAppLandingPage.c(8): Notify: Parameter Substitution: parameter "EnrollAppLandingPage" =  "enroll-preprod.dchbx.org"	[MsgId: MMSG-13992]
EnrollAppLandingPage.c(8): Error -27985: There is no context for HTML-based functions. A previous function may not have used "Mode=HTML" or downloaded only non-HTML page(s), or the context has been reset (e.g., due to a GUI-based function)  	[MsgId: MERR-27985]
EnrollAppLandingPage.c(8): Error -26366: "Text=Create account" not found for web_reg_find  	[MsgId: MERR-26366]
EnrollAppLandingPage.c(8): Error -26374: The above "not found" error(s) may be explained by header and body byte counts being 0 and 0, respectively.  	[MsgId: MERR-26374]
EnrollAppLandingPage.c(8): web_link("Skip to STEP 2, I already understand my options") highest severity level was "ERROR", 0 body bytes, 0 header bytes  	[MsgId: MMSG-26388]
Ending action ScriptFlow.	[MsgId: MMSG-15918]
Ending iteration 10.	[MsgId: MMSG-15965]
Starting iteration 11.	[MsgId: MMSG-15968]
Notify: Next row for parameter pEmpPrefix = 6 [table  = pEmpPrefix].	[MsgId: MMSG-13876]
Notify: Getting new value for parameter 'pEmpPrefix': table = 'pEmpPrefix.dat' column = '0' row = '6'.	[MsgId: MMSG-13877]
Notify: Next row for parameter EmpFName = 2 [table  = EmpFName].	[MsgId: MMSG-13876]
Notify: Getting new value for parameter 'EmpFName': table = 'EmployeeRoster' column = '0' row = '2'.	[MsgId: MMSG-13877]
Notify: Next row for parameter pEmlyePrefix = 6 [table  = pEmlyePrefix].	[MsgId: MMSG-13876]
Notify: Getting new value for parameter 'pEmlyePrefix': table = 'pEmpPrefix.dat' column = '1' row = '6'.	[MsgId: MMSG-13877]
Notify: Next row for parameter Carrier_ID = 1 [table  = Carrier_ID].	[MsgId: MMSG-13876]
Notify: Getting new value for parameter 'Carrier_ID': table = 'ReferencePlan.dat' column = '4' row = '1'.	[MsgId: MMSG-13877]
Notify: Next row for parameter EmpSSN = 2 [table  = EmpSSN].	[MsgId: MMSG-13876]
Notify: Getting new value for parameter 'EmpSSN': table = 'EmployeeRoster' column = '5' row = '2'.	[MsgId: MMSG-13877]
Notify: Next row for parameter EmpHireDatePicker = 2 [table  = EmpHireDatePicker].	[MsgId: MMSG-13876]
Notify: Getting new value for parameter 'EmpHireDatePicker': table = 'EmployeeRoster' column = '8' row = '2'.	[MsgId: MMSG-13877]
Notify: Next row for parameter EmpDOBYear = 2 [table  = EmpDOBYear].	[MsgId: MMSG-13876]
Notify: Getting new value for parameter 'EmpDOBYear': table = 'EmployeeRoster' column = '15' row = '2'.	[MsgId: MMSG-13877]
Notify: Next row for parameter EmpSpouseSSN = 2 [table  = EmpSpouseSSN].	[MsgId: MMSG-13876]
Notify: Getting new value for parameter 'EmpSpouseSSN': table = 'EmployeeRoster' column = '16' row = '2'.	[MsgId: MMSG-13877]
Notify: Next row for parameter EmpHireDate = 2 [table  = EmpHireDate].	[MsgId: MMSG-13876]
Notify: Getting new value for parameter 'EmpHireDate': table = 'EmployeeRoster' column = '7' row = '2'.	[MsgId: MMSG-13877]
Notify: Next row for parameter TxName = 1 [table  = TxName].	[MsgId: MMSG-13876]
Notify: Getting new value for parameter 'TxName': table = 'ReferencePlan.dat' column = '3' row = '1'.	[MsgId: MMSG-13877]
Notify: Next row for parameter EmpMI = 2 [table  = EmpMI].	[MsgId: MMSG-13876]
Notify: Getting new value for parameter 'EmpMI': table = 'EmployeeRoster' column = '1' row = '2'.	[MsgId: MMSG-13877]
Notify: Next row for parameter EmpCity = 2 [table  = EmpCity].	[MsgId: MMSG-13876]
Notify: Getting new value for parameter 'EmpCity': table = 'EmployeeRoster' column = '10' row = '2'.	[MsgId: MMSG-13877]
Notify: Next row for parameter EmpLName = 2 [table  = EmpLName].	[MsgId: MMSG-13876]
Notify: Getting new value for parameter 'EmpLName': table = 'EmployeeRoster' column = '2' row = '2'.	[MsgId: MMSG-13877]
Notify: Next row for parameter EmpDep1Relation = 2 [table  = EmpDep1Relation].	[MsgId: MMSG-13876]
Notify: Getting new value for parameter 'EmpDep1Relation': table = 'EmployeeRoster' column = '18' row = '2'.	[MsgId: MMSG-13877]
Notify: Next row for parameter Metal_Level = 1 [table  = Metal_Level].	[MsgId: MMSG-13876]
Notify: Getting new value for parameter 'Metal_Level': table = 'ReferencePlan.dat' column = '2' row = '1'.	[MsgId: MMSG-13877]
Notify: Next row for parameter PlanOption = 1 [table  = PlanOption].	[MsgId: MMSG-13876]
Notify: Getting new value for parameter 'PlanOption': table = 'ReferencePlan.dat' column = '1' row = '1'.	[MsgId: MMSG-13877]
Notify: Next row for parameter EmpDOBPicker = 2 [table  = EmpDOBPicker].	[MsgId: MMSG-13876]
Notify: Getting new value for parameter 'EmpDOBPicker': table = 'EmployeeRoster' column = '3' row = '2'.	[MsgId: MMSG-13877]
Notify: Next row for parameter EmpWorkEmail = 2 [table  = EmpWorkEmail].	[MsgId: MMSG-13876]
Notify: Getting new value for parameter 'EmpWorkEmail': table = 'EmployeeRoster' column = '12' row = '2'.	[MsgId: MMSG-13877]
Notify: Next row for parameter EmpZip = 2 [table  = EmpZip].	[MsgId: MMSG-13876]
Notify: Getting new value for parameter 'EmpZip': table = 'EmployeeRoster' column = '11' row = '2'.	[MsgId: MMSG-13877]
Notify: Next row for parameter EmpAddressL1 = 2 [table  = EmpAddressL1].	[MsgId: MMSG-13876]
Notify: Getting new value for parameter 'EmpAddressL1': table = 'EmployeeRoster' column = '9' row = '2'.	[MsgId: MMSG-13877]
Notify: Next row for parameter EmpDOBDay = 2 [table  = EmpDOBDay].	[MsgId: MMSG-13876]
Notify: Getting new value for parameter 'EmpDOBDay': table = 'EmployeeRoster' column = '13' row = '2'.	[MsgId: MMSG-13877]
Notify: Next row for parameter EmpSpouseGender = 2 [table  = EmpSpouseGender].	[MsgId: MMSG-13876]
Notify: Getting new value for parameter 'EmpSpouseGender': table = 'EmployeeRoster' column = '17' row = '2'.	[MsgId: MMSG-13877]
Notify: Next row for parameter EmpSEX = 2 [table  = EmpSEX].	[MsgId: MMSG-13876]
Notify: Getting new value for parameter 'EmpSEX': table = 'EmployeeRoster' column = '6' row = '2'.	[MsgId: MMSG-13877]
Notify: Next row for parameter EmpDOB = 2 [table  = EmpDOB].	[MsgId: MMSG-13876]
Notify: Getting new value for parameter 'EmpDOB': table = 'EmployeeRoster' column = '4' row = '2'.	[MsgId: MMSG-13877]
Notify: Next row for parameter EmpDOBMonth = 2 [table  = EmpDOBMonth].	[MsgId: MMSG-13876]
Notify: Getting new value for parameter 'EmpDOBMonth': table = 'EmployeeRoster' column = '14' row = '2'.	[MsgId: MMSG-13877]
Starting action ScriptFlow.	[MsgId: MMSG-15919]
ScriptFlow.c(21): Think time - Waiting 2.00 seconds (according to limit).	[MsgId: MMSG-15946]
ScriptFlow.c(21): lr_think_time: 2.00 seconds (recorded think time was 10.00 seconds).	[MsgId: MMSG-15947]
EnrollAppLandingPage.c(5): web_reg_find started  	[MsgId: MMSG-26355]
EnrollAppLandingPage.c(5): Registering web_reg_find was successful  	[MsgId: MMSG-26390]
EnrollAppLandingPage.c(8): web_link("Skip to STEP 2, I already understand my options") started  	[MsgId: MMSG-26355]
EnrollAppLandingPage.c(8): Notify: Parameter Substitution: parameter "EnrollAppLandingPage" =  "enroll-preprod.dchbx.org"	[MsgId: MMSG-13992]
EnrollAppLandingPage.c(8): Notify: Parameter Substitution: parameter "EnrollAppLandingPage" =  "enroll-preprod.dchbx.org"	[MsgId: MMSG-13992]
EnrollAppLandingPage.c(8): Notify: Parameter Substitution: parameter "EnrollAppLandingPage" =  "enroll-preprod.dchbx.org"	[MsgId: MMSG-13992]
EnrollAppLandingPage.c(8): Error -27985: There is no context for HTML-based functions. A previous function may not have used "Mode=HTML" or downloaded only non-HTML page(s), or the context has been reset (e.g., due to a GUI-based function)  	[MsgId: MERR-27985]
EnrollAppLandingPage.c(8): Error -26366: "Text=Create account" not found for web_reg_find  	[MsgId: MERR-26366]
EnrollAppLandingPage.c(8): Error -26374: The above "not found" error(s) may be explained by header and body byte counts being 0 and 0, respectively.  	[MsgId: MERR-26374]
EnrollAppLandingPage.c(8): web_link("Skip to STEP 2, I already understand my options") highest severity level was "ERROR", 0 body bytes, 0 header bytes  	[MsgId: MMSG-26388]
Ending action ScriptFlow.	[MsgId: MMSG-15918]
Action was aborted.	[MsgId: MMSG-10694]
Ending Vuser...	[MsgId: MMSG-15966]
Starting action vuser_end.	[MsgId: MMSG-15919]
Ending action vuser_end.	[MsgId: MMSG-15918]
Vuser Terminated.	[MsgId: MMSG-15963]
Vuser 0 (thread 8612), ended OK."	[MsgId: MMSG-10695]
