Virtual User Script started at : 9/30/2015 2:28:27 PM	[MsgId: MMSG-15967]
Starting action vuser_init.	[MsgId: MMSG-15919]
Web Turbo Replay of LoadRunner 12.0.0 for Windows 7; build 2739 (Nov 30 2014 23:13:05)  	[MsgId: MMSG-27143]
Run mode: HTML  	[MsgId: MMSG-26993]
Run-Time Settings file: "C:\Users\francis.montenegro\AppData\Local\Temp\1\lr5tmpdird5R.360\lrcfggII.361\cfgsOb.368"  	[MsgId: MMSG-27141]
vuser_init.c(17): Notify: Parameter Substitution: parameter "MillisSeed" =  "142827.252"	[MsgId: MMSG-13992]
vuser_init.c(19): Notify: Parameter Substitution: parameter "VUserID" =  "5"	[MsgId: MMSG-13992]
vuser_init.c(24): Notify: Saving Parameter "EmpFileName = C:\Enroll_App\Data_Folder\EmpFName_0.dat".	[MsgId: MMSG-13798]
CreateFiles.c(5): Notify: Parameter Substitution: parameter "EmpFileName" =  "C:\Enroll_App\Data_Folder\EmpFName_0.dat"	[MsgId: MMSG-13992]
Ending action vuser_init.	[MsgId: MMSG-15918]
Running Vuser...	[MsgId: MMSG-15964]
Starting iteration 1.	[MsgId: MMSG-15968]
Maximum number of concurrent connections per server: 6  	[MsgId: MMSG-26989]
Starting action ScriptFlow.	[MsgId: MMSG-15919]
ScriptFlow.c(21): Think time - Waiting 2.00 seconds (according to limit).	[MsgId: MMSG-15946]
ScriptFlow.c(21): lr_think_time: 2.00 seconds (recorded think time was 10.00 seconds).	[MsgId: MMSG-15947]
EnrollAppLandingPage.c(5): web_reg_find started  	[MsgId: MMSG-26355]
EnrollAppLandingPage.c(5): Registering web_reg_find was successful  	[MsgId: MMSG-26390]
EnrollAppLandingPage.c(8): web_link("Skip to STEP 2, I already understand my options") started  	[MsgId: MMSG-26355]
EnrollAppLandingPage.c(8): Notify: Parameter Substitution: parameter "EnrollAppLandingPage" =  "enroll-preprod.dchbx.org"	[MsgId: MMSG-13992]
EnrollAppLandingPage.c(8): Notify: Parameter Substitution: parameter "EnrollAppLandingPage" =  "enroll-preprod.dchbx.org"	[MsgId: MMSG-13992]
EnrollAppLandingPage.c(8): Notify: Parameter Substitution: parameter "EnrollAppLandingPage" =  "enroll-preprod.dchbx.org"	[MsgId: MMSG-13992]
EnrollAppLandingPage.c(8): Error -27985: There is no context for HTML-based functions. A previous function may not have used "Mode=HTML" or downloaded only non-HTML page(s), or the context has been reset (e.g., due to a GUI-based function)  	[MsgId: MERR-27985]
EnrollAppLandingPage.c(8): Warning -26379: Pending web_reg_save_param/reg_find/create_html_param[_ex] request(s) are deleted and will be handled as "not found"  	[MsgId: MWAR-26379]
EnrollAppLandingPage.c(8): Error -26366: "Text=Create account" not found for web_reg_find  	[MsgId: MERR-26366]
EnrollAppLandingPage.c(8): Error -26374: The above "not found" error(s) may be explained by header and body byte counts being 0 and 0, respectively.  	[MsgId: MERR-26374]
EnrollAppLandingPage.c(8): web_link("Skip to STEP 2, I already understand my options") highest severity level was "ERROR", 0 body bytes, 0 header bytes  	[MsgId: MMSG-26388]
Ending action ScriptFlow.	[MsgId: MMSG-15918]
Ending iteration 1.	[MsgId: MMSG-15965]
Starting iteration 2.	[MsgId: MMSG-15968]
Notify: Next row for parameter pEmpPrefix = 66 [table  = pEmpPrefix].	[MsgId: MMSG-13876]
Notify: Getting new value for parameter 'pEmpPrefix': table = 'pEmpPrefix.dat' column = '0' row = '66'.	[MsgId: MMSG-13877]
Notify: Next row for parameter EmpFName = 46 [table  = EmpFName].	[MsgId: MMSG-13876]
Notify: Getting new value for parameter 'EmpFName': table = 'EmployeeRoster' column = '0' row = '46'.	[MsgId: MMSG-13877]
Notify: Next row for parameter pEmlyePrefix = 66 [table  = pEmlyePrefix].	[MsgId: MMSG-13876]
Notify: Getting new value for parameter 'pEmlyePrefix': table = 'pEmpPrefix.dat' column = '1' row = '66'.	[MsgId: MMSG-13877]
Notify: Next row for parameter Carrier_ID = 1 [table  = Carrier_ID].	[MsgId: MMSG-13876]
Notify: Getting new value for parameter 'Carrier_ID': table = 'ReferencePlan.dat' column = '4' row = '1'.	[MsgId: MMSG-13877]
Notify: Next row for parameter EmpSSN = 46 [table  = EmpSSN].	[MsgId: MMSG-13876]
Notify: Getting new value for parameter 'EmpSSN': table = 'EmployeeRoster' column = '5' row = '46'.	[MsgId: MMSG-13877]
Notify: Next row for parameter EmpHireDatePicker = 46 [table  = EmpHireDatePicker].	[MsgId: MMSG-13876]
Notify: Getting new value for parameter 'EmpHireDatePicker': table = 'EmployeeRoster' column = '8' row = '46'.	[MsgId: MMSG-13877]
Notify: Next row for parameter EmpDOBYear = 46 [table  = EmpDOBYear].	[MsgId: MMSG-13876]
Notify: Getting new value for parameter 'EmpDOBYear': table = 'EmployeeRoster' column = '15' row = '46'.	[MsgId: MMSG-13877]
Notify: Next row for parameter EmpSpouseSSN = 46 [table  = EmpSpouseSSN].	[MsgId: MMSG-13876]
Notify: Getting new value for parameter 'EmpSpouseSSN': table = 'EmployeeRoster' column = '16' row = '46'.	[MsgId: MMSG-13877]
Notify: Next row for parameter EmpHireDate = 46 [table  = EmpHireDate].	[MsgId: MMSG-13876]
Notify: Getting new value for parameter 'EmpHireDate': table = 'EmployeeRoster' column = '7' row = '46'.	[MsgId: MMSG-13877]
Notify: Next row for parameter TxName = 1 [table  = TxName].	[MsgId: MMSG-13876]
Notify: Getting new value for parameter 'TxName': table = 'ReferencePlan.dat' column = '3' row = '1'.	[MsgId: MMSG-13877]
Notify: Next row for parameter EmpMI = 46 [table  = EmpMI].	[MsgId: MMSG-13876]
Notify: Getting new value for parameter 'EmpMI': table = 'EmployeeRoster' column = '1' row = '46'.	[MsgId: MMSG-13877]
Notify: Next row for parameter EmpCity = 46 [table  = EmpCity].	[MsgId: MMSG-13876]
Notify: Getting new value for parameter 'EmpCity': table = 'EmployeeRoster' column = '10' row = '46'.	[MsgId: MMSG-13877]
Notify: Next row for parameter EmpLName = 46 [table  = EmpLName].	[MsgId: MMSG-13876]
Notify: Getting new value for parameter 'EmpLName': table = 'EmployeeRoster' column = '2' row = '46'.	[MsgId: MMSG-13877]
Notify: Next row for parameter EmpDep1Relation = 46 [table  = EmpDep1Relation].	[MsgId: MMSG-13876]
Notify: Getting new value for parameter 'EmpDep1Relation': table = 'EmployeeRoster' column = '18' row = '46'.	[MsgId: MMSG-13877]
Notify: Next row for parameter Metal_Level = 1 [table  = Metal_Level].	[MsgId: MMSG-13876]
Notify: Getting new value for parameter 'Metal_Level': table = 'ReferencePlan.dat' column = '2' row = '1'.	[MsgId: MMSG-13877]
Notify: Next row for parameter PlanOption = 1 [table  = PlanOption].	[MsgId: MMSG-13876]
Notify: Getting new value for parameter 'PlanOption': table = 'ReferencePlan.dat' column = '1' row = '1'.	[MsgId: MMSG-13877]
Notify: Next row for parameter EmpDOBPicker = 46 [table  = EmpDOBPicker].	[MsgId: MMSG-13876]
Notify: Getting new value for parameter 'EmpDOBPicker': table = 'EmployeeRoster' column = '3' row = '46'.	[MsgId: MMSG-13877]
Notify: Next row for parameter EmpWorkEmail = 46 [table  = EmpWorkEmail].	[MsgId: MMSG-13876]
Notify: Getting new value for parameter 'EmpWorkEmail': table = 'EmployeeRoster' column = '12' row = '46'.	[MsgId: MMSG-13877]
Notify: Next row for parameter EmpZip = 46 [table  = EmpZip].	[MsgId: MMSG-13876]
Notify: Getting new value for parameter 'EmpZip': table = 'EmployeeRoster' column = '11' row = '46'.	[MsgId: MMSG-13877]
Notify: Next row for parameter EmpAddressL1 = 46 [table  = EmpAddressL1].	[MsgId: MMSG-13876]
Notify: Getting new value for parameter 'EmpAddressL1': table = 'EmployeeRoster' column = '9' row = '46'.	[MsgId: MMSG-13877]
Notify: Next row for parameter EmpDOBDay = 46 [table  = EmpDOBDay].	[MsgId: MMSG-13876]
Notify: Getting new value for parameter 'EmpDOBDay': table = 'EmployeeRoster' column = '13' row = '46'.	[MsgId: MMSG-13877]
Notify: Next row for parameter EmpSpouseGender = 46 [table  = EmpSpouseGender].	[MsgId: MMSG-13876]
Notify: Getting new value for parameter 'EmpSpouseGender': table = 'EmployeeRoster' column = '17' row = '46'.	[MsgId: MMSG-13877]
Notify: Next row for parameter EmpSEX = 46 [table  = EmpSEX].	[MsgId: MMSG-13876]
Notify: Getting new value for parameter 'EmpSEX': table = 'EmployeeRoster' column = '6' row = '46'.	[MsgId: MMSG-13877]
Notify: Next row for parameter EmpDOB = 46 [table  = EmpDOB].	[MsgId: MMSG-13876]
Notify: Getting new value for parameter 'EmpDOB': table = 'EmployeeRoster' column = '4' row = '46'.	[MsgId: MMSG-13877]
Notify: Next row for parameter EmpDOBMonth = 46 [table  = EmpDOBMonth].	[MsgId: MMSG-13876]
Notify: Getting new value for parameter 'EmpDOBMonth': table = 'EmployeeRoster' column = '14' row = '46'.	[MsgId: MMSG-13877]
Starting action ScriptFlow.	[MsgId: MMSG-15919]
ScriptFlow.c(21): Think time - Waiting 2.00 seconds (according to limit).	[MsgId: MMSG-15946]
ScriptFlow.c(21): lr_think_time: 2.00 seconds (recorded think time was 10.00 seconds).	[MsgId: MMSG-15947]
EnrollAppLandingPage.c(5): web_reg_find started  	[MsgId: MMSG-26355]
EnrollAppLandingPage.c(5): Registering web_reg_find was successful  	[MsgId: MMSG-26390]
EnrollAppLandingPage.c(8): web_link("Skip to STEP 2, I already understand my options") started  	[MsgId: MMSG-26355]
EnrollAppLandingPage.c(8): Notify: Parameter Substitution: parameter "EnrollAppLandingPage" =  "enroll-preprod.dchbx.org"	[MsgId: MMSG-13992]
EnrollAppLandingPage.c(8): Notify: Parameter Substitution: parameter "EnrollAppLandingPage" =  "enroll-preprod.dchbx.org"	[MsgId: MMSG-13992]
EnrollAppLandingPage.c(8): Notify: Parameter Substitution: parameter "EnrollAppLandingPage" =  "enroll-preprod.dchbx.org"	[MsgId: MMSG-13992]
EnrollAppLandingPage.c(8): Error -27985: There is no context for HTML-based functions. A previous function may not have used "Mode=HTML" or downloaded only non-HTML page(s), or the context has been reset (e.g., due to a GUI-based function)  	[MsgId: MERR-27985]
EnrollAppLandingPage.c(8): Error -26366: "Text=Create account" not found for web_reg_find  	[MsgId: MERR-26366]
EnrollAppLandingPage.c(8): Error -26374: The above "not found" error(s) may be explained by header and body byte counts being 0 and 0, respectively.  	[MsgId: MERR-26374]
EnrollAppLandingPage.c(8): web_link("Skip to STEP 2, I already understand my options") highest severity level was "ERROR", 0 body bytes, 0 header bytes  	[MsgId: MMSG-26388]
Ending action ScriptFlow.	[MsgId: MMSG-15918]
Ending iteration 2.	[MsgId: MMSG-15965]
Starting iteration 3.	[MsgId: MMSG-15968]
Notify: Next row for parameter pEmpPrefix = 53 [table  = pEmpPrefix].	[MsgId: MMSG-13876]
Notify: Getting new value for parameter 'pEmpPrefix': table = 'pEmpPrefix.dat' column = '0' row = '53'.	[MsgId: MMSG-13877]
Notify: Next row for parameter EmpFName = 30 [table  = EmpFName].	[MsgId: MMSG-13876]
Notify: Getting new value for parameter 'EmpFName': table = 'EmployeeRoster' column = '0' row = '30'.	[MsgId: MMSG-13877]
Notify: Next row for parameter pEmlyePrefix = 53 [table  = pEmlyePrefix].	[MsgId: MMSG-13876]
Notify: Getting new value for parameter 'pEmlyePrefix': table = 'pEmpPrefix.dat' column = '1' row = '53'.	[MsgId: MMSG-13877]
Notify: Next row for parameter Carrier_ID = 1 [table  = Carrier_ID].	[MsgId: MMSG-13876]
Notify: Getting new value for parameter 'Carrier_ID': table = 'ReferencePlan.dat' column = '4' row = '1'.	[MsgId: MMSG-13877]
Notify: Next row for parameter EmpSSN = 30 [table  = EmpSSN].	[MsgId: MMSG-13876]
Notify: Getting new value for parameter 'EmpSSN': table = 'EmployeeRoster' column = '5' row = '30'.	[MsgId: MMSG-13877]
Notify: Next row for parameter EmpHireDatePicker = 30 [table  = EmpHireDatePicker].	[MsgId: MMSG-13876]
Notify: Getting new value for parameter 'EmpHireDatePicker': table = 'EmployeeRoster' column = '8' row = '30'.	[MsgId: MMSG-13877]
Notify: Next row for parameter EmpDOBYear = 30 [table  = EmpDOBYear].	[MsgId: MMSG-13876]
Notify: Getting new value for parameter 'EmpDOBYear': table = 'EmployeeRoster' column = '15' row = '30'.	[MsgId: MMSG-13877]
Notify: Next row for parameter EmpSpouseSSN = 30 [table  = EmpSpouseSSN].	[MsgId: MMSG-13876]
Notify: Getting new value for parameter 'EmpSpouseSSN': table = 'EmployeeRoster' column = '16' row = '30'.	[MsgId: MMSG-13877]
Notify: Next row for parameter EmpHireDate = 30 [table  = EmpHireDate].	[MsgId: MMSG-13876]
Notify: Getting new value for parameter 'EmpHireDate': table = 'EmployeeRoster' column = '7' row = '30'.	[MsgId: MMSG-13877]
Notify: Next row for parameter TxName = 1 [table  = TxName].	[MsgId: MMSG-13876]
Notify: Getting new value for parameter 'TxName': table = 'ReferencePlan.dat' column = '3' row = '1'.	[MsgId: MMSG-13877]
Notify: Next row for parameter EmpMI = 30 [table  = EmpMI].	[MsgId: MMSG-13876]
Notify: Getting new value for parameter 'EmpMI': table = 'EmployeeRoster' column = '1' row = '30'.	[MsgId: MMSG-13877]
Notify: Next row for parameter EmpCity = 30 [table  = EmpCity].	[MsgId: MMSG-13876]
Notify: Getting new value for parameter 'EmpCity': table = 'EmployeeRoster' column = '10' row = '30'.	[MsgId: MMSG-13877]
Notify: Next row for parameter EmpLName = 30 [table  = EmpLName].	[MsgId: MMSG-13876]
Notify: Getting new value for parameter 'EmpLName': table = 'EmployeeRoster' column = '2' row = '30'.	[MsgId: MMSG-13877]
Notify: Next row for parameter EmpDep1Relation = 30 [table  = EmpDep1Relation].	[MsgId: MMSG-13876]
Notify: Getting new value for parameter 'EmpDep1Relation': table = 'EmployeeRoster' column = '18' row = '30'.	[MsgId: MMSG-13877]
Notify: Next row for parameter Metal_Level = 1 [table  = Metal_Level].	[MsgId: MMSG-13876]
Notify: Getting new value for parameter 'Metal_Level': table = 'ReferencePlan.dat' column = '2' row = '1'.	[MsgId: MMSG-13877]
Notify: Next row for parameter PlanOption = 1 [table  = PlanOption].	[MsgId: MMSG-13876]
Notify: Getting new value for parameter 'PlanOption': table = 'ReferencePlan.dat' column = '1' row = '1'.	[MsgId: MMSG-13877]
Notify: Next row for parameter EmpDOBPicker = 30 [table  = EmpDOBPicker].	[MsgId: MMSG-13876]
Notify: Getting new value for parameter 'EmpDOBPicker': table = 'EmployeeRoster' column = '3' row = '30'.	[MsgId: MMSG-13877]
Notify: Next row for parameter EmpWorkEmail = 30 [table  = EmpWorkEmail].	[MsgId: MMSG-13876]
Notify: Getting new value for parameter 'EmpWorkEmail': table = 'EmployeeRoster' column = '12' row = '30'.	[MsgId: MMSG-13877]
Notify: Next row for parameter EmpZip = 30 [table  = EmpZip].	[MsgId: MMSG-13876]
Notify: Getting new value for parameter 'EmpZip': table = 'EmployeeRoster' column = '11' row = '30'.	[MsgId: MMSG-13877]
Notify: Next row for parameter EmpAddressL1 = 30 [table  = EmpAddressL1].	[MsgId: MMSG-13876]
Notify: Getting new value for parameter 'EmpAddressL1': table = 'EmployeeRoster' column = '9' row = '30'.	[MsgId: MMSG-13877]
Notify: Next row for parameter EmpDOBDay = 30 [table  = EmpDOBDay].	[MsgId: MMSG-13876]
Notify: Getting new value for parameter 'EmpDOBDay': table = 'EmployeeRoster' column = '13' row = '30'.	[MsgId: MMSG-13877]
Notify: Next row for parameter EmpSpouseGender = 30 [table  = EmpSpouseGender].	[MsgId: MMSG-13876]
Notify: Getting new value for parameter 'EmpSpouseGender': table = 'EmployeeRoster' column = '17' row = '30'.	[MsgId: MMSG-13877]
Notify: Next row for parameter EmpSEX = 30 [table  = EmpSEX].	[MsgId: MMSG-13876]
Notify: Getting new value for parameter 'EmpSEX': table = 'EmployeeRoster' column = '6' row = '30'.	[MsgId: MMSG-13877]
Notify: Next row for parameter EmpDOB = 30 [table  = EmpDOB].	[MsgId: MMSG-13876]
Notify: Getting new value for parameter 'EmpDOB': table = 'EmployeeRoster' column = '4' row = '30'.	[MsgId: MMSG-13877]
Notify: Next row for parameter EmpDOBMonth = 30 [table  = EmpDOBMonth].	[MsgId: MMSG-13876]
Notify: Getting new value for parameter 'EmpDOBMonth': table = 'EmployeeRoster' column = '14' row = '30'.	[MsgId: MMSG-13877]
Starting action ScriptFlow.	[MsgId: MMSG-15919]
ScriptFlow.c(21): Think time - Waiting 2.00 seconds (according to limit).	[MsgId: MMSG-15946]
ScriptFlow.c(21): lr_think_time: 2.00 seconds (recorded think time was 10.00 seconds).	[MsgId: MMSG-15947]
EnrollAppLandingPage.c(5): web_reg_find started  	[MsgId: MMSG-26355]
EnrollAppLandingPage.c(5): Registering web_reg_find was successful  	[MsgId: MMSG-26390]
EnrollAppLandingPage.c(8): web_link("Skip to STEP 2, I already understand my options") started  	[MsgId: MMSG-26355]
EnrollAppLandingPage.c(8): Notify: Parameter Substitution: parameter "EnrollAppLandingPage" =  "enroll-preprod.dchbx.org"	[MsgId: MMSG-13992]
EnrollAppLandingPage.c(8): Notify: Parameter Substitution: parameter "EnrollAppLandingPage" =  "enroll-preprod.dchbx.org"	[MsgId: MMSG-13992]
EnrollAppLandingPage.c(8): Notify: Parameter Substitution: parameter "EnrollAppLandingPage" =  "enroll-preprod.dchbx.org"	[MsgId: MMSG-13992]
EnrollAppLandingPage.c(8): Error -27985: There is no context for HTML-based functions. A previous function may not have used "Mode=HTML" or downloaded only non-HTML page(s), or the context has been reset (e.g., due to a GUI-based function)  	[MsgId: MERR-27985]
EnrollAppLandingPage.c(8): Error -26366: "Text=Create account" not found for web_reg_find  	[MsgId: MERR-26366]
EnrollAppLandingPage.c(8): Error -26374: The above "not found" error(s) may be explained by header and body byte counts being 0 and 0, respectively.  	[MsgId: MERR-26374]
EnrollAppLandingPage.c(8): web_link("Skip to STEP 2, I already understand my options") highest severity level was "ERROR", 0 body bytes, 0 header bytes  	[MsgId: MMSG-26388]
Ending action ScriptFlow.	[MsgId: MMSG-15918]
Ending iteration 3.	[MsgId: MMSG-15965]
Starting iteration 4.	[MsgId: MMSG-15968]
Notify: Next row for parameter pEmpPrefix = 10 [table  = pEmpPrefix].	[MsgId: MMSG-13876]
Notify: Getting new value for parameter 'pEmpPrefix': table = 'pEmpPrefix.dat' column = '0' row = '10'.	[MsgId: MMSG-13877]
Notify: Next row for parameter EmpFName = 32 [table  = EmpFName].	[MsgId: MMSG-13876]
Notify: Getting new value for parameter 'EmpFName': table = 'EmployeeRoster' column = '0' row = '32'.	[MsgId: MMSG-13877]
Notify: Next row for parameter pEmlyePrefix = 10 [table  = pEmlyePrefix].	[MsgId: MMSG-13876]
Notify: Getting new value for parameter 'pEmlyePrefix': table = 'pEmpPrefix.dat' column = '1' row = '10'.	[MsgId: MMSG-13877]
Notify: Next row for parameter Carrier_ID = 1 [table  = Carrier_ID].	[MsgId: MMSG-13876]
Notify: Getting new value for parameter 'Carrier_ID': table = 'ReferencePlan.dat' column = '4' row = '1'.	[MsgId: MMSG-13877]
Notify: Next row for parameter EmpSSN = 32 [table  = EmpSSN].	[MsgId: MMSG-13876]
Notify: Getting new value for parameter 'EmpSSN': table = 'EmployeeRoster' column = '5' row = '32'.	[MsgId: MMSG-13877]
Notify: Next row for parameter EmpHireDatePicker = 32 [table  = EmpHireDatePicker].	[MsgId: MMSG-13876]
Notify: Getting new value for parameter 'EmpHireDatePicker': table = 'EmployeeRoster' column = '8' row = '32'.	[MsgId: MMSG-13877]
Notify: Next row for parameter EmpDOBYear = 32 [table  = EmpDOBYear].	[MsgId: MMSG-13876]
Notify: Getting new value for parameter 'EmpDOBYear': table = 'EmployeeRoster' column = '15' row = '32'.	[MsgId: MMSG-13877]
Notify: Next row for parameter EmpSpouseSSN = 32 [table  = EmpSpouseSSN].	[MsgId: MMSG-13876]
Notify: Getting new value for parameter 'EmpSpouseSSN': table = 'EmployeeRoster' column = '16' row = '32'.	[MsgId: MMSG-13877]
Notify: Next row for parameter EmpHireDate = 32 [table  = EmpHireDate].	[MsgId: MMSG-13876]
Notify: Getting new value for parameter 'EmpHireDate': table = 'EmployeeRoster' column = '7' row = '32'.	[MsgId: MMSG-13877]
Notify: Next row for parameter TxName = 1 [table  = TxName].	[MsgId: MMSG-13876]
Notify: Getting new value for parameter 'TxName': table = 'ReferencePlan.dat' column = '3' row = '1'.	[MsgId: MMSG-13877]
Notify: Next row for parameter EmpMI = 32 [table  = EmpMI].	[MsgId: MMSG-13876]
Notify: Getting new value for parameter 'EmpMI': table = 'EmployeeRoster' column = '1' row = '32'.	[MsgId: MMSG-13877]
Notify: Next row for parameter EmpCity = 32 [table  = EmpCity].	[MsgId: MMSG-13876]
Notify: Getting new value for parameter 'EmpCity': table = 'EmployeeRoster' column = '10' row = '32'.	[MsgId: MMSG-13877]
Notify: Next row for parameter EmpLName = 32 [table  = EmpLName].	[MsgId: MMSG-13876]
Notify: Getting new value for parameter 'EmpLName': table = 'EmployeeRoster' column = '2' row = '32'.	[MsgId: MMSG-13877]
Notify: Next row for parameter EmpDep1Relation = 32 [table  = EmpDep1Relation].	[MsgId: MMSG-13876]
Notify: Getting new value for parameter 'EmpDep1Relation': table = 'EmployeeRoster' column = '18' row = '32'.	[MsgId: MMSG-13877]
Notify: Next row for parameter Metal_Level = 1 [table  = Metal_Level].	[MsgId: MMSG-13876]
Notify: Getting new value for parameter 'Metal_Level': table = 'ReferencePlan.dat' column = '2' row = '1'.	[MsgId: MMSG-13877]
Notify: Next row for parameter PlanOption = 1 [table  = PlanOption].	[MsgId: MMSG-13876]
Notify: Getting new value for parameter 'PlanOption': table = 'ReferencePlan.dat' column = '1' row = '1'.	[MsgId: MMSG-13877]
Notify: Next row for parameter EmpDOBPicker = 32 [table  = EmpDOBPicker].	[MsgId: MMSG-13876]
Notify: Getting new value for parameter 'EmpDOBPicker': table = 'EmployeeRoster' column = '3' row = '32'.	[MsgId: MMSG-13877]
Notify: Next row for parameter EmpWorkEmail = 32 [table  = EmpWorkEmail].	[MsgId: MMSG-13876]
Notify: Getting new value for parameter 'EmpWorkEmail': table = 'EmployeeRoster' column = '12' row = '32'.	[MsgId: MMSG-13877]
Notify: Next row for parameter EmpZip = 32 [table  = EmpZip].	[MsgId: MMSG-13876]
Notify: Getting new value for parameter 'EmpZip': table = 'EmployeeRoster' column = '11' row = '32'.	[MsgId: MMSG-13877]
Notify: Next row for parameter EmpAddressL1 = 32 [table  = EmpAddressL1].	[MsgId: MMSG-13876]
Notify: Getting new value for parameter 'EmpAddressL1': table = 'EmployeeRoster' column = '9' row = '32'.	[MsgId: MMSG-13877]
Notify: Next row for parameter EmpDOBDay = 32 [table  = EmpDOBDay].	[MsgId: MMSG-13876]
Notify: Getting new value for parameter 'EmpDOBDay': table = 'EmployeeRoster' column = '13' row = '32'.	[MsgId: MMSG-13877]
Notify: Next row for parameter EmpSpouseGender = 32 [table  = EmpSpouseGender].	[MsgId: MMSG-13876]
Notify: Getting new value for parameter 'EmpSpouseGender': table = 'EmployeeRoster' column = '17' row = '32'.	[MsgId: MMSG-13877]
Notify: Next row for parameter EmpSEX = 32 [table  = EmpSEX].	[MsgId: MMSG-13876]
Notify: Getting new value for parameter 'EmpSEX': table = 'EmployeeRoster' column = '6' row = '32'.	[MsgId: MMSG-13877]
Notify: Next row for parameter EmpDOB = 32 [table  = EmpDOB].	[MsgId: MMSG-13876]
Notify: Getting new value for parameter 'EmpDOB': table = 'EmployeeRoster' column = '4' row = '32'.	[MsgId: MMSG-13877]
Notify: Next row for parameter EmpDOBMonth = 32 [table  = EmpDOBMonth].	[MsgId: MMSG-13876]
Notify: Getting new value for parameter 'EmpDOBMonth': table = 'EmployeeRoster' column = '14' row = '32'.	[MsgId: MMSG-13877]
Starting action ScriptFlow.	[MsgId: MMSG-15919]
ScriptFlow.c(21): Think time - Waiting 2.00 seconds (according to limit).	[MsgId: MMSG-15946]
ScriptFlow.c(21): lr_think_time: 2.00 seconds (recorded think time was 10.00 seconds).	[MsgId: MMSG-15947]
EnrollAppLandingPage.c(5): web_reg_find started  	[MsgId: MMSG-26355]
EnrollAppLandingPage.c(5): Registering web_reg_find was successful  	[MsgId: MMSG-26390]
EnrollAppLandingPage.c(8): web_link("Skip to STEP 2, I already understand my options") started  	[MsgId: MMSG-26355]
EnrollAppLandingPage.c(8): Notify: Parameter Substitution: parameter "EnrollAppLandingPage" =  "enroll-preprod.dchbx.org"	[MsgId: MMSG-13992]
EnrollAppLandingPage.c(8): Notify: Parameter Substitution: parameter "EnrollAppLandingPage" =  "enroll-preprod.dchbx.org"	[MsgId: MMSG-13992]
EnrollAppLandingPage.c(8): Notify: Parameter Substitution: parameter "EnrollAppLandingPage" =  "enroll-preprod.dchbx.org"	[MsgId: MMSG-13992]
EnrollAppLandingPage.c(8): Error -27985: There is no context for HTML-based functions. A previous function may not have used "Mode=HTML" or downloaded only non-HTML page(s), or the context has been reset (e.g., due to a GUI-based function)  	[MsgId: MERR-27985]
EnrollAppLandingPage.c(8): Error -26366: "Text=Create account" not found for web_reg_find  	[MsgId: MERR-26366]
EnrollAppLandingPage.c(8): Error -26374: The above "not found" error(s) may be explained by header and body byte counts being 0 and 0, respectively.  	[MsgId: MERR-26374]
EnrollAppLandingPage.c(8): web_link("Skip to STEP 2, I already understand my options") highest severity level was "ERROR", 0 body bytes, 0 header bytes  	[MsgId: MMSG-26388]
Ending action ScriptFlow.	[MsgId: MMSG-15918]
Ending iteration 4.	[MsgId: MMSG-15965]
Starting iteration 5.	[MsgId: MMSG-15968]
Notify: Next row for parameter pEmpPrefix = 28 [table  = pEmpPrefix].	[MsgId: MMSG-13876]
Notify: Getting new value for parameter 'pEmpPrefix': table = 'pEmpPrefix.dat' column = '0' row = '28'.	[MsgId: MMSG-13877]
Notify: Next row for parameter EmpFName = 19 [table  = EmpFName].	[MsgId: MMSG-13876]
Notify: Getting new value for parameter 'EmpFName': table = 'EmployeeRoster' column = '0' row = '19'.	[MsgId: MMSG-13877]
Notify: Next row for parameter pEmlyePrefix = 28 [table  = pEmlyePrefix].	[MsgId: MMSG-13876]
Notify: Getting new value for parameter 'pEmlyePrefix': table = 'pEmpPrefix.dat' column = '1' row = '28'.	[MsgId: MMSG-13877]
Notify: Next row for parameter Carrier_ID = 1 [table  = Carrier_ID].	[MsgId: MMSG-13876]
Notify: Getting new value for parameter 'Carrier_ID': table = 'ReferencePlan.dat' column = '4' row = '1'.	[MsgId: MMSG-13877]
Notify: Next row for parameter EmpSSN = 19 [table  = EmpSSN].	[MsgId: MMSG-13876]
Notify: Getting new value for parameter 'EmpSSN': table = 'EmployeeRoster' column = '5' row = '19'.	[MsgId: MMSG-13877]
Notify: Next row for parameter EmpHireDatePicker = 19 [table  = EmpHireDatePicker].	[MsgId: MMSG-13876]
Notify: Getting new value for parameter 'EmpHireDatePicker': table = 'EmployeeRoster' column = '8' row = '19'.	[MsgId: MMSG-13877]
Notify: Next row for parameter EmpDOBYear = 19 [table  = EmpDOBYear].	[MsgId: MMSG-13876]
Notify: Getting new value for parameter 'EmpDOBYear': table = 'EmployeeRoster' column = '15' row = '19'.	[MsgId: MMSG-13877]
Notify: Next row for parameter EmpSpouseSSN = 19 [table  = EmpSpouseSSN].	[MsgId: MMSG-13876]
Notify: Getting new value for parameter 'EmpSpouseSSN': table = 'EmployeeRoster' column = '16' row = '19'.	[MsgId: MMSG-13877]
Notify: Next row for parameter EmpHireDate = 19 [table  = EmpHireDate].	[MsgId: MMSG-13876]
Notify: Getting new value for parameter 'EmpHireDate': table = 'EmployeeRoster' column = '7' row = '19'.	[MsgId: MMSG-13877]
Notify: Next row for parameter TxName = 1 [table  = TxName].	[MsgId: MMSG-13876]
Notify: Getting new value for parameter 'TxName': table = 'ReferencePlan.dat' column = '3' row = '1'.	[MsgId: MMSG-13877]
Notify: Next row for parameter EmpMI = 19 [table  = EmpMI].	[MsgId: MMSG-13876]
Notify: Getting new value for parameter 'EmpMI': table = 'EmployeeRoster' column = '1' row = '19'.	[MsgId: MMSG-13877]
Notify: Next row for parameter EmpCity = 19 [table  = EmpCity].	[MsgId: MMSG-13876]
Notify: Getting new value for parameter 'EmpCity': table = 'EmployeeRoster' column = '10' row = '19'.	[MsgId: MMSG-13877]
Notify: Next row for parameter EmpLName = 19 [table  = EmpLName].	[MsgId: MMSG-13876]
Notify: Getting new value for parameter 'EmpLName': table = 'EmployeeRoster' column = '2' row = '19'.	[MsgId: MMSG-13877]
Notify: Next row for parameter EmpDep1Relation = 19 [table  = EmpDep1Relation].	[MsgId: MMSG-13876]
Notify: Getting new value for parameter 'EmpDep1Relation': table = 'EmployeeRoster' column = '18' row = '19'.	[MsgId: MMSG-13877]
Notify: Next row for parameter Metal_Level = 1 [table  = Metal_Level].	[MsgId: MMSG-13876]
Notify: Getting new value for parameter 'Metal_Level': table = 'ReferencePlan.dat' column = '2' row = '1'.	[MsgId: MMSG-13877]
Notify: Next row for parameter PlanOption = 1 [table  = PlanOption].	[MsgId: MMSG-13876]
Notify: Getting new value for parameter 'PlanOption': table = 'ReferencePlan.dat' column = '1' row = '1'.	[MsgId: MMSG-13877]
Notify: Next row for parameter EmpDOBPicker = 19 [table  = EmpDOBPicker].	[MsgId: MMSG-13876]
Notify: Getting new value for parameter 'EmpDOBPicker': table = 'EmployeeRoster' column = '3' row = '19'.	[MsgId: MMSG-13877]
Notify: Next row for parameter EmpWorkEmail = 19 [table  = EmpWorkEmail].	[MsgId: MMSG-13876]
Notify: Getting new value for parameter 'EmpWorkEmail': table = 'EmployeeRoster' column = '12' row = '19'.	[MsgId: MMSG-13877]
Notify: Next row for parameter EmpZip = 19 [table  = EmpZip].	[MsgId: MMSG-13876]
Notify: Getting new value for parameter 'EmpZip': table = 'EmployeeRoster' column = '11' row = '19'.	[MsgId: MMSG-13877]
Notify: Next row for parameter EmpAddressL1 = 19 [table  = EmpAddressL1].	[MsgId: MMSG-13876]
Notify: Getting new value for parameter 'EmpAddressL1': table = 'EmployeeRoster' column = '9' row = '19'.	[MsgId: MMSG-13877]
Notify: Next row for parameter EmpDOBDay = 19 [table  = EmpDOBDay].	[MsgId: MMSG-13876]
Notify: Getting new value for parameter 'EmpDOBDay': table = 'EmployeeRoster' column = '13' row = '19'.	[MsgId: MMSG-13877]
Notify: Next row for parameter EmpSpouseGender = 19 [table  = EmpSpouseGender].	[MsgId: MMSG-13876]
Notify: Getting new value for parameter 'EmpSpouseGender': table = 'EmployeeRoster' column = '17' row = '19'.	[MsgId: MMSG-13877]
Notify: Next row for parameter EmpSEX = 19 [table  = EmpSEX].	[MsgId: MMSG-13876]
Notify: Getting new value for parameter 'EmpSEX': table = 'EmployeeRoster' column = '6' row = '19'.	[MsgId: MMSG-13877]
Notify: Next row for parameter EmpDOB = 19 [table  = EmpDOB].	[MsgId: MMSG-13876]
Notify: Getting new value for parameter 'EmpDOB': table = 'EmployeeRoster' column = '4' row = '19'.	[MsgId: MMSG-13877]
Notify: Next row for parameter EmpDOBMonth = 19 [table  = EmpDOBMonth].	[MsgId: MMSG-13876]
Notify: Getting new value for parameter 'EmpDOBMonth': table = 'EmployeeRoster' column = '14' row = '19'.	[MsgId: MMSG-13877]
Starting action ScriptFlow.	[MsgId: MMSG-15919]
ScriptFlow.c(21): Think time - Waiting 2.00 seconds (according to limit).	[MsgId: MMSG-15946]
ScriptFlow.c(21): lr_think_time: 2.00 seconds (recorded think time was 10.00 seconds).	[MsgId: MMSG-15947]
EnrollAppLandingPage.c(5): web_reg_find started  	[MsgId: MMSG-26355]
EnrollAppLandingPage.c(5): Registering web_reg_find was successful  	[MsgId: MMSG-26390]
EnrollAppLandingPage.c(8): web_link("Skip to STEP 2, I already understand my options") started  	[MsgId: MMSG-26355]
EnrollAppLandingPage.c(8): Notify: Parameter Substitution: parameter "EnrollAppLandingPage" =  "enroll-preprod.dchbx.org"	[MsgId: MMSG-13992]
EnrollAppLandingPage.c(8): Notify: Parameter Substitution: parameter "EnrollAppLandingPage" =  "enroll-preprod.dchbx.org"	[MsgId: MMSG-13992]
EnrollAppLandingPage.c(8): Notify: Parameter Substitution: parameter "EnrollAppLandingPage" =  "enroll-preprod.dchbx.org"	[MsgId: MMSG-13992]
EnrollAppLandingPage.c(8): Error -27985: There is no context for HTML-based functions. A previous function may not have used "Mode=HTML" or downloaded only non-HTML page(s), or the context has been reset (e.g., due to a GUI-based function)  	[MsgId: MERR-27985]
EnrollAppLandingPage.c(8): Error -26366: "Text=Create account" not found for web_reg_find  	[MsgId: MERR-26366]
EnrollAppLandingPage.c(8): Error -26374: The above "not found" error(s) may be explained by header and body byte counts being 0 and 0, respectively.  	[MsgId: MERR-26374]
EnrollAppLandingPage.c(8): web_link("Skip to STEP 2, I already understand my options") highest severity level was "ERROR", 0 body bytes, 0 header bytes  	[MsgId: MMSG-26388]
Ending action ScriptFlow.	[MsgId: MMSG-15918]
Ending iteration 5.	[MsgId: MMSG-15965]
Starting iteration 6.	[MsgId: MMSG-15968]
Notify: Next row for parameter pEmpPrefix = 58 [table  = pEmpPrefix].	[MsgId: MMSG-13876]
Notify: Getting new value for parameter 'pEmpPrefix': table = 'pEmpPrefix.dat' column = '0' row = '58'.	[MsgId: MMSG-13877]
Notify: Next row for parameter EmpFName = 7 [table  = EmpFName].	[MsgId: MMSG-13876]
Notify: Getting new value for parameter 'EmpFName': table = 'EmployeeRoster' column = '0' row = '7'.	[MsgId: MMSG-13877]
Notify: Next row for parameter pEmlyePrefix = 58 [table  = pEmlyePrefix].	[MsgId: MMSG-13876]
Notify: Getting new value for parameter 'pEmlyePrefix': table = 'pEmpPrefix.dat' column = '1' row = '58'.	[MsgId: MMSG-13877]
Notify: Next row for parameter Carrier_ID = 1 [table  = Carrier_ID].	[MsgId: MMSG-13876]
Notify: Getting new value for parameter 'Carrier_ID': table = 'ReferencePlan.dat' column = '4' row = '1'.	[MsgId: MMSG-13877]
Notify: Next row for parameter EmpSSN = 7 [table  = EmpSSN].	[MsgId: MMSG-13876]
Notify: Getting new value for parameter 'EmpSSN': table = 'EmployeeRoster' column = '5' row = '7'.	[MsgId: MMSG-13877]
Notify: Next row for parameter EmpHireDatePicker = 7 [table  = EmpHireDatePicker].	[MsgId: MMSG-13876]
Notify: Getting new value for parameter 'EmpHireDatePicker': table = 'EmployeeRoster' column = '8' row = '7'.	[MsgId: MMSG-13877]
Notify: Next row for parameter EmpDOBYear = 7 [table  = EmpDOBYear].	[MsgId: MMSG-13876]
Notify: Getting new value for parameter 'EmpDOBYear': table = 'EmployeeRoster' column = '15' row = '7'.	[MsgId: MMSG-13877]
Notify: Next row for parameter EmpSpouseSSN = 7 [table  = EmpSpouseSSN].	[MsgId: MMSG-13876]
Notify: Getting new value for parameter 'EmpSpouseSSN': table = 'EmployeeRoster' column = '16' row = '7'.	[MsgId: MMSG-13877]
Notify: Next row for parameter EmpHireDate = 7 [table  = EmpHireDate].	[MsgId: MMSG-13876]
Notify: Getting new value for parameter 'EmpHireDate': table = 'EmployeeRoster' column = '7' row = '7'.	[MsgId: MMSG-13877]
Notify: Next row for parameter TxName = 1 [table  = TxName].	[MsgId: MMSG-13876]
Notify: Getting new value for parameter 'TxName': table = 'ReferencePlan.dat' column = '3' row = '1'.	[MsgId: MMSG-13877]
Notify: Next row for parameter EmpMI = 7 [table  = EmpMI].	[MsgId: MMSG-13876]
Notify: Getting new value for parameter 'EmpMI': table = 'EmployeeRoster' column = '1' row = '7'.	[MsgId: MMSG-13877]
Notify: Next row for parameter EmpCity = 7 [table  = EmpCity].	[MsgId: MMSG-13876]
Notify: Getting new value for parameter 'EmpCity': table = 'EmployeeRoster' column = '10' row = '7'.	[MsgId: MMSG-13877]
Notify: Next row for parameter EmpLName = 7 [table  = EmpLName].	[MsgId: MMSG-13876]
Notify: Getting new value for parameter 'EmpLName': table = 'EmployeeRoster' column = '2' row = '7'.	[MsgId: MMSG-13877]
Notify: Next row for parameter EmpDep1Relation = 7 [table  = EmpDep1Relation].	[MsgId: MMSG-13876]
Notify: Getting new value for parameter 'EmpDep1Relation': table = 'EmployeeRoster' column = '18' row = '7'.	[MsgId: MMSG-13877]
Notify: Next row for parameter Metal_Level = 1 [table  = Metal_Level].	[MsgId: MMSG-13876]
Notify: Getting new value for parameter 'Metal_Level': table = 'ReferencePlan.dat' column = '2' row = '1'.	[MsgId: MMSG-13877]
Notify: Next row for parameter PlanOption = 1 [table  = PlanOption].	[MsgId: MMSG-13876]
Notify: Getting new value for parameter 'PlanOption': table = 'ReferencePlan.dat' column = '1' row = '1'.	[MsgId: MMSG-13877]
Notify: Next row for parameter EmpDOBPicker = 7 [table  = EmpDOBPicker].	[MsgId: MMSG-13876]
Notify: Getting new value for parameter 'EmpDOBPicker': table = 'EmployeeRoster' column = '3' row = '7'.	[MsgId: MMSG-13877]
Notify: Next row for parameter EmpWorkEmail = 7 [table  = EmpWorkEmail].	[MsgId: MMSG-13876]
Notify: Getting new value for parameter 'EmpWorkEmail': table = 'EmployeeRoster' column = '12' row = '7'.	[MsgId: MMSG-13877]
Notify: Next row for parameter EmpZip = 7 [table  = EmpZip].	[MsgId: MMSG-13876]
Notify: Getting new value for parameter 'EmpZip': table = 'EmployeeRoster' column = '11' row = '7'.	[MsgId: MMSG-13877]
Notify: Next row for parameter EmpAddressL1 = 7 [table  = EmpAddressL1].	[MsgId: MMSG-13876]
Notify: Getting new value for parameter 'EmpAddressL1': table = 'EmployeeRoster' column = '9' row = '7'.	[MsgId: MMSG-13877]
Notify: Next row for parameter EmpDOBDay = 7 [table  = EmpDOBDay].	[MsgId: MMSG-13876]
Notify: Getting new value for parameter 'EmpDOBDay': table = 'EmployeeRoster' column = '13' row = '7'.	[MsgId: MMSG-13877]
Notify: Next row for parameter EmpSpouseGender = 7 [table  = EmpSpouseGender].	[MsgId: MMSG-13876]
Notify: Getting new value for parameter 'EmpSpouseGender': table = 'EmployeeRoster' column = '17' row = '7'.	[MsgId: MMSG-13877]
Notify: Next row for parameter EmpSEX = 7 [table  = EmpSEX].	[MsgId: MMSG-13876]
Notify: Getting new value for parameter 'EmpSEX': table = 'EmployeeRoster' column = '6' row = '7'.	[MsgId: MMSG-13877]
Notify: Next row for parameter EmpDOB = 7 [table  = EmpDOB].	[MsgId: MMSG-13876]
Notify: Getting new value for parameter 'EmpDOB': table = 'EmployeeRoster' column = '4' row = '7'.	[MsgId: MMSG-13877]
Notify: Next row for parameter EmpDOBMonth = 7 [table  = EmpDOBMonth].	[MsgId: MMSG-13876]
Notify: Getting new value for parameter 'EmpDOBMonth': table = 'EmployeeRoster' column = '14' row = '7'.	[MsgId: MMSG-13877]
Starting action ScriptFlow.	[MsgId: MMSG-15919]
ScriptFlow.c(21): Think time - Waiting 2.00 seconds (according to limit).	[MsgId: MMSG-15946]
ScriptFlow.c(21): lr_think_time: 2.00 seconds (recorded think time was 10.00 seconds).	[MsgId: MMSG-15947]
EnrollAppLandingPage.c(5): web_reg_find started  	[MsgId: MMSG-26355]
EnrollAppLandingPage.c(5): Registering web_reg_find was successful  	[MsgId: MMSG-26390]
EnrollAppLandingPage.c(8): web_link("Skip to STEP 2, I already understand my options") started  	[MsgId: MMSG-26355]
EnrollAppLandingPage.c(8): Notify: Parameter Substitution: parameter "EnrollAppLandingPage" =  "enroll-preprod.dchbx.org"	[MsgId: MMSG-13992]
EnrollAppLandingPage.c(8): Notify: Parameter Substitution: parameter "EnrollAppLandingPage" =  "enroll-preprod.dchbx.org"	[MsgId: MMSG-13992]
EnrollAppLandingPage.c(8): Notify: Parameter Substitution: parameter "EnrollAppLandingPage" =  "enroll-preprod.dchbx.org"	[MsgId: MMSG-13992]
EnrollAppLandingPage.c(8): Error -27985: There is no context for HTML-based functions. A previous function may not have used "Mode=HTML" or downloaded only non-HTML page(s), or the context has been reset (e.g., due to a GUI-based function)  	[MsgId: MERR-27985]
EnrollAppLandingPage.c(8): Error -26366: "Text=Create account" not found for web_reg_find  	[MsgId: MERR-26366]
EnrollAppLandingPage.c(8): Error -26374: The above "not found" error(s) may be explained by header and body byte counts being 0 and 0, respectively.  	[MsgId: MERR-26374]
EnrollAppLandingPage.c(8): web_link("Skip to STEP 2, I already understand my options") highest severity level was "ERROR", 0 body bytes, 0 header bytes  	[MsgId: MMSG-26388]
Ending action ScriptFlow.	[MsgId: MMSG-15918]
Ending iteration 6.	[MsgId: MMSG-15965]
Starting iteration 7.	[MsgId: MMSG-15968]
Notify: Next row for parameter pEmpPrefix = 35 [table  = pEmpPrefix].	[MsgId: MMSG-13876]
Notify: Getting new value for parameter 'pEmpPrefix': table = 'pEmpPrefix.dat' column = '0' row = '35'.	[MsgId: MMSG-13877]
Notify: Next row for parameter EmpFName = 56 [table  = EmpFName].	[MsgId: MMSG-13876]
Notify: Getting new value for parameter 'EmpFName': table = 'EmployeeRoster' column = '0' row = '56'.	[MsgId: MMSG-13877]
Notify: Next row for parameter pEmlyePrefix = 35 [table  = pEmlyePrefix].	[MsgId: MMSG-13876]
Notify: Getting new value for parameter 'pEmlyePrefix': table = 'pEmpPrefix.dat' column = '1' row = '35'.	[MsgId: MMSG-13877]
Notify: Next row for parameter Carrier_ID = 1 [table  = Carrier_ID].	[MsgId: MMSG-13876]
Notify: Getting new value for parameter 'Carrier_ID': table = 'ReferencePlan.dat' column = '4' row = '1'.	[MsgId: MMSG-13877]
Notify: Next row for parameter EmpSSN = 56 [table  = EmpSSN].	[MsgId: MMSG-13876]
Notify: Getting new value for parameter 'EmpSSN': table = 'EmployeeRoster' column = '5' row = '56'.	[MsgId: MMSG-13877]
Notify: Next row for parameter EmpHireDatePicker = 56 [table  = EmpHireDatePicker].	[MsgId: MMSG-13876]
Notify: Getting new value for parameter 'EmpHireDatePicker': table = 'EmployeeRoster' column = '8' row = '56'.	[MsgId: MMSG-13877]
Notify: Next row for parameter EmpDOBYear = 56 [table  = EmpDOBYear].	[MsgId: MMSG-13876]
Notify: Getting new value for parameter 'EmpDOBYear': table = 'EmployeeRoster' column = '15' row = '56'.	[MsgId: MMSG-13877]
Notify: Next row for parameter EmpSpouseSSN = 56 [table  = EmpSpouseSSN].	[MsgId: MMSG-13876]
Notify: Getting new value for parameter 'EmpSpouseSSN': table = 'EmployeeRoster' column = '16' row = '56'.	[MsgId: MMSG-13877]
Notify: Next row for parameter EmpHireDate = 56 [table  = EmpHireDate].	[MsgId: MMSG-13876]
Notify: Getting new value for parameter 'EmpHireDate': table = 'EmployeeRoster' column = '7' row = '56'.	[MsgId: MMSG-13877]
Notify: Next row for parameter TxName = 1 [table  = TxName].	[MsgId: MMSG-13876]
Notify: Getting new value for parameter 'TxName': table = 'ReferencePlan.dat' column = '3' row = '1'.	[MsgId: MMSG-13877]
Notify: Next row for parameter EmpMI = 56 [table  = EmpMI].	[MsgId: MMSG-13876]
Notify: Getting new value for parameter 'EmpMI': table = 'EmployeeRoster' column = '1' row = '56'.	[MsgId: MMSG-13877]
Notify: Next row for parameter EmpCity = 56 [table  = EmpCity].	[MsgId: MMSG-13876]
Notify: Getting new value for parameter 'EmpCity': table = 'EmployeeRoster' column = '10' row = '56'.	[MsgId: MMSG-13877]
Notify: Next row for parameter EmpLName = 56 [table  = EmpLName].	[MsgId: MMSG-13876]
Notify: Getting new value for parameter 'EmpLName': table = 'EmployeeRoster' column = '2' row = '56'.	[MsgId: MMSG-13877]
Notify: Next row for parameter EmpDep1Relation = 56 [table  = EmpDep1Relation].	[MsgId: MMSG-13876]
Notify: Getting new value for parameter 'EmpDep1Relation': table = 'EmployeeRoster' column = '18' row = '56'.	[MsgId: MMSG-13877]
Notify: Next row for parameter Metal_Level = 1 [table  = Metal_Level].	[MsgId: MMSG-13876]
Notify: Getting new value for parameter 'Metal_Level': table = 'ReferencePlan.dat' column = '2' row = '1'.	[MsgId: MMSG-13877]
Notify: Next row for parameter PlanOption = 1 [table  = PlanOption].	[MsgId: MMSG-13876]
Notify: Getting new value for parameter 'PlanOption': table = 'ReferencePlan.dat' column = '1' row = '1'.	[MsgId: MMSG-13877]
Notify: Next row for parameter EmpDOBPicker = 56 [table  = EmpDOBPicker].	[MsgId: MMSG-13876]
Notify: Getting new value for parameter 'EmpDOBPicker': table = 'EmployeeRoster' column = '3' row = '56'.	[MsgId: MMSG-13877]
Notify: Next row for parameter EmpWorkEmail = 56 [table  = EmpWorkEmail].	[MsgId: MMSG-13876]
Notify: Getting new value for parameter 'EmpWorkEmail': table = 'EmployeeRoster' column = '12' row = '56'.	[MsgId: MMSG-13877]
Notify: Next row for parameter EmpZip = 56 [table  = EmpZip].	[MsgId: MMSG-13876]
Notify: Getting new value for parameter 'EmpZip': table = 'EmployeeRoster' column = '11' row = '56'.	[MsgId: MMSG-13877]
Notify: Next row for parameter EmpAddressL1 = 56 [table  = EmpAddressL1].	[MsgId: MMSG-13876]
Notify: Getting new value for parameter 'EmpAddressL1': table = 'EmployeeRoster' column = '9' row = '56'.	[MsgId: MMSG-13877]
Notify: Next row for parameter EmpDOBDay = 56 [table  = EmpDOBDay].	[MsgId: MMSG-13876]
Notify: Getting new value for parameter 'EmpDOBDay': table = 'EmployeeRoster' column = '13' row = '56'.	[MsgId: MMSG-13877]
Notify: Next row for parameter EmpSpouseGender = 56 [table  = EmpSpouseGender].	[MsgId: MMSG-13876]
Notify: Getting new value for parameter 'EmpSpouseGender': table = 'EmployeeRoster' column = '17' row = '56'.	[MsgId: MMSG-13877]
Notify: Next row for parameter EmpSEX = 56 [table  = EmpSEX].	[MsgId: MMSG-13876]
Notify: Getting new value for parameter 'EmpSEX': table = 'EmployeeRoster' column = '6' row = '56'.	[MsgId: MMSG-13877]
Notify: Next row for parameter EmpDOB = 56 [table  = EmpDOB].	[MsgId: MMSG-13876]
Notify: Getting new value for parameter 'EmpDOB': table = 'EmployeeRoster' column = '4' row = '56'.	[MsgId: MMSG-13877]
Notify: Next row for parameter EmpDOBMonth = 56 [table  = EmpDOBMonth].	[MsgId: MMSG-13876]
Notify: Getting new value for parameter 'EmpDOBMonth': table = 'EmployeeRoster' column = '14' row = '56'.	[MsgId: MMSG-13877]
Starting action ScriptFlow.	[MsgId: MMSG-15919]
ScriptFlow.c(21): Think time - Waiting 2.00 seconds (according to limit).	[MsgId: MMSG-15946]
ScriptFlow.c(21): lr_think_time: 2.00 seconds (recorded think time was 10.00 seconds).	[MsgId: MMSG-15947]
EnrollAppLandingPage.c(5): web_reg_find started  	[MsgId: MMSG-26355]
EnrollAppLandingPage.c(5): Registering web_reg_find was successful  	[MsgId: MMSG-26390]
EnrollAppLandingPage.c(8): web_link("Skip to STEP 2, I already understand my options") started  	[MsgId: MMSG-26355]
EnrollAppLandingPage.c(8): Notify: Parameter Substitution: parameter "EnrollAppLandingPage" =  "enroll-preprod.dchbx.org"	[MsgId: MMSG-13992]
EnrollAppLandingPage.c(8): Notify: Parameter Substitution: parameter "EnrollAppLandingPage" =  "enroll-preprod.dchbx.org"	[MsgId: MMSG-13992]
EnrollAppLandingPage.c(8): Notify: Parameter Substitution: parameter "EnrollAppLandingPage" =  "enroll-preprod.dchbx.org"	[MsgId: MMSG-13992]
EnrollAppLandingPage.c(8): Error -27985: There is no context for HTML-based functions. A previous function may not have used "Mode=HTML" or downloaded only non-HTML page(s), or the context has been reset (e.g., due to a GUI-based function)  	[MsgId: MERR-27985]
EnrollAppLandingPage.c(8): Error -26366: "Text=Create account" not found for web_reg_find  	[MsgId: MERR-26366]
EnrollAppLandingPage.c(8): Error -26374: The above "not found" error(s) may be explained by header and body byte counts being 0 and 0, respectively.  	[MsgId: MERR-26374]
EnrollAppLandingPage.c(8): web_link("Skip to STEP 2, I already understand my options") highest severity level was "ERROR", 0 body bytes, 0 header bytes  	[MsgId: MMSG-26388]
Ending action ScriptFlow.	[MsgId: MMSG-15918]
Ending iteration 7.	[MsgId: MMSG-15965]
Starting iteration 8.	[MsgId: MMSG-15968]
Notify: Next row for parameter pEmpPrefix = 68 [table  = pEmpPrefix].	[MsgId: MMSG-13876]
Notify: Getting new value for parameter 'pEmpPrefix': table = 'pEmpPrefix.dat' column = '0' row = '68'.	[MsgId: MMSG-13877]
Notify: Next row for parameter EmpFName = 50 [table  = EmpFName].	[MsgId: MMSG-13876]
Notify: Getting new value for parameter 'EmpFName': table = 'EmployeeRoster' column = '0' row = '50'.	[MsgId: MMSG-13877]
Notify: Next row for parameter pEmlyePrefix = 68 [table  = pEmlyePrefix].	[MsgId: MMSG-13876]
Notify: Getting new value for parameter 'pEmlyePrefix': table = 'pEmpPrefix.dat' column = '1' row = '68'.	[MsgId: MMSG-13877]
Notify: Next row for parameter Carrier_ID = 1 [table  = Carrier_ID].	[MsgId: MMSG-13876]
Notify: Getting new value for parameter 'Carrier_ID': table = 'ReferencePlan.dat' column = '4' row = '1'.	[MsgId: MMSG-13877]
Notify: Next row for parameter EmpSSN = 50 [table  = EmpSSN].	[MsgId: MMSG-13876]
Notify: Getting new value for parameter 'EmpSSN': table = 'EmployeeRoster' column = '5' row = '50'.	[MsgId: MMSG-13877]
Notify: Next row for parameter EmpHireDatePicker = 50 [table  = EmpHireDatePicker].	[MsgId: MMSG-13876]
Notify: Getting new value for parameter 'EmpHireDatePicker': table = 'EmployeeRoster' column = '8' row = '50'.	[MsgId: MMSG-13877]
Notify: Next row for parameter EmpDOBYear = 50 [table  = EmpDOBYear].	[MsgId: MMSG-13876]
Notify: Getting new value for parameter 'EmpDOBYear': table = 'EmployeeRoster' column = '15' row = '50'.	[MsgId: MMSG-13877]
Notify: Next row for parameter EmpSpouseSSN = 50 [table  = EmpSpouseSSN].	[MsgId: MMSG-13876]
Notify: Getting new value for parameter 'EmpSpouseSSN': table = 'EmployeeRoster' column = '16' row = '50'.	[MsgId: MMSG-13877]
Notify: Next row for parameter EmpHireDate = 50 [table  = EmpHireDate].	[MsgId: MMSG-13876]
Notify: Getting new value for parameter 'EmpHireDate': table = 'EmployeeRoster' column = '7' row = '50'.	[MsgId: MMSG-13877]
Notify: Next row for parameter TxName = 1 [table  = TxName].	[MsgId: MMSG-13876]
Notify: Getting new value for parameter 'TxName': table = 'ReferencePlan.dat' column = '3' row = '1'.	[MsgId: MMSG-13877]
Notify: Next row for parameter EmpMI = 50 [table  = EmpMI].	[MsgId: MMSG-13876]
Notify: Getting new value for parameter 'EmpMI': table = 'EmployeeRoster' column = '1' row = '50'.	[MsgId: MMSG-13877]
Notify: Next row for parameter EmpCity = 50 [table  = EmpCity].	[MsgId: MMSG-13876]
Notify: Getting new value for parameter 'EmpCity': table = 'EmployeeRoster' column = '10' row = '50'.	[MsgId: MMSG-13877]
Notify: Next row for parameter EmpLName = 50 [table  = EmpLName].	[MsgId: MMSG-13876]
Notify: Getting new value for parameter 'EmpLName': table = 'EmployeeRoster' column = '2' row = '50'.	[MsgId: MMSG-13877]
Notify: Next row for parameter EmpDep1Relation = 50 [table  = EmpDep1Relation].	[MsgId: MMSG-13876]
Notify: Getting new value for parameter 'EmpDep1Relation': table = 'EmployeeRoster' column = '18' row = '50'.	[MsgId: MMSG-13877]
Notify: Next row for parameter Metal_Level = 1 [table  = Metal_Level].	[MsgId: MMSG-13876]
Notify: Getting new value for parameter 'Metal_Level': table = 'ReferencePlan.dat' column = '2' row = '1'.	[MsgId: MMSG-13877]
Notify: Next row for parameter PlanOption = 1 [table  = PlanOption].	[MsgId: MMSG-13876]
Notify: Getting new value for parameter 'PlanOption': table = 'ReferencePlan.dat' column = '1' row = '1'.	[MsgId: MMSG-13877]
Notify: Next row for parameter EmpDOBPicker = 50 [table  = EmpDOBPicker].	[MsgId: MMSG-13876]
Notify: Getting new value for parameter 'EmpDOBPicker': table = 'EmployeeRoster' column = '3' row = '50'.	[MsgId: MMSG-13877]
Notify: Next row for parameter EmpWorkEmail = 50 [table  = EmpWorkEmail].	[MsgId: MMSG-13876]
Notify: Getting new value for parameter 'EmpWorkEmail': table = 'EmployeeRoster' column = '12' row = '50'.	[MsgId: MMSG-13877]
Notify: Next row for parameter EmpZip = 50 [table  = EmpZip].	[MsgId: MMSG-13876]
Notify: Getting new value for parameter 'EmpZip': table = 'EmployeeRoster' column = '11' row = '50'.	[MsgId: MMSG-13877]
Notify: Next row for parameter EmpAddressL1 = 50 [table  = EmpAddressL1].	[MsgId: MMSG-13876]
Notify: Getting new value for parameter 'EmpAddressL1': table = 'EmployeeRoster' column = '9' row = '50'.	[MsgId: MMSG-13877]
Notify: Next row for parameter EmpDOBDay = 50 [table  = EmpDOBDay].	[MsgId: MMSG-13876]
Notify: Getting new value for parameter 'EmpDOBDay': table = 'EmployeeRoster' column = '13' row = '50'.	[MsgId: MMSG-13877]
Notify: Next row for parameter EmpSpouseGender = 50 [table  = EmpSpouseGender].	[MsgId: MMSG-13876]
Notify: Getting new value for parameter 'EmpSpouseGender': table = 'EmployeeRoster' column = '17' row = '50'.	[MsgId: MMSG-13877]
Notify: Next row for parameter EmpSEX = 50 [table  = EmpSEX].	[MsgId: MMSG-13876]
Notify: Getting new value for parameter 'EmpSEX': table = 'EmployeeRoster' column = '6' row = '50'.	[MsgId: MMSG-13877]
Notify: Next row for parameter EmpDOB = 50 [table  = EmpDOB].	[MsgId: MMSG-13876]
Notify: Getting new value for parameter 'EmpDOB': table = 'EmployeeRoster' column = '4' row = '50'.	[MsgId: MMSG-13877]
Notify: Next row for parameter EmpDOBMonth = 50 [table  = EmpDOBMonth].	[MsgId: MMSG-13876]
Notify: Getting new value for parameter 'EmpDOBMonth': table = 'EmployeeRoster' column = '14' row = '50'.	[MsgId: MMSG-13877]
Starting action ScriptFlow.	[MsgId: MMSG-15919]
ScriptFlow.c(21): Think time - Waiting 2.00 seconds (according to limit).	[MsgId: MMSG-15946]
ScriptFlow.c(21): lr_think_time: 2.00 seconds (recorded think time was 10.00 seconds).	[MsgId: MMSG-15947]
EnrollAppLandingPage.c(5): web_reg_find started  	[MsgId: MMSG-26355]
EnrollAppLandingPage.c(5): Registering web_reg_find was successful  	[MsgId: MMSG-26390]
EnrollAppLandingPage.c(8): web_link("Skip to STEP 2, I already understand my options") started  	[MsgId: MMSG-26355]
EnrollAppLandingPage.c(8): Notify: Parameter Substitution: parameter "EnrollAppLandingPage" =  "enroll-preprod.dchbx.org"	[MsgId: MMSG-13992]
EnrollAppLandingPage.c(8): Notify: Parameter Substitution: parameter "EnrollAppLandingPage" =  "enroll-preprod.dchbx.org"	[MsgId: MMSG-13992]
EnrollAppLandingPage.c(8): Notify: Parameter Substitution: parameter "EnrollAppLandingPage" =  "enroll-preprod.dchbx.org"	[MsgId: MMSG-13992]
EnrollAppLandingPage.c(8): Error -27985: There is no context for HTML-based functions. A previous function may not have used "Mode=HTML" or downloaded only non-HTML page(s), or the context has been reset (e.g., due to a GUI-based function)  	[MsgId: MERR-27985]
EnrollAppLandingPage.c(8): Error -26366: "Text=Create account" not found for web_reg_find  	[MsgId: MERR-26366]
EnrollAppLandingPage.c(8): Error -26374: The above "not found" error(s) may be explained by header and body byte counts being 0 and 0, respectively.  	[MsgId: MERR-26374]
EnrollAppLandingPage.c(8): web_link("Skip to STEP 2, I already understand my options") highest severity level was "ERROR", 0 body bytes, 0 header bytes  	[MsgId: MMSG-26388]
Ending action ScriptFlow.	[MsgId: MMSG-15918]
Action was aborted.	[MsgId: MMSG-10694]
Ending Vuser...	[MsgId: MMSG-15966]
Starting action vuser_end.	[MsgId: MMSG-15919]
Ending action vuser_end.	[MsgId: MMSG-15918]
Vuser Terminated.	[MsgId: MMSG-15963]
Vuser 0 (thread 4476), ended OK."	[MsgId: MMSG-10695]
