Start auto log messages stack - Iteration 1.	[MsgId: MMSG-10545]
EmployerCreateProfile.c(8): web_submit_data("employer_profiles") started  	[MsgId: MMSG-26355]
EmployerCreateProfile.c(8): Notify: Parameter Substitution: parameter "HTTP" =  "http"	[MsgId: MMSG-13992]
EmployerCreateProfile.c(8): Notify: Parameter Substitution: parameter "EnrollAppLandingPage" =  "enroll-preprod.dchbx.org"	[MsgId: MMSG-13992]
EmployerCreateProfile.c(8): Notify: Parameter Substitution: parameter "HTTP" =  "http"	[MsgId: MMSG-13992]
EmployerCreateProfile.c(8): Notify: Parameter Substitution: parameter "EnrollAppLandingPage" =  "enroll-preprod.dchbx.org"	[MsgId: MMSG-13992]
EmployerCreateProfile.c(8): Notify: Parameter Substitution: parameter "AUTH_TOKEN_2" =  "2N+pqVrKmnxGUwViq1yoYFMDr12/q30oebdibIeMADyMXKfX5sy5u+M+fCrD00HObmznbKLSa9oPD+YUeMlRyg=="	[MsgId: MMSG-13992]
EmployerCreateProfile.c(8): Notify: Parameter Substitution: parameter "FEIN" =  "701218136"	[MsgId: MMSG-13992]
EmployerCreateProfile.c(8): Notify: Parameter Substitution: parameter "FEIN" =  "701218136"	[MsgId: MMSG-13992]
EmployerCreateProfile.c(8): Notify: Parameter Substitution: parameter "LegalName" =  "tgabgu"	[MsgId: MMSG-13992]
EmployerCreateProfile.c(8): Notify: Parameter Substitution: parameter "FEIN" =  "701218136"	[MsgId: MMSG-13992]
EmployerCreateProfile.c(8): Notify: Parameter Substitution: parameter "FEIN" =  "701218136"	[MsgId: MMSG-13992]
EmployerCreateProfile.c(8): Notify: Parameter Substitution: parameter "FEIN" =  "701218136"	[MsgId: MMSG-13992]
EmployerCreateProfile.c(8): Error -26612: HTTP Status-Code=500 (Internal Server Error) for "http://enroll-preprod.dchbx.org/employers/employer_profiles", Snapshot Info [MSH 1 8]  	[MsgId: MERR-26612]
EmployerCreateProfile.c(8): Error -26377: No match found for the requested parameter "EMPLOYER_ID". Check whether the requested boundaries exist in the response data. Also, if the data you want to save exceeds 256 bytes, use web_set_max_html_param_len to increase the parameter size, Snapshot Info [MSH 1 8]  	[MsgId: MERR-26377]
End auto log messages stack.	[MsgId: MMSG-10544]


Start auto log messages stack - Iteration 1.	[MsgId: MMSG-10545]
EmployerCreateProfile.c(8): web_submit_data("employer_profiles") started  	[MsgId: MMSG-26355]
EmployerCreateProfile.c(8): Notify: Parameter Substitution: parameter "HTTP" =  "http"	[MsgId: MMSG-13992]
EmployerCreateProfile.c(8): Notify: Parameter Substitution: parameter "EnrollAppLandingPage" =  "enroll-preprod.dchbx.org"	[MsgId: MMSG-13992]
EmployerCreateProfile.c(8): Notify: Parameter Substitution: parameter "HTTP" =  "http"	[MsgId: MMSG-13992]
EmployerCreateProfile.c(8): Notify: Parameter Substitution: parameter "EnrollAppLandingPage" =  "enroll-preprod.dchbx.org"	[MsgId: MMSG-13992]
EmployerCreateProfile.c(8): Notify: Parameter Substitution: parameter "AUTH_TOKEN_2" =  "VW864csZEJmzGN95i+deqySl4wbCBFoOldjly42pfOmHSzzb6XG5kuSmXor7h7Qh1s5/eB0tay1H+zO3t32Ccg=="	[MsgId: MMSG-13992]
EmployerCreateProfile.c(8): Notify: Parameter Substitution: parameter "FEIN" =  "701899744"	[MsgId: MMSG-13992]
EmployerCreateProfile.c(8): Notify: Parameter Substitution: parameter "FEIN" =  "701899744"	[MsgId: MMSG-13992]
EmployerCreateProfile.c(8): Notify: Parameter Substitution: parameter "LegalName" =  "obga"	[MsgId: MMSG-13992]
EmployerCreateProfile.c(8): Notify: Parameter Substitution: parameter "FEIN" =  "701899744"	[MsgId: MMSG-13992]
EmployerCreateProfile.c(8): Notify: Parameter Substitution: parameter "FEIN" =  "701899744"	[MsgId: MMSG-13992]
EmployerCreateProfile.c(8): Notify: Parameter Substitution: parameter "FEIN" =  "701899744"	[MsgId: MMSG-13992]
EmployerCreateProfile.c(8): Error -26612: HTTP Status-Code=500 (Internal Server Error) for "http://enroll-preprod.dchbx.org/employers/employer_profiles", Snapshot Info [MSH 1 8]  	[MsgId: MERR-26612]
EmployerCreateProfile.c(8): Error -26377: No match found for the requested parameter "EMPLOYER_ID". Check whether the requested boundaries exist in the response data. Also, if the data you want to save exceeds 256 bytes, use web_set_max_html_param_len to increase the parameter size, Snapshot Info [MSH 1 8]  	[MsgId: MERR-26377]
End auto log messages stack.	[MsgId: MMSG-10544]


Start auto log messages stack - Iteration 1.	[MsgId: MMSG-10545]
EmployerCreateProfile.c(8): Notify: Parameter Substitution: parameter "HTTP" =  "http"	[MsgId: MMSG-13992]
EmployerCreateProfile.c(8): Notify: Parameter Substitution: parameter "EnrollAppLandingPage" =  "enroll-preprod.dchbx.org"	[MsgId: MMSG-13992]
EmployerCreateProfile.c(8): Notify: Parameter Substitution: parameter "HTTP" =  "http"	[MsgId: MMSG-13992]
EmployerCreateProfile.c(8): Notify: Parameter Substitution: parameter "EnrollAppLandingPage" =  "enroll-preprod.dchbx.org"	[MsgId: MMSG-13992]
EmployerCreateProfile.c(8): Notify: Parameter Substitution: parameter "AUTH_TOKEN_2" =  "V+cnZdGGmljtk24qvjTVj4cb4CpbEfLa2GBj/Xovp3pSjCqYJiJtc/pofc99n5qECw6zLZQle+lP0T4FOQtyTw=="	[MsgId: MMSG-13992]
EmployerCreateProfile.c(8): Notify: Parameter Substitution: parameter "FEIN" =  "275500303"	[MsgId: MMSG-13992]
EmployerCreateProfile.c(8): Notify: Parameter Substitution: parameter "FEIN" =  "275500303"	[MsgId: MMSG-13992]
EmployerCreateProfile.c(8): Notify: Parameter Substitution: parameter "LegalName" =  "zpikangu"	[MsgId: MMSG-13992]
EmployerCreateProfile.c(8): Notify: Parameter Substitution: parameter "FEIN" =  "275500303"	[MsgId: MMSG-13992]
EmployerCreateProfile.c(8): Notify: Parameter Substitution: parameter "FEIN" =  "275500303"	[MsgId: MMSG-13992]
EmployerCreateProfile.c(8): Notify: Parameter Substitution: parameter "FEIN" =  "275500303"	[MsgId: MMSG-13992]
EmployerCreateProfile.c(8): Error -26612: HTTP Status-Code=500 (Internal Server Error) for "http://enroll-preprod.dchbx.org/employers/employer_profiles", Snapshot Info [MSH 1 8]  	[MsgId: MERR-26612]
EmployerCreateProfile.c(8): Error -26377: No match found for the requested parameter "EMPLOYER_ID". Check whether the requested boundaries exist in the response data. Also, if the data you want to save exceeds 256 bytes, use web_set_max_html_param_len to increase the parameter size, Snapshot Info [MSH 1 8]  	[MsgId: MERR-26377]
End auto log messages stack.	[MsgId: MMSG-10544]


Start auto log messages stack - Iteration 1.	[MsgId: MMSG-10545]
EmployerCreateProfile.c(8): web_submit_data("employer_profiles") started  	[MsgId: MMSG-26355]
EmployerCreateProfile.c(8): Notify: Parameter Substitution: parameter "HTTP" =  "http"	[MsgId: MMSG-13992]
EmployerCreateProfile.c(8): Notify: Parameter Substitution: parameter "EnrollAppLandingPage" =  "enroll-preprod.dchbx.org"	[MsgId: MMSG-13992]
EmployerCreateProfile.c(8): Notify: Parameter Substitution: parameter "HTTP" =  "http"	[MsgId: MMSG-13992]
EmployerCreateProfile.c(8): Notify: Parameter Substitution: parameter "EnrollAppLandingPage" =  "enroll-preprod.dchbx.org"	[MsgId: MMSG-13992]
EmployerCreateProfile.c(8): Notify: Parameter Substitution: parameter "AUTH_TOKEN_2" =  "b/HGwyJHIgt5Uxz0/r3WmBV5mXCLWfnA17St0f6Vycd1MOzuLjt2WozyNWNmo/JpdKEpzk1cLwKd4fAc3BzESA=="	[MsgId: MMSG-13992]
EmployerCreateProfile.c(8): Notify: Parameter Substitution: parameter "FEIN" =  "569394253"	[MsgId: MMSG-13992]
EmployerCreateProfile.c(8): Notify: Parameter Substitution: parameter "FEIN" =  "569394253"	[MsgId: MMSG-13992]
EmployerCreateProfile.c(8): Notify: Parameter Substitution: parameter "LegalName" =  "egffgi"	[MsgId: MMSG-13992]
EmployerCreateProfile.c(8): Notify: Parameter Substitution: parameter "FEIN" =  "569394253"	[MsgId: MMSG-13992]
EmployerCreateProfile.c(8): Notify: Parameter Substitution: parameter "FEIN" =  "569394253"	[MsgId: MMSG-13992]
EmployerCreateProfile.c(8): Notify: Parameter Substitution: parameter "FEIN" =  "569394253"	[MsgId: MMSG-13992]
EmployerCreateProfile.c(8): Error -26612: HTTP Status-Code=500 (Internal Server Error) for "http://enroll-preprod.dchbx.org/employers/employer_profiles", Snapshot Info [MSH 1 8]  	[MsgId: MERR-26612]
EmployerCreateProfile.c(8): Error -26377: No match found for the requested parameter "EMPLOYER_ID". Check whether the requested boundaries exist in the response data. Also, if the data you want to save exceeds 256 bytes, use web_set_max_html_param_len to increase the parameter size, Snapshot Info [MSH 1 8]  	[MsgId: MERR-26377]
End auto log messages stack.	[MsgId: MMSG-10544]


Start auto log messages stack - Iteration 1.	[MsgId: MMSG-10545]
IntegratedLandingPage.c(13): Found resource "https://preprod.dchealthlink.com/sites/all/themes/dchl/js/tooltip-flexible/jquery-ui.js?nuuek7" in HTML "https://preprod.dchealthlink.com/"  	[MsgId: MMSG-26659]
IntegratedLandingPage.c(13): Found resource "https://preprod.dchealthlink.com/sites/all/modules/custom/dchl_google_translate/dchl_google_translate.js?nuuek7" in HTML "https://preprod.dchealthlink.com/"  	[MsgId: MMSG-26659]
IntegratedLandingPage.c(13): Found resource "https://translate.google.com/translate_a/element.js?cb=googleTranslateElementInit&nuuek7" in HTML "https://preprod.dchealthlink.com/"  	[MsgId: MMSG-26659]
IntegratedLandingPage.c(13): Warning -26627: HTTP Status-Code=404 (Not Found) for "https://preprod.dchealthlink.com/sites/all/themes/dchl/js/SCRATCH.js?nuuek7"  	[MsgId: MWAR-26627]
IntegratedLandingPage.c(13): Error -27725: Step download timeout (120 seconds) has expired when downloading resource(s). Set the "Step Timeout caused by resources is a warning" Run-Time Setting to Yes/No to have this message as a warning/error, respectively, Snapshot Info [MSH 1 1]  	[MsgId: MERR-27725]
End auto log messages stack.	[MsgId: MMSG-10544]


