Start auto log messages stack - Iteration 1.	[MsgId: MMSG-10545]
IntegratedLandingPage.c(13): Downloading resource "https://preprod.dchealthlink.com/sites/all/themes/dchl/img/stock/home-page-layout.jpg" (specified by argument number 33)  	[MsgId: MMSG-26577]
IntegratedLandingPage.c(13): Downloading resource "https://preprod.dchealthlink.com/sites/all/modules/extlink/extlink.png" (specified by argument number 36)  	[MsgId: MMSG-26577]
IntegratedLandingPage.c(13): Found resource "https://preprod.dchealthlink.com/sites/all/themes/dchl/img/icon/phone-sm-blue.png" in HTML "https://preprod.dchealthlink.com/"  	[MsgId: MMSG-26659]
IntegratedLandingPage.c(13): Found resource "https://preprod.dchealthlink.com/sites/all/themes/dchl/img/logo.png" in HTML "https://preprod.dchealthlink.com/"  	[MsgId: MMSG-26659]
IntegratedLandingPage.c(13): Error -27778: [GENERAL_MSG_CAT_SSL_ERROR]read to host "preprod.dchealthlink.com" failed: [10054] Connection reset by peer, Snapshot Info [MSH 1 1]  	[MsgId: MERR-27778]
Start auto log messages stack - Iteration 1.	[MsgId: MMSG-10545]
IntegratedLandingPage.c(13): Downloading resource "https://preprod.dchealthlink.com/sites/all/themes/dchl/css/home.css?nu66an" (specified by argument number 29)  	[MsgId: MMSG-26577]
IntegratedLandingPage.c(13): Downloading resource "https://preprod.dchealthlink.com/sites/all/modules/ctools/css/ctools.css?nu66an" (specified by argument number 31)  	[MsgId: MMSG-26577]
IntegratedLandingPage.c(13): Downloading resource "https://preprod.dchealthlink.com/sites/all/themes/dchl/img/stock/home-page-layout.jpg" (specified by argument number 33)  	[MsgId: MMSG-26577]
IntegratedLandingPage.c(13): Downloading resource "https://preprod.dchealthlink.com/sites/all/modules/extlink/extlink.png" (specified by argument number 36)  	[MsgId: MMSG-26577]
IntegratedLandingPage.c(13): Error -27778: [GENERAL_MSG_CAT_SSL_ERROR]read to host "preprod.dchealthlink.com" failed: [10054] Connection reset by peer, Snapshot Info [MSH 1 1]  	[MsgId: MERR-27778]
Start auto log messages stack - Iteration 1.	[MsgId: MMSG-10545]
IntegratedLandingPage.c(4): web_set_sockets_option was successful  	[MsgId: MMSG-26392]
IntegratedLandingPage.c(9): web_reg_find started  	[MsgId: MMSG-26355]
IntegratedLandingPage.c(9): Registering web_reg_find was successful  	[MsgId: MMSG-26390]
IntegratedLandingPage.c(11): Notify: Transaction "INTEG_EMPLYR_0000_1_Integrated_Landing_Page" started.	[MsgId: MMSG-16999]
IntegratedLandingPage.c(13): web_url("{IntegratedURL}") started  	[MsgId: MMSG-26355]
IntegratedLandingPage.c(13): Notify: Parameter Substitution: parameter "IntegratedURL" =  "https://preprod.dchealthlink.com/"	[MsgId: MMSG-13992]
IntegratedLandingPage.c(13): Notify: Parameter Substitution: parameter "IntegratedURL" =  "https://preprod.dchealthlink.com/"	[MsgId: MMSG-13992]
IntegratedLandingPage.c(13): Notify: Parameter Substitution: parameter "IntegratedURL" =  "https://preprod.dchealthlink.com/"	[MsgId: MMSG-13992]
IntegratedLandingPage.c(13): Error -27778: [GENERAL_MSG_CAT_SSL_ERROR]read to host "preprod.dchealthlink.com" failed: [10054] Connection reset by peer  	[MsgId: MERR-27778]
IntegratedLandingPage.c(13): Error -27789: Server "preprod.dchealthlink.com" has shut down the connection prematurely  	[MsgId: MERR-27789]
End auto log messages stack.	[MsgId: MMSG-10544]


Start auto log messages stack - Iteration 1.	[MsgId: MMSG-10545]
IntegratedLandingPage.c(13): Warning -26200: At least one of the resources specified by EXTRARES has not been downloaded due to the above error(s)  	[MsgId: MWAR-26200]
IntegratedLandingPage.c(13): Error -26366: "Text=What kind of health insurance do you need?" not found for web_reg_find  	[MsgId: MERR-26366]
IntegratedLandingPage.c(13): Error -26374: The above "not found" error(s) may be explained by header and body byte counts being 635 and 0, respectively.  	[MsgId: MERR-26374]
End auto log messages stack.	[MsgId: MMSG-10544]


Start auto log messages stack - Iteration 1.	[MsgId: MMSG-10545]
IntegratedLandingPage.c(13): Found resource "https://preprod.dchealthlink.com/sites/all/themes/dchl/img/logo/partners-dc-chamber-of-commerce.png" in HTML "https://preprod.dchealthlink.com/"  	[MsgId: MMSG-26659]
IntegratedLandingPage.c(13): Found resource "https://preprod.dchealthlink.com/sites/all/themes/dchl/img/logo/partners-greatwashington.png" in HTML "https://preprod.dchealthlink.com/"  	[MsgId: MMSG-26659]
IntegratedLandingPage.c(13): Found resource "https://preprod.dchealthlink.com/sites/all/themes/dchl/img/logo/partners-nahu.png" in HTML "https://preprod.dchealthlink.com/"  	[MsgId: MMSG-26659]
IntegratedLandingPage.c(13): Found resource "https://preprod.dchealthlink.com/sites/all/themes/dchl/img/logo/partners-ramw.png" in HTML "https://preprod.dchealthlink.com/"  	[MsgId: MMSG-26659]
IntegratedLandingPage.c(13): Error -27778: [GENERAL_MSG_CAT_SSL_ERROR]read to host "preprod.dchealthlink.com" failed: [10054] Connection reset by peer, Snapshot Info [MSH 1 1]  	[MsgId: MERR-27778]
End auto log messages stack.	[MsgId: MMSG-10544]


Start auto log messages stack - Iteration 1.	[MsgId: MMSG-10545]
IntegratedLandingPage.c(13): Downloading resource "https://preprod.dchealthlink.com/sites/all/themes/dchl/img/stock/home-page-layout.jpg" (specified by argument number 33)  	[MsgId: MMSG-26577]
IntegratedLandingPage.c(13): Downloading resource "https://preprod.dchealthlink.com/sites/all/modules/extlink/extlink.png" (specified by argument number 36)  	[MsgId: MMSG-26577]
IntegratedLandingPage.c(13): Found resource "https://preprod.dchealthlink.com/sites/all/themes/dchl/img/icon/phone-sm-blue.png" in HTML "https://preprod.dchealthlink.com/"  	[MsgId: MMSG-26659]
IntegratedLandingPage.c(13): Found resource "https://preprod.dchealthlink.com/sites/all/themes/dchl/img/logo.png" in HTML "https://preprod.dchealthlink.com/"  	[MsgId: MMSG-26659]
IntegratedLandingPage.c(13): Error -27778: [GENERAL_MSG_CAT_SSL_ERROR]read to host "preprod.dchealthlink.com" failed: [10054] Connection reset by peer, Snapshot Info [MSH 1 1]  	[MsgId: MERR-27778]
End auto log messages stack.	[MsgId: MMSG-10544]


End auto log messages stack.	[MsgId: MMSG-10544]


End auto log messages stack.	[MsgId: MMSG-10544]


Start auto log messages stack - Iteration 1.	[MsgId: MMSG-10545]
IntegratedLandingPage.c(13): Notify: Transaction "https://preprod.dchealthlink.com/sites/all/themes/dchl/img/logo-white.svg" will be skipped - could not calculate the transaction time (duration=0.2804, think_time=0.0000, wasted_time=1.0803).	[MsgId: MMSG-16889]
IntegratedLandingPage.c(13): Notify: Transaction "https://preprod.dchealthlink.com/sites/all/themes/dchl/img/icon/search-sm-blue.png" will be skipped - could not calculate the transaction time (duration=0.3352, think_time=0.0000, wasted_time=1.0803).	[MsgId: MMSG-16889]
IntegratedLandingPage.c(13): Notify: Transaction "https://fonts.googleapis.com/css?family=Open+Sans:600,800,400,700,300" will be skipped - could not calculate the transaction time (duration=0.3993, think_time=0.0000, wasted_time=1.0804).	[MsgId: MMSG-16889]
IntegratedLandingPage.c(13): Notify: Transaction "https://preprod.dchealthlink.com/sites/all/modules/calendar/css/calendar_multiday.css?nu66an" will be skipped - could not calculate the transaction time (duration=0.6851, think_time=0.0000, wasted_time=1.0804).	[MsgId: MMSG-16889]
IntegratedLandingPage.c(13): Warning -26627: HTTP Status-Code=404 (Not Found) for "https://preprod.dchealthlink.com/sites/all/themes/dchl/js/SCRATCH.js?nuuek7"  	[MsgId: MWAR-26627]
IntegratedLandingPage.c(13): Error -27725: Step download timeout (120 seconds) has expired when downloading resource(s). Set the "Step Timeout caused by resources is a warning" Run-Time Setting to Yes/No to have this message as a warning/error, respectively, Snapshot Info [MSH 1 1]  	[MsgId: MERR-27725]
End auto log messages stack.	[MsgId: MMSG-10544]


Start auto log messages stack - Iteration 1.	[MsgId: MMSG-10545]
IntegratedLandingPage.c(13): Found resource "https://preprod.dchealthlink.com/sites/all/themes/dchl/js/tooltip-flexible/jquery-ui.js?nuuek7" in HTML "https://preprod.dchealthlink.com/"  	[MsgId: MMSG-26659]
IntegratedLandingPage.c(13): Found resource "https://preprod.dchealthlink.com/sites/all/modules/custom/dchl_google_translate/dchl_google_translate.js?nuuek7" in HTML "https://preprod.dchealthlink.com/"  	[MsgId: MMSG-26659]
IntegratedLandingPage.c(13): Found resource "https://translate.google.com/translate_a/element.js?cb=googleTranslateElementInit&nuuek7" in HTML "https://preprod.dchealthlink.com/"  	[MsgId: MMSG-26659]
IntegratedLandingPage.c(13): Warning -26627: HTTP Status-Code=404 (Not Found) for "https://preprod.dchealthlink.com/sites/all/themes/dchl/js/SCRATCH.js?nuuek7"  	[MsgId: MWAR-26627]
IntegratedLandingPage.c(13): Error -27725: Step download timeout (120 seconds) has expired when downloading resource(s). Set the "Step Timeout caused by resources is a warning" Run-Time Setting to Yes/No to have this message as a warning/error, respectively, Snapshot Info [MSH 1 1]  	[MsgId: MERR-27725]
End auto log messages stack.	[MsgId: MMSG-10544]


Start auto log messages stack - Iteration 1.	[MsgId: MMSG-10545]
IntegratedLandingPage.c(13): Found resource "https://preprod.dchealthlink.com/sites/all/themes/dchl/js/tooltip-flexible/jquery-ui.js?nuuek7" in HTML "https://preprod.dchealthlink.com/"  	[MsgId: MMSG-26659]
IntegratedLandingPage.c(13): Found resource "https://preprod.dchealthlink.com/sites/all/modules/custom/dchl_google_translate/dchl_google_translate.js?nuuek7" in HTML "https://preprod.dchealthlink.com/"  	[MsgId: MMSG-26659]
IntegratedLandingPage.c(13): Found resource "https://translate.google.com/translate_a/element.js?cb=googleTranslateElementInit&nuuek7" in HTML "https://preprod.dchealthlink.com/"  	[MsgId: MMSG-26659]
IntegratedLandingPage.c(13): Warning -26627: HTTP Status-Code=404 (Not Found) for "https://preprod.dchealthlink.com/sites/all/themes/dchl/js/SCRATCH.js?nuuek7"  	[MsgId: MWAR-26627]
IntegratedLandingPage.c(13): Error -27725: Step download timeout (120 seconds) has expired when downloading resource(s). Set the "Step Timeout caused by resources is a warning" Run-Time Setting to Yes/No to have this message as a warning/error, respectively, Snapshot Info [MSH 1 1]  	[MsgId: MERR-27725]
End auto log messages stack.	[MsgId: MMSG-10544]


Start auto log messages stack - Iteration 1.	[MsgId: MMSG-10545]
IntegratedLandingPage.c(13): Found resource "https://preprod.dchealthlink.com/sites/all/themes/dchl/js/tooltip-flexible/jquery-ui.js?nuuek7" in HTML "https://preprod.dchealthlink.com/"  	[MsgId: MMSG-26659]
IntegratedLandingPage.c(13): Found resource "https://preprod.dchealthlink.com/sites/all/modules/custom/dchl_google_translate/dchl_google_translate.js?nuuek7" in HTML "https://preprod.dchealthlink.com/"  	[MsgId: MMSG-26659]
IntegratedLandingPage.c(13): Found resource "https://translate.google.com/translate_a/element.js?cb=googleTranslateElementInit&nuuek7" in HTML "https://preprod.dchealthlink.com/"  	[MsgId: MMSG-26659]
IntegratedLandingPage.c(13): Warning -26627: HTTP Status-Code=404 (Not Found) for "https://preprod.dchealthlink.com/sites/all/themes/dchl/js/SCRATCH.js?nuuek7"  	[MsgId: MWAR-26627]
IntegratedLandingPage.c(13): Error -27725: Step download timeout (120 seconds) has expired when downloading resource(s). Set the "Step Timeout caused by resources is a warning" Run-Time Setting to Yes/No to have this message as a warning/error, respectively, Snapshot Info [MSH 1 1]  	[MsgId: MERR-27725]
End auto log messages stack.	[MsgId: MMSG-10544]


Start auto log messages stack - Iteration 1.	[MsgId: MMSG-10545]
IntegratedLandingPage.c(13): Found resource "https://preprod.dchealthlink.com/sites/all/themes/dchl/js/tooltip-flexible/jquery-ui.js?nuuek7" in HTML "https://preprod.dchealthlink.com/"  	[MsgId: MMSG-26659]
IntegratedLandingPage.c(13): Found resource "https://preprod.dchealthlink.com/sites/all/modules/custom/dchl_google_translate/dchl_google_translate.js?nuuek7" in HTML "https://preprod.dchealthlink.com/"  	[MsgId: MMSG-26659]
IntegratedLandingPage.c(13): Found resource "https://translate.google.com/translate_a/element.js?cb=googleTranslateElementInit&nuuek7" in HTML "https://preprod.dchealthlink.com/"  	[MsgId: MMSG-26659]
IntegratedLandingPage.c(13): Warning -26627: HTTP Status-Code=404 (Not Found) for "https://preprod.dchealthlink.com/sites/all/themes/dchl/js/SCRATCH.js?nuuek7"  	[MsgId: MWAR-26627]
IntegratedLandingPage.c(13): Error -27725: Step download timeout (120 seconds) has expired when downloading resource(s). Set the "Step Timeout caused by resources is a warning" Run-Time Setting to Yes/No to have this message as a warning/error, respectively, Snapshot Info [MSH 1 1]  	[MsgId: MERR-27725]
End auto log messages stack.	[MsgId: MMSG-10544]


Start auto log messages stack - Iteration 1.	[MsgId: MMSG-10545]
IntegratedLandingPage.c(13): Found resource "https://preprod.dchealthlink.com/sites/all/themes/dchl/js/tooltip-flexible/jquery-ui.js?nuuek7" in HTML "https://preprod.dchealthlink.com/"  	[MsgId: MMSG-26659]
IntegratedLandingPage.c(13): Found resource "https://preprod.dchealthlink.com/sites/all/modules/custom/dchl_google_translate/dchl_google_translate.js?nuuek7" in HTML "https://preprod.dchealthlink.com/"  	[MsgId: MMSG-26659]
IntegratedLandingPage.c(13): Found resource "https://translate.google.com/translate_a/element.js?cb=googleTranslateElementInit&nuuek7" in HTML "https://preprod.dchealthlink.com/"  	[MsgId: MMSG-26659]
IntegratedLandingPage.c(13): Warning -26627: HTTP Status-Code=404 (Not Found) for "https://preprod.dchealthlink.com/sites/all/themes/dchl/js/SCRATCH.js?nuuek7"  	[MsgId: MWAR-26627]
IntegratedLandingPage.c(13): Error -27725: Step download timeout (120 seconds) has expired when downloading resource(s). Set the "Step Timeout caused by resources is a warning" Run-Time Setting to Yes/No to have this message as a warning/error, respectively, Snapshot Info [MSH 1 1]  	[MsgId: MERR-27725]
End auto log messages stack.	[MsgId: MMSG-10544]


Start auto log messages stack - Iteration 1.	[MsgId: MMSG-10545]
IntegratedLandingPage.c(13): Found resource "https://preprod.dchealthlink.com/sites/all/modules/custom/dchl_google_translate/dchl_google_translate.js?nuuek7" in HTML "https://preprod.dchealthlink.com/"  	[MsgId: MMSG-26659]
IntegratedLandingPage.c(13): Found resource "https://translate.google.com/translate_a/element.js?cb=googleTranslateElementInit&nuuek7" in HTML "https://preprod.dchealthlink.com/"  	[MsgId: MMSG-26659]
IntegratedLandingPage.c(13): Warning -27778: [GENERAL_MSG_CAT_SSL_ERROR]read to host "preprod.dchealthlink.com" failed: [10054] Connection reset by peer  	[MsgId: MWAR-27778]
IntegratedLandingPage.c(13): Warning -26627: HTTP Status-Code=404 (Not Found) for "https://preprod.dchealthlink.com/sites/all/themes/dchl/js/SCRATCH.js?nuuek7"  	[MsgId: MWAR-26627]
IntegratedLandingPage.c(13): Error -27725: Step download timeout (120 seconds) has expired when downloading resource(s). Set the "Step Timeout caused by resources is a warning" Run-Time Setting to Yes/No to have this message as a warning/error, respectively, Snapshot Info [MSH 1 1]  	[MsgId: MERR-27725]
End auto log messages stack.	[MsgId: MMSG-10544]


Start auto log messages stack - Iteration 1.	[MsgId: MMSG-10545]
IntegratedLandingPage.c(13): Found resource "https://preprod.dchealthlink.com/sites/all/themes/dchl/js/tooltip-flexible/jquery-ui.js?nuuek7" in HTML "https://preprod.dchealthlink.com/"  	[MsgId: MMSG-26659]
IntegratedLandingPage.c(13): Found resource "https://preprod.dchealthlink.com/sites/all/modules/custom/dchl_google_translate/dchl_google_translate.js?nuuek7" in HTML "https://preprod.dchealthlink.com/"  	[MsgId: MMSG-26659]
IntegratedLandingPage.c(13): Found resource "https://translate.google.com/translate_a/element.js?cb=googleTranslateElementInit&nuuek7" in HTML "https://preprod.dchealthlink.com/"  	[MsgId: MMSG-26659]
IntegratedLandingPage.c(13): Warning -26627: HTTP Status-Code=404 (Not Found) for "https://preprod.dchealthlink.com/sites/all/themes/dchl/js/SCRATCH.js?nuuek7"  	[MsgId: MWAR-26627]
IntegratedLandingPage.c(13): Error -27725: Step download timeout (120 seconds) has expired when downloading resource(s). Set the "Step Timeout caused by resources is a warning" Run-Time Setting to Yes/No to have this message as a warning/error, respectively, Snapshot Info [MSH 1 1]  	[MsgId: MERR-27725]
End auto log messages stack.	[MsgId: MMSG-10544]


Start auto log messages stack - Iteration 1.	[MsgId: MMSG-10545]
IntegratedLandingPage.c(13): Found resource "https://preprod.dchealthlink.com/sites/all/themes/dchl/js/tooltip-flexible/jquery-ui.js?nuuek7" in HTML "https://preprod.dchealthlink.com/"  	[MsgId: MMSG-26659]
IntegratedLandingPage.c(13): Found resource "https://preprod.dchealthlink.com/sites/all/modules/custom/dchl_google_translate/dchl_google_translate.js?nuuek7" in HTML "https://preprod.dchealthlink.com/"  	[MsgId: MMSG-26659]
IntegratedLandingPage.c(13): Found resource "https://translate.google.com/translate_a/element.js?cb=googleTranslateElementInit&nuuek7" in HTML "https://preprod.dchealthlink.com/"  	[MsgId: MMSG-26659]
IntegratedLandingPage.c(13): Warning -26627: HTTP Status-Code=404 (Not Found) for "https://preprod.dchealthlink.com/sites/all/themes/dchl/js/SCRATCH.js?nuuek7"  	[MsgId: MWAR-26627]
IntegratedLandingPage.c(13): Error -27725: Step download timeout (120 seconds) has expired when downloading resource(s). Set the "Step Timeout caused by resources is a warning" Run-Time Setting to Yes/No to have this message as a warning/error, respectively, Snapshot Info [MSH 1 1]  	[MsgId: MERR-27725]
End auto log messages stack.	[MsgId: MMSG-10544]


Start auto log messages stack - Iteration 1.	[MsgId: MMSG-10545]
IntegratedLandingPage.c(13): Found resource "https://preprod.dchealthlink.com/sites/all/themes/dchl/js/tooltip-flexible/jquery-ui.js?nuuek7" in HTML "https://preprod.dchealthlink.com/"  	[MsgId: MMSG-26659]
IntegratedLandingPage.c(13): Found resource "https://preprod.dchealthlink.com/sites/all/modules/custom/dchl_google_translate/dchl_google_translate.js?nuuek7" in HTML "https://preprod.dchealthlink.com/"  	[MsgId: MMSG-26659]
IntegratedLandingPage.c(13): Found resource "https://translate.google.com/translate_a/element.js?cb=googleTranslateElementInit&nuuek7" in HTML "https://preprod.dchealthlink.com/"  	[MsgId: MMSG-26659]
IntegratedLandingPage.c(13): Warning -26627: HTTP Status-Code=404 (Not Found) for "https://preprod.dchealthlink.com/sites/all/themes/dchl/js/SCRATCH.js?nuuek7"  	[MsgId: MWAR-26627]
IntegratedLandingPage.c(13): Error -27725: Step download timeout (120 seconds) has expired when downloading resource(s). Set the "Step Timeout caused by resources is a warning" Run-Time Setting to Yes/No to have this message as a warning/error, respectively, Snapshot Info [MSH 1 1]  	[MsgId: MERR-27725]
End auto log messages stack.	[MsgId: MMSG-10544]


Start auto log messages stack - Iteration 1.	[MsgId: MMSG-10545]
IntegratedLandingPage.c(13): Warning -27778: [GENERAL_MSG_CAT_SSL_ERROR]read to host "preprod.dchealthlink.com" failed: [10054] Connection reset by peer  	[MsgId: MWAR-27778]
IntegratedLandingPage.c(13): Warning -26627: HTTP Status-Code=404 (Not Found) for "https://preprod.dchealthlink.com/sites/all/themes/dchl/js/SCRATCH.js?nuuek7"  	[MsgId: MWAR-26627]
IntegratedLandingPage.c(13): Warning -27778: [GENERAL_MSG_CAT_SSL_ERROR]read to host "preprod.dchealthlink.com" failed: [10054] Connection reset by peer  	[MsgId: MWAR-27778]
IntegratedLandingPage.c(13): Warning -27778: [GENERAL_MSG_CAT_SSL_ERROR]read to host "preprod.dchealthlink.com" failed: [10054] Connection reset by peer  	[MsgId: MWAR-27778]
IntegratedLandingPage.c(13): Error -27725: Step download timeout (120 seconds) has expired when downloading resource(s). Set the "Step Timeout caused by resources is a warning" Run-Time Setting to Yes/No to have this message as a warning/error, respectively, Snapshot Info [MSH 1 1]  	[MsgId: MERR-27725]
End auto log messages stack.	[MsgId: MMSG-10544]


Start auto log messages stack - Iteration 1.	[MsgId: MMSG-10545]
IntegratedLandingPage.c(13): Found resource "https://preprod.dchealthlink.com/sites/all/modules/custom/dchl_google_translate/dchl_google_translate.js?nuuek7" in HTML "https://preprod.dchealthlink.com/"  	[MsgId: MMSG-26659]
IntegratedLandingPage.c(13): Found resource "https://translate.google.com/translate_a/element.js?cb=googleTranslateElementInit&nuuek7" in HTML "https://preprod.dchealthlink.com/"  	[MsgId: MMSG-26659]
IntegratedLandingPage.c(13): Warning -27778: [GENERAL_MSG_CAT_SSL_ERROR]read to host "preprod.dchealthlink.com" failed: [10054] Connection reset by peer  	[MsgId: MWAR-27778]
IntegratedLandingPage.c(13): Warning -26627: HTTP Status-Code=404 (Not Found) for "https://preprod.dchealthlink.com/sites/all/themes/dchl/js/SCRATCH.js?nuuek7"  	[MsgId: MWAR-26627]
IntegratedLandingPage.c(13): Error -27725: Step download timeout (120 seconds) has expired when downloading resource(s). Set the "Step Timeout caused by resources is a warning" Run-Time Setting to Yes/No to have this message as a warning/error, respectively, Snapshot Info [MSH 1 1]  	[MsgId: MERR-27725]
End auto log messages stack.	[MsgId: MMSG-10544]


Start auto log messages stack - Iteration 1.	[MsgId: MMSG-10545]
IntegratedLandingPage.c(13): Warning -27778: [GENERAL_MSG_CAT_SSL_ERROR]read to host "preprod.dchealthlink.com" failed: [10054] Connection reset by peer  	[MsgId: MWAR-27778]
IntegratedLandingPage.c(13): Warning -27778: [GENERAL_MSG_CAT_SSL_ERROR]read to host "preprod.dchealthlink.com" failed: [10054] Connection reset by peer  	[MsgId: MWAR-27778]
IntegratedLandingPage.c(13): Warning -27778: [GENERAL_MSG_CAT_SSL_ERROR]read to host "preprod.dchealthlink.com" failed: [10054] Connection reset by peer  	[MsgId: MWAR-27778]
IntegratedLandingPage.c(13): Warning -26627: HTTP Status-Code=404 (Not Found) for "https://preprod.dchealthlink.com/sites/all/themes/dchl/js/SCRATCH.js?nuuek7"  	[MsgId: MWAR-26627]
IntegratedLandingPage.c(13): Error -27725: Step download timeout (120 seconds) has expired when downloading resource(s). Set the "Step Timeout caused by resources is a warning" Run-Time Setting to Yes/No to have this message as a warning/error, respectively, Snapshot Info [MSH 1 1]  	[MsgId: MERR-27725]
End auto log messages stack.	[MsgId: MMSG-10544]


Start auto log messages stack - Iteration 1.	[MsgId: MMSG-10545]
IntegratedLandingPage.c(13): Warning -27778: [GENERAL_MSG_CAT_SSL_ERROR]read to host "preprod.dchealthlink.com" failed: [10054] Connection reset by peer  	[MsgId: MWAR-27778]
IntegratedLandingPage.c(13): Warning -27778: [GENERAL_MSG_CAT_SSL_ERROR]read to host "preprod.dchealthlink.com" failed: [10054] Connection reset by peer  	[MsgId: MWAR-27778]
IntegratedLandingPage.c(13): Warning -26627: HTTP Status-Code=404 (Not Found) for "https://preprod.dchealthlink.com/sites/all/themes/dchl/js/SCRATCH.js?nuuek7"  	[MsgId: MWAR-26627]
IntegratedLandingPage.c(13): Warning -27778: [GENERAL_MSG_CAT_SSL_ERROR]read to host "preprod.dchealthlink.com" failed: [10054] Connection reset by peer  	[MsgId: MWAR-27778]
IntegratedLandingPage.c(13): Error -27725: Step download timeout (120 seconds) has expired when downloading resource(s). Set the "Step Timeout caused by resources is a warning" Run-Time Setting to Yes/No to have this message as a warning/error, respectively, Snapshot Info [MSH 1 1]  	[MsgId: MERR-27725]
End auto log messages stack.	[MsgId: MMSG-10544]


Start auto log messages stack - Iteration 1.	[MsgId: MMSG-10545]
IntegratedLandingPage.c(13): Warning -27778: [GENERAL_MSG_CAT_SSL_ERROR]read to host "preprod.dchealthlink.com" failed: [10054] Connection reset by peer  	[MsgId: MWAR-27778]
IntegratedLandingPage.c(13): Warning -27789: Server "preprod.dchealthlink.com" has shut down the connection prematurely  	[MsgId: MWAR-27789]
IntegratedLandingPage.c(13): Warning -27778: [GENERAL_MSG_CAT_SSL_ERROR]read to host "preprod.dchealthlink.com" failed: [10054] Connection reset by peer  	[MsgId: MWAR-27778]
IntegratedLandingPage.c(13): Warning -27778: [GENERAL_MSG_CAT_SSL_ERROR]read to host "preprod.dchealthlink.com" failed: [10054] Connection reset by peer  	[MsgId: MWAR-27778]
IntegratedLandingPage.c(13): Error -27725: Step download timeout (120 seconds) has expired when downloading resource(s). Set the "Step Timeout caused by resources is a warning" Run-Time Setting to Yes/No to have this message as a warning/error, respectively, Snapshot Info [MSH 1 1]  	[MsgId: MERR-27725]
End auto log messages stack.	[MsgId: MMSG-10544]


Start auto log messages stack - Iteration 1.	[MsgId: MMSG-10545]
IntegratedLandingPage.c(13): Warning -27778: [GENERAL_MSG_CAT_SSL_ERROR]read to host "preprod.dchealthlink.com" failed: [10054] Connection reset by peer  	[MsgId: MWAR-27778]
IntegratedLandingPage.c(13): Warning -27778: [GENERAL_MSG_CAT_SSL_ERROR]read to host "preprod.dchealthlink.com" failed: [10054] Connection reset by peer  	[MsgId: MWAR-27778]
IntegratedLandingPage.c(13): Warning -26627: HTTP Status-Code=404 (Not Found) for "https://preprod.dchealthlink.com/sites/all/themes/dchl/js/SCRATCH.js?nuuek7"  	[MsgId: MWAR-26627]
IntegratedLandingPage.c(13): Warning -27778: [GENERAL_MSG_CAT_SSL_ERROR]read to host "preprod.dchealthlink.com" failed: [10054] Connection reset by peer  	[MsgId: MWAR-27778]
IntegratedLandingPage.c(13): Error -27725: Step download timeout (120 seconds) has expired when downloading resource(s). Set the "Step Timeout caused by resources is a warning" Run-Time Setting to Yes/No to have this message as a warning/error, respectively, Snapshot Info [MSH 1 1]  	[MsgId: MERR-27725]
End auto log messages stack.	[MsgId: MMSG-10544]


Start auto log messages stack - Iteration 1.	[MsgId: MMSG-10545]
IntegratedLandingPage.c(13): Found resource "https://translate.google.com/translate_a/element.js?cb=googleTranslateElementInit&nuuek7" in HTML "https://preprod.dchealthlink.com/"  	[MsgId: MMSG-26659]
IntegratedLandingPage.c(13): Warning -27778: [GENERAL_MSG_CAT_SSL_ERROR]read to host "preprod.dchealthlink.com" failed: [10054] Connection reset by peer  	[MsgId: MWAR-27778]
IntegratedLandingPage.c(13): Warning -27778: [GENERAL_MSG_CAT_SSL_ERROR]read to host "preprod.dchealthlink.com" failed: [10054] Connection reset by peer  	[MsgId: MWAR-27778]
IntegratedLandingPage.c(13): Warning -26627: HTTP Status-Code=404 (Not Found) for "https://preprod.dchealthlink.com/sites/all/themes/dchl/js/SCRATCH.js?nuuek7"  	[MsgId: MWAR-26627]
IntegratedLandingPage.c(13): Error -27725: Step download timeout (120 seconds) has expired when downloading resource(s). Set the "Step Timeout caused by resources is a warning" Run-Time Setting to Yes/No to have this message as a warning/error, respectively, Snapshot Info [MSH 1 1]  	[MsgId: MERR-27725]
End auto log messages stack.	[MsgId: MMSG-10544]


Start auto log messages stack - Iteration 1.	[MsgId: MMSG-10545]
IntegratedLandingPage.c(13): Warning -27778: [GENERAL_MSG_CAT_SSL_ERROR]read to host "preprod.dchealthlink.com" failed: [10054] Connection reset by peer  	[MsgId: MWAR-27778]
IntegratedLandingPage.c(13): Warning -27778: [GENERAL_MSG_CAT_SSL_ERROR]read to host "preprod.dchealthlink.com" failed: [10054] Connection reset by peer  	[MsgId: MWAR-27778]
IntegratedLandingPage.c(13): Warning -26627: HTTP Status-Code=404 (Not Found) for "https://preprod.dchealthlink.com/sites/all/themes/dchl/js/SCRATCH.js?nuuek7"  	[MsgId: MWAR-26627]
IntegratedLandingPage.c(13): Warning -27778: [GENERAL_MSG_CAT_SSL_ERROR]read to host "preprod.dchealthlink.com" failed: [10054] Connection reset by peer  	[MsgId: MWAR-27778]
IntegratedLandingPage.c(13): Error -27725: Step download timeout (120 seconds) has expired when downloading resource(s). Set the "Step Timeout caused by resources is a warning" Run-Time Setting to Yes/No to have this message as a warning/error, respectively, Snapshot Info [MSH 1 1]  	[MsgId: MERR-27725]
End auto log messages stack.	[MsgId: MMSG-10544]


Start auto log messages stack - Iteration 1.	[MsgId: MMSG-10545]
IntegratedLandingPage.c(13): Warning -27778: [GENERAL_MSG_CAT_SSL_ERROR]read to host "preprod.dchealthlink.com" failed: [10054] Connection reset by peer  	[MsgId: MWAR-27778]
IntegratedLandingPage.c(13): Warning -27778: [GENERAL_MSG_CAT_SSL_ERROR]read to host "preprod.dchealthlink.com" failed: [10054] Connection reset by peer  	[MsgId: MWAR-27778]
IntegratedLandingPage.c(13): Warning -27778: [GENERAL_MSG_CAT_SSL_ERROR]read to host "preprod.dchealthlink.com" failed: [10054] Connection reset by peer  	[MsgId: MWAR-27778]
IntegratedLandingPage.c(13): Warning -26627: HTTP Status-Code=404 (Not Found) for "https://preprod.dchealthlink.com/sites/all/themes/dchl/js/SCRATCH.js?nuuek7"  	[MsgId: MWAR-26627]
IntegratedLandingPage.c(13): Error -27725: Step download timeout (120 seconds) has expired when downloading resource(s). Set the "Step Timeout caused by resources is a warning" Run-Time Setting to Yes/No to have this message as a warning/error, respectively, Snapshot Info [MSH 1 1]  	[MsgId: MERR-27725]
End auto log messages stack.	[MsgId: MMSG-10544]


Start auto log messages stack - Iteration 1.	[MsgId: MMSG-10545]
IntegratedLandingPage.c(13): Found resource "https://translate.google.com/translate_a/element.js?cb=googleTranslateElementInit&nuuek7" in HTML "https://preprod.dchealthlink.com/"  	[MsgId: MMSG-26659]
IntegratedLandingPage.c(13): Warning -27778: [GENERAL_MSG_CAT_SSL_ERROR]read to host "preprod.dchealthlink.com" failed: [10054] Connection reset by peer  	[MsgId: MWAR-27778]
IntegratedLandingPage.c(13): Warning -27778: [GENERAL_MSG_CAT_SSL_ERROR]read to host "preprod.dchealthlink.com" failed: [10054] Connection reset by peer  	[MsgId: MWAR-27778]
IntegratedLandingPage.c(13): Warning -26627: HTTP Status-Code=404 (Not Found) for "https://preprod.dchealthlink.com/sites/all/themes/dchl/js/SCRATCH.js?nuuek7"  	[MsgId: MWAR-26627]
IntegratedLandingPage.c(13): Error -27725: Step download timeout (120 seconds) has expired when downloading resource(s). Set the "Step Timeout caused by resources is a warning" Run-Time Setting to Yes/No to have this message as a warning/error, respectively, Snapshot Info [MSH 1 1]  	[MsgId: MERR-27725]
End auto log messages stack.	[MsgId: MMSG-10544]


Start auto log messages stack - Iteration 1.	[MsgId: MMSG-10545]
IntegratedLandingPage.c(13): Found resource "https://translate.google.com/translate_a/element.js?cb=googleTranslateElementInit&nuuek7" in HTML "https://preprod.dchealthlink.com/"  	[MsgId: MMSG-26659]
IntegratedLandingPage.c(13): Warning -27778: [GENERAL_MSG_CAT_SSL_ERROR]read to host "preprod.dchealthlink.com" failed: [10054] Connection reset by peer  	[MsgId: MWAR-27778]
IntegratedLandingPage.c(13): Warning -27778: [GENERAL_MSG_CAT_SSL_ERROR]read to host "preprod.dchealthlink.com" failed: [10054] Connection reset by peer  	[MsgId: MWAR-27778]
IntegratedLandingPage.c(13): Warning -26627: HTTP Status-Code=404 (Not Found) for "https://preprod.dchealthlink.com/sites/all/themes/dchl/js/SCRATCH.js?nuuek7"  	[MsgId: MWAR-26627]
IntegratedLandingPage.c(13): Error -27725: Step download timeout (120 seconds) has expired when downloading resource(s). Set the "Step Timeout caused by resources is a warning" Run-Time Setting to Yes/No to have this message as a warning/error, respectively, Snapshot Info [MSH 1 1]  	[MsgId: MERR-27725]
End auto log messages stack.	[MsgId: MMSG-10544]


Start auto log messages stack - Iteration 1.	[MsgId: MMSG-10545]
IntegratedLandingPage.c(13): Found resource "https://translate.google.com/translate_a/element.js?cb=googleTranslateElementInit&nuuek7" in HTML "https://preprod.dchealthlink.com/"  	[MsgId: MMSG-26659]
IntegratedLandingPage.c(13): Warning -27778: [GENERAL_MSG_CAT_SSL_ERROR]read to host "preprod.dchealthlink.com" failed: [10054] Connection reset by peer  	[MsgId: MWAR-27778]
IntegratedLandingPage.c(13): Warning -27778: [GENERAL_MSG_CAT_SSL_ERROR]read to host "preprod.dchealthlink.com" failed: [10054] Connection reset by peer  	[MsgId: MWAR-27778]
IntegratedLandingPage.c(13): Warning -26627: HTTP Status-Code=404 (Not Found) for "https://preprod.dchealthlink.com/sites/all/themes/dchl/js/SCRATCH.js?nuuek7"  	[MsgId: MWAR-26627]
IntegratedLandingPage.c(13): Error -27725: Step download timeout (120 seconds) has expired when downloading resource(s). Set the "Step Timeout caused by resources is a warning" Run-Time Setting to Yes/No to have this message as a warning/error, respectively, Snapshot Info [MSH 1 1]  	[MsgId: MERR-27725]
End auto log messages stack.	[MsgId: MMSG-10544]


Start auto log messages stack - Iteration 1.	[MsgId: MMSG-10545]
IntegratedLandingPage.c(13): Found resource "https://translate.google.com/translate_a/element.js?cb=googleTranslateElementInit&nuuek7" in HTML "https://preprod.dchealthlink.com/"  	[MsgId: MMSG-26659]
IntegratedLandingPage.c(13): Warning -27778: [GENERAL_MSG_CAT_SSL_ERROR]read to host "preprod.dchealthlink.com" failed: [10054] Connection reset by peer  	[MsgId: MWAR-27778]
IntegratedLandingPage.c(13): Warning -27778: [GENERAL_MSG_CAT_SSL_ERROR]read to host "preprod.dchealthlink.com" failed: [10054] Connection reset by peer  	[MsgId: MWAR-27778]
IntegratedLandingPage.c(13): Warning -26627: HTTP Status-Code=404 (Not Found) for "https://preprod.dchealthlink.com/sites/all/themes/dchl/js/SCRATCH.js?nuuek7"  	[MsgId: MWAR-26627]
IntegratedLandingPage.c(13): Error -27725: Step download timeout (120 seconds) has expired when downloading resource(s). Set the "Step Timeout caused by resources is a warning" Run-Time Setting to Yes/No to have this message as a warning/error, respectively, Snapshot Info [MSH 1 1]  	[MsgId: MERR-27725]
End auto log messages stack.	[MsgId: MMSG-10544]


Start auto log messages stack - Iteration 1.	[MsgId: MMSG-10545]
IntegratedLandingPage.c(13): Warning -27778: [GENERAL_MSG_CAT_SSL_ERROR]read to host "preprod.dchealthlink.com" failed: [10054] Connection reset by peer  	[MsgId: MWAR-27778]
IntegratedLandingPage.c(13): Warning -27778: [GENERAL_MSG_CAT_SSL_ERROR]read to host "preprod.dchealthlink.com" failed: [10054] Connection reset by peer  	[MsgId: MWAR-27778]
IntegratedLandingPage.c(13): Warning -27778: [GENERAL_MSG_CAT_SSL_ERROR]read to host "preprod.dchealthlink.com" failed: [10054] Connection reset by peer  	[MsgId: MWAR-27778]
IntegratedLandingPage.c(13): Warning -26627: HTTP Status-Code=404 (Not Found) for "https://preprod.dchealthlink.com/sites/all/themes/dchl/js/SCRATCH.js?nuuek7"  	[MsgId: MWAR-26627]
IntegratedLandingPage.c(13): Error -27725: Step download timeout (120 seconds) has expired when downloading resource(s). Set the "Step Timeout caused by resources is a warning" Run-Time Setting to Yes/No to have this message as a warning/error, respectively, Snapshot Info [MSH 1 1]  	[MsgId: MERR-27725]
End auto log messages stack.	[MsgId: MMSG-10544]


Start auto log messages stack - Iteration 1.	[MsgId: MMSG-10545]
IntegratedLandingPage.c(13): Found resource "https://translate.google.com/translate_a/element.js?cb=googleTranslateElementInit&nuuek7" in HTML "https://preprod.dchealthlink.com/"  	[MsgId: MMSG-26659]
IntegratedLandingPage.c(13): Warning -27778: [GENERAL_MSG_CAT_SSL_ERROR]read to host "preprod.dchealthlink.com" failed: [10054] Connection reset by peer  	[MsgId: MWAR-27778]
IntegratedLandingPage.c(13): Warning -27778: [GENERAL_MSG_CAT_SSL_ERROR]read to host "preprod.dchealthlink.com" failed: [10054] Connection reset by peer  	[MsgId: MWAR-27778]
IntegratedLandingPage.c(13): Warning -26627: HTTP Status-Code=404 (Not Found) for "https://preprod.dchealthlink.com/sites/all/themes/dchl/js/SCRATCH.js?nuuek7"  	[MsgId: MWAR-26627]
IntegratedLandingPage.c(13): Error -27725: Step download timeout (120 seconds) has expired when downloading resource(s). Set the "Step Timeout caused by resources is a warning" Run-Time Setting to Yes/No to have this message as a warning/error, respectively, Snapshot Info [MSH 1 1]  	[MsgId: MERR-27725]
End auto log messages stack.	[MsgId: MMSG-10544]


Start auto log messages stack - Iteration 1.	[MsgId: MMSG-10545]
IntegratedLandingPage.c(13): Warning -27778: [GENERAL_MSG_CAT_SSL_ERROR]read to host "preprod.dchealthlink.com" failed: [10054] Connection reset by peer  	[MsgId: MWAR-27778]
IntegratedLandingPage.c(13): Warning -27778: [GENERAL_MSG_CAT_SSL_ERROR]read to host "preprod.dchealthlink.com" failed: [10054] Connection reset by peer  	[MsgId: MWAR-27778]
IntegratedLandingPage.c(13): Warning -26627: HTTP Status-Code=404 (Not Found) for "https://preprod.dchealthlink.com/sites/all/themes/dchl/js/SCRATCH.js?nuuek7"  	[MsgId: MWAR-26627]
IntegratedLandingPage.c(13): Warning -27778: [GENERAL_MSG_CAT_SSL_ERROR]read to host "preprod.dchealthlink.com" failed: [10054] Connection reset by peer  	[MsgId: MWAR-27778]
IntegratedLandingPage.c(13): Error -27725: Step download timeout (120 seconds) has expired when downloading resource(s). Set the "Step Timeout caused by resources is a warning" Run-Time Setting to Yes/No to have this message as a warning/error, respectively, Snapshot Info [MSH 1 1]  	[MsgId: MERR-27725]
End auto log messages stack.	[MsgId: MMSG-10544]


Start auto log messages stack - Iteration 1.	[MsgId: MMSG-10545]
IntegratedLandingPage.c(13): Found resource "https://translate.google.com/translate_a/element.js?cb=googleTranslateElementInit&nuuek7" in HTML "https://preprod.dchealthlink.com/"  	[MsgId: MMSG-26659]
IntegratedLandingPage.c(13): Warning -27778: [GENERAL_MSG_CAT_SSL_ERROR]read to host "preprod.dchealthlink.com" failed: [10054] Connection reset by peer  	[MsgId: MWAR-27778]
IntegratedLandingPage.c(13): Warning -27778: [GENERAL_MSG_CAT_SSL_ERROR]read to host "preprod.dchealthlink.com" failed: [10054] Connection reset by peer  	[MsgId: MWAR-27778]
IntegratedLandingPage.c(13): Warning -26627: HTTP Status-Code=404 (Not Found) for "https://preprod.dchealthlink.com/sites/all/themes/dchl/js/SCRATCH.js?nuuek7"  	[MsgId: MWAR-26627]
IntegratedLandingPage.c(13): Error -27725: Step download timeout (120 seconds) has expired when downloading resource(s). Set the "Step Timeout caused by resources is a warning" Run-Time Setting to Yes/No to have this message as a warning/error, respectively, Snapshot Info [MSH 1 1]  	[MsgId: MERR-27725]
End auto log messages stack.	[MsgId: MMSG-10544]


Start auto log messages stack - Iteration 1.	[MsgId: MMSG-10545]
IntegratedLandingPage.c(13): Warning -27778: [GENERAL_MSG_CAT_SSL_ERROR]read to host "preprod.dchealthlink.com" failed: [10054] Connection reset by peer  	[MsgId: MWAR-27778]
IntegratedLandingPage.c(13): Warning -27778: [GENERAL_MSG_CAT_SSL_ERROR]connect to host "preprod.dchealthlink.com" failed: [10054] Connection reset by peer  	[MsgId: MWAR-27778]
IntegratedLandingPage.c(13): Warning -27778: [GENERAL_MSG_CAT_SSL_ERROR]read to host "preprod.dchealthlink.com" failed: [10054] Connection reset by peer  	[MsgId: MWAR-27778]
IntegratedLandingPage.c(13): Error -26366: "Text=What kind of health insurance do you need?" not found for web_reg_find, Snapshot Info [MSH 1 1]  	[MsgId: MERR-26366]
End auto log messages stack.	[MsgId: MMSG-10544]


Start auto log messages stack - Iteration 1.	[MsgId: MMSG-10545]
IntegratedLandingPage.c(13): Found resource "https://translate.google.com/translate_a/element.js?cb=googleTranslateElementInit&nuuek7" in HTML "https://preprod.dchealthlink.com/"  	[MsgId: MMSG-26659]
IntegratedLandingPage.c(13): Warning -27778: [GENERAL_MSG_CAT_SSL_ERROR]read to host "preprod.dchealthlink.com" failed: [10054] Connection reset by peer  	[MsgId: MWAR-27778]
IntegratedLandingPage.c(13): Warning -27778: [GENERAL_MSG_CAT_SSL_ERROR]read to host "preprod.dchealthlink.com" failed: [10054] Connection reset by peer  	[MsgId: MWAR-27778]
IntegratedLandingPage.c(13): Warning -26627: HTTP Status-Code=404 (Not Found) for "https://preprod.dchealthlink.com/sites/all/themes/dchl/js/SCRATCH.js?nuuek7"  	[MsgId: MWAR-26627]
IntegratedLandingPage.c(13): Error -27725: Step download timeout (120 seconds) has expired when downloading resource(s). Set the "Step Timeout caused by resources is a warning" Run-Time Setting to Yes/No to have this message as a warning/error, respectively, Snapshot Info [MSH 1 1]  	[MsgId: MERR-27725]
End auto log messages stack.	[MsgId: MMSG-10544]


Start auto log messages stack - Iteration 1.	[MsgId: MMSG-10545]
IntegratedLandingPage.c(13): Warning -27778: [GENERAL_MSG_CAT_SSL_ERROR]read to host "preprod.dchealthlink.com" failed: [10054] Connection reset by peer  	[MsgId: MWAR-27778]
IntegratedLandingPage.c(13): Warning -27778: [GENERAL_MSG_CAT_SSL_ERROR]read to host "preprod.dchealthlink.com" failed: [10054] Connection reset by peer  	[MsgId: MWAR-27778]
IntegratedLandingPage.c(13): Warning -27778: [GENERAL_MSG_CAT_SSL_ERROR]read to host "preprod.dchealthlink.com" failed: [10054] Connection reset by peer  	[MsgId: MWAR-27778]
IntegratedLandingPage.c(13): Warning -26627: HTTP Status-Code=404 (Not Found) for "https://preprod.dchealthlink.com/sites/all/themes/dchl/js/SCRATCH.js?nuuek7"  	[MsgId: MWAR-26627]
IntegratedLandingPage.c(13): Error -27725: Step download timeout (120 seconds) has expired when downloading resource(s). Set the "Step Timeout caused by resources is a warning" Run-Time Setting to Yes/No to have this message as a warning/error, respectively, Snapshot Info [MSH 1 1]  	[MsgId: MERR-27725]
End auto log messages stack.	[MsgId: MMSG-10544]


Start auto log messages stack - Iteration 1.	[MsgId: MMSG-10545]
IntegratedLandingPage.c(13): Warning -27778: [GENERAL_MSG_CAT_SSL_ERROR]read to host "preprod.dchealthlink.com" failed: [10054] Connection reset by peer  	[MsgId: MWAR-27778]
IntegratedLandingPage.c(13): Warning -27778: [GENERAL_MSG_CAT_SSL_ERROR]read to host "preprod.dchealthlink.com" failed: [10054] Connection reset by peer  	[MsgId: MWAR-27778]
IntegratedLandingPage.c(13): Error -26366: "Text=What kind of health insurance do you need?" not found for web_reg_find, Snapshot Info [MSH 1 1]  	[MsgId: MERR-26366]
End auto log messages stack.	[MsgId: MMSG-10544]


Start auto log messages stack - Iteration 1.	[MsgId: MMSG-10545]
IntegratedLandingPage.c(13): Warning -27778: [GENERAL_MSG_CAT_SSL_ERROR]read to host "preprod.dchealthlink.com" failed: [10054] Connection reset by peer  	[MsgId: MWAR-27778]
IntegratedLandingPage.c(13): Warning -27778: [GENERAL_MSG_CAT_SSL_ERROR]read to host "preprod.dchealthlink.com" failed: [10054] Connection reset by peer  	[MsgId: MWAR-27778]
IntegratedLandingPage.c(13): Warning -27778: [GENERAL_MSG_CAT_SSL_ERROR]read to host "preprod.dchealthlink.com" failed: [10054] Connection reset by peer  	[MsgId: MWAR-27778]
IntegratedLandingPage.c(13): Error -26366: "Text=What kind of health insurance do you need?" not found for web_reg_find, Snapshot Info [MSH 1 1]  	[MsgId: MERR-26366]
End auto log messages stack.	[MsgId: MMSG-10544]


Start auto log messages stack - Iteration 1.	[MsgId: MMSG-10545]
IntegratedLandingPage.c(13): Warning -27778: [GENERAL_MSG_CAT_SSL_ERROR]read to host "preprod.dchealthlink.com" failed: [10054] Connection reset by peer  	[MsgId: MWAR-27778]
IntegratedLandingPage.c(13): Warning -27778: [GENERAL_MSG_CAT_SSL_ERROR]read to host "preprod.dchealthlink.com" failed: [10054] Connection reset by peer  	[MsgId: MWAR-27778]
IntegratedLandingPage.c(13): Warning -27778: [GENERAL_MSG_CAT_SSL_ERROR]read to host "preprod.dchealthlink.com" failed: [10054] Connection reset by peer  	[MsgId: MWAR-27778]
IntegratedLandingPage.c(13): Warning -26627: HTTP Status-Code=404 (Not Found) for "https://preprod.dchealthlink.com/sites/all/themes/dchl/js/SCRATCH.js?nuuek7"  	[MsgId: MWAR-26627]
IntegratedLandingPage.c(13): Error -27725: Step download timeout (120 seconds) has expired when downloading resource(s). Set the "Step Timeout caused by resources is a warning" Run-Time Setting to Yes/No to have this message as a warning/error, respectively, Snapshot Info [MSH 1 1]  	[MsgId: MERR-27725]
End auto log messages stack.	[MsgId: MMSG-10544]


Start auto log messages stack - Iteration 1.	[MsgId: MMSG-10545]
IntegratedLandingPage.c(13): Warning -27778: [GENERAL_MSG_CAT_SSL_ERROR]read to host "preprod.dchealthlink.com" failed: [10054] Connection reset by peer  	[MsgId: MWAR-27778]
IntegratedLandingPage.c(13): Warning -27778: [GENERAL_MSG_CAT_SSL_ERROR]read to host "preprod.dchealthlink.com" failed: [10054] Connection reset by peer  	[MsgId: MWAR-27778]
IntegratedLandingPage.c(13): Warning -27778: [GENERAL_MSG_CAT_SSL_ERROR]connect to host "preprod.dchealthlink.com" failed: [10054] Connection reset by peer  	[MsgId: MWAR-27778]
IntegratedLandingPage.c(13): Warning: Closing connection [2] after waiting 2s for body for 404 response for URL "https://preprod.dchealthlink.com/sites/all/themes/dchl/js/SCRATCH.js?nuuek7"  	[MsgId: MMSG-26000]
IntegratedLandingPage.c(13): Error -27725: Step download timeout (120 seconds) has expired when downloading resource(s). Set the "Step Timeout caused by resources is a warning" Run-Time Setting to Yes/No to have this message as a warning/error, respectively, Snapshot Info [MSH 1 1]  	[MsgId: MERR-27725]
End auto log messages stack.	[MsgId: MMSG-10544]


Start auto log messages stack - Iteration 1.	[MsgId: MMSG-10545]
IntegratedLandingPage.c(13): Found resource "https://translate.google.com/translate_a/element.js?cb=googleTranslateElementInit&nuuek7" in HTML "https://preprod.dchealthlink.com/"  	[MsgId: MMSG-26659]
IntegratedLandingPage.c(13): Warning -27778: [GENERAL_MSG_CAT_SSL_ERROR]read to host "preprod.dchealthlink.com" failed: [10054] Connection reset by peer  	[MsgId: MWAR-27778]
IntegratedLandingPage.c(13): Warning -27778: [GENERAL_MSG_CAT_SSL_ERROR]read to host "preprod.dchealthlink.com" failed: [10054] Connection reset by peer  	[MsgId: MWAR-27778]
IntegratedLandingPage.c(13): Warning -26627: HTTP Status-Code=404 (Not Found) for "https://preprod.dchealthlink.com/sites/all/themes/dchl/js/SCRATCH.js?nuuek7"  	[MsgId: MWAR-26627]
IntegratedLandingPage.c(13): Error -27725: Step download timeout (120 seconds) has expired when downloading resource(s). Set the "Step Timeout caused by resources is a warning" Run-Time Setting to Yes/No to have this message as a warning/error, respectively, Snapshot Info [MSH 1 1]  	[MsgId: MERR-27725]
End auto log messages stack.	[MsgId: MMSG-10544]


Start auto log messages stack - Iteration 1.	[MsgId: MMSG-10545]
IntegratedLandingPage.c(13): Found resource "https://preprod.dchealthlink.com/sites/all/themes/dchl/js/tooltip-flexible/jquery-ui.js?nuuek7" in HTML "https://preprod.dchealthlink.com/"  	[MsgId: MMSG-26659]
IntegratedLandingPage.c(13): Found resource "https://preprod.dchealthlink.com/sites/all/modules/custom/dchl_google_translate/dchl_google_translate.js?nuuek7" in HTML "https://preprod.dchealthlink.com/"  	[MsgId: MMSG-26659]
IntegratedLandingPage.c(13): Found resource "https://translate.google.com/translate_a/element.js?cb=googleTranslateElementInit&nuuek7" in HTML "https://preprod.dchealthlink.com/"  	[MsgId: MMSG-26659]
IntegratedLandingPage.c(13): Warning -26627: HTTP Status-Code=404 (Not Found) for "https://preprod.dchealthlink.com/sites/all/themes/dchl/js/SCRATCH.js?nuuek7"  	[MsgId: MWAR-26627]
IntegratedLandingPage.c(13): Error -27725: Step download timeout (120 seconds) has expired when downloading resource(s). Set the "Step Timeout caused by resources is a warning" Run-Time Setting to Yes/No to have this message as a warning/error, respectively, Snapshot Info [MSH 1 1]  	[MsgId: MERR-27725]
End auto log messages stack.	[MsgId: MMSG-10544]


Start auto log messages stack - Iteration 1.	[MsgId: MMSG-10545]
IntegratedLandingPage.c(13): Warning -27778: [GENERAL_MSG_CAT_SSL_ERROR]read to host "preprod.dchealthlink.com" failed: [10054] Connection reset by peer  	[MsgId: MWAR-27778]
IntegratedLandingPage.c(13): Warning -27778: [GENERAL_MSG_CAT_SSL_ERROR]read to host "preprod.dchealthlink.com" failed: [10054] Connection reset by peer  	[MsgId: MWAR-27778]
IntegratedLandingPage.c(13): Warning -26627: HTTP Status-Code=404 (Not Found) for "https://preprod.dchealthlink.com/sites/all/themes/dchl/js/SCRATCH.js?nuuek7"  	[MsgId: MWAR-26627]
IntegratedLandingPage.c(13): Warning -27778: [GENERAL_MSG_CAT_SSL_ERROR]read to host "preprod.dchealthlink.com" failed: [10054] Connection reset by peer  	[MsgId: MWAR-27778]
IntegratedLandingPage.c(13): Error -27725: Step download timeout (120 seconds) has expired when downloading resource(s). Set the "Step Timeout caused by resources is a warning" Run-Time Setting to Yes/No to have this message as a warning/error, respectively, Snapshot Info [MSH 1 1]  	[MsgId: MERR-27725]
End auto log messages stack.	[MsgId: MMSG-10544]


Start auto log messages stack - Iteration 1.	[MsgId: MMSG-10545]
IntegratedLandingPage.c(13): Found resource "https://preprod.dchealthlink.com/sites/all/themes/dchl/img/logo.png" in HTML "https://preprod.dchealthlink.com/"  	[MsgId: MMSG-26659]
IntegratedLandingPage.c(13): Warning -27778: [GENERAL_MSG_CAT_SSL_ERROR]read to host "preprod.dchealthlink.com" failed: [10054] Connection reset by peer  	[MsgId: MWAR-27778]
IntegratedLandingPage.c(13): Warning -27778: [GENERAL_MSG_CAT_SSL_ERROR]connect to host "preprod.dchealthlink.com" failed: [10053] Software caused connection abort  	[MsgId: MWAR-27778]
IntegratedLandingPage.c(13): Warning -27778: [GENERAL_MSG_CAT_SSL_ERROR]read to host "preprod.dchealthlink.com" failed: [10054] Connection reset by peer  	[MsgId: MWAR-27778]
IntegratedLandingPage.c(13): Error -27726: Step download timeout (120 seconds) has expired, Snapshot Info [MSH 1 1]  	[MsgId: MERR-27726]
End auto log messages stack.	[MsgId: MMSG-10544]


Start auto log messages stack - Iteration 1.	[MsgId: MMSG-10545]
IntegratedLandingPage.c(13): Aborting pending download of URL="https://preprod.dchealthlink.com/" (RelFrameId=1, Internal ID=1)  	[MsgId: MMSG-27654]
IntegratedLandingPage.c(13): Error -26366: "Text=What kind of health insurance do you need?" not found for web_reg_find, Snapshot Info [MSH 1 1]  	[MsgId: MERR-26366]
End auto log messages stack.	[MsgId: MMSG-10544]


Start auto log messages stack - Iteration 1.	[MsgId: MMSG-10545]
IntegratedLandingPage.c(4): web_set_sockets_option was successful  	[MsgId: MMSG-26392]
IntegratedLandingPage.c(9): web_reg_find started  	[MsgId: MMSG-26355]
IntegratedLandingPage.c(9): Registering web_reg_find was successful  	[MsgId: MMSG-26390]
IntegratedLandingPage.c(11): Notify: Transaction "INTEG_EMPLYR_0000_1_Integrated_Landing_Page" started.	[MsgId: MMSG-16999]
IntegratedLandingPage.c(13): web_url("{IntegratedURL}") started  	[MsgId: MMSG-26355]
IntegratedLandingPage.c(13): Notify: Parameter Substitution: parameter "IntegratedURL" =  "https://preprod.dchealthlink.com/"	[MsgId: MMSG-13992]
IntegratedLandingPage.c(13): Notify: Parameter Substitution: parameter "IntegratedURL" =  "https://preprod.dchealthlink.com/"	[MsgId: MMSG-13992]
IntegratedLandingPage.c(13): Notify: Parameter Substitution: parameter "IntegratedURL" =  "https://preprod.dchealthlink.com/"	[MsgId: MMSG-13992]
IntegratedLandingPage.c(13): Error -27726: Step download timeout (120 seconds) has expired  	[MsgId: MERR-27726]
End auto log messages stack.	[MsgId: MMSG-10544]


Start auto log messages stack - Iteration 1.	[MsgId: MMSG-10545]
IntegratedLandingPage.c(13): Aborting pending download of URL="https://preprod.dchealthlink.com/" (RelFrameId=1, Internal ID=1)  	[MsgId: MMSG-27654]
IntegratedLandingPage.c(13): Warning -26200: At least one of the resources specified by EXTRARES has not been downloaded due to the above error(s)  	[MsgId: MWAR-26200]
IntegratedLandingPage.c(13): Error -26366: "Text=What kind of health insurance do you need?" not found for web_reg_find  	[MsgId: MERR-26366]
IntegratedLandingPage.c(13): Error -26374: The above "not found" error(s) may be explained by header and body byte counts being 635 and 0, respectively.  	[MsgId: MERR-26374]
End auto log messages stack.	[MsgId: MMSG-10544]


Start auto log messages stack - Iteration 1.	[MsgId: MMSG-10545]
IntegratedLandingPage.c(13): Warning -27778: [GENERAL_MSG_CAT_SSL_ERROR]read to host "preprod.dchealthlink.com" failed: [10054] Connection reset by peer  	[MsgId: MWAR-27778]
IntegratedLandingPage.c(13): Warning -27778: [GENERAL_MSG_CAT_SSL_ERROR]read to host "preprod.dchealthlink.com" failed: [10054] Connection reset by peer  	[MsgId: MWAR-27778]
IntegratedLandingPage.c(13): Warning -27778: [GENERAL_MSG_CAT_SSL_ERROR]read to host "preprod.dchealthlink.com" failed: [10054] Connection reset by peer  	[MsgId: MWAR-27778]
IntegratedLandingPage.c(13): Warning -26627: HTTP Status-Code=404 (Not Found) for "https://preprod.dchealthlink.com/sites/all/themes/dchl/js/SCRATCH.js?nuuek7"  	[MsgId: MWAR-26627]
IntegratedLandingPage.c(13): Error -27725: Step download timeout (120 seconds) has expired when downloading resource(s). Set the "Step Timeout caused by resources is a warning" Run-Time Setting to Yes/No to have this message as a warning/error, respectively, Snapshot Info [MSH 1 1]  	[MsgId: MERR-27725]
End auto log messages stack.	[MsgId: MMSG-10544]


