Start auto log messages stack - Iteration 1.	[MsgId: MMSG-10545]
EmployerCreateAccount.c(29): Registered web_reg_find successful for "Text=Your account has been created"  	[MsgId: MMSG-26362]
EmployerCreateAccount.c(29): Notify: Saving Parameter "CreateAccountCount = 0".	[MsgId: MMSG-13798]
EmployerCreateAccount.c(29): web_submit_data("users") was successful, 21085 body bytes, 485 header bytes  	[MsgId: MMSG-26386]
EmployerCreateAccount.c(49): Notify: Parameter Substitution: parameter "CreateAccountCount" =  "0"	[MsgId: MMSG-13992]
EmployerCreateAccount.c(51): Notify: Transaction "EMPLYR_0003_Create_Account_Submit" ended with a "Fail" status (Duration: 0.2880 Wasted Time: 0.0002).	[MsgId: MMSG-16871]
EmployerCreateAccount.c(51): Notify: Transaction "EMPLYR_0003_Create_Account_Submit" has 0 error message(s).	[MsgId: MMSG-16818]
EmployerCreateAccount.c(52): Notify: Parameter Substitution: parameter "pEmpPrefix" =  "BIZ-HT1"	[MsgId: MMSG-13992]
EmployerCreateAccount.c(52): Notify: Parameter Substitution: parameter "FEIN" =  "502265725"	[MsgId: MMSG-13992]
EmployerCreateAccount.c(52): Error: Failed to Create Account for::: BIZ-HT1502265725@test.com	[MsgId: MERR-17999]
End auto log messages stack.	[MsgId: MMSG-10544]


Start auto log messages stack - Iteration 3.	[MsgId: MMSG-10545]
EmployerCreateAccount.c(29): Registered web_reg_find successful for "Text=Your account has been created"  	[MsgId: MMSG-26362]
EmployerCreateAccount.c(29): Notify: Saving Parameter "CreateAccountCount = 0".	[MsgId: MMSG-13798]
EmployerCreateAccount.c(29): web_submit_data("users") was successful, 21085 body bytes, 485 header bytes  	[MsgId: MMSG-26386]
EmployerCreateAccount.c(49): Notify: Parameter Substitution: parameter "CreateAccountCount" =  "0"	[MsgId: MMSG-13992]
EmployerCreateAccount.c(51): Notify: Transaction "EMPLYR_0003_Create_Account_Submit" ended with a "Fail" status (Duration: 0.3147 Wasted Time: 0.0003).	[MsgId: MMSG-16871]
EmployerCreateAccount.c(51): Notify: Transaction "EMPLYR_0003_Create_Account_Submit" has 0 error message(s).	[MsgId: MMSG-16818]
EmployerCreateAccount.c(52): Notify: Parameter Substitution: parameter "pEmpPrefix" =  "BIZ-HT1"	[MsgId: MMSG-13992]
EmployerCreateAccount.c(52): Notify: Parameter Substitution: parameter "FEIN" =  "428800194"	[MsgId: MMSG-13992]
EmployerCreateAccount.c(52): Error: Failed to Create Account for::: BIZ-HT1428800194@test.com	[MsgId: MERR-17999]
End auto log messages stack.	[MsgId: MMSG-10544]


Start auto log messages stack - Iteration 4.	[MsgId: MMSG-10545]
EmployerCreateAccount.c(29): Registered web_reg_find successful for "Text=Your account has been created"  	[MsgId: MMSG-26362]
EmployerCreateAccount.c(29): Notify: Saving Parameter "CreateAccountCount = 0".	[MsgId: MMSG-13798]
EmployerCreateAccount.c(29): web_submit_data("users") was successful, 21085 body bytes, 485 header bytes  	[MsgId: MMSG-26386]
EmployerCreateAccount.c(49): Notify: Parameter Substitution: parameter "CreateAccountCount" =  "0"	[MsgId: MMSG-13992]
EmployerCreateAccount.c(51): Notify: Transaction "EMPLYR_0003_Create_Account_Submit" ended with a "Fail" status (Duration: 0.3393 Wasted Time: 0.0002).	[MsgId: MMSG-16871]
EmployerCreateAccount.c(51): Notify: Transaction "EMPLYR_0003_Create_Account_Submit" has 0 error message(s).	[MsgId: MMSG-16818]
EmployerCreateAccount.c(52): Notify: Parameter Substitution: parameter "pEmpPrefix" =  "BIZ-HT1"	[MsgId: MMSG-13992]
EmployerCreateAccount.c(52): Notify: Parameter Substitution: parameter "FEIN" =  "960402066"	[MsgId: MMSG-13992]
EmployerCreateAccount.c(52): Error: Failed to Create Account for::: BIZ-HT1960402066@test.com	[MsgId: MERR-17999]
End auto log messages stack.	[MsgId: MMSG-10544]


