EmployerAddEmployeeRoster.c(9): web_url("Employees Employees") was successful, 59142 body bytes, 444 header bytes  	[MsgId: MMSG-26386]
EmployerAddEmployeeRoster.c(19): Notify: Transaction "EMPLYR_0009_Click_Employee_Tab" ended with a "Pass" status (Duration: 0.2518 Wasted Time: 0.0069).	[MsgId: MMSG-16871]
EmployerAddEmployeeRoster.c(25): web_reg_find started  	[MsgId: MMSG-26355]
EmployerAddEmployeeRoster.c(25): Registering web_reg_find was successful  	[MsgId: MMSG-26390]
EmployerAddEmployeeRoster.c(26): web_reg_find started  	[MsgId: MMSG-26355]
EmployerAddEmployeeRoster.c(26): Registering web_reg_find was successful  	[MsgId: MMSG-26390]
EmployerAddEmployeeRoster.c(28): Notify: Parameter Substitution: parameter "pAddEmployeeTrName" =  "03_TwentyToThirtyEmployee"	[MsgId: MMSG-13992]
EmployerAddEmployeeRoster.c(28): Notify: Transaction "EMPLYR_0010_03_TwentyToThirtyEmployee" started.	[MsgId: MMSG-16999]
EmployerAddEmployeeRoster.c(30): web_submit_data("census_employees") started  	[MsgId: MMSG-26355]
EmployerAddEmployeeRoster.c(30): Notify: Parameter Substitution: parameter "HTTP" =  "http"	[MsgId: MMSG-13992]
EmployerAddEmployeeRoster.c(30): Notify: Parameter Substitution: parameter "host_10_83_84_161" =  "enroll_uat.dchbx.org"	[MsgId: MMSG-13992]
EmployerAddEmployeeRoster.c(30): Notify: Parameter Substitution: parameter "EMPLOYER_ID" =  "55dfdddc69702d62f3fe0600"	[MsgId: MMSG-13992]
EmployerAddEmployeeRoster.c(30): Notify: Parameter Substitution: parameter "HTTP" =  "http"	[MsgId: MMSG-13992]
EmployerAddEmployeeRoster.c(30): Notify: Parameter Substitution: parameter "host_10_83_84_161" =  "enroll_uat.dchbx.org"	[MsgId: MMSG-13992]
EmployerAddEmployeeRoster.c(30): Notify: Parameter Substitution: parameter "EMPLOYER_ID" =  "55dfdddc69702d62f3fe0600"	[MsgId: MMSG-13992]
EmployerAddEmployeeRoster.c(30): Notify: Parameter Substitution: parameter "Auth_Token_010" =  "L+dnOZivUEzSmQuvSq456L/ULGAgb2a5XDz/2nM7YQBKzu/jdEGDj/exE9qC5Y9LY7sp+tffT20aqU7W+6muow=="	[MsgId: MMSG-13992]
EmployerAddEmployeeRoster.c(30): Notify: Parameter Substitution: parameter "EmpFName" =  "TestE"	[MsgId: MMSG-13992]
EmployerAddEmployeeRoster.c(30): Notify: Next row for parameter EmpMI = 12 [table  = EmpMI].	[MsgId: MMSG-13876]
EmployerAddEmployeeRoster.c(30): Notify: Parameter Substitution: parameter "EmpMI" =  "L"	[MsgId: MMSG-13992]
EmployerAddEmployeeRoster.c(30): Notify: Parameter Substitution: parameter "randomLN" =  "aaaivdtyl"	[MsgId: MMSG-13992]
EmployerAddEmployeeRoster.c(30): Notify: Next row for parameter EmpDOB = 12 [table  = EmpDOB].	[MsgId: MMSG-13876]
EmployerAddEmployeeRoster.c(30): Notify: Parameter Substitution: parameter "EmpDOB" =  "1/1/1978"	[MsgId: MMSG-13992]
EmployerAddEmployeeRoster.c(30): Notify: Next row for parameter EmpDOBPicker = 12 [table  = EmpDOBPicker].	[MsgId: MMSG-13876]
EmployerAddEmployeeRoster.c(30): Notify: Parameter Substitution: parameter "EmpDOBPicker" =  "1/1/1978"	[MsgId: MMSG-13992]
EmployerAddEmployeeRoster.c(30): Notify: Parameter Substitution: parameter "EmployeeSSN" =  "133-82-5213"	[MsgId: MMSG-13992]
EmployerAddEmployeeRoster.c(30): Notify: Next row for parameter EmpHireDate = 12 [table  = EmpHireDate].	[MsgId: MMSG-13876]
EmployerAddEmployeeRoster.c(30): Notify: Parameter Substitution: parameter "EmpHireDate" =  "1/1/2015"	[MsgId: MMSG-13992]
EmployerAddEmployeeRoster.c(30): Notify: Next row for parameter EmpHireDatePicker = 12 [table  = EmpHireDatePicker].	[MsgId: MMSG-13876]
EmployerAddEmployeeRoster.c(30): Notify: Parameter Substitution: parameter "EmpHireDatePicker" =  "1/1/2015"	[MsgId: MMSG-13992]
EmployerAddEmployeeRoster.c(30): Notify: Parameter Substitution: parameter "BENEFIT_GROUP_ID_3" =  "55dfdddd69702d55aa5f1a00"	[MsgId: MMSG-13992]
EmployerAddEmployeeRoster.c(30): Notify: Next row for parameter pEmlyePrefix = 24 [table  = pEmlyePrefix].	[MsgId: MMSG-13876]
EmployerAddEmployeeRoster.c(30): Notify: Parameter Substitution: parameter "pEmlyePrefix" =  "FM25"	[MsgId: MMSG-13992]
EmployerAddEmployeeRoster.c(30): Notify: Parameter Substitution: parameter "EmployeeSSN" =  "133-82-5213"	[MsgId: MMSG-13992]
EmployerAddEmployeeRoster.c(30): Redirecting "http://enroll_uat.dchbx.org/employers/employer_profiles/55dfdddc69702d62f3fe0600/census_employees" (redirection depth is 0)  	[MsgId: MMSG-26694]
EmployerAddEmployeeRoster.c(30): To location "http://enroll_uat.dchbx.org/employers/employer_profiles/55dfdddc69702d62f3fe0600"  	[MsgId: MMSG-26693]
EmployerAddEmployeeRoster.c(30): Resource "http://enroll_uat.dchbx.org/assets/application-f46679a55900235b472472ac8659a877.css" is in the cache already and will not be downloaded again  	[MsgId: MMSG-26655]
EmployerAddEmployeeRoster.c(30): Resource "http://enroll_uat.dchbx.org/assets/application-022817e729d78c2891542a42e4d3b541.js" is in the cache already and will not be downloaded again  	[MsgId: MMSG-26655]
EmployerAddEmployeeRoster.c(30): Resource "https://fonts.googleapis.com/css?family=Open+Sans:300italic,400italic,600italic,700italic,800italic,400,300,600,700,800" is in the cache already and will not be downloaded again  	[MsgId: MMSG-26655]
EmployerAddEmployeeRoster.c(30): Resource "http://enroll_uat.dchbx.org/assets/logo-43b272dcff33b1b3a8efb15e6f6c0e7c.png" is in the cache already and will not be downloaded again  	[MsgId: MMSG-26655]
EmployerAddEmployeeRoster.c(30): Resource "http://enroll_uat.dchbx.org/assets/icons/icon-business-owner-af38059fae9e279fe6258718668d610c.png" is in the cache already and will not be downloaded again  	[MsgId: MMSG-26655]
EmployerAddEmployeeRoster.c(30): Resource "http://enroll_uat.dchbx.org/assets/icons/phone-bcc17403386ca4171aae411f308ef6a1.png" is in the cache already and will not be downloaded again  	[MsgId: MMSG-26655]
EmployerAddEmployeeRoster.c(30): Resource "http://enroll_uat.dchbx.org/assets/icons/mail-21b45f89893abcf4033b96e8a261354e.png" is in the cache already and will not be downloaded again  	[MsgId: MMSG-26655]
EmployerAddEmployeeRoster.c(30): Resource "http://enroll_uat.dchbx.org/assets/icons/message-6a0a303d9fc72d557125912bdf9efed8.png" is in the cache already and will not be downloaded again  	[MsgId: MMSG-26655]
EmployerAddEmployeeRoster.c(30): Registered web_reg_find successful for "Text=provided SSN belongs"  	[MsgId: MMSG-26362]
EmployerAddEmployeeRoster.c(30): Notify: Saving Parameter "savedcount = 0".	[MsgId: MMSG-13798]
EmployerAddEmployeeRoster.c(30): Registered web_reg_find successful for "Text=Census Employee is successfully" (count=1)  	[MsgId: MMSG-26364]
EmployerAddEmployeeRoster.c(30): Notify: Saving Parameter "passcount = 1".	[MsgId: MMSG-13798]
EmployerAddEmployeeRoster.c(30): web_submit_data("census_employees") was successful, 28156 body bytes, 1043 header bytes  	[MsgId: MMSG-26386]
EmployerAddEmployeeRoster.c(113): Notify: Parameter Substitution: parameter "passcount" =  "1"	[MsgId: MMSG-13992]
EmployeeInfoOutput.c(18): Notify: Parameter Substitution: parameter "EmpFName" =  "TestE"	[MsgId: MMSG-13992]
EmployeeInfoOutput.c(18): Notify: Next row for parameter EmpMI = 12 [table  = EmpMI].	[MsgId: MMSG-13876]
EmployeeInfoOutput.c(18): Notify: Parameter Substitution: parameter "EmpMI" =  "L"	[MsgId: MMSG-13992]
EmployeeInfoOutput.c(18): Notify: Parameter Substitution: parameter "randomLN" =  "aaaivdtyl"	[MsgId: MMSG-13992]
EmployeeInfoOutput.c(18): Notify: Next row for parameter EmpDOBPicker = 12 [table  = EmpDOBPicker].	[MsgId: MMSG-13876]
EmployeeInfoOutput.c(18): Notify: Parameter Substitution: parameter "EmpDOBPicker" =  "1/1/1978"	[MsgId: MMSG-13992]
EmployeeInfoOutput.c(18): Notify: Next row for parameter EmpDOB = 12 [table  = EmpDOB].	[MsgId: MMSG-13876]
EmployeeInfoOutput.c(18): Notify: Parameter Substitution: parameter "EmpDOB" =  "1/1/1978"	[MsgId: MMSG-13992]
EmployeeInfoOutput.c(18): Notify: Parameter Substitution: parameter "EmployeeSSN" =  "133-82-5213"	[MsgId: MMSG-13992]
EmployeeInfoOutput.c(18): Notify: Next row for parameter EmpSEX = 12 [table  = EmpSEX].	[MsgId: MMSG-13876]
EmployeeInfoOutput.c(18): Notify: Parameter Substitution: parameter "EmpSEX" =  "FEMALE"	[MsgId: MMSG-13992]
EmployeeInfoOutput.c(18): Notify: Next row for parameter EmpHireDate = 12 [table  = EmpHireDate].	[MsgId: MMSG-13876]
EmployeeInfoOutput.c(18): Notify: Parameter Substitution: parameter "EmpHireDate" =  "1/1/2015"	[MsgId: MMSG-13992]
EmployeeInfoOutput.c(18): Notify: Next row for parameter EmpHireDatePicker = 12 [table  = EmpHireDatePicker].	[MsgId: MMSG-13876]
EmployeeInfoOutput.c(18): Notify: Parameter Substitution: parameter "EmpHireDatePicker" =  "1/1/2015"	[MsgId: MMSG-13992]
EmployeeInfoOutput.c(18): Notify: Next row for parameter EmpAddressL1 = 12 [table  = EmpAddressL1].	[MsgId: MMSG-13876]
EmployeeInfoOutput.c(18): Notify: Parameter Substitution: parameter "EmpAddressL1" =  "609 H St NE "	[MsgId: MMSG-13992]
EmployeeInfoOutput.c(18): Notify: Next row for parameter EmpCity = 12 [table  = EmpCity].	[MsgId: MMSG-13876]
EmployeeInfoOutput.c(18): Notify: Parameter Substitution: parameter "EmpCity" =  "Washington"	[MsgId: MMSG-13992]
EmployeeInfoOutput.c(18): Notify: Next row for parameter EmpZip = 12 [table  = EmpZip].	[MsgId: MMSG-13876]
EmployeeInfoOutput.c(18): Notify: Parameter Substitution: parameter "EmpZip" =  "20002"	[MsgId: MMSG-13992]
EmployeeInfoOutput.c(18): Notify: Next row for parameter pEmlyePrefix = 24 [table  = pEmlyePrefix].	[MsgId: MMSG-13876]
EmployeeInfoOutput.c(18): Notify: Parameter Substitution: parameter "pEmlyePrefix" =  "FM25"	[MsgId: MMSG-13992]
EmployeeInfoOutput.c(18): Notify: Parameter Substitution: parameter "EmployeeSSN" =  "133-82-5213"	[MsgId: MMSG-13992]
EmployeeInfoOutput.c(18): Notify: Next row for parameter EmpDOBDay = 12 [table  = EmpDOBDay].	[MsgId: MMSG-13876]
EmployeeInfoOutput.c(18): Notify: Parameter Substitution: parameter "EmpDOBDay" =  "1"	[MsgId: MMSG-13992]
EmployeeInfoOutput.c(18): Notify: Next row for parameter EmpDOBMonth = 12 [table  = EmpDOBMonth].	[MsgId: MMSG-13876]
EmployeeInfoOutput.c(18): Notify: Parameter Substitution: parameter "EmpDOBMonth" =  "1"	[MsgId: MMSG-13992]
EmployeeInfoOutput.c(18): Notify: Next row for parameter EmpDOBYear = 12 [table  = EmpDOBYear].	[MsgId: MMSG-13876]
EmployeeInfoOutput.c(18): Notify: Parameter Substitution: parameter "EmpDOBYear" =  "1978"	[MsgId: MMSG-13992]
EmployeeInfoOutput.c(18): Notify: Parameter Substitution: parameter "pEmpPrefix" =  "BIZ-FM25"	[MsgId: MMSG-13992]
EmployeeInfoOutput.c(18): Notify: Parameter Substitution: parameter "FEIN" =  "170462909"	[MsgId: MMSG-13992]
EmployerAddEmployeeRoster.c(115): Notify: Parameter Substitution: parameter "pAddEmployeeTrName" =  "03_TwentyToThirtyEmployee"	[MsgId: MMSG-13992]
EmployerAddEmployeeRoster.c(115): Notify: Transaction "EMPLYR_0010_03_TwentyToThirtyEmployee" ended with a "Pass" status (Duration: 0.2638 Wasted Time: 0.0001).	[MsgId: MMSG-16871]
ScriptFlow.c(73): Notify: Parameter Substitution: parameter "pEMPLOYEECOUNT" =  "23"	[MsgId: MMSG-13992]
ScriptFlow.c(83): Notify: Saving Parameter "LNameLength = 8".	[MsgId: MMSG-13798]
ScriptFlow.c(86): Notify: Parameter Substitution: parameter "LNameLength" =  "8"	[MsgId: MMSG-13992]
randomname.h(15): Notify: Saving Parameter "randomLN = aaaivdty".	[MsgId: MMSG-13798]
randomname.h(28): Notify: Saving Parameter "pSSN1dep1_1 = 307".	[MsgId: MMSG-13798]
randomname.h(29): Notify: Saving Parameter "pSSN2dep1_1 = 43".	[MsgId: MMSG-13798]
randomname.h(30): Notify: Saving Parameter "pSSN3dep1_1 = 5932".	[MsgId: MMSG-13798]
randomname.h(32): Notify: Parameter Substitution: parameter "pSSN1dep1_1" =  "307"	[MsgId: MMSG-13992]
randomname.h(32): Notify: Parameter Substitution: parameter "pSSN2dep1_1" =  "43"	[MsgId: MMSG-13992]
randomname.h(32): Notify: Parameter Substitution: parameter "pSSN3dep1_1" =  "5932"	[MsgId: MMSG-13992]
randomname.h(33): Notify: Saving Parameter "EmployeeDep1SSN = 307-43-5932".	[MsgId: MMSG-13798]
randomname.h(35): Notify: Saving Parameter "EmployeeSSN = 307-43-5932".	[MsgId: MMSG-13798]
randomname.h(28): Notify: Saving Parameter "pSSN1dep1_1 = 713".	[MsgId: MMSG-13798]
randomname.h(29): Notify: Saving Parameter "pSSN2dep1_1 = 13".	[MsgId: MMSG-13798]
randomname.h(30): Notify: Saving Parameter "pSSN3dep1_1 = 6219".	[MsgId: MMSG-13798]
randomname.h(32): Notify: Parameter Substitution: parameter "pSSN1dep1_1" =  "713"	[MsgId: MMSG-13992]
randomname.h(32): Notify: Parameter Substitution: parameter "pSSN2dep1_1" =  "13"	[MsgId: MMSG-13992]
randomname.h(32): Notify: Parameter Substitution: parameter "pSSN3dep1_1" =  "6219"	[MsgId: MMSG-13992]
randomname.h(33): Notify: Saving Parameter "EmployeeDep1SSN = 713-13-6219".	[MsgId: MMSG-13798]
randomname.h(35): Notify: Saving Parameter "EmployeeDep1SSN = 713-13-6219".	[MsgId: MMSG-13798]
randomname.h(28): Notify: Saving Parameter "pSSN1dep1_1 = 980".	[MsgId: MMSG-13798]
randomname.h(29): Notify: Saving Parameter "pSSN2dep1_1 = 62".	[MsgId: MMSG-13798]
randomname.h(30): Notify: Saving Parameter "pSSN3dep1_1 = 3211".	[MsgId: MMSG-13798]
randomname.h(32): Notify: Parameter Substitution: parameter "pSSN1dep1_1" =  "980"	[MsgId: MMSG-13992]
randomname.h(32): Notify: Parameter Substitution: parameter "pSSN2dep1_1" =  "62"	[MsgId: MMSG-13992]
randomname.h(32): Notify: Parameter Substitution: parameter "pSSN3dep1_1" =  "3211"	[MsgId: MMSG-13992]
randomname.h(33): Notify: Saving Parameter "EmployeeDep1SSN = 980-62-3211".	[MsgId: MMSG-13798]
randomname.h(35): Notify: Saving Parameter "EmployeeDep2SSN = 980-62-3211".	[MsgId: MMSG-13798]
ScriptFlow.c(90): Notify: Parameter Substitution: parameter "EmployeeSSN" =  "307-43-5932"	[MsgId: MMSG-13992]
307-43-5932	[MsgId: MMSG-17999]
ScriptFlow.c(91): Notify: Parameter Substitution: parameter "EmployeeDep1SSN" =  "980-62-3211"	[MsgId: MMSG-13992]
980-62-3211	[MsgId: MMSG-17999]
ScriptFlow.c(92): Notify: Parameter Substitution: parameter "EmployeeDep2SSN" =  "980-62-3211"	[MsgId: MMSG-13992]
980-62-3211	[MsgId: MMSG-17999]
EmployerAddEmployeeRoster.c(5): web_reg_save_param started  	[MsgId: MMSG-26355]
EmployerAddEmployeeRoster.c(5): Registering web_reg_save_param was successful  	[MsgId: MMSG-26390]
EmployerAddEmployeeRoster.c(7): Notify: Transaction "EMPLYR_0009_Click_Employee_Tab" started.	[MsgId: MMSG-16999]
EmployerAddEmployeeRoster.c(9): web_url("Employees Employees") started  	[MsgId: MMSG-26355]
EmployerAddEmployeeRoster.c(9): Notify: Parameter Substitution: parameter "HTTP" =  "http"	[MsgId: MMSG-13992]
EmployerAddEmployeeRoster.c(9): Notify: Parameter Substitution: parameter "host_10_83_84_161" =  "enroll_uat.dchbx.org"	[MsgId: MMSG-13992]
EmployerAddEmployeeRoster.c(9): Notify: Parameter Substitution: parameter "EMPLOYER_ID" =  "55dfdddc69702d62f3fe0600"	[MsgId: MMSG-13992]
EmployerAddEmployeeRoster.c(9): Notify: Parameter Substitution: parameter "HTTP" =  "http"	[MsgId: MMSG-13992]
EmployerAddEmployeeRoster.c(9): Notify: Parameter Substitution: parameter "host_10_83_84_161" =  "enroll_uat.dchbx.org"	[MsgId: MMSG-13992]
EmployerAddEmployeeRoster.c(9): Notify: Parameter Substitution: parameter "EMPLOYER_ID" =  "55dfdddc69702d62f3fe0600"	[MsgId: MMSG-13992]
EmployerAddEmployeeRoster.c(9): Notify: Saving Parameter "Auth_Token_010 = ifpFZhrKbtJ7/Vr9egpvckYhIQO5Bih6PTnuAvZCSvns08289iS9EV7VQoiyQdnRmk4kmU62Aa57rF8OftCFWg==".	[MsgId: MMSG-13798]
EmployerAddEmployeeRoster.c(9): web_url("Employees Employees") was successful, 60945 body bytes, 444 header bytes  	[MsgId: MMSG-26386]
EmployerAddEmployeeRoster.c(19): Notify: Transaction "EMPLYR_0009_Click_Employee_Tab" ended with a "Pass" status (Duration: 0.1944 Wasted Time: 0.0003).	[MsgId: MMSG-16871]
EmployerAddEmployeeRoster.c(25): web_reg_find started  	[MsgId: MMSG-26355]
EmployerAddEmployeeRoster.c(25): Registering web_reg_find was successful  	[MsgId: MMSG-26390]
EmployerAddEmployeeRoster.c(26): web_reg_find started  	[MsgId: MMSG-26355]
EmployerAddEmployeeRoster.c(26): Registering web_reg_find was successful  	[MsgId: MMSG-26390]
EmployerAddEmployeeRoster.c(28): Notify: Parameter Substitution: parameter "pAddEmployeeTrName" =  "03_TwentyToThirtyEmployee"	[MsgId: MMSG-13992]
EmployerAddEmployeeRoster.c(28): Notify: Transaction "EMPLYR_0010_03_TwentyToThirtyEmployee" started.	[MsgId: MMSG-16999]
EmployerAddEmployeeRoster.c(30): web_submit_data("census_employees") started  	[MsgId: MMSG-26355]
EmployerAddEmployeeRoster.c(30): Notify: Parameter Substitution: parameter "HTTP" =  "http"	[MsgId: MMSG-13992]
EmployerAddEmployeeRoster.c(30): Notify: Parameter Substitution: parameter "host_10_83_84_161" =  "enroll_uat.dchbx.org"	[MsgId: MMSG-13992]
EmployerAddEmployeeRoster.c(30): Notify: Parameter Substitution: parameter "EMPLOYER_ID" =  "55dfdddc69702d62f3fe0600"	[MsgId: MMSG-13992]
EmployerAddEmployeeRoster.c(30): Notify: Parameter Substitution: parameter "HTTP" =  "http"	[MsgId: MMSG-13992]
EmployerAddEmployeeRoster.c(30): Notify: Parameter Substitution: parameter "host_10_83_84_161" =  "enroll_uat.dchbx.org"	[MsgId: MMSG-13992]
EmployerAddEmployeeRoster.c(30): Notify: Parameter Substitution: parameter "EMPLOYER_ID" =  "55dfdddc69702d62f3fe0600"	[MsgId: MMSG-13992]
EmployerAddEmployeeRoster.c(30): Notify: Parameter Substitution: parameter "Auth_Token_010" =  "ifpFZhrKbtJ7/Vr9egpvckYhIQO5Bih6PTnuAvZCSvns08289iS9EV7VQoiyQdnRmk4kmU62Aa57rF8OftCFWg=="	[MsgId: MMSG-13992]
EmployerAddEmployeeRoster.c(30): Notify: Parameter Substitution: parameter "EmpFName" =  "TestE"	[MsgId: MMSG-13992]
EmployerAddEmployeeRoster.c(30): Notify: Next row for parameter EmpMI = 12 [table  = EmpMI].	[MsgId: MMSG-13876]
EmployerAddEmployeeRoster.c(30): Notify: Parameter Substitution: parameter "EmpMI" =  "L"	[MsgId: MMSG-13992]
EmployerAddEmployeeRoster.c(30): Notify: Parameter Substitution: parameter "randomLN" =  "aaaivdty"	[MsgId: MMSG-13992]
EmployerAddEmployeeRoster.c(30): Notify: Next row for parameter EmpDOB = 12 [table  = EmpDOB].	[MsgId: MMSG-13876]
EmployerAddEmployeeRoster.c(30): Notify: Parameter Substitution: parameter "EmpDOB" =  "1/1/1978"	[MsgId: MMSG-13992]
EmployerAddEmployeeRoster.c(30): Notify: Next row for parameter EmpDOBPicker = 12 [table  = EmpDOBPicker].	[MsgId: MMSG-13876]
EmployerAddEmployeeRoster.c(30): Notify: Parameter Substitution: parameter "EmpDOBPicker" =  "1/1/1978"	[MsgId: MMSG-13992]
EmployerAddEmployeeRoster.c(30): Notify: Parameter Substitution: parameter "EmployeeSSN" =  "307-43-5932"	[MsgId: MMSG-13992]
EmployerAddEmployeeRoster.c(30): Notify: Next row for parameter EmpHireDate = 12 [table  = EmpHireDate].	[MsgId: MMSG-13876]
EmployerAddEmployeeRoster.c(30): Notify: Parameter Substitution: parameter "EmpHireDate" =  "1/1/2015"	[MsgId: MMSG-13992]
EmployerAddEmployeeRoster.c(30): Notify: Next row for parameter EmpHireDatePicker = 12 [table  = EmpHireDatePicker].	[MsgId: MMSG-13876]
EmployerAddEmployeeRoster.c(30): Notify: Parameter Substitution: parameter "EmpHireDatePicker" =  "1/1/2015"	[MsgId: MMSG-13992]
EmployerAddEmployeeRoster.c(30): Notify: Parameter Substitution: parameter "BENEFIT_GROUP_ID_3" =  "55dfdddd69702d55aa5f1a00"	[MsgId: MMSG-13992]
EmployerAddEmployeeRoster.c(30): Notify: Next row for parameter pEmlyePrefix = 24 [table  = pEmlyePrefix].	[MsgId: MMSG-13876]
EmployerAddEmployeeRoster.c(30): Notify: Parameter Substitution: parameter "pEmlyePrefix" =  "FM25"	[MsgId: MMSG-13992]
EmployerAddEmployeeRoster.c(30): Notify: Parameter Substitution: parameter "EmployeeSSN" =  "307-43-5932"	[MsgId: MMSG-13992]
EmployerAddEmployeeRoster.c(30): Redirecting "http://enroll_uat.dchbx.org/employers/employer_profiles/55dfdddc69702d62f3fe0600/census_employees" (redirection depth is 0)  	[MsgId: MMSG-26694]
EmployerAddEmployeeRoster.c(30): To location "http://enroll_uat.dchbx.org/employers/employer_profiles/55dfdddc69702d62f3fe0600"  	[MsgId: MMSG-26693]
EmployerAddEmployeeRoster.c(30): Resource "http://enroll_uat.dchbx.org/assets/application-f46679a55900235b472472ac8659a877.css" is in the cache already and will not be downloaded again  	[MsgId: MMSG-26655]
EmployerAddEmployeeRoster.c(30): Resource "http://enroll_uat.dchbx.org/assets/application-022817e729d78c2891542a42e4d3b541.js" is in the cache already and will not be downloaded again  	[MsgId: MMSG-26655]
EmployerAddEmployeeRoster.c(30): Resource "https://fonts.googleapis.com/css?family=Open+Sans:300italic,400italic,600italic,700italic,800italic,400,300,600,700,800" is in the cache already and will not be downloaded again  	[MsgId: MMSG-26655]
EmployerAddEmployeeRoster.c(30): Resource "http://enroll_uat.dchbx.org/assets/logo-43b272dcff33b1b3a8efb15e6f6c0e7c.png" is in the cache already and will not be downloaded again  	[MsgId: MMSG-26655]
EmployerAddEmployeeRoster.c(30): Resource "http://enroll_uat.dchbx.org/assets/icons/icon-business-owner-af38059fae9e279fe6258718668d610c.png" is in the cache already and will not be downloaded again  	[MsgId: MMSG-26655]
EmployerAddEmployeeRoster.c(30): Resource "http://enroll_uat.dchbx.org/assets/icons/phone-bcc17403386ca4171aae411f308ef6a1.png" is in the cache already and will not be downloaded again  	[MsgId: MMSG-26655]
EmployerAddEmployeeRoster.c(30): Resource "http://enroll_uat.dchbx.org/assets/icons/mail-21b45f89893abcf4033b96e8a261354e.png" is in the cache already and will not be downloaded again  	[MsgId: MMSG-26655]
EmployerAddEmployeeRoster.c(30): Resource "http://enroll_uat.dchbx.org/assets/icons/message-6a0a303d9fc72d557125912bdf9efed8.png" is in the cache already and will not be downloaded again  	[MsgId: MMSG-26655]
EmployerAddEmployeeRoster.c(30): Registered web_reg_find successful for "Text=provided SSN belongs"  	[MsgId: MMSG-26362]
EmployerAddEmployeeRoster.c(30): Notify: Saving Parameter "savedcount = 0".	[MsgId: MMSG-13798]
EmployerAddEmployeeRoster.c(30): Registered web_reg_find successful for "Text=Census Employee is successfully" (count=1)  	[MsgId: MMSG-26364]
EmployerAddEmployeeRoster.c(30): Notify: Saving Parameter "passcount = 1".	[MsgId: MMSG-13798]
EmployerAddEmployeeRoster.c(30): web_submit_data("census_employees") was successful, 28156 body bytes, 1043 header bytes  	[MsgId: MMSG-26386]
EmployerAddEmployeeRoster.c(113): Notify: Parameter Substitution: parameter "passcount" =  "1"	[MsgId: MMSG-13992]
EmployeeInfoOutput.c(18): Notify: Parameter Substitution: parameter "EmpFName" =  "TestE"	[MsgId: MMSG-13992]
EmployeeInfoOutput.c(18): Notify: Next row for parameter EmpMI = 12 [table  = EmpMI].	[MsgId: MMSG-13876]
EmployeeInfoOutput.c(18): Notify: Parameter Substitution: parameter "EmpMI" =  "L"	[MsgId: MMSG-13992]
EmployeeInfoOutput.c(18): Notify: Parameter Substitution: parameter "randomLN" =  "aaaivdty"	[MsgId: MMSG-13992]
EmployeeInfoOutput.c(18): Notify: Next row for parameter EmpDOBPicker = 12 [table  = EmpDOBPicker].	[MsgId: MMSG-13876]
EmployeeInfoOutput.c(18): Notify: Parameter Substitution: parameter "EmpDOBPicker" =  "1/1/1978"	[MsgId: MMSG-13992]
EmployeeInfoOutput.c(18): Notify: Next row for parameter EmpDOB = 12 [table  = EmpDOB].	[MsgId: MMSG-13876]
EmployeeInfoOutput.c(18): Notify: Parameter Substitution: parameter "EmpDOB" =  "1/1/1978"	[MsgId: MMSG-13992]
EmployeeInfoOutput.c(18): Notify: Parameter Substitution: parameter "EmployeeSSN" =  "307-43-5932"	[MsgId: MMSG-13992]
EmployeeInfoOutput.c(18): Notify: Next row for parameter EmpSEX = 12 [table  = EmpSEX].	[MsgId: MMSG-13876]
EmployeeInfoOutput.c(18): Notify: Parameter Substitution: parameter "EmpSEX" =  "FEMALE"	[MsgId: MMSG-13992]
EmployeeInfoOutput.c(18): Notify: Next row for parameter EmpHireDate = 12 [table  = EmpHireDate].	[MsgId: MMSG-13876]
EmployeeInfoOutput.c(18): Notify: Parameter Substitution: parameter "EmpHireDate" =  "1/1/2015"	[MsgId: MMSG-13992]
EmployeeInfoOutput.c(18): Notify: Next row for parameter EmpHireDatePicker = 12 [table  = EmpHireDatePicker].	[MsgId: MMSG-13876]
EmployeeInfoOutput.c(18): Notify: Parameter Substitution: parameter "EmpHireDatePicker" =  "1/1/2015"	[MsgId: MMSG-13992]
EmployeeInfoOutput.c(18): Notify: Next row for parameter EmpAddressL1 = 12 [table  = EmpAddressL1].	[MsgId: MMSG-13876]
EmployeeInfoOutput.c(18): Notify: Parameter Substitution: parameter "EmpAddressL1" =  "609 H St NE "	[MsgId: MMSG-13992]
EmployeeInfoOutput.c(18): Notify: Next row for parameter EmpCity = 12 [table  = EmpCity].	[MsgId: MMSG-13876]
EmployeeInfoOutput.c(18): Notify: Parameter Substitution: parameter "EmpCity" =  "Washington"	[MsgId: MMSG-13992]
EmployeeInfoOutput.c(18): Notify: Next row for parameter EmpZip = 12 [table  = EmpZip].	[MsgId: MMSG-13876]
EmployeeInfoOutput.c(18): Notify: Parameter Substitution: parameter "EmpZip" =  "20002"	[MsgId: MMSG-13992]
EmployeeInfoOutput.c(18): Notify: Next row for parameter pEmlyePrefix = 24 [table  = pEmlyePrefix].	[MsgId: MMSG-13876]
EmployeeInfoOutput.c(18): Notify: Parameter Substitution: parameter "pEmlyePrefix" =  "FM25"	[MsgId: MMSG-13992]
EmployeeInfoOutput.c(18): Notify: Parameter Substitution: parameter "EmployeeSSN" =  "307-43-5932"	[MsgId: MMSG-13992]
EmployeeInfoOutput.c(18): Notify: Next row for parameter EmpDOBDay = 12 [table  = EmpDOBDay].	[MsgId: MMSG-13876]
EmployeeInfoOutput.c(18): Notify: Parameter Substitution: parameter "EmpDOBDay" =  "1"	[MsgId: MMSG-13992]
EmployeeInfoOutput.c(18): Notify: Next row for parameter EmpDOBMonth = 12 [table  = EmpDOBMonth].	[MsgId: MMSG-13876]
EmployeeInfoOutput.c(18): Notify: Parameter Substitution: parameter "EmpDOBMonth" =  "1"	[MsgId: MMSG-13992]
EmployeeInfoOutput.c(18): Notify: Next row for parameter EmpDOBYear = 12 [table  = EmpDOBYear].	[MsgId: MMSG-13876]
EmployeeInfoOutput.c(18): Notify: Parameter Substitution: parameter "EmpDOBYear" =  "1978"	[MsgId: MMSG-13992]
EmployeeInfoOutput.c(18): Notify: Parameter Substitution: parameter "pEmpPrefix" =  "BIZ-FM25"	[MsgId: MMSG-13992]
EmployeeInfoOutput.c(18): Notify: Parameter Substitution: parameter "FEIN" =  "170462909"	[MsgId: MMSG-13992]
EmployerAddEmployeeRoster.c(115): Notify: Parameter Substitution: parameter "pAddEmployeeTrName" =  "03_TwentyToThirtyEmployee"	[MsgId: MMSG-13992]
EmployerAddEmployeeRoster.c(115): Notify: Transaction "EMPLYR_0010_03_TwentyToThirtyEmployee" ended with a "Pass" status (Duration: 0.2961 Wasted Time: 0.0001).	[MsgId: MMSG-16871]
ScriptFlow.c(73): Notify: Parameter Substitution: parameter "pEMPLOYEECOUNT" =  "23"	[MsgId: MMSG-13992]
ScriptFlow.c(83): Notify: Saving Parameter "LNameLength = 6".	[MsgId: MMSG-13798]
ScriptFlow.c(86): Notify: Parameter Substitution: parameter "LNameLength" =  "6"	[MsgId: MMSG-13992]
randomname.h(15): Notify: Saving Parameter "randomLN = yvuvig".	[MsgId: MMSG-13798]
randomname.h(28): Notify: Saving Parameter "pSSN1dep1_1 = 797".	[MsgId: MMSG-13798]
randomname.h(29): Notify: Saving Parameter "pSSN2dep1_1 = 63".	[MsgId: MMSG-13798]
randomname.h(30): Notify: Saving Parameter "pSSN3dep1_1 = 3237".	[MsgId: MMSG-13798]
randomname.h(32): Notify: Parameter Substitution: parameter "pSSN1dep1_1" =  "797"	[MsgId: MMSG-13992]
randomname.h(32): Notify: Parameter Substitution: parameter "pSSN2dep1_1" =  "63"	[MsgId: MMSG-13992]
randomname.h(32): Notify: Parameter Substitution: parameter "pSSN3dep1_1" =  "3237"	[MsgId: MMSG-13992]
randomname.h(33): Notify: Saving Parameter "EmployeeDep1SSN = 797-63-3237".	[MsgId: MMSG-13798]
randomname.h(35): Notify: Saving Parameter "EmployeeSSN = 797-63-3237".	[MsgId: MMSG-13798]
randomname.h(28): Notify: Saving Parameter "pSSN1dep1_1 = 947".	[MsgId: MMSG-13798]
randomname.h(29): Notify: Saving Parameter "pSSN2dep1_1 = 32".	[MsgId: MMSG-13798]
randomname.h(30): Notify: Saving Parameter "pSSN3dep1_1 = 9001".	[MsgId: MMSG-13798]
randomname.h(32): Notify: Parameter Substitution: parameter "pSSN1dep1_1" =  "947"	[MsgId: MMSG-13992]
randomname.h(32): Notify: Parameter Substitution: parameter "pSSN2dep1_1" =  "32"	[MsgId: MMSG-13992]
randomname.h(32): Notify: Parameter Substitution: parameter "pSSN3dep1_1" =  "9001"	[MsgId: MMSG-13992]
randomname.h(33): Notify: Saving Parameter "EmployeeDep1SSN = 947-32-9001".	[MsgId: MMSG-13798]
randomname.h(35): Notify: Saving Parameter "EmployeeDep1SSN = 947-32-9001".	[MsgId: MMSG-13798]
randomname.h(28): Notify: Saving Parameter "pSSN1dep1_1 = 523".	[MsgId: MMSG-13798]
randomname.h(29): Notify: Saving Parameter "pSSN2dep1_1 = 22".	[MsgId: MMSG-13798]
randomname.h(30): Notify: Saving Parameter "pSSN3dep1_1 = 5886".	[MsgId: MMSG-13798]
randomname.h(32): Notify: Parameter Substitution: parameter "pSSN1dep1_1" =  "523"	[MsgId: MMSG-13992]
randomname.h(32): Notify: Parameter Substitution: parameter "pSSN2dep1_1" =  "22"	[MsgId: MMSG-13992]
randomname.h(32): Notify: Parameter Substitution: parameter "pSSN3dep1_1" =  "5886"	[MsgId: MMSG-13992]
randomname.h(33): Notify: Saving Parameter "EmployeeDep1SSN = 523-22-5886".	[MsgId: MMSG-13798]
randomname.h(35): Notify: Saving Parameter "EmployeeDep2SSN = 523-22-5886".	[MsgId: MMSG-13798]
ScriptFlow.c(90): Notify: Parameter Substitution: parameter "EmployeeSSN" =  "797-63-3237"	[MsgId: MMSG-13992]
797-63-3237	[MsgId: MMSG-17999]
ScriptFlow.c(91): Notify: Parameter Substitution: parameter "EmployeeDep1SSN" =  "523-22-5886"	[MsgId: MMSG-13992]
523-22-5886	[MsgId: MMSG-17999]
ScriptFlow.c(92): Notify: Parameter Substitution: parameter "EmployeeDep2SSN" =  "523-22-5886"	[MsgId: MMSG-13992]
523-22-5886	[MsgId: MMSG-17999]
EmployerAddEmployeeRoster.c(5): web_reg_save_param started  	[MsgId: MMSG-26355]
EmployerAddEmployeeRoster.c(5): Registering web_reg_save_param was successful  	[MsgId: MMSG-26390]
EmployerAddEmployeeRoster.c(7): Notify: Transaction "EMPLYR_0009_Click_Employee_Tab" started.	[MsgId: MMSG-16999]
EmployerAddEmployeeRoster.c(9): web_url("Employees Employees") started  	[MsgId: MMSG-26355]
EmployerAddEmployeeRoster.c(9): Notify: Parameter Substitution: parameter "HTTP" =  "http"	[MsgId: MMSG-13992]
EmployerAddEmployeeRoster.c(9): Notify: Parameter Substitution: parameter "host_10_83_84_161" =  "enroll_uat.dchbx.org"	[MsgId: MMSG-13992]
EmployerAddEmployeeRoster.c(9): Notify: Parameter Substitution: parameter "EMPLOYER_ID" =  "55dfdddc69702d62f3fe0600"	[MsgId: MMSG-13992]
EmployerAddEmployeeRoster.c(9): Notify: Parameter Substitution: parameter "HTTP" =  "http"	[MsgId: MMSG-13992]
EmployerAddEmployeeRoster.c(9): Notify: Parameter Substitution: parameter "host_10_83_84_161" =  "enroll_uat.dchbx.org"	[MsgId: MMSG-13992]
EmployerAddEmployeeRoster.c(9): Notify: Parameter Substitution: parameter "EMPLOYER_ID" =  "55dfdddc69702d62f3fe0600"	[MsgId: MMSG-13992]
EmployerAddEmployeeRoster.c(9): Notify: Saving Parameter "Auth_Token_010 = +QKVp4fOUfmtIpEOCg5DWN3l0jD/pwzH8wA3o9KlM7OcKx19ayCCOogKiXvCRfX7AYrXqggXJRO1lYavWjf8EA==".	[MsgId: MMSG-13798]
EmployerAddEmployeeRoster.c(9): web_url("Employees Employees") was successful, 60947 body bytes, 444 header bytes  	[MsgId: MMSG-26386]
EmployerAddEmployeeRoster.c(19): Notify: Transaction "EMPLYR_0009_Click_Employee_Tab" ended with a "Pass" status (Duration: 0.2322 Wasted Time: 0.0002).	[MsgId: MMSG-16871]
EmployerAddEmployeeRoster.c(25): web_reg_find started  	[MsgId: MMSG-26355]
EmployerAddEmployeeRoster.c(25): Registering web_reg_find was successful  	[MsgId: MMSG-26390]
EmployerAddEmployeeRoster.c(26): web_reg_find started  	[MsgId: MMSG-26355]
EmployerAddEmployeeRoster.c(26): Registering web_reg_find was successful  	[MsgId: MMSG-26390]
EmployerAddEmployeeRoster.c(28): Notify: Parameter Substitution: parameter "pAddEmployeeTrName" =  "03_TwentyToThirtyEmployee"	[MsgId: MMSG-13992]
EmployerAddEmployeeRoster.c(28): Notify: Transaction "EMPLYR_0010_03_TwentyToThirtyEmployee" started.	[MsgId: MMSG-16999]
EmployerAddEmployeeRoster.c(30): web_submit_data("census_employees") started  	[MsgId: MMSG-26355]
EmployerAddEmployeeRoster.c(30): Notify: Parameter Substitution: parameter "HTTP" =  "http"	[MsgId: MMSG-13992]
EmployerAddEmployeeRoster.c(30): Notify: Parameter Substitution: parameter "host_10_83_84_161" =  "enroll_uat.dchbx.org"	[MsgId: MMSG-13992]
EmployerAddEmployeeRoster.c(30): Notify: Parameter Substitution: parameter "EMPLOYER_ID" =  "55dfdddc69702d62f3fe0600"	[MsgId: MMSG-13992]
EmployerAddEmployeeRoster.c(30): Notify: Parameter Substitution: parameter "HTTP" =  "http"	[MsgId: MMSG-13992]
EmployerAddEmployeeRoster.c(30): Notify: Parameter Substitution: parameter "host_10_83_84_161" =  "enroll_uat.dchbx.org"	[MsgId: MMSG-13992]
EmployerAddEmployeeRoster.c(30): Notify: Parameter Substitution: parameter "EMPLOYER_ID" =  "55dfdddc69702d62f3fe0600"	[MsgId: MMSG-13992]
EmployerAddEmployeeRoster.c(30): Notify: Parameter Substitution: parameter "Auth_Token_010" =  "+QKVp4fOUfmtIpEOCg5DWN3l0jD/pwzH8wA3o9KlM7OcKx19ayCCOogKiXvCRfX7AYrXqggXJRO1lYavWjf8EA=="	[MsgId: MMSG-13992]
EmployerAddEmployeeRoster.c(30): Notify: Parameter Substitution: parameter "EmpFName" =  "TestE"	[MsgId: MMSG-13992]
EmployerAddEmployeeRoster.c(30): Notify: Next row for parameter EmpMI = 12 [table  = EmpMI].	[MsgId: MMSG-13876]
EmployerAddEmployeeRoster.c(30): Notify: Parameter Substitution: parameter "EmpMI" =  "L"	[MsgId: MMSG-13992]
EmployerAddEmployeeRoster.c(30): Notify: Parameter Substitution: parameter "randomLN" =  "yvuvig"	[MsgId: MMSG-13992]
EmployerAddEmployeeRoster.c(30): Notify: Next row for parameter EmpDOB = 12 [table  = EmpDOB].	[MsgId: MMSG-13876]
EmployerAddEmployeeRoster.c(30): Notify: Parameter Substitution: parameter "EmpDOB" =  "1/1/1978"	[MsgId: MMSG-13992]
EmployerAddEmployeeRoster.c(30): Notify: Next row for parameter EmpDOBPicker = 12 [table  = EmpDOBPicker].	[MsgId: MMSG-13876]
EmployerAddEmployeeRoster.c(30): Notify: Parameter Substitution: parameter "EmpDOBPicker" =  "1/1/1978"	[MsgId: MMSG-13992]
EmployerAddEmployeeRoster.c(30): Notify: Parameter Substitution: parameter "EmployeeSSN" =  "797-63-3237"	[MsgId: MMSG-13992]
EmployerAddEmployeeRoster.c(30): Notify: Next row for parameter EmpHireDate = 12 [table  = EmpHireDate].	[MsgId: MMSG-13876]
EmployerAddEmployeeRoster.c(30): Notify: Parameter Substitution: parameter "EmpHireDate" =  "1/1/2015"	[MsgId: MMSG-13992]
EmployerAddEmployeeRoster.c(30): Notify: Next row for parameter EmpHireDatePicker = 12 [table  = EmpHireDatePicker].	[MsgId: MMSG-13876]
EmployerAddEmployeeRoster.c(30): Notify: Parameter Substitution: parameter "EmpHireDatePicker" =  "1/1/2015"	[MsgId: MMSG-13992]
EmployerAddEmployeeRoster.c(30): Notify: Parameter Substitution: parameter "BENEFIT_GROUP_ID_3" =  "55dfdddd69702d55aa5f1a00"	[MsgId: MMSG-13992]
EmployerAddEmployeeRoster.c(30): Notify: Next row for parameter pEmlyePrefix = 24 [table  = pEmlyePrefix].	[MsgId: MMSG-13876]
EmployerAddEmployeeRoster.c(30): Notify: Parameter Substitution: parameter "pEmlyePrefix" =  "FM25"	[MsgId: MMSG-13992]
EmployerAddEmployeeRoster.c(30): Notify: Parameter Substitution: parameter "EmployeeSSN" =  "797-63-3237"	[MsgId: MMSG-13992]
EmployerAddEmployeeRoster.c(30): Redirecting "http://enroll_uat.dchbx.org/employers/employer_profiles/55dfdddc69702d62f3fe0600/census_employees" (redirection depth is 0)  	[MsgId: MMSG-26694]
EmployerAddEmployeeRoster.c(30): To location "http://enroll_uat.dchbx.org/employers/employer_profiles/55dfdddc69702d62f3fe0600"  	[MsgId: MMSG-26693]
EmployerAddEmployeeRoster.c(30): Resource "http://enroll_uat.dchbx.org/assets/application-f46679a55900235b472472ac8659a877.css" is in the cache already and will not be downloaded again  	[MsgId: MMSG-26655]
EmployerAddEmployeeRoster.c(30): Resource "http://enroll_uat.dchbx.org/assets/application-022817e729d78c2891542a42e4d3b541.js" is in the cache already and will not be downloaded again  	[MsgId: MMSG-26655]
EmployerAddEmployeeRoster.c(30): Resource "https://fonts.googleapis.com/css?family=Open+Sans:300italic,400italic,600italic,700italic,800italic,400,300,600,700,800" is in the cache already and will not be downloaded again  	[MsgId: MMSG-26655]
EmployerAddEmployeeRoster.c(30): Resource "http://enroll_uat.dchbx.org/assets/logo-43b272dcff33b1b3a8efb15e6f6c0e7c.png" is in the cache already and will not be downloaded again  	[MsgId: MMSG-26655]
EmployerAddEmployeeRoster.c(30): Resource "http://enroll_uat.dchbx.org/assets/icons/icon-business-owner-af38059fae9e279fe6258718668d610c.png" is in the cache already and will not be downloaded again  	[MsgId: MMSG-26655]
EmployerAddEmployeeRoster.c(30): Resource "http://enroll_uat.dchbx.org/assets/icons/phone-bcc17403386ca4171aae411f308ef6a1.png" is in the cache already and will not be downloaded again  	[MsgId: MMSG-26655]
EmployerAddEmployeeRoster.c(30): Resource "http://enroll_uat.dchbx.org/assets/icons/mail-21b45f89893abcf4033b96e8a261354e.png" is in the cache already and will not be downloaded again  	[MsgId: MMSG-26655]
EmployerAddEmployeeRoster.c(30): Resource "http://enroll_uat.dchbx.org/assets/icons/message-6a0a303d9fc72d557125912bdf9efed8.png" is in the cache already and will not be downloaded again  	[MsgId: MMSG-26655]
EmployerAddEmployeeRoster.c(30): Registered web_reg_find successful for "Text=provided SSN belongs"  	[MsgId: MMSG-26362]
EmployerAddEmployeeRoster.c(30): Notify: Saving Parameter "savedcount = 0".	[MsgId: MMSG-13798]
EmployerAddEmployeeRoster.c(30): Registered web_reg_find successful for "Text=Census Employee is successfully" (count=1)  	[MsgId: MMSG-26364]
EmployerAddEmployeeRoster.c(30): Notify: Saving Parameter "passcount = 1".	[MsgId: MMSG-13798]
EmployerAddEmployeeRoster.c(30): web_submit_data("census_employees") was successful, 28155 body bytes, 1043 header bytes  	[MsgId: MMSG-26386]
EmployerAddEmployeeRoster.c(113): Notify: Parameter Substitution: parameter "passcount" =  "1"	[MsgId: MMSG-13992]
EmployeeInfoOutput.c(18): Notify: Parameter Substitution: parameter "EmpFName" =  "TestE"	[MsgId: MMSG-13992]
EmployeeInfoOutput.c(18): Notify: Next row for parameter EmpMI = 12 [table  = EmpMI].	[MsgId: MMSG-13876]
EmployeeInfoOutput.c(18): Notify: Parameter Substitution: parameter "EmpMI" =  "L"	[MsgId: MMSG-13992]
EmployeeInfoOutput.c(18): Notify: Parameter Substitution: parameter "randomLN" =  "yvuvig"	[MsgId: MMSG-13992]
EmployeeInfoOutput.c(18): Notify: Next row for parameter EmpDOBPicker = 12 [table  = EmpDOBPicker].	[MsgId: MMSG-13876]
EmployeeInfoOutput.c(18): Notify: Parameter Substitution: parameter "EmpDOBPicker" =  "1/1/1978"	[MsgId: MMSG-13992]
EmployeeInfoOutput.c(18): Notify: Next row for parameter EmpDOB = 12 [table  = EmpDOB].	[MsgId: MMSG-13876]
EmployeeInfoOutput.c(18): Notify: Parameter Substitution: parameter "EmpDOB" =  "1/1/1978"	[MsgId: MMSG-13992]
EmployeeInfoOutput.c(18): Notify: Parameter Substitution: parameter "EmployeeSSN" =  "797-63-3237"	[MsgId: MMSG-13992]
EmployeeInfoOutput.c(18): Notify: Next row for parameter EmpSEX = 12 [table  = EmpSEX].	[MsgId: MMSG-13876]
EmployeeInfoOutput.c(18): Notify: Parameter Substitution: parameter "EmpSEX" =  "FEMALE"	[MsgId: MMSG-13992]
EmployeeInfoOutput.c(18): Notify: Next row for parameter EmpHireDate = 12 [table  = EmpHireDate].	[MsgId: MMSG-13876]
EmployeeInfoOutput.c(18): Notify: Parameter Substitution: parameter "EmpHireDate" =  "1/1/2015"	[MsgId: MMSG-13992]
EmployeeInfoOutput.c(18): Notify: Next row for parameter EmpHireDatePicker = 12 [table  = EmpHireDatePicker].	[MsgId: MMSG-13876]
EmployeeInfoOutput.c(18): Notify: Parameter Substitution: parameter "EmpHireDatePicker" =  "1/1/2015"	[MsgId: MMSG-13992]
EmployeeInfoOutput.c(18): Notify: Next row for parameter EmpAddressL1 = 12 [table  = EmpAddressL1].	[MsgId: MMSG-13876]
EmployeeInfoOutput.c(18): Notify: Parameter Substitution: parameter "EmpAddressL1" =  "609 H St NE "	[MsgId: MMSG-13992]
EmployeeInfoOutput.c(18): Notify: Next row for parameter EmpCity = 12 [table  = EmpCity].	[MsgId: MMSG-13876]
EmployeeInfoOutput.c(18): Notify: Parameter Substitution: parameter "EmpCity" =  "Washington"	[MsgId: MMSG-13992]
EmployeeInfoOutput.c(18): Notify: Next row for parameter EmpZip = 12 [table  = EmpZip].	[MsgId: MMSG-13876]
EmployeeInfoOutput.c(18): Notify: Parameter Substitution: parameter "EmpZip" =  "20002"	[MsgId: MMSG-13992]
EmployeeInfoOutput.c(18): Notify: Next row for parameter pEmlyePrefix = 24 [table  = pEmlyePrefix].	[MsgId: MMSG-13876]
EmployeeInfoOutput.c(18): Notify: Parameter Substitution: parameter "pEmlyePrefix" =  "FM25"	[MsgId: MMSG-13992]
EmployeeInfoOutput.c(18): Notify: Parameter Substitution: parameter "EmployeeSSN" =  "797-63-3237"	[MsgId: MMSG-13992]
EmployeeInfoOutput.c(18): Notify: Next row for parameter EmpDOBDay = 12 [table  = EmpDOBDay].	[MsgId: MMSG-13876]
EmployeeInfoOutput.c(18): Notify: Parameter Substitution: parameter "EmpDOBDay" =  "1"	[MsgId: MMSG-13992]
EmployeeInfoOutput.c(18): Notify: Next row for parameter EmpDOBMonth = 12 [table  = EmpDOBMonth].	[MsgId: MMSG-13876]
EmployeeInfoOutput.c(18): Notify: Parameter Substitution: parameter "EmpDOBMonth" =  "1"	[MsgId: MMSG-13992]
EmployeeInfoOutput.c(18): Notify: Next row for parameter EmpDOBYear = 12 [table  = EmpDOBYear].	[MsgId: MMSG-13876]
EmployeeInfoOutput.c(18): Notify: Parameter Substitution: parameter "EmpDOBYear" =  "1978"	[MsgId: MMSG-13992]
EmployeeInfoOutput.c(18): Notify: Parameter Substitution: parameter "pEmpPrefix" =  "BIZ-FM25"	[MsgId: MMSG-13992]
EmployeeInfoOutput.c(18): Notify: Parameter Substitution: parameter "FEIN" =  "170462909"	[MsgId: MMSG-13992]
EmployerAddEmployeeRoster.c(115): Notify: Parameter Substitution: parameter "pAddEmployeeTrName" =  "03_TwentyToThirtyEmployee"	[MsgId: MMSG-13992]
EmployerAddEmployeeRoster.c(115): Notify: Transaction "EMPLYR_0010_03_TwentyToThirtyEmployee" ended with a "Pass" status (Duration: 0.2310 Wasted Time: 0.0001).	[MsgId: MMSG-16871]
ScriptFlow.c(73): Notify: Parameter Substitution: parameter "pEMPLOYEECOUNT" =  "23"	[MsgId: MMSG-13992]
Logout.c(3): Notify: Transaction "EMPLYR_1000_Logout" started.	[MsgId: MMSG-16999]
Logout.c(5): web_submit_data("sign_out") started  	[MsgId: MMSG-26355]
Logout.c(5): Notify: Parameter Substitution: parameter "HTTP" =  "http"	[MsgId: MMSG-13992]
Logout.c(5): Notify: Parameter Substitution: parameter "host_10_83_84_161" =  "enroll_uat.dchbx.org"	[MsgId: MMSG-13992]
Logout.c(5): Notify: Parameter Substitution: parameter "HTTP" =  "http"	[MsgId: MMSG-13992]
Logout.c(5): Notify: Parameter Substitution: parameter "host_10_83_84_161" =  "enroll_uat.dchbx.org"	[MsgId: MMSG-13992]
Logout.c(5): Notify: Parameter Substitution: parameter "EMPLOYER_ID" =  "55dfdddc69702d62f3fe0600"	[MsgId: MMSG-13992]
Logout.c(5): Notify: Parameter Substitution: parameter "AUTH_TOKEN_4" =  "DVE4uW/EqZQrLR8uCEi6nAZoGH0mjHzuvyw2p33FF0ZoeLBjgyp6Vw4FB1vAAww/2gcd59E8VTr5uYer9VfY5Q=="	[MsgId: MMSG-13992]
Logout.c(5): web_submit_data("sign_out") was successful, 0 body bytes, 440 header bytes  	[MsgId: MMSG-26386]
Logout.c(18): Notify: Transaction "EMPLYR_1000_Logout" ended with a "Pass" status (Duration: 0.0372).	[MsgId: MMSG-16873]
Ending action ScriptFlow.	[MsgId: MMSG-15918]
Action was aborted.	[MsgId: MMSG-10694]
Ending Vuser...	[MsgId: MMSG-15966]
Starting action vuser_end.	[MsgId: MMSG-15919]
Ending action vuser_end.	[MsgId: MMSG-15918]
Vuser Terminated.	[MsgId: MMSG-15963]
Vuser 0 (thread 6948), ended OK."	[MsgId: MMSG-10695]
