EmployerAddEmployeeRoster.c(30): Registered web_reg_find successful for "Text=provided SSN belongs"  	[MsgId: MMSG-26362]
EmployerAddEmployeeRoster.c(30): Notify: Saving Parameter "savedcount = 0".	[MsgId: MMSG-13798]
EmployerAddEmployeeRoster.c(30): Registered web_reg_find successful for "Text=Census Employee is successfully" (count=1)  	[MsgId: MMSG-26364]
EmployerAddEmployeeRoster.c(30): Notify: Saving Parameter "passcount = 1".	[MsgId: MMSG-13798]
EmployerAddEmployeeRoster.c(30): web_submit_data("census_employees") was successful, 28145 body bytes, 1043 header bytes  	[MsgId: MMSG-26386]
EmployerAddEmployeeRoster.c(113): Notify: Parameter Substitution: parameter "passcount" =  "1"	[MsgId: MMSG-13992]
EmployeeInfoOutput.c(18): Notify: Parameter Substitution: parameter "EmpFName" =  "TestE"	[MsgId: MMSG-13992]
EmployeeInfoOutput.c(18): Notify: Next row for parameter EmpMI = 46 [table  = EmpMI].	[MsgId: MMSG-13876]
EmployeeInfoOutput.c(18): Notify: Parameter Substitution: parameter "EmpMI" =  "L"	[MsgId: MMSG-13992]
EmployeeInfoOutput.c(18): Notify: Parameter Substitution: parameter "randomLN" =  "xzccnitl"	[MsgId: MMSG-13992]
EmployeeInfoOutput.c(18): Notify: Next row for parameter EmpDOBPicker = 46 [table  = EmpDOBPicker].	[MsgId: MMSG-13876]
EmployeeInfoOutput.c(18): Notify: Parameter Substitution: parameter "EmpDOBPicker" =  "1/1/1978"	[MsgId: MMSG-13992]
EmployeeInfoOutput.c(18): Notify: Next row for parameter EmpDOB = 46 [table  = EmpDOB].	[MsgId: MMSG-13876]
EmployeeInfoOutput.c(18): Notify: Parameter Substitution: parameter "EmpDOB" =  "1/1/1978"	[MsgId: MMSG-13992]
EmployeeInfoOutput.c(18): Notify: Parameter Substitution: parameter "EmployeeSSN" =  "449-85-3447"	[MsgId: MMSG-13992]
EmployeeInfoOutput.c(18): Notify: Next row for parameter EmpSEX = 46 [table  = EmpSEX].	[MsgId: MMSG-13876]
EmployeeInfoOutput.c(18): Notify: Parameter Substitution: parameter "EmpSEX" =  "FEMALE"	[MsgId: MMSG-13992]
EmployeeInfoOutput.c(18): Notify: Next row for parameter EmpHireDate = 46 [table  = EmpHireDate].	[MsgId: MMSG-13876]
EmployeeInfoOutput.c(18): Notify: Parameter Substitution: parameter "EmpHireDate" =  "1/1/2015"	[MsgId: MMSG-13992]
EmployeeInfoOutput.c(18): Notify: Next row for parameter EmpHireDatePicker = 46 [table  = EmpHireDatePicker].	[MsgId: MMSG-13876]
EmployeeInfoOutput.c(18): Notify: Parameter Substitution: parameter "EmpHireDatePicker" =  "1/1/2015"	[MsgId: MMSG-13992]
EmployeeInfoOutput.c(18): Notify: Next row for parameter EmpAddressL1 = 46 [table  = EmpAddressL1].	[MsgId: MMSG-13876]
EmployeeInfoOutput.c(18): Notify: Parameter Substitution: parameter "EmpAddressL1" =  "609 H St NE "	[MsgId: MMSG-13992]
EmployeeInfoOutput.c(18): Notify: Next row for parameter EmpCity = 46 [table  = EmpCity].	[MsgId: MMSG-13876]
EmployeeInfoOutput.c(18): Notify: Parameter Substitution: parameter "EmpCity" =  "Washington"	[MsgId: MMSG-13992]
EmployeeInfoOutput.c(18): Notify: Next row for parameter EmpZip = 46 [table  = EmpZip].	[MsgId: MMSG-13876]
EmployeeInfoOutput.c(18): Notify: Parameter Substitution: parameter "EmpZip" =  "20002"	[MsgId: MMSG-13992]
EmployeeInfoOutput.c(18): Notify: Next row for parameter pEmlyePrefix = 51 [table  = pEmlyePrefix].	[MsgId: MMSG-13876]
EmployeeInfoOutput.c(18): Notify: Parameter Substitution: parameter "pEmlyePrefix" =  "FM52"	[MsgId: MMSG-13992]
EmployeeInfoOutput.c(18): Notify: Parameter Substitution: parameter "EmployeeSSN" =  "449-85-3447"	[MsgId: MMSG-13992]
EmployeeInfoOutput.c(18): Notify: Next row for parameter EmpDOBDay = 46 [table  = EmpDOBDay].	[MsgId: MMSG-13876]
EmployeeInfoOutput.c(18): Notify: Parameter Substitution: parameter "EmpDOBDay" =  "1"	[MsgId: MMSG-13992]
EmployeeInfoOutput.c(18): Notify: Next row for parameter EmpDOBMonth = 46 [table  = EmpDOBMonth].	[MsgId: MMSG-13876]
EmployeeInfoOutput.c(18): Notify: Parameter Substitution: parameter "EmpDOBMonth" =  "1"	[MsgId: MMSG-13992]
EmployeeInfoOutput.c(18): Notify: Next row for parameter EmpDOBYear = 46 [table  = EmpDOBYear].	[MsgId: MMSG-13876]
EmployeeInfoOutput.c(18): Notify: Parameter Substitution: parameter "EmpDOBYear" =  "1978"	[MsgId: MMSG-13992]
EmployeeInfoOutput.c(18): Notify: Parameter Substitution: parameter "pEmpPrefix" =  "BIZ-FM52"	[MsgId: MMSG-13992]
EmployeeInfoOutput.c(18): Notify: Parameter Substitution: parameter "FEIN" =  "240860650"	[MsgId: MMSG-13992]
EmployerAddEmployeeRoster.c(115): Notify: Parameter Substitution: parameter "pAddEmployeeTrName" =  "01_OneToTenEmployee"	[MsgId: MMSG-13992]
EmployerAddEmployeeRoster.c(115): Notify: Transaction "EMPLYR_0010_01_OneToTenEmployee" ended with a "Pass" status (Duration: 0.2240 Wasted Time: 0.0001).	[MsgId: MMSG-16871]
ScriptFlow.c(73): Notify: Parameter Substitution: parameter "pEMPLOYEECOUNT" =  "9"	[MsgId: MMSG-13992]
ScriptFlow.c(83): Notify: Saving Parameter "LNameLength = 5".	[MsgId: MMSG-13798]
ScriptFlow.c(86): Notify: Parameter Substitution: parameter "LNameLength" =  "5"	[MsgId: MMSG-13992]
randomname.h(15): Notify: Saving Parameter "randomLN = xzccn".	[MsgId: MMSG-13798]
randomname.h(28): Notify: Saving Parameter "pSSN1dep1_1 = 174".	[MsgId: MMSG-13798]
randomname.h(29): Notify: Saving Parameter "pSSN2dep1_1 = 93".	[MsgId: MMSG-13798]
randomname.h(30): Notify: Saving Parameter "pSSN3dep1_1 = 2311".	[MsgId: MMSG-13798]
randomname.h(32): Notify: Parameter Substitution: parameter "pSSN1dep1_1" =  "174"	[MsgId: MMSG-13992]
randomname.h(32): Notify: Parameter Substitution: parameter "pSSN2dep1_1" =  "93"	[MsgId: MMSG-13992]
randomname.h(32): Notify: Parameter Substitution: parameter "pSSN3dep1_1" =  "2311"	[MsgId: MMSG-13992]
randomname.h(33): Notify: Saving Parameter "EmployeeDep1SSN = 174-93-2311".	[MsgId: MMSG-13798]
randomname.h(35): Notify: Saving Parameter "EmployeeSSN = 174-93-2311".	[MsgId: MMSG-13798]
randomname.h(28): Notify: Saving Parameter "pSSN1dep1_1 = 449".	[MsgId: MMSG-13798]
randomname.h(29): Notify: Saving Parameter "pSSN2dep1_1 = 85".	[MsgId: MMSG-13798]
randomname.h(30): Notify: Saving Parameter "pSSN3dep1_1 = 3447".	[MsgId: MMSG-13798]
randomname.h(32): Notify: Parameter Substitution: parameter "pSSN1dep1_1" =  "449"	[MsgId: MMSG-13992]
randomname.h(32): Notify: Parameter Substitution: parameter "pSSN2dep1_1" =  "85"	[MsgId: MMSG-13992]
randomname.h(32): Notify: Parameter Substitution: parameter "pSSN3dep1_1" =  "3447"	[MsgId: MMSG-13992]
randomname.h(33): Notify: Saving Parameter "EmployeeDep1SSN = 449-85-3447".	[MsgId: MMSG-13798]
randomname.h(35): Notify: Saving Parameter "EmployeeDep1SSN = 449-85-3447".	[MsgId: MMSG-13798]
randomname.h(28): Notify: Saving Parameter "pSSN1dep1_1 = 241".	[MsgId: MMSG-13798]
randomname.h(29): Notify: Saving Parameter "pSSN2dep1_1 = 48".	[MsgId: MMSG-13798]
randomname.h(30): Notify: Saving Parameter "pSSN3dep1_1 = 2197".	[MsgId: MMSG-13798]
randomname.h(32): Notify: Parameter Substitution: parameter "pSSN1dep1_1" =  "241"	[MsgId: MMSG-13992]
randomname.h(32): Notify: Parameter Substitution: parameter "pSSN2dep1_1" =  "48"	[MsgId: MMSG-13992]
randomname.h(32): Notify: Parameter Substitution: parameter "pSSN3dep1_1" =  "2197"	[MsgId: MMSG-13992]
randomname.h(33): Notify: Saving Parameter "EmployeeDep1SSN = 241-48-2197".	[MsgId: MMSG-13798]
randomname.h(35): Notify: Saving Parameter "EmployeeDep2SSN = 241-48-2197".	[MsgId: MMSG-13798]
ScriptFlow.c(90): Notify: Parameter Substitution: parameter "EmployeeSSN" =  "174-93-2311"	[MsgId: MMSG-13992]
174-93-2311	[MsgId: MMSG-17999]
ScriptFlow.c(91): Notify: Parameter Substitution: parameter "EmployeeDep1SSN" =  "241-48-2197"	[MsgId: MMSG-13992]
241-48-2197	[MsgId: MMSG-17999]
ScriptFlow.c(92): Notify: Parameter Substitution: parameter "EmployeeDep2SSN" =  "241-48-2197"	[MsgId: MMSG-13992]
241-48-2197	[MsgId: MMSG-17999]
EmployerAddEmployeeRoster.c(5): web_reg_save_param started  	[MsgId: MMSG-26355]
EmployerAddEmployeeRoster.c(5): Registering web_reg_save_param was successful  	[MsgId: MMSG-26390]
EmployerAddEmployeeRoster.c(7): Notify: Transaction "EMPLYR_0009_Click_Employee_Tab" started.	[MsgId: MMSG-16999]
EmployerAddEmployeeRoster.c(9): web_url("Employees Employees") started  	[MsgId: MMSG-26355]
EmployerAddEmployeeRoster.c(9): Notify: Parameter Substitution: parameter "HTTP" =  "http"	[MsgId: MMSG-13992]
EmployerAddEmployeeRoster.c(9): Notify: Parameter Substitution: parameter "host_10_83_84_161" =  "enroll_uat.dchbx.org"	[MsgId: MMSG-13992]
EmployerAddEmployeeRoster.c(9): Notify: Parameter Substitution: parameter "EMPLOYER_ID" =  "55dfe1d569702d55bd4b2400"	[MsgId: MMSG-13992]
EmployerAddEmployeeRoster.c(9): Notify: Parameter Substitution: parameter "HTTP" =  "http"	[MsgId: MMSG-13992]
EmployerAddEmployeeRoster.c(9): Notify: Parameter Substitution: parameter "host_10_83_84_161" =  "enroll_uat.dchbx.org"	[MsgId: MMSG-13992]
EmployerAddEmployeeRoster.c(9): Notify: Parameter Substitution: parameter "EMPLOYER_ID" =  "55dfe1d569702d55bd4b2400"	[MsgId: MMSG-13992]
EmployerAddEmployeeRoster.c(9): Notify: Saving Parameter "Auth_Token_010 = JDokdfMeLk0vr5D4FpThanOwHffFTeX+9qprmVJhk2UTv3JZe9A0nxxdSQogGdLGoMp5xtMTg5CrZECbtiDUKw==".	[MsgId: MMSG-13798]
EmployerAddEmployeeRoster.c(9): web_url("Employees Employees") was successful, 36936 body bytes, 444 header bytes  	[MsgId: MMSG-26386]
EmployerAddEmployeeRoster.c(19): Notify: Transaction "EMPLYR_0009_Click_Employee_Tab" ended with a "Pass" status (Duration: 0.0912 Wasted Time: 0.0002).	[MsgId: MMSG-16871]
EmployerAddEmployeeRoster.c(25): web_reg_find started  	[MsgId: MMSG-26355]
EmployerAddEmployeeRoster.c(25): Registering web_reg_find was successful  	[MsgId: MMSG-26390]
EmployerAddEmployeeRoster.c(26): web_reg_find started  	[MsgId: MMSG-26355]
EmployerAddEmployeeRoster.c(26): Registering web_reg_find was successful  	[MsgId: MMSG-26390]
EmployerAddEmployeeRoster.c(28): Notify: Parameter Substitution: parameter "pAddEmployeeTrName" =  "01_OneToTenEmployee"	[MsgId: MMSG-13992]
EmployerAddEmployeeRoster.c(28): Notify: Transaction "EMPLYR_0010_01_OneToTenEmployee" started.	[MsgId: MMSG-16999]
EmployerAddEmployeeRoster.c(30): web_submit_data("census_employees") started  	[MsgId: MMSG-26355]
EmployerAddEmployeeRoster.c(30): Notify: Parameter Substitution: parameter "HTTP" =  "http"	[MsgId: MMSG-13992]
EmployerAddEmployeeRoster.c(30): Notify: Parameter Substitution: parameter "host_10_83_84_161" =  "enroll_uat.dchbx.org"	[MsgId: MMSG-13992]
EmployerAddEmployeeRoster.c(30): Notify: Parameter Substitution: parameter "EMPLOYER_ID" =  "55dfe1d569702d55bd4b2400"	[MsgId: MMSG-13992]
EmployerAddEmployeeRoster.c(30): Notify: Parameter Substitution: parameter "HTTP" =  "http"	[MsgId: MMSG-13992]
EmployerAddEmployeeRoster.c(30): Notify: Parameter Substitution: parameter "host_10_83_84_161" =  "enroll_uat.dchbx.org"	[MsgId: MMSG-13992]
EmployerAddEmployeeRoster.c(30): Notify: Parameter Substitution: parameter "EMPLOYER_ID" =  "55dfe1d569702d55bd4b2400"	[MsgId: MMSG-13992]
EmployerAddEmployeeRoster.c(30): Notify: Parameter Substitution: parameter "Auth_Token_010" =  "JDokdfMeLk0vr5D4FpThanOwHffFTeX+9qprmVJhk2UTv3JZe9A0nxxdSQogGdLGoMp5xtMTg5CrZECbtiDUKw=="	[MsgId: MMSG-13992]
EmployerAddEmployeeRoster.c(30): Notify: Parameter Substitution: parameter "EmpFName" =  "TestE"	[MsgId: MMSG-13992]
EmployerAddEmployeeRoster.c(30): Notify: Next row for parameter EmpMI = 46 [table  = EmpMI].	[MsgId: MMSG-13876]
EmployerAddEmployeeRoster.c(30): Notify: Parameter Substitution: parameter "EmpMI" =  "L"	[MsgId: MMSG-13992]
EmployerAddEmployeeRoster.c(30): Notify: Parameter Substitution: parameter "randomLN" =  "xzccn"	[MsgId: MMSG-13992]
EmployerAddEmployeeRoster.c(30): Notify: Next row for parameter EmpDOB = 46 [table  = EmpDOB].	[MsgId: MMSG-13876]
EmployerAddEmployeeRoster.c(30): Notify: Parameter Substitution: parameter "EmpDOB" =  "1/1/1978"	[MsgId: MMSG-13992]
EmployerAddEmployeeRoster.c(30): Notify: Next row for parameter EmpDOBPicker = 46 [table  = EmpDOBPicker].	[MsgId: MMSG-13876]
EmployerAddEmployeeRoster.c(30): Notify: Parameter Substitution: parameter "EmpDOBPicker" =  "1/1/1978"	[MsgId: MMSG-13992]
EmployerAddEmployeeRoster.c(30): Notify: Parameter Substitution: parameter "EmployeeSSN" =  "174-93-2311"	[MsgId: MMSG-13992]
EmployerAddEmployeeRoster.c(30): Notify: Next row for parameter EmpHireDate = 46 [table  = EmpHireDate].	[MsgId: MMSG-13876]
EmployerAddEmployeeRoster.c(30): Notify: Parameter Substitution: parameter "EmpHireDate" =  "1/1/2015"	[MsgId: MMSG-13992]
EmployerAddEmployeeRoster.c(30): Notify: Next row for parameter EmpHireDatePicker = 46 [table  = EmpHireDatePicker].	[MsgId: MMSG-13876]
EmployerAddEmployeeRoster.c(30): Notify: Parameter Substitution: parameter "EmpHireDatePicker" =  "1/1/2015"	[MsgId: MMSG-13992]
EmployerAddEmployeeRoster.c(30): Notify: Parameter Substitution: parameter "BENEFIT_GROUP_ID_3" =  "55dfe1d869702d55aa1a2200"	[MsgId: MMSG-13992]
EmployerAddEmployeeRoster.c(30): Notify: Next row for parameter pEmlyePrefix = 51 [table  = pEmlyePrefix].	[MsgId: MMSG-13876]
EmployerAddEmployeeRoster.c(30): Notify: Parameter Substitution: parameter "pEmlyePrefix" =  "FM52"	[MsgId: MMSG-13992]
EmployerAddEmployeeRoster.c(30): Notify: Parameter Substitution: parameter "EmployeeSSN" =  "174-93-2311"	[MsgId: MMSG-13992]
EmployerAddEmployeeRoster.c(30): Redirecting "http://enroll_uat.dchbx.org/employers/employer_profiles/55dfe1d569702d55bd4b2400/census_employees" (redirection depth is 0)  	[MsgId: MMSG-26694]
EmployerAddEmployeeRoster.c(30): To location "http://enroll_uat.dchbx.org/employers/employer_profiles/55dfe1d569702d55bd4b2400"  	[MsgId: MMSG-26693]
EmployerAddEmployeeRoster.c(30): Resource "http://enroll_uat.dchbx.org/assets/application-f46679a55900235b472472ac8659a877.css" is in the cache already and will not be downloaded again  	[MsgId: MMSG-26655]
EmployerAddEmployeeRoster.c(30): Resource "http://enroll_uat.dchbx.org/assets/application-022817e729d78c2891542a42e4d3b541.js" is in the cache already and will not be downloaded again  	[MsgId: MMSG-26655]
EmployerAddEmployeeRoster.c(30): Resource "https://fonts.googleapis.com/css?family=Open+Sans:300italic,400italic,600italic,700italic,800italic,400,300,600,700,800" is in the cache already and will not be downloaded again  	[MsgId: MMSG-26655]
EmployerAddEmployeeRoster.c(30): Resource "http://enroll_uat.dchbx.org/assets/logo-43b272dcff33b1b3a8efb15e6f6c0e7c.png" is in the cache already and will not be downloaded again  	[MsgId: MMSG-26655]
EmployerAddEmployeeRoster.c(30): Resource "http://enroll_uat.dchbx.org/assets/icons/icon-business-owner-af38059fae9e279fe6258718668d610c.png" is in the cache already and will not be downloaded again  	[MsgId: MMSG-26655]
EmployerAddEmployeeRoster.c(30): Resource "http://enroll_uat.dchbx.org/assets/icons/phone-bcc17403386ca4171aae411f308ef6a1.png" is in the cache already and will not be downloaded again  	[MsgId: MMSG-26655]
EmployerAddEmployeeRoster.c(30): Resource "http://enroll_uat.dchbx.org/assets/icons/mail-21b45f89893abcf4033b96e8a261354e.png" is in the cache already and will not be downloaded again  	[MsgId: MMSG-26655]
EmployerAddEmployeeRoster.c(30): Resource "http://enroll_uat.dchbx.org/assets/icons/message-6a0a303d9fc72d557125912bdf9efed8.png" is in the cache already and will not be downloaded again  	[MsgId: MMSG-26655]
EmployerAddEmployeeRoster.c(30): Registered web_reg_find successful for "Text=provided SSN belongs"  	[MsgId: MMSG-26362]
EmployerAddEmployeeRoster.c(30): Notify: Saving Parameter "savedcount = 0".	[MsgId: MMSG-13798]
EmployerAddEmployeeRoster.c(30): Registered web_reg_find successful for "Text=Census Employee is successfully" (count=1)  	[MsgId: MMSG-26364]
EmployerAddEmployeeRoster.c(30): Notify: Saving Parameter "passcount = 1".	[MsgId: MMSG-13798]
EmployerAddEmployeeRoster.c(30): web_submit_data("census_employees") was successful, 28146 body bytes, 1043 header bytes  	[MsgId: MMSG-26386]
EmployerAddEmployeeRoster.c(113): Notify: Parameter Substitution: parameter "passcount" =  "1"	[MsgId: MMSG-13992]
EmployeeInfoOutput.c(18): Notify: Parameter Substitution: parameter "EmpFName" =  "TestE"	[MsgId: MMSG-13992]
EmployeeInfoOutput.c(18): Notify: Next row for parameter EmpMI = 46 [table  = EmpMI].	[MsgId: MMSG-13876]
EmployeeInfoOutput.c(18): Notify: Parameter Substitution: parameter "EmpMI" =  "L"	[MsgId: MMSG-13992]
EmployeeInfoOutput.c(18): Notify: Parameter Substitution: parameter "randomLN" =  "xzccn"	[MsgId: MMSG-13992]
EmployeeInfoOutput.c(18): Notify: Next row for parameter EmpDOBPicker = 46 [table  = EmpDOBPicker].	[MsgId: MMSG-13876]
EmployeeInfoOutput.c(18): Notify: Parameter Substitution: parameter "EmpDOBPicker" =  "1/1/1978"	[MsgId: MMSG-13992]
EmployeeInfoOutput.c(18): Notify: Next row for parameter EmpDOB = 46 [table  = EmpDOB].	[MsgId: MMSG-13876]
EmployeeInfoOutput.c(18): Notify: Parameter Substitution: parameter "EmpDOB" =  "1/1/1978"	[MsgId: MMSG-13992]
EmployeeInfoOutput.c(18): Notify: Parameter Substitution: parameter "EmployeeSSN" =  "174-93-2311"	[MsgId: MMSG-13992]
EmployeeInfoOutput.c(18): Notify: Next row for parameter EmpSEX = 46 [table  = EmpSEX].	[MsgId: MMSG-13876]
EmployeeInfoOutput.c(18): Notify: Parameter Substitution: parameter "EmpSEX" =  "FEMALE"	[MsgId: MMSG-13992]
EmployeeInfoOutput.c(18): Notify: Next row for parameter EmpHireDate = 46 [table  = EmpHireDate].	[MsgId: MMSG-13876]
EmployeeInfoOutput.c(18): Notify: Parameter Substitution: parameter "EmpHireDate" =  "1/1/2015"	[MsgId: MMSG-13992]
EmployeeInfoOutput.c(18): Notify: Next row for parameter EmpHireDatePicker = 46 [table  = EmpHireDatePicker].	[MsgId: MMSG-13876]
EmployeeInfoOutput.c(18): Notify: Parameter Substitution: parameter "EmpHireDatePicker" =  "1/1/2015"	[MsgId: MMSG-13992]
EmployeeInfoOutput.c(18): Notify: Next row for parameter EmpAddressL1 = 46 [table  = EmpAddressL1].	[MsgId: MMSG-13876]
EmployeeInfoOutput.c(18): Notify: Parameter Substitution: parameter "EmpAddressL1" =  "609 H St NE "	[MsgId: MMSG-13992]
EmployeeInfoOutput.c(18): Notify: Next row for parameter EmpCity = 46 [table  = EmpCity].	[MsgId: MMSG-13876]
EmployeeInfoOutput.c(18): Notify: Parameter Substitution: parameter "EmpCity" =  "Washington"	[MsgId: MMSG-13992]
EmployeeInfoOutput.c(18): Notify: Next row for parameter EmpZip = 46 [table  = EmpZip].	[MsgId: MMSG-13876]
EmployeeInfoOutput.c(18): Notify: Parameter Substitution: parameter "EmpZip" =  "20002"	[MsgId: MMSG-13992]
EmployeeInfoOutput.c(18): Notify: Next row for parameter pEmlyePrefix = 51 [table  = pEmlyePrefix].	[MsgId: MMSG-13876]
EmployeeInfoOutput.c(18): Notify: Parameter Substitution: parameter "pEmlyePrefix" =  "FM52"	[MsgId: MMSG-13992]
EmployeeInfoOutput.c(18): Notify: Parameter Substitution: parameter "EmployeeSSN" =  "174-93-2311"	[MsgId: MMSG-13992]
EmployeeInfoOutput.c(18): Notify: Next row for parameter EmpDOBDay = 46 [table  = EmpDOBDay].	[MsgId: MMSG-13876]
EmployeeInfoOutput.c(18): Notify: Parameter Substitution: parameter "EmpDOBDay" =  "1"	[MsgId: MMSG-13992]
EmployeeInfoOutput.c(18): Notify: Next row for parameter EmpDOBMonth = 46 [table  = EmpDOBMonth].	[MsgId: MMSG-13876]
EmployeeInfoOutput.c(18): Notify: Parameter Substitution: parameter "EmpDOBMonth" =  "1"	[MsgId: MMSG-13992]
EmployeeInfoOutput.c(18): Notify: Next row for parameter EmpDOBYear = 46 [table  = EmpDOBYear].	[MsgId: MMSG-13876]
EmployeeInfoOutput.c(18): Notify: Parameter Substitution: parameter "EmpDOBYear" =  "1978"	[MsgId: MMSG-13992]
EmployeeInfoOutput.c(18): Notify: Parameter Substitution: parameter "pEmpPrefix" =  "BIZ-FM52"	[MsgId: MMSG-13992]
EmployeeInfoOutput.c(18): Notify: Parameter Substitution: parameter "FEIN" =  "240860650"	[MsgId: MMSG-13992]
EmployerAddEmployeeRoster.c(115): Notify: Parameter Substitution: parameter "pAddEmployeeTrName" =  "01_OneToTenEmployee"	[MsgId: MMSG-13992]
EmployerAddEmployeeRoster.c(115): Notify: Transaction "EMPLYR_0010_01_OneToTenEmployee" ended with a "Pass" status (Duration: 0.2947 Wasted Time: 0.0001).	[MsgId: MMSG-16871]
ScriptFlow.c(73): Notify: Parameter Substitution: parameter "pEMPLOYEECOUNT" =  "9"	[MsgId: MMSG-13992]
ScriptFlow.c(83): Notify: Saving Parameter "LNameLength = 4".	[MsgId: MMSG-13798]
ScriptFlow.c(86): Notify: Parameter Substitution: parameter "LNameLength" =  "4"	[MsgId: MMSG-13992]
randomname.h(15): Notify: Saving Parameter "randomLN = qhuv".	[MsgId: MMSG-13798]
randomname.h(28): Notify: Saving Parameter "pSSN1dep1_1 = 398".	[MsgId: MMSG-13798]
randomname.h(29): Notify: Saving Parameter "pSSN2dep1_1 = 69".	[MsgId: MMSG-13798]
randomname.h(30): Notify: Saving Parameter "pSSN3dep1_1 = 9603".	[MsgId: MMSG-13798]
randomname.h(32): Notify: Parameter Substitution: parameter "pSSN1dep1_1" =  "398"	[MsgId: MMSG-13992]
randomname.h(32): Notify: Parameter Substitution: parameter "pSSN2dep1_1" =  "69"	[MsgId: MMSG-13992]
randomname.h(32): Notify: Parameter Substitution: parameter "pSSN3dep1_1" =  "9603"	[MsgId: MMSG-13992]
randomname.h(33): Notify: Saving Parameter "EmployeeDep1SSN = 398-69-9603".	[MsgId: MMSG-13798]
randomname.h(35): Notify: Saving Parameter "EmployeeSSN = 398-69-9603".	[MsgId: MMSG-13798]
randomname.h(28): Notify: Saving Parameter "pSSN1dep1_1 = 787".	[MsgId: MMSG-13798]
randomname.h(29): Notify: Saving Parameter "pSSN2dep1_1 = 89".	[MsgId: MMSG-13798]
randomname.h(30): Notify: Saving Parameter "pSSN3dep1_1 = 6640".	[MsgId: MMSG-13798]
randomname.h(32): Notify: Parameter Substitution: parameter "pSSN1dep1_1" =  "787"	[MsgId: MMSG-13992]
randomname.h(32): Notify: Parameter Substitution: parameter "pSSN2dep1_1" =  "89"	[MsgId: MMSG-13992]
randomname.h(32): Notify: Parameter Substitution: parameter "pSSN3dep1_1" =  "6640"	[MsgId: MMSG-13992]
randomname.h(33): Notify: Saving Parameter "EmployeeDep1SSN = 787-89-6640".	[MsgId: MMSG-13798]
randomname.h(35): Notify: Saving Parameter "EmployeeDep1SSN = 787-89-6640".	[MsgId: MMSG-13798]
randomname.h(28): Notify: Saving Parameter "pSSN1dep1_1 = 969".	[MsgId: MMSG-13798]
randomname.h(29): Notify: Saving Parameter "pSSN2dep1_1 = 70".	[MsgId: MMSG-13798]
randomname.h(30): Notify: Saving Parameter "pSSN3dep1_1 = 7042".	[MsgId: MMSG-13798]
randomname.h(32): Notify: Parameter Substitution: parameter "pSSN1dep1_1" =  "969"	[MsgId: MMSG-13992]
randomname.h(32): Notify: Parameter Substitution: parameter "pSSN2dep1_1" =  "70"	[MsgId: MMSG-13992]
randomname.h(32): Notify: Parameter Substitution: parameter "pSSN3dep1_1" =  "7042"	[MsgId: MMSG-13992]
randomname.h(33): Notify: Saving Parameter "EmployeeDep1SSN = 969-70-7042".	[MsgId: MMSG-13798]
randomname.h(35): Notify: Saving Parameter "EmployeeDep2SSN = 969-70-7042".	[MsgId: MMSG-13798]
ScriptFlow.c(90): Notify: Parameter Substitution: parameter "EmployeeSSN" =  "398-69-9603"	[MsgId: MMSG-13992]
398-69-9603	[MsgId: MMSG-17999]
ScriptFlow.c(91): Notify: Parameter Substitution: parameter "EmployeeDep1SSN" =  "969-70-7042"	[MsgId: MMSG-13992]
969-70-7042	[MsgId: MMSG-17999]
ScriptFlow.c(92): Notify: Parameter Substitution: parameter "EmployeeDep2SSN" =  "969-70-7042"	[MsgId: MMSG-13992]
969-70-7042	[MsgId: MMSG-17999]
EmployerAddEmployeeRoster.c(5): web_reg_save_param started  	[MsgId: MMSG-26355]
EmployerAddEmployeeRoster.c(5): Registering web_reg_save_param was successful  	[MsgId: MMSG-26390]
EmployerAddEmployeeRoster.c(7): Notify: Transaction "EMPLYR_0009_Click_Employee_Tab" started.	[MsgId: MMSG-16999]
EmployerAddEmployeeRoster.c(9): web_url("Employees Employees") started  	[MsgId: MMSG-26355]
EmployerAddEmployeeRoster.c(9): Notify: Parameter Substitution: parameter "HTTP" =  "http"	[MsgId: MMSG-13992]
EmployerAddEmployeeRoster.c(9): Notify: Parameter Substitution: parameter "host_10_83_84_161" =  "enroll_uat.dchbx.org"	[MsgId: MMSG-13992]
EmployerAddEmployeeRoster.c(9): Notify: Parameter Substitution: parameter "EMPLOYER_ID" =  "55dfe1d569702d55bd4b2400"	[MsgId: MMSG-13992]
EmployerAddEmployeeRoster.c(9): Notify: Parameter Substitution: parameter "HTTP" =  "http"	[MsgId: MMSG-13992]
EmployerAddEmployeeRoster.c(9): Notify: Parameter Substitution: parameter "host_10_83_84_161" =  "enroll_uat.dchbx.org"	[MsgId: MMSG-13992]
EmployerAddEmployeeRoster.c(9): Notify: Parameter Substitution: parameter "EMPLOYER_ID" =  "55dfe1d569702d55bd4b2400"	[MsgId: MMSG-13992]
EmployerAddEmployeeRoster.c(9): Notify: Saving Parameter "Auth_Token_010 = K3qWKNscRw3R/3KtsZ22dUuvosrr5gZZfN/mS6L4dkkc/8AEU9Jd3+INq1+HEIXZmNXG+/24YDchEc1JRrkxBw==".	[MsgId: MMSG-13798]
EmployerAddEmployeeRoster.c(9): web_url("Employees Employees") was successful, 38643 body bytes, 444 header bytes  	[MsgId: MMSG-26386]
EmployerAddEmployeeRoster.c(19): Notify: Transaction "EMPLYR_0009_Click_Employee_Tab" ended with a "Pass" status (Duration: 0.1247 Wasted Time: 0.0002).	[MsgId: MMSG-16871]
EmployerAddEmployeeRoster.c(25): web_reg_find started  	[MsgId: MMSG-26355]
EmployerAddEmployeeRoster.c(25): Registering web_reg_find was successful  	[MsgId: MMSG-26390]
EmployerAddEmployeeRoster.c(26): web_reg_find started  	[MsgId: MMSG-26355]
EmployerAddEmployeeRoster.c(26): Registering web_reg_find was successful  	[MsgId: MMSG-26390]
EmployerAddEmployeeRoster.c(28): Notify: Parameter Substitution: parameter "pAddEmployeeTrName" =  "01_OneToTenEmployee"	[MsgId: MMSG-13992]
EmployerAddEmployeeRoster.c(28): Notify: Transaction "EMPLYR_0010_01_OneToTenEmployee" started.	[MsgId: MMSG-16999]
EmployerAddEmployeeRoster.c(30): web_submit_data("census_employees") started  	[MsgId: MMSG-26355]
EmployerAddEmployeeRoster.c(30): Notify: Parameter Substitution: parameter "HTTP" =  "http"	[MsgId: MMSG-13992]
EmployerAddEmployeeRoster.c(30): Notify: Parameter Substitution: parameter "host_10_83_84_161" =  "enroll_uat.dchbx.org"	[MsgId: MMSG-13992]
EmployerAddEmployeeRoster.c(30): Notify: Parameter Substitution: parameter "EMPLOYER_ID" =  "55dfe1d569702d55bd4b2400"	[MsgId: MMSG-13992]
EmployerAddEmployeeRoster.c(30): Notify: Parameter Substitution: parameter "HTTP" =  "http"	[MsgId: MMSG-13992]
EmployerAddEmployeeRoster.c(30): Notify: Parameter Substitution: parameter "host_10_83_84_161" =  "enroll_uat.dchbx.org"	[MsgId: MMSG-13992]
EmployerAddEmployeeRoster.c(30): Notify: Parameter Substitution: parameter "EMPLOYER_ID" =  "55dfe1d569702d55bd4b2400"	[MsgId: MMSG-13992]
EmployerAddEmployeeRoster.c(30): Notify: Parameter Substitution: parameter "Auth_Token_010" =  "K3qWKNscRw3R/3KtsZ22dUuvosrr5gZZfN/mS6L4dkkc/8AEU9Jd3+INq1+HEIXZmNXG+/24YDchEc1JRrkxBw=="	[MsgId: MMSG-13992]
EmployerAddEmployeeRoster.c(30): Notify: Parameter Substitution: parameter "EmpFName" =  "TestE"	[MsgId: MMSG-13992]
EmployerAddEmployeeRoster.c(30): Notify: Next row for parameter EmpMI = 46 [table  = EmpMI].	[MsgId: MMSG-13876]
EmployerAddEmployeeRoster.c(30): Notify: Parameter Substitution: parameter "EmpMI" =  "L"	[MsgId: MMSG-13992]
EmployerAddEmployeeRoster.c(30): Notify: Parameter Substitution: parameter "randomLN" =  "qhuv"	[MsgId: MMSG-13992]
EmployerAddEmployeeRoster.c(30): Notify: Next row for parameter EmpDOB = 46 [table  = EmpDOB].	[MsgId: MMSG-13876]
EmployerAddEmployeeRoster.c(30): Notify: Parameter Substitution: parameter "EmpDOB" =  "1/1/1978"	[MsgId: MMSG-13992]
EmployerAddEmployeeRoster.c(30): Notify: Next row for parameter EmpDOBPicker = 46 [table  = EmpDOBPicker].	[MsgId: MMSG-13876]
EmployerAddEmployeeRoster.c(30): Notify: Parameter Substitution: parameter "EmpDOBPicker" =  "1/1/1978"	[MsgId: MMSG-13992]
EmployerAddEmployeeRoster.c(30): Notify: Parameter Substitution: parameter "EmployeeSSN" =  "398-69-9603"	[MsgId: MMSG-13992]
EmployerAddEmployeeRoster.c(30): Notify: Next row for parameter EmpHireDate = 46 [table  = EmpHireDate].	[MsgId: MMSG-13876]
EmployerAddEmployeeRoster.c(30): Notify: Parameter Substitution: parameter "EmpHireDate" =  "1/1/2015"	[MsgId: MMSG-13992]
EmployerAddEmployeeRoster.c(30): Notify: Next row for parameter EmpHireDatePicker = 46 [table  = EmpHireDatePicker].	[MsgId: MMSG-13876]
EmployerAddEmployeeRoster.c(30): Notify: Parameter Substitution: parameter "EmpHireDatePicker" =  "1/1/2015"	[MsgId: MMSG-13992]
EmployerAddEmployeeRoster.c(30): Notify: Parameter Substitution: parameter "BENEFIT_GROUP_ID_3" =  "55dfe1d869702d55aa1a2200"	[MsgId: MMSG-13992]
EmployerAddEmployeeRoster.c(30): Notify: Next row for parameter pEmlyePrefix = 51 [table  = pEmlyePrefix].	[MsgId: MMSG-13876]
EmployerAddEmployeeRoster.c(30): Notify: Parameter Substitution: parameter "pEmlyePrefix" =  "FM52"	[MsgId: MMSG-13992]
EmployerAddEmployeeRoster.c(30): Notify: Parameter Substitution: parameter "EmployeeSSN" =  "398-69-9603"	[MsgId: MMSG-13992]
EmployerAddEmployeeRoster.c(30): Redirecting "http://enroll_uat.dchbx.org/employers/employer_profiles/55dfe1d569702d55bd4b2400/census_employees" (redirection depth is 0)  	[MsgId: MMSG-26694]
EmployerAddEmployeeRoster.c(30): To location "http://enroll_uat.dchbx.org/employers/employer_profiles/55dfe1d569702d55bd4b2400"  	[MsgId: MMSG-26693]
EmployerAddEmployeeRoster.c(30): Resource "http://enroll_uat.dchbx.org/assets/application-f46679a55900235b472472ac8659a877.css" is in the cache already and will not be downloaded again  	[MsgId: MMSG-26655]
EmployerAddEmployeeRoster.c(30): Resource "http://enroll_uat.dchbx.org/assets/application-022817e729d78c2891542a42e4d3b541.js" is in the cache already and will not be downloaded again  	[MsgId: MMSG-26655]
EmployerAddEmployeeRoster.c(30): Resource "https://fonts.googleapis.com/css?family=Open+Sans:300italic,400italic,600italic,700italic,800italic,400,300,600,700,800" is in the cache already and will not be downloaded again  	[MsgId: MMSG-26655]
EmployerAddEmployeeRoster.c(30): Resource "http://enroll_uat.dchbx.org/assets/logo-43b272dcff33b1b3a8efb15e6f6c0e7c.png" is in the cache already and will not be downloaded again  	[MsgId: MMSG-26655]
EmployerAddEmployeeRoster.c(30): Resource "http://enroll_uat.dchbx.org/assets/icons/icon-business-owner-af38059fae9e279fe6258718668d610c.png" is in the cache already and will not be downloaded again  	[MsgId: MMSG-26655]
EmployerAddEmployeeRoster.c(30): Resource "http://enroll_uat.dchbx.org/assets/icons/phone-bcc17403386ca4171aae411f308ef6a1.png" is in the cache already and will not be downloaded again  	[MsgId: MMSG-26655]
EmployerAddEmployeeRoster.c(30): Resource "http://enroll_uat.dchbx.org/assets/icons/mail-21b45f89893abcf4033b96e8a261354e.png" is in the cache already and will not be downloaded again  	[MsgId: MMSG-26655]
EmployerAddEmployeeRoster.c(30): Resource "http://enroll_uat.dchbx.org/assets/icons/message-6a0a303d9fc72d557125912bdf9efed8.png" is in the cache already and will not be downloaded again  	[MsgId: MMSG-26655]
EmployerAddEmployeeRoster.c(30): Registered web_reg_find successful for "Text=provided SSN belongs"  	[MsgId: MMSG-26362]
EmployerAddEmployeeRoster.c(30): Notify: Saving Parameter "savedcount = 0".	[MsgId: MMSG-13798]
EmployerAddEmployeeRoster.c(30): Registered web_reg_find successful for "Text=Census Employee is successfully" (count=1)  	[MsgId: MMSG-26364]
EmployerAddEmployeeRoster.c(30): Notify: Saving Parameter "passcount = 1".	[MsgId: MMSG-13798]
EmployerAddEmployeeRoster.c(30): web_submit_data("census_employees") was successful, 28145 body bytes, 1043 header bytes  	[MsgId: MMSG-26386]
EmployerAddEmployeeRoster.c(113): Notify: Parameter Substitution: parameter "passcount" =  "1"	[MsgId: MMSG-13992]
EmployeeInfoOutput.c(18): Notify: Parameter Substitution: parameter "EmpFName" =  "TestE"	[MsgId: MMSG-13992]
EmployeeInfoOutput.c(18): Notify: Next row for parameter EmpMI = 46 [table  = EmpMI].	[MsgId: MMSG-13876]
EmployeeInfoOutput.c(18): Notify: Parameter Substitution: parameter "EmpMI" =  "L"	[MsgId: MMSG-13992]
EmployeeInfoOutput.c(18): Notify: Parameter Substitution: parameter "randomLN" =  "qhuv"	[MsgId: MMSG-13992]
EmployeeInfoOutput.c(18): Notify: Next row for parameter EmpDOBPicker = 46 [table  = EmpDOBPicker].	[MsgId: MMSG-13876]
EmployeeInfoOutput.c(18): Notify: Parameter Substitution: parameter "EmpDOBPicker" =  "1/1/1978"	[MsgId: MMSG-13992]
EmployeeInfoOutput.c(18): Notify: Next row for parameter EmpDOB = 46 [table  = EmpDOB].	[MsgId: MMSG-13876]
EmployeeInfoOutput.c(18): Notify: Parameter Substitution: parameter "EmpDOB" =  "1/1/1978"	[MsgId: MMSG-13992]
EmployeeInfoOutput.c(18): Notify: Parameter Substitution: parameter "EmployeeSSN" =  "398-69-9603"	[MsgId: MMSG-13992]
EmployeeInfoOutput.c(18): Notify: Next row for parameter EmpSEX = 46 [table  = EmpSEX].	[MsgId: MMSG-13876]
EmployeeInfoOutput.c(18): Notify: Parameter Substitution: parameter "EmpSEX" =  "FEMALE"	[MsgId: MMSG-13992]
EmployeeInfoOutput.c(18): Notify: Next row for parameter EmpHireDate = 46 [table  = EmpHireDate].	[MsgId: MMSG-13876]
EmployeeInfoOutput.c(18): Notify: Parameter Substitution: parameter "EmpHireDate" =  "1/1/2015"	[MsgId: MMSG-13992]
EmployeeInfoOutput.c(18): Notify: Next row for parameter EmpHireDatePicker = 46 [table  = EmpHireDatePicker].	[MsgId: MMSG-13876]
EmployeeInfoOutput.c(18): Notify: Parameter Substitution: parameter "EmpHireDatePicker" =  "1/1/2015"	[MsgId: MMSG-13992]
EmployeeInfoOutput.c(18): Notify: Next row for parameter EmpAddressL1 = 46 [table  = EmpAddressL1].	[MsgId: MMSG-13876]
EmployeeInfoOutput.c(18): Notify: Parameter Substitution: parameter "EmpAddressL1" =  "609 H St NE "	[MsgId: MMSG-13992]
EmployeeInfoOutput.c(18): Notify: Next row for parameter EmpCity = 46 [table  = EmpCity].	[MsgId: MMSG-13876]
EmployeeInfoOutput.c(18): Notify: Parameter Substitution: parameter "EmpCity" =  "Washington"	[MsgId: MMSG-13992]
EmployeeInfoOutput.c(18): Notify: Next row for parameter EmpZip = 46 [table  = EmpZip].	[MsgId: MMSG-13876]
EmployeeInfoOutput.c(18): Notify: Parameter Substitution: parameter "EmpZip" =  "20002"	[MsgId: MMSG-13992]
EmployeeInfoOutput.c(18): Notify: Next row for parameter pEmlyePrefix = 51 [table  = pEmlyePrefix].	[MsgId: MMSG-13876]
EmployeeInfoOutput.c(18): Notify: Parameter Substitution: parameter "pEmlyePrefix" =  "FM52"	[MsgId: MMSG-13992]
EmployeeInfoOutput.c(18): Notify: Parameter Substitution: parameter "EmployeeSSN" =  "398-69-9603"	[MsgId: MMSG-13992]
EmployeeInfoOutput.c(18): Notify: Next row for parameter EmpDOBDay = 46 [table  = EmpDOBDay].	[MsgId: MMSG-13876]
EmployeeInfoOutput.c(18): Notify: Parameter Substitution: parameter "EmpDOBDay" =  "1"	[MsgId: MMSG-13992]
EmployeeInfoOutput.c(18): Notify: Next row for parameter EmpDOBMonth = 46 [table  = EmpDOBMonth].	[MsgId: MMSG-13876]
EmployeeInfoOutput.c(18): Notify: Parameter Substitution: parameter "EmpDOBMonth" =  "1"	[MsgId: MMSG-13992]
EmployeeInfoOutput.c(18): Notify: Next row for parameter EmpDOBYear = 46 [table  = EmpDOBYear].	[MsgId: MMSG-13876]
EmployeeInfoOutput.c(18): Notify: Parameter Substitution: parameter "EmpDOBYear" =  "1978"	[MsgId: MMSG-13992]
EmployeeInfoOutput.c(18): Notify: Parameter Substitution: parameter "pEmpPrefix" =  "BIZ-FM52"	[MsgId: MMSG-13992]
EmployeeInfoOutput.c(18): Notify: Parameter Substitution: parameter "FEIN" =  "240860650"	[MsgId: MMSG-13992]
EmployerAddEmployeeRoster.c(115): Notify: Parameter Substitution: parameter "pAddEmployeeTrName" =  "01_OneToTenEmployee"	[MsgId: MMSG-13992]
EmployerAddEmployeeRoster.c(115): Notify: Transaction "EMPLYR_0010_01_OneToTenEmployee" ended with a "Pass" status (Duration: 0.2380 Wasted Time: 0.0001).	[MsgId: MMSG-16871]
ScriptFlow.c(73): Notify: Parameter Substitution: parameter "pEMPLOYEECOUNT" =  "9"	[MsgId: MMSG-13992]
Logout.c(3): Notify: Transaction "EMPLYR_1000_Logout" started.	[MsgId: MMSG-16999]
Logout.c(5): web_submit_data("sign_out") started  	[MsgId: MMSG-26355]
Logout.c(5): Notify: Parameter Substitution: parameter "HTTP" =  "http"	[MsgId: MMSG-13992]
Logout.c(5): Notify: Parameter Substitution: parameter "host_10_83_84_161" =  "enroll_uat.dchbx.org"	[MsgId: MMSG-13992]
Logout.c(5): Notify: Parameter Substitution: parameter "HTTP" =  "http"	[MsgId: MMSG-13992]
Logout.c(5): Notify: Parameter Substitution: parameter "host_10_83_84_161" =  "enroll_uat.dchbx.org"	[MsgId: MMSG-13992]
Logout.c(5): Notify: Parameter Substitution: parameter "EMPLOYER_ID" =  "55dfe1d569702d55bd4b2400"	[MsgId: MMSG-13992]
Logout.c(5): Notify: Parameter Substitution: parameter "AUTH_TOKEN_4" =  "GYpLpY4VM86LHUjMEis7BVi0dePRGZyX6TmGJbodT3QuDx2JBtspHLjvkT4kpgipi84R0sdH+vm0960nXlwIOg=="	[MsgId: MMSG-13992]
Logout.c(5): web_submit_data("sign_out") was successful, 0 body bytes, 440 header bytes  	[MsgId: MMSG-26386]
Logout.c(18): Notify: Transaction "EMPLYR_1000_Logout" ended with a "Pass" status (Duration: 0.0397).	[MsgId: MMSG-16873]
Ending action ScriptFlow.	[MsgId: MMSG-15918]
Action was aborted.	[MsgId: MMSG-10694]
Ending Vuser...	[MsgId: MMSG-15966]
Starting action vuser_end.	[MsgId: MMSG-15919]
Ending action vuser_end.	[MsgId: MMSG-15918]
Vuser Terminated.	[MsgId: MMSG-15963]
Vuser 0 (thread 7260), ended OK."	[MsgId: MMSG-10695]
