Start auto log messages stack - Iteration 6.	[MsgId: MMSG-10545]
EmployerClickBenefitsTab.c(7): web_url("Benefits Benefits") started  	[MsgId: MMSG-26355]
EmployerClickBenefitsTab.c(7): Notify: Parameter Substitution: parameter "HTTP" =  "http"	[MsgId: MMSG-13992]
EmployerClickBenefitsTab.c(7): Notify: Parameter Substitution: parameter "host_10_83_84_161" =  "enroll_uat.dchbx.org"	[MsgId: MMSG-13992]
EmployerClickBenefitsTab.c(7): Notify: Parameter Substitution: parameter "EMPLOYER_ID" =  "55df4df069702d054be30600"	[MsgId: MMSG-13992]
EmployerClickBenefitsTab.c(7): Notify: Parameter Substitution: parameter "HTTP" =  "http"	[MsgId: MMSG-13992]
EmployerClickBenefitsTab.c(7): Notify: Parameter Substitution: parameter "host_10_83_84_161" =  "enroll_uat.dchbx.org"	[MsgId: MMSG-13992]
EmployerClickBenefitsTab.c(7): Notify: Parameter Substitution: parameter "EMPLOYER_ID" =  "55df4df069702d054be30600"	[MsgId: MMSG-13992]
EmployerClickBenefitsTab.c(7): Notify: Saving Parameter "AUTH_TOKEN_4 = UzXJjT/klpgKol5l0QMBZTlfQ7bjgf8mztWhrPp7EaNEqkIc5ZwerrSSaHS8RU74u83ZIsvy2sL7PXk8SX0jrQ==".	[MsgId: MMSG-13798]
EmployerClickBenefitsTab.c(7): Notify: Saving Parameter "AUTH_TOKEN_4 = UzXJjT/klpgKol5l0QMBZTlfQ7bjgf8mztWhrPp7EaNEqkIc5ZwerrSSaHS8RU74u83ZIsvy2sL7PXk8SX0jrQ==".	[MsgId: MMSG-13798]
EmployerClickBenefitsTab.c(7): Error -26377: No match found for the requested parameter "BENEFIT_GROUP_ID_3". Check whether the requested boundaries exist in the response data. Also, if the data you want to save exceeds 256 bytes, use web_set_max_html_param_len to increase the parameter size, Snapshot Info [MSH 6 12]  	[MsgId: MERR-26377]
End auto log messages stack.	[MsgId: MMSG-10544]


Start auto log messages stack - Iteration 6.	[MsgId: MMSG-10545]
EmployerClickBenefitsTab.c(7): Notify: Saving Parameter "BENEFIT_GROUP_ID_3 = ".	[MsgId: MMSG-13798]
EmployerClickBenefitsTab.c(7): Error -26377: No match found for the requested parameter "Plan_ID4URL". Check whether the requested boundaries exist in the response data. Also, if the data you want to save exceeds 256 bytes, use web_set_max_html_param_len to increase the parameter size, Snapshot Info [MSH 6 12]  	[MsgId: MERR-26377]
End auto log messages stack.	[MsgId: MMSG-10544]


Start auto log messages stack - Iteration 7.	[MsgId: MMSG-10545]
EmployerClickBenefitsTab.c(7): web_url("Benefits Benefits") started  	[MsgId: MMSG-26355]
EmployerClickBenefitsTab.c(7): Notify: Parameter Substitution: parameter "HTTP" =  "http"	[MsgId: MMSG-13992]
EmployerClickBenefitsTab.c(7): Notify: Parameter Substitution: parameter "host_10_83_84_161" =  "enroll_uat.dchbx.org"	[MsgId: MMSG-13992]
EmployerClickBenefitsTab.c(7): Notify: Parameter Substitution: parameter "EMPLOYER_ID" =  "55df4e8869702d5958800600"	[MsgId: MMSG-13992]
EmployerClickBenefitsTab.c(7): Notify: Parameter Substitution: parameter "HTTP" =  "http"	[MsgId: MMSG-13992]
EmployerClickBenefitsTab.c(7): Notify: Parameter Substitution: parameter "host_10_83_84_161" =  "enroll_uat.dchbx.org"	[MsgId: MMSG-13992]
EmployerClickBenefitsTab.c(7): Notify: Parameter Substitution: parameter "EMPLOYER_ID" =  "55df4e8869702d5958800600"	[MsgId: MMSG-13992]
EmployerClickBenefitsTab.c(7): Notify: Saving Parameter "AUTH_TOKEN_4 = mWEAnSwHWCZ0Cm1XeS3hFKxyfb/dbG/He9azRYHpyh6YAH7wgbSraLzzPldPbJaY51Ojbvsy44VfK4CTcanjcw==".	[MsgId: MMSG-13798]
EmployerClickBenefitsTab.c(7): Notify: Saving Parameter "AUTH_TOKEN_4 = mWEAnSwHWCZ0Cm1XeS3hFKxyfb/dbG/He9azRYHpyh6YAH7wgbSraLzzPldPbJaY51Ojbvsy44VfK4CTcanjcw==".	[MsgId: MMSG-13798]
EmployerClickBenefitsTab.c(7): Error -26377: No match found for the requested parameter "BENEFIT_GROUP_ID_3". Check whether the requested boundaries exist in the response data. Also, if the data you want to save exceeds 256 bytes, use web_set_max_html_param_len to increase the parameter size, Snapshot Info [MSH 7 12]  	[MsgId: MERR-26377]
End auto log messages stack.	[MsgId: MMSG-10544]


Start auto log messages stack - Iteration 7.	[MsgId: MMSG-10545]
EmployerClickBenefitsTab.c(7): Notify: Saving Parameter "BENEFIT_GROUP_ID_3 = ".	[MsgId: MMSG-13798]
EmployerClickBenefitsTab.c(7): Error -26377: No match found for the requested parameter "Plan_ID4URL". Check whether the requested boundaries exist in the response data. Also, if the data you want to save exceeds 256 bytes, use web_set_max_html_param_len to increase the parameter size, Snapshot Info [MSH 7 12]  	[MsgId: MERR-26377]
End auto log messages stack.	[MsgId: MMSG-10544]


