Virtual User Script started at : 9/30/2015 2:30:10 PM	[MsgId: MMSG-15967]
Starting action vuser_init.	[MsgId: MMSG-15919]
Web Turbo Replay of LoadRunner 12.0.0 for Windows 7; build 2739 (Nov 30 2014 23:13:05)  	[MsgId: MMSG-27143]
Run mode: HTML  	[MsgId: MMSG-26993]
Run-Time Settings file: "C:\Users\francis.montenegro\AppData\Local\Temp\1\lr5tmpdird5R.360\lrcfggII.361\cfgsOb.368"  	[MsgId: MMSG-27141]
vuser_init.c(17): Notify: Parameter Substitution: parameter "MillisSeed" =  "143010.313"	[MsgId: MMSG-13992]
vuser_init.c(19): Notify: Parameter Substitution: parameter "VUserID" =  "8"	[MsgId: MMSG-13992]
vuser_init.c(24): Notify: Saving Parameter "EmpFileName = C:\Enroll_App\Data_Folder\EmpFName_0.dat".	[MsgId: MMSG-13798]
CreateFiles.c(5): Notify: Parameter Substitution: parameter "EmpFileName" =  "C:\Enroll_App\Data_Folder\EmpFName_0.dat"	[MsgId: MMSG-13992]
Ending action vuser_init.	[MsgId: MMSG-15918]
Running Vuser...	[MsgId: MMSG-15964]
Starting iteration 1.	[MsgId: MMSG-15968]
Maximum number of concurrent connections per server: 6  	[MsgId: MMSG-26989]
Starting action ScriptFlow.	[MsgId: MMSG-15919]
ScriptFlow.c(21): Think time - Waiting 2.00 seconds (according to limit).	[MsgId: MMSG-15946]
ScriptFlow.c(21): lr_think_time: 2.00 seconds (recorded think time was 10.00 seconds).	[MsgId: MMSG-15947]
EnrollAppLandingPage.c(19): Notify: Transaction "INTEG_EMPLYR_0000_4_Landing_Page" started.	[MsgId: MMSG-16999]
EnrollAppLandingPage.c(21): web_url("Enroll App Landing Page") started  	[MsgId: MMSG-26355]
EnrollAppLandingPage.c(21): Notify: Parameter Substitution: parameter "HTTP" =  "http"	[MsgId: MMSG-13992]
EnrollAppLandingPage.c(21): Notify: Parameter Substitution: parameter "EnrollAppLandingPage" =  "enroll-preprod.dchbx.org"	[MsgId: MMSG-13992]
EnrollAppLandingPage.c(21): Found resource "http://enroll-preprod.dchbx.org/assets/application-1e9451d4800c018fa4e80ddaf4a48504.css" in HTML "http://enroll-preprod.dchbx.org/"  	[MsgId: MMSG-26659]
EnrollAppLandingPage.c(21): Found resource "http://enroll-preprod.dchbx.org/assets/application-b094f49d22c6932f2b712377d49517c9.js" in HTML "http://enroll-preprod.dchbx.org/"  	[MsgId: MMSG-26659]
EnrollAppLandingPage.c(21): Found resource "https://fonts.googleapis.com/css?family=Open+Sans:300italic,400italic,600italic,700italic,800italic,400,300,600,700,800" in HTML "http://enroll-preprod.dchbx.org/"  	[MsgId: MMSG-26659]
EnrollAppLandingPage.c(21): Found resource "http://enroll-preprod.dchbx.org/assets/logo-37b2d59fd0101e8781456ec388f3400a.png" in HTML "http://enroll-preprod.dchbx.org/"  	[MsgId: MMSG-26659]
EnrollAppLandingPage.c(21): Found resource "http://enroll-preprod.dchbx.org/assets/icons/phone-b3ad531e1c8368729f17ce45eb54bbf1.png" in HTML "http://enroll-preprod.dchbx.org/"  	[MsgId: MMSG-26659]
EnrollAppLandingPage.c(21): Found resource "http://enroll-preprod.dchbx.org/assets/icons/mail-30cd69f38c85fd121d2468b88f4dec71.png" in HTML "http://enroll-preprod.dchbx.org/"  	[MsgId: MMSG-26659]
EnrollAppLandingPage.c(21): Found resource "http://enroll-preprod.dchbx.org/assets/icons/message-e6d0f4f5f538fe315e1cb2eb96c57bec.png" in HTML "http://enroll-preprod.dchbx.org/"  	[MsgId: MMSG-26659]
EnrollAppLandingPage.c(21): web_url("Enroll App Landing Page") was successful, 889057 body bytes, 3211 header bytes, 16 chunking overhead bytes  	[MsgId: MMSG-26385]
EnrollAppLandingPage.c(31): Notify: Transaction "INTEG_EMPLYR_0000_4_Landing_Page" ended with a "Pass" status (Duration: 1.4913 Wasted Time: 1.0598).	[MsgId: MMSG-16871]
EnrollAppLandingPage.c(33): Think time - Waiting 2.00 seconds (according to limit).	[MsgId: MMSG-15946]
EnrollAppLandingPage.c(33): lr_think_time: 2.00 seconds (recorded think time was 11.00 seconds).	[MsgId: MMSG-15947]
ScriptFlow.c(25): Think time - Waiting 2.00 seconds (according to limit).	[MsgId: MMSG-15946]
ScriptFlow.c(25): lr_think_time: 2.00 seconds (recorded think time was 10.00 seconds).	[MsgId: MMSG-15947]
EmployerTab.c(4): Notify: Transaction "INTEG_EMPLYR_0001_Click_on_Employer_Portal_Tab" started.	[MsgId: MMSG-16999]
EmployerTab.c(6): web_url("Employer Portal") started  	[MsgId: MMSG-26355]
EmployerTab.c(6): Notify: Parameter Substitution: parameter "HTTP" =  "http"	[MsgId: MMSG-13992]
EmployerTab.c(6): Notify: Parameter Substitution: parameter "EnrollAppLandingPage" =  "enroll-preprod.dchbx.org"	[MsgId: MMSG-13992]
EmployerTab.c(6): Notify: Parameter Substitution: parameter "HTTP" =  "http"	[MsgId: MMSG-13992]
EmployerTab.c(6): Notify: Parameter Substitution: parameter "EnrollAppLandingPage" =  "enroll-preprod.dchbx.org"	[MsgId: MMSG-13992]
EmployerTab.c(6): Redirecting "http://enroll-preprod.dchbx.org/employers/employer_profiles/new" (redirection depth is 0)  	[MsgId: MMSG-26694]
EmployerTab.c(6): To location "http://enroll-preprod.dchbx.org/users/sign_up"  	[MsgId: MMSG-26693]
EmployerTab.c(6): Resource "http://enroll-preprod.dchbx.org/assets/application-1e9451d4800c018fa4e80ddaf4a48504.css" is in the cache already and will not be downloaded again  	[MsgId: MMSG-26655]
EmployerTab.c(6): Resource "http://enroll-preprod.dchbx.org/assets/application-b094f49d22c6932f2b712377d49517c9.js" is in the cache already and will not be downloaded again  	[MsgId: MMSG-26655]
EmployerTab.c(6): Resource "https://fonts.googleapis.com/css?family=Open+Sans:300italic,400italic,600italic,700italic,800italic,400,300,600,700,800" is in the cache already and will not be downloaded again  	[MsgId: MMSG-26655]
EmployerTab.c(6): Resource "http://enroll-preprod.dchbx.org/assets/logo-37b2d59fd0101e8781456ec388f3400a.png" is in the cache already and will not be downloaded again  	[MsgId: MMSG-26655]
EmployerTab.c(6): Resource "http://enroll-preprod.dchbx.org/assets/icons/phone-b3ad531e1c8368729f17ce45eb54bbf1.png" is in the cache already and will not be downloaded again  	[MsgId: MMSG-26655]
EmployerTab.c(6): Resource "http://enroll-preprod.dchbx.org/assets/icons/mail-30cd69f38c85fd121d2468b88f4dec71.png" is in the cache already and will not be downloaded again  	[MsgId: MMSG-26655]
EmployerTab.c(6): Resource "http://enroll-preprod.dchbx.org/assets/icons/message-e6d0f4f5f538fe315e1cb2eb96c57bec.png" is in the cache already and will not be downloaded again  	[MsgId: MMSG-26655]
EmployerTab.c(6): web_url("Employer Portal") was successful, 19319 body bytes, 878 header bytes  	[MsgId: MMSG-26386]
EmployerTab.c(16): Notify: Transaction "INTEG_EMPLYR_0001_Click_on_Employer_Portal_Tab" ended with a "Pass" status (Duration: 0.0634).	[MsgId: MMSG-16873]
ScriptFlow.c(29): Think time - Waiting 2.00 seconds (according to limit).	[MsgId: MMSG-15946]
ScriptFlow.c(29): lr_think_time: 2.00 seconds (recorded think time was 10.00 seconds).	[MsgId: MMSG-15947]
EmployerCreateAccount.c(4): web_set_sockets_option started  	[MsgId: MMSG-26355]
EmployerCreateAccount.c(4): web_set_sockets_option was successful  	[MsgId: MMSG-26392]
EmployerCreateAccount.c(6): web_reg_save_param started  	[MsgId: MMSG-26355]
EmployerCreateAccount.c(6): Registering web_reg_save_param was successful  	[MsgId: MMSG-26390]
EmployerCreateAccount.c(8): Notify: Transaction "INTEG_EMPLYR_0002_Click_on_Create_Account" started.	[MsgId: MMSG-16999]
EmployerCreateAccount.c(10): web_url("Create account") started  	[MsgId: MMSG-26355]
EmployerCreateAccount.c(10): Notify: Parameter Substitution: parameter "HTTP" =  "http"	[MsgId: MMSG-13992]
EmployerCreateAccount.c(10): Notify: Parameter Substitution: parameter "EnrollAppLandingPage" =  "enroll-preprod.dchbx.org"	[MsgId: MMSG-13992]
EmployerCreateAccount.c(10): Notify: Parameter Substitution: parameter "HTTP" =  "http"	[MsgId: MMSG-13992]
EmployerCreateAccount.c(10): Notify: Parameter Substitution: parameter "EnrollAppLandingPage" =  "enroll-preprod.dchbx.org"	[MsgId: MMSG-13992]
EmployerCreateAccount.c(10): Notify: Saving Parameter "AUTH_TOKEN_1 = DW9qrJ98/Psn45dzBLsQBd+GfvVRYsV+kHcfXPddpzVuc1mNzKbfYpuhUvtWQJP2U27s9QHtzJJx2Ws0l8xgEA==".	[MsgId: MMSG-13798]
EmployerCreateAccount.c(10): Resource "http://enroll-preprod.dchbx.org/assets/application-1e9451d4800c018fa4e80ddaf4a48504.css" is in the cache already and will not be downloaded again  	[MsgId: MMSG-26655]
EmployerCreateAccount.c(10): Resource "http://enroll-preprod.dchbx.org/assets/application-b094f49d22c6932f2b712377d49517c9.js" is in the cache already and will not be downloaded again  	[MsgId: MMSG-26655]
EmployerCreateAccount.c(10): Resource "https://fonts.googleapis.com/css?family=Open+Sans:300italic,400italic,600italic,700italic,800italic,400,300,600,700,800" is in the cache already and will not be downloaded again  	[MsgId: MMSG-26655]
EmployerCreateAccount.c(10): Resource "http://enroll-preprod.dchbx.org/assets/logo-37b2d59fd0101e8781456ec388f3400a.png" is in the cache already and will not be downloaded again  	[MsgId: MMSG-26655]
EmployerCreateAccount.c(10): Resource "http://enroll-preprod.dchbx.org/assets/icons/phone-b3ad531e1c8368729f17ce45eb54bbf1.png" is in the cache already and will not be downloaded again  	[MsgId: MMSG-26655]
EmployerCreateAccount.c(10): Resource "http://enroll-preprod.dchbx.org/assets/icons/mail-30cd69f38c85fd121d2468b88f4dec71.png" is in the cache already and will not be downloaded again  	[MsgId: MMSG-26655]
EmployerCreateAccount.c(10): Resource "http://enroll-preprod.dchbx.org/assets/icons/message-e6d0f4f5f538fe315e1cb2eb96c57bec.png" is in the cache already and will not be downloaded again  	[MsgId: MMSG-26655]
EmployerCreateAccount.c(10): web_url("Create account") was successful, 19221 body bytes, 444 header bytes  	[MsgId: MMSG-26386]
EmployerCreateAccount.c(20): Notify: Transaction "INTEG_EMPLYR_0002_Click_on_Create_Account" ended with a "Pass" status (Duration: 0.0418 Wasted Time: 0.0002).	[MsgId: MMSG-16871]
EmployerCreateAccount.c(22): Think time - Waiting 2.00 seconds (according to limit).	[MsgId: MMSG-15946]
EmployerCreateAccount.c(22): lr_think_time: 2.00 seconds (recorded think time was 11.00 seconds).	[MsgId: MMSG-15947]
EmployerCreateAccount.c(24): web_reg_save_param started  	[MsgId: MMSG-26355]
EmployerCreateAccount.c(24): Registering web_reg_save_param was successful  	[MsgId: MMSG-26390]
EmployerCreateAccount.c(25): web_reg_find started  	[MsgId: MMSG-26355]
EmployerCreateAccount.c(25): Registering web_reg_find was successful  	[MsgId: MMSG-26390]
EmployerCreateAccount.c(27): Notify: Transaction "INTEG_EMPLYR_0003_Create_Account_Submit" started.	[MsgId: MMSG-16999]
EmployerCreateAccount.c(29): web_submit_data("users") started  	[MsgId: MMSG-26355]
EmployerCreateAccount.c(29): Notify: Parameter Substitution: parameter "HTTP" =  "http"	[MsgId: MMSG-13992]
EmployerCreateAccount.c(29): Notify: Parameter Substitution: parameter "EnrollAppLandingPage" =  "enroll-preprod.dchbx.org"	[MsgId: MMSG-13992]
EmployerCreateAccount.c(29): Notify: Parameter Substitution: parameter "HTTP" =  "http"	[MsgId: MMSG-13992]
EmployerCreateAccount.c(29): Notify: Parameter Substitution: parameter "EnrollAppLandingPage" =  "enroll-preprod.dchbx.org"	[MsgId: MMSG-13992]
EmployerCreateAccount.c(29): Notify: Parameter Substitution: parameter "AUTH_TOKEN_1" =  "DW9qrJ98/Psn45dzBLsQBd+GfvVRYsV+kHcfXPddpzVuc1mNzKbfYpuhUvtWQJP2U27s9QHtzJJx2Ws0l8xgEA=="	[MsgId: MMSG-13992]
EmployerCreateAccount.c(29): Notify: Parameter Substitution: parameter "HTTP" =  "http"	[MsgId: MMSG-13992]
EmployerCreateAccount.c(29): Notify: Parameter Substitution: parameter "EnrollAppLandingPage" =  "enroll-preprod.dchbx.org"	[MsgId: MMSG-13992]
EmployerCreateAccount.c(29): Notify: Parameter Substitution: parameter "pEmpPrefix" =  "BIZ-FM47"	[MsgId: MMSG-13992]
EmployerCreateAccount.c(29): Notify: Parameter Substitution: parameter "FEIN" =  "472223359"	[MsgId: MMSG-13992]
EmployerCreateAccount.c(29): Redirecting "http://enroll-preprod.dchbx.org/users" (redirection depth is 0)  	[MsgId: MMSG-26694]
EmployerCreateAccount.c(29): To location "http://enroll-preprod.dchbx.org/employers"  	[MsgId: MMSG-26693]
EmployerCreateAccount.c(29): Notify: Saving Parameter "AUTH_TOKEN_2 = 0+JStrAwkmJ9uBv2RY026erAHGoUuaV+bH/fWH5AiOuw/mGX4+qx+8H63n4XdrUaZiiOakQ2rJKN0aswHtFPzg==".	[MsgId: MMSG-13798]
EmployerCreateAccount.c(29): Resource "http://enroll-preprod.dchbx.org/assets/application-1e9451d4800c018fa4e80ddaf4a48504.css" is in the cache already and will not be downloaded again  	[MsgId: MMSG-26655]
EmployerCreateAccount.c(29): Resource "http://enroll-preprod.dchbx.org/assets/application-b094f49d22c6932f2b712377d49517c9.js" is in the cache already and will not be downloaded again  	[MsgId: MMSG-26655]
EmployerCreateAccount.c(29): Resource "https://fonts.googleapis.com/css?family=Open+Sans:300italic,400italic,600italic,700italic,800italic,400,300,600,700,800" is in the cache already and will not be downloaded again  	[MsgId: MMSG-26655]
EmployerCreateAccount.c(29): Resource "http://enroll-preprod.dchbx.org/assets/logo-37b2d59fd0101e8781456ec388f3400a.png" is in the cache already and will not be downloaded again  	[MsgId: MMSG-26655]
EmployerCreateAccount.c(29): Found resource "http://enroll-preprod.dchbx.org/assets/delete-90b3a8bb1e07dc6d45e3bffd92929015.png" in HTML "http://enroll-preprod.dchbx.org/employers"  	[MsgId: MMSG-26659]
EmployerCreateAccount.c(29): Resource "http://enroll-preprod.dchbx.org/assets/icons/phone-b3ad531e1c8368729f17ce45eb54bbf1.png" is in the cache already and will not be downloaded again  	[MsgId: MMSG-26655]
EmployerCreateAccount.c(29): Resource "http://enroll-preprod.dchbx.org/assets/icons/mail-30cd69f38c85fd121d2468b88f4dec71.png" is in the cache already and will not be downloaded again  	[MsgId: MMSG-26655]
EmployerCreateAccount.c(29): Resource "http://enroll-preprod.dchbx.org/assets/icons/message-e6d0f4f5f538fe315e1cb2eb96c57bec.png" is in the cache already and will not be downloaded again  	[MsgId: MMSG-26655]
EmployerCreateAccount.c(29): Registered web_reg_find successful for "Text=Your account has been created" (count=1)  	[MsgId: MMSG-26364]
EmployerCreateAccount.c(29): Notify: Saving Parameter "CreateAccountCount = 1".	[MsgId: MMSG-13798]
EmployerCreateAccount.c(29): web_submit_data("users") was successful, 30849 body bytes, 1410 header bytes  	[MsgId: MMSG-26386]
EmployerCreateAccount.c(49): Notify: Parameter Substitution: parameter "CreateAccountCount" =  "1"	[MsgId: MMSG-13992]
EmployerCreateAccount.c(57): Notify: Transaction "INTEG_EMPLYR_0003_Create_Account_Submit" ended with a "Pass" status (Duration: 0.3186 Wasted Time: 0.0002).	[MsgId: MMSG-16871]
ScriptFlow.c(33): Think time - Waiting 2.00 seconds (according to limit).	[MsgId: MMSG-15946]
ScriptFlow.c(33): lr_think_time: 2.00 seconds (recorded think time was 10.00 seconds).	[MsgId: MMSG-15947]
ScriptFlow.c(35): Notify: Saving Parameter "LegalName = 7".	[MsgId: MMSG-13798]
ScriptFlow.c(37): Notify: Parameter Substitution: parameter "LegalName" =  "7"	[MsgId: MMSG-13992]
randomname.h(15): Notify: Saving Parameter "LegalName = rmjctwl".	[MsgId: MMSG-13798]
EmployerCreateProfile.c(4): web_reg_save_param started  	[MsgId: MMSG-26355]
EmployerCreateProfile.c(4): Registering web_reg_save_param was successful  	[MsgId: MMSG-26390]
EmployerCreateProfile.c(6): Notify: Transaction "INTEG_EMPLYR_0005_CreateBusinesss_Profile" started.	[MsgId: MMSG-16999]
EmployerCreateProfile.c(8): web_submit_data("employer_profiles") started  	[MsgId: MMSG-26355]
EmployerCreateProfile.c(8): Notify: Parameter Substitution: parameter "HTTP" =  "http"	[MsgId: MMSG-13992]
EmployerCreateProfile.c(8): Notify: Parameter Substitution: parameter "EnrollAppLandingPage" =  "enroll-preprod.dchbx.org"	[MsgId: MMSG-13992]
EmployerCreateProfile.c(8): Notify: Parameter Substitution: parameter "HTTP" =  "http"	[MsgId: MMSG-13992]
EmployerCreateProfile.c(8): Notify: Parameter Substitution: parameter "EnrollAppLandingPage" =  "enroll-preprod.dchbx.org"	[MsgId: MMSG-13992]
EmployerCreateProfile.c(8): Notify: Parameter Substitution: parameter "AUTH_TOKEN_2" =  "0+JStrAwkmJ9uBv2RY026erAHGoUuaV+bH/fWH5AiOuw/mGX4+qx+8H63n4XdrUaZiiOakQ2rJKN0aswHtFPzg=="	[MsgId: MMSG-13992]
EmployerCreateProfile.c(8): Notify: Parameter Substitution: parameter "FEIN" =  "472223359"	[MsgId: MMSG-13992]
EmployerCreateProfile.c(8): Notify: Parameter Substitution: parameter "FEIN" =  "472223359"	[MsgId: MMSG-13992]
EmployerCreateProfile.c(8): Notify: Parameter Substitution: parameter "LegalName" =  "rmjctwl"	[MsgId: MMSG-13992]
EmployerCreateProfile.c(8): Notify: Parameter Substitution: parameter "FEIN" =  "472223359"	[MsgId: MMSG-13992]
EmployerCreateProfile.c(8): Notify: Parameter Substitution: parameter "FEIN" =  "472223359"	[MsgId: MMSG-13992]
EmployerCreateProfile.c(8): Notify: Parameter Substitution: parameter "FEIN" =  "472223359"	[MsgId: MMSG-13992]
EmployerCreateProfile.c(8): Notify: Saving Parameter "EMPLOYER_ID = 560c2a4e69702d7a87e83500".	[MsgId: MMSG-13798]
EmployerCreateProfile.c(8): Redirecting "http://enroll-preprod.dchbx.org/employers/employer_profiles" (redirection depth is 0)  	[MsgId: MMSG-26694]
EmployerCreateProfile.c(8): To location "http://enroll-preprod.dchbx.org/employers/employer_profiles/560c2a4e69702d7a87e83500"  	[MsgId: MMSG-26693]
EmployerCreateProfile.c(8): Resource "http://enroll-preprod.dchbx.org/assets/application-1e9451d4800c018fa4e80ddaf4a48504.css" is in the cache already and will not be downloaded again  	[MsgId: MMSG-26655]
EmployerCreateProfile.c(8): Resource "http://enroll-preprod.dchbx.org/assets/application-b094f49d22c6932f2b712377d49517c9.js" is in the cache already and will not be downloaded again  	[MsgId: MMSG-26655]
EmployerCreateProfile.c(8): Resource "https://fonts.googleapis.com/css?family=Open+Sans:300italic,400italic,600italic,700italic,800italic,400,300,600,700,800" is in the cache already and will not be downloaded again  	[MsgId: MMSG-26655]
EmployerCreateProfile.c(8): Resource "http://enroll-preprod.dchbx.org/assets/logo-37b2d59fd0101e8781456ec388f3400a.png" is in the cache already and will not be downloaded again  	[MsgId: MMSG-26655]
EmployerCreateProfile.c(8): Found resource "http://enroll-preprod.dchbx.org/assets/icons/icon-business-owner-c8920868ad7a0186be46b4928575297b.png" in HTML "http://enroll-preprod.dchbx.org/employers/employer_profiles/560c2a4e69702d7a87e83500"  	[MsgId: MMSG-26659]
EmployerCreateProfile.c(8): Resource "http://enroll-preprod.dchbx.org/assets/icons/phone-b3ad531e1c8368729f17ce45eb54bbf1.png" is in the cache already and will not be downloaded again  	[MsgId: MMSG-26655]
EmployerCreateProfile.c(8): Resource "http://enroll-preprod.dchbx.org/assets/icons/mail-30cd69f38c85fd121d2468b88f4dec71.png" is in the cache already and will not be downloaded again  	[MsgId: MMSG-26655]
EmployerCreateProfile.c(8): Resource "http://enroll-preprod.dchbx.org/assets/icons/message-e6d0f4f5f538fe315e1cb2eb96c57bec.png" is in the cache already and will not be downloaded again  	[MsgId: MMSG-26655]
EmployerCreateProfile.c(8): web_submit_data("employer_profiles") was successful, 26747 body bytes, 1382 header bytes  	[MsgId: MMSG-26386]
EmployerCreateProfile.c(39): Notify: Transaction "INTEG_EMPLYR_0005_CreateBusinesss_Profile" ended with a "Pass" status (Duration: 0.3082 Wasted Time: 0.0002).	[MsgId: MMSG-16871]
ScriptFlow.c(41): Think time - Waiting 2.00 seconds (according to limit).	[MsgId: MMSG-15946]
ScriptFlow.c(41): lr_think_time: 2.00 seconds (recorded think time was 10.00 seconds).	[MsgId: MMSG-15947]
EmployerClickBenefitsTab.c(4): web_reg_save_param started  	[MsgId: MMSG-26355]
EmployerClickBenefitsTab.c(4): Registering web_reg_save_param was successful  	[MsgId: MMSG-26390]
EmployerClickBenefitsTab.c(6): Notify: Transaction "INTEG_EMPLYR_0006_Click_Benefits_Tab" started.	[MsgId: MMSG-16999]
EmployerClickBenefitsTab.c(8): web_url("Benefits Benefits") started  	[MsgId: MMSG-26355]
EmployerClickBenefitsTab.c(8): Notify: Parameter Substitution: parameter "HTTP" =  "http"	[MsgId: MMSG-13992]
EmployerClickBenefitsTab.c(8): Notify: Parameter Substitution: parameter "EnrollAppLandingPage" =  "enroll-preprod.dchbx.org"	[MsgId: MMSG-13992]
EmployerClickBenefitsTab.c(8): Notify: Parameter Substitution: parameter "EMPLOYER_ID" =  "560c2a4e69702d7a87e83500"	[MsgId: MMSG-13992]
EmployerClickBenefitsTab.c(8): Notify: Parameter Substitution: parameter "HTTP" =  "http"	[MsgId: MMSG-13992]
EmployerClickBenefitsTab.c(8): Notify: Parameter Substitution: parameter "EnrollAppLandingPage" =  "enroll-preprod.dchbx.org"	[MsgId: MMSG-13992]
EmployerClickBenefitsTab.c(8): Notify: Parameter Substitution: parameter "EMPLOYER_ID" =  "560c2a4e69702d7a87e83500"	[MsgId: MMSG-13992]
EmployerClickBenefitsTab.c(8): Notify: Saving Parameter "AUTH_TOKEN_4 = yjBwJvJetNxy65DfhREc0MDzqLOdTqoieVw2tBxmvFSpLEMHoYSXRc6pVVfX6p8jTBs6s83Bo86Y8kLcfPd7cQ==".	[MsgId: MMSG-13798]
EmployerClickBenefitsTab.c(8): web_url("Benefits Benefits") was successful, 19849 body bytes, 444 header bytes  	[MsgId: MMSG-26386]
EmployerClickBenefitsTab.c(18): Notify: Transaction "INTEG_EMPLYR_0006_Click_Benefits_Tab" ended with a "Pass" status (Duration: 0.6969 Wasted Time: 0.0001).	[MsgId: MMSG-16871]
ScriptFlow.c(45): Think time - Waiting 2.00 seconds (according to limit).	[MsgId: MMSG-15946]
ScriptFlow.c(45): lr_think_time: 2.00 seconds (recorded think time was 10.00 seconds).	[MsgId: MMSG-15947]
EmployerAddBenefits.c(3): web_reg_save_param started  	[MsgId: MMSG-26355]
EmployerAddBenefits.c(3): Registering web_reg_save_param was successful  	[MsgId: MMSG-26390]
EmployerAddBenefits.c(5): web_reg_save_param_ex started  	[MsgId: MMSG-26355]
EmployerAddBenefits.c(5): Registering web_reg_save_param_ex was successful  	[MsgId: MMSG-26390]
EmployerAddBenefits.c(7): Notify: Transaction "INTEG_EMPLYR_0007_Click_Add_Plan" started.	[MsgId: MMSG-16999]
EmployerAddBenefits.c(9): web_url("new") started  	[MsgId: MMSG-26355]
EmployerAddBenefits.c(9): Notify: Parameter Substitution: parameter "HTTP" =  "http"	[MsgId: MMSG-13992]
EmployerAddBenefits.c(9): Notify: Parameter Substitution: parameter "EnrollAppLandingPage" =  "enroll-preprod.dchbx.org"	[MsgId: MMSG-13992]
EmployerAddBenefits.c(9): Notify: Parameter Substitution: parameter "EMPLOYER_ID" =  "560c2a4e69702d7a87e83500"	[MsgId: MMSG-13992]
EmployerAddBenefits.c(9): Notify: Parameter Substitution: parameter "HTTP" =  "http"	[MsgId: MMSG-13992]
EmployerAddBenefits.c(9): Notify: Parameter Substitution: parameter "EnrollAppLandingPage" =  "enroll-preprod.dchbx.org"	[MsgId: MMSG-13992]
EmployerAddBenefits.c(9): Notify: Parameter Substitution: parameter "EMPLOYER_ID" =  "560c2a4e69702d7a87e83500"	[MsgId: MMSG-13992]
EmployerAddBenefits.c(9): Notify: Saving Parameter "AUTH_TOKEN_3 = qu/VtBFZ5sd/Sn6Fj9rQHPqHi6ukyV/xCMqY5zKO9zPJ8+aVQoPFXsMIuw3dIVPvdm8Zq/RGVh3pZOyPUh8wFg==".	[MsgId: MMSG-13798]
EmployerAddBenefits.c(9): Resource "http://enroll-preprod.dchbx.org/assets/application-1e9451d4800c018fa4e80ddaf4a48504.css" is in the cache already and will not be downloaded again  	[MsgId: MMSG-26655]
EmployerAddBenefits.c(9): Resource "http://enroll-preprod.dchbx.org/assets/application-b094f49d22c6932f2b712377d49517c9.js" is in the cache already and will not be downloaded again  	[MsgId: MMSG-26655]
EmployerAddBenefits.c(9): Resource "https://fonts.googleapis.com/css?family=Open+Sans:300italic,400italic,600italic,700italic,800italic,400,300,600,700,800" is in the cache already and will not be downloaded again  	[MsgId: MMSG-26655]
EmployerAddBenefits.c(9): Resource "http://enroll-preprod.dchbx.org/assets/logo-37b2d59fd0101e8781456ec388f3400a.png" is in the cache already and will not be downloaded again  	[MsgId: MMSG-26655]
EmployerAddBenefits.c(9): Resource "http://enroll-preprod.dchbx.org/assets/icons/icon-business-owner-c8920868ad7a0186be46b4928575297b.png" is in the cache already and will not be downloaded again  	[MsgId: MMSG-26655]
EmployerAddBenefits.c(9): Resource "http://enroll-preprod.dchbx.org/assets/delete-90b3a8bb1e07dc6d45e3bffd92929015.png" is in the cache already and will not be downloaded again  	[MsgId: MMSG-26655]
EmployerAddBenefits.c(9): Notify: Saving Parameter "CorrelationParameter = 53e67210eb899a4603000007".	[MsgId: MMSG-13798]
EmployerAddBenefits.c(9): Resource "http://enroll-preprod.dchbx.org/assets/icons/phone-b3ad531e1c8368729f17ce45eb54bbf1.png" is in the cache already and will not be downloaded again  	[MsgId: MMSG-26655]
EmployerAddBenefits.c(9): Resource "http://enroll-preprod.dchbx.org/assets/icons/mail-30cd69f38c85fd121d2468b88f4dec71.png" is in the cache already and will not be downloaded again  	[MsgId: MMSG-26655]
EmployerAddBenefits.c(9): Resource "http://enroll-preprod.dchbx.org/assets/icons/message-e6d0f4f5f538fe315e1cb2eb96c57bec.png" is in the cache already and will not be downloaded again  	[MsgId: MMSG-26655]
EmployerAddBenefits.c(9): web_url("new") was successful, 65957 body bytes, 444 header bytes  	[MsgId: MMSG-26386]
EmployerAddBenefits.c(19): Notify: Transaction "INTEG_EMPLYR_0007_Click_Add_Plan" ended with a "Pass" status (Duration: 0.1874 Wasted Time: 0.0005).	[MsgId: MMSG-16871]
EmployerAddBenefits.c(21): Think time - Waiting 2.00 seconds (according to limit).	[MsgId: MMSG-15946]
EmployerAddBenefits.c(21): lr_think_time: 2.00 seconds (recorded think time was 9.00 seconds).	[MsgId: MMSG-15947]
EmployerAddBenefits.c(25): web_reg_save_param started  	[MsgId: MMSG-26355]
EmployerAddBenefits.c(25): Registering web_reg_save_param was successful  	[MsgId: MMSG-26390]
EmployerAddBenefits.c(27): Notify: Next row for parameter TxName = 1 [table  = TxName].	[MsgId: MMSG-13876]
EmployerAddBenefits.c(27): Notify: Parameter Substitution: parameter "TxName" =  "UHC_ALL_Plans_HSA_3500"	[MsgId: MMSG-13992]
EmployerAddBenefits.c(27): Notify: Transaction "INTEG_EMPLYR_0008_1_Add_Plan_Year_UHC_ALL_Plans_HSA_3500" started.	[MsgId: MMSG-16999]
EmployerAddBenefits.c(29): web_submit_data("plan_years") started  	[MsgId: MMSG-26355]
EmployerAddBenefits.c(29): Notify: Parameter Substitution: parameter "HTTP" =  "http"	[MsgId: MMSG-13992]
EmployerAddBenefits.c(29): Notify: Parameter Substitution: parameter "EnrollAppLandingPage" =  "enroll-preprod.dchbx.org"	[MsgId: MMSG-13992]
EmployerAddBenefits.c(29): Notify: Parameter Substitution: parameter "EMPLOYER_ID" =  "560c2a4e69702d7a87e83500"	[MsgId: MMSG-13992]
EmployerAddBenefits.c(29): Notify: Parameter Substitution: parameter "HTTP" =  "http"	[MsgId: MMSG-13992]
EmployerAddBenefits.c(29): Notify: Parameter Substitution: parameter "EnrollAppLandingPage" =  "enroll-preprod.dchbx.org"	[MsgId: MMSG-13992]
EmployerAddBenefits.c(29): Notify: Parameter Substitution: parameter "EMPLOYER_ID" =  "560c2a4e69702d7a87e83500"	[MsgId: MMSG-13992]
EmployerAddBenefits.c(29): Notify: Parameter Substitution: parameter "AUTH_TOKEN_3" =  "qu/VtBFZ5sd/Sn6Fj9rQHPqHi6ukyV/xCMqY5zKO9zPJ8+aVQoPFXsMIuw3dIVPvdm8Zq/RGVh3pZOyPUh8wFg=="	[MsgId: MMSG-13992]
EmployerAddBenefits.c(29): Warning: The string 'pEMPLOYEECOUNT' with parameter delimiters is not a parameter.	[MsgId: MWAR-13987]
EmployerAddBenefits.c(29): Notify: Next row for parameter PlanOption = 1 [table  = PlanOption].	[MsgId: MMSG-13876]
EmployerAddBenefits.c(29): Notify: Parameter Substitution: parameter "PlanOption" =  "single_carrier"	[MsgId: MMSG-13992]
EmployerAddBenefits.c(29): Notify: Next row for parameter Carrier_ID = 1 [table  = Carrier_ID].	[MsgId: MMSG-13876]
EmployerAddBenefits.c(29): Notify: Parameter Substitution: parameter "Carrier_ID" =  "53e67210eb899a460300000a"	[MsgId: MMSG-13992]
EmployerAddBenefits.c(29): Notify: Next row for parameter Metal_Level = 1 [table  = Metal_Level].	[MsgId: MMSG-13876]
EmployerAddBenefits.c(29): Notify: Parameter Substitution: parameter "Metal_Level" =  ""	[MsgId: MMSG-13992]
EmployerAddBenefits.c(29): Notify: Parameter Substitution: parameter "ReferencePlan" =  "5453a544791e4bcd330000e5"	[MsgId: MMSG-13992]
EmployerAddBenefits.c(29): Notify: Parameter Substitution: parameter "ReferencePlan" =  "5453a544791e4bcd330000e5"	[MsgId: MMSG-13992]
EmployerAddBenefits.c(29): Redirecting "http://enroll-preprod.dchbx.org/employers/employer_profiles/560c2a4e69702d7a87e83500/plan_years" (redirection depth is 0)  	[MsgId: MMSG-26694]
EmployerAddBenefits.c(29): To location "http://enroll-preprod.dchbx.org/employers/employer_profiles/560c2a4e69702d7a87e83500"  	[MsgId: MMSG-26693]
EmployerAddBenefits.c(29): Notify: Saving Parameter "AUTH_TOKEN_4 = h3V62yNC6ULqm1D84b15Mu+0zwixk2+Az2wzIuFo0/DkaUn6cJjK21bZlXSzRvrBY1xdCOEcZmwuwkdKgfkU1Q==".	[MsgId: MMSG-13798]
EmployerAddBenefits.c(29): Resource "http://enroll-preprod.dchbx.org/assets/application-1e9451d4800c018fa4e80ddaf4a48504.css" is in the cache already and will not be downloaded again  	[MsgId: MMSG-26655]
EmployerAddBenefits.c(29): Resource "http://enroll-preprod.dchbx.org/assets/application-b094f49d22c6932f2b712377d49517c9.js" is in the cache already and will not be downloaded again  	[MsgId: MMSG-26655]
EmployerAddBenefits.c(29): Resource "https://fonts.googleapis.com/css?family=Open+Sans:300italic,400italic,600italic,700italic,800italic,400,300,600,700,800" is in the cache already and will not be downloaded again  	[MsgId: MMSG-26655]
EmployerAddBenefits.c(29): Resource "http://enroll-preprod.dchbx.org/assets/logo-37b2d59fd0101e8781456ec388f3400a.png" is in the cache already and will not be downloaded again  	[MsgId: MMSG-26655]
EmployerAddBenefits.c(29): Resource "http://enroll-preprod.dchbx.org/assets/icons/icon-business-owner-c8920868ad7a0186be46b4928575297b.png" is in the cache already and will not be downloaded again  	[MsgId: MMSG-26655]
EmployerAddBenefits.c(29): Resource "http://enroll-preprod.dchbx.org/assets/icons/phone-b3ad531e1c8368729f17ce45eb54bbf1.png" is in the cache already and will not be downloaded again  	[MsgId: MMSG-26655]
EmployerAddBenefits.c(29): Resource "http://enroll-preprod.dchbx.org/assets/icons/mail-30cd69f38c85fd121d2468b88f4dec71.png" is in the cache already and will not be downloaded again  	[MsgId: MMSG-26655]
EmployerAddBenefits.c(29): Resource "http://enroll-preprod.dchbx.org/assets/icons/message-e6d0f4f5f538fe315e1cb2eb96c57bec.png" is in the cache already and will not be downloaded again  	[MsgId: MMSG-26655]
EmployerAddBenefits.c(29): web_submit_data("plan_years") was successful, 25130 body bytes, 1047 header bytes  	[MsgId: MMSG-26386]
EmployerAddBenefits.c(82): Notify: Next row for parameter TxName = 1 [table  = TxName].	[MsgId: MMSG-13876]
EmployerAddBenefits.c(82): Notify: Parameter Substitution: parameter "TxName" =  "UHC_ALL_Plans_HSA_3500"	[MsgId: MMSG-13992]
EmployerAddBenefits.c(82): Notify: Transaction "INTEG_EMPLYR_0008_1_Add_Plan_Year_UHC_ALL_Plans_HSA_3500" ended with a "Pass" status (Duration: 1.6123 Wasted Time: 0.0001).	[MsgId: MMSG-16871]
ScriptFlow.c(49): Think time - Waiting 2.00 seconds (according to limit).	[MsgId: MMSG-15946]
ScriptFlow.c(49): lr_think_time: 2.00 seconds (recorded think time was 10.00 seconds).	[MsgId: MMSG-15947]
Logout.c(3): Notify: Transaction "INTEG_EMPLYR_1000_Logout" started.	[MsgId: MMSG-16999]
Logout.c(5): web_submit_data("sign_out") started  	[MsgId: MMSG-26355]
Logout.c(5): Notify: Parameter Substitution: parameter "HTTP" =  "http"	[MsgId: MMSG-13992]
Logout.c(5): Notify: Parameter Substitution: parameter "EnrollAppLandingPage" =  "enroll-preprod.dchbx.org"	[MsgId: MMSG-13992]
Logout.c(5): Notify: Parameter Substitution: parameter "HTTP" =  "http"	[MsgId: MMSG-13992]
Logout.c(5): Notify: Parameter Substitution: parameter "EnrollAppLandingPage" =  "enroll-preprod.dchbx.org"	[MsgId: MMSG-13992]
Logout.c(5): Notify: Parameter Substitution: parameter "EMPLOYER_ID" =  "560c2a4e69702d7a87e83500"	[MsgId: MMSG-13992]
Logout.c(5): Notify: Parameter Substitution: parameter "AUTH_TOKEN_4" =  "h3V62yNC6ULqm1D84b15Mu+0zwixk2+Az2wzIuFo0/DkaUn6cJjK21bZlXSzRvrBY1xdCOEcZmwuwkdKgfkU1Q=="	[MsgId: MMSG-13992]
Logout.c(5): web_submit_data("sign_out") was successful, 0 body bytes, 440 header bytes  	[MsgId: MMSG-26386]
Logout.c(18): Notify: Transaction "INTEG_EMPLYR_1000_Logout" ended with a "Pass" status (Duration: 0.0410).	[MsgId: MMSG-16873]
ScriptFlow.c(53): Think time - Waiting 2.00 seconds (according to limit).	[MsgId: MMSG-15946]
ScriptFlow.c(53): lr_think_time: 2.00 seconds (recorded think time was 10.00 seconds).	[MsgId: MMSG-15947]
ScriptFlow.c(56): web_reg_save_param started  	[MsgId: MMSG-26355]
ScriptFlow.c(56): Registering web_reg_save_param was successful  	[MsgId: MMSG-26390]
EmployerTab.c(4): Notify: Transaction "INTEG_EMPLYR_0001_Click_on_Employer_Portal_Tab" started.	[MsgId: MMSG-16999]
EmployerTab.c(6): web_url("Employer Portal") started  	[MsgId: MMSG-26355]
EmployerTab.c(6): Notify: Parameter Substitution: parameter "HTTP" =  "http"	[MsgId: MMSG-13992]
EmployerTab.c(6): Notify: Parameter Substitution: parameter "EnrollAppLandingPage" =  "enroll-preprod.dchbx.org"	[MsgId: MMSG-13992]
EmployerTab.c(6): Notify: Parameter Substitution: parameter "HTTP" =  "http"	[MsgId: MMSG-13992]
EmployerTab.c(6): Notify: Parameter Substitution: parameter "EnrollAppLandingPage" =  "enroll-preprod.dchbx.org"	[MsgId: MMSG-13992]
EmployerTab.c(6): Redirecting "http://enroll-preprod.dchbx.org/employers/employer_profiles/new" (redirection depth is 0)  	[MsgId: MMSG-26694]
EmployerTab.c(6): To location "http://enroll-preprod.dchbx.org/users/sign_up"  	[MsgId: MMSG-26693]
EmployerTab.c(6): Notify: Saving Parameter "AUTH_TOKEN_5 = gI+uLEfgL80XXEyvbo4V3Cu7jQHw28nsUW17fwZwN1ctuzBpfuerlWuO9bjyVGnivy3rqafObldphF7cFqSIvw==".	[MsgId: MMSG-13798]
EmployerTab.c(6): Resource "http://enroll-preprod.dchbx.org/assets/application-1e9451d4800c018fa4e80ddaf4a48504.css" is in the cache already and will not be downloaded again  	[MsgId: MMSG-26655]
EmployerTab.c(6): Resource "http://enroll-preprod.dchbx.org/assets/application-b094f49d22c6932f2b712377d49517c9.js" is in the cache already and will not be downloaded again  	[MsgId: MMSG-26655]
EmployerTab.c(6): Resource "https://fonts.googleapis.com/css?family=Open+Sans:300italic,400italic,600italic,700italic,800italic,400,300,600,700,800" is in the cache already and will not be downloaded again  	[MsgId: MMSG-26655]
EmployerTab.c(6): Resource "http://enroll-preprod.dchbx.org/assets/logo-37b2d59fd0101e8781456ec388f3400a.png" is in the cache already and will not be downloaded again  	[MsgId: MMSG-26655]
EmployerTab.c(6): Resource "http://enroll-preprod.dchbx.org/assets/icons/phone-b3ad531e1c8368729f17ce45eb54bbf1.png" is in the cache already and will not be downloaded again  	[MsgId: MMSG-26655]
EmployerTab.c(6): Resource "http://enroll-preprod.dchbx.org/assets/icons/mail-30cd69f38c85fd121d2468b88f4dec71.png" is in the cache already and will not be downloaded again  	[MsgId: MMSG-26655]
EmployerTab.c(6): Resource "http://enroll-preprod.dchbx.org/assets/icons/message-e6d0f4f5f538fe315e1cb2eb96c57bec.png" is in the cache already and will not be downloaded again  	[MsgId: MMSG-26655]
EmployerTab.c(6): web_url("Employer Portal") was successful, 19440 body bytes, 967 header bytes  	[MsgId: MMSG-26386]
EmployerTab.c(16): Notify: Transaction "INTEG_EMPLYR_0001_Click_on_Employer_Portal_Tab" ended with a "Pass" status (Duration: 0.0824 Wasted Time: 0.0002).	[MsgId: MMSG-16871]
ScriptFlow.c(60): Think time - Waiting 2.00 seconds (according to limit).	[MsgId: MMSG-15946]
ScriptFlow.c(60): lr_think_time: 2.00 seconds (recorded think time was 10.00 seconds).	[MsgId: MMSG-15947]
ScriptFlow.c(62): web_reg_save_param started  	[MsgId: MMSG-26355]
ScriptFlow.c(62): Registering web_reg_save_param was successful  	[MsgId: MMSG-26390]
EmployerLogin.c(4): Notify: Transaction "INTEG_EMPLYR_0004_Login" started.	[MsgId: MMSG-16999]
EmployerLogin.c(6): web_submit_data("sign_in") started  	[MsgId: MMSG-26355]
EmployerLogin.c(6): Notify: Parameter Substitution: parameter "HTTP" =  "http"	[MsgId: MMSG-13992]
EmployerLogin.c(6): Notify: Parameter Substitution: parameter "EnrollAppLandingPage" =  "enroll-preprod.dchbx.org"	[MsgId: MMSG-13992]
EmployerLogin.c(6): Notify: Parameter Substitution: parameter "HTTP" =  "http"	[MsgId: MMSG-13992]
EmployerLogin.c(6): Notify: Parameter Substitution: parameter "EnrollAppLandingPage" =  "enroll-preprod.dchbx.org"	[MsgId: MMSG-13992]
EmployerLogin.c(6): Notify: Parameter Substitution: parameter "AUTH_TOKEN_5" =  "gI+uLEfgL80XXEyvbo4V3Cu7jQHw28nsUW17fwZwN1ctuzBpfuerlWuO9bjyVGnivy3rqafObldphF7cFqSIvw=="	[MsgId: MMSG-13992]
EmployerLogin.c(6): Notify: Parameter Substitution: parameter "pEmpPrefix" =  "BIZ-FM47"	[MsgId: MMSG-13992]
EmployerLogin.c(6): Notify: Parameter Substitution: parameter "FEIN" =  "472223359"	[MsgId: MMSG-13992]
EmployerLogin.c(6): Redirecting "http://enroll-preprod.dchbx.org/users/sign_in" (redirection depth is 0)  	[MsgId: MMSG-26694]
EmployerLogin.c(6): To location "http://enroll-preprod.dchbx.org/employers"  	[MsgId: MMSG-26693]
EmployerLogin.c(6): Notify: Saving Parameter "EMPLOYER_ID = 560c2a4e69702d7a87e83500".	[MsgId: MMSG-13798]
EmployerLogin.c(6): Redirecting "http://enroll-preprod.dchbx.org/employers" (redirection depth is 1)  	[MsgId: MMSG-26694]
EmployerLogin.c(6): To location "http://enroll-preprod.dchbx.org/employers/employer_profiles/560c2a4e69702d7a87e83500"  	[MsgId: MMSG-26693]
EmployerLogin.c(6): Resource "http://enroll-preprod.dchbx.org/assets/application-1e9451d4800c018fa4e80ddaf4a48504.css" is in the cache already and will not be downloaded again  	[MsgId: MMSG-26655]
EmployerLogin.c(6): Resource "http://enroll-preprod.dchbx.org/assets/application-b094f49d22c6932f2b712377d49517c9.js" is in the cache already and will not be downloaded again  	[MsgId: MMSG-26655]
EmployerLogin.c(6): Resource "https://fonts.googleapis.com/css?family=Open+Sans:300italic,400italic,600italic,700italic,800italic,400,300,600,700,800" is in the cache already and will not be downloaded again  	[MsgId: MMSG-26655]
EmployerLogin.c(6): Resource "http://enroll-preprod.dchbx.org/assets/logo-37b2d59fd0101e8781456ec388f3400a.png" is in the cache already and will not be downloaded again  	[MsgId: MMSG-26655]
EmployerLogin.c(6): Resource "http://enroll-preprod.dchbx.org/assets/icons/icon-business-owner-c8920868ad7a0186be46b4928575297b.png" is in the cache already and will not be downloaded again  	[MsgId: MMSG-26655]
EmployerLogin.c(6): Resource "http://enroll-preprod.dchbx.org/assets/icons/phone-b3ad531e1c8368729f17ce45eb54bbf1.png" is in the cache already and will not be downloaded again  	[MsgId: MMSG-26655]
EmployerLogin.c(6): Resource "http://enroll-preprod.dchbx.org/assets/icons/mail-30cd69f38c85fd121d2468b88f4dec71.png" is in the cache already and will not be downloaded again  	[MsgId: MMSG-26655]
EmployerLogin.c(6): Resource "http://enroll-preprod.dchbx.org/assets/icons/message-e6d0f4f5f538fe315e1cb2eb96c57bec.png" is in the cache already and will not be downloaded again  	[MsgId: MMSG-26655]
EmployerLogin.c(6): web_submit_data("sign_in") was successful, 25229 body bytes, 1548 header bytes  	[MsgId: MMSG-26386]
EmployerLogin.c(26): Notify: Transaction "INTEG_EMPLYR_0004_Login" ended with a "Pass" status (Duration: 0.2166 Wasted Time: 0.0003).	[MsgId: MMSG-16871]
ScriptFlow.c(66): Think time - Waiting 2.00 seconds (according to limit).	[MsgId: MMSG-15946]
ScriptFlow.c(66): lr_think_time: 2.00 seconds (recorded think time was 10.00 seconds).	[MsgId: MMSG-15947]
ScriptFlow.c(68): web_reg_save_param started  	[MsgId: MMSG-26355]
ScriptFlow.c(68): Registering web_reg_save_param was successful  	[MsgId: MMSG-26390]
ScriptFlow.c(70): web_reg_save_param started  	[MsgId: MMSG-26355]
ScriptFlow.c(70): Registering web_reg_save_param was successful  	[MsgId: MMSG-26390]
ScriptFlow.c(74): web_reg_save_param_ex started  	[MsgId: MMSG-26355]
ScriptFlow.c(74): Registering web_reg_save_param_ex was successful  	[MsgId: MMSG-26390]
EmployerClickBenefitsTab.c(4): web_reg_save_param started  	[MsgId: MMSG-26355]
EmployerClickBenefitsTab.c(4): Registering web_reg_save_param was successful  	[MsgId: MMSG-26390]
EmployerClickBenefitsTab.c(6): Notify: Transaction "INTEG_EMPLYR_0006_Click_Benefits_Tab" started.	[MsgId: MMSG-16999]
EmployerClickBenefitsTab.c(8): web_url("Benefits Benefits") started  	[MsgId: MMSG-26355]
EmployerClickBenefitsTab.c(8): Notify: Parameter Substitution: parameter "HTTP" =  "http"	[MsgId: MMSG-13992]
EmployerClickBenefitsTab.c(8): Notify: Parameter Substitution: parameter "EnrollAppLandingPage" =  "enroll-preprod.dchbx.org"	[MsgId: MMSG-13992]
EmployerClickBenefitsTab.c(8): Notify: Parameter Substitution: parameter "EMPLOYER_ID" =  "560c2a4e69702d7a87e83500"	[MsgId: MMSG-13992]
EmployerClickBenefitsTab.c(8): Notify: Parameter Substitution: parameter "HTTP" =  "http"	[MsgId: MMSG-13992]
EmployerClickBenefitsTab.c(8): Notify: Parameter Substitution: parameter "EnrollAppLandingPage" =  "enroll-preprod.dchbx.org"	[MsgId: MMSG-13992]
EmployerClickBenefitsTab.c(8): Notify: Parameter Substitution: parameter "EMPLOYER_ID" =  "560c2a4e69702d7a87e83500"	[MsgId: MMSG-13992]
EmployerClickBenefitsTab.c(8): Notify: Saving Parameter "AUTH_TOKEN_4 = RKswD0ZNNkF8H260z2QnEWwk5K5nPCrkWHA4pIqC+5mEqEr/K8BEs9c3U65/uGyV2RqmOcE0TZBT5+fuktTb0A==".	[MsgId: MMSG-13798]
EmployerClickBenefitsTab.c(8): Notify: Saving Parameter "AUTH_TOKEN_4 = RKswD0ZNNkF8H260z2QnEWwk5K5nPCrkWHA4pIqC+5mEqEr/K8BEs9c3U65/uGyV2RqmOcE0TZBT5+fuktTb0A==".	[MsgId: MMSG-13798]
EmployerClickBenefitsTab.c(8): Notify: Saving Parameter "Plan_ID4URL = 560c2a5669702d7a554a3300".	[MsgId: MMSG-13798]
EmployerClickBenefitsTab.c(8): Notify: Saving Parameter "BENEFIT_GROUP_ID_3 = 560c2a5669702d7a55443300".	[MsgId: MMSG-13798]
EmployerClickBenefitsTab.c(8): web_url("Benefits Benefits") was successful, 26079 body bytes, 444 header bytes  	[MsgId: MMSG-26386]
EmployerClickBenefitsTab.c(18): Notify: Transaction "INTEG_EMPLYR_0006_Click_Benefits_Tab" ended with a "Pass" status (Duration: 0.0847 Wasted Time: 0.0003).	[MsgId: MMSG-16871]
ScriptFlow.c(78): Think time - Waiting 2.00 seconds (according to limit).	[MsgId: MMSG-15946]
ScriptFlow.c(78): lr_think_time: 2.00 seconds (recorded think time was 10.00 seconds).	[MsgId: MMSG-15947]
ScriptFlow.c(80): Warning: The string 'pEMPLOYEECOUNT' with parameter delimiters is not a parameter.	[MsgId: MWAR-13987]
ScriptFlow.c(106): web_add_header("X-CSRF-Token") started  	[MsgId: MMSG-26355]
ScriptFlow.c(106): Notify: Parameter Substitution: parameter "AUTH_TOKEN_4" =  "RKswD0ZNNkF8H260z2QnEWwk5K5nPCrkWHA4pIqC+5mEqEr/K8BEs9c3U65/uGyV2RqmOcE0TZBT5+fuktTb0A=="	[MsgId: MMSG-13992]
ScriptFlow.c(106): web_add_header("X-CSRF-Token") was successful  	[MsgId: MMSG-26392]
PublishPlan.c(5): Notify: Transaction "INTEG_EMPLYR_00011_PublishPlan" started.	[MsgId: MMSG-16999]
PublishPlan.c(7): web_custom_request("publish") started  	[MsgId: MMSG-26355]
PublishPlan.c(7): Notify: Parameter Substitution: parameter "HTTP" =  "http"	[MsgId: MMSG-13992]
PublishPlan.c(7): Notify: Parameter Substitution: parameter "EnrollAppLandingPage" =  "enroll-preprod.dchbx.org"	[MsgId: MMSG-13992]
PublishPlan.c(7): Notify: Parameter Substitution: parameter "EMPLOYER_ID" =  "560c2a4e69702d7a87e83500"	[MsgId: MMSG-13992]
PublishPlan.c(7): Notify: Parameter Substitution: parameter "Plan_ID4URL" =  "560c2a5669702d7a554a3300"	[MsgId: MMSG-13992]
PublishPlan.c(7): Notify: Parameter Substitution: parameter "HTTP" =  "http"	[MsgId: MMSG-13992]
PublishPlan.c(7): Notify: Parameter Substitution: parameter "EnrollAppLandingPage" =  "enroll-preprod.dchbx.org"	[MsgId: MMSG-13992]
PublishPlan.c(7): Notify: Parameter Substitution: parameter "EMPLOYER_ID" =  "560c2a4e69702d7a87e83500"	[MsgId: MMSG-13992]
PublishPlan.c(7): web_custom_request("publish") was successful, 73 body bytes, 488 header bytes  	[MsgId: MMSG-26386]
PublishPlan.c(19): web_reg_find started  	[MsgId: MMSG-26355]
PublishPlan.c(19): Registering web_reg_find was successful  	[MsgId: MMSG-26390]
PublishPlan.c(21): web_url("55c5577169702d34e21e0100") started  	[MsgId: MMSG-26355]
PublishPlan.c(21): Notify: Parameter Substitution: parameter "HTTP" =  "http"	[MsgId: MMSG-13992]
PublishPlan.c(21): Notify: Parameter Substitution: parameter "EnrollAppLandingPage" =  "enroll-preprod.dchbx.org"	[MsgId: MMSG-13992]
PublishPlan.c(21): Notify: Parameter Substitution: parameter "EMPLOYER_ID" =  "560c2a4e69702d7a87e83500"	[MsgId: MMSG-13992]
PublishPlan.c(21): Notify: Parameter Substitution: parameter "HTTP" =  "http"	[MsgId: MMSG-13992]
PublishPlan.c(21): Notify: Parameter Substitution: parameter "EnrollAppLandingPage" =  "enroll-preprod.dchbx.org"	[MsgId: MMSG-13992]
PublishPlan.c(21): Notify: Parameter Substitution: parameter "EMPLOYER_ID" =  "560c2a4e69702d7a87e83500"	[MsgId: MMSG-13992]
PublishPlan.c(21): Resource "http://enroll-preprod.dchbx.org/assets/application-1e9451d4800c018fa4e80ddaf4a48504.css" is in the cache already and will not be downloaded again  	[MsgId: MMSG-26655]
PublishPlan.c(21): Resource "http://enroll-preprod.dchbx.org/assets/application-b094f49d22c6932f2b712377d49517c9.js" is in the cache already and will not be downloaded again  	[MsgId: MMSG-26655]
PublishPlan.c(21): Resource "https://fonts.googleapis.com/css?family=Open+Sans:300italic,400italic,600italic,700italic,800italic,400,300,600,700,800" is in the cache already and will not be downloaded again  	[MsgId: MMSG-26655]
PublishPlan.c(21): Resource "http://enroll-preprod.dchbx.org/assets/logo-37b2d59fd0101e8781456ec388f3400a.png" is in the cache already and will not be downloaded again  	[MsgId: MMSG-26655]
PublishPlan.c(21): Resource "http://enroll-preprod.dchbx.org/assets/icons/icon-business-owner-c8920868ad7a0186be46b4928575297b.png" is in the cache already and will not be downloaded again  	[MsgId: MMSG-26655]
PublishPlan.c(21): Resource "http://enroll-preprod.dchbx.org/assets/icons/phone-b3ad531e1c8368729f17ce45eb54bbf1.png" is in the cache already and will not be downloaded again  	[MsgId: MMSG-26655]
PublishPlan.c(21): Resource "http://enroll-preprod.dchbx.org/assets/icons/mail-30cd69f38c85fd121d2468b88f4dec71.png" is in the cache already and will not be downloaded again  	[MsgId: MMSG-26655]
PublishPlan.c(21): Resource "http://enroll-preprod.dchbx.org/assets/icons/message-e6d0f4f5f538fe315e1cb2eb96c57bec.png" is in the cache already and will not be downloaded again  	[MsgId: MMSG-26655]
PublishPlan.c(21): Registered web_reg_find successful for "Text=Plan Year successfully published"  	[MsgId: MMSG-26362]
PublishPlan.c(21): Notify: Saving Parameter "PublishCount = 0".	[MsgId: MMSG-13798]
PublishPlan.c(21): web_url("55c5577169702d34e21e0100") was successful, 26523 body bytes, 533 header bytes  	[MsgId: MMSG-26386]
PublishPlan.c(31): Notify: Parameter Substitution: parameter "PublishCount" =  "0"	[MsgId: MMSG-13992]
PublishPlan.c(33): Notify: Transaction "INTEG_EMPLYR_00011_PublishPlan" ended with a "Fail" status (Duration: 0.6182 Wasted Time: 0.0001).	[MsgId: MMSG-16871]
PublishPlan.c(33): Notify: Transaction "INTEG_EMPLYR_00011_PublishPlan" has 0 error message(s).	[MsgId: MMSG-16818]
PublishPlan.c(34): Notify: Parameter Substitution: parameter "pEmpPrefix" =  "BIZ-FM47"	[MsgId: MMSG-13992]
PublishPlan.c(34): Notify: Parameter Substitution: parameter "FEIN" =  "472223359"	[MsgId: MMSG-13992]
PublishPlan.c(34): Error: Failed to Publish Plan for User::: BIZ-FM47472223359@test.com	[MsgId: MERR-17999]
Ending action ScriptFlow.	[MsgId: MMSG-15918]
Ending iteration 1.	[MsgId: MMSG-15965]
Starting iteration 2.	[MsgId: MMSG-15968]
Notify: Next row for parameter pEmpPrefix = 25 [table  = pEmpPrefix].	[MsgId: MMSG-13876]
Notify: Getting new value for parameter 'pEmpPrefix': table = 'pEmpPrefix.dat' column = '0' row = '25'.	[MsgId: MMSG-13877]
Notify: Next row for parameter EmpFName = 34 [table  = EmpFName].	[MsgId: MMSG-13876]
Notify: Getting new value for parameter 'EmpFName': table = 'EmployeeRoster' column = '0' row = '34'.	[MsgId: MMSG-13877]
Notify: Next row for parameter pEmlyePrefix = 25 [table  = pEmlyePrefix].	[MsgId: MMSG-13876]
Notify: Getting new value for parameter 'pEmlyePrefix': table = 'pEmpPrefix.dat' column = '1' row = '25'.	[MsgId: MMSG-13877]
Notify: Next row for parameter Carrier_ID = 1 [table  = Carrier_ID].	[MsgId: MMSG-13876]
Notify: Getting new value for parameter 'Carrier_ID': table = 'ReferencePlan.dat' column = '4' row = '1'.	[MsgId: MMSG-13877]
Notify: Next row for parameter EmpSSN = 34 [table  = EmpSSN].	[MsgId: MMSG-13876]
Notify: Getting new value for parameter 'EmpSSN': table = 'EmployeeRoster' column = '5' row = '34'.	[MsgId: MMSG-13877]
Notify: Next row for parameter EmpHireDatePicker = 34 [table  = EmpHireDatePicker].	[MsgId: MMSG-13876]
Notify: Getting new value for parameter 'EmpHireDatePicker': table = 'EmployeeRoster' column = '8' row = '34'.	[MsgId: MMSG-13877]
Notify: Next row for parameter EmpDOBYear = 34 [table  = EmpDOBYear].	[MsgId: MMSG-13876]
Notify: Getting new value for parameter 'EmpDOBYear': table = 'EmployeeRoster' column = '15' row = '34'.	[MsgId: MMSG-13877]
Notify: Next row for parameter EmpSpouseSSN = 34 [table  = EmpSpouseSSN].	[MsgId: MMSG-13876]
Notify: Getting new value for parameter 'EmpSpouseSSN': table = 'EmployeeRoster' column = '16' row = '34'.	[MsgId: MMSG-13877]
Notify: Next row for parameter EmpHireDate = 34 [table  = EmpHireDate].	[MsgId: MMSG-13876]
Notify: Getting new value for parameter 'EmpHireDate': table = 'EmployeeRoster' column = '7' row = '34'.	[MsgId: MMSG-13877]
Notify: Next row for parameter TxName = 1 [table  = TxName].	[MsgId: MMSG-13876]
Notify: Getting new value for parameter 'TxName': table = 'ReferencePlan.dat' column = '3' row = '1'.	[MsgId: MMSG-13877]
Notify: Next row for parameter EmpMI = 34 [table  = EmpMI].	[MsgId: MMSG-13876]
Notify: Getting new value for parameter 'EmpMI': table = 'EmployeeRoster' column = '1' row = '34'.	[MsgId: MMSG-13877]
Notify: Next row for parameter EmpCity = 34 [table  = EmpCity].	[MsgId: MMSG-13876]
Notify: Getting new value for parameter 'EmpCity': table = 'EmployeeRoster' column = '10' row = '34'.	[MsgId: MMSG-13877]
Notify: Next row for parameter EmpLName = 34 [table  = EmpLName].	[MsgId: MMSG-13876]
Notify: Getting new value for parameter 'EmpLName': table = 'EmployeeRoster' column = '2' row = '34'.	[MsgId: MMSG-13877]
Notify: Next row for parameter EmpDep1Relation = 34 [table  = EmpDep1Relation].	[MsgId: MMSG-13876]
Notify: Getting new value for parameter 'EmpDep1Relation': table = 'EmployeeRoster' column = '18' row = '34'.	[MsgId: MMSG-13877]
Notify: Next row for parameter Metal_Level = 1 [table  = Metal_Level].	[MsgId: MMSG-13876]
Notify: Getting new value for parameter 'Metal_Level': table = 'ReferencePlan.dat' column = '2' row = '1'.	[MsgId: MMSG-13877]
Notify: Next row for parameter PlanOption = 1 [table  = PlanOption].	[MsgId: MMSG-13876]
Notify: Getting new value for parameter 'PlanOption': table = 'ReferencePlan.dat' column = '1' row = '1'.	[MsgId: MMSG-13877]
Notify: Next row for parameter EmpDOBPicker = 34 [table  = EmpDOBPicker].	[MsgId: MMSG-13876]
Notify: Getting new value for parameter 'EmpDOBPicker': table = 'EmployeeRoster' column = '3' row = '34'.	[MsgId: MMSG-13877]
Notify: Next row for parameter EmpWorkEmail = 34 [table  = EmpWorkEmail].	[MsgId: MMSG-13876]
Notify: Getting new value for parameter 'EmpWorkEmail': table = 'EmployeeRoster' column = '12' row = '34'.	[MsgId: MMSG-13877]
Notify: Next row for parameter EmpZip = 34 [table  = EmpZip].	[MsgId: MMSG-13876]
Notify: Getting new value for parameter 'EmpZip': table = 'EmployeeRoster' column = '11' row = '34'.	[MsgId: MMSG-13877]
Notify: Next row for parameter EmpAddressL1 = 34 [table  = EmpAddressL1].	[MsgId: MMSG-13876]
Notify: Getting new value for parameter 'EmpAddressL1': table = 'EmployeeRoster' column = '9' row = '34'.	[MsgId: MMSG-13877]
Notify: Next row for parameter EmpDOBDay = 34 [table  = EmpDOBDay].	[MsgId: MMSG-13876]
Notify: Getting new value for parameter 'EmpDOBDay': table = 'EmployeeRoster' column = '13' row = '34'.	[MsgId: MMSG-13877]
Notify: Next row for parameter EmpSpouseGender = 34 [table  = EmpSpouseGender].	[MsgId: MMSG-13876]
Notify: Getting new value for parameter 'EmpSpouseGender': table = 'EmployeeRoster' column = '17' row = '34'.	[MsgId: MMSG-13877]
Notify: Next row for parameter EmpSEX = 34 [table  = EmpSEX].	[MsgId: MMSG-13876]
Notify: Getting new value for parameter 'EmpSEX': table = 'EmployeeRoster' column = '6' row = '34'.	[MsgId: MMSG-13877]
Notify: Next row for parameter EmpDOB = 34 [table  = EmpDOB].	[MsgId: MMSG-13876]
Notify: Getting new value for parameter 'EmpDOB': table = 'EmployeeRoster' column = '4' row = '34'.	[MsgId: MMSG-13877]
Notify: Next row for parameter EmpDOBMonth = 34 [table  = EmpDOBMonth].	[MsgId: MMSG-13876]
Notify: Getting new value for parameter 'EmpDOBMonth': table = 'EmployeeRoster' column = '14' row = '34'.	[MsgId: MMSG-13877]
Starting action ScriptFlow.	[MsgId: MMSG-15919]
ScriptFlow.c(21): Think time - Waiting 2.00 seconds (according to limit).	[MsgId: MMSG-15946]
ScriptFlow.c(21): lr_think_time: 2.00 seconds (recorded think time was 10.00 seconds).	[MsgId: MMSG-15947]
EnrollAppLandingPage.c(19): Notify: Transaction "INTEG_EMPLYR_0000_4_Landing_Page" started.	[MsgId: MMSG-16999]
EnrollAppLandingPage.c(21): web_url("Enroll App Landing Page") started  	[MsgId: MMSG-26355]
EnrollAppLandingPage.c(21): Notify: Parameter Substitution: parameter "HTTP" =  "http"	[MsgId: MMSG-13992]
EnrollAppLandingPage.c(21): Notify: Parameter Substitution: parameter "EnrollAppLandingPage" =  "enroll-preprod.dchbx.org"	[MsgId: MMSG-13992]
EnrollAppLandingPage.c(21): Found resource "http://enroll-preprod.dchbx.org/assets/application-1e9451d4800c018fa4e80ddaf4a48504.css" in HTML "http://enroll-preprod.dchbx.org/"  	[MsgId: MMSG-26659]
EnrollAppLandingPage.c(21): Found resource "http://enroll-preprod.dchbx.org/assets/application-b094f49d22c6932f2b712377d49517c9.js" in HTML "http://enroll-preprod.dchbx.org/"  	[MsgId: MMSG-26659]
EnrollAppLandingPage.c(21): Found resource "https://fonts.googleapis.com/css?family=Open+Sans:300italic,400italic,600italic,700italic,800italic,400,300,600,700,800" in HTML "http://enroll-preprod.dchbx.org/"  	[MsgId: MMSG-26659]
EnrollAppLandingPage.c(21): Found resource "http://enroll-preprod.dchbx.org/assets/logo-37b2d59fd0101e8781456ec388f3400a.png" in HTML "http://enroll-preprod.dchbx.org/"  	[MsgId: MMSG-26659]
EnrollAppLandingPage.c(21): Found resource "http://enroll-preprod.dchbx.org/assets/icons/phone-b3ad531e1c8368729f17ce45eb54bbf1.png" in HTML "http://enroll-preprod.dchbx.org/"  	[MsgId: MMSG-26659]
EnrollAppLandingPage.c(21): Found resource "http://enroll-preprod.dchbx.org/assets/icons/mail-30cd69f38c85fd121d2468b88f4dec71.png" in HTML "http://enroll-preprod.dchbx.org/"  	[MsgId: MMSG-26659]
EnrollAppLandingPage.c(21): Found resource "http://enroll-preprod.dchbx.org/assets/icons/message-e6d0f4f5f538fe315e1cb2eb96c57bec.png" in HTML "http://enroll-preprod.dchbx.org/"  	[MsgId: MMSG-26659]
EnrollAppLandingPage.c(21): web_url("Enroll App Landing Page") was successful, 878720 body bytes, 3210 header bytes, 170 chunking overhead bytes  	[MsgId: MMSG-26385]
EnrollAppLandingPage.c(31): Notify: Transaction "INTEG_EMPLYR_0000_4_Landing_Page" ended with a "Pass" status (Duration: 0.4761 Wasted Time: 0.0005).	[MsgId: MMSG-16871]
EnrollAppLandingPage.c(33): Think time - Waiting 2.00 seconds (according to limit).	[MsgId: MMSG-15946]
EnrollAppLandingPage.c(33): lr_think_time: 2.00 seconds (recorded think time was 11.00 seconds).	[MsgId: MMSG-15947]
ScriptFlow.c(25): Think time - Waiting 2.00 seconds (according to limit).	[MsgId: MMSG-15946]
ScriptFlow.c(25): lr_think_time: 2.00 seconds (recorded think time was 10.00 seconds).	[MsgId: MMSG-15947]
EmployerTab.c(4): Notify: Transaction "INTEG_EMPLYR_0001_Click_on_Employer_Portal_Tab" started.	[MsgId: MMSG-16999]
EmployerTab.c(6): web_url("Employer Portal") started  	[MsgId: MMSG-26355]
EmployerTab.c(6): Notify: Parameter Substitution: parameter "HTTP" =  "http"	[MsgId: MMSG-13992]
EmployerTab.c(6): Notify: Parameter Substitution: parameter "EnrollAppLandingPage" =  "enroll-preprod.dchbx.org"	[MsgId: MMSG-13992]
EmployerTab.c(6): Notify: Parameter Substitution: parameter "HTTP" =  "http"	[MsgId: MMSG-13992]
EmployerTab.c(6): Notify: Parameter Substitution: parameter "EnrollAppLandingPage" =  "enroll-preprod.dchbx.org"	[MsgId: MMSG-13992]
EmployerTab.c(6): Redirecting "http://enroll-preprod.dchbx.org/employers/employer_profiles/new" (redirection depth is 0)  	[MsgId: MMSG-26694]
EmployerTab.c(6): To location "http://enroll-preprod.dchbx.org/users/sign_up"  	[MsgId: MMSG-26693]
EmployerTab.c(6): Resource "http://enroll-preprod.dchbx.org/assets/application-1e9451d4800c018fa4e80ddaf4a48504.css" is in the cache already and will not be downloaded again  	[MsgId: MMSG-26655]
EmployerTab.c(6): Resource "http://enroll-preprod.dchbx.org/assets/application-b094f49d22c6932f2b712377d49517c9.js" is in the cache already and will not be downloaded again  	[MsgId: MMSG-26655]
EmployerTab.c(6): Resource "https://fonts.googleapis.com/css?family=Open+Sans:300italic,400italic,600italic,700italic,800italic,400,300,600,700,800" is in the cache already and will not be downloaded again  	[MsgId: MMSG-26655]
EmployerTab.c(6): Resource "http://enroll-preprod.dchbx.org/assets/logo-37b2d59fd0101e8781456ec388f3400a.png" is in the cache already and will not be downloaded again  	[MsgId: MMSG-26655]
EmployerTab.c(6): Resource "http://enroll-preprod.dchbx.org/assets/icons/phone-b3ad531e1c8368729f17ce45eb54bbf1.png" is in the cache already and will not be downloaded again  	[MsgId: MMSG-26655]
EmployerTab.c(6): Resource "http://enroll-preprod.dchbx.org/assets/icons/mail-30cd69f38c85fd121d2468b88f4dec71.png" is in the cache already and will not be downloaded again  	[MsgId: MMSG-26655]
EmployerTab.c(6): Resource "http://enroll-preprod.dchbx.org/assets/icons/message-e6d0f4f5f538fe315e1cb2eb96c57bec.png" is in the cache already and will not be downloaded again  	[MsgId: MMSG-26655]
EmployerTab.c(6): web_url("Employer Portal") was successful, 8981 body bytes, 877 header bytes  	[MsgId: MMSG-26386]
EmployerTab.c(16): Notify: Transaction "INTEG_EMPLYR_0001_Click_on_Employer_Portal_Tab" ended with a "Pass" status (Duration: 0.0632).	[MsgId: MMSG-16873]
ScriptFlow.c(29): Think time - Waiting 2.00 seconds (according to limit).	[MsgId: MMSG-15946]
ScriptFlow.c(29): lr_think_time: 2.00 seconds (recorded think time was 10.00 seconds).	[MsgId: MMSG-15947]
EmployerCreateAccount.c(4): web_set_sockets_option started  	[MsgId: MMSG-26355]
EmployerCreateAccount.c(4): web_set_sockets_option was successful  	[MsgId: MMSG-26392]
EmployerCreateAccount.c(6): web_reg_save_param started  	[MsgId: MMSG-26355]
EmployerCreateAccount.c(6): Registering web_reg_save_param was successful  	[MsgId: MMSG-26390]
EmployerCreateAccount.c(8): Notify: Transaction "INTEG_EMPLYR_0002_Click_on_Create_Account" started.	[MsgId: MMSG-16999]
EmployerCreateAccount.c(10): web_url("Create account") started  	[MsgId: MMSG-26355]
EmployerCreateAccount.c(10): Notify: Parameter Substitution: parameter "HTTP" =  "http"	[MsgId: MMSG-13992]
EmployerCreateAccount.c(10): Notify: Parameter Substitution: parameter "EnrollAppLandingPage" =  "enroll-preprod.dchbx.org"	[MsgId: MMSG-13992]
EmployerCreateAccount.c(10): Notify: Parameter Substitution: parameter "HTTP" =  "http"	[MsgId: MMSG-13992]
EmployerCreateAccount.c(10): Notify: Parameter Substitution: parameter "EnrollAppLandingPage" =  "enroll-preprod.dchbx.org"	[MsgId: MMSG-13992]
EmployerCreateAccount.c(10): Notify: Saving Parameter "AUTH_TOKEN_1 = UH0PORblt0NG2J0jsZ0GtO7vO5OulakH44ISBugJ4BnhQ3G8YwdGfeg3frUqrmV0j/8v1FS5StxW1UgiFYNrLg==".	[MsgId: MMSG-13798]
EmployerCreateAccount.c(10): Resource "http://enroll-preprod.dchbx.org/assets/application-1e9451d4800c018fa4e80ddaf4a48504.css" is in the cache already and will not be downloaded again  	[MsgId: MMSG-26655]
EmployerCreateAccount.c(10): Resource "http://enroll-preprod.dchbx.org/assets/application-b094f49d22c6932f2b712377d49517c9.js" is in the cache already and will not be downloaded again  	[MsgId: MMSG-26655]
EmployerCreateAccount.c(10): Resource "https://fonts.googleapis.com/css?family=Open+Sans:300italic,400italic,600italic,700italic,800italic,400,300,600,700,800" is in the cache already and will not be downloaded again  	[MsgId: MMSG-26655]
EmployerCreateAccount.c(10): Resource "http://enroll-preprod.dchbx.org/assets/logo-37b2d59fd0101e8781456ec388f3400a.png" is in the cache already and will not be downloaded again  	[MsgId: MMSG-26655]
EmployerCreateAccount.c(10): Resource "http://enroll-preprod.dchbx.org/assets/icons/phone-b3ad531e1c8368729f17ce45eb54bbf1.png" is in the cache already and will not be downloaded again  	[MsgId: MMSG-26655]
EmployerCreateAccount.c(10): Resource "http://enroll-preprod.dchbx.org/assets/icons/mail-30cd69f38c85fd121d2468b88f4dec71.png" is in the cache already and will not be downloaded again  	[MsgId: MMSG-26655]
EmployerCreateAccount.c(10): Resource "http://enroll-preprod.dchbx.org/assets/icons/message-e6d0f4f5f538fe315e1cb2eb96c57bec.png" is in the cache already and will not be downloaded again  	[MsgId: MMSG-26655]
EmployerCreateAccount.c(10): web_url("Create account") was successful, 8883 body bytes, 443 header bytes  	[MsgId: MMSG-26386]
EmployerCreateAccount.c(20): Notify: Transaction "INTEG_EMPLYR_0002_Click_on_Create_Account" ended with a "Pass" status (Duration: 0.1615 Wasted Time: 0.0001).	[MsgId: MMSG-16871]
EmployerCreateAccount.c(22): Think time - Waiting 2.00 seconds (according to limit).	[MsgId: MMSG-15946]
EmployerCreateAccount.c(22): lr_think_time: 2.00 seconds (recorded think time was 11.00 seconds).	[MsgId: MMSG-15947]
EmployerCreateAccount.c(24): web_reg_save_param started  	[MsgId: MMSG-26355]
EmployerCreateAccount.c(24): Registering web_reg_save_param was successful  	[MsgId: MMSG-26390]
EmployerCreateAccount.c(25): web_reg_find started  	[MsgId: MMSG-26355]
EmployerCreateAccount.c(25): Registering web_reg_find was successful  	[MsgId: MMSG-26390]
EmployerCreateAccount.c(27): Notify: Transaction "INTEG_EMPLYR_0003_Create_Account_Submit" started.	[MsgId: MMSG-16999]
EmployerCreateAccount.c(29): web_submit_data("users") started  	[MsgId: MMSG-26355]
EmployerCreateAccount.c(29): Notify: Parameter Substitution: parameter "HTTP" =  "http"	[MsgId: MMSG-13992]
EmployerCreateAccount.c(29): Notify: Parameter Substitution: parameter "EnrollAppLandingPage" =  "enroll-preprod.dchbx.org"	[MsgId: MMSG-13992]
EmployerCreateAccount.c(29): Notify: Parameter Substitution: parameter "HTTP" =  "http"	[MsgId: MMSG-13992]
EmployerCreateAccount.c(29): Notify: Parameter Substitution: parameter "EnrollAppLandingPage" =  "enroll-preprod.dchbx.org"	[MsgId: MMSG-13992]
EmployerCreateAccount.c(29): Notify: Parameter Substitution: parameter "AUTH_TOKEN_1" =  "UH0PORblt0NG2J0jsZ0GtO7vO5OulakH44ISBugJ4BnhQ3G8YwdGfeg3frUqrmV0j/8v1FS5StxW1UgiFYNrLg=="	[MsgId: MMSG-13992]
EmployerCreateAccount.c(29): Notify: Parameter Substitution: parameter "HTTP" =  "http"	[MsgId: MMSG-13992]
EmployerCreateAccount.c(29): Notify: Parameter Substitution: parameter "EnrollAppLandingPage" =  "enroll-preprod.dchbx.org"	[MsgId: MMSG-13992]
EmployerCreateAccount.c(29): Notify: Parameter Substitution: parameter "pEmpPrefix" =  "BIZ-FM26"	[MsgId: MMSG-13992]
EmployerCreateAccount.c(29): Notify: Parameter Substitution: parameter "FEIN" =  "568554777"	[MsgId: MMSG-13992]
EmployerCreateAccount.c(29): Redirecting "http://enroll-preprod.dchbx.org/users" (redirection depth is 0)  	[MsgId: MMSG-26694]
EmployerCreateAccount.c(29): To location "http://enroll-preprod.dchbx.org/employers"  	[MsgId: MMSG-26693]
EmployerCreateAccount.c(29): Notify: Saving Parameter "AUTH_TOKEN_2 = EIIXDdXiRRtgKbV68NPEoAopg+nDN/E6UT2Z/0z7QqWhvGmIoAC0Jc7GVuxr4KdgazmXrjkbEuHkasPbsXHJkg==".	[MsgId: MMSG-13798]
EmployerCreateAccount.c(29): Resource "http://enroll-preprod.dchbx.org/assets/application-1e9451d4800c018fa4e80ddaf4a48504.css" is in the cache already and will not be downloaded again  	[MsgId: MMSG-26655]
EmployerCreateAccount.c(29): Resource "http://enroll-preprod.dchbx.org/assets/application-b094f49d22c6932f2b712377d49517c9.js" is in the cache already and will not be downloaded again  	[MsgId: MMSG-26655]
EmployerCreateAccount.c(29): Resource "https://fonts.googleapis.com/css?family=Open+Sans:300italic,400italic,600italic,700italic,800italic,400,300,600,700,800" is in the cache already and will not be downloaded again  	[MsgId: MMSG-26655]
EmployerCreateAccount.c(29): Resource "http://enroll-preprod.dchbx.org/assets/logo-37b2d59fd0101e8781456ec388f3400a.png" is in the cache already and will not be downloaded again  	[MsgId: MMSG-26655]
EmployerCreateAccount.c(29): Found resource "http://enroll-preprod.dchbx.org/assets/delete-90b3a8bb1e07dc6d45e3bffd92929015.png" in HTML "http://enroll-preprod.dchbx.org/employers"  	[MsgId: MMSG-26659]
EmployerCreateAccount.c(29): Resource "http://enroll-preprod.dchbx.org/assets/icons/phone-b3ad531e1c8368729f17ce45eb54bbf1.png" is in the cache already and will not be downloaded again  	[MsgId: MMSG-26655]
EmployerCreateAccount.c(29): Resource "http://enroll-preprod.dchbx.org/assets/icons/mail-30cd69f38c85fd121d2468b88f4dec71.png" is in the cache already and will not be downloaded again  	[MsgId: MMSG-26655]
EmployerCreateAccount.c(29): Resource "http://enroll-preprod.dchbx.org/assets/icons/message-e6d0f4f5f538fe315e1cb2eb96c57bec.png" is in the cache already and will not be downloaded again  	[MsgId: MMSG-26655]
EmployerCreateAccount.c(29): Registered web_reg_find successful for "Text=Your account has been created" (count=1)  	[MsgId: MMSG-26364]
EmployerCreateAccount.c(29): Notify: Saving Parameter "CreateAccountCount = 1".	[MsgId: MMSG-13798]
EmployerCreateAccount.c(29): web_submit_data("users") was successful, 20512 body bytes, 1410 header bytes  	[MsgId: MMSG-26386]
EmployerCreateAccount.c(49): Notify: Parameter Substitution: parameter "CreateAccountCount" =  "1"	[MsgId: MMSG-13992]
EmployerCreateAccount.c(57): Notify: Transaction "INTEG_EMPLYR_0003_Create_Account_Submit" ended with a "Pass" status (Duration: 0.3214 Wasted Time: 0.0002).	[MsgId: MMSG-16871]
ScriptFlow.c(33): Think time - Waiting 2.00 seconds (according to limit).	[MsgId: MMSG-15946]
ScriptFlow.c(33): lr_think_time: 2.00 seconds (recorded think time was 10.00 seconds).	[MsgId: MMSG-15947]
ScriptFlow.c(35): Notify: Saving Parameter "LegalName = 3".	[MsgId: MMSG-13798]
ScriptFlow.c(37): Notify: Parameter Substitution: parameter "LegalName" =  "3"	[MsgId: MMSG-13992]
randomname.h(15): Notify: Saving Parameter "LegalName = ikd".	[MsgId: MMSG-13798]
EmployerCreateProfile.c(4): web_reg_save_param started  	[MsgId: MMSG-26355]
EmployerCreateProfile.c(4): Registering web_reg_save_param was successful  	[MsgId: MMSG-26390]
EmployerCreateProfile.c(6): Notify: Transaction "INTEG_EMPLYR_0005_CreateBusinesss_Profile" started.	[MsgId: MMSG-16999]
EmployerCreateProfile.c(8): web_submit_data("employer_profiles") started  	[MsgId: MMSG-26355]
EmployerCreateProfile.c(8): Notify: Parameter Substitution: parameter "HTTP" =  "http"	[MsgId: MMSG-13992]
EmployerCreateProfile.c(8): Notify: Parameter Substitution: parameter "EnrollAppLandingPage" =  "enroll-preprod.dchbx.org"	[MsgId: MMSG-13992]
EmployerCreateProfile.c(8): Notify: Parameter Substitution: parameter "HTTP" =  "http"	[MsgId: MMSG-13992]
EmployerCreateProfile.c(8): Notify: Parameter Substitution: parameter "EnrollAppLandingPage" =  "enroll-preprod.dchbx.org"	[MsgId: MMSG-13992]
EmployerCreateProfile.c(8): Notify: Parameter Substitution: parameter "AUTH_TOKEN_2" =  "EIIXDdXiRRtgKbV68NPEoAopg+nDN/E6UT2Z/0z7QqWhvGmIoAC0Jc7GVuxr4KdgazmXrjkbEuHkasPbsXHJkg=="	[MsgId: MMSG-13992]
EmployerCreateProfile.c(8): Notify: Parameter Substitution: parameter "FEIN" =  "568554777"	[MsgId: MMSG-13992]
EmployerCreateProfile.c(8): Notify: Parameter Substitution: parameter "FEIN" =  "568554777"	[MsgId: MMSG-13992]
EmployerCreateProfile.c(8): Notify: Parameter Substitution: parameter "LegalName" =  "ikd"	[MsgId: MMSG-13992]
EmployerCreateProfile.c(8): Notify: Parameter Substitution: parameter "FEIN" =  "568554777"	[MsgId: MMSG-13992]
EmployerCreateProfile.c(8): Notify: Parameter Substitution: parameter "FEIN" =  "568554777"	[MsgId: MMSG-13992]
EmployerCreateProfile.c(8): Notify: Parameter Substitution: parameter "FEIN" =  "568554777"	[MsgId: MMSG-13992]
EmployerCreateProfile.c(8): Notify: Saving Parameter "EMPLOYER_ID = 560c2a6169702d24a0eb3600".	[MsgId: MMSG-13798]
EmployerCreateProfile.c(8): Redirecting "http://enroll-preprod.dchbx.org/employers/employer_profiles" (redirection depth is 0)  	[MsgId: MMSG-26694]
EmployerCreateProfile.c(8): To location "http://enroll-preprod.dchbx.org/employers/employer_profiles/560c2a6169702d24a0eb3600"  	[MsgId: MMSG-26693]
EmployerCreateProfile.c(8): Resource "http://enroll-preprod.dchbx.org/assets/application-1e9451d4800c018fa4e80ddaf4a48504.css" is in the cache already and will not be downloaded again  	[MsgId: MMSG-26655]
EmployerCreateProfile.c(8): Resource "http://enroll-preprod.dchbx.org/assets/application-b094f49d22c6932f2b712377d49517c9.js" is in the cache already and will not be downloaded again  	[MsgId: MMSG-26655]
EmployerCreateProfile.c(8): Resource "https://fonts.googleapis.com/css?family=Open+Sans:300italic,400italic,600italic,700italic,800italic,400,300,600,700,800" is in the cache already and will not be downloaded again  	[MsgId: MMSG-26655]
EmployerCreateProfile.c(8): Resource "http://enroll-preprod.dchbx.org/assets/logo-37b2d59fd0101e8781456ec388f3400a.png" is in the cache already and will not be downloaded again  	[MsgId: MMSG-26655]
EmployerCreateProfile.c(8): Found resource "http://enroll-preprod.dchbx.org/assets/icons/icon-business-owner-c8920868ad7a0186be46b4928575297b.png" in HTML "http://enroll-preprod.dchbx.org/employers/employer_profiles/560c2a6169702d24a0eb3600"  	[MsgId: MMSG-26659]
EmployerCreateProfile.c(8): Resource "http://enroll-preprod.dchbx.org/assets/icons/phone-b3ad531e1c8368729f17ce45eb54bbf1.png" is in the cache already and will not be downloaded again  	[MsgId: MMSG-26655]
EmployerCreateProfile.c(8): Resource "http://enroll-preprod.dchbx.org/assets/icons/mail-30cd69f38c85fd121d2468b88f4dec71.png" is in the cache already and will not be downloaded again  	[MsgId: MMSG-26655]
EmployerCreateProfile.c(8): Resource "http://enroll-preprod.dchbx.org/assets/icons/message-e6d0f4f5f538fe315e1cb2eb96c57bec.png" is in the cache already and will not be downloaded again  	[MsgId: MMSG-26655]
EmployerCreateProfile.c(8): web_submit_data("employer_profiles") was successful, 16402 body bytes, 1382 header bytes  	[MsgId: MMSG-26386]
EmployerCreateProfile.c(39): Notify: Transaction "INTEG_EMPLYR_0005_CreateBusinesss_Profile" ended with a "Pass" status (Duration: 0.3812 Wasted Time: 0.0002).	[MsgId: MMSG-16871]
ScriptFlow.c(41): Think time - Waiting 2.00 seconds (according to limit).	[MsgId: MMSG-15946]
ScriptFlow.c(41): lr_think_time: 2.00 seconds (recorded think time was 10.00 seconds).	[MsgId: MMSG-15947]
EmployerClickBenefitsTab.c(4): web_reg_save_param started  	[MsgId: MMSG-26355]
EmployerClickBenefitsTab.c(4): Registering web_reg_save_param was successful  	[MsgId: MMSG-26390]
EmployerClickBenefitsTab.c(6): Notify: Transaction "INTEG_EMPLYR_0006_Click_Benefits_Tab" started.	[MsgId: MMSG-16999]
EmployerClickBenefitsTab.c(8): web_url("Benefits Benefits") started  	[MsgId: MMSG-26355]
EmployerClickBenefitsTab.c(8): Notify: Parameter Substitution: parameter "HTTP" =  "http"	[MsgId: MMSG-13992]
EmployerClickBenefitsTab.c(8): Notify: Parameter Substitution: parameter "EnrollAppLandingPage" =  "enroll-preprod.dchbx.org"	[MsgId: MMSG-13992]
EmployerClickBenefitsTab.c(8): Notify: Parameter Substitution: parameter "EMPLOYER_ID" =  "560c2a6169702d24a0eb3600"	[MsgId: MMSG-13992]
EmployerClickBenefitsTab.c(8): Notify: Parameter Substitution: parameter "HTTP" =  "http"	[MsgId: MMSG-13992]
EmployerClickBenefitsTab.c(8): Notify: Parameter Substitution: parameter "EnrollAppLandingPage" =  "enroll-preprod.dchbx.org"	[MsgId: MMSG-13992]
EmployerClickBenefitsTab.c(8): Notify: Parameter Substitution: parameter "EMPLOYER_ID" =  "560c2a6169702d24a0eb3600"	[MsgId: MMSG-13992]
EmployerClickBenefitsTab.c(8): Notify: Saving Parameter "AUTH_TOKEN_4 = 9Iq5YJwY0joXtlpYIjD3ojh8ACWb4TfEj8UXx1UG545FtMfl6fojBLlZuc65A5RiWWwUYmHN1B86kk3jqIxsuQ==".	[MsgId: MMSG-13798]
EmployerClickBenefitsTab.c(8): web_url("Benefits Benefits") was successful, 9512 body bytes, 443 header bytes  	[MsgId: MMSG-26386]
EmployerClickBenefitsTab.c(18): Notify: Transaction "INTEG_EMPLYR_0006_Click_Benefits_Tab" ended with a "Pass" status (Duration: 0.0493 Wasted Time: 0.0001).	[MsgId: MMSG-16871]
ScriptFlow.c(45): Think time - Waiting 2.00 seconds (according to limit).	[MsgId: MMSG-15946]
ScriptFlow.c(45): lr_think_time: 2.00 seconds (recorded think time was 10.00 seconds).	[MsgId: MMSG-15947]
EmployerAddBenefits.c(3): web_reg_save_param started  	[MsgId: MMSG-26355]
EmployerAddBenefits.c(3): Registering web_reg_save_param was successful  	[MsgId: MMSG-26390]
EmployerAddBenefits.c(5): web_reg_save_param_ex started  	[MsgId: MMSG-26355]
EmployerAddBenefits.c(5): Registering web_reg_save_param_ex was successful  	[MsgId: MMSG-26390]
EmployerAddBenefits.c(7): Notify: Transaction "INTEG_EMPLYR_0007_Click_Add_Plan" started.	[MsgId: MMSG-16999]
EmployerAddBenefits.c(9): web_url("new") started  	[MsgId: MMSG-26355]
EmployerAddBenefits.c(9): Notify: Parameter Substitution: parameter "HTTP" =  "http"	[MsgId: MMSG-13992]
EmployerAddBenefits.c(9): Notify: Parameter Substitution: parameter "EnrollAppLandingPage" =  "enroll-preprod.dchbx.org"	[MsgId: MMSG-13992]
EmployerAddBenefits.c(9): Notify: Parameter Substitution: parameter "EMPLOYER_ID" =  "560c2a6169702d24a0eb3600"	[MsgId: MMSG-13992]
EmployerAddBenefits.c(9): Notify: Parameter Substitution: parameter "HTTP" =  "http"	[MsgId: MMSG-13992]
EmployerAddBenefits.c(9): Notify: Parameter Substitution: parameter "EnrollAppLandingPage" =  "enroll-preprod.dchbx.org"	[MsgId: MMSG-13992]
EmployerAddBenefits.c(9): Notify: Parameter Substitution: parameter "EMPLOYER_ID" =  "560c2a6169702d24a0eb3600"	[MsgId: MMSG-13992]
EmployerAddBenefits.c(9): Notify: Saving Parameter "AUTH_TOKEN_3 = bDmnCcnkCw6PheQgrkIytedpJjtmPVzJCbhG5u9oO3bdB9mMvAb6MCFqB7Y1cVF1hnkyfJwRvxK87xzCEuKwQQ==".	[MsgId: MMSG-13798]
EmployerAddBenefits.c(9): Resource "http://enroll-preprod.dchbx.org/assets/application-1e9451d4800c018fa4e80ddaf4a48504.css" is in the cache already and will not be downloaded again  	[MsgId: MMSG-26655]
EmployerAddBenefits.c(9): Resource "http://enroll-preprod.dchbx.org/assets/application-b094f49d22c6932f2b712377d49517c9.js" is in the cache already and will not be downloaded again  	[MsgId: MMSG-26655]
EmployerAddBenefits.c(9): Resource "https://fonts.googleapis.com/css?family=Open+Sans:300italic,400italic,600italic,700italic,800italic,400,300,600,700,800" is in the cache already and will not be downloaded again  	[MsgId: MMSG-26655]
EmployerAddBenefits.c(9): Resource "http://enroll-preprod.dchbx.org/assets/logo-37b2d59fd0101e8781456ec388f3400a.png" is in the cache already and will not be downloaded again  	[MsgId: MMSG-26655]
EmployerAddBenefits.c(9): Resource "http://enroll-preprod.dchbx.org/assets/icons/icon-business-owner-c8920868ad7a0186be46b4928575297b.png" is in the cache already and will not be downloaded again  	[MsgId: MMSG-26655]
EmployerAddBenefits.c(9): Notify: Saving Parameter "CorrelationParameter = 53e67210eb899a4603000007".	[MsgId: MMSG-13798]
EmployerAddBenefits.c(9): Resource "http://enroll-preprod.dchbx.org/assets/delete-90b3a8bb1e07dc6d45e3bffd92929015.png" is in the cache already and will not be downloaded again  	[MsgId: MMSG-26655]
EmployerAddBenefits.c(9): Resource "http://enroll-preprod.dchbx.org/assets/icons/phone-b3ad531e1c8368729f17ce45eb54bbf1.png" is in the cache already and will not be downloaded again  	[MsgId: MMSG-26655]
EmployerAddBenefits.c(9): Resource "http://enroll-preprod.dchbx.org/assets/icons/mail-30cd69f38c85fd121d2468b88f4dec71.png" is in the cache already and will not be downloaded again  	[MsgId: MMSG-26655]
EmployerAddBenefits.c(9): Resource "http://enroll-preprod.dchbx.org/assets/icons/message-e6d0f4f5f538fe315e1cb2eb96c57bec.png" is in the cache already and will not be downloaded again  	[MsgId: MMSG-26655]
EmployerAddBenefits.c(9): web_url("new") was successful, 55620 body bytes, 444 header bytes  	[MsgId: MMSG-26386]
EmployerAddBenefits.c(19): Notify: Transaction "INTEG_EMPLYR_0007_Click_Add_Plan" ended with a "Pass" status (Duration: 0.1207 Wasted Time: 0.0005).	[MsgId: MMSG-16871]
EmployerAddBenefits.c(21): Think time - Waiting 2.00 seconds (according to limit).	[MsgId: MMSG-15946]
EmployerAddBenefits.c(21): lr_think_time: 2.00 seconds (recorded think time was 9.00 seconds).	[MsgId: MMSG-15947]
EmployerAddBenefits.c(25): web_reg_save_param started  	[MsgId: MMSG-26355]
EmployerAddBenefits.c(25): Registering web_reg_save_param was successful  	[MsgId: MMSG-26390]
EmployerAddBenefits.c(27): Notify: Next row for parameter TxName = 1 [table  = TxName].	[MsgId: MMSG-13876]
EmployerAddBenefits.c(27): Notify: Parameter Substitution: parameter "TxName" =  "UHC_ALL_Plans_HSA_3500"	[MsgId: MMSG-13992]
EmployerAddBenefits.c(27): Notify: Transaction "INTEG_EMPLYR_0008_1_Add_Plan_Year_UHC_ALL_Plans_HSA_3500" started.	[MsgId: MMSG-16999]
EmployerAddBenefits.c(29): web_submit_data("plan_years") started  	[MsgId: MMSG-26355]
EmployerAddBenefits.c(29): Notify: Parameter Substitution: parameter "HTTP" =  "http"	[MsgId: MMSG-13992]
EmployerAddBenefits.c(29): Notify: Parameter Substitution: parameter "EnrollAppLandingPage" =  "enroll-preprod.dchbx.org"	[MsgId: MMSG-13992]
EmployerAddBenefits.c(29): Notify: Parameter Substitution: parameter "EMPLOYER_ID" =  "560c2a6169702d24a0eb3600"	[MsgId: MMSG-13992]
EmployerAddBenefits.c(29): Notify: Parameter Substitution: parameter "HTTP" =  "http"	[MsgId: MMSG-13992]
EmployerAddBenefits.c(29): Notify: Parameter Substitution: parameter "EnrollAppLandingPage" =  "enroll-preprod.dchbx.org"	[MsgId: MMSG-13992]
EmployerAddBenefits.c(29): Notify: Parameter Substitution: parameter "EMPLOYER_ID" =  "560c2a6169702d24a0eb3600"	[MsgId: MMSG-13992]
EmployerAddBenefits.c(29): Notify: Parameter Substitution: parameter "AUTH_TOKEN_3" =  "bDmnCcnkCw6PheQgrkIytedpJjtmPVzJCbhG5u9oO3bdB9mMvAb6MCFqB7Y1cVF1hnkyfJwRvxK87xzCEuKwQQ=="	[MsgId: MMSG-13992]
EmployerAddBenefits.c(29): Warning: The string 'pEMPLOYEECOUNT' with parameter delimiters is not a parameter.	[MsgId: MWAR-13987]
EmployerAddBenefits.c(29): Notify: Next row for parameter PlanOption = 1 [table  = PlanOption].	[MsgId: MMSG-13876]
EmployerAddBenefits.c(29): Notify: Parameter Substitution: parameter "PlanOption" =  "single_carrier"	[MsgId: MMSG-13992]
EmployerAddBenefits.c(29): Notify: Next row for parameter Carrier_ID = 1 [table  = Carrier_ID].	[MsgId: MMSG-13876]
EmployerAddBenefits.c(29): Notify: Parameter Substitution: parameter "Carrier_ID" =  "53e67210eb899a460300000a"	[MsgId: MMSG-13992]
EmployerAddBenefits.c(29): Notify: Next row for parameter Metal_Level = 1 [table  = Metal_Level].	[MsgId: MMSG-13876]
EmployerAddBenefits.c(29): Notify: Parameter Substitution: parameter "Metal_Level" =  ""	[MsgId: MMSG-13992]
EmployerAddBenefits.c(29): Notify: Parameter Substitution: parameter "ReferencePlan" =  "5453a544791e4bcd330000e5"	[MsgId: MMSG-13992]
EmployerAddBenefits.c(29): Notify: Parameter Substitution: parameter "ReferencePlan" =  "5453a544791e4bcd330000e5"	[MsgId: MMSG-13992]
EmployerAddBenefits.c(29): Redirecting "http://enroll-preprod.dchbx.org/employers/employer_profiles/560c2a6169702d24a0eb3600/plan_years" (redirection depth is 0)  	[MsgId: MMSG-26694]
EmployerAddBenefits.c(29): To location "http://enroll-preprod.dchbx.org/employers/employer_profiles/560c2a6169702d24a0eb3600"  	[MsgId: MMSG-26693]
EmployerAddBenefits.c(29): Notify: Saving Parameter "AUTH_TOKEN_4 = FPIcHRMBKp2oo1Z7w17vg1kjVUqG1LlaWf+R1H90/cilzGKYZuPbowZMte1YbYxDODNBDXz4WoHsqMvwgv52/w==".	[MsgId: MMSG-13798]
EmployerAddBenefits.c(29): Resource "http://enroll-preprod.dchbx.org/assets/application-1e9451d4800c018fa4e80ddaf4a48504.css" is in the cache already and will not be downloaded again  	[MsgId: MMSG-26655]
EmployerAddBenefits.c(29): Resource "http://enroll-preprod.dchbx.org/assets/application-b094f49d22c6932f2b712377d49517c9.js" is in the cache already and will not be downloaded again  	[MsgId: MMSG-26655]
EmployerAddBenefits.c(29): Resource "https://fonts.googleapis.com/css?family=Open+Sans:300italic,400italic,600italic,700italic,800italic,400,300,600,700,800" is in the cache already and will not be downloaded again  	[MsgId: MMSG-26655]
EmployerAddBenefits.c(29): Resource "http://enroll-preprod.dchbx.org/assets/logo-37b2d59fd0101e8781456ec388f3400a.png" is in the cache already and will not be downloaded again  	[MsgId: MMSG-26655]
EmployerAddBenefits.c(29): Resource "http://enroll-preprod.dchbx.org/assets/icons/icon-business-owner-c8920868ad7a0186be46b4928575297b.png" is in the cache already and will not be downloaded again  	[MsgId: MMSG-26655]
EmployerAddBenefits.c(29): Resource "http://enroll-preprod.dchbx.org/assets/icons/phone-b3ad531e1c8368729f17ce45eb54bbf1.png" is in the cache already and will not be downloaded again  	[MsgId: MMSG-26655]
EmployerAddBenefits.c(29): Resource "http://enroll-preprod.dchbx.org/assets/icons/mail-30cd69f38c85fd121d2468b88f4dec71.png" is in the cache already and will not be downloaded again  	[MsgId: MMSG-26655]
EmployerAddBenefits.c(29): Resource "http://enroll-preprod.dchbx.org/assets/icons/message-e6d0f4f5f538fe315e1cb2eb96c57bec.png" is in the cache already and will not be downloaded again  	[MsgId: MMSG-26655]
EmployerAddBenefits.c(29): web_submit_data("plan_years") was successful, 14785 body bytes, 1047 header bytes  	[MsgId: MMSG-26386]
EmployerAddBenefits.c(82): Notify: Next row for parameter TxName = 1 [table  = TxName].	[MsgId: MMSG-13876]
EmployerAddBenefits.c(82): Notify: Parameter Substitution: parameter "TxName" =  "UHC_ALL_Plans_HSA_3500"	[MsgId: MMSG-13992]
EmployerAddBenefits.c(82): Notify: Transaction "INTEG_EMPLYR_0008_1_Add_Plan_Year_UHC_ALL_Plans_HSA_3500" ended with a "Pass" status (Duration: 1.9203 Wasted Time: 0.0002).	[MsgId: MMSG-16871]
ScriptFlow.c(49): Think time - Waiting 2.00 seconds (according to limit).	[MsgId: MMSG-15946]
ScriptFlow.c(49): lr_think_time: 2.00 seconds (recorded think time was 10.00 seconds).	[MsgId: MMSG-15947]
Logout.c(3): Notify: Transaction "INTEG_EMPLYR_1000_Logout" started.	[MsgId: MMSG-16999]
Logout.c(5): web_submit_data("sign_out") started  	[MsgId: MMSG-26355]
Logout.c(5): Notify: Parameter Substitution: parameter "HTTP" =  "http"	[MsgId: MMSG-13992]
Logout.c(5): Notify: Parameter Substitution: parameter "EnrollAppLandingPage" =  "enroll-preprod.dchbx.org"	[MsgId: MMSG-13992]
Logout.c(5): Notify: Parameter Substitution: parameter "HTTP" =  "http"	[MsgId: MMSG-13992]
Logout.c(5): Notify: Parameter Substitution: parameter "EnrollAppLandingPage" =  "enroll-preprod.dchbx.org"	[MsgId: MMSG-13992]
Logout.c(5): Notify: Parameter Substitution: parameter "EMPLOYER_ID" =  "560c2a6169702d24a0eb3600"	[MsgId: MMSG-13992]
Logout.c(5): Notify: Parameter Substitution: parameter "AUTH_TOKEN_4" =  "FPIcHRMBKp2oo1Z7w17vg1kjVUqG1LlaWf+R1H90/cilzGKYZuPbowZMte1YbYxDODNBDXz4WoHsqMvwgv52/w=="	[MsgId: MMSG-13992]
Logout.c(5): web_submit_data("sign_out") was successful, 0 body bytes, 440 header bytes  	[MsgId: MMSG-26386]
Logout.c(18): Notify: Transaction "INTEG_EMPLYR_1000_Logout" ended with a "Pass" status (Duration: 0.0461).	[MsgId: MMSG-16873]
ScriptFlow.c(53): Think time - Waiting 2.00 seconds (according to limit).	[MsgId: MMSG-15946]
ScriptFlow.c(53): lr_think_time: 2.00 seconds (recorded think time was 10.00 seconds).	[MsgId: MMSG-15947]
ScriptFlow.c(56): web_reg_save_param started  	[MsgId: MMSG-26355]
ScriptFlow.c(56): Registering web_reg_save_param was successful  	[MsgId: MMSG-26390]
EmployerTab.c(4): Notify: Transaction "INTEG_EMPLYR_0001_Click_on_Employer_Portal_Tab" started.	[MsgId: MMSG-16999]
EmployerTab.c(6): web_url("Employer Portal") started  	[MsgId: MMSG-26355]
EmployerTab.c(6): Notify: Parameter Substitution: parameter "HTTP" =  "http"	[MsgId: MMSG-13992]
EmployerTab.c(6): Notify: Parameter Substitution: parameter "EnrollAppLandingPage" =  "enroll-preprod.dchbx.org"	[MsgId: MMSG-13992]
EmployerTab.c(6): Notify: Parameter Substitution: parameter "HTTP" =  "http"	[MsgId: MMSG-13992]
EmployerTab.c(6): Notify: Parameter Substitution: parameter "EnrollAppLandingPage" =  "enroll-preprod.dchbx.org"	[MsgId: MMSG-13992]
EmployerTab.c(6): Redirecting "http://enroll-preprod.dchbx.org/employers/employer_profiles/new" (redirection depth is 0)  	[MsgId: MMSG-26694]
EmployerTab.c(6): To location "http://enroll-preprod.dchbx.org/users/sign_up"  	[MsgId: MMSG-26693]
EmployerTab.c(6): Notify: Saving Parameter "AUTH_TOKEN_5 = PQamCrQ7naZ3T6U5NooCgDXGiMb/8+ecF6lHymbUjZzFaeRpNqDxUU1m680XPS/lH3a9g78iL+J3T9PyWJHIug==".	[MsgId: MMSG-13798]
EmployerTab.c(6): Resource "http://enroll-preprod.dchbx.org/assets/application-1e9451d4800c018fa4e80ddaf4a48504.css" is in the cache already and will not be downloaded again  	[MsgId: MMSG-26655]
EmployerTab.c(6): Resource "http://enroll-preprod.dchbx.org/assets/application-b094f49d22c6932f2b712377d49517c9.js" is in the cache already and will not be downloaded again  	[MsgId: MMSG-26655]
EmployerTab.c(6): Resource "https://fonts.googleapis.com/css?family=Open+Sans:300italic,400italic,600italic,700italic,800italic,400,300,600,700,800" is in the cache already and will not be downloaded again  	[MsgId: MMSG-26655]
EmployerTab.c(6): Resource "http://enroll-preprod.dchbx.org/assets/logo-37b2d59fd0101e8781456ec388f3400a.png" is in the cache already and will not be downloaded again  	[MsgId: MMSG-26655]
EmployerTab.c(6): Resource "http://enroll-preprod.dchbx.org/assets/icons/phone-b3ad531e1c8368729f17ce45eb54bbf1.png" is in the cache already and will not be downloaded again  	[MsgId: MMSG-26655]
EmployerTab.c(6): Resource "http://enroll-preprod.dchbx.org/assets/icons/mail-30cd69f38c85fd121d2468b88f4dec71.png" is in the cache already and will not be downloaded again  	[MsgId: MMSG-26655]
EmployerTab.c(6): Resource "http://enroll-preprod.dchbx.org/assets/icons/message-e6d0f4f5f538fe315e1cb2eb96c57bec.png" is in the cache already and will not be downloaded again  	[MsgId: MMSG-26655]
EmployerTab.c(6): web_url("Employer Portal") was successful, 9102 body bytes, 966 header bytes  	[MsgId: MMSG-26386]
EmployerTab.c(16): Notify: Transaction "INTEG_EMPLYR_0001_Click_on_Employer_Portal_Tab" ended with a "Pass" status (Duration: 0.0481 Wasted Time: 0.0002).	[MsgId: MMSG-16871]
ScriptFlow.c(60): Think time - Waiting 2.00 seconds (according to limit).	[MsgId: MMSG-15946]
ScriptFlow.c(60): lr_think_time: 2.00 seconds (recorded think time was 10.00 seconds).	[MsgId: MMSG-15947]
ScriptFlow.c(62): web_reg_save_param started  	[MsgId: MMSG-26355]
ScriptFlow.c(62): Registering web_reg_save_param was successful  	[MsgId: MMSG-26390]
EmployerLogin.c(4): Notify: Transaction "INTEG_EMPLYR_0004_Login" started.	[MsgId: MMSG-16999]
EmployerLogin.c(6): web_submit_data("sign_in") started  	[MsgId: MMSG-26355]
EmployerLogin.c(6): Notify: Parameter Substitution: parameter "HTTP" =  "http"	[MsgId: MMSG-13992]
EmployerLogin.c(6): Notify: Parameter Substitution: parameter "EnrollAppLandingPage" =  "enroll-preprod.dchbx.org"	[MsgId: MMSG-13992]
EmployerLogin.c(6): Notify: Parameter Substitution: parameter "HTTP" =  "http"	[MsgId: MMSG-13992]
EmployerLogin.c(6): Notify: Parameter Substitution: parameter "EnrollAppLandingPage" =  "enroll-preprod.dchbx.org"	[MsgId: MMSG-13992]
EmployerLogin.c(6): Notify: Parameter Substitution: parameter "AUTH_TOKEN_5" =  "PQamCrQ7naZ3T6U5NooCgDXGiMb/8+ecF6lHymbUjZzFaeRpNqDxUU1m680XPS/lH3a9g78iL+J3T9PyWJHIug=="	[MsgId: MMSG-13992]
EmployerLogin.c(6): Notify: Parameter Substitution: parameter "pEmpPrefix" =  "BIZ-FM26"	[MsgId: MMSG-13992]
EmployerLogin.c(6): Notify: Parameter Substitution: parameter "FEIN" =  "568554777"	[MsgId: MMSG-13992]
EmployerLogin.c(6): Redirecting "http://enroll-preprod.dchbx.org/users/sign_in" (redirection depth is 0)  	[MsgId: MMSG-26694]
EmployerLogin.c(6): To location "http://enroll-preprod.dchbx.org/employers"  	[MsgId: MMSG-26693]
EmployerLogin.c(6): Notify: Saving Parameter "EMPLOYER_ID = 560c2a6169702d24a0eb3600".	[MsgId: MMSG-13798]
EmployerLogin.c(6): Redirecting "http://enroll-preprod.dchbx.org/employers" (redirection depth is 1)  	[MsgId: MMSG-26694]
EmployerLogin.c(6): To location "http://enroll-preprod.dchbx.org/employers/employer_profiles/560c2a6169702d24a0eb3600"  	[MsgId: MMSG-26693]
EmployerLogin.c(6): Resource "http://enroll-preprod.dchbx.org/assets/application-1e9451d4800c018fa4e80ddaf4a48504.css" is in the cache already and will not be downloaded again  	[MsgId: MMSG-26655]
EmployerLogin.c(6): Resource "http://enroll-preprod.dchbx.org/assets/application-b094f49d22c6932f2b712377d49517c9.js" is in the cache already and will not be downloaded again  	[MsgId: MMSG-26655]
EmployerLogin.c(6): Resource "https://fonts.googleapis.com/css?family=Open+Sans:300italic,400italic,600italic,700italic,800italic,400,300,600,700,800" is in the cache already and will not be downloaded again  	[MsgId: MMSG-26655]
EmployerLogin.c(6): Resource "http://enroll-preprod.dchbx.org/assets/logo-37b2d59fd0101e8781456ec388f3400a.png" is in the cache already and will not be downloaded again  	[MsgId: MMSG-26655]
EmployerLogin.c(6): Resource "http://enroll-preprod.dchbx.org/assets/icons/icon-business-owner-c8920868ad7a0186be46b4928575297b.png" is in the cache already and will not be downloaded again  	[MsgId: MMSG-26655]
EmployerLogin.c(6): Resource "http://enroll-preprod.dchbx.org/assets/icons/phone-b3ad531e1c8368729f17ce45eb54bbf1.png" is in the cache already and will not be downloaded again  	[MsgId: MMSG-26655]
EmployerLogin.c(6): Resource "http://enroll-preprod.dchbx.org/assets/icons/mail-30cd69f38c85fd121d2468b88f4dec71.png" is in the cache already and will not be downloaded again  	[MsgId: MMSG-26655]
EmployerLogin.c(6): Resource "http://enroll-preprod.dchbx.org/assets/icons/message-e6d0f4f5f538fe315e1cb2eb96c57bec.png" is in the cache already and will not be downloaded again  	[MsgId: MMSG-26655]
EmployerLogin.c(6): web_submit_data("sign_in") was successful, 14884 body bytes, 1548 header bytes  	[MsgId: MMSG-26386]
EmployerLogin.c(26): Notify: Transaction "INTEG_EMPLYR_0004_Login" ended with a "Pass" status (Duration: 0.2166 Wasted Time: 0.0001).	[MsgId: MMSG-16871]
ScriptFlow.c(66): Think time - Waiting 2.00 seconds (according to limit).	[MsgId: MMSG-15946]
ScriptFlow.c(66): lr_think_time: 2.00 seconds (recorded think time was 10.00 seconds).	[MsgId: MMSG-15947]
ScriptFlow.c(68): web_reg_save_param started  	[MsgId: MMSG-26355]
ScriptFlow.c(68): Registering web_reg_save_param was successful  	[MsgId: MMSG-26390]
ScriptFlow.c(70): web_reg_save_param started  	[MsgId: MMSG-26355]
ScriptFlow.c(70): Registering web_reg_save_param was successful  	[MsgId: MMSG-26390]
ScriptFlow.c(74): web_reg_save_param_ex started  	[MsgId: MMSG-26355]
ScriptFlow.c(74): Registering web_reg_save_param_ex was successful  	[MsgId: MMSG-26390]
EmployerClickBenefitsTab.c(4): web_reg_save_param started  	[MsgId: MMSG-26355]
EmployerClickBenefitsTab.c(4): Registering web_reg_save_param was successful  	[MsgId: MMSG-26390]
EmployerClickBenefitsTab.c(6): Notify: Transaction "INTEG_EMPLYR_0006_Click_Benefits_Tab" started.	[MsgId: MMSG-16999]
EmployerClickBenefitsTab.c(8): web_url("Benefits Benefits") started  	[MsgId: MMSG-26355]
EmployerClickBenefitsTab.c(8): Notify: Parameter Substitution: parameter "HTTP" =  "http"	[MsgId: MMSG-13992]
EmployerClickBenefitsTab.c(8): Notify: Parameter Substitution: parameter "EnrollAppLandingPage" =  "enroll-preprod.dchbx.org"	[MsgId: MMSG-13992]
EmployerClickBenefitsTab.c(8): Notify: Parameter Substitution: parameter "EMPLOYER_ID" =  "560c2a6169702d24a0eb3600"	[MsgId: MMSG-13992]
EmployerClickBenefitsTab.c(8): Notify: Parameter Substitution: parameter "HTTP" =  "http"	[MsgId: MMSG-13992]
EmployerClickBenefitsTab.c(8): Notify: Parameter Substitution: parameter "EnrollAppLandingPage" =  "enroll-preprod.dchbx.org"	[MsgId: MMSG-13992]
EmployerClickBenefitsTab.c(8): Notify: Parameter Substitution: parameter "EMPLOYER_ID" =  "560c2a6169702d24a0eb3600"	[MsgId: MMSG-13992]
EmployerClickBenefitsTab.c(8): Notify: Saving Parameter "AUTH_TOKEN_4 = MD7SA0YgEyofWcmFs4n+rRNDPWlPBPX6/2kn00dirhNjra3vZpjDjY71QwHZ6wI4HdWSLnfC2Q6KCHX3fDx8Jw==".	[MsgId: MMSG-13798]
EmployerClickBenefitsTab.c(8): Notify: Saving Parameter "AUTH_TOKEN_4 = MD7SA0YgEyofWcmFs4n+rRNDPWlPBPX6/2kn00dirhNjra3vZpjDjY71QwHZ6wI4HdWSLnfC2Q6KCHX3fDx8Jw==".	[MsgId: MMSG-13798]
EmployerClickBenefitsTab.c(8): Notify: Saving Parameter "Plan_ID4URL = 560c2a6969702d2470453700".	[MsgId: MMSG-13798]
EmployerClickBenefitsTab.c(8): Notify: Saving Parameter "BENEFIT_GROUP_ID_3 = 560c2a6969702d24703f3700".	[MsgId: MMSG-13798]
EmployerClickBenefitsTab.c(8): web_url("Benefits Benefits") was successful, 15742 body bytes, 444 header bytes  	[MsgId: MMSG-26386]
EmployerClickBenefitsTab.c(18): Notify: Transaction "INTEG_EMPLYR_0006_Click_Benefits_Tab" ended with a "Pass" status (Duration: 0.0815 Wasted Time: 0.0003).	[MsgId: MMSG-16871]
ScriptFlow.c(78): Think time - Waiting 2.00 seconds (according to limit).	[MsgId: MMSG-15946]
ScriptFlow.c(78): lr_think_time: 2.00 seconds (recorded think time was 10.00 seconds).	[MsgId: MMSG-15947]
ScriptFlow.c(80): Warning: The string 'pEMPLOYEECOUNT' with parameter delimiters is not a parameter.	[MsgId: MWAR-13987]
ScriptFlow.c(106): web_add_header("X-CSRF-Token") started  	[MsgId: MMSG-26355]
ScriptFlow.c(106): Notify: Parameter Substitution: parameter "AUTH_TOKEN_4" =  "MD7SA0YgEyofWcmFs4n+rRNDPWlPBPX6/2kn00dirhNjra3vZpjDjY71QwHZ6wI4HdWSLnfC2Q6KCHX3fDx8Jw=="	[MsgId: MMSG-13992]
ScriptFlow.c(106): web_add_header("X-CSRF-Token") was successful  	[MsgId: MMSG-26392]
PublishPlan.c(5): Notify: Transaction "INTEG_EMPLYR_00011_PublishPlan" started.	[MsgId: MMSG-16999]
PublishPlan.c(7): web_custom_request("publish") started  	[MsgId: MMSG-26355]
PublishPlan.c(7): Notify: Parameter Substitution: parameter "HTTP" =  "http"	[MsgId: MMSG-13992]
PublishPlan.c(7): Notify: Parameter Substitution: parameter "EnrollAppLandingPage" =  "enroll-preprod.dchbx.org"	[MsgId: MMSG-13992]
PublishPlan.c(7): Notify: Parameter Substitution: parameter "EMPLOYER_ID" =  "560c2a6169702d24a0eb3600"	[MsgId: MMSG-13992]
PublishPlan.c(7): Notify: Parameter Substitution: parameter "Plan_ID4URL" =  "560c2a6969702d2470453700"	[MsgId: MMSG-13992]
PublishPlan.c(7): Notify: Parameter Substitution: parameter "HTTP" =  "http"	[MsgId: MMSG-13992]
PublishPlan.c(7): Notify: Parameter Substitution: parameter "EnrollAppLandingPage" =  "enroll-preprod.dchbx.org"	[MsgId: MMSG-13992]
PublishPlan.c(7): Notify: Parameter Substitution: parameter "EMPLOYER_ID" =  "560c2a6169702d24a0eb3600"	[MsgId: MMSG-13992]
PublishPlan.c(7): web_custom_request("publish") was successful, 73 body bytes, 488 header bytes  	[MsgId: MMSG-26386]
PublishPlan.c(19): web_reg_find started  	[MsgId: MMSG-26355]
PublishPlan.c(19): Registering web_reg_find was successful  	[MsgId: MMSG-26390]
PublishPlan.c(21): web_url("55c5577169702d34e21e0100") started  	[MsgId: MMSG-26355]
PublishPlan.c(21): Notify: Parameter Substitution: parameter "HTTP" =  "http"	[MsgId: MMSG-13992]
PublishPlan.c(21): Notify: Parameter Substitution: parameter "EnrollAppLandingPage" =  "enroll-preprod.dchbx.org"	[MsgId: MMSG-13992]
PublishPlan.c(21): Notify: Parameter Substitution: parameter "EMPLOYER_ID" =  "560c2a6169702d24a0eb3600"	[MsgId: MMSG-13992]
PublishPlan.c(21): Notify: Parameter Substitution: parameter "HTTP" =  "http"	[MsgId: MMSG-13992]
PublishPlan.c(21): Notify: Parameter Substitution: parameter "EnrollAppLandingPage" =  "enroll-preprod.dchbx.org"	[MsgId: MMSG-13992]
PublishPlan.c(21): Notify: Parameter Substitution: parameter "EMPLOYER_ID" =  "560c2a6169702d24a0eb3600"	[MsgId: MMSG-13992]
PublishPlan.c(21): Resource "http://enroll-preprod.dchbx.org/assets/application-1e9451d4800c018fa4e80ddaf4a48504.css" is in the cache already and will not be downloaded again  	[MsgId: MMSG-26655]
PublishPlan.c(21): Resource "http://enroll-preprod.dchbx.org/assets/application-b094f49d22c6932f2b712377d49517c9.js" is in the cache already and will not be downloaded again  	[MsgId: MMSG-26655]
PublishPlan.c(21): Resource "https://fonts.googleapis.com/css?family=Open+Sans:300italic,400italic,600italic,700italic,800italic,400,300,600,700,800" is in the cache already and will not be downloaded again  	[MsgId: MMSG-26655]
PublishPlan.c(21): Resource "http://enroll-preprod.dchbx.org/assets/logo-37b2d59fd0101e8781456ec388f3400a.png" is in the cache already and will not be downloaded again  	[MsgId: MMSG-26655]
PublishPlan.c(21): Resource "http://enroll-preprod.dchbx.org/assets/icons/icon-business-owner-c8920868ad7a0186be46b4928575297b.png" is in the cache already and will not be downloaded again  	[MsgId: MMSG-26655]
PublishPlan.c(21): Resource "http://enroll-preprod.dchbx.org/assets/icons/phone-b3ad531e1c8368729f17ce45eb54bbf1.png" is in the cache already and will not be downloaded again  	[MsgId: MMSG-26655]
PublishPlan.c(21): Resource "http://enroll-preprod.dchbx.org/assets/icons/mail-30cd69f38c85fd121d2468b88f4dec71.png" is in the cache already and will not be downloaded again  	[MsgId: MMSG-26655]
PublishPlan.c(21): Resource "http://enroll-preprod.dchbx.org/assets/icons/message-e6d0f4f5f538fe315e1cb2eb96c57bec.png" is in the cache already and will not be downloaded again  	[MsgId: MMSG-26655]
PublishPlan.c(21): Registered web_reg_find successful for "Text=Plan Year successfully published"  	[MsgId: MMSG-26362]
PublishPlan.c(21): Notify: Saving Parameter "PublishCount = 0".	[MsgId: MMSG-13798]
PublishPlan.c(21): web_url("55c5577169702d34e21e0100") was successful, 16179 body bytes, 533 header bytes  	[MsgId: MMSG-26386]
PublishPlan.c(31): Notify: Parameter Substitution: parameter "PublishCount" =  "0"	[MsgId: MMSG-13992]
PublishPlan.c(33): Notify: Transaction "INTEG_EMPLYR_00011_PublishPlan" ended with a "Fail" status (Duration: 0.2008 Wasted Time: 0.0000).	[MsgId: MMSG-16871]
PublishPlan.c(33): Notify: Transaction "INTEG_EMPLYR_00011_PublishPlan" has 0 error message(s).	[MsgId: MMSG-16818]
PublishPlan.c(34): Notify: Parameter Substitution: parameter "pEmpPrefix" =  "BIZ-FM26"	[MsgId: MMSG-13992]
PublishPlan.c(34): Notify: Parameter Substitution: parameter "FEIN" =  "568554777"	[MsgId: MMSG-13992]
PublishPlan.c(34): Error: Failed to Publish Plan for User::: BIZ-FM26568554777@test.com	[MsgId: MERR-17999]
Ending action ScriptFlow.	[MsgId: MMSG-15918]
Action was aborted.	[MsgId: MMSG-10694]
Ending Vuser...	[MsgId: MMSG-15966]
Starting action vuser_end.	[MsgId: MMSG-15919]
Ending action vuser_end.	[MsgId: MMSG-15918]
Vuser Terminated.	[MsgId: MMSG-15963]
Vuser 0 (thread 8488), ended OK."	[MsgId: MMSG-10695]
