Virtual User Script started at : 8/27/2015 11:22:43 PM	[MsgId: MMSG-15967]
Starting action vuser_init.	[MsgId: MMSG-15919]
Web Turbo Replay of LoadRunner 12.0.0 for Windows 7; build 2739 (Nov 30 2014 23:13:05)  	[MsgId: MMSG-27143]
Run mode: HTML  	[MsgId: MMSG-26993]
Run-Time Settings file: "C:\Users\francis.montenegro\AppData\Local\Temp\1\lr5tmpdirFIg.558\lrcfgSJB.559\cfgwLB.573"  	[MsgId: MMSG-27141]
vuser_init.c(15): Notify: Parameter Substitution: parameter "MillisSeed" =  "232243.946"	[MsgId: MMSG-13992]
Ending action vuser_init.	[MsgId: MMSG-15918]
Running Vuser...	[MsgId: MMSG-15964]
Starting iteration 1.	[MsgId: MMSG-15968]
Maximum number of concurrent connections per server: 6  	[MsgId: MMSG-26989]
Starting action ScriptFlow.	[MsgId: MMSG-15919]
EmployeeRosterSizeCalculator.c(4): Notify: Saving Parameter "Random = 35".	[MsgId: MMSG-13798]
EmployeeRosterSizeCalculator.c(24): Notify: Parameter Substitution: parameter "Random" =  "35"	[MsgId: MMSG-13992]
EmployeeRosterSizeCalculator.c(28): Notify: Parameter Substitution: parameter "Random" =  "35"	[MsgId: MMSG-13992]
EmployeeRosterSizeCalculator.c(32): Notify: Parameter Substitution: parameter "Random" =  "35"	[MsgId: MMSG-13992]
EmployeeRosterSizeCalculator.c(36): Notify: Parameter Substitution: parameter "Random" =  "35"	[MsgId: MMSG-13992]
EmployeeRosterSizeCalculator.c(41): Notify: Saving Parameter "pEMPLOYEECOUNT = 3".	[MsgId: MMSG-13798]
EmployeeRosterSizeCalculator.c(42): Notify: Saving Parameter "pAddEmployeeTrName = 01_OneToTenEmployee".	[MsgId: MMSG-13798]
LandingPage.c(4): web_set_sockets_option started  	[MsgId: MMSG-26355]
LandingPage.c(4): web_set_sockets_option was successful  	[MsgId: MMSG-26392]
LandingPage.c(6): Notify: Transaction "EMPLYR_0000_Landing_Page" started.	[MsgId: MMSG-16999]
LandingPage.c(8): web_url("10.83.84.161") started  	[MsgId: MMSG-26355]
LandingPage.c(8): Notify: Parameter Substitution: parameter "HTTP" =  "http"	[MsgId: MMSG-13992]
LandingPage.c(8): Notify: Parameter Substitution: parameter "host_10_83_84_161" =  "enroll_uat.dchbx.org"	[MsgId: MMSG-13992]
LandingPage.c(8): Found resource "http://enroll_uat.dchbx.org/assets/application-f46679a55900235b472472ac8659a877.css" in HTML "http://enroll_uat.dchbx.org/"  	[MsgId: MMSG-26659]
LandingPage.c(8): Found resource "http://enroll_uat.dchbx.org/assets/application-022817e729d78c2891542a42e4d3b541.js" in HTML "http://enroll_uat.dchbx.org/"  	[MsgId: MMSG-26659]
LandingPage.c(8): Found resource "https://fonts.googleapis.com/css?family=Open+Sans:300italic,400italic,600italic,700italic,800italic,400,300,600,700,800" in HTML "http://enroll_uat.dchbx.org/"  	[MsgId: MMSG-26659]
LandingPage.c(8): Found resource "http://enroll_uat.dchbx.org/assets/logo-43b272dcff33b1b3a8efb15e6f6c0e7c.png" in HTML "http://enroll_uat.dchbx.org/"  	[MsgId: MMSG-26659]
LandingPage.c(8): Found resource "http://enroll_uat.dchbx.org/assets/icons/phone-bcc17403386ca4171aae411f308ef6a1.png" in HTML "http://enroll_uat.dchbx.org/"  	[MsgId: MMSG-26659]
LandingPage.c(8): Found resource "http://enroll_uat.dchbx.org/assets/icons/mail-21b45f89893abcf4033b96e8a261354e.png" in HTML "http://enroll_uat.dchbx.org/"  	[MsgId: MMSG-26659]
LandingPage.c(8): Found resource "http://enroll_uat.dchbx.org/assets/icons/message-6a0a303d9fc72d557125912bdf9efed8.png" in HTML "http://enroll_uat.dchbx.org/"  	[MsgId: MMSG-26659]
LandingPage.c(8): web_url("10.83.84.161") was successful, 865251 body bytes, 3211 header bytes, 256 chunking overhead bytes  	[MsgId: MMSG-26385]
LandingPage.c(18): Notify: Transaction "EMPLYR_0000_Landing_Page" ended with a "Pass" status (Duration: 1.2933 Wasted Time: 1.0443).	[MsgId: MMSG-16871]
LandingPage.c(20): lr_think_time: 11.00 seconds.	[MsgId: MMSG-15948]
ScriptFlow.c(12): lr_think_time: 12.00 seconds.	[MsgId: MMSG-15948]
EmployerTab.c(4): Notify: Transaction "EMPLYR_0001_Click_on_Employer_Portal_Tab" started.	[MsgId: MMSG-16999]
EmployerTab.c(6): web_url("Employer Portal") started  	[MsgId: MMSG-26355]
EmployerTab.c(6): Notify: Parameter Substitution: parameter "HTTP" =  "http"	[MsgId: MMSG-13992]
EmployerTab.c(6): Notify: Parameter Substitution: parameter "host_10_83_84_161" =  "enroll_uat.dchbx.org"	[MsgId: MMSG-13992]
EmployerTab.c(6): Notify: Parameter Substitution: parameter "HTTP" =  "http"	[MsgId: MMSG-13992]
EmployerTab.c(6): Notify: Parameter Substitution: parameter "host_10_83_84_161" =  "enroll_uat.dchbx.org"	[MsgId: MMSG-13992]
EmployerTab.c(6): Redirecting "http://enroll_uat.dchbx.org/employers/employer_profiles/new" (redirection depth is 0)  	[MsgId: MMSG-26694]
EmployerTab.c(6): To location "http://enroll_uat.dchbx.org/users/sign_in"  	[MsgId: MMSG-26693]
EmployerTab.c(6): Resource "http://enroll_uat.dchbx.org/assets/application-f46679a55900235b472472ac8659a877.css" is in the cache already and will not be downloaded again  	[MsgId: MMSG-26655]
EmployerTab.c(6): Resource "http://enroll_uat.dchbx.org/assets/application-022817e729d78c2891542a42e4d3b541.js" is in the cache already and will not be downloaded again  	[MsgId: MMSG-26655]
EmployerTab.c(6): Resource "https://fonts.googleapis.com/css?family=Open+Sans:300italic,400italic,600italic,700italic,800italic,400,300,600,700,800" is in the cache already and will not be downloaded again  	[MsgId: MMSG-26655]
EmployerTab.c(6): Resource "http://enroll_uat.dchbx.org/assets/logo-43b272dcff33b1b3a8efb15e6f6c0e7c.png" is in the cache already and will not be downloaded again  	[MsgId: MMSG-26655]
EmployerTab.c(6): Resource "http://enroll_uat.dchbx.org/assets/icons/phone-bcc17403386ca4171aae411f308ef6a1.png" is in the cache already and will not be downloaded again  	[MsgId: MMSG-26655]
EmployerTab.c(6): Resource "http://enroll_uat.dchbx.org/assets/icons/mail-21b45f89893abcf4033b96e8a261354e.png" is in the cache already and will not be downloaded again  	[MsgId: MMSG-26655]
EmployerTab.c(6): Resource "http://enroll_uat.dchbx.org/assets/icons/message-6a0a303d9fc72d557125912bdf9efed8.png" is in the cache already and will not be downloaded again  	[MsgId: MMSG-26655]
EmployerTab.c(6): web_url("Employer Portal") was successful, 20794 body bytes, 874 header bytes  	[MsgId: MMSG-26386]
EmployerTab.c(16): Notify: Transaction "EMPLYR_0001_Click_on_Employer_Portal_Tab" ended with a "Pass" status (Duration: 0.0628).	[MsgId: MMSG-16873]
ScriptFlow.c(18): lr_think_time: 10.00 seconds.	[MsgId: MMSG-15948]
EmployerCreateAccount.c(4): web_set_sockets_option started  	[MsgId: MMSG-26355]
EmployerCreateAccount.c(4): web_set_sockets_option was successful  	[MsgId: MMSG-26392]
EmployerCreateAccount.c(6): web_reg_save_param started  	[MsgId: MMSG-26355]
EmployerCreateAccount.c(6): Registering web_reg_save_param was successful  	[MsgId: MMSG-26390]
EmployerCreateAccount.c(8): Notify: Transaction "EMPLYR_0002_Click_on_Create_Account" started.	[MsgId: MMSG-16999]
EmployerCreateAccount.c(10): web_url("Create account") started  	[MsgId: MMSG-26355]
EmployerCreateAccount.c(10): Notify: Parameter Substitution: parameter "HTTP" =  "http"	[MsgId: MMSG-13992]
EmployerCreateAccount.c(10): Notify: Parameter Substitution: parameter "host_10_83_84_161" =  "enroll_uat.dchbx.org"	[MsgId: MMSG-13992]
EmployerCreateAccount.c(10): Notify: Parameter Substitution: parameter "HTTP" =  "http"	[MsgId: MMSG-13992]
EmployerCreateAccount.c(10): Notify: Parameter Substitution: parameter "host_10_83_84_161" =  "enroll_uat.dchbx.org"	[MsgId: MMSG-13992]
EmployerCreateAccount.c(10): Notify: Saving Parameter "AUTH_TOKEN_1 = iAv5f0Y9cHHeNK9qqGGqNrL7axKV5BFxCsJUWG3hhj+ULZaK42eQ9AaN+8o0Icvgx5kHUyn+GQs3QMehNJGHyg==".	[MsgId: MMSG-13798]
EmployerCreateAccount.c(10): Resource "http://enroll_uat.dchbx.org/assets/application-f46679a55900235b472472ac8659a877.css" is in the cache already and will not be downloaded again  	[MsgId: MMSG-26655]
EmployerCreateAccount.c(10): Resource "http://enroll_uat.dchbx.org/assets/application-022817e729d78c2891542a42e4d3b541.js" is in the cache already and will not be downloaded again  	[MsgId: MMSG-26655]
EmployerCreateAccount.c(10): Resource "https://fonts.googleapis.com/css?family=Open+Sans:300italic,400italic,600italic,700italic,800italic,400,300,600,700,800" is in the cache already and will not be downloaded again  	[MsgId: MMSG-26655]
EmployerCreateAccount.c(10): Resource "http://enroll_uat.dchbx.org/assets/logo-43b272dcff33b1b3a8efb15e6f6c0e7c.png" is in the cache already and will not be downloaded again  	[MsgId: MMSG-26655]
EmployerCreateAccount.c(10): Resource "http://enroll_uat.dchbx.org/assets/icons/phone-bcc17403386ca4171aae411f308ef6a1.png" is in the cache already and will not be downloaded again  	[MsgId: MMSG-26655]
EmployerCreateAccount.c(10): Resource "http://enroll_uat.dchbx.org/assets/icons/mail-21b45f89893abcf4033b96e8a261354e.png" is in the cache already and will not be downloaded again  	[MsgId: MMSG-26655]
EmployerCreateAccount.c(10): Resource "http://enroll_uat.dchbx.org/assets/icons/message-6a0a303d9fc72d557125912bdf9efed8.png" is in the cache already and will not be downloaded again  	[MsgId: MMSG-26655]
EmployerCreateAccount.c(10): web_url("Create account") was successful, 20828 body bytes, 444 header bytes  	[MsgId: MMSG-26386]
EmployerCreateAccount.c(20): Notify: Transaction "EMPLYR_0002_Click_on_Create_Account" ended with a "Pass" status (Duration: 0.0421 Wasted Time: 0.0003).	[MsgId: MMSG-16871]
EmployerCreateAccount.c(22): lr_think_time: 11.00 seconds.	[MsgId: MMSG-15948]
EmployerCreateAccount.c(24): web_reg_save_param started  	[MsgId: MMSG-26355]
EmployerCreateAccount.c(24): Registering web_reg_save_param was successful  	[MsgId: MMSG-26390]
EmployerCreateAccount.c(25): web_reg_find started  	[MsgId: MMSG-26355]
EmployerCreateAccount.c(25): Registering web_reg_find was successful  	[MsgId: MMSG-26390]
EmployerCreateAccount.c(27): Notify: Transaction "EMPLYR_0003_Create_Account_Submit" started.	[MsgId: MMSG-16999]
EmployerCreateAccount.c(29): web_submit_data("users") started  	[MsgId: MMSG-26355]
EmployerCreateAccount.c(29): Notify: Parameter Substitution: parameter "HTTP" =  "http"	[MsgId: MMSG-13992]
EmployerCreateAccount.c(29): Notify: Parameter Substitution: parameter "host_10_83_84_161" =  "enroll_uat.dchbx.org"	[MsgId: MMSG-13992]
EmployerCreateAccount.c(29): Notify: Parameter Substitution: parameter "HTTP" =  "http"	[MsgId: MMSG-13992]
EmployerCreateAccount.c(29): Notify: Parameter Substitution: parameter "host_10_83_84_161" =  "enroll_uat.dchbx.org"	[MsgId: MMSG-13992]
EmployerCreateAccount.c(29): Notify: Parameter Substitution: parameter "AUTH_TOKEN_1" =  "iAv5f0Y9cHHeNK9qqGGqNrL7axKV5BFxCsJUWG3hhj+ULZaK42eQ9AaN+8o0Icvgx5kHUyn+GQs3QMehNJGHyg=="	[MsgId: MMSG-13992]
EmployerCreateAccount.c(29): Notify: Parameter Substitution: parameter "HTTP" =  "http"	[MsgId: MMSG-13992]
EmployerCreateAccount.c(29): Notify: Parameter Substitution: parameter "host_10_83_84_161" =  "enroll_uat.dchbx.org"	[MsgId: MMSG-13992]
EmployerCreateAccount.c(29): Notify: Parameter Substitution: parameter "pEmpPrefix" =  "BIZ-FM8"	[MsgId: MMSG-13992]
EmployerCreateAccount.c(29): Notify: Parameter Substitution: parameter "FEIN" =  "328236313"	[MsgId: MMSG-13992]
EmployerCreateAccount.c(29): Redirecting "http://enroll_uat.dchbx.org/users" (redirection depth is 0)  	[MsgId: MMSG-26694]
EmployerCreateAccount.c(29): To location "http://enroll_uat.dchbx.org/employers"  	[MsgId: MMSG-26693]
EmployerCreateAccount.c(29): Notify: Saving Parameter "AUTH_TOKEN_2 = +GJicun2chsbbvaY2LUsjkn25JzLvgWhvHLB0gq0GHLkRA2HTKySnsPXojhE9U1YPJSI3XekDduB8FIrU8QZhw==".	[MsgId: MMSG-13798]
EmployerCreateAccount.c(29): Resource "http://enroll_uat.dchbx.org/assets/application-f46679a55900235b472472ac8659a877.css" is in the cache already and will not be downloaded again  	[MsgId: MMSG-26655]
EmployerCreateAccount.c(29): Resource "http://enroll_uat.dchbx.org/assets/application-022817e729d78c2891542a42e4d3b541.js" is in the cache already and will not be downloaded again  	[MsgId: MMSG-26655]
EmployerCreateAccount.c(29): Resource "https://fonts.googleapis.com/css?family=Open+Sans:300italic,400italic,600italic,700italic,800italic,400,300,600,700,800" is in the cache already and will not be downloaded again  	[MsgId: MMSG-26655]
EmployerCreateAccount.c(29): Resource "http://enroll_uat.dchbx.org/assets/logo-43b272dcff33b1b3a8efb15e6f6c0e7c.png" is in the cache already and will not be downloaded again  	[MsgId: MMSG-26655]
EmployerCreateAccount.c(29): Found resource "http://enroll_uat.dchbx.org/assets/delete-572c7c3f8a253bbebedd9b5735b044af.png" in HTML "http://enroll_uat.dchbx.org/employers"  	[MsgId: MMSG-26659]
EmployerCreateAccount.c(29): Resource "http://enroll_uat.dchbx.org/assets/icons/phone-bcc17403386ca4171aae411f308ef6a1.png" is in the cache already and will not be downloaded again  	[MsgId: MMSG-26655]
EmployerCreateAccount.c(29): Resource "http://enroll_uat.dchbx.org/assets/icons/mail-21b45f89893abcf4033b96e8a261354e.png" is in the cache already and will not be downloaded again  	[MsgId: MMSG-26655]
EmployerCreateAccount.c(29): Resource "http://enroll_uat.dchbx.org/assets/icons/message-6a0a303d9fc72d557125912bdf9efed8.png" is in the cache already and will not be downloaded again  	[MsgId: MMSG-26655]
EmployerCreateAccount.c(29): Registered web_reg_find successful for "Text=Your account has been created" (count=1)  	[MsgId: MMSG-26364]
EmployerCreateAccount.c(29): Notify: Saving Parameter "CreateAccountCount = 1".	[MsgId: MMSG-13798]
EmployerCreateAccount.c(29): web_submit_data("users") was successful, 32757 body bytes, 1406 header bytes  	[MsgId: MMSG-26386]
EmployerCreateAccount.c(49): Notify: Parameter Substitution: parameter "CreateAccountCount" =  "1"	[MsgId: MMSG-13992]
EmployerCreateAccount.c(57): Notify: Transaction "EMPLYR_0003_Create_Account_Submit" ended with a "Pass" status (Duration: 0.2082 Wasted Time: 0.0002).	[MsgId: MMSG-16871]
ScriptFlow.c(22): lr_think_time: 10.00 seconds.	[MsgId: MMSG-15948]
ScriptFlow.c(24): Notify: Saving Parameter "LegalName = 3".	[MsgId: MMSG-13798]
ScriptFlow.c(26): Notify: Parameter Substitution: parameter "LegalName" =  "3"	[MsgId: MMSG-13992]
randomname.h(15): Notify: Saving Parameter "LegalName = mxw".	[MsgId: MMSG-13798]
EmployerCreateProfile.c(4): web_reg_save_param started  	[MsgId: MMSG-26355]
EmployerCreateProfile.c(4): Registering web_reg_save_param was successful  	[MsgId: MMSG-26390]
EmployerCreateProfile.c(6): Notify: Transaction "EMPLYR_0005_CreateBusinesss_Profile" started.	[MsgId: MMSG-16999]
EmployerCreateProfile.c(8): web_submit_data("employer_profiles") started  	[MsgId: MMSG-26355]
EmployerCreateProfile.c(8): Notify: Parameter Substitution: parameter "HTTP" =  "http"	[MsgId: MMSG-13992]
EmployerCreateProfile.c(8): Notify: Parameter Substitution: parameter "host_10_83_84_161" =  "enroll_uat.dchbx.org"	[MsgId: MMSG-13992]
EmployerCreateProfile.c(8): Notify: Parameter Substitution: parameter "HTTP" =  "http"	[MsgId: MMSG-13992]
EmployerCreateProfile.c(8): Notify: Parameter Substitution: parameter "host_10_83_84_161" =  "enroll_uat.dchbx.org"	[MsgId: MMSG-13992]
EmployerCreateProfile.c(8): Notify: Parameter Substitution: parameter "AUTH_TOKEN_2" =  "+GJicun2chsbbvaY2LUsjkn25JzLvgWhvHLB0gq0GHLkRA2HTKySnsPXojhE9U1YPJSI3XekDduB8FIrU8QZhw=="	[MsgId: MMSG-13992]
EmployerCreateProfile.c(8): Notify: Parameter Substitution: parameter "FEIN" =  "328236313"	[MsgId: MMSG-13992]
EmployerCreateProfile.c(8): Notify: Parameter Substitution: parameter "FEIN" =  "328236313"	[MsgId: MMSG-13992]
EmployerCreateProfile.c(8): Notify: Parameter Substitution: parameter "LegalName" =  "mxw"	[MsgId: MMSG-13992]
EmployerCreateProfile.c(8): Notify: Parameter Substitution: parameter "FEIN" =  "328236313"	[MsgId: MMSG-13992]
EmployerCreateProfile.c(8): Notify: Parameter Substitution: parameter "FEIN" =  "328236313"	[MsgId: MMSG-13992]
EmployerCreateProfile.c(8): Notify: Parameter Substitution: parameter "FEIN" =  "328236313"	[MsgId: MMSG-13992]
EmployerCreateProfile.c(8): Notify: Saving Parameter "EMPLOYER_ID = 55dfd44269702d55eaef1100".	[MsgId: MMSG-13798]
EmployerCreateProfile.c(8): Redirecting "http://enroll_uat.dchbx.org/employers/employer_profiles" (redirection depth is 0)  	[MsgId: MMSG-26694]
EmployerCreateProfile.c(8): To location "http://enroll_uat.dchbx.org/employers/employer_profiles/55dfd44269702d55eaef1100"  	[MsgId: MMSG-26693]
EmployerCreateProfile.c(8): Resource "http://enroll_uat.dchbx.org/assets/application-f46679a55900235b472472ac8659a877.css" is in the cache already and will not be downloaded again  	[MsgId: MMSG-26655]
EmployerCreateProfile.c(8): Resource "http://enroll_uat.dchbx.org/assets/application-022817e729d78c2891542a42e4d3b541.js" is in the cache already and will not be downloaded again  	[MsgId: MMSG-26655]
EmployerCreateProfile.c(8): Resource "https://fonts.googleapis.com/css?family=Open+Sans:300italic,400italic,600italic,700italic,800italic,400,300,600,700,800" is in the cache already and will not be downloaded again  	[MsgId: MMSG-26655]
EmployerCreateProfile.c(8): Resource "http://enroll_uat.dchbx.org/assets/logo-43b272dcff33b1b3a8efb15e6f6c0e7c.png" is in the cache already and will not be downloaded again  	[MsgId: MMSG-26655]
EmployerCreateProfile.c(8): Found resource "http://enroll_uat.dchbx.org/assets/icons/icon-business-owner-af38059fae9e279fe6258718668d610c.png" in HTML "http://enroll_uat.dchbx.org/employers/employer_profiles/55dfd44269702d55eaef1100"  	[MsgId: MMSG-26659]
EmployerCreateProfile.c(8): Resource "http://enroll_uat.dchbx.org/assets/icons/phone-bcc17403386ca4171aae411f308ef6a1.png" is in the cache already and will not be downloaded again  	[MsgId: MMSG-26655]
EmployerCreateProfile.c(8): Resource "http://enroll_uat.dchbx.org/assets/icons/mail-21b45f89893abcf4033b96e8a261354e.png" is in the cache already and will not be downloaded again  	[MsgId: MMSG-26655]
EmployerCreateProfile.c(8): Resource "http://enroll_uat.dchbx.org/assets/icons/message-6a0a303d9fc72d557125912bdf9efed8.png" is in the cache already and will not be downloaded again  	[MsgId: MMSG-26655]
EmployerCreateProfile.c(8): web_submit_data("employer_profiles") was successful, 28270 body bytes, 1378 header bytes  	[MsgId: MMSG-26386]
EmployerCreateProfile.c(39): Notify: Transaction "EMPLYR_0005_CreateBusinesss_Profile" ended with a "Pass" status (Duration: 0.3878 Wasted Time: 0.0002).	[MsgId: MMSG-16871]
ScriptFlow.c(30): lr_think_time: 10.00 seconds.	[MsgId: MMSG-15948]
EmployerClickBenefitsTab.c(3): web_reg_save_param started  	[MsgId: MMSG-26355]
EmployerClickBenefitsTab.c(3): Registering web_reg_save_param was successful  	[MsgId: MMSG-26390]
EmployerClickBenefitsTab.c(5): Notify: Transaction "EMPLYR_0006_Click_Benefits_Tab" started.	[MsgId: MMSG-16999]
EmployerClickBenefitsTab.c(7): web_url("Benefits Benefits") started  	[MsgId: MMSG-26355]
EmployerClickBenefitsTab.c(7): Notify: Parameter Substitution: parameter "HTTP" =  "http"	[MsgId: MMSG-13992]
EmployerClickBenefitsTab.c(7): Notify: Parameter Substitution: parameter "host_10_83_84_161" =  "enroll_uat.dchbx.org"	[MsgId: MMSG-13992]
EmployerClickBenefitsTab.c(7): Notify: Parameter Substitution: parameter "EMPLOYER_ID" =  "55dfd44269702d55eaef1100"	[MsgId: MMSG-13992]
EmployerClickBenefitsTab.c(7): Notify: Parameter Substitution: parameter "HTTP" =  "http"	[MsgId: MMSG-13992]
EmployerClickBenefitsTab.c(7): Notify: Parameter Substitution: parameter "host_10_83_84_161" =  "enroll_uat.dchbx.org"	[MsgId: MMSG-13992]
EmployerClickBenefitsTab.c(7): Notify: Parameter Substitution: parameter "EMPLOYER_ID" =  "55dfd44269702d55eaef1100"	[MsgId: MMSG-13992]
EmployerClickBenefitsTab.c(7): Notify: Saving Parameter "AUTH_TOKEN_4 = 6EBgNpTtYHy2aVxqzl0pSghiCI9C1l+E5xDRtj4XsKL0Zg/DMbeA+W7QCMpSHUicfQBkzv7MV/7akkJPZ2exVw==".	[MsgId: MMSG-13798]
EmployerClickBenefitsTab.c(7): web_url("Benefits Benefits") was successful, 21384 body bytes, 444 header bytes  	[MsgId: MMSG-26386]
EmployerClickBenefitsTab.c(17): Notify: Transaction "EMPLYR_0006_Click_Benefits_Tab" ended with a "Pass" status (Duration: 0.0455 Wasted Time: 0.0002).	[MsgId: MMSG-16871]
ScriptFlow.c(34): lr_think_time: 10.00 seconds.	[MsgId: MMSG-15948]
EmployerAddBenefits.c(3): web_reg_save_param started  	[MsgId: MMSG-26355]
EmployerAddBenefits.c(3): Registering web_reg_save_param was successful  	[MsgId: MMSG-26390]
EmployerAddBenefits.c(5): web_reg_save_param_ex started  	[MsgId: MMSG-26355]
EmployerAddBenefits.c(5): Registering web_reg_save_param_ex was successful  	[MsgId: MMSG-26390]
EmployerAddBenefits.c(7): Notify: Transaction "EMPLYR_0007_Click_Add_Plan" started.	[MsgId: MMSG-16999]
EmployerAddBenefits.c(9): web_url("new") started  	[MsgId: MMSG-26355]
EmployerAddBenefits.c(9): Notify: Parameter Substitution: parameter "HTTP" =  "http"	[MsgId: MMSG-13992]
EmployerAddBenefits.c(9): Notify: Parameter Substitution: parameter "host_10_83_84_161" =  "enroll_uat.dchbx.org"	[MsgId: MMSG-13992]
EmployerAddBenefits.c(9): Notify: Parameter Substitution: parameter "EMPLOYER_ID" =  "55dfd44269702d55eaef1100"	[MsgId: MMSG-13992]
EmployerAddBenefits.c(9): Notify: Parameter Substitution: parameter "HTTP" =  "http"	[MsgId: MMSG-13992]
EmployerAddBenefits.c(9): Notify: Parameter Substitution: parameter "host_10_83_84_161" =  "enroll_uat.dchbx.org"	[MsgId: MMSG-13992]
EmployerAddBenefits.c(9): Notify: Parameter Substitution: parameter "EMPLOYER_ID" =  "55dfd44269702d55eaef1100"	[MsgId: MMSG-13992]
EmployerAddBenefits.c(9): Notify: Saving Parameter "AUTH_TOKEN_3 = d7+4GBVO+gF5/fE2pIIjR3Ns0EuXTvA3qxYG7/yxYeVrmdftsBQahKFEpZY4wkKRBg68CitU+E2WlJUWpcFgEA==".	[MsgId: MMSG-13798]
EmployerAddBenefits.c(9): Resource "http://enroll_uat.dchbx.org/assets/application-f46679a55900235b472472ac8659a877.css" is in the cache already and will not be downloaded again  	[MsgId: MMSG-26655]
EmployerAddBenefits.c(9): Resource "http://enroll_uat.dchbx.org/assets/application-022817e729d78c2891542a42e4d3b541.js" is in the cache already and will not be downloaded again  	[MsgId: MMSG-26655]
EmployerAddBenefits.c(9): Resource "https://fonts.googleapis.com/css?family=Open+Sans:300italic,400italic,600italic,700italic,800italic,400,300,600,700,800" is in the cache already and will not be downloaded again  	[MsgId: MMSG-26655]
EmployerAddBenefits.c(9): Resource "http://enroll_uat.dchbx.org/assets/logo-43b272dcff33b1b3a8efb15e6f6c0e7c.png" is in the cache already and will not be downloaded again  	[MsgId: MMSG-26655]
EmployerAddBenefits.c(9): Resource "http://enroll_uat.dchbx.org/assets/icons/icon-business-owner-af38059fae9e279fe6258718668d610c.png" is in the cache already and will not be downloaded again  	[MsgId: MMSG-26655]
EmployerAddBenefits.c(9): Resource "http://enroll_uat.dchbx.org/assets/delete-572c7c3f8a253bbebedd9b5735b044af.png" is in the cache already and will not be downloaded again  	[MsgId: MMSG-26655]
EmployerAddBenefits.c(9): Notify: Saving Parameter "CorrelationParameter = 53e67210eb899a4603000007".	[MsgId: MMSG-13798]
EmployerAddBenefits.c(9): Resource "http://enroll_uat.dchbx.org/assets/icons/phone-bcc17403386ca4171aae411f308ef6a1.png" is in the cache already and will not be downloaded again  	[MsgId: MMSG-26655]
EmployerAddBenefits.c(9): Resource "http://enroll_uat.dchbx.org/assets/icons/mail-21b45f89893abcf4033b96e8a261354e.png" is in the cache already and will not be downloaded again  	[MsgId: MMSG-26655]
EmployerAddBenefits.c(9): Resource "http://enroll_uat.dchbx.org/assets/icons/message-6a0a303d9fc72d557125912bdf9efed8.png" is in the cache already and will not be downloaded again  	[MsgId: MMSG-26655]
EmployerAddBenefits.c(9): web_url("new") was successful, 61827 body bytes, 444 header bytes  	[MsgId: MMSG-26386]
EmployerAddBenefits.c(19): Notify: Transaction "EMPLYR_0007_Click_Add_Plan" ended with a "Pass" status (Duration: 0.0722 Wasted Time: 0.0003).	[MsgId: MMSG-16871]
EmployerAddBenefits.c(21): lr_think_time: 9.00 seconds.	[MsgId: MMSG-15948]
EmployerAddBenefits.c(25): web_reg_save_param started  	[MsgId: MMSG-26355]
EmployerAddBenefits.c(25): Registering web_reg_save_param was successful  	[MsgId: MMSG-26390]
EmployerAddBenefits.c(27): Notify: Next row for parameter TxName = 11 [table  = TxName].	[MsgId: MMSG-13876]
EmployerAddBenefits.c(27): Notify: Parameter Substitution: parameter "TxName" =  "UHC_ALL_Plans_HSA_3500"	[MsgId: MMSG-13992]
EmployerAddBenefits.c(27): Notify: Transaction "EMPLYR_0008_1_Add_Plan_Year_UHC_ALL_Plans_HSA_3500" started.	[MsgId: MMSG-16999]
EmployerAddBenefits.c(29): web_submit_data("plan_years") started  	[MsgId: MMSG-26355]
EmployerAddBenefits.c(29): Notify: Parameter Substitution: parameter "HTTP" =  "http"	[MsgId: MMSG-13992]
EmployerAddBenefits.c(29): Notify: Parameter Substitution: parameter "host_10_83_84_161" =  "enroll_uat.dchbx.org"	[MsgId: MMSG-13992]
EmployerAddBenefits.c(29): Notify: Parameter Substitution: parameter "EMPLOYER_ID" =  "55dfd44269702d55eaef1100"	[MsgId: MMSG-13992]
EmployerAddBenefits.c(29): Notify: Parameter Substitution: parameter "HTTP" =  "http"	[MsgId: MMSG-13992]
EmployerAddBenefits.c(29): Notify: Parameter Substitution: parameter "host_10_83_84_161" =  "enroll_uat.dchbx.org"	[MsgId: MMSG-13992]
EmployerAddBenefits.c(29): Notify: Parameter Substitution: parameter "EMPLOYER_ID" =  "55dfd44269702d55eaef1100"	[MsgId: MMSG-13992]
EmployerAddBenefits.c(29): Notify: Parameter Substitution: parameter "AUTH_TOKEN_3" =  "d7+4GBVO+gF5/fE2pIIjR3Ns0EuXTvA3qxYG7/yxYeVrmdftsBQahKFEpZY4wkKRBg68CitU+E2WlJUWpcFgEA=="	[MsgId: MMSG-13992]
EmployerAddBenefits.c(29): Notify: Parameter Substitution: parameter "pEMPLOYEECOUNT" =  "3"	[MsgId: MMSG-13992]
EmployerAddBenefits.c(29): Notify: Next row for parameter PlanOption = 11 [table  = PlanOption].	[MsgId: MMSG-13876]
EmployerAddBenefits.c(29): Notify: Parameter Substitution: parameter "PlanOption" =  "single_carrier"	[MsgId: MMSG-13992]
EmployerAddBenefits.c(29): Notify: Next row for parameter Carrier_ID = 11 [table  = Carrier_ID].	[MsgId: MMSG-13876]
EmployerAddBenefits.c(29): Notify: Parameter Substitution: parameter "Carrier_ID" =  "53e67210eb899a460300000a"	[MsgId: MMSG-13992]
EmployerAddBenefits.c(29): Notify: Next row for parameter Metal_Level = 11 [table  = Metal_Level].	[MsgId: MMSG-13876]
EmployerAddBenefits.c(29): Notify: Parameter Substitution: parameter "Metal_Level" =  ""	[MsgId: MMSG-13992]
EmployerAddBenefits.c(29): Notify: Parameter Substitution: parameter "ReferencePlan" =  "5453a544791e4bcd330000e5"	[MsgId: MMSG-13992]
EmployerAddBenefits.c(29): Notify: Parameter Substitution: parameter "ReferencePlan" =  "5453a544791e4bcd330000e5"	[MsgId: MMSG-13992]
EmployerAddBenefits.c(29): Redirecting "http://enroll_uat.dchbx.org/employers/employer_profiles/55dfd44269702d55eaef1100/plan_years" (redirection depth is 0)  	[MsgId: MMSG-26694]
EmployerAddBenefits.c(29): To location "http://enroll_uat.dchbx.org/employers/employer_profiles/55dfd44269702d55eaef1100"  	[MsgId: MMSG-26693]
EmployerAddBenefits.c(29): Notify: Saving Parameter "AUTH_TOKEN_4 = zqoUbrVfZIaCrxxjZKOPBQUR4vhW4cDj+w01/GZyEh/SjHubEAWEA1oWSMP44+7TcHOOuer7yJnGj6YFPwIT6g==".	[MsgId: MMSG-13798]
EmployerAddBenefits.c(29): Resource "http://enroll_uat.dchbx.org/assets/application-f46679a55900235b472472ac8659a877.css" is in the cache already and will not be downloaded again  	[MsgId: MMSG-26655]
EmployerAddBenefits.c(29): Resource "http://enroll_uat.dchbx.org/assets/application-022817e729d78c2891542a42e4d3b541.js" is in the cache already and will not be downloaded again  	[MsgId: MMSG-26655]
EmployerAddBenefits.c(29): Resource "https://fonts.googleapis.com/css?family=Open+Sans:300italic,400italic,600italic,700italic,800italic,400,300,600,700,800" is in the cache already and will not be downloaded again  	[MsgId: MMSG-26655]
EmployerAddBenefits.c(29): Resource "http://enroll_uat.dchbx.org/assets/logo-43b272dcff33b1b3a8efb15e6f6c0e7c.png" is in the cache already and will not be downloaded again  	[MsgId: MMSG-26655]
EmployerAddBenefits.c(29): Resource "http://enroll_uat.dchbx.org/assets/icons/icon-business-owner-af38059fae9e279fe6258718668d610c.png" is in the cache already and will not be downloaded again  	[MsgId: MMSG-26655]
EmployerAddBenefits.c(29): Resource "http://enroll_uat.dchbx.org/assets/icons/phone-bcc17403386ca4171aae411f308ef6a1.png" is in the cache already and will not be downloaded again  	[MsgId: MMSG-26655]
EmployerAddBenefits.c(29): Resource "http://enroll_uat.dchbx.org/assets/icons/mail-21b45f89893abcf4033b96e8a261354e.png" is in the cache already and will not be downloaded again  	[MsgId: MMSG-26655]
EmployerAddBenefits.c(29): Resource "http://enroll_uat.dchbx.org/assets/icons/message-6a0a303d9fc72d557125912bdf9efed8.png" is in the cache already and will not be downloaded again  	[MsgId: MMSG-26655]
EmployerAddBenefits.c(29): web_submit_data("plan_years") was successful, 26653 body bytes, 1043 header bytes  	[MsgId: MMSG-26386]
EmployerAddBenefits.c(82): Notify: Next row for parameter TxName = 11 [table  = TxName].	[MsgId: MMSG-13876]
EmployerAddBenefits.c(82): Notify: Parameter Substitution: parameter "TxName" =  "UHC_ALL_Plans_HSA_3500"	[MsgId: MMSG-13992]
EmployerAddBenefits.c(82): Notify: Transaction "EMPLYR_0008_1_Add_Plan_Year_UHC_ALL_Plans_HSA_3500" ended with a "Pass" status (Duration: 0.7261 Wasted Time: 0.0002).	[MsgId: MMSG-16871]
ScriptFlow.c(38): lr_think_time: 10.00 seconds.	[MsgId: MMSG-15948]
Logout.c(3): Notify: Transaction "EMPLYR_1000_Logout" started.	[MsgId: MMSG-16999]
Logout.c(5): web_submit_data("sign_out") started  	[MsgId: MMSG-26355]
Logout.c(5): Notify: Parameter Substitution: parameter "HTTP" =  "http"	[MsgId: MMSG-13992]
Logout.c(5): Notify: Parameter Substitution: parameter "host_10_83_84_161" =  "enroll_uat.dchbx.org"	[MsgId: MMSG-13992]
Logout.c(5): Notify: Parameter Substitution: parameter "HTTP" =  "http"	[MsgId: MMSG-13992]
Logout.c(5): Notify: Parameter Substitution: parameter "host_10_83_84_161" =  "enroll_uat.dchbx.org"	[MsgId: MMSG-13992]
Logout.c(5): Notify: Parameter Substitution: parameter "EMPLOYER_ID" =  "55dfd44269702d55eaef1100"	[MsgId: MMSG-13992]
Logout.c(5): Notify: Parameter Substitution: parameter "AUTH_TOKEN_4" =  "zqoUbrVfZIaCrxxjZKOPBQUR4vhW4cDj+w01/GZyEh/SjHubEAWEA1oWSMP44+7TcHOOuer7yJnGj6YFPwIT6g=="	[MsgId: MMSG-13992]
Logout.c(5): web_submit_data("sign_out") was successful, 0 body bytes, 440 header bytes  	[MsgId: MMSG-26386]
Logout.c(18): Notify: Transaction "EMPLYR_1000_Logout" ended with a "Pass" status (Duration: 0.0236).	[MsgId: MMSG-16873]
ScriptFlow.c(42): lr_think_time: 10.00 seconds.	[MsgId: MMSG-15948]
ScriptFlow.c(45): web_reg_save_param started  	[MsgId: MMSG-26355]
ScriptFlow.c(45): Registering web_reg_save_param was successful  	[MsgId: MMSG-26390]
EmployerTab.c(4): Notify: Transaction "EMPLYR_0001_Click_on_Employer_Portal_Tab" started.	[MsgId: MMSG-16999]
EmployerTab.c(6): web_url("Employer Portal") started  	[MsgId: MMSG-26355]
EmployerTab.c(6): Notify: Parameter Substitution: parameter "HTTP" =  "http"	[MsgId: MMSG-13992]
EmployerTab.c(6): Notify: Parameter Substitution: parameter "host_10_83_84_161" =  "enroll_uat.dchbx.org"	[MsgId: MMSG-13992]
EmployerTab.c(6): Notify: Parameter Substitution: parameter "HTTP" =  "http"	[MsgId: MMSG-13992]
EmployerTab.c(6): Notify: Parameter Substitution: parameter "host_10_83_84_161" =  "enroll_uat.dchbx.org"	[MsgId: MMSG-13992]
EmployerTab.c(6): Redirecting "http://enroll_uat.dchbx.org/employers/employer_profiles/new" (redirection depth is 0)  	[MsgId: MMSG-26694]
EmployerTab.c(6): To location "http://enroll_uat.dchbx.org/users/sign_in"  	[MsgId: MMSG-26693]
EmployerTab.c(6): Notify: Saving Parameter "AUTH_TOKEN_5 = lVFYL04TpV5w9SYJmhIaxF56SLFCbyc3nVnecw4rDTXGyX0VVl4Lp78KtAzf+dFPTz2PotcptwdIhkrThnMQIA==".	[MsgId: MMSG-13798]
EmployerTab.c(6): Resource "http://enroll_uat.dchbx.org/assets/application-f46679a55900235b472472ac8659a877.css" is in the cache already and will not be downloaded again  	[MsgId: MMSG-26655]
EmployerTab.c(6): Resource "http://enroll_uat.dchbx.org/assets/application-022817e729d78c2891542a42e4d3b541.js" is in the cache already and will not be downloaded again  	[MsgId: MMSG-26655]
EmployerTab.c(6): Resource "https://fonts.googleapis.com/css?family=Open+Sans:300italic,400italic,600italic,700italic,800italic,400,300,600,700,800" is in the cache already and will not be downloaded again  	[MsgId: MMSG-26655]
EmployerTab.c(6): Resource "http://enroll_uat.dchbx.org/assets/logo-43b272dcff33b1b3a8efb15e6f6c0e7c.png" is in the cache already and will not be downloaded again  	[MsgId: MMSG-26655]
EmployerTab.c(6): Resource "http://enroll_uat.dchbx.org/assets/icons/phone-bcc17403386ca4171aae411f308ef6a1.png" is in the cache already and will not be downloaded again  	[MsgId: MMSG-26655]
EmployerTab.c(6): Resource "http://enroll_uat.dchbx.org/assets/icons/mail-21b45f89893abcf4033b96e8a261354e.png" is in the cache already and will not be downloaded again  	[MsgId: MMSG-26655]
EmployerTab.c(6): Resource "http://enroll_uat.dchbx.org/assets/icons/message-6a0a303d9fc72d557125912bdf9efed8.png" is in the cache already and will not be downloaded again  	[MsgId: MMSG-26655]
EmployerTab.c(6): web_url("Employer Portal") was successful, 20915 body bytes, 963 header bytes  	[MsgId: MMSG-26386]
EmployerTab.c(16): Notify: Transaction "EMPLYR_0001_Click_on_Employer_Portal_Tab" ended with a "Pass" status (Duration: 0.0507 Wasted Time: 0.0001).	[MsgId: MMSG-16871]
ScriptFlow.c(49): lr_think_time: 10.00 seconds.	[MsgId: MMSG-15948]
ScriptFlow.c(51): web_reg_save_param started  	[MsgId: MMSG-26355]
ScriptFlow.c(51): Registering web_reg_save_param was successful  	[MsgId: MMSG-26390]
EmployerLogin.c(4): Notify: Transaction "EMPLYR_0004_Login" started.	[MsgId: MMSG-16999]
EmployerLogin.c(6): web_submit_data("sign_in") started  	[MsgId: MMSG-26355]
EmployerLogin.c(6): Notify: Parameter Substitution: parameter "HTTP" =  "http"	[MsgId: MMSG-13992]
EmployerLogin.c(6): Notify: Parameter Substitution: parameter "host_10_83_84_161" =  "enroll_uat.dchbx.org"	[MsgId: MMSG-13992]
EmployerLogin.c(6): Notify: Parameter Substitution: parameter "HTTP" =  "http"	[MsgId: MMSG-13992]
EmployerLogin.c(6): Notify: Parameter Substitution: parameter "host_10_83_84_161" =  "enroll_uat.dchbx.org"	[MsgId: MMSG-13992]
EmployerLogin.c(6): Notify: Parameter Substitution: parameter "AUTH_TOKEN_5" =  "lVFYL04TpV5w9SYJmhIaxF56SLFCbyc3nVnecw4rDTXGyX0VVl4Lp78KtAzf+dFPTz2PotcptwdIhkrThnMQIA=="	[MsgId: MMSG-13992]
EmployerLogin.c(6): Notify: Parameter Substitution: parameter "pEmpPrefix" =  "BIZ-FM8"	[MsgId: MMSG-13992]
EmployerLogin.c(6): Notify: Parameter Substitution: parameter "FEIN" =  "328236313"	[MsgId: MMSG-13992]
EmployerLogin.c(6): Redirecting "http://enroll_uat.dchbx.org/users/sign_in" (redirection depth is 0)  	[MsgId: MMSG-26694]
EmployerLogin.c(6): To location "http://enroll_uat.dchbx.org/employers"  	[MsgId: MMSG-26693]
EmployerLogin.c(6): Notify: Saving Parameter "EMPLOYER_ID = 55dfd44269702d55eaef1100".	[MsgId: MMSG-13798]
EmployerLogin.c(6): Redirecting "http://enroll_uat.dchbx.org/employers" (redirection depth is 1)  	[MsgId: MMSG-26694]
EmployerLogin.c(6): To location "http://enroll_uat.dchbx.org/employers/employer_profiles/55dfd44269702d55eaef1100"  	[MsgId: MMSG-26693]
EmployerLogin.c(6): Resource "http://enroll_uat.dchbx.org/assets/application-f46679a55900235b472472ac8659a877.css" is in the cache already and will not be downloaded again  	[MsgId: MMSG-26655]
EmployerLogin.c(6): Resource "http://enroll_uat.dchbx.org/assets/application-022817e729d78c2891542a42e4d3b541.js" is in the cache already and will not be downloaded again  	[MsgId: MMSG-26655]
EmployerLogin.c(6): Resource "https://fonts.googleapis.com/css?family=Open+Sans:300italic,400italic,600italic,700italic,800italic,400,300,600,700,800" is in the cache already and will not be downloaded again  	[MsgId: MMSG-26655]
EmployerLogin.c(6): Resource "http://enroll_uat.dchbx.org/assets/logo-43b272dcff33b1b3a8efb15e6f6c0e7c.png" is in the cache already and will not be downloaded again  	[MsgId: MMSG-26655]
EmployerLogin.c(6): Resource "http://enroll_uat.dchbx.org/assets/icons/icon-business-owner-af38059fae9e279fe6258718668d610c.png" is in the cache already and will not be downloaded again  	[MsgId: MMSG-26655]
EmployerLogin.c(6): Resource "http://enroll_uat.dchbx.org/assets/icons/phone-bcc17403386ca4171aae411f308ef6a1.png" is in the cache already and will not be downloaded again  	[MsgId: MMSG-26655]
EmployerLogin.c(6): Resource "http://enroll_uat.dchbx.org/assets/icons/mail-21b45f89893abcf4033b96e8a261354e.png" is in the cache already and will not be downloaded again  	[MsgId: MMSG-26655]
EmployerLogin.c(6): Resource "http://enroll_uat.dchbx.org/assets/icons/message-6a0a303d9fc72d557125912bdf9efed8.png" is in the cache already and will not be downloaded again  	[MsgId: MMSG-26655]
EmployerLogin.c(6): web_submit_data("sign_in") was successful, 26748 body bytes, 1540 header bytes  	[MsgId: MMSG-26386]
EmployerLogin.c(26): Notify: Transaction "EMPLYR_0004_Login" ended with a "Pass" status (Duration: 0.1720 Wasted Time: 0.0001).	[MsgId: MMSG-16871]
ScriptFlow.c(55): lr_think_time: 10.00 seconds.	[MsgId: MMSG-15948]
ScriptFlow.c(57): web_reg_save_param started  	[MsgId: MMSG-26355]
ScriptFlow.c(57): Registering web_reg_save_param was successful  	[MsgId: MMSG-26390]
ScriptFlow.c(59): web_reg_save_param started  	[MsgId: MMSG-26355]
ScriptFlow.c(59): Registering web_reg_save_param was successful  	[MsgId: MMSG-26390]
ScriptFlow.c(63): web_reg_save_param_ex started  	[MsgId: MMSG-26355]
ScriptFlow.c(63): Registering web_reg_save_param_ex was successful  	[MsgId: MMSG-26390]
EmployerClickBenefitsTab.c(3): web_reg_save_param started  	[MsgId: MMSG-26355]
EmployerClickBenefitsTab.c(3): Registering web_reg_save_param was successful  	[MsgId: MMSG-26390]
EmployerClickBenefitsTab.c(5): Notify: Transaction "EMPLYR_0006_Click_Benefits_Tab" started.	[MsgId: MMSG-16999]
EmployerClickBenefitsTab.c(7): web_url("Benefits Benefits") started  	[MsgId: MMSG-26355]
EmployerClickBenefitsTab.c(7): Notify: Parameter Substitution: parameter "HTTP" =  "http"	[MsgId: MMSG-13992]
EmployerClickBenefitsTab.c(7): Notify: Parameter Substitution: parameter "host_10_83_84_161" =  "enroll_uat.dchbx.org"	[MsgId: MMSG-13992]
EmployerClickBenefitsTab.c(7): Notify: Parameter Substitution: parameter "EMPLOYER_ID" =  "55dfd44269702d55eaef1100"	[MsgId: MMSG-13992]
EmployerClickBenefitsTab.c(7): Notify: Parameter Substitution: parameter "HTTP" =  "http"	[MsgId: MMSG-13992]
EmployerClickBenefitsTab.c(7): Notify: Parameter Substitution: parameter "host_10_83_84_161" =  "enroll_uat.dchbx.org"	[MsgId: MMSG-13992]
EmployerClickBenefitsTab.c(7): Notify: Parameter Substitution: parameter "EMPLOYER_ID" =  "55dfd44269702d55eaef1100"	[MsgId: MMSG-13992]
EmployerClickBenefitsTab.c(7): Notify: Saving Parameter "AUTH_TOKEN_4 = Qd6emgPvtbJfT5Eli+KixH06woaPeXm98nSCc6PWeJjeqRm+u8bqxBJrqMrCv5mlQgqJoEQOZTzUQy4estUorw==".	[MsgId: MMSG-13798]
EmployerClickBenefitsTab.c(7): Notify: Saving Parameter "AUTH_TOKEN_4 = Qd6emgPvtbJfT5Eli+KixH06woaPeXm98nSCc6PWeJjeqRm+u8bqxBJrqMrCv5mlQgqJoEQOZTzUQy4estUorw==".	[MsgId: MMSG-13798]
EmployerClickBenefitsTab.c(7): Notify: Saving Parameter "Plan_ID4URL = 55dfd46069702d7a9fe90f00".	[MsgId: MMSG-13798]
EmployerClickBenefitsTab.c(7): Notify: Saving Parameter "BENEFIT_GROUP_ID_3 = 55dfd46069702d7a9fe30f00".	[MsgId: MMSG-13798]
EmployerClickBenefitsTab.c(7): web_url("Benefits Benefits") was successful, 27612 body bytes, 444 header bytes  	[MsgId: MMSG-26386]
EmployerClickBenefitsTab.c(17): Notify: Transaction "EMPLYR_0006_Click_Benefits_Tab" ended with a "Pass" status (Duration: 0.0538 Wasted Time: 0.0003).	[MsgId: MMSG-16871]
ScriptFlow.c(67): lr_think_time: 10.00 seconds.	[MsgId: MMSG-15948]
ScriptFlow.c(69): web_add_header("X-CSRF-Token") started  	[MsgId: MMSG-26355]
ScriptFlow.c(69): Notify: Parameter Substitution: parameter "AUTH_TOKEN_4" =  "Qd6emgPvtbJfT5Eli+KixH06woaPeXm98nSCc6PWeJjeqRm+u8bqxBJrqMrCv5mlQgqJoEQOZTzUQy4estUorw=="	[MsgId: MMSG-13992]
ScriptFlow.c(69): web_add_header("X-CSRF-Token") was successful  	[MsgId: MMSG-26392]
PublishPlan.c(5): Notify: Transaction "EMPLYR_0008_2_PublishPlan" started.	[MsgId: MMSG-16999]
PublishPlan.c(7): web_custom_request("publish") started  	[MsgId: MMSG-26355]
PublishPlan.c(7): Notify: Parameter Substitution: parameter "HTTP" =  "http"	[MsgId: MMSG-13992]
PublishPlan.c(7): Notify: Parameter Substitution: parameter "host_10_83_84_161" =  "enroll_uat.dchbx.org"	[MsgId: MMSG-13992]
PublishPlan.c(7): Notify: Parameter Substitution: parameter "EMPLOYER_ID" =  "55dfd44269702d55eaef1100"	[MsgId: MMSG-13992]
PublishPlan.c(7): Notify: Parameter Substitution: parameter "Plan_ID4URL" =  "55dfd46069702d7a9fe90f00"	[MsgId: MMSG-13992]
PublishPlan.c(7): Notify: Parameter Substitution: parameter "HTTP" =  "http"	[MsgId: MMSG-13992]
PublishPlan.c(7): Notify: Parameter Substitution: parameter "host_10_83_84_161" =  "enroll_uat.dchbx.org"	[MsgId: MMSG-13992]
PublishPlan.c(7): Notify: Parameter Substitution: parameter "EMPLOYER_ID" =  "55dfd44269702d55eaef1100"	[MsgId: MMSG-13992]
PublishPlan.c(7): web_custom_request("publish") was successful, 73 body bytes, 488 header bytes  	[MsgId: MMSG-26386]
PublishPlan.c(19): web_reg_find started  	[MsgId: MMSG-26355]
PublishPlan.c(19): Registering web_reg_find was successful  	[MsgId: MMSG-26390]
PublishPlan.c(21): web_url("55c5577169702d34e21e0100") started  	[MsgId: MMSG-26355]
PublishPlan.c(21): Notify: Parameter Substitution: parameter "HTTP" =  "http"	[MsgId: MMSG-13992]
PublishPlan.c(21): Notify: Parameter Substitution: parameter "host_10_83_84_161" =  "enroll_uat.dchbx.org"	[MsgId: MMSG-13992]
PublishPlan.c(21): Notify: Parameter Substitution: parameter "EMPLOYER_ID" =  "55dfd44269702d55eaef1100"	[MsgId: MMSG-13992]
PublishPlan.c(21): Notify: Parameter Substitution: parameter "HTTP" =  "http"	[MsgId: MMSG-13992]
PublishPlan.c(21): Notify: Parameter Substitution: parameter "host_10_83_84_161" =  "enroll_uat.dchbx.org"	[MsgId: MMSG-13992]
PublishPlan.c(21): Notify: Parameter Substitution: parameter "EMPLOYER_ID" =  "55dfd44269702d55eaef1100"	[MsgId: MMSG-13992]
PublishPlan.c(21): Resource "http://enroll_uat.dchbx.org/assets/application-f46679a55900235b472472ac8659a877.css" is in the cache already and will not be downloaded again  	[MsgId: MMSG-26655]
PublishPlan.c(21): Resource "http://enroll_uat.dchbx.org/assets/application-022817e729d78c2891542a42e4d3b541.js" is in the cache already and will not be downloaded again  	[MsgId: MMSG-26655]
PublishPlan.c(21): Resource "https://fonts.googleapis.com/css?family=Open+Sans:300italic,400italic,600italic,700italic,800italic,400,300,600,700,800" is in the cache already and will not be downloaded again  	[MsgId: MMSG-26655]
PublishPlan.c(21): Resource "http://enroll_uat.dchbx.org/assets/logo-43b272dcff33b1b3a8efb15e6f6c0e7c.png" is in the cache already and will not be downloaded again  	[MsgId: MMSG-26655]
PublishPlan.c(21): Resource "http://enroll_uat.dchbx.org/assets/icons/icon-business-owner-af38059fae9e279fe6258718668d610c.png" is in the cache already and will not be downloaded again  	[MsgId: MMSG-26655]
PublishPlan.c(21): Resource "http://enroll_uat.dchbx.org/assets/icons/phone-bcc17403386ca4171aae411f308ef6a1.png" is in the cache already and will not be downloaded again  	[MsgId: MMSG-26655]
PublishPlan.c(21): Resource "http://enroll_uat.dchbx.org/assets/icons/mail-21b45f89893abcf4033b96e8a261354e.png" is in the cache already and will not be downloaded again  	[MsgId: MMSG-26655]
PublishPlan.c(21): Resource "http://enroll_uat.dchbx.org/assets/icons/message-6a0a303d9fc72d557125912bdf9efed8.png" is in the cache already and will not be downloaded again  	[MsgId: MMSG-26655]
PublishPlan.c(21): Registered web_reg_find successful for "Text=Plan Year successfully published" (count=1)  	[MsgId: MMSG-26364]
PublishPlan.c(21): Notify: Saving Parameter "PublishCount = 1".	[MsgId: MMSG-13798]
PublishPlan.c(21): web_url("55c5577169702d34e21e0100") was successful, 27851 body bytes, 533 header bytes  	[MsgId: MMSG-26386]
PublishPlan.c(31): Notify: Parameter Substitution: parameter "PublishCount" =  "1"	[MsgId: MMSG-13992]
PublishPlan.c(39): Notify: Transaction "EMPLYR_0008_2_PublishPlan" ended with a "Pass" status (Duration: 0.1087 Wasted Time: 0.0001).	[MsgId: MMSG-16871]
ScriptFlow.c(73): Notify: Parameter Substitution: parameter "pEMPLOYEECOUNT" =  "3"	[MsgId: MMSG-13992]
ScriptFlow.c(83): Notify: Saving Parameter "LNameLength = 8".	[MsgId: MMSG-13798]
ScriptFlow.c(86): Notify: Parameter Substitution: parameter "LNameLength" =  "8"	[MsgId: MMSG-13992]
randomname.h(15): Notify: Saving Parameter "randomLN = mxwtpttt".	[MsgId: MMSG-13798]
randomname.h(28): Notify: Saving Parameter "pSSN1dep1_1 = 650".	[MsgId: MMSG-13798]
randomname.h(29): Notify: Saving Parameter "pSSN2dep1_1 = 22".	[MsgId: MMSG-13798]
randomname.h(30): Notify: Saving Parameter "pSSN3dep1_1 = 6853".	[MsgId: MMSG-13798]
randomname.h(32): Notify: Parameter Substitution: parameter "pSSN1dep1_1" =  "650"	[MsgId: MMSG-13992]
randomname.h(32): Notify: Parameter Substitution: parameter "pSSN2dep1_1" =  "22"	[MsgId: MMSG-13992]
randomname.h(32): Notify: Parameter Substitution: parameter "pSSN3dep1_1" =  "6853"	[MsgId: MMSG-13992]
randomname.h(33): Notify: Saving Parameter "EmployeeDep1SSN = 650-22-6853".	[MsgId: MMSG-13798]
randomname.h(35): Notify: Saving Parameter "EmployeeSSN = 650-22-6853".	[MsgId: MMSG-13798]
randomname.h(28): Notify: Saving Parameter "pSSN1dep1_1 = 300".	[MsgId: MMSG-13798]
randomname.h(29): Notify: Saving Parameter "pSSN2dep1_1 = 72".	[MsgId: MMSG-13798]
randomname.h(30): Notify: Saving Parameter "pSSN3dep1_1 = 1281".	[MsgId: MMSG-13798]
randomname.h(32): Notify: Parameter Substitution: parameter "pSSN1dep1_1" =  "300"	[MsgId: MMSG-13992]
randomname.h(32): Notify: Parameter Substitution: parameter "pSSN2dep1_1" =  "72"	[MsgId: MMSG-13992]
randomname.h(32): Notify: Parameter Substitution: parameter "pSSN3dep1_1" =  "1281"	[MsgId: MMSG-13992]
randomname.h(33): Notify: Saving Parameter "EmployeeDep1SSN = 300-72-1281".	[MsgId: MMSG-13798]
randomname.h(35): Notify: Saving Parameter "EmployeeDep1SSN = 300-72-1281".	[MsgId: MMSG-13798]
randomname.h(28): Notify: Saving Parameter "pSSN1dep1_1 = 837".	[MsgId: MMSG-13798]
randomname.h(29): Notify: Saving Parameter "pSSN2dep1_1 = 91".	[MsgId: MMSG-13798]
randomname.h(30): Notify: Saving Parameter "pSSN3dep1_1 = 9945".	[MsgId: MMSG-13798]
randomname.h(32): Notify: Parameter Substitution: parameter "pSSN1dep1_1" =  "837"	[MsgId: MMSG-13992]
randomname.h(32): Notify: Parameter Substitution: parameter "pSSN2dep1_1" =  "91"	[MsgId: MMSG-13992]
randomname.h(32): Notify: Parameter Substitution: parameter "pSSN3dep1_1" =  "9945"	[MsgId: MMSG-13992]
randomname.h(33): Notify: Saving Parameter "EmployeeDep1SSN = 837-91-9945".	[MsgId: MMSG-13798]
randomname.h(35): Notify: Saving Parameter "EmployeeDep2SSN = 837-91-9945".	[MsgId: MMSG-13798]
ScriptFlow.c(90): Notify: Parameter Substitution: parameter "EmployeeSSN" =  "650-22-6853"	[MsgId: MMSG-13992]
650-22-6853	[MsgId: MMSG-17999]
ScriptFlow.c(91): Notify: Parameter Substitution: parameter "EmployeeDep1SSN" =  "837-91-9945"	[MsgId: MMSG-13992]
837-91-9945	[MsgId: MMSG-17999]
ScriptFlow.c(92): Notify: Parameter Substitution: parameter "EmployeeDep2SSN" =  "837-91-9945"	[MsgId: MMSG-13992]
837-91-9945	[MsgId: MMSG-17999]
ScriptFlow.c(94): lr_think_time: 10.00 seconds.	[MsgId: MMSG-15948]
EmployerAddEmployeeRoster.c(5): web_reg_save_param started  	[MsgId: MMSG-26355]
EmployerAddEmployeeRoster.c(5): Registering web_reg_save_param was successful  	[MsgId: MMSG-26390]
EmployerAddEmployeeRoster.c(7): Notify: Transaction "EMPLYR_0009_Click_Employee_Tab" started.	[MsgId: MMSG-16999]
EmployerAddEmployeeRoster.c(9): web_url("Employees Employees") started  	[MsgId: MMSG-26355]
EmployerAddEmployeeRoster.c(9): Notify: Parameter Substitution: parameter "HTTP" =  "http"	[MsgId: MMSG-13992]
EmployerAddEmployeeRoster.c(9): Notify: Parameter Substitution: parameter "host_10_83_84_161" =  "enroll_uat.dchbx.org"	[MsgId: MMSG-13992]
EmployerAddEmployeeRoster.c(9): Notify: Parameter Substitution: parameter "EMPLOYER_ID" =  "55dfd44269702d55eaef1100"	[MsgId: MMSG-13992]
EmployerAddEmployeeRoster.c(9): Notify: Parameter Substitution: parameter "HTTP" =  "http"	[MsgId: MMSG-13992]
EmployerAddEmployeeRoster.c(9): Notify: Parameter Substitution: parameter "host_10_83_84_161" =  "enroll_uat.dchbx.org"	[MsgId: MMSG-13992]
EmployerAddEmployeeRoster.c(9): Notify: Parameter Substitution: parameter "EMPLOYER_ID" =  "55dfd44269702d55eaef1100"	[MsgId: MMSG-13992]
EmployerAddEmployeeRoster.c(9): Notify: Saving Parameter "Auth_Token_010 = 767/CJKSkmyUVPJsktdHQt9A/0y2pfmuKGht3cHC9PVw2XgsKrvNGtlwy4Pbinwj4HC0an3S5S8OX8Gw0MGkwg==".	[MsgId: MMSG-13798]
EmployerAddEmployeeRoster.c(9): web_url("Employees Employees") was successful, 24981 body bytes, 444 header bytes  	[MsgId: MMSG-26386]
EmployerAddEmployeeRoster.c(19): Notify: Transaction "EMPLYR_0009_Click_Employee_Tab" ended with a "Pass" status (Duration: 0.0439 Wasted Time: 0.0001).	[MsgId: MMSG-16871]
EmployerAddEmployeeRoster.c(21): lr_think_time: 10.00 seconds.	[MsgId: MMSG-15948]
EmployerAddEmployeeRoster.c(25): web_reg_find started  	[MsgId: MMSG-26355]
EmployerAddEmployeeRoster.c(25): Registering web_reg_find was successful  	[MsgId: MMSG-26390]
EmployerAddEmployeeRoster.c(26): web_reg_find started  	[MsgId: MMSG-26355]
EmployerAddEmployeeRoster.c(26): Registering web_reg_find was successful  	[MsgId: MMSG-26390]
EmployerAddEmployeeRoster.c(28): Notify: Parameter Substitution: parameter "pAddEmployeeTrName" =  "01_OneToTenEmployee"	[MsgId: MMSG-13992]
EmployerAddEmployeeRoster.c(28): Notify: Transaction "EMPLYR_0010_01_OneToTenEmployee" started.	[MsgId: MMSG-16999]
EmployerAddEmployeeRoster.c(30): web_submit_data("census_employees") started  	[MsgId: MMSG-26355]
EmployerAddEmployeeRoster.c(30): Notify: Parameter Substitution: parameter "HTTP" =  "http"	[MsgId: MMSG-13992]
EmployerAddEmployeeRoster.c(30): Notify: Parameter Substitution: parameter "host_10_83_84_161" =  "enroll_uat.dchbx.org"	[MsgId: MMSG-13992]
EmployerAddEmployeeRoster.c(30): Notify: Parameter Substitution: parameter "EMPLOYER_ID" =  "55dfd44269702d55eaef1100"	[MsgId: MMSG-13992]
EmployerAddEmployeeRoster.c(30): Notify: Parameter Substitution: parameter "HTTP" =  "http"	[MsgId: MMSG-13992]
EmployerAddEmployeeRoster.c(30): Notify: Parameter Substitution: parameter "host_10_83_84_161" =  "enroll_uat.dchbx.org"	[MsgId: MMSG-13992]
EmployerAddEmployeeRoster.c(30): Notify: Parameter Substitution: parameter "EMPLOYER_ID" =  "55dfd44269702d55eaef1100"	[MsgId: MMSG-13992]
EmployerAddEmployeeRoster.c(30): Notify: Parameter Substitution: parameter "Auth_Token_010" =  "767/CJKSkmyUVPJsktdHQt9A/0y2pfmuKGht3cHC9PVw2XgsKrvNGtlwy4Pbinwj4HC0an3S5S8OX8Gw0MGkwg=="	[MsgId: MMSG-13992]
EmployerAddEmployeeRoster.c(30): Notify: Parameter Substitution: parameter "EmpFName" =  "TestE"	[MsgId: MMSG-13992]
EmployerAddEmployeeRoster.c(30): Notify: Next row for parameter EmpMI = 3 [table  = EmpMI].	[MsgId: MMSG-13876]
EmployerAddEmployeeRoster.c(30): Notify: Parameter Substitution: parameter "EmpMI" =  "L"	[MsgId: MMSG-13992]
EmployerAddEmployeeRoster.c(30): Notify: Parameter Substitution: parameter "randomLN" =  "mxwtpttt"	[MsgId: MMSG-13992]
EmployerAddEmployeeRoster.c(30): Notify: Next row for parameter EmpDOB = 3 [table  = EmpDOB].	[MsgId: MMSG-13876]
EmployerAddEmployeeRoster.c(30): Notify: Parameter Substitution: parameter "EmpDOB" =  "1/1/1978"	[MsgId: MMSG-13992]
EmployerAddEmployeeRoster.c(30): Notify: Next row for parameter EmpDOBPicker = 3 [table  = EmpDOBPicker].	[MsgId: MMSG-13876]
EmployerAddEmployeeRoster.c(30): Notify: Parameter Substitution: parameter "EmpDOBPicker" =  "1/1/1978"	[MsgId: MMSG-13992]
EmployerAddEmployeeRoster.c(30): Notify: Parameter Substitution: parameter "EmployeeSSN" =  "650-22-6853"	[MsgId: MMSG-13992]
EmployerAddEmployeeRoster.c(30): Notify: Next row for parameter EmpHireDate = 3 [table  = EmpHireDate].	[MsgId: MMSG-13876]
EmployerAddEmployeeRoster.c(30): Notify: Parameter Substitution: parameter "EmpHireDate" =  "1/1/2015"	[MsgId: MMSG-13992]
EmployerAddEmployeeRoster.c(30): Notify: Next row for parameter EmpHireDatePicker = 3 [table  = EmpHireDatePicker].	[MsgId: MMSG-13876]
EmployerAddEmployeeRoster.c(30): Notify: Parameter Substitution: parameter "EmpHireDatePicker" =  "1/1/2015"	[MsgId: MMSG-13992]
EmployerAddEmployeeRoster.c(30): Notify: Parameter Substitution: parameter "BENEFIT_GROUP_ID_3" =  "55dfd46069702d7a9fe30f00"	[MsgId: MMSG-13992]
EmployerAddEmployeeRoster.c(30): Notify: Next row for parameter pEmlyePrefix = 7 [table  = pEmlyePrefix].	[MsgId: MMSG-13876]
EmployerAddEmployeeRoster.c(30): Notify: Parameter Substitution: parameter "pEmlyePrefix" =  "FM8"	[MsgId: MMSG-13992]
EmployerAddEmployeeRoster.c(30): Notify: Parameter Substitution: parameter "EmployeeSSN" =  "650-22-6853"	[MsgId: MMSG-13992]
EmployerAddEmployeeRoster.c(30): Redirecting "http://enroll_uat.dchbx.org/employers/employer_profiles/55dfd44269702d55eaef1100/census_employees" (redirection depth is 0)  	[MsgId: MMSG-26694]
EmployerAddEmployeeRoster.c(30): To location "http://enroll_uat.dchbx.org/employers/employer_profiles/55dfd44269702d55eaef1100"  	[MsgId: MMSG-26693]
EmployerAddEmployeeRoster.c(30): Resource "http://enroll_uat.dchbx.org/assets/application-f46679a55900235b472472ac8659a877.css" is in the cache already and will not be downloaded again  	[MsgId: MMSG-26655]
EmployerAddEmployeeRoster.c(30): Resource "http://enroll_uat.dchbx.org/assets/application-022817e729d78c2891542a42e4d3b541.js" is in the cache already and will not be downloaded again  	[MsgId: MMSG-26655]
EmployerAddEmployeeRoster.c(30): Resource "https://fonts.googleapis.com/css?family=Open+Sans:300italic,400italic,600italic,700italic,800italic,400,300,600,700,800" is in the cache already and will not be downloaded again  	[MsgId: MMSG-26655]
EmployerAddEmployeeRoster.c(30): Resource "http://enroll_uat.dchbx.org/assets/logo-43b272dcff33b1b3a8efb15e6f6c0e7c.png" is in the cache already and will not be downloaded again  	[MsgId: MMSG-26655]
EmployerAddEmployeeRoster.c(30): Resource "http://enroll_uat.dchbx.org/assets/icons/icon-business-owner-af38059fae9e279fe6258718668d610c.png" is in the cache already and will not be downloaded again  	[MsgId: MMSG-26655]
EmployerAddEmployeeRoster.c(30): Resource "http://enroll_uat.dchbx.org/assets/icons/phone-bcc17403386ca4171aae411f308ef6a1.png" is in the cache already and will not be downloaded again  	[MsgId: MMSG-26655]
EmployerAddEmployeeRoster.c(30): Resource "http://enroll_uat.dchbx.org/assets/icons/mail-21b45f89893abcf4033b96e8a261354e.png" is in the cache already and will not be downloaded again  	[MsgId: MMSG-26655]
EmployerAddEmployeeRoster.c(30): Resource "http://enroll_uat.dchbx.org/assets/icons/message-6a0a303d9fc72d557125912bdf9efed8.png" is in the cache already and will not be downloaded again  	[MsgId: MMSG-26655]
EmployerAddEmployeeRoster.c(30): Registered web_reg_find successful for "Text=provided SSN belongs"  	[MsgId: MMSG-26362]
EmployerAddEmployeeRoster.c(30): Notify: Saving Parameter "savedcount = 0".	[MsgId: MMSG-13798]
EmployerAddEmployeeRoster.c(30): Registered web_reg_find successful for "Text=Census Employee is successfully" (count=1)  	[MsgId: MMSG-26364]
EmployerAddEmployeeRoster.c(30): Notify: Saving Parameter "passcount = 1".	[MsgId: MMSG-13798]
EmployerAddEmployeeRoster.c(30): web_submit_data("census_employees") was successful, 28023 body bytes, 1043 header bytes  	[MsgId: MMSG-26386]
EmployerAddEmployeeRoster.c(113): Notify: Parameter Substitution: parameter "passcount" =  "1"	[MsgId: MMSG-13992]
EmployeeInfoOutput.c(18): Notify: Parameter Substitution: parameter "EmpFName" =  "TestE"	[MsgId: MMSG-13992]
EmployeeInfoOutput.c(18): Notify: Next row for parameter EmpMI = 3 [table  = EmpMI].	[MsgId: MMSG-13876]
EmployeeInfoOutput.c(18): Notify: Parameter Substitution: parameter "EmpMI" =  "L"	[MsgId: MMSG-13992]
EmployeeInfoOutput.c(18): Notify: Parameter Substitution: parameter "randomLN" =  "mxwtpttt"	[MsgId: MMSG-13992]
EmployeeInfoOutput.c(18): Notify: Next row for parameter EmpDOBPicker = 3 [table  = EmpDOBPicker].	[MsgId: MMSG-13876]
EmployeeInfoOutput.c(18): Notify: Parameter Substitution: parameter "EmpDOBPicker" =  "1/1/1978"	[MsgId: MMSG-13992]
EmployeeInfoOutput.c(18): Notify: Next row for parameter EmpDOB = 3 [table  = EmpDOB].	[MsgId: MMSG-13876]
EmployeeInfoOutput.c(18): Notify: Parameter Substitution: parameter "EmpDOB" =  "1/1/1978"	[MsgId: MMSG-13992]
EmployeeInfoOutput.c(18): Notify: Parameter Substitution: parameter "EmployeeSSN" =  "650-22-6853"	[MsgId: MMSG-13992]
EmployeeInfoOutput.c(18): Notify: Next row for parameter EmpSEX = 3 [table  = EmpSEX].	[MsgId: MMSG-13876]
EmployeeInfoOutput.c(18): Notify: Parameter Substitution: parameter "EmpSEX" =  "FEMALE"	[MsgId: MMSG-13992]
EmployeeInfoOutput.c(18): Notify: Next row for parameter EmpHireDate = 3 [table  = EmpHireDate].	[MsgId: MMSG-13876]
EmployeeInfoOutput.c(18): Notify: Parameter Substitution: parameter "EmpHireDate" =  "1/1/2015"	[MsgId: MMSG-13992]
EmployeeInfoOutput.c(18): Notify: Next row for parameter EmpHireDatePicker = 3 [table  = EmpHireDatePicker].	[MsgId: MMSG-13876]
EmployeeInfoOutput.c(18): Notify: Parameter Substitution: parameter "EmpHireDatePicker" =  "1/1/2015"	[MsgId: MMSG-13992]
EmployeeInfoOutput.c(18): Notify: Next row for parameter EmpAddressL1 = 3 [table  = EmpAddressL1].	[MsgId: MMSG-13876]
EmployeeInfoOutput.c(18): Notify: Parameter Substitution: parameter "EmpAddressL1" =  "609 H St NE"	[MsgId: MMSG-13992]
EmployeeInfoOutput.c(18): Notify: Next row for parameter EmpCity = 3 [table  = EmpCity].	[MsgId: MMSG-13876]
EmployeeInfoOutput.c(18): Notify: Parameter Substitution: parameter "EmpCity" =  "Washington"	[MsgId: MMSG-13992]
EmployeeInfoOutput.c(18): Notify: Next row for parameter EmpZip = 3 [table  = EmpZip].	[MsgId: MMSG-13876]
EmployeeInfoOutput.c(18): Notify: Parameter Substitution: parameter "EmpZip" =  "20002"	[MsgId: MMSG-13992]
EmployeeInfoOutput.c(18): Notify: Next row for parameter pEmlyePrefix = 7 [table  = pEmlyePrefix].	[MsgId: MMSG-13876]
EmployeeInfoOutput.c(18): Notify: Parameter Substitution: parameter "pEmlyePrefix" =  "FM8"	[MsgId: MMSG-13992]
EmployeeInfoOutput.c(18): Notify: Parameter Substitution: parameter "EmployeeSSN" =  "650-22-6853"	[MsgId: MMSG-13992]
EmployeeInfoOutput.c(18): Notify: Next row for parameter EmpDOBDay = 3 [table  = EmpDOBDay].	[MsgId: MMSG-13876]
EmployeeInfoOutput.c(18): Notify: Parameter Substitution: parameter "EmpDOBDay" =  "1"	[MsgId: MMSG-13992]
EmployeeInfoOutput.c(18): Notify: Next row for parameter EmpDOBMonth = 3 [table  = EmpDOBMonth].	[MsgId: MMSG-13876]
EmployeeInfoOutput.c(18): Notify: Parameter Substitution: parameter "EmpDOBMonth" =  "1"	[MsgId: MMSG-13992]
EmployeeInfoOutput.c(18): Notify: Next row for parameter EmpDOBYear = 3 [table  = EmpDOBYear].	[MsgId: MMSG-13876]
EmployeeInfoOutput.c(18): Notify: Parameter Substitution: parameter "EmpDOBYear" =  "1978"	[MsgId: MMSG-13992]
EmployeeInfoOutput.c(18): Notify: Parameter Substitution: parameter "pEmpPrefix" =  "BIZ-FM8"	[MsgId: MMSG-13992]
EmployeeInfoOutput.c(18): Notify: Parameter Substitution: parameter "FEIN" =  "328236313"	[MsgId: MMSG-13992]
EmployerAddEmployeeRoster.c(115): Notify: Parameter Substitution: parameter "pAddEmployeeTrName" =  "01_OneToTenEmployee"	[MsgId: MMSG-13992]
EmployerAddEmployeeRoster.c(115): Notify: Transaction "EMPLYR_0010_01_OneToTenEmployee" ended with a "Pass" status (Duration: 0.0979 Wasted Time: 0.0001).	[MsgId: MMSG-16871]
ScriptFlow.c(73): Notify: Parameter Substitution: parameter "pEMPLOYEECOUNT" =  "3"	[MsgId: MMSG-13992]
ScriptFlow.c(83): Notify: Saving Parameter "LNameLength = 8".	[MsgId: MMSG-13798]
ScriptFlow.c(86): Notify: Parameter Substitution: parameter "LNameLength" =  "8"	[MsgId: MMSG-13992]
randomname.h(15): Notify: Saving Parameter "randomLN = mxwtpttt".	[MsgId: MMSG-13798]
randomname.h(28): Notify: Saving Parameter "pSSN1dep1_1 = 650".	[MsgId: MMSG-13798]
randomname.h(29): Notify: Saving Parameter "pSSN2dep1_1 = 22".	[MsgId: MMSG-13798]
randomname.h(30): Notify: Saving Parameter "pSSN3dep1_1 = 6853".	[MsgId: MMSG-13798]
randomname.h(32): Notify: Parameter Substitution: parameter "pSSN1dep1_1" =  "650"	[MsgId: MMSG-13992]
randomname.h(32): Notify: Parameter Substitution: parameter "pSSN2dep1_1" =  "22"	[MsgId: MMSG-13992]
randomname.h(32): Notify: Parameter Substitution: parameter "pSSN3dep1_1" =  "6853"	[MsgId: MMSG-13992]
randomname.h(33): Notify: Saving Parameter "EmployeeDep1SSN = 650-22-6853".	[MsgId: MMSG-13798]
randomname.h(35): Notify: Saving Parameter "EmployeeSSN = 650-22-6853".	[MsgId: MMSG-13798]
randomname.h(28): Notify: Saving Parameter "pSSN1dep1_1 = 300".	[MsgId: MMSG-13798]
randomname.h(29): Notify: Saving Parameter "pSSN2dep1_1 = 72".	[MsgId: MMSG-13798]
randomname.h(30): Notify: Saving Parameter "pSSN3dep1_1 = 1281".	[MsgId: MMSG-13798]
randomname.h(32): Notify: Parameter Substitution: parameter "pSSN1dep1_1" =  "300"	[MsgId: MMSG-13992]
randomname.h(32): Notify: Parameter Substitution: parameter "pSSN2dep1_1" =  "72"	[MsgId: MMSG-13992]
randomname.h(32): Notify: Parameter Substitution: parameter "pSSN3dep1_1" =  "1281"	[MsgId: MMSG-13992]
randomname.h(33): Notify: Saving Parameter "EmployeeDep1SSN = 300-72-1281".	[MsgId: MMSG-13798]
randomname.h(35): Notify: Saving Parameter "EmployeeDep1SSN = 300-72-1281".	[MsgId: MMSG-13798]
randomname.h(28): Notify: Saving Parameter "pSSN1dep1_1 = 837".	[MsgId: MMSG-13798]
randomname.h(29): Notify: Saving Parameter "pSSN2dep1_1 = 91".	[MsgId: MMSG-13798]
randomname.h(30): Notify: Saving Parameter "pSSN3dep1_1 = 9945".	[MsgId: MMSG-13798]
randomname.h(32): Notify: Parameter Substitution: parameter "pSSN1dep1_1" =  "837"	[MsgId: MMSG-13992]
randomname.h(32): Notify: Parameter Substitution: parameter "pSSN2dep1_1" =  "91"	[MsgId: MMSG-13992]
randomname.h(32): Notify: Parameter Substitution: parameter "pSSN3dep1_1" =  "9945"	[MsgId: MMSG-13992]
randomname.h(33): Notify: Saving Parameter "EmployeeDep1SSN = 837-91-9945".	[MsgId: MMSG-13798]
randomname.h(35): Notify: Saving Parameter "EmployeeDep2SSN = 837-91-9945".	[MsgId: MMSG-13798]
ScriptFlow.c(90): Notify: Parameter Substitution: parameter "EmployeeSSN" =  "650-22-6853"	[MsgId: MMSG-13992]
650-22-6853	[MsgId: MMSG-17999]
ScriptFlow.c(91): Notify: Parameter Substitution: parameter "EmployeeDep1SSN" =  "837-91-9945"	[MsgId: MMSG-13992]
837-91-9945	[MsgId: MMSG-17999]
ScriptFlow.c(92): Notify: Parameter Substitution: parameter "EmployeeDep2SSN" =  "837-91-9945"	[MsgId: MMSG-13992]
837-91-9945	[MsgId: MMSG-17999]
ScriptFlow.c(94): lr_think_time: 10.00 seconds.	[MsgId: MMSG-15948]
EmployerAddEmployeeRoster.c(5): web_reg_save_param started  	[MsgId: MMSG-26355]
EmployerAddEmployeeRoster.c(5): Registering web_reg_save_param was successful  	[MsgId: MMSG-26390]
EmployerAddEmployeeRoster.c(7): Notify: Transaction "EMPLYR_0009_Click_Employee_Tab" started.	[MsgId: MMSG-16999]
EmployerAddEmployeeRoster.c(9): web_url("Employees Employees") started  	[MsgId: MMSG-26355]
EmployerAddEmployeeRoster.c(9): Notify: Parameter Substitution: parameter "HTTP" =  "http"	[MsgId: MMSG-13992]
EmployerAddEmployeeRoster.c(9): Notify: Parameter Substitution: parameter "host_10_83_84_161" =  "enroll_uat.dchbx.org"	[MsgId: MMSG-13992]
EmployerAddEmployeeRoster.c(9): Notify: Parameter Substitution: parameter "EMPLOYER_ID" =  "55dfd44269702d55eaef1100"	[MsgId: MMSG-13992]
EmployerAddEmployeeRoster.c(9): Notify: Parameter Substitution: parameter "HTTP" =  "http"	[MsgId: MMSG-13992]
EmployerAddEmployeeRoster.c(9): Notify: Parameter Substitution: parameter "host_10_83_84_161" =  "enroll_uat.dchbx.org"	[MsgId: MMSG-13992]
EmployerAddEmployeeRoster.c(9): Notify: Parameter Substitution: parameter "EMPLOYER_ID" =  "55dfd44269702d55eaef1100"	[MsgId: MMSG-13992]
EmployerAddEmployeeRoster.c(9): Notify: Saving Parameter "Auth_Token_010 = pAnN6TcH1j1Liir9jHmn0AVfVvQhPgVX+8ooB8nXzhY7fkrNjy6JSwauExLFJJyxOm8d0upJGdbd/YRq2NSeIQ==".	[MsgId: MMSG-13798]
EmployerAddEmployeeRoster.c(9): web_url("Employees Employees") was successful, 26691 body bytes, 444 header bytes  	[MsgId: MMSG-26386]
EmployerAddEmployeeRoster.c(19): Notify: Transaction "EMPLYR_0009_Click_Employee_Tab" ended with a "Pass" status (Duration: 0.0407 Wasted Time: 0.0003).	[MsgId: MMSG-16871]
EmployerAddEmployeeRoster.c(21): lr_think_time: 10.00 seconds.	[MsgId: MMSG-15948]
EmployerAddEmployeeRoster.c(25): web_reg_find started  	[MsgId: MMSG-26355]
EmployerAddEmployeeRoster.c(25): Registering web_reg_find was successful  	[MsgId: MMSG-26390]
EmployerAddEmployeeRoster.c(26): web_reg_find started  	[MsgId: MMSG-26355]
EmployerAddEmployeeRoster.c(26): Registering web_reg_find was successful  	[MsgId: MMSG-26390]
EmployerAddEmployeeRoster.c(28): Notify: Parameter Substitution: parameter "pAddEmployeeTrName" =  "01_OneToTenEmployee"	[MsgId: MMSG-13992]
EmployerAddEmployeeRoster.c(28): Notify: Transaction "EMPLYR_0010_01_OneToTenEmployee" started.	[MsgId: MMSG-16999]
EmployerAddEmployeeRoster.c(30): web_submit_data("census_employees") started  	[MsgId: MMSG-26355]
EmployerAddEmployeeRoster.c(30): Notify: Parameter Substitution: parameter "HTTP" =  "http"	[MsgId: MMSG-13992]
EmployerAddEmployeeRoster.c(30): Notify: Parameter Substitution: parameter "host_10_83_84_161" =  "enroll_uat.dchbx.org"	[MsgId: MMSG-13992]
EmployerAddEmployeeRoster.c(30): Notify: Parameter Substitution: parameter "EMPLOYER_ID" =  "55dfd44269702d55eaef1100"	[MsgId: MMSG-13992]
EmployerAddEmployeeRoster.c(30): Notify: Parameter Substitution: parameter "HTTP" =  "http"	[MsgId: MMSG-13992]
EmployerAddEmployeeRoster.c(30): Notify: Parameter Substitution: parameter "host_10_83_84_161" =  "enroll_uat.dchbx.org"	[MsgId: MMSG-13992]
EmployerAddEmployeeRoster.c(30): Notify: Parameter Substitution: parameter "EMPLOYER_ID" =  "55dfd44269702d55eaef1100"	[MsgId: MMSG-13992]
EmployerAddEmployeeRoster.c(30): Notify: Parameter Substitution: parameter "Auth_Token_010" =  "pAnN6TcH1j1Liir9jHmn0AVfVvQhPgVX+8ooB8nXzhY7fkrNjy6JSwauExLFJJyxOm8d0upJGdbd/YRq2NSeIQ=="	[MsgId: MMSG-13992]
EmployerAddEmployeeRoster.c(30): Notify: Parameter Substitution: parameter "EmpFName" =  "TestE"	[MsgId: MMSG-13992]
EmployerAddEmployeeRoster.c(30): Notify: Next row for parameter EmpMI = 3 [table  = EmpMI].	[MsgId: MMSG-13876]
EmployerAddEmployeeRoster.c(30): Notify: Parameter Substitution: parameter "EmpMI" =  "L"	[MsgId: MMSG-13992]
EmployerAddEmployeeRoster.c(30): Notify: Parameter Substitution: parameter "randomLN" =  "mxwtpttt"	[MsgId: MMSG-13992]
EmployerAddEmployeeRoster.c(30): Notify: Next row for parameter EmpDOB = 3 [table  = EmpDOB].	[MsgId: MMSG-13876]
EmployerAddEmployeeRoster.c(30): Notify: Parameter Substitution: parameter "EmpDOB" =  "1/1/1978"	[MsgId: MMSG-13992]
EmployerAddEmployeeRoster.c(30): Notify: Next row for parameter EmpDOBPicker = 3 [table  = EmpDOBPicker].	[MsgId: MMSG-13876]
EmployerAddEmployeeRoster.c(30): Notify: Parameter Substitution: parameter "EmpDOBPicker" =  "1/1/1978"	[MsgId: MMSG-13992]
EmployerAddEmployeeRoster.c(30): Notify: Parameter Substitution: parameter "EmployeeSSN" =  "650-22-6853"	[MsgId: MMSG-13992]
EmployerAddEmployeeRoster.c(30): Notify: Next row for parameter EmpHireDate = 3 [table  = EmpHireDate].	[MsgId: MMSG-13876]
EmployerAddEmployeeRoster.c(30): Notify: Parameter Substitution: parameter "EmpHireDate" =  "1/1/2015"	[MsgId: MMSG-13992]
EmployerAddEmployeeRoster.c(30): Notify: Next row for parameter EmpHireDatePicker = 3 [table  = EmpHireDatePicker].	[MsgId: MMSG-13876]
EmployerAddEmployeeRoster.c(30): Notify: Parameter Substitution: parameter "EmpHireDatePicker" =  "1/1/2015"	[MsgId: MMSG-13992]
EmployerAddEmployeeRoster.c(30): Notify: Parameter Substitution: parameter "BENEFIT_GROUP_ID_3" =  "55dfd46069702d7a9fe30f00"	[MsgId: MMSG-13992]
EmployerAddEmployeeRoster.c(30): Notify: Next row for parameter pEmlyePrefix = 7 [table  = pEmlyePrefix].	[MsgId: MMSG-13876]
EmployerAddEmployeeRoster.c(30): Notify: Parameter Substitution: parameter "pEmlyePrefix" =  "FM8"	[MsgId: MMSG-13992]
EmployerAddEmployeeRoster.c(30): Notify: Parameter Substitution: parameter "EmployeeSSN" =  "650-22-6853"	[MsgId: MMSG-13992]
EmployerAddEmployeeRoster.c(30): Resource "http://enroll_uat.dchbx.org/assets/application-f46679a55900235b472472ac8659a877.css" is in the cache already and will not be downloaded again  	[MsgId: MMSG-26655]
EmployerAddEmployeeRoster.c(30): Resource "http://enroll_uat.dchbx.org/assets/application-022817e729d78c2891542a42e4d3b541.js" is in the cache already and will not be downloaded again  	[MsgId: MMSG-26655]
EmployerAddEmployeeRoster.c(30): Resource "https://fonts.googleapis.com/css?family=Open+Sans:300italic,400italic,600italic,700italic,800italic,400,300,600,700,800" is in the cache already and will not be downloaded again  	[MsgId: MMSG-26655]
EmployerAddEmployeeRoster.c(30): Resource "http://enroll_uat.dchbx.org/assets/logo-43b272dcff33b1b3a8efb15e6f6c0e7c.png" is in the cache already and will not be downloaded again  	[MsgId: MMSG-26655]
EmployerAddEmployeeRoster.c(30): Resource "http://enroll_uat.dchbx.org/assets/icons/icon-business-owner-af38059fae9e279fe6258718668d610c.png" is in the cache already and will not be downloaded again  	[MsgId: MMSG-26655]
EmployerAddEmployeeRoster.c(30): Resource "http://enroll_uat.dchbx.org/assets/icons/phone-bcc17403386ca4171aae411f308ef6a1.png" is in the cache already and will not be downloaded again  	[MsgId: MMSG-26655]
EmployerAddEmployeeRoster.c(30): Resource "http://enroll_uat.dchbx.org/assets/icons/mail-21b45f89893abcf4033b96e8a261354e.png" is in the cache already and will not be downloaded again  	[MsgId: MMSG-26655]
EmployerAddEmployeeRoster.c(30): Resource "http://enroll_uat.dchbx.org/assets/icons/message-6a0a303d9fc72d557125912bdf9efed8.png" is in the cache already and will not be downloaded again  	[MsgId: MMSG-26655]
EmployerAddEmployeeRoster.c(30): Registered web_reg_find successful for "Text=provided SSN belongs"  	[MsgId: MMSG-26362]
EmployerAddEmployeeRoster.c(30): Notify: Saving Parameter "savedcount = 0".	[MsgId: MMSG-13798]
EmployerAddEmployeeRoster.c(30): Registered web_reg_find successful for "Text=Census Employee is successfully"  	[MsgId: MMSG-26362]
EmployerAddEmployeeRoster.c(30): Notify: Saving Parameter "passcount = 0".	[MsgId: MMSG-13798]
EmployerAddEmployeeRoster.c(30): web_submit_data("census_employees") was successful, 38303 body bytes, 485 header bytes  	[MsgId: MMSG-26386]
EmployerAddEmployeeRoster.c(113): Notify: Parameter Substitution: parameter "passcount" =  "0"	[MsgId: MMSG-13992]
EmployerAddEmployeeRoster.c(118): Notify: Parameter Substitution: parameter "savedcount" =  "0"	[MsgId: MMSG-13992]
EmployerAddEmployeeRoster.c(129): Notify: Parameter Substitution: parameter "pAddEmployeeTrName" =  "01_OneToTenEmployee"	[MsgId: MMSG-13992]
EmployerAddEmployeeRoster.c(129): Notify: Transaction "EMPLYR_0010_01_OneToTenEmployee" ended with a "Pass" status (Duration: 0.0759 Wasted Time: 0.0001).	[MsgId: MMSG-16871]
ScriptFlow.c(73): Notify: Parameter Substitution: parameter "pEMPLOYEECOUNT" =  "3"	[MsgId: MMSG-13992]
ScriptFlow.c(83): Notify: Saving Parameter "LNameLength = 8".	[MsgId: MMSG-13798]
ScriptFlow.c(86): Notify: Parameter Substitution: parameter "LNameLength" =  "8"	[MsgId: MMSG-13992]
randomname.h(15): Notify: Saving Parameter "randomLN = mxwtpttt".	[MsgId: MMSG-13798]
randomname.h(28): Notify: Saving Parameter "pSSN1dep1_1 = 650".	[MsgId: MMSG-13798]
randomname.h(29): Notify: Saving Parameter "pSSN2dep1_1 = 22".	[MsgId: MMSG-13798]
randomname.h(30): Notify: Saving Parameter "pSSN3dep1_1 = 6853".	[MsgId: MMSG-13798]
randomname.h(32): Notify: Parameter Substitution: parameter "pSSN1dep1_1" =  "650"	[MsgId: MMSG-13992]
randomname.h(32): Notify: Parameter Substitution: parameter "pSSN2dep1_1" =  "22"	[MsgId: MMSG-13992]
randomname.h(32): Notify: Parameter Substitution: parameter "pSSN3dep1_1" =  "6853"	[MsgId: MMSG-13992]
randomname.h(33): Notify: Saving Parameter "EmployeeDep1SSN = 650-22-6853".	[MsgId: MMSG-13798]
randomname.h(35): Notify: Saving Parameter "EmployeeSSN = 650-22-6853".	[MsgId: MMSG-13798]
randomname.h(28): Notify: Saving Parameter "pSSN1dep1_1 = 300".	[MsgId: MMSG-13798]
randomname.h(29): Notify: Saving Parameter "pSSN2dep1_1 = 72".	[MsgId: MMSG-13798]
randomname.h(30): Notify: Saving Parameter "pSSN3dep1_1 = 1281".	[MsgId: MMSG-13798]
randomname.h(32): Notify: Parameter Substitution: parameter "pSSN1dep1_1" =  "300"	[MsgId: MMSG-13992]
randomname.h(32): Notify: Parameter Substitution: parameter "pSSN2dep1_1" =  "72"	[MsgId: MMSG-13992]
randomname.h(32): Notify: Parameter Substitution: parameter "pSSN3dep1_1" =  "1281"	[MsgId: MMSG-13992]
randomname.h(33): Notify: Saving Parameter "EmployeeDep1SSN = 300-72-1281".	[MsgId: MMSG-13798]
randomname.h(35): Notify: Saving Parameter "EmployeeDep1SSN = 300-72-1281".	[MsgId: MMSG-13798]
randomname.h(28): Notify: Saving Parameter "pSSN1dep1_1 = 837".	[MsgId: MMSG-13798]
randomname.h(29): Notify: Saving Parameter "pSSN2dep1_1 = 91".	[MsgId: MMSG-13798]
randomname.h(30): Notify: Saving Parameter "pSSN3dep1_1 = 9945".	[MsgId: MMSG-13798]
randomname.h(32): Notify: Parameter Substitution: parameter "pSSN1dep1_1" =  "837"	[MsgId: MMSG-13992]
randomname.h(32): Notify: Parameter Substitution: parameter "pSSN2dep1_1" =  "91"	[MsgId: MMSG-13992]
randomname.h(32): Notify: Parameter Substitution: parameter "pSSN3dep1_1" =  "9945"	[MsgId: MMSG-13992]
randomname.h(33): Notify: Saving Parameter "EmployeeDep1SSN = 837-91-9945".	[MsgId: MMSG-13798]
randomname.h(35): Notify: Saving Parameter "EmployeeDep2SSN = 837-91-9945".	[MsgId: MMSG-13798]
ScriptFlow.c(90): Notify: Parameter Substitution: parameter "EmployeeSSN" =  "650-22-6853"	[MsgId: MMSG-13992]
650-22-6853	[MsgId: MMSG-17999]
ScriptFlow.c(91): Notify: Parameter Substitution: parameter "EmployeeDep1SSN" =  "837-91-9945"	[MsgId: MMSG-13992]
837-91-9945	[MsgId: MMSG-17999]
ScriptFlow.c(92): Notify: Parameter Substitution: parameter "EmployeeDep2SSN" =  "837-91-9945"	[MsgId: MMSG-13992]
837-91-9945	[MsgId: MMSG-17999]
ScriptFlow.c(94): lr_think_time: 10.00 seconds.	[MsgId: MMSG-15948]
EmployerAddEmployeeRoster.c(5): web_reg_save_param started  	[MsgId: MMSG-26355]
EmployerAddEmployeeRoster.c(5): Registering web_reg_save_param was successful  	[MsgId: MMSG-26390]
EmployerAddEmployeeRoster.c(7): Notify: Transaction "EMPLYR_0009_Click_Employee_Tab" started.	[MsgId: MMSG-16999]
EmployerAddEmployeeRoster.c(9): web_url("Employees Employees") started  	[MsgId: MMSG-26355]
EmployerAddEmployeeRoster.c(9): Notify: Parameter Substitution: parameter "HTTP" =  "http"	[MsgId: MMSG-13992]
EmployerAddEmployeeRoster.c(9): Notify: Parameter Substitution: parameter "host_10_83_84_161" =  "enroll_uat.dchbx.org"	[MsgId: MMSG-13992]
EmployerAddEmployeeRoster.c(9): Notify: Parameter Substitution: parameter "EMPLOYER_ID" =  "55dfd44269702d55eaef1100"	[MsgId: MMSG-13992]
EmployerAddEmployeeRoster.c(9): Notify: Parameter Substitution: parameter "HTTP" =  "http"	[MsgId: MMSG-13992]
EmployerAddEmployeeRoster.c(9): Notify: Parameter Substitution: parameter "host_10_83_84_161" =  "enroll_uat.dchbx.org"	[MsgId: MMSG-13992]
EmployerAddEmployeeRoster.c(9): Notify: Parameter Substitution: parameter "EMPLOYER_ID" =  "55dfd44269702d55eaef1100"	[MsgId: MMSG-13992]
EmployerAddEmployeeRoster.c(9): Notify: Saving Parameter "Auth_Token_010 = 1RVAyVUTpUNqHb3gnqTyKLjbKWcuP8n/8rAvBfPG28hKYsft7Tr6NSc5hA/X+clJh+tiQeVI1X7Uh4No4sWL/w==".	[MsgId: MMSG-13798]
EmployerAddEmployeeRoster.c(9): web_url("Employees Employees") was successful, 26691 body bytes, 533 header bytes  	[MsgId: MMSG-26386]
EmployerAddEmployeeRoster.c(19): Notify: Transaction "EMPLYR_0009_Click_Employee_Tab" ended with a "Pass" status (Duration: 0.0429 Wasted Time: 0.0004).	[MsgId: MMSG-16871]
EmployerAddEmployeeRoster.c(21): lr_think_time: 10.00 seconds.	[MsgId: MMSG-15948]
EmployerAddEmployeeRoster.c(25): web_reg_find started  	[MsgId: MMSG-26355]
EmployerAddEmployeeRoster.c(25): Registering web_reg_find was successful  	[MsgId: MMSG-26390]
EmployerAddEmployeeRoster.c(26): web_reg_find started  	[MsgId: MMSG-26355]
EmployerAddEmployeeRoster.c(26): Registering web_reg_find was successful  	[MsgId: MMSG-26390]
EmployerAddEmployeeRoster.c(28): Notify: Parameter Substitution: parameter "pAddEmployeeTrName" =  "01_OneToTenEmployee"	[MsgId: MMSG-13992]
EmployerAddEmployeeRoster.c(28): Notify: Transaction "EMPLYR_0010_01_OneToTenEmployee" started.	[MsgId: MMSG-16999]
EmployerAddEmployeeRoster.c(30): web_submit_data("census_employees") started  	[MsgId: MMSG-26355]
EmployerAddEmployeeRoster.c(30): Notify: Parameter Substitution: parameter "HTTP" =  "http"	[MsgId: MMSG-13992]
EmployerAddEmployeeRoster.c(30): Notify: Parameter Substitution: parameter "host_10_83_84_161" =  "enroll_uat.dchbx.org"	[MsgId: MMSG-13992]
EmployerAddEmployeeRoster.c(30): Notify: Parameter Substitution: parameter "EMPLOYER_ID" =  "55dfd44269702d55eaef1100"	[MsgId: MMSG-13992]
EmployerAddEmployeeRoster.c(30): Notify: Parameter Substitution: parameter "HTTP" =  "http"	[MsgId: MMSG-13992]
EmployerAddEmployeeRoster.c(30): Notify: Parameter Substitution: parameter "host_10_83_84_161" =  "enroll_uat.dchbx.org"	[MsgId: MMSG-13992]
EmployerAddEmployeeRoster.c(30): Notify: Parameter Substitution: parameter "EMPLOYER_ID" =  "55dfd44269702d55eaef1100"	[MsgId: MMSG-13992]
EmployerAddEmployeeRoster.c(30): Notify: Parameter Substitution: parameter "Auth_Token_010" =  "1RVAyVUTpUNqHb3gnqTyKLjbKWcuP8n/8rAvBfPG28hKYsft7Tr6NSc5hA/X+clJh+tiQeVI1X7Uh4No4sWL/w=="	[MsgId: MMSG-13992]
EmployerAddEmployeeRoster.c(30): Notify: Parameter Substitution: parameter "EmpFName" =  "TestE"	[MsgId: MMSG-13992]
EmployerAddEmployeeRoster.c(30): Notify: Next row for parameter EmpMI = 3 [table  = EmpMI].	[MsgId: MMSG-13876]
EmployerAddEmployeeRoster.c(30): Notify: Parameter Substitution: parameter "EmpMI" =  "L"	[MsgId: MMSG-13992]
EmployerAddEmployeeRoster.c(30): Notify: Parameter Substitution: parameter "randomLN" =  "mxwtpttt"	[MsgId: MMSG-13992]
EmployerAddEmployeeRoster.c(30): Notify: Next row for parameter EmpDOB = 3 [table  = EmpDOB].	[MsgId: MMSG-13876]
EmployerAddEmployeeRoster.c(30): Notify: Parameter Substitution: parameter "EmpDOB" =  "1/1/1978"	[MsgId: MMSG-13992]
EmployerAddEmployeeRoster.c(30): Notify: Next row for parameter EmpDOBPicker = 3 [table  = EmpDOBPicker].	[MsgId: MMSG-13876]
EmployerAddEmployeeRoster.c(30): Notify: Parameter Substitution: parameter "EmpDOBPicker" =  "1/1/1978"	[MsgId: MMSG-13992]
EmployerAddEmployeeRoster.c(30): Notify: Parameter Substitution: parameter "EmployeeSSN" =  "650-22-6853"	[MsgId: MMSG-13992]
EmployerAddEmployeeRoster.c(30): Notify: Next row for parameter EmpHireDate = 3 [table  = EmpHireDate].	[MsgId: MMSG-13876]
EmployerAddEmployeeRoster.c(30): Notify: Parameter Substitution: parameter "EmpHireDate" =  "1/1/2015"	[MsgId: MMSG-13992]
EmployerAddEmployeeRoster.c(30): Notify: Next row for parameter EmpHireDatePicker = 3 [table  = EmpHireDatePicker].	[MsgId: MMSG-13876]
EmployerAddEmployeeRoster.c(30): Notify: Parameter Substitution: parameter "EmpHireDatePicker" =  "1/1/2015"	[MsgId: MMSG-13992]
EmployerAddEmployeeRoster.c(30): Notify: Parameter Substitution: parameter "BENEFIT_GROUP_ID_3" =  "55dfd46069702d7a9fe30f00"	[MsgId: MMSG-13992]
EmployerAddEmployeeRoster.c(30): Notify: Next row for parameter pEmlyePrefix = 7 [table  = pEmlyePrefix].	[MsgId: MMSG-13876]
EmployerAddEmployeeRoster.c(30): Notify: Parameter Substitution: parameter "pEmlyePrefix" =  "FM8"	[MsgId: MMSG-13992]
EmployerAddEmployeeRoster.c(30): Notify: Parameter Substitution: parameter "EmployeeSSN" =  "650-22-6853"	[MsgId: MMSG-13992]
EmployerAddEmployeeRoster.c(30): Resource "http://enroll_uat.dchbx.org/assets/application-f46679a55900235b472472ac8659a877.css" is in the cache already and will not be downloaded again  	[MsgId: MMSG-26655]
EmployerAddEmployeeRoster.c(30): Resource "http://enroll_uat.dchbx.org/assets/application-022817e729d78c2891542a42e4d3b541.js" is in the cache already and will not be downloaded again  	[MsgId: MMSG-26655]
EmployerAddEmployeeRoster.c(30): Resource "https://fonts.googleapis.com/css?family=Open+Sans:300italic,400italic,600italic,700italic,800italic,400,300,600,700,800" is in the cache already and will not be downloaded again  	[MsgId: MMSG-26655]
EmployerAddEmployeeRoster.c(30): Resource "http://enroll_uat.dchbx.org/assets/logo-43b272dcff33b1b3a8efb15e6f6c0e7c.png" is in the cache already and will not be downloaded again  	[MsgId: MMSG-26655]
EmployerAddEmployeeRoster.c(30): Resource "http://enroll_uat.dchbx.org/assets/icons/icon-business-owner-af38059fae9e279fe6258718668d610c.png" is in the cache already and will not be downloaded again  	[MsgId: MMSG-26655]
EmployerAddEmployeeRoster.c(30): Resource "http://enroll_uat.dchbx.org/assets/icons/phone-bcc17403386ca4171aae411f308ef6a1.png" is in the cache already and will not be downloaded again  	[MsgId: MMSG-26655]
EmployerAddEmployeeRoster.c(30): Resource "http://enroll_uat.dchbx.org/assets/icons/mail-21b45f89893abcf4033b96e8a261354e.png" is in the cache already and will not be downloaded again  	[MsgId: MMSG-26655]
EmployerAddEmployeeRoster.c(30): Resource "http://enroll_uat.dchbx.org/assets/icons/message-6a0a303d9fc72d557125912bdf9efed8.png" is in the cache already and will not be downloaded again  	[MsgId: MMSG-26655]
EmployerAddEmployeeRoster.c(30): Registered web_reg_find successful for "Text=provided SSN belongs"  	[MsgId: MMSG-26362]
EmployerAddEmployeeRoster.c(30): Notify: Saving Parameter "savedcount = 0".	[MsgId: MMSG-13798]
EmployerAddEmployeeRoster.c(30): Registered web_reg_find successful for "Text=Census Employee is successfully"  	[MsgId: MMSG-26362]
EmployerAddEmployeeRoster.c(30): Notify: Saving Parameter "passcount = 0".	[MsgId: MMSG-13798]
EmployerAddEmployeeRoster.c(30): web_submit_data("census_employees") was successful, 38303 body bytes, 485 header bytes  	[MsgId: MMSG-26386]
EmployerAddEmployeeRoster.c(113): Notify: Parameter Substitution: parameter "passcount" =  "0"	[MsgId: MMSG-13992]
EmployerAddEmployeeRoster.c(118): Notify: Parameter Substitution: parameter "savedcount" =  "0"	[MsgId: MMSG-13992]
EmployerAddEmployeeRoster.c(129): Notify: Parameter Substitution: parameter "pAddEmployeeTrName" =  "01_OneToTenEmployee"	[MsgId: MMSG-13992]
EmployerAddEmployeeRoster.c(129): Notify: Transaction "EMPLYR_0010_01_OneToTenEmployee" ended with a "Pass" status (Duration: 0.0894 Wasted Time: 0.0002).	[MsgId: MMSG-16871]
ScriptFlow.c(73): Notify: Parameter Substitution: parameter "pEMPLOYEECOUNT" =  "3"	[MsgId: MMSG-13992]
ScriptFlow.c(99): lr_think_time: 10.00 seconds.	[MsgId: MMSG-15948]
Logout.c(3): Notify: Transaction "EMPLYR_1000_Logout" started.	[MsgId: MMSG-16999]
Logout.c(5): web_submit_data("sign_out") started  	[MsgId: MMSG-26355]
Logout.c(5): Notify: Parameter Substitution: parameter "HTTP" =  "http"	[MsgId: MMSG-13992]
Logout.c(5): Notify: Parameter Substitution: parameter "host_10_83_84_161" =  "enroll_uat.dchbx.org"	[MsgId: MMSG-13992]
Logout.c(5): Notify: Parameter Substitution: parameter "HTTP" =  "http"	[MsgId: MMSG-13992]
Logout.c(5): Notify: Parameter Substitution: parameter "host_10_83_84_161" =  "enroll_uat.dchbx.org"	[MsgId: MMSG-13992]
Logout.c(5): Notify: Parameter Substitution: parameter "EMPLOYER_ID" =  "55dfd44269702d55eaef1100"	[MsgId: MMSG-13992]
Logout.c(5): Notify: Parameter Substitution: parameter "AUTH_TOKEN_4" =  "Qd6emgPvtbJfT5Eli+KixH06woaPeXm98nSCc6PWeJjeqRm+u8bqxBJrqMrCv5mlQgqJoEQOZTzUQy4estUorw=="	[MsgId: MMSG-13992]
Logout.c(5): web_submit_data("sign_out") was successful, 0 body bytes, 440 header bytes  	[MsgId: MMSG-26386]
Logout.c(18): Notify: Transaction "EMPLYR_1000_Logout" ended with a "Pass" status (Duration: 0.0249).	[MsgId: MMSG-16873]
Ending action ScriptFlow.	[MsgId: MMSG-15918]
Ending iteration 1.	[MsgId: MMSG-15965]
Ending Vuser...	[MsgId: MMSG-15966]
Starting action vuser_end.	[MsgId: MMSG-15919]
Ending action vuser_end.	[MsgId: MMSG-15918]
Vuser Terminated.	[MsgId: MMSG-15963]
Vuser 0 (thread 4328), ended OK."	[MsgId: MMSG-10695]
