Virtual User Script started at : 9/17/2015 3:34:11 PM	[MsgId: MMSG-15967]
Starting action vuser_init.	[MsgId: MMSG-15919]
Web Turbo Replay of LoadRunner 12.0.0 for Windows 7; build 2739 (Nov 30 2014 23:13:05)  	[MsgId: MMSG-27143]
Run mode: HTML  	[MsgId: MMSG-26993]
Run-Time Settings file: "C:\Users\francis.montenegro\AppData\Local\Temp\1\lr5tmpdir9gc.444\lrcfgTEW.445\cfgUCD.471"  	[MsgId: MMSG-27141]
vuser_init.c(17): Notify: Parameter Substitution: parameter "MillisSeed" =  "153411.793"	[MsgId: MMSG-13992]
vuser_init.c(19): Notify: Parameter Substitution: parameter "VUserID" =  "21"	[MsgId: MMSG-13992]
vuser_init.c(25): Notify: Saving Parameter "EmpFileName = ..\EmpFName_2.dat".	[MsgId: MMSG-13798]
vuser_init.c(29): Notify: Parameter Substitution: parameter "VUserID" =  "21"	[MsgId: MMSG-13992]
vuser_init.c(29): Notify: Parameter Substitution: parameter "EmpFileName" =  "..\EmpFName_2.dat"	[MsgId: MMSG-13992]
vuser_init.c(29): Error: UserId: 21, FileName : ..\EmpFName_2.dat	[MsgId: MERR-17999]
CreateFiles.c(5): Notify: Parameter Substitution: parameter "EmpFileName" =  "..\EmpFName_2.dat"	[MsgId: MMSG-13992]
Ending action vuser_init.	[MsgId: MMSG-15918]
Running Vuser...	[MsgId: MMSG-15964]
Starting iteration 1.	[MsgId: MMSG-15968]
Maximum number of concurrent connections per server: 6  	[MsgId: MMSG-26989]
Starting action Logic.	[MsgId: MMSG-15919]
Ending action Logic.	[MsgId: MMSG-15918]
Ending iteration 1.	[MsgId: MMSG-15965]
Ending Vuser...	[MsgId: MMSG-15966]
Starting action vuser_end.	[MsgId: MMSG-15919]
Ending action vuser_end.	[MsgId: MMSG-15918]
Vuser Terminated.	[MsgId: MMSG-15963]
Vuser 0 (thread 776), ended OK."	[MsgId: MMSG-10695]
