EmployerAddEmployeeRoster.c(30): Resource "http://enroll-preprod.dchbx.org/assets/logo-37b2d59fd0101e8781456ec388f3400a.png" is in the cache already and will not be downloaded again  	[MsgId: MMSG-26655]
EmployerAddEmployeeRoster.c(30): Resource "http://enroll-preprod.dchbx.org/assets/icons/icon-business-owner-c8920868ad7a0186be46b4928575297b.png" is in the cache already and will not be downloaded again  	[MsgId: MMSG-26655]
EmployerAddEmployeeRoster.c(30): Resource "http://enroll-preprod.dchbx.org/assets/icons/phone-b3ad531e1c8368729f17ce45eb54bbf1.png" is in the cache already and will not be downloaded again  	[MsgId: MMSG-26655]
EmployerAddEmployeeRoster.c(30): Resource "http://enroll-preprod.dchbx.org/assets/icons/mail-30cd69f38c85fd121d2468b88f4dec71.png" is in the cache already and will not be downloaded again  	[MsgId: MMSG-26655]
EmployerAddEmployeeRoster.c(30): Resource "http://enroll-preprod.dchbx.org/assets/icons/message-e6d0f4f5f538fe315e1cb2eb96c57bec.png" is in the cache already and will not be downloaded again  	[MsgId: MMSG-26655]
EmployerAddEmployeeRoster.c(30): Registered web_reg_find successful for "Text=provided SSN belongs"  	[MsgId: MMSG-26362]
EmployerAddEmployeeRoster.c(30): Notify: Saving Parameter "savedcount = 0".	[MsgId: MMSG-13798]
EmployerAddEmployeeRoster.c(30): Registered web_reg_find successful for "Text=Census Employee is successfully" (count=1)  	[MsgId: MMSG-26364]
EmployerAddEmployeeRoster.c(30): Notify: Saving Parameter "passcount = 1".	[MsgId: MMSG-13798]
EmployerAddEmployeeRoster.c(30): web_submit_data("census_employees") was successful, 14794 body bytes, 1047 header bytes  	[MsgId: MMSG-26386]
EmployerAddEmployeeRoster.c(113): Notify: Parameter Substitution: parameter "passcount" =  "1"	[MsgId: MMSG-13992]
EmployeeInfoOutput.c(10): Notify: Parameter Substitution: parameter "EmpFileName" =  "C:\Enroll_App\Data_Folder\EmpFName_0.dat"	[MsgId: MMSG-13992]
EmployeeInfoOutput.c(11): Notify: Parameter Substitution: parameter "EmpFileName" =  "C:\Enroll_App\Data_Folder\EmpFName_0.dat"	[MsgId: MMSG-13992]
EmployeeInfoOutput.c(18): Notify: Parameter Substitution: parameter "EmpFName" =  "TestE"	[MsgId: MMSG-13992]
EmployeeInfoOutput.c(18): Notify: Next row for parameter EmpMI = 1 [table  = EmpMI].	[MsgId: MMSG-13876]
EmployeeInfoOutput.c(18): Notify: Parameter Substitution: parameter "EmpMI" =  "L"	[MsgId: MMSG-13992]
EmployeeInfoOutput.c(18): Notify: Parameter Substitution: parameter "randomLN" =  "drnnpax"	[MsgId: MMSG-13992]
EmployeeInfoOutput.c(18): Notify: Next row for parameter EmpDOBPicker = 1 [table  = EmpDOBPicker].	[MsgId: MMSG-13876]
EmployeeInfoOutput.c(18): Notify: Parameter Substitution: parameter "EmpDOBPicker" =  "1/1/1978"	[MsgId: MMSG-13992]
EmployeeInfoOutput.c(18): Notify: Next row for parameter EmpDOB = 1 [table  = EmpDOB].	[MsgId: MMSG-13876]
EmployeeInfoOutput.c(18): Notify: Parameter Substitution: parameter "EmpDOB" =  "1/1/1978"	[MsgId: MMSG-13992]
EmployeeInfoOutput.c(18): Notify: Parameter Substitution: parameter "EmployeeSSN" =  "700-34-1931"	[MsgId: MMSG-13992]
EmployeeInfoOutput.c(18): Notify: Next row for parameter EmpSEX = 1 [table  = EmpSEX].	[MsgId: MMSG-13876]
EmployeeInfoOutput.c(18): Notify: Parameter Substitution: parameter "EmpSEX" =  "FEMALE"	[MsgId: MMSG-13992]
EmployeeInfoOutput.c(18): Notify: Next row for parameter EmpHireDate = 1 [table  = EmpHireDate].	[MsgId: MMSG-13876]
EmployeeInfoOutput.c(18): Notify: Parameter Substitution: parameter "EmpHireDate" =  "1/1/2015"	[MsgId: MMSG-13992]
EmployeeInfoOutput.c(18): Notify: Next row for parameter EmpHireDatePicker = 1 [table  = EmpHireDatePicker].	[MsgId: MMSG-13876]
EmployeeInfoOutput.c(18): Notify: Parameter Substitution: parameter "EmpHireDatePicker" =  "1/1/2015"	[MsgId: MMSG-13992]
EmployeeInfoOutput.c(18): Notify: Next row for parameter EmpAddressL1 = 1 [table  = EmpAddressL1].	[MsgId: MMSG-13876]
EmployeeInfoOutput.c(18): Notify: Parameter Substitution: parameter "EmpAddressL1" =  "609 H St NE "	[MsgId: MMSG-13992]
EmployeeInfoOutput.c(18): Notify: Next row for parameter EmpCity = 1 [table  = EmpCity].	[MsgId: MMSG-13876]
EmployeeInfoOutput.c(18): Notify: Parameter Substitution: parameter "EmpCity" =  "Washington"	[MsgId: MMSG-13992]
EmployeeInfoOutput.c(18): Notify: Next row for parameter EmpZip = 1 [table  = EmpZip].	[MsgId: MMSG-13876]
EmployeeInfoOutput.c(18): Notify: Parameter Substitution: parameter "EmpZip" =  "20002"	[MsgId: MMSG-13992]
EmployeeInfoOutput.c(18): Notify: Next row for parameter pEmlyePrefix = 46 [table  = pEmlyePrefix].	[MsgId: MMSG-13876]
EmployeeInfoOutput.c(18): Notify: Parameter Substitution: parameter "pEmlyePrefix" =  "FM47"	[MsgId: MMSG-13992]
EmployeeInfoOutput.c(18): Notify: Parameter Substitution: parameter "EmployeeSSN" =  "700-34-1931"	[MsgId: MMSG-13992]
EmployeeInfoOutput.c(18): Notify: Next row for parameter EmpDOBDay = 1 [table  = EmpDOBDay].	[MsgId: MMSG-13876]
EmployeeInfoOutput.c(18): Notify: Parameter Substitution: parameter "EmpDOBDay" =  "1"	[MsgId: MMSG-13992]
EmployeeInfoOutput.c(18): Notify: Next row for parameter EmpDOBMonth = 1 [table  = EmpDOBMonth].	[MsgId: MMSG-13876]
EmployeeInfoOutput.c(18): Notify: Parameter Substitution: parameter "EmpDOBMonth" =  "1"	[MsgId: MMSG-13992]
EmployeeInfoOutput.c(18): Notify: Next row for parameter EmpDOBYear = 1 [table  = EmpDOBYear].	[MsgId: MMSG-13876]
EmployeeInfoOutput.c(18): Notify: Parameter Substitution: parameter "EmpDOBYear" =  "1978"	[MsgId: MMSG-13992]
EmployeeInfoOutput.c(18): Notify: Parameter Substitution: parameter "pEmpPrefix" =  "BIZ-FM47"	[MsgId: MMSG-13992]
EmployeeInfoOutput.c(18): Notify: Parameter Substitution: parameter "FEIN" =  "954472012"	[MsgId: MMSG-13992]
EmployerAddEmployeeRoster.c(115): Notify: Parameter Substitution: parameter "pAddEmployeeTrName" =  "03_TwentyToThirtyEmployee"	[MsgId: MMSG-13992]
EmployerAddEmployeeRoster.c(115): Notify: Transaction "INTEG_EMPLYR_0010_03_TwentyToThirtyEmployee" ended with a "Pass" status (Duration: 0.1594 Wasted Time: 0.0001).	[MsgId: MMSG-16871]
ScriptFlow.c(80): Notify: Parameter Substitution: parameter "pEMPLOYEECOUNT" =  "26"	[MsgId: MMSG-13992]
ScriptFlow.c(90): Notify: Saving Parameter "LNameLength = 7".	[MsgId: MMSG-13798]
ScriptFlow.c(93): Notify: Parameter Substitution: parameter "LNameLength" =  "7"	[MsgId: MMSG-13992]
randomname.h(15): Notify: Saving Parameter "randomLN = flsaefj".	[MsgId: MMSG-13798]
randomname.h(28): Notify: Saving Parameter "pSSN1dep1_1 = 518".	[MsgId: MMSG-13798]
randomname.h(29): Notify: Saving Parameter "pSSN2dep1_1 = 55".	[MsgId: MMSG-13798]
randomname.h(30): Notify: Saving Parameter "pSSN3dep1_1 = 3781".	[MsgId: MMSG-13798]
randomname.h(32): Notify: Parameter Substitution: parameter "pSSN1dep1_1" =  "518"	[MsgId: MMSG-13992]
randomname.h(32): Notify: Parameter Substitution: parameter "pSSN2dep1_1" =  "55"	[MsgId: MMSG-13992]
randomname.h(32): Notify: Parameter Substitution: parameter "pSSN3dep1_1" =  "3781"	[MsgId: MMSG-13992]
randomname.h(33): Notify: Saving Parameter "EmployeeDep1SSN = 518-55-3781".	[MsgId: MMSG-13798]
randomname.h(35): Notify: Saving Parameter "EmployeeSSN = 518-55-3781".	[MsgId: MMSG-13798]
randomname.h(28): Notify: Saving Parameter "pSSN1dep1_1 = 881".	[MsgId: MMSG-13798]
randomname.h(29): Notify: Saving Parameter "pSSN2dep1_1 = 21".	[MsgId: MMSG-13798]
randomname.h(30): Notify: Saving Parameter "pSSN3dep1_1 = 3159".	[MsgId: MMSG-13798]
randomname.h(32): Notify: Parameter Substitution: parameter "pSSN1dep1_1" =  "881"	[MsgId: MMSG-13992]
randomname.h(32): Notify: Parameter Substitution: parameter "pSSN2dep1_1" =  "21"	[MsgId: MMSG-13992]
randomname.h(32): Notify: Parameter Substitution: parameter "pSSN3dep1_1" =  "3159"	[MsgId: MMSG-13992]
randomname.h(33): Notify: Saving Parameter "EmployeeDep1SSN = 881-21-3159".	[MsgId: MMSG-13798]
randomname.h(35): Notify: Saving Parameter "EmployeeDep1SSN = 881-21-3159".	[MsgId: MMSG-13798]
randomname.h(28): Notify: Saving Parameter "pSSN1dep1_1 = 874".	[MsgId: MMSG-13798]
randomname.h(29): Notify: Saving Parameter "pSSN2dep1_1 = 79".	[MsgId: MMSG-13798]
randomname.h(30): Notify: Saving Parameter "pSSN3dep1_1 = 6077".	[MsgId: MMSG-13798]
randomname.h(32): Notify: Parameter Substitution: parameter "pSSN1dep1_1" =  "874"	[MsgId: MMSG-13992]
randomname.h(32): Notify: Parameter Substitution: parameter "pSSN2dep1_1" =  "79"	[MsgId: MMSG-13992]
randomname.h(32): Notify: Parameter Substitution: parameter "pSSN3dep1_1" =  "6077"	[MsgId: MMSG-13992]
randomname.h(33): Notify: Saving Parameter "EmployeeDep1SSN = 874-79-6077".	[MsgId: MMSG-13798]
randomname.h(35): Notify: Saving Parameter "EmployeeDep2SSN = 874-79-6077".	[MsgId: MMSG-13798]
ScriptFlow.c(97): Notify: Parameter Substitution: parameter "EmployeeSSN" =  "518-55-3781"	[MsgId: MMSG-13992]
518-55-3781	[MsgId: MMSG-17999]
ScriptFlow.c(98): Notify: Parameter Substitution: parameter "EmployeeDep1SSN" =  "874-79-6077"	[MsgId: MMSG-13992]
874-79-6077	[MsgId: MMSG-17999]
ScriptFlow.c(99): Notify: Parameter Substitution: parameter "EmployeeDep2SSN" =  "874-79-6077"	[MsgId: MMSG-13992]
874-79-6077	[MsgId: MMSG-17999]
ScriptFlow.c(101): Think time - Waiting 2.00 seconds (according to limit).	[MsgId: MMSG-15946]
ScriptFlow.c(101): lr_think_time: 2.00 seconds (recorded think time was 10.00 seconds).	[MsgId: MMSG-15947]
EmployerAddEmployeeRoster.c(5): web_reg_save_param started  	[MsgId: MMSG-26355]
EmployerAddEmployeeRoster.c(5): Registering web_reg_save_param was successful  	[MsgId: MMSG-26390]
EmployerAddEmployeeRoster.c(7): Notify: Transaction "INTEG_EMPLYR_0009_Click_Employee_Tab" started.	[MsgId: MMSG-16999]
EmployerAddEmployeeRoster.c(9): web_url("Employees Employees") started  	[MsgId: MMSG-26355]
EmployerAddEmployeeRoster.c(9): Notify: Parameter Substitution: parameter "HTTP" =  "http"	[MsgId: MMSG-13992]
EmployerAddEmployeeRoster.c(9): Notify: Parameter Substitution: parameter "EnrollAppLandingPage" =  "enroll-preprod.dchbx.org"	[MsgId: MMSG-13992]
EmployerAddEmployeeRoster.c(9): Notify: Parameter Substitution: parameter "EMPLOYER_ID" =  "560c2d4169702d2474b63500"	[MsgId: MMSG-13992]
EmployerAddEmployeeRoster.c(9): Notify: Parameter Substitution: parameter "HTTP" =  "http"	[MsgId: MMSG-13992]
EmployerAddEmployeeRoster.c(9): Notify: Parameter Substitution: parameter "EnrollAppLandingPage" =  "enroll-preprod.dchbx.org"	[MsgId: MMSG-13992]
EmployerAddEmployeeRoster.c(9): Notify: Parameter Substitution: parameter "EMPLOYER_ID" =  "560c2d4169702d2474b63500"	[MsgId: MMSG-13992]
EmployerAddEmployeeRoster.c(9): Notify: Saving Parameter "Auth_Token_010 = qHR8JryWDhLydiktXhOpH51TZkod0NKYvOKGf84kIaivsDpslpmdaMAQ+Jaqtp+ftd//R9CzWlh6zHzHYa3w/A==".	[MsgId: MMSG-13798]
EmployerAddEmployeeRoster.c(9): web_url("Employees Employees") was successful, 49886 body bytes, 444 header bytes  	[MsgId: MMSG-26386]
EmployerAddEmployeeRoster.c(19): Notify: Transaction "INTEG_EMPLYR_0009_Click_Employee_Tab" ended with a "Pass" status (Duration: 0.1155 Wasted Time: 0.0003).	[MsgId: MMSG-16871]
EmployerAddEmployeeRoster.c(21): Think time - Waiting 2.00 seconds (according to limit).	[MsgId: MMSG-15946]
EmployerAddEmployeeRoster.c(21): lr_think_time: 2.00 seconds (recorded think time was 10.00 seconds).	[MsgId: MMSG-15947]
EmployerAddEmployeeRoster.c(25): web_reg_find started  	[MsgId: MMSG-26355]
EmployerAddEmployeeRoster.c(25): Registering web_reg_find was successful  	[MsgId: MMSG-26390]
EmployerAddEmployeeRoster.c(26): web_reg_find started  	[MsgId: MMSG-26355]
EmployerAddEmployeeRoster.c(26): Registering web_reg_find was successful  	[MsgId: MMSG-26390]
EmployerAddEmployeeRoster.c(28): Notify: Parameter Substitution: parameter "pAddEmployeeTrName" =  "03_TwentyToThirtyEmployee"	[MsgId: MMSG-13992]
EmployerAddEmployeeRoster.c(28): Notify: Transaction "INTEG_EMPLYR_0010_03_TwentyToThirtyEmployee" started.	[MsgId: MMSG-16999]
EmployerAddEmployeeRoster.c(30): web_submit_data("census_employees") started  	[MsgId: MMSG-26355]
EmployerAddEmployeeRoster.c(30): Notify: Parameter Substitution: parameter "HTTP" =  "http"	[MsgId: MMSG-13992]
EmployerAddEmployeeRoster.c(30): Notify: Parameter Substitution: parameter "EnrollAppLandingPage" =  "enroll-preprod.dchbx.org"	[MsgId: MMSG-13992]
EmployerAddEmployeeRoster.c(30): Notify: Parameter Substitution: parameter "EMPLOYER_ID" =  "560c2d4169702d2474b63500"	[MsgId: MMSG-13992]
EmployerAddEmployeeRoster.c(30): Notify: Parameter Substitution: parameter "HTTP" =  "http"	[MsgId: MMSG-13992]
EmployerAddEmployeeRoster.c(30): Notify: Parameter Substitution: parameter "EnrollAppLandingPage" =  "enroll-preprod.dchbx.org"	[MsgId: MMSG-13992]
EmployerAddEmployeeRoster.c(30): Notify: Parameter Substitution: parameter "EMPLOYER_ID" =  "560c2d4169702d2474b63500"	[MsgId: MMSG-13992]
EmployerAddEmployeeRoster.c(30): Notify: Parameter Substitution: parameter "Auth_Token_010" =  "qHR8JryWDhLydiktXhOpH51TZkod0NKYvOKGf84kIaivsDpslpmdaMAQ+Jaqtp+ftd//R9CzWlh6zHzHYa3w/A=="	[MsgId: MMSG-13992]
EmployerAddEmployeeRoster.c(30): Notify: Parameter Substitution: parameter "EmpFName" =  "TestE"	[MsgId: MMSG-13992]
EmployerAddEmployeeRoster.c(30): Notify: Next row for parameter EmpMI = 1 [table  = EmpMI].	[MsgId: MMSG-13876]
EmployerAddEmployeeRoster.c(30): Notify: Parameter Substitution: parameter "EmpMI" =  "L"	[MsgId: MMSG-13992]
EmployerAddEmployeeRoster.c(30): Notify: Parameter Substitution: parameter "randomLN" =  "flsaefj"	[MsgId: MMSG-13992]
EmployerAddEmployeeRoster.c(30): Notify: Next row for parameter EmpDOB = 1 [table  = EmpDOB].	[MsgId: MMSG-13876]
EmployerAddEmployeeRoster.c(30): Notify: Parameter Substitution: parameter "EmpDOB" =  "1/1/1978"	[MsgId: MMSG-13992]
EmployerAddEmployeeRoster.c(30): Notify: Next row for parameter EmpDOBPicker = 1 [table  = EmpDOBPicker].	[MsgId: MMSG-13876]
EmployerAddEmployeeRoster.c(30): Notify: Parameter Substitution: parameter "EmpDOBPicker" =  "1/1/1978"	[MsgId: MMSG-13992]
EmployerAddEmployeeRoster.c(30): Notify: Parameter Substitution: parameter "EmployeeSSN" =  "518-55-3781"	[MsgId: MMSG-13992]
EmployerAddEmployeeRoster.c(30): Notify: Next row for parameter EmpHireDate = 1 [table  = EmpHireDate].	[MsgId: MMSG-13876]
EmployerAddEmployeeRoster.c(30): Notify: Parameter Substitution: parameter "EmpHireDate" =  "1/1/2015"	[MsgId: MMSG-13992]
EmployerAddEmployeeRoster.c(30): Notify: Next row for parameter EmpHireDatePicker = 1 [table  = EmpHireDatePicker].	[MsgId: MMSG-13876]
EmployerAddEmployeeRoster.c(30): Notify: Parameter Substitution: parameter "EmpHireDatePicker" =  "1/1/2015"	[MsgId: MMSG-13992]
EmployerAddEmployeeRoster.c(30): Notify: Parameter Substitution: parameter "BENEFIT_GROUP_ID_3" =  "560c2d4969702d24aa873500"	[MsgId: MMSG-13992]
EmployerAddEmployeeRoster.c(30): Notify: Next row for parameter pEmlyePrefix = 46 [table  = pEmlyePrefix].	[MsgId: MMSG-13876]
EmployerAddEmployeeRoster.c(30): Notify: Parameter Substitution: parameter "pEmlyePrefix" =  "FM47"	[MsgId: MMSG-13992]
EmployerAddEmployeeRoster.c(30): Notify: Parameter Substitution: parameter "EmployeeSSN" =  "518-55-3781"	[MsgId: MMSG-13992]
EmployerAddEmployeeRoster.c(30): Redirecting "http://enroll-preprod.dchbx.org/employers/employer_profiles/560c2d4169702d2474b63500/census_employees" (redirection depth is 0)  	[MsgId: MMSG-26694]
EmployerAddEmployeeRoster.c(30): To location "http://enroll-preprod.dchbx.org/employers/employer_profiles/560c2d4169702d2474b63500"  	[MsgId: MMSG-26693]
EmployerAddEmployeeRoster.c(30): Resource "http://enroll-preprod.dchbx.org/assets/application-1e9451d4800c018fa4e80ddaf4a48504.css" is in the cache already and will not be downloaded again  	[MsgId: MMSG-26655]
EmployerAddEmployeeRoster.c(30): Resource "http://enroll-preprod.dchbx.org/assets/application-b094f49d22c6932f2b712377d49517c9.js" is in the cache already and will not be downloaded again  	[MsgId: MMSG-26655]
EmployerAddEmployeeRoster.c(30): Resource "https://fonts.googleapis.com/css?family=Open+Sans:300italic,400italic,600italic,700italic,800italic,400,300,600,700,800" is in the cache already and will not be downloaded again  	[MsgId: MMSG-26655]
EmployerAddEmployeeRoster.c(30): Resource "http://enroll-preprod.dchbx.org/assets/logo-37b2d59fd0101e8781456ec388f3400a.png" is in the cache already and will not be downloaded again  	[MsgId: MMSG-26655]
EmployerAddEmployeeRoster.c(30): Resource "http://enroll-preprod.dchbx.org/assets/icons/icon-business-owner-c8920868ad7a0186be46b4928575297b.png" is in the cache already and will not be downloaded again  	[MsgId: MMSG-26655]
EmployerAddEmployeeRoster.c(30): Resource "http://enroll-preprod.dchbx.org/assets/icons/phone-b3ad531e1c8368729f17ce45eb54bbf1.png" is in the cache already and will not be downloaded again  	[MsgId: MMSG-26655]
EmployerAddEmployeeRoster.c(30): Resource "http://enroll-preprod.dchbx.org/assets/icons/mail-30cd69f38c85fd121d2468b88f4dec71.png" is in the cache already and will not be downloaded again  	[MsgId: MMSG-26655]
EmployerAddEmployeeRoster.c(30): Resource "http://enroll-preprod.dchbx.org/assets/icons/message-e6d0f4f5f538fe315e1cb2eb96c57bec.png" is in the cache already and will not be downloaded again  	[MsgId: MMSG-26655]
EmployerAddEmployeeRoster.c(30): Registered web_reg_find successful for "Text=provided SSN belongs"  	[MsgId: MMSG-26362]
EmployerAddEmployeeRoster.c(30): Notify: Saving Parameter "savedcount = 0".	[MsgId: MMSG-13798]
EmployerAddEmployeeRoster.c(30): Registered web_reg_find successful for "Text=Census Employee is successfully" (count=1)  	[MsgId: MMSG-26364]
EmployerAddEmployeeRoster.c(30): Notify: Saving Parameter "passcount = 1".	[MsgId: MMSG-13798]
EmployerAddEmployeeRoster.c(30): web_submit_data("census_employees") was successful, 14794 body bytes, 1047 header bytes  	[MsgId: MMSG-26386]
EmployerAddEmployeeRoster.c(113): Notify: Parameter Substitution: parameter "passcount" =  "1"	[MsgId: MMSG-13992]
EmployeeInfoOutput.c(10): Notify: Parameter Substitution: parameter "EmpFileName" =  "C:\Enroll_App\Data_Folder\EmpFName_0.dat"	[MsgId: MMSG-13992]
EmployeeInfoOutput.c(11): Notify: Parameter Substitution: parameter "EmpFileName" =  "C:\Enroll_App\Data_Folder\EmpFName_0.dat"	[MsgId: MMSG-13992]
EmployeeInfoOutput.c(18): Notify: Parameter Substitution: parameter "EmpFName" =  "TestE"	[MsgId: MMSG-13992]
EmployeeInfoOutput.c(18): Notify: Next row for parameter EmpMI = 1 [table  = EmpMI].	[MsgId: MMSG-13876]
EmployeeInfoOutput.c(18): Notify: Parameter Substitution: parameter "EmpMI" =  "L"	[MsgId: MMSG-13992]
EmployeeInfoOutput.c(18): Notify: Parameter Substitution: parameter "randomLN" =  "flsaefj"	[MsgId: MMSG-13992]
EmployeeInfoOutput.c(18): Notify: Next row for parameter EmpDOBPicker = 1 [table  = EmpDOBPicker].	[MsgId: MMSG-13876]
EmployeeInfoOutput.c(18): Notify: Parameter Substitution: parameter "EmpDOBPicker" =  "1/1/1978"	[MsgId: MMSG-13992]
EmployeeInfoOutput.c(18): Notify: Next row for parameter EmpDOB = 1 [table  = EmpDOB].	[MsgId: MMSG-13876]
EmployeeInfoOutput.c(18): Notify: Parameter Substitution: parameter "EmpDOB" =  "1/1/1978"	[MsgId: MMSG-13992]
EmployeeInfoOutput.c(18): Notify: Parameter Substitution: parameter "EmployeeSSN" =  "518-55-3781"	[MsgId: MMSG-13992]
EmployeeInfoOutput.c(18): Notify: Next row for parameter EmpSEX = 1 [table  = EmpSEX].	[MsgId: MMSG-13876]
EmployeeInfoOutput.c(18): Notify: Parameter Substitution: parameter "EmpSEX" =  "FEMALE"	[MsgId: MMSG-13992]
EmployeeInfoOutput.c(18): Notify: Next row for parameter EmpHireDate = 1 [table  = EmpHireDate].	[MsgId: MMSG-13876]
EmployeeInfoOutput.c(18): Notify: Parameter Substitution: parameter "EmpHireDate" =  "1/1/2015"	[MsgId: MMSG-13992]
EmployeeInfoOutput.c(18): Notify: Next row for parameter EmpHireDatePicker = 1 [table  = EmpHireDatePicker].	[MsgId: MMSG-13876]
EmployeeInfoOutput.c(18): Notify: Parameter Substitution: parameter "EmpHireDatePicker" =  "1/1/2015"	[MsgId: MMSG-13992]
EmployeeInfoOutput.c(18): Notify: Next row for parameter EmpAddressL1 = 1 [table  = EmpAddressL1].	[MsgId: MMSG-13876]
EmployeeInfoOutput.c(18): Notify: Parameter Substitution: parameter "EmpAddressL1" =  "609 H St NE "	[MsgId: MMSG-13992]
EmployeeInfoOutput.c(18): Notify: Next row for parameter EmpCity = 1 [table  = EmpCity].	[MsgId: MMSG-13876]
EmployeeInfoOutput.c(18): Notify: Parameter Substitution: parameter "EmpCity" =  "Washington"	[MsgId: MMSG-13992]
EmployeeInfoOutput.c(18): Notify: Next row for parameter EmpZip = 1 [table  = EmpZip].	[MsgId: MMSG-13876]
EmployeeInfoOutput.c(18): Notify: Parameter Substitution: parameter "EmpZip" =  "20002"	[MsgId: MMSG-13992]
EmployeeInfoOutput.c(18): Notify: Next row for parameter pEmlyePrefix = 46 [table  = pEmlyePrefix].	[MsgId: MMSG-13876]
EmployeeInfoOutput.c(18): Notify: Parameter Substitution: parameter "pEmlyePrefix" =  "FM47"	[MsgId: MMSG-13992]
EmployeeInfoOutput.c(18): Notify: Parameter Substitution: parameter "EmployeeSSN" =  "518-55-3781"	[MsgId: MMSG-13992]
EmployeeInfoOutput.c(18): Notify: Next row for parameter EmpDOBDay = 1 [table  = EmpDOBDay].	[MsgId: MMSG-13876]
EmployeeInfoOutput.c(18): Notify: Parameter Substitution: parameter "EmpDOBDay" =  "1"	[MsgId: MMSG-13992]
EmployeeInfoOutput.c(18): Notify: Next row for parameter EmpDOBMonth = 1 [table  = EmpDOBMonth].	[MsgId: MMSG-13876]
EmployeeInfoOutput.c(18): Notify: Parameter Substitution: parameter "EmpDOBMonth" =  "1"	[MsgId: MMSG-13992]
EmployeeInfoOutput.c(18): Notify: Next row for parameter EmpDOBYear = 1 [table  = EmpDOBYear].	[MsgId: MMSG-13876]
EmployeeInfoOutput.c(18): Notify: Parameter Substitution: parameter "EmpDOBYear" =  "1978"	[MsgId: MMSG-13992]
EmployeeInfoOutput.c(18): Notify: Parameter Substitution: parameter "pEmpPrefix" =  "BIZ-FM47"	[MsgId: MMSG-13992]
EmployeeInfoOutput.c(18): Notify: Parameter Substitution: parameter "FEIN" =  "954472012"	[MsgId: MMSG-13992]
EmployerAddEmployeeRoster.c(115): Notify: Parameter Substitution: parameter "pAddEmployeeTrName" =  "03_TwentyToThirtyEmployee"	[MsgId: MMSG-13992]
EmployerAddEmployeeRoster.c(115): Notify: Transaction "INTEG_EMPLYR_0010_03_TwentyToThirtyEmployee" ended with a "Pass" status (Duration: 0.1141 Wasted Time: 0.0001).	[MsgId: MMSG-16871]
ScriptFlow.c(80): Notify: Parameter Substitution: parameter "pEMPLOYEECOUNT" =  "26"	[MsgId: MMSG-13992]
ScriptFlow.c(90): Notify: Saving Parameter "LNameLength = 9".	[MsgId: MMSG-13798]
ScriptFlow.c(93): Notify: Parameter Substitution: parameter "LNameLength" =  "9"	[MsgId: MMSG-13992]
randomname.h(15): Notify: Saving Parameter "randomLN = modegklpz".	[MsgId: MMSG-13798]
randomname.h(28): Notify: Saving Parameter "pSSN1dep1_1 = 900".	[MsgId: MMSG-13798]
randomname.h(29): Notify: Saving Parameter "pSSN2dep1_1 = 17".	[MsgId: MMSG-13798]
randomname.h(30): Notify: Saving Parameter "pSSN3dep1_1 = 4363".	[MsgId: MMSG-13798]
randomname.h(32): Notify: Parameter Substitution: parameter "pSSN1dep1_1" =  "900"	[MsgId: MMSG-13992]
randomname.h(32): Notify: Parameter Substitution: parameter "pSSN2dep1_1" =  "17"	[MsgId: MMSG-13992]
randomname.h(32): Notify: Parameter Substitution: parameter "pSSN3dep1_1" =  "4363"	[MsgId: MMSG-13992]
randomname.h(33): Notify: Saving Parameter "EmployeeDep1SSN = 900-17-4363".	[MsgId: MMSG-13798]
randomname.h(35): Notify: Saving Parameter "EmployeeSSN = 900-17-4363".	[MsgId: MMSG-13798]
randomname.h(28): Notify: Saving Parameter "pSSN1dep1_1 = 676".	[MsgId: MMSG-13798]
randomname.h(29): Notify: Saving Parameter "pSSN2dep1_1 = 97".	[MsgId: MMSG-13798]
randomname.h(30): Notify: Saving Parameter "pSSN3dep1_1 = 3795".	[MsgId: MMSG-13798]
randomname.h(32): Notify: Parameter Substitution: parameter "pSSN1dep1_1" =  "676"	[MsgId: MMSG-13992]
randomname.h(32): Notify: Parameter Substitution: parameter "pSSN2dep1_1" =  "97"	[MsgId: MMSG-13992]
randomname.h(32): Notify: Parameter Substitution: parameter "pSSN3dep1_1" =  "3795"	[MsgId: MMSG-13992]
randomname.h(33): Notify: Saving Parameter "EmployeeDep1SSN = 676-97-3795".	[MsgId: MMSG-13798]
randomname.h(35): Notify: Saving Parameter "EmployeeDep1SSN = 676-97-3795".	[MsgId: MMSG-13798]
randomname.h(28): Notify: Saving Parameter "pSSN1dep1_1 = 242".	[MsgId: MMSG-13798]
randomname.h(29): Notify: Saving Parameter "pSSN2dep1_1 = 11".	[MsgId: MMSG-13798]
randomname.h(30): Notify: Saving Parameter "pSSN3dep1_1 = 5153".	[MsgId: MMSG-13798]
randomname.h(32): Notify: Parameter Substitution: parameter "pSSN1dep1_1" =  "242"	[MsgId: MMSG-13992]
randomname.h(32): Notify: Parameter Substitution: parameter "pSSN2dep1_1" =  "11"	[MsgId: MMSG-13992]
randomname.h(32): Notify: Parameter Substitution: parameter "pSSN3dep1_1" =  "5153"	[MsgId: MMSG-13992]
randomname.h(33): Notify: Saving Parameter "EmployeeDep1SSN = 242-11-5153".	[MsgId: MMSG-13798]
randomname.h(35): Notify: Saving Parameter "EmployeeDep2SSN = 242-11-5153".	[MsgId: MMSG-13798]
ScriptFlow.c(97): Notify: Parameter Substitution: parameter "EmployeeSSN" =  "900-17-4363"	[MsgId: MMSG-13992]
900-17-4363	[MsgId: MMSG-17999]
ScriptFlow.c(98): Notify: Parameter Substitution: parameter "EmployeeDep1SSN" =  "242-11-5153"	[MsgId: MMSG-13992]
242-11-5153	[MsgId: MMSG-17999]
ScriptFlow.c(99): Notify: Parameter Substitution: parameter "EmployeeDep2SSN" =  "242-11-5153"	[MsgId: MMSG-13992]
242-11-5153	[MsgId: MMSG-17999]
ScriptFlow.c(101): Think time - Waiting 2.00 seconds (according to limit).	[MsgId: MMSG-15946]
ScriptFlow.c(101): lr_think_time: 2.00 seconds (recorded think time was 10.00 seconds).	[MsgId: MMSG-15947]
EmployerAddEmployeeRoster.c(5): web_reg_save_param started  	[MsgId: MMSG-26355]
EmployerAddEmployeeRoster.c(5): Registering web_reg_save_param was successful  	[MsgId: MMSG-26390]
EmployerAddEmployeeRoster.c(7): Notify: Transaction "INTEG_EMPLYR_0009_Click_Employee_Tab" started.	[MsgId: MMSG-16999]
EmployerAddEmployeeRoster.c(9): web_url("Employees Employees") started  	[MsgId: MMSG-26355]
EmployerAddEmployeeRoster.c(9): Notify: Parameter Substitution: parameter "HTTP" =  "http"	[MsgId: MMSG-13992]
EmployerAddEmployeeRoster.c(9): Notify: Parameter Substitution: parameter "EnrollAppLandingPage" =  "enroll-preprod.dchbx.org"	[MsgId: MMSG-13992]
EmployerAddEmployeeRoster.c(9): Notify: Parameter Substitution: parameter "EMPLOYER_ID" =  "560c2d4169702d2474b63500"	[MsgId: MMSG-13992]
EmployerAddEmployeeRoster.c(9): Notify: Parameter Substitution: parameter "HTTP" =  "http"	[MsgId: MMSG-13992]
EmployerAddEmployeeRoster.c(9): Notify: Parameter Substitution: parameter "EnrollAppLandingPage" =  "enroll-preprod.dchbx.org"	[MsgId: MMSG-13992]
EmployerAddEmployeeRoster.c(9): Notify: Parameter Substitution: parameter "EMPLOYER_ID" =  "560c2d4169702d2474b63500"	[MsgId: MMSG-13992]
EmployerAddEmployeeRoster.c(9): Notify: Saving Parameter "Auth_Token_010 = MocUttbP0IAbLyaXQ6SX43gtnos6ABANiMrlzwokRWk1Q1L8/MBD+ilJ9yy3AaFjUKEHhvdjmM1O5B93pa2UPQ==".	[MsgId: MMSG-13798]
EmployerAddEmployeeRoster.c(9): web_url("Employees Employees") was successful, 50030 body bytes, 444 header bytes  	[MsgId: MMSG-26386]
EmployerAddEmployeeRoster.c(19): Notify: Transaction "INTEG_EMPLYR_0009_Click_Employee_Tab" ended with a "Pass" status (Duration: 0.0964 Wasted Time: 0.0002).	[MsgId: MMSG-16871]
EmployerAddEmployeeRoster.c(21): Think time - Waiting 2.00 seconds (according to limit).	[MsgId: MMSG-15946]
EmployerAddEmployeeRoster.c(21): lr_think_time: 2.00 seconds (recorded think time was 10.00 seconds).	[MsgId: MMSG-15947]
EmployerAddEmployeeRoster.c(25): web_reg_find started  	[MsgId: MMSG-26355]
EmployerAddEmployeeRoster.c(25): Registering web_reg_find was successful  	[MsgId: MMSG-26390]
EmployerAddEmployeeRoster.c(26): web_reg_find started  	[MsgId: MMSG-26355]
EmployerAddEmployeeRoster.c(26): Registering web_reg_find was successful  	[MsgId: MMSG-26390]
EmployerAddEmployeeRoster.c(28): Notify: Parameter Substitution: parameter "pAddEmployeeTrName" =  "03_TwentyToThirtyEmployee"	[MsgId: MMSG-13992]
EmployerAddEmployeeRoster.c(28): Notify: Transaction "INTEG_EMPLYR_0010_03_TwentyToThirtyEmployee" started.	[MsgId: MMSG-16999]
EmployerAddEmployeeRoster.c(30): web_submit_data("census_employees") started  	[MsgId: MMSG-26355]
EmployerAddEmployeeRoster.c(30): Notify: Parameter Substitution: parameter "HTTP" =  "http"	[MsgId: MMSG-13992]
EmployerAddEmployeeRoster.c(30): Notify: Parameter Substitution: parameter "EnrollAppLandingPage" =  "enroll-preprod.dchbx.org"	[MsgId: MMSG-13992]
EmployerAddEmployeeRoster.c(30): Notify: Parameter Substitution: parameter "EMPLOYER_ID" =  "560c2d4169702d2474b63500"	[MsgId: MMSG-13992]
EmployerAddEmployeeRoster.c(30): Notify: Parameter Substitution: parameter "HTTP" =  "http"	[MsgId: MMSG-13992]
EmployerAddEmployeeRoster.c(30): Notify: Parameter Substitution: parameter "EnrollAppLandingPage" =  "enroll-preprod.dchbx.org"	[MsgId: MMSG-13992]
EmployerAddEmployeeRoster.c(30): Notify: Parameter Substitution: parameter "EMPLOYER_ID" =  "560c2d4169702d2474b63500"	[MsgId: MMSG-13992]
EmployerAddEmployeeRoster.c(30): Notify: Parameter Substitution: parameter "Auth_Token_010" =  "MocUttbP0IAbLyaXQ6SX43gtnos6ABANiMrlzwokRWk1Q1L8/MBD+ilJ9yy3AaFjUKEHhvdjmM1O5B93pa2UPQ=="	[MsgId: MMSG-13992]
EmployerAddEmployeeRoster.c(30): Notify: Parameter Substitution: parameter "EmpFName" =  "TestE"	[MsgId: MMSG-13992]
EmployerAddEmployeeRoster.c(30): Notify: Next row for parameter EmpMI = 1 [table  = EmpMI].	[MsgId: MMSG-13876]
EmployerAddEmployeeRoster.c(30): Notify: Parameter Substitution: parameter "EmpMI" =  "L"	[MsgId: MMSG-13992]
EmployerAddEmployeeRoster.c(30): Notify: Parameter Substitution: parameter "randomLN" =  "modegklpz"	[MsgId: MMSG-13992]
EmployerAddEmployeeRoster.c(30): Notify: Next row for parameter EmpDOB = 1 [table  = EmpDOB].	[MsgId: MMSG-13876]
EmployerAddEmployeeRoster.c(30): Notify: Parameter Substitution: parameter "EmpDOB" =  "1/1/1978"	[MsgId: MMSG-13992]
EmployerAddEmployeeRoster.c(30): Notify: Next row for parameter EmpDOBPicker = 1 [table  = EmpDOBPicker].	[MsgId: MMSG-13876]
EmployerAddEmployeeRoster.c(30): Notify: Parameter Substitution: parameter "EmpDOBPicker" =  "1/1/1978"	[MsgId: MMSG-13992]
EmployerAddEmployeeRoster.c(30): Notify: Parameter Substitution: parameter "EmployeeSSN" =  "900-17-4363"	[MsgId: MMSG-13992]
EmployerAddEmployeeRoster.c(30): Notify: Next row for parameter EmpHireDate = 1 [table  = EmpHireDate].	[MsgId: MMSG-13876]
EmployerAddEmployeeRoster.c(30): Notify: Parameter Substitution: parameter "EmpHireDate" =  "1/1/2015"	[MsgId: MMSG-13992]
EmployerAddEmployeeRoster.c(30): Notify: Next row for parameter EmpHireDatePicker = 1 [table  = EmpHireDatePicker].	[MsgId: MMSG-13876]
EmployerAddEmployeeRoster.c(30): Notify: Parameter Substitution: parameter "EmpHireDatePicker" =  "1/1/2015"	[MsgId: MMSG-13992]
EmployerAddEmployeeRoster.c(30): Notify: Parameter Substitution: parameter "BENEFIT_GROUP_ID_3" =  "560c2d4969702d24aa873500"	[MsgId: MMSG-13992]
EmployerAddEmployeeRoster.c(30): Notify: Next row for parameter pEmlyePrefix = 46 [table  = pEmlyePrefix].	[MsgId: MMSG-13876]
EmployerAddEmployeeRoster.c(30): Notify: Parameter Substitution: parameter "pEmlyePrefix" =  "FM47"	[MsgId: MMSG-13992]
EmployerAddEmployeeRoster.c(30): Notify: Parameter Substitution: parameter "EmployeeSSN" =  "900-17-4363"	[MsgId: MMSG-13992]
EmployerAddEmployeeRoster.c(30): Redirecting "http://enroll-preprod.dchbx.org/employers/employer_profiles/560c2d4169702d2474b63500/census_employees" (redirection depth is 0)  	[MsgId: MMSG-26694]
EmployerAddEmployeeRoster.c(30): To location "http://enroll-preprod.dchbx.org/employers/employer_profiles/560c2d4169702d2474b63500"  	[MsgId: MMSG-26693]
EmployerAddEmployeeRoster.c(30): Resource "http://enroll-preprod.dchbx.org/assets/application-1e9451d4800c018fa4e80ddaf4a48504.css" is in the cache already and will not be downloaded again  	[MsgId: MMSG-26655]
EmployerAddEmployeeRoster.c(30): Resource "http://enroll-preprod.dchbx.org/assets/application-b094f49d22c6932f2b712377d49517c9.js" is in the cache already and will not be downloaded again  	[MsgId: MMSG-26655]
EmployerAddEmployeeRoster.c(30): Resource "https://fonts.googleapis.com/css?family=Open+Sans:300italic,400italic,600italic,700italic,800italic,400,300,600,700,800" is in the cache already and will not be downloaded again  	[MsgId: MMSG-26655]
EmployerAddEmployeeRoster.c(30): Resource "http://enroll-preprod.dchbx.org/assets/logo-37b2d59fd0101e8781456ec388f3400a.png" is in the cache already and will not be downloaded again  	[MsgId: MMSG-26655]
EmployerAddEmployeeRoster.c(30): Resource "http://enroll-preprod.dchbx.org/assets/icons/icon-business-owner-c8920868ad7a0186be46b4928575297b.png" is in the cache already and will not be downloaded again  	[MsgId: MMSG-26655]
EmployerAddEmployeeRoster.c(30): Resource "http://enroll-preprod.dchbx.org/assets/icons/phone-b3ad531e1c8368729f17ce45eb54bbf1.png" is in the cache already and will not be downloaded again  	[MsgId: MMSG-26655]
EmployerAddEmployeeRoster.c(30): Resource "http://enroll-preprod.dchbx.org/assets/icons/mail-30cd69f38c85fd121d2468b88f4dec71.png" is in the cache already and will not be downloaded again  	[MsgId: MMSG-26655]
EmployerAddEmployeeRoster.c(30): Resource "http://enroll-preprod.dchbx.org/assets/icons/message-e6d0f4f5f538fe315e1cb2eb96c57bec.png" is in the cache already and will not be downloaded again  	[MsgId: MMSG-26655]
EmployerAddEmployeeRoster.c(30): Registered web_reg_find successful for "Text=provided SSN belongs"  	[MsgId: MMSG-26362]
EmployerAddEmployeeRoster.c(30): Notify: Saving Parameter "savedcount = 0".	[MsgId: MMSG-13798]
EmployerAddEmployeeRoster.c(30): Registered web_reg_find successful for "Text=Census Employee is successfully" (count=1)  	[MsgId: MMSG-26364]
EmployerAddEmployeeRoster.c(30): Notify: Saving Parameter "passcount = 1".	[MsgId: MMSG-13798]
EmployerAddEmployeeRoster.c(30): web_submit_data("census_employees") was successful, 14794 body bytes, 1047 header bytes  	[MsgId: MMSG-26386]
EmployerAddEmployeeRoster.c(113): Notify: Parameter Substitution: parameter "passcount" =  "1"	[MsgId: MMSG-13992]
EmployeeInfoOutput.c(10): Notify: Parameter Substitution: parameter "EmpFileName" =  "C:\Enroll_App\Data_Folder\EmpFName_0.dat"	[MsgId: MMSG-13992]
EmployeeInfoOutput.c(11): Notify: Parameter Substitution: parameter "EmpFileName" =  "C:\Enroll_App\Data_Folder\EmpFName_0.dat"	[MsgId: MMSG-13992]
EmployeeInfoOutput.c(18): Notify: Parameter Substitution: parameter "EmpFName" =  "TestE"	[MsgId: MMSG-13992]
EmployeeInfoOutput.c(18): Notify: Next row for parameter EmpMI = 1 [table  = EmpMI].	[MsgId: MMSG-13876]
EmployeeInfoOutput.c(18): Notify: Parameter Substitution: parameter "EmpMI" =  "L"	[MsgId: MMSG-13992]
EmployeeInfoOutput.c(18): Notify: Parameter Substitution: parameter "randomLN" =  "modegklpz"	[MsgId: MMSG-13992]
EmployeeInfoOutput.c(18): Notify: Next row for parameter EmpDOBPicker = 1 [table  = EmpDOBPicker].	[MsgId: MMSG-13876]
EmployeeInfoOutput.c(18): Notify: Parameter Substitution: parameter "EmpDOBPicker" =  "1/1/1978"	[MsgId: MMSG-13992]
EmployeeInfoOutput.c(18): Notify: Next row for parameter EmpDOB = 1 [table  = EmpDOB].	[MsgId: MMSG-13876]
EmployeeInfoOutput.c(18): Notify: Parameter Substitution: parameter "EmpDOB" =  "1/1/1978"	[MsgId: MMSG-13992]
EmployeeInfoOutput.c(18): Notify: Parameter Substitution: parameter "EmployeeSSN" =  "900-17-4363"	[MsgId: MMSG-13992]
EmployeeInfoOutput.c(18): Notify: Next row for parameter EmpSEX = 1 [table  = EmpSEX].	[MsgId: MMSG-13876]
EmployeeInfoOutput.c(18): Notify: Parameter Substitution: parameter "EmpSEX" =  "FEMALE"	[MsgId: MMSG-13992]
EmployeeInfoOutput.c(18): Notify: Next row for parameter EmpHireDate = 1 [table  = EmpHireDate].	[MsgId: MMSG-13876]
EmployeeInfoOutput.c(18): Notify: Parameter Substitution: parameter "EmpHireDate" =  "1/1/2015"	[MsgId: MMSG-13992]
EmployeeInfoOutput.c(18): Notify: Next row for parameter EmpHireDatePicker = 1 [table  = EmpHireDatePicker].	[MsgId: MMSG-13876]
EmployeeInfoOutput.c(18): Notify: Parameter Substitution: parameter "EmpHireDatePicker" =  "1/1/2015"	[MsgId: MMSG-13992]
EmployeeInfoOutput.c(18): Notify: Next row for parameter EmpAddressL1 = 1 [table  = EmpAddressL1].	[MsgId: MMSG-13876]
EmployeeInfoOutput.c(18): Notify: Parameter Substitution: parameter "EmpAddressL1" =  "609 H St NE "	[MsgId: MMSG-13992]
EmployeeInfoOutput.c(18): Notify: Next row for parameter EmpCity = 1 [table  = EmpCity].	[MsgId: MMSG-13876]
EmployeeInfoOutput.c(18): Notify: Parameter Substitution: parameter "EmpCity" =  "Washington"	[MsgId: MMSG-13992]
EmployeeInfoOutput.c(18): Notify: Next row for parameter EmpZip = 1 [table  = EmpZip].	[MsgId: MMSG-13876]
EmployeeInfoOutput.c(18): Notify: Parameter Substitution: parameter "EmpZip" =  "20002"	[MsgId: MMSG-13992]
EmployeeInfoOutput.c(18): Notify: Next row for parameter pEmlyePrefix = 46 [table  = pEmlyePrefix].	[MsgId: MMSG-13876]
EmployeeInfoOutput.c(18): Notify: Parameter Substitution: parameter "pEmlyePrefix" =  "FM47"	[MsgId: MMSG-13992]
EmployeeInfoOutput.c(18): Notify: Parameter Substitution: parameter "EmployeeSSN" =  "900-17-4363"	[MsgId: MMSG-13992]
EmployeeInfoOutput.c(18): Notify: Next row for parameter EmpDOBDay = 1 [table  = EmpDOBDay].	[MsgId: MMSG-13876]
EmployeeInfoOutput.c(18): Notify: Parameter Substitution: parameter "EmpDOBDay" =  "1"	[MsgId: MMSG-13992]
EmployeeInfoOutput.c(18): Notify: Next row for parameter EmpDOBMonth = 1 [table  = EmpDOBMonth].	[MsgId: MMSG-13876]
EmployeeInfoOutput.c(18): Notify: Parameter Substitution: parameter "EmpDOBMonth" =  "1"	[MsgId: MMSG-13992]
EmployeeInfoOutput.c(18): Notify: Next row for parameter EmpDOBYear = 1 [table  = EmpDOBYear].	[MsgId: MMSG-13876]
EmployeeInfoOutput.c(18): Notify: Parameter Substitution: parameter "EmpDOBYear" =  "1978"	[MsgId: MMSG-13992]
EmployeeInfoOutput.c(18): Notify: Parameter Substitution: parameter "pEmpPrefix" =  "BIZ-FM47"	[MsgId: MMSG-13992]
EmployeeInfoOutput.c(18): Notify: Parameter Substitution: parameter "FEIN" =  "954472012"	[MsgId: MMSG-13992]
EmployerAddEmployeeRoster.c(115): Notify: Parameter Substitution: parameter "pAddEmployeeTrName" =  "03_TwentyToThirtyEmployee"	[MsgId: MMSG-13992]
EmployerAddEmployeeRoster.c(115): Notify: Transaction "INTEG_EMPLYR_0010_03_TwentyToThirtyEmployee" ended with a "Pass" status (Duration: 0.1488 Wasted Time: 0.0000).	[MsgId: MMSG-16871]
ScriptFlow.c(80): Notify: Parameter Substitution: parameter "pEMPLOYEECOUNT" =  "26"	[MsgId: MMSG-13992]
ScriptFlow.c(90): Notify: Saving Parameter "LNameLength = 5".	[MsgId: MMSG-13798]
ScriptFlow.c(93): Notify: Parameter Substitution: parameter "LNameLength" =  "5"	[MsgId: MMSG-13992]
randomname.h(15): Notify: Saving Parameter "randomLN = srwpi".	[MsgId: MMSG-13798]
randomname.h(28): Notify: Saving Parameter "pSSN1dep1_1 = 194".	[MsgId: MMSG-13798]
randomname.h(29): Notify: Saving Parameter "pSSN2dep1_1 = 68".	[MsgId: MMSG-13798]
randomname.h(30): Notify: Saving Parameter "pSSN3dep1_1 = 3385".	[MsgId: MMSG-13798]
randomname.h(32): Notify: Parameter Substitution: parameter "pSSN1dep1_1" =  "194"	[MsgId: MMSG-13992]
randomname.h(32): Notify: Parameter Substitution: parameter "pSSN2dep1_1" =  "68"	[MsgId: MMSG-13992]
randomname.h(32): Notify: Parameter Substitution: parameter "pSSN3dep1_1" =  "3385"	[MsgId: MMSG-13992]
randomname.h(33): Notify: Saving Parameter "EmployeeDep1SSN = 194-68-3385".	[MsgId: MMSG-13798]
randomname.h(35): Notify: Saving Parameter "EmployeeSSN = 194-68-3385".	[MsgId: MMSG-13798]
randomname.h(28): Notify: Saving Parameter "pSSN1dep1_1 = 372".	[MsgId: MMSG-13798]
randomname.h(29): Notify: Saving Parameter "pSSN2dep1_1 = 97".	[MsgId: MMSG-13798]
randomname.h(30): Notify: Saving Parameter "pSSN3dep1_1 = 4013".	[MsgId: MMSG-13798]
randomname.h(32): Notify: Parameter Substitution: parameter "pSSN1dep1_1" =  "372"	[MsgId: MMSG-13992]
randomname.h(32): Notify: Parameter Substitution: parameter "pSSN2dep1_1" =  "97"	[MsgId: MMSG-13992]
randomname.h(32): Notify: Parameter Substitution: parameter "pSSN3dep1_1" =  "4013"	[MsgId: MMSG-13992]
randomname.h(33): Notify: Saving Parameter "EmployeeDep1SSN = 372-97-4013".	[MsgId: MMSG-13798]
randomname.h(35): Notify: Saving Parameter "EmployeeDep1SSN = 372-97-4013".	[MsgId: MMSG-13798]
randomname.h(28): Notify: Saving Parameter "pSSN1dep1_1 = 417".	[MsgId: MMSG-13798]
randomname.h(29): Notify: Saving Parameter "pSSN2dep1_1 = 83".	[MsgId: MMSG-13798]
randomname.h(30): Notify: Saving Parameter "pSSN3dep1_1 = 2749".	[MsgId: MMSG-13798]
randomname.h(32): Notify: Parameter Substitution: parameter "pSSN1dep1_1" =  "417"	[MsgId: MMSG-13992]
randomname.h(32): Notify: Parameter Substitution: parameter "pSSN2dep1_1" =  "83"	[MsgId: MMSG-13992]
randomname.h(32): Notify: Parameter Substitution: parameter "pSSN3dep1_1" =  "2749"	[MsgId: MMSG-13992]
randomname.h(33): Notify: Saving Parameter "EmployeeDep1SSN = 417-83-2749".	[MsgId: MMSG-13798]
randomname.h(35): Notify: Saving Parameter "EmployeeDep2SSN = 417-83-2749".	[MsgId: MMSG-13798]
ScriptFlow.c(97): Notify: Parameter Substitution: parameter "EmployeeSSN" =  "194-68-3385"	[MsgId: MMSG-13992]
194-68-3385	[MsgId: MMSG-17999]
ScriptFlow.c(98): Notify: Parameter Substitution: parameter "EmployeeDep1SSN" =  "417-83-2749"	[MsgId: MMSG-13992]
417-83-2749	[MsgId: MMSG-17999]
ScriptFlow.c(99): Notify: Parameter Substitution: parameter "EmployeeDep2SSN" =  "417-83-2749"	[MsgId: MMSG-13992]
417-83-2749	[MsgId: MMSG-17999]
ScriptFlow.c(101): Think time - Waiting 2.00 seconds (according to limit).	[MsgId: MMSG-15946]
ScriptFlow.c(101): lr_think_time: 2.00 seconds (recorded think time was 10.00 seconds).	[MsgId: MMSG-15947]
EmployerAddEmployeeRoster.c(5): web_reg_save_param started  	[MsgId: MMSG-26355]
EmployerAddEmployeeRoster.c(5): Registering web_reg_save_param was successful  	[MsgId: MMSG-26390]
EmployerAddEmployeeRoster.c(7): Notify: Transaction "INTEG_EMPLYR_0009_Click_Employee_Tab" started.	[MsgId: MMSG-16999]
EmployerAddEmployeeRoster.c(9): web_url("Employees Employees") started  	[MsgId: MMSG-26355]
EmployerAddEmployeeRoster.c(9): Notify: Parameter Substitution: parameter "HTTP" =  "http"	[MsgId: MMSG-13992]
EmployerAddEmployeeRoster.c(9): Notify: Parameter Substitution: parameter "EnrollAppLandingPage" =  "enroll-preprod.dchbx.org"	[MsgId: MMSG-13992]
EmployerAddEmployeeRoster.c(9): Notify: Parameter Substitution: parameter "EMPLOYER_ID" =  "560c2d4169702d2474b63500"	[MsgId: MMSG-13992]
EmployerAddEmployeeRoster.c(9): Notify: Parameter Substitution: parameter "HTTP" =  "http"	[MsgId: MMSG-13992]
EmployerAddEmployeeRoster.c(9): Notify: Parameter Substitution: parameter "EnrollAppLandingPage" =  "enroll-preprod.dchbx.org"	[MsgId: MMSG-13992]
EmployerAddEmployeeRoster.c(9): Notify: Parameter Substitution: parameter "EMPLOYER_ID" =  "560c2d4169702d2474b63500"	[MsgId: MMSG-13992]
EmployerAddEmployeeRoster.c(9): Notify: Saving Parameter "Auth_Token_010 = 2hLoLEzXbQUcupQy/7cCMkKAmS7UjbHLFD4P8tp+Mmjd1q5mZtj+fy7cRYkLEjSyagwAIxnuOQvSEPVKdffjPA==".	[MsgId: MMSG-13798]
EmployerAddEmployeeRoster.c(9): web_url("Employees Employees") was successful, 50174 body bytes, 444 header bytes  	[MsgId: MMSG-26386]
EmployerAddEmployeeRoster.c(19): Notify: Transaction "INTEG_EMPLYR_0009_Click_Employee_Tab" ended with a "Pass" status (Duration: 0.0973 Wasted Time: 0.0002).	[MsgId: MMSG-16871]
EmployerAddEmployeeRoster.c(21): Think time - Waiting 2.00 seconds (according to limit).	[MsgId: MMSG-15946]
EmployerAddEmployeeRoster.c(21): lr_think_time: 2.00 seconds (recorded think time was 10.00 seconds).	[MsgId: MMSG-15947]
EmployerAddEmployeeRoster.c(25): web_reg_find started  	[MsgId: MMSG-26355]
EmployerAddEmployeeRoster.c(25): Registering web_reg_find was successful  	[MsgId: MMSG-26390]
EmployerAddEmployeeRoster.c(26): web_reg_find started  	[MsgId: MMSG-26355]
EmployerAddEmployeeRoster.c(26): Registering web_reg_find was successful  	[MsgId: MMSG-26390]
EmployerAddEmployeeRoster.c(28): Notify: Parameter Substitution: parameter "pAddEmployeeTrName" =  "03_TwentyToThirtyEmployee"	[MsgId: MMSG-13992]
EmployerAddEmployeeRoster.c(28): Notify: Transaction "INTEG_EMPLYR_0010_03_TwentyToThirtyEmployee" started.	[MsgId: MMSG-16999]
EmployerAddEmployeeRoster.c(30): web_submit_data("census_employees") started  	[MsgId: MMSG-26355]
EmployerAddEmployeeRoster.c(30): Notify: Parameter Substitution: parameter "HTTP" =  "http"	[MsgId: MMSG-13992]
EmployerAddEmployeeRoster.c(30): Notify: Parameter Substitution: parameter "EnrollAppLandingPage" =  "enroll-preprod.dchbx.org"	[MsgId: MMSG-13992]
EmployerAddEmployeeRoster.c(30): Notify: Parameter Substitution: parameter "EMPLOYER_ID" =  "560c2d4169702d2474b63500"	[MsgId: MMSG-13992]
EmployerAddEmployeeRoster.c(30): Notify: Parameter Substitution: parameter "HTTP" =  "http"	[MsgId: MMSG-13992]
EmployerAddEmployeeRoster.c(30): Notify: Parameter Substitution: parameter "EnrollAppLandingPage" =  "enroll-preprod.dchbx.org"	[MsgId: MMSG-13992]
EmployerAddEmployeeRoster.c(30): Notify: Parameter Substitution: parameter "EMPLOYER_ID" =  "560c2d4169702d2474b63500"	[MsgId: MMSG-13992]
EmployerAddEmployeeRoster.c(30): Notify: Parameter Substitution: parameter "Auth_Token_010" =  "2hLoLEzXbQUcupQy/7cCMkKAmS7UjbHLFD4P8tp+Mmjd1q5mZtj+fy7cRYkLEjSyagwAIxnuOQvSEPVKdffjPA=="	[MsgId: MMSG-13992]
EmployerAddEmployeeRoster.c(30): Notify: Parameter Substitution: parameter "EmpFName" =  "TestE"	[MsgId: MMSG-13992]
EmployerAddEmployeeRoster.c(30): Notify: Next row for parameter EmpMI = 1 [table  = EmpMI].	[MsgId: MMSG-13876]
EmployerAddEmployeeRoster.c(30): Notify: Parameter Substitution: parameter "EmpMI" =  "L"	[MsgId: MMSG-13992]
EmployerAddEmployeeRoster.c(30): Notify: Parameter Substitution: parameter "randomLN" =  "srwpi"	[MsgId: MMSG-13992]
EmployerAddEmployeeRoster.c(30): Notify: Next row for parameter EmpDOB = 1 [table  = EmpDOB].	[MsgId: MMSG-13876]
EmployerAddEmployeeRoster.c(30): Notify: Parameter Substitution: parameter "EmpDOB" =  "1/1/1978"	[MsgId: MMSG-13992]
EmployerAddEmployeeRoster.c(30): Notify: Next row for parameter EmpDOBPicker = 1 [table  = EmpDOBPicker].	[MsgId: MMSG-13876]
EmployerAddEmployeeRoster.c(30): Notify: Parameter Substitution: parameter "EmpDOBPicker" =  "1/1/1978"	[MsgId: MMSG-13992]
EmployerAddEmployeeRoster.c(30): Notify: Parameter Substitution: parameter "EmployeeSSN" =  "194-68-3385"	[MsgId: MMSG-13992]
EmployerAddEmployeeRoster.c(30): Notify: Next row for parameter EmpHireDate = 1 [table  = EmpHireDate].	[MsgId: MMSG-13876]
EmployerAddEmployeeRoster.c(30): Notify: Parameter Substitution: parameter "EmpHireDate" =  "1/1/2015"	[MsgId: MMSG-13992]
EmployerAddEmployeeRoster.c(30): Notify: Next row for parameter EmpHireDatePicker = 1 [table  = EmpHireDatePicker].	[MsgId: MMSG-13876]
EmployerAddEmployeeRoster.c(30): Notify: Parameter Substitution: parameter "EmpHireDatePicker" =  "1/1/2015"	[MsgId: MMSG-13992]
EmployerAddEmployeeRoster.c(30): Notify: Parameter Substitution: parameter "BENEFIT_GROUP_ID_3" =  "560c2d4969702d24aa873500"	[MsgId: MMSG-13992]
EmployerAddEmployeeRoster.c(30): Notify: Next row for parameter pEmlyePrefix = 46 [table  = pEmlyePrefix].	[MsgId: MMSG-13876]
EmployerAddEmployeeRoster.c(30): Notify: Parameter Substitution: parameter "pEmlyePrefix" =  "FM47"	[MsgId: MMSG-13992]
EmployerAddEmployeeRoster.c(30): Notify: Parameter Substitution: parameter "EmployeeSSN" =  "194-68-3385"	[MsgId: MMSG-13992]
EmployerAddEmployeeRoster.c(30): Redirecting "http://enroll-preprod.dchbx.org/employers/employer_profiles/560c2d4169702d2474b63500/census_employees" (redirection depth is 0)  	[MsgId: MMSG-26694]
EmployerAddEmployeeRoster.c(30): To location "http://enroll-preprod.dchbx.org/employers/employer_profiles/560c2d4169702d2474b63500"  	[MsgId: MMSG-26693]
EmployerAddEmployeeRoster.c(30): Resource "http://enroll-preprod.dchbx.org/assets/application-1e9451d4800c018fa4e80ddaf4a48504.css" is in the cache already and will not be downloaded again  	[MsgId: MMSG-26655]
EmployerAddEmployeeRoster.c(30): Resource "http://enroll-preprod.dchbx.org/assets/application-b094f49d22c6932f2b712377d49517c9.js" is in the cache already and will not be downloaded again  	[MsgId: MMSG-26655]
EmployerAddEmployeeRoster.c(30): Resource "https://fonts.googleapis.com/css?family=Open+Sans:300italic,400italic,600italic,700italic,800italic,400,300,600,700,800" is in the cache already and will not be downloaded again  	[MsgId: MMSG-26655]
EmployerAddEmployeeRoster.c(30): Resource "http://enroll-preprod.dchbx.org/assets/logo-37b2d59fd0101e8781456ec388f3400a.png" is in the cache already and will not be downloaded again  	[MsgId: MMSG-26655]
EmployerAddEmployeeRoster.c(30): Resource "http://enroll-preprod.dchbx.org/assets/icons/icon-business-owner-c8920868ad7a0186be46b4928575297b.png" is in the cache already and will not be downloaded again  	[MsgId: MMSG-26655]
EmployerAddEmployeeRoster.c(30): Resource "http://enroll-preprod.dchbx.org/assets/icons/phone-b3ad531e1c8368729f17ce45eb54bbf1.png" is in the cache already and will not be downloaded again  	[MsgId: MMSG-26655]
EmployerAddEmployeeRoster.c(30): Resource "http://enroll-preprod.dchbx.org/assets/icons/mail-30cd69f38c85fd121d2468b88f4dec71.png" is in the cache already and will not be downloaded again  	[MsgId: MMSG-26655]
EmployerAddEmployeeRoster.c(30): Resource "http://enroll-preprod.dchbx.org/assets/icons/message-e6d0f4f5f538fe315e1cb2eb96c57bec.png" is in the cache already and will not be downloaded again  	[MsgId: MMSG-26655]
EmployerAddEmployeeRoster.c(30): Registered web_reg_find successful for "Text=provided SSN belongs"  	[MsgId: MMSG-26362]
EmployerAddEmployeeRoster.c(30): Notify: Saving Parameter "savedcount = 0".	[MsgId: MMSG-13798]
EmployerAddEmployeeRoster.c(30): Registered web_reg_find successful for "Text=Census Employee is successfully" (count=1)  	[MsgId: MMSG-26364]
EmployerAddEmployeeRoster.c(30): Notify: Saving Parameter "passcount = 1".	[MsgId: MMSG-13798]
EmployerAddEmployeeRoster.c(30): web_submit_data("census_employees") was successful, 14794 body bytes, 1047 header bytes  	[MsgId: MMSG-26386]
EmployerAddEmployeeRoster.c(113): Notify: Parameter Substitution: parameter "passcount" =  "1"	[MsgId: MMSG-13992]
EmployeeInfoOutput.c(10): Notify: Parameter Substitution: parameter "EmpFileName" =  "C:\Enroll_App\Data_Folder\EmpFName_0.dat"	[MsgId: MMSG-13992]
EmployeeInfoOutput.c(11): Notify: Parameter Substitution: parameter "EmpFileName" =  "C:\Enroll_App\Data_Folder\EmpFName_0.dat"	[MsgId: MMSG-13992]
EmployeeInfoOutput.c(18): Notify: Parameter Substitution: parameter "EmpFName" =  "TestE"	[MsgId: MMSG-13992]
EmployeeInfoOutput.c(18): Notify: Next row for parameter EmpMI = 1 [table  = EmpMI].	[MsgId: MMSG-13876]
EmployeeInfoOutput.c(18): Notify: Parameter Substitution: parameter "EmpMI" =  "L"	[MsgId: MMSG-13992]
EmployeeInfoOutput.c(18): Notify: Parameter Substitution: parameter "randomLN" =  "srwpi"	[MsgId: MMSG-13992]
EmployeeInfoOutput.c(18): Notify: Next row for parameter EmpDOBPicker = 1 [table  = EmpDOBPicker].	[MsgId: MMSG-13876]
EmployeeInfoOutput.c(18): Notify: Parameter Substitution: parameter "EmpDOBPicker" =  "1/1/1978"	[MsgId: MMSG-13992]
EmployeeInfoOutput.c(18): Notify: Next row for parameter EmpDOB = 1 [table  = EmpDOB].	[MsgId: MMSG-13876]
EmployeeInfoOutput.c(18): Notify: Parameter Substitution: parameter "EmpDOB" =  "1/1/1978"	[MsgId: MMSG-13992]
EmployeeInfoOutput.c(18): Notify: Parameter Substitution: parameter "EmployeeSSN" =  "194-68-3385"	[MsgId: MMSG-13992]
EmployeeInfoOutput.c(18): Notify: Next row for parameter EmpSEX = 1 [table  = EmpSEX].	[MsgId: MMSG-13876]
EmployeeInfoOutput.c(18): Notify: Parameter Substitution: parameter "EmpSEX" =  "FEMALE"	[MsgId: MMSG-13992]
EmployeeInfoOutput.c(18): Notify: Next row for parameter EmpHireDate = 1 [table  = EmpHireDate].	[MsgId: MMSG-13876]
EmployeeInfoOutput.c(18): Notify: Parameter Substitution: parameter "EmpHireDate" =  "1/1/2015"	[MsgId: MMSG-13992]
EmployeeInfoOutput.c(18): Notify: Next row for parameter EmpHireDatePicker = 1 [table  = EmpHireDatePicker].	[MsgId: MMSG-13876]
EmployeeInfoOutput.c(18): Notify: Parameter Substitution: parameter "EmpHireDatePicker" =  "1/1/2015"	[MsgId: MMSG-13992]
EmployeeInfoOutput.c(18): Notify: Next row for parameter EmpAddressL1 = 1 [table  = EmpAddressL1].	[MsgId: MMSG-13876]
EmployeeInfoOutput.c(18): Notify: Parameter Substitution: parameter "EmpAddressL1" =  "609 H St NE "	[MsgId: MMSG-13992]
EmployeeInfoOutput.c(18): Notify: Next row for parameter EmpCity = 1 [table  = EmpCity].	[MsgId: MMSG-13876]
EmployeeInfoOutput.c(18): Notify: Parameter Substitution: parameter "EmpCity" =  "Washington"	[MsgId: MMSG-13992]
EmployeeInfoOutput.c(18): Notify: Next row for parameter EmpZip = 1 [table  = EmpZip].	[MsgId: MMSG-13876]
EmployeeInfoOutput.c(18): Notify: Parameter Substitution: parameter "EmpZip" =  "20002"	[MsgId: MMSG-13992]
EmployeeInfoOutput.c(18): Notify: Next row for parameter pEmlyePrefix = 46 [table  = pEmlyePrefix].	[MsgId: MMSG-13876]
EmployeeInfoOutput.c(18): Notify: Parameter Substitution: parameter "pEmlyePrefix" =  "FM47"	[MsgId: MMSG-13992]
EmployeeInfoOutput.c(18): Notify: Parameter Substitution: parameter "EmployeeSSN" =  "194-68-3385"	[MsgId: MMSG-13992]
EmployeeInfoOutput.c(18): Notify: Next row for parameter EmpDOBDay = 1 [table  = EmpDOBDay].	[MsgId: MMSG-13876]
EmployeeInfoOutput.c(18): Notify: Parameter Substitution: parameter "EmpDOBDay" =  "1"	[MsgId: MMSG-13992]
EmployeeInfoOutput.c(18): Notify: Next row for parameter EmpDOBMonth = 1 [table  = EmpDOBMonth].	[MsgId: MMSG-13876]
EmployeeInfoOutput.c(18): Notify: Parameter Substitution: parameter "EmpDOBMonth" =  "1"	[MsgId: MMSG-13992]
EmployeeInfoOutput.c(18): Notify: Next row for parameter EmpDOBYear = 1 [table  = EmpDOBYear].	[MsgId: MMSG-13876]
EmployeeInfoOutput.c(18): Notify: Parameter Substitution: parameter "EmpDOBYear" =  "1978"	[MsgId: MMSG-13992]
EmployeeInfoOutput.c(18): Notify: Parameter Substitution: parameter "pEmpPrefix" =  "BIZ-FM47"	[MsgId: MMSG-13992]
EmployeeInfoOutput.c(18): Notify: Parameter Substitution: parameter "FEIN" =  "954472012"	[MsgId: MMSG-13992]
EmployerAddEmployeeRoster.c(115): Notify: Parameter Substitution: parameter "pAddEmployeeTrName" =  "03_TwentyToThirtyEmployee"	[MsgId: MMSG-13992]
EmployerAddEmployeeRoster.c(115): Notify: Transaction "INTEG_EMPLYR_0010_03_TwentyToThirtyEmployee" ended with a "Pass" status (Duration: 0.1051 Wasted Time: 0.0000).	[MsgId: MMSG-16871]
ScriptFlow.c(80): Notify: Parameter Substitution: parameter "pEMPLOYEECOUNT" =  "26"	[MsgId: MMSG-13992]
ScriptFlow.c(90): Notify: Saving Parameter "LNameLength = 3".	[MsgId: MMSG-13798]
ScriptFlow.c(93): Notify: Parameter Substitution: parameter "LNameLength" =  "3"	[MsgId: MMSG-13992]
randomname.h(15): Notify: Saving Parameter "randomLN = zti".	[MsgId: MMSG-13798]
randomname.h(28): Notify: Saving Parameter "pSSN1dep1_1 = 381".	[MsgId: MMSG-13798]
randomname.h(29): Notify: Saving Parameter "pSSN2dep1_1 = 10".	[MsgId: MMSG-13798]
randomname.h(30): Notify: Saving Parameter "pSSN3dep1_1 = 6361".	[MsgId: MMSG-13798]
randomname.h(32): Notify: Parameter Substitution: parameter "pSSN1dep1_1" =  "381"	[MsgId: MMSG-13992]
randomname.h(32): Notify: Parameter Substitution: parameter "pSSN2dep1_1" =  "10"	[MsgId: MMSG-13992]
randomname.h(32): Notify: Parameter Substitution: parameter "pSSN3dep1_1" =  "6361"	[MsgId: MMSG-13992]
randomname.h(33): Notify: Saving Parameter "EmployeeDep1SSN = 381-10-6361".	[MsgId: MMSG-13798]
randomname.h(35): Notify: Saving Parameter "EmployeeSSN = 381-10-6361".	[MsgId: MMSG-13798]
randomname.h(28): Notify: Saving Parameter "pSSN1dep1_1 = 160".	[MsgId: MMSG-13798]
randomname.h(29): Notify: Saving Parameter "pSSN2dep1_1 = 48".	[MsgId: MMSG-13798]
randomname.h(30): Notify: Saving Parameter "pSSN3dep1_1 = 6478".	[MsgId: MMSG-13798]
randomname.h(32): Notify: Parameter Substitution: parameter "pSSN1dep1_1" =  "160"	[MsgId: MMSG-13992]
randomname.h(32): Notify: Parameter Substitution: parameter "pSSN2dep1_1" =  "48"	[MsgId: MMSG-13992]
randomname.h(32): Notify: Parameter Substitution: parameter "pSSN3dep1_1" =  "6478"	[MsgId: MMSG-13992]
randomname.h(33): Notify: Saving Parameter "EmployeeDep1SSN = 160-48-6478".	[MsgId: MMSG-13798]
randomname.h(35): Notify: Saving Parameter "EmployeeDep1SSN = 160-48-6478".	[MsgId: MMSG-13798]
randomname.h(28): Notify: Saving Parameter "pSSN1dep1_1 = 375".	[MsgId: MMSG-13798]
randomname.h(29): Notify: Saving Parameter "pSSN2dep1_1 = 96".	[MsgId: MMSG-13798]
randomname.h(30): Notify: Saving Parameter "pSSN3dep1_1 = 2239".	[MsgId: MMSG-13798]
randomname.h(32): Notify: Parameter Substitution: parameter "pSSN1dep1_1" =  "375"	[MsgId: MMSG-13992]
randomname.h(32): Notify: Parameter Substitution: parameter "pSSN2dep1_1" =  "96"	[MsgId: MMSG-13992]
randomname.h(32): Notify: Parameter Substitution: parameter "pSSN3dep1_1" =  "2239"	[MsgId: MMSG-13992]
randomname.h(33): Notify: Saving Parameter "EmployeeDep1SSN = 375-96-2239".	[MsgId: MMSG-13798]
randomname.h(35): Notify: Saving Parameter "EmployeeDep2SSN = 375-96-2239".	[MsgId: MMSG-13798]
ScriptFlow.c(97): Notify: Parameter Substitution: parameter "EmployeeSSN" =  "381-10-6361"	[MsgId: MMSG-13992]
381-10-6361	[MsgId: MMSG-17999]
ScriptFlow.c(98): Notify: Parameter Substitution: parameter "EmployeeDep1SSN" =  "375-96-2239"	[MsgId: MMSG-13992]
375-96-2239	[MsgId: MMSG-17999]
ScriptFlow.c(99): Notify: Parameter Substitution: parameter "EmployeeDep2SSN" =  "375-96-2239"	[MsgId: MMSG-13992]
375-96-2239	[MsgId: MMSG-17999]
ScriptFlow.c(101): Think time - Waiting 2.00 seconds (according to limit).	[MsgId: MMSG-15946]
ScriptFlow.c(101): lr_think_time: 2.00 seconds (recorded think time was 10.00 seconds).	[MsgId: MMSG-15947]
EmployerAddEmployeeRoster.c(5): web_reg_save_param started  	[MsgId: MMSG-26355]
EmployerAddEmployeeRoster.c(5): Registering web_reg_save_param was successful  	[MsgId: MMSG-26390]
EmployerAddEmployeeRoster.c(7): Notify: Transaction "INTEG_EMPLYR_0009_Click_Employee_Tab" started.	[MsgId: MMSG-16999]
EmployerAddEmployeeRoster.c(9): web_url("Employees Employees") started  	[MsgId: MMSG-26355]
EmployerAddEmployeeRoster.c(9): Notify: Parameter Substitution: parameter "HTTP" =  "http"	[MsgId: MMSG-13992]
EmployerAddEmployeeRoster.c(9): Notify: Parameter Substitution: parameter "EnrollAppLandingPage" =  "enroll-preprod.dchbx.org"	[MsgId: MMSG-13992]
EmployerAddEmployeeRoster.c(9): Notify: Parameter Substitution: parameter "EMPLOYER_ID" =  "560c2d4169702d2474b63500"	[MsgId: MMSG-13992]
EmployerAddEmployeeRoster.c(9): Notify: Parameter Substitution: parameter "HTTP" =  "http"	[MsgId: MMSG-13992]
EmployerAddEmployeeRoster.c(9): Notify: Parameter Substitution: parameter "EnrollAppLandingPage" =  "enroll-preprod.dchbx.org"	[MsgId: MMSG-13992]
EmployerAddEmployeeRoster.c(9): Notify: Parameter Substitution: parameter "EMPLOYER_ID" =  "560c2d4169702d2474b63500"	[MsgId: MMSG-13992]
EmployerAddEmployeeRoster.c(9): Notify: Saving Parameter "Auth_Token_010 = Z/zT1+kdag73XJtfpptAJWPZjkXGe8DmkfdXblCr87ZgOJWdwxL5dMU6SuRSPnalS1UXSAsYSCZX2a3W/yIi4g==".	[MsgId: MMSG-13798]
EmployerAddEmployeeRoster.c(9): web_url("Employees Employees") was successful, 50176 body bytes, 444 header bytes  	[MsgId: MMSG-26386]
EmployerAddEmployeeRoster.c(19): Notify: Transaction "INTEG_EMPLYR_0009_Click_Employee_Tab" ended with a "Pass" status (Duration: 0.7439 Wasted Time: 0.0002).	[MsgId: MMSG-16871]
EmployerAddEmployeeRoster.c(21): Think time - Waiting 2.00 seconds (according to limit).	[MsgId: MMSG-15946]
EmployerAddEmployeeRoster.c(21): lr_think_time: 2.00 seconds (recorded think time was 10.00 seconds).	[MsgId: MMSG-15947]
EmployerAddEmployeeRoster.c(25): web_reg_find started  	[MsgId: MMSG-26355]
EmployerAddEmployeeRoster.c(25): Registering web_reg_find was successful  	[MsgId: MMSG-26390]
EmployerAddEmployeeRoster.c(26): web_reg_find started  	[MsgId: MMSG-26355]
EmployerAddEmployeeRoster.c(26): Registering web_reg_find was successful  	[MsgId: MMSG-26390]
EmployerAddEmployeeRoster.c(28): Notify: Parameter Substitution: parameter "pAddEmployeeTrName" =  "03_TwentyToThirtyEmployee"	[MsgId: MMSG-13992]
EmployerAddEmployeeRoster.c(28): Notify: Transaction "INTEG_EMPLYR_0010_03_TwentyToThirtyEmployee" started.	[MsgId: MMSG-16999]
EmployerAddEmployeeRoster.c(30): web_submit_data("census_employees") started  	[MsgId: MMSG-26355]
EmployerAddEmployeeRoster.c(30): Notify: Parameter Substitution: parameter "HTTP" =  "http"	[MsgId: MMSG-13992]
EmployerAddEmployeeRoster.c(30): Notify: Parameter Substitution: parameter "EnrollAppLandingPage" =  "enroll-preprod.dchbx.org"	[MsgId: MMSG-13992]
EmployerAddEmployeeRoster.c(30): Notify: Parameter Substitution: parameter "EMPLOYER_ID" =  "560c2d4169702d2474b63500"	[MsgId: MMSG-13992]
EmployerAddEmployeeRoster.c(30): Notify: Parameter Substitution: parameter "HTTP" =  "http"	[MsgId: MMSG-13992]
EmployerAddEmployeeRoster.c(30): Notify: Parameter Substitution: parameter "EnrollAppLandingPage" =  "enroll-preprod.dchbx.org"	[MsgId: MMSG-13992]
EmployerAddEmployeeRoster.c(30): Notify: Parameter Substitution: parameter "EMPLOYER_ID" =  "560c2d4169702d2474b63500"	[MsgId: MMSG-13992]
EmployerAddEmployeeRoster.c(30): Notify: Parameter Substitution: parameter "Auth_Token_010" =  "Z/zT1+kdag73XJtfpptAJWPZjkXGe8DmkfdXblCr87ZgOJWdwxL5dMU6SuRSPnalS1UXSAsYSCZX2a3W/yIi4g=="	[MsgId: MMSG-13992]
EmployerAddEmployeeRoster.c(30): Notify: Parameter Substitution: parameter "EmpFName" =  "TestE"	[MsgId: MMSG-13992]
EmployerAddEmployeeRoster.c(30): Notify: Next row for parameter EmpMI = 1 [table  = EmpMI].	[MsgId: MMSG-13876]
EmployerAddEmployeeRoster.c(30): Notify: Parameter Substitution: parameter "EmpMI" =  "L"	[MsgId: MMSG-13992]
EmployerAddEmployeeRoster.c(30): Notify: Parameter Substitution: parameter "randomLN" =  "zti"	[MsgId: MMSG-13992]
EmployerAddEmployeeRoster.c(30): Notify: Next row for parameter EmpDOB = 1 [table  = EmpDOB].	[MsgId: MMSG-13876]
EmployerAddEmployeeRoster.c(30): Notify: Parameter Substitution: parameter "EmpDOB" =  "1/1/1978"	[MsgId: MMSG-13992]
EmployerAddEmployeeRoster.c(30): Notify: Next row for parameter EmpDOBPicker = 1 [table  = EmpDOBPicker].	[MsgId: MMSG-13876]
EmployerAddEmployeeRoster.c(30): Notify: Parameter Substitution: parameter "EmpDOBPicker" =  "1/1/1978"	[MsgId: MMSG-13992]
EmployerAddEmployeeRoster.c(30): Notify: Parameter Substitution: parameter "EmployeeSSN" =  "381-10-6361"	[MsgId: MMSG-13992]
EmployerAddEmployeeRoster.c(30): Notify: Next row for parameter EmpHireDate = 1 [table  = EmpHireDate].	[MsgId: MMSG-13876]
EmployerAddEmployeeRoster.c(30): Notify: Parameter Substitution: parameter "EmpHireDate" =  "1/1/2015"	[MsgId: MMSG-13992]
EmployerAddEmployeeRoster.c(30): Notify: Next row for parameter EmpHireDatePicker = 1 [table  = EmpHireDatePicker].	[MsgId: MMSG-13876]
EmployerAddEmployeeRoster.c(30): Notify: Parameter Substitution: parameter "EmpHireDatePicker" =  "1/1/2015"	[MsgId: MMSG-13992]
EmployerAddEmployeeRoster.c(30): Notify: Parameter Substitution: parameter "BENEFIT_GROUP_ID_3" =  "560c2d4969702d24aa873500"	[MsgId: MMSG-13992]
EmployerAddEmployeeRoster.c(30): Notify: Next row for parameter pEmlyePrefix = 46 [table  = pEmlyePrefix].	[MsgId: MMSG-13876]
EmployerAddEmployeeRoster.c(30): Notify: Parameter Substitution: parameter "pEmlyePrefix" =  "FM47"	[MsgId: MMSG-13992]
EmployerAddEmployeeRoster.c(30): Notify: Parameter Substitution: parameter "EmployeeSSN" =  "381-10-6361"	[MsgId: MMSG-13992]
EmployerAddEmployeeRoster.c(30): Redirecting "http://enroll-preprod.dchbx.org/employers/employer_profiles/560c2d4169702d2474b63500/census_employees" (redirection depth is 0)  	[MsgId: MMSG-26694]
EmployerAddEmployeeRoster.c(30): To location "http://enroll-preprod.dchbx.org/employers/employer_profiles/560c2d4169702d2474b63500"  	[MsgId: MMSG-26693]
EmployerAddEmployeeRoster.c(30): Resource "http://enroll-preprod.dchbx.org/assets/application-1e9451d4800c018fa4e80ddaf4a48504.css" is in the cache already and will not be downloaded again  	[MsgId: MMSG-26655]
EmployerAddEmployeeRoster.c(30): Resource "http://enroll-preprod.dchbx.org/assets/application-b094f49d22c6932f2b712377d49517c9.js" is in the cache already and will not be downloaded again  	[MsgId: MMSG-26655]
EmployerAddEmployeeRoster.c(30): Resource "https://fonts.googleapis.com/css?family=Open+Sans:300italic,400italic,600italic,700italic,800italic,400,300,600,700,800" is in the cache already and will not be downloaded again  	[MsgId: MMSG-26655]
EmployerAddEmployeeRoster.c(30): Resource "http://enroll-preprod.dchbx.org/assets/logo-37b2d59fd0101e8781456ec388f3400a.png" is in the cache already and will not be downloaded again  	[MsgId: MMSG-26655]
EmployerAddEmployeeRoster.c(30): Resource "http://enroll-preprod.dchbx.org/assets/icons/icon-business-owner-c8920868ad7a0186be46b4928575297b.png" is in the cache already and will not be downloaded again  	[MsgId: MMSG-26655]
EmployerAddEmployeeRoster.c(30): Resource "http://enroll-preprod.dchbx.org/assets/icons/phone-b3ad531e1c8368729f17ce45eb54bbf1.png" is in the cache already and will not be downloaded again  	[MsgId: MMSG-26655]
EmployerAddEmployeeRoster.c(30): Resource "http://enroll-preprod.dchbx.org/assets/icons/mail-30cd69f38c85fd121d2468b88f4dec71.png" is in the cache already and will not be downloaded again  	[MsgId: MMSG-26655]
EmployerAddEmployeeRoster.c(30): Resource "http://enroll-preprod.dchbx.org/assets/icons/message-e6d0f4f5f538fe315e1cb2eb96c57bec.png" is in the cache already and will not be downloaded again  	[MsgId: MMSG-26655]
EmployerAddEmployeeRoster.c(30): Registered web_reg_find successful for "Text=provided SSN belongs"  	[MsgId: MMSG-26362]
EmployerAddEmployeeRoster.c(30): Notify: Saving Parameter "savedcount = 0".	[MsgId: MMSG-13798]
EmployerAddEmployeeRoster.c(30): Registered web_reg_find successful for "Text=Census Employee is successfully" (count=1)  	[MsgId: MMSG-26364]
EmployerAddEmployeeRoster.c(30): Notify: Saving Parameter "passcount = 1".	[MsgId: MMSG-13798]
EmployerAddEmployeeRoster.c(30): web_submit_data("census_employees") was successful, 14794 body bytes, 1047 header bytes  	[MsgId: MMSG-26386]
EmployerAddEmployeeRoster.c(113): Notify: Parameter Substitution: parameter "passcount" =  "1"	[MsgId: MMSG-13992]
EmployeeInfoOutput.c(10): Notify: Parameter Substitution: parameter "EmpFileName" =  "C:\Enroll_App\Data_Folder\EmpFName_0.dat"	[MsgId: MMSG-13992]
EmployeeInfoOutput.c(11): Notify: Parameter Substitution: parameter "EmpFileName" =  "C:\Enroll_App\Data_Folder\EmpFName_0.dat"	[MsgId: MMSG-13992]
EmployeeInfoOutput.c(18): Notify: Parameter Substitution: parameter "EmpFName" =  "TestE"	[MsgId: MMSG-13992]
EmployeeInfoOutput.c(18): Notify: Next row for parameter EmpMI = 1 [table  = EmpMI].	[MsgId: MMSG-13876]
EmployeeInfoOutput.c(18): Notify: Parameter Substitution: parameter "EmpMI" =  "L"	[MsgId: MMSG-13992]
EmployeeInfoOutput.c(18): Notify: Parameter Substitution: parameter "randomLN" =  "zti"	[MsgId: MMSG-13992]
EmployeeInfoOutput.c(18): Notify: Next row for parameter EmpDOBPicker = 1 [table  = EmpDOBPicker].	[MsgId: MMSG-13876]
EmployeeInfoOutput.c(18): Notify: Parameter Substitution: parameter "EmpDOBPicker" =  "1/1/1978"	[MsgId: MMSG-13992]
EmployeeInfoOutput.c(18): Notify: Next row for parameter EmpDOB = 1 [table  = EmpDOB].	[MsgId: MMSG-13876]
EmployeeInfoOutput.c(18): Notify: Parameter Substitution: parameter "EmpDOB" =  "1/1/1978"	[MsgId: MMSG-13992]
EmployeeInfoOutput.c(18): Notify: Parameter Substitution: parameter "EmployeeSSN" =  "381-10-6361"	[MsgId: MMSG-13992]
EmployeeInfoOutput.c(18): Notify: Next row for parameter EmpSEX = 1 [table  = EmpSEX].	[MsgId: MMSG-13876]
EmployeeInfoOutput.c(18): Notify: Parameter Substitution: parameter "EmpSEX" =  "FEMALE"	[MsgId: MMSG-13992]
EmployeeInfoOutput.c(18): Notify: Next row for parameter EmpHireDate = 1 [table  = EmpHireDate].	[MsgId: MMSG-13876]
EmployeeInfoOutput.c(18): Notify: Parameter Substitution: parameter "EmpHireDate" =  "1/1/2015"	[MsgId: MMSG-13992]
EmployeeInfoOutput.c(18): Notify: Next row for parameter EmpHireDatePicker = 1 [table  = EmpHireDatePicker].	[MsgId: MMSG-13876]
EmployeeInfoOutput.c(18): Notify: Parameter Substitution: parameter "EmpHireDatePicker" =  "1/1/2015"	[MsgId: MMSG-13992]
EmployeeInfoOutput.c(18): Notify: Next row for parameter EmpAddressL1 = 1 [table  = EmpAddressL1].	[MsgId: MMSG-13876]
EmployeeInfoOutput.c(18): Notify: Parameter Substitution: parameter "EmpAddressL1" =  "609 H St NE "	[MsgId: MMSG-13992]
EmployeeInfoOutput.c(18): Notify: Next row for parameter EmpCity = 1 [table  = EmpCity].	[MsgId: MMSG-13876]
EmployeeInfoOutput.c(18): Notify: Parameter Substitution: parameter "EmpCity" =  "Washington"	[MsgId: MMSG-13992]
EmployeeInfoOutput.c(18): Notify: Next row for parameter EmpZip = 1 [table  = EmpZip].	[MsgId: MMSG-13876]
EmployeeInfoOutput.c(18): Notify: Parameter Substitution: parameter "EmpZip" =  "20002"	[MsgId: MMSG-13992]
EmployeeInfoOutput.c(18): Notify: Next row for parameter pEmlyePrefix = 46 [table  = pEmlyePrefix].	[MsgId: MMSG-13876]
EmployeeInfoOutput.c(18): Notify: Parameter Substitution: parameter "pEmlyePrefix" =  "FM47"	[MsgId: MMSG-13992]
EmployeeInfoOutput.c(18): Notify: Parameter Substitution: parameter "EmployeeSSN" =  "381-10-6361"	[MsgId: MMSG-13992]
EmployeeInfoOutput.c(18): Notify: Next row for parameter EmpDOBDay = 1 [table  = EmpDOBDay].	[MsgId: MMSG-13876]
EmployeeInfoOutput.c(18): Notify: Parameter Substitution: parameter "EmpDOBDay" =  "1"	[MsgId: MMSG-13992]
EmployeeInfoOutput.c(18): Notify: Next row for parameter EmpDOBMonth = 1 [table  = EmpDOBMonth].	[MsgId: MMSG-13876]
EmployeeInfoOutput.c(18): Notify: Parameter Substitution: parameter "EmpDOBMonth" =  "1"	[MsgId: MMSG-13992]
EmployeeInfoOutput.c(18): Notify: Next row for parameter EmpDOBYear = 1 [table  = EmpDOBYear].	[MsgId: MMSG-13876]
EmployeeInfoOutput.c(18): Notify: Parameter Substitution: parameter "EmpDOBYear" =  "1978"	[MsgId: MMSG-13992]
EmployeeInfoOutput.c(18): Notify: Parameter Substitution: parameter "pEmpPrefix" =  "BIZ-FM47"	[MsgId: MMSG-13992]
EmployeeInfoOutput.c(18): Notify: Parameter Substitution: parameter "FEIN" =  "954472012"	[MsgId: MMSG-13992]
EmployerAddEmployeeRoster.c(115): Notify: Parameter Substitution: parameter "pAddEmployeeTrName" =  "03_TwentyToThirtyEmployee"	[MsgId: MMSG-13992]
EmployerAddEmployeeRoster.c(115): Notify: Transaction "INTEG_EMPLYR_0010_03_TwentyToThirtyEmployee" ended with a "Pass" status (Duration: 0.1221 Wasted Time: 0.0000).	[MsgId: MMSG-16871]
ScriptFlow.c(80): Notify: Parameter Substitution: parameter "pEMPLOYEECOUNT" =  "26"	[MsgId: MMSG-13992]
ScriptFlow.c(90): Notify: Saving Parameter "LNameLength = 10".	[MsgId: MMSG-13798]
ScriptFlow.c(93): Notify: Parameter Substitution: parameter "LNameLength" =  "10"	[MsgId: MMSG-13992]
randomname.h(15): Notify: Saving Parameter "randomLN = bonostcsxy".	[MsgId: MMSG-13798]
randomname.h(28): Notify: Saving Parameter "pSSN1dep1_1 = 570".	[MsgId: MMSG-13798]
randomname.h(29): Notify: Saving Parameter "pSSN2dep1_1 = 61".	[MsgId: MMSG-13798]
randomname.h(30): Notify: Saving Parameter "pSSN3dep1_1 = 4859".	[MsgId: MMSG-13798]
randomname.h(32): Notify: Parameter Substitution: parameter "pSSN1dep1_1" =  "570"	[MsgId: MMSG-13992]
randomname.h(32): Notify: Parameter Substitution: parameter "pSSN2dep1_1" =  "61"	[MsgId: MMSG-13992]
randomname.h(32): Notify: Parameter Substitution: parameter "pSSN3dep1_1" =  "4859"	[MsgId: MMSG-13992]
randomname.h(33): Notify: Saving Parameter "EmployeeDep1SSN = 570-61-4859".	[MsgId: MMSG-13798]
randomname.h(35): Notify: Saving Parameter "EmployeeSSN = 570-61-4859".	[MsgId: MMSG-13798]
randomname.h(28): Notify: Saving Parameter "pSSN1dep1_1 = 915".	[MsgId: MMSG-13798]
randomname.h(29): Notify: Saving Parameter "pSSN2dep1_1 = 16".	[MsgId: MMSG-13798]
randomname.h(30): Notify: Saving Parameter "pSSN3dep1_1 = 9404".	[MsgId: MMSG-13798]
randomname.h(32): Notify: Parameter Substitution: parameter "pSSN1dep1_1" =  "915"	[MsgId: MMSG-13992]
randomname.h(32): Notify: Parameter Substitution: parameter "pSSN2dep1_1" =  "16"	[MsgId: MMSG-13992]
randomname.h(32): Notify: Parameter Substitution: parameter "pSSN3dep1_1" =  "9404"	[MsgId: MMSG-13992]
randomname.h(33): Notify: Saving Parameter "EmployeeDep1SSN = 915-16-9404".	[MsgId: MMSG-13798]
randomname.h(35): Notify: Saving Parameter "EmployeeDep1SSN = 915-16-9404".	[MsgId: MMSG-13798]
randomname.h(28): Notify: Saving Parameter "pSSN1dep1_1 = 225".	[MsgId: MMSG-13798]
randomname.h(29): Notify: Saving Parameter "pSSN2dep1_1 = 83".	[MsgId: MMSG-13798]
randomname.h(30): Notify: Saving Parameter "pSSN3dep1_1 = 9925".	[MsgId: MMSG-13798]
randomname.h(32): Notify: Parameter Substitution: parameter "pSSN1dep1_1" =  "225"	[MsgId: MMSG-13992]
randomname.h(32): Notify: Parameter Substitution: parameter "pSSN2dep1_1" =  "83"	[MsgId: MMSG-13992]
randomname.h(32): Notify: Parameter Substitution: parameter "pSSN3dep1_1" =  "9925"	[MsgId: MMSG-13992]
randomname.h(33): Notify: Saving Parameter "EmployeeDep1SSN = 225-83-9925".	[MsgId: MMSG-13798]
randomname.h(35): Notify: Saving Parameter "EmployeeDep2SSN = 225-83-9925".	[MsgId: MMSG-13798]
ScriptFlow.c(97): Notify: Parameter Substitution: parameter "EmployeeSSN" =  "570-61-4859"	[MsgId: MMSG-13992]
570-61-4859	[MsgId: MMSG-17999]
ScriptFlow.c(98): Notify: Parameter Substitution: parameter "EmployeeDep1SSN" =  "225-83-9925"	[MsgId: MMSG-13992]
225-83-9925	[MsgId: MMSG-17999]
ScriptFlow.c(99): Notify: Parameter Substitution: parameter "EmployeeDep2SSN" =  "225-83-9925"	[MsgId: MMSG-13992]
225-83-9925	[MsgId: MMSG-17999]
ScriptFlow.c(101): Think time - Waiting 2.00 seconds (according to limit).	[MsgId: MMSG-15946]
ScriptFlow.c(101): lr_think_time: 2.00 seconds (recorded think time was 10.00 seconds).	[MsgId: MMSG-15947]
EmployerAddEmployeeRoster.c(5): web_reg_save_param started  	[MsgId: MMSG-26355]
EmployerAddEmployeeRoster.c(5): Registering web_reg_save_param was successful  	[MsgId: MMSG-26390]
EmployerAddEmployeeRoster.c(7): Notify: Transaction "INTEG_EMPLYR_0009_Click_Employee_Tab" started.	[MsgId: MMSG-16999]
EmployerAddEmployeeRoster.c(9): web_url("Employees Employees") started  	[MsgId: MMSG-26355]
EmployerAddEmployeeRoster.c(9): Notify: Parameter Substitution: parameter "HTTP" =  "http"	[MsgId: MMSG-13992]
EmployerAddEmployeeRoster.c(9): Notify: Parameter Substitution: parameter "EnrollAppLandingPage" =  "enroll-preprod.dchbx.org"	[MsgId: MMSG-13992]
EmployerAddEmployeeRoster.c(9): Notify: Parameter Substitution: parameter "EMPLOYER_ID" =  "560c2d4169702d2474b63500"	[MsgId: MMSG-13992]
EmployerAddEmployeeRoster.c(9): Notify: Parameter Substitution: parameter "HTTP" =  "http"	[MsgId: MMSG-13992]
EmployerAddEmployeeRoster.c(9): Notify: Parameter Substitution: parameter "EnrollAppLandingPage" =  "enroll-preprod.dchbx.org"	[MsgId: MMSG-13992]
EmployerAddEmployeeRoster.c(9): Notify: Parameter Substitution: parameter "EMPLOYER_ID" =  "560c2d4169702d2474b63500"	[MsgId: MMSG-13992]
EmployerAddEmployeeRoster.c(9): Notify: Saving Parameter "Auth_Token_010 = x/Aqwoh6wqa6BFJn4Chhu04q5idnbSWKFsTHFoWpb17ANGyIonVR3Ihig9wUjVc7ZqZ/KqoOrUrQ6j2uKiC+Cg==".	[MsgId: MMSG-13798]
EmployerAddEmployeeRoster.c(9): web_url("Employees Employees") was successful, 50321 body bytes, 444 header bytes  	[MsgId: MMSG-26386]
EmployerAddEmployeeRoster.c(19): Notify: Transaction "INTEG_EMPLYR_0009_Click_Employee_Tab" ended with a "Pass" status (Duration: 0.1165 Wasted Time: 0.0003).	[MsgId: MMSG-16871]
EmployerAddEmployeeRoster.c(21): Think time - Waiting 2.00 seconds (according to limit).	[MsgId: MMSG-15946]
EmployerAddEmployeeRoster.c(21): lr_think_time: 2.00 seconds (recorded think time was 10.00 seconds).	[MsgId: MMSG-15947]
EmployerAddEmployeeRoster.c(25): web_reg_find started  	[MsgId: MMSG-26355]
EmployerAddEmployeeRoster.c(25): Registering web_reg_find was successful  	[MsgId: MMSG-26390]
EmployerAddEmployeeRoster.c(26): web_reg_find started  	[MsgId: MMSG-26355]
EmployerAddEmployeeRoster.c(26): Registering web_reg_find was successful  	[MsgId: MMSG-26390]
EmployerAddEmployeeRoster.c(28): Notify: Parameter Substitution: parameter "pAddEmployeeTrName" =  "03_TwentyToThirtyEmployee"	[MsgId: MMSG-13992]
EmployerAddEmployeeRoster.c(28): Notify: Transaction "INTEG_EMPLYR_0010_03_TwentyToThirtyEmployee" started.	[MsgId: MMSG-16999]
EmployerAddEmployeeRoster.c(30): web_submit_data("census_employees") started  	[MsgId: MMSG-26355]
EmployerAddEmployeeRoster.c(30): Notify: Parameter Substitution: parameter "HTTP" =  "http"	[MsgId: MMSG-13992]
EmployerAddEmployeeRoster.c(30): Notify: Parameter Substitution: parameter "EnrollAppLandingPage" =  "enroll-preprod.dchbx.org"	[MsgId: MMSG-13992]
EmployerAddEmployeeRoster.c(30): Notify: Parameter Substitution: parameter "EMPLOYER_ID" =  "560c2d4169702d2474b63500"	[MsgId: MMSG-13992]
EmployerAddEmployeeRoster.c(30): Notify: Parameter Substitution: parameter "HTTP" =  "http"	[MsgId: MMSG-13992]
EmployerAddEmployeeRoster.c(30): Notify: Parameter Substitution: parameter "EnrollAppLandingPage" =  "enroll-preprod.dchbx.org"	[MsgId: MMSG-13992]
EmployerAddEmployeeRoster.c(30): Notify: Parameter Substitution: parameter "EMPLOYER_ID" =  "560c2d4169702d2474b63500"	[MsgId: MMSG-13992]
EmployerAddEmployeeRoster.c(30): Notify: Parameter Substitution: parameter "Auth_Token_010" =  "x/Aqwoh6wqa6BFJn4Chhu04q5idnbSWKFsTHFoWpb17ANGyIonVR3Ihig9wUjVc7ZqZ/KqoOrUrQ6j2uKiC+Cg=="	[MsgId: MMSG-13992]
EmployerAddEmployeeRoster.c(30): Notify: Parameter Substitution: parameter "EmpFName" =  "TestE"	[MsgId: MMSG-13992]
EmployerAddEmployeeRoster.c(30): Notify: Next row for parameter EmpMI = 1 [table  = EmpMI].	[MsgId: MMSG-13876]
EmployerAddEmployeeRoster.c(30): Notify: Parameter Substitution: parameter "EmpMI" =  "L"	[MsgId: MMSG-13992]
EmployerAddEmployeeRoster.c(30): Notify: Parameter Substitution: parameter "randomLN" =  "bonostcsxy"	[MsgId: MMSG-13992]
EmployerAddEmployeeRoster.c(30): Notify: Next row for parameter EmpDOB = 1 [table  = EmpDOB].	[MsgId: MMSG-13876]
EmployerAddEmployeeRoster.c(30): Notify: Parameter Substitution: parameter "EmpDOB" =  "1/1/1978"	[MsgId: MMSG-13992]
EmployerAddEmployeeRoster.c(30): Notify: Next row for parameter EmpDOBPicker = 1 [table  = EmpDOBPicker].	[MsgId: MMSG-13876]
EmployerAddEmployeeRoster.c(30): Notify: Parameter Substitution: parameter "EmpDOBPicker" =  "1/1/1978"	[MsgId: MMSG-13992]
EmployerAddEmployeeRoster.c(30): Notify: Parameter Substitution: parameter "EmployeeSSN" =  "570-61-4859"	[MsgId: MMSG-13992]
EmployerAddEmployeeRoster.c(30): Notify: Next row for parameter EmpHireDate = 1 [table  = EmpHireDate].	[MsgId: MMSG-13876]
EmployerAddEmployeeRoster.c(30): Notify: Parameter Substitution: parameter "EmpHireDate" =  "1/1/2015"	[MsgId: MMSG-13992]
EmployerAddEmployeeRoster.c(30): Notify: Next row for parameter EmpHireDatePicker = 1 [table  = EmpHireDatePicker].	[MsgId: MMSG-13876]
EmployerAddEmployeeRoster.c(30): Notify: Parameter Substitution: parameter "EmpHireDatePicker" =  "1/1/2015"	[MsgId: MMSG-13992]
EmployerAddEmployeeRoster.c(30): Notify: Parameter Substitution: parameter "BENEFIT_GROUP_ID_3" =  "560c2d4969702d24aa873500"	[MsgId: MMSG-13992]
EmployerAddEmployeeRoster.c(30): Notify: Next row for parameter pEmlyePrefix = 46 [table  = pEmlyePrefix].	[MsgId: MMSG-13876]
EmployerAddEmployeeRoster.c(30): Notify: Parameter Substitution: parameter "pEmlyePrefix" =  "FM47"	[MsgId: MMSG-13992]
EmployerAddEmployeeRoster.c(30): Notify: Parameter Substitution: parameter "EmployeeSSN" =  "570-61-4859"	[MsgId: MMSG-13992]
EmployerAddEmployeeRoster.c(30): Redirecting "http://enroll-preprod.dchbx.org/employers/employer_profiles/560c2d4169702d2474b63500/census_employees" (redirection depth is 0)  	[MsgId: MMSG-26694]
EmployerAddEmployeeRoster.c(30): To location "http://enroll-preprod.dchbx.org/employers/employer_profiles/560c2d4169702d2474b63500"  	[MsgId: MMSG-26693]
EmployerAddEmployeeRoster.c(30): Resource "http://enroll-preprod.dchbx.org/assets/application-1e9451d4800c018fa4e80ddaf4a48504.css" is in the cache already and will not be downloaded again  	[MsgId: MMSG-26655]
EmployerAddEmployeeRoster.c(30): Resource "http://enroll-preprod.dchbx.org/assets/application-b094f49d22c6932f2b712377d49517c9.js" is in the cache already and will not be downloaded again  	[MsgId: MMSG-26655]
EmployerAddEmployeeRoster.c(30): Resource "https://fonts.googleapis.com/css?family=Open+Sans:300italic,400italic,600italic,700italic,800italic,400,300,600,700,800" is in the cache already and will not be downloaded again  	[MsgId: MMSG-26655]
EmployerAddEmployeeRoster.c(30): Resource "http://enroll-preprod.dchbx.org/assets/logo-37b2d59fd0101e8781456ec388f3400a.png" is in the cache already and will not be downloaded again  	[MsgId: MMSG-26655]
EmployerAddEmployeeRoster.c(30): Resource "http://enroll-preprod.dchbx.org/assets/icons/icon-business-owner-c8920868ad7a0186be46b4928575297b.png" is in the cache already and will not be downloaded again  	[MsgId: MMSG-26655]
EmployerAddEmployeeRoster.c(30): Resource "http://enroll-preprod.dchbx.org/assets/icons/phone-b3ad531e1c8368729f17ce45eb54bbf1.png" is in the cache already and will not be downloaded again  	[MsgId: MMSG-26655]
EmployerAddEmployeeRoster.c(30): Resource "http://enroll-preprod.dchbx.org/assets/icons/mail-30cd69f38c85fd121d2468b88f4dec71.png" is in the cache already and will not be downloaded again  	[MsgId: MMSG-26655]
EmployerAddEmployeeRoster.c(30): Resource "http://enroll-preprod.dchbx.org/assets/icons/message-e6d0f4f5f538fe315e1cb2eb96c57bec.png" is in the cache already and will not be downloaded again  	[MsgId: MMSG-26655]
EmployerAddEmployeeRoster.c(30): Registered web_reg_find successful for "Text=provided SSN belongs"  	[MsgId: MMSG-26362]
EmployerAddEmployeeRoster.c(30): Notify: Saving Parameter "savedcount = 0".	[MsgId: MMSG-13798]
EmployerAddEmployeeRoster.c(30): Registered web_reg_find successful for "Text=Census Employee is successfully" (count=1)  	[MsgId: MMSG-26364]
EmployerAddEmployeeRoster.c(30): Notify: Saving Parameter "passcount = 1".	[MsgId: MMSG-13798]
EmployerAddEmployeeRoster.c(30): web_submit_data("census_employees") was successful, 14794 body bytes, 1047 header bytes  	[MsgId: MMSG-26386]
EmployerAddEmployeeRoster.c(113): Notify: Parameter Substitution: parameter "passcount" =  "1"	[MsgId: MMSG-13992]
EmployeeInfoOutput.c(10): Notify: Parameter Substitution: parameter "EmpFileName" =  "C:\Enroll_App\Data_Folder\EmpFName_0.dat"	[MsgId: MMSG-13992]
EmployeeInfoOutput.c(11): Notify: Parameter Substitution: parameter "EmpFileName" =  "C:\Enroll_App\Data_Folder\EmpFName_0.dat"	[MsgId: MMSG-13992]
EmployeeInfoOutput.c(18): Notify: Parameter Substitution: parameter "EmpFName" =  "TestE"	[MsgId: MMSG-13992]
EmployeeInfoOutput.c(18): Notify: Next row for parameter EmpMI = 1 [table  = EmpMI].	[MsgId: MMSG-13876]
EmployeeInfoOutput.c(18): Notify: Parameter Substitution: parameter "EmpMI" =  "L"	[MsgId: MMSG-13992]
EmployeeInfoOutput.c(18): Notify: Parameter Substitution: parameter "randomLN" =  "bonostcsxy"	[MsgId: MMSG-13992]
EmployeeInfoOutput.c(18): Notify: Next row for parameter EmpDOBPicker = 1 [table  = EmpDOBPicker].	[MsgId: MMSG-13876]
EmployeeInfoOutput.c(18): Notify: Parameter Substitution: parameter "EmpDOBPicker" =  "1/1/1978"	[MsgId: MMSG-13992]
EmployeeInfoOutput.c(18): Notify: Next row for parameter EmpDOB = 1 [table  = EmpDOB].	[MsgId: MMSG-13876]
EmployeeInfoOutput.c(18): Notify: Parameter Substitution: parameter "EmpDOB" =  "1/1/1978"	[MsgId: MMSG-13992]
EmployeeInfoOutput.c(18): Notify: Parameter Substitution: parameter "EmployeeSSN" =  "570-61-4859"	[MsgId: MMSG-13992]
EmployeeInfoOutput.c(18): Notify: Next row for parameter EmpSEX = 1 [table  = EmpSEX].	[MsgId: MMSG-13876]
EmployeeInfoOutput.c(18): Notify: Parameter Substitution: parameter "EmpSEX" =  "FEMALE"	[MsgId: MMSG-13992]
EmployeeInfoOutput.c(18): Notify: Next row for parameter EmpHireDate = 1 [table  = EmpHireDate].	[MsgId: MMSG-13876]
EmployeeInfoOutput.c(18): Notify: Parameter Substitution: parameter "EmpHireDate" =  "1/1/2015"	[MsgId: MMSG-13992]
EmployeeInfoOutput.c(18): Notify: Next row for parameter EmpHireDatePicker = 1 [table  = EmpHireDatePicker].	[MsgId: MMSG-13876]
EmployeeInfoOutput.c(18): Notify: Parameter Substitution: parameter "EmpHireDatePicker" =  "1/1/2015"	[MsgId: MMSG-13992]
EmployeeInfoOutput.c(18): Notify: Next row for parameter EmpAddressL1 = 1 [table  = EmpAddressL1].	[MsgId: MMSG-13876]
EmployeeInfoOutput.c(18): Notify: Parameter Substitution: parameter "EmpAddressL1" =  "609 H St NE "	[MsgId: MMSG-13992]
EmployeeInfoOutput.c(18): Notify: Next row for parameter EmpCity = 1 [table  = EmpCity].	[MsgId: MMSG-13876]
EmployeeInfoOutput.c(18): Notify: Parameter Substitution: parameter "EmpCity" =  "Washington"	[MsgId: MMSG-13992]
EmployeeInfoOutput.c(18): Notify: Next row for parameter EmpZip = 1 [table  = EmpZip].	[MsgId: MMSG-13876]
EmployeeInfoOutput.c(18): Notify: Parameter Substitution: parameter "EmpZip" =  "20002"	[MsgId: MMSG-13992]
EmployeeInfoOutput.c(18): Notify: Next row for parameter pEmlyePrefix = 46 [table  = pEmlyePrefix].	[MsgId: MMSG-13876]
EmployeeInfoOutput.c(18): Notify: Parameter Substitution: parameter "pEmlyePrefix" =  "FM47"	[MsgId: MMSG-13992]
EmployeeInfoOutput.c(18): Notify: Parameter Substitution: parameter "EmployeeSSN" =  "570-61-4859"	[MsgId: MMSG-13992]
EmployeeInfoOutput.c(18): Notify: Next row for parameter EmpDOBDay = 1 [table  = EmpDOBDay].	[MsgId: MMSG-13876]
EmployeeInfoOutput.c(18): Notify: Parameter Substitution: parameter "EmpDOBDay" =  "1"	[MsgId: MMSG-13992]
EmployeeInfoOutput.c(18): Notify: Next row for parameter EmpDOBMonth = 1 [table  = EmpDOBMonth].	[MsgId: MMSG-13876]
EmployeeInfoOutput.c(18): Notify: Parameter Substitution: parameter "EmpDOBMonth" =  "1"	[MsgId: MMSG-13992]
EmployeeInfoOutput.c(18): Notify: Next row for parameter EmpDOBYear = 1 [table  = EmpDOBYear].	[MsgId: MMSG-13876]
EmployeeInfoOutput.c(18): Notify: Parameter Substitution: parameter "EmpDOBYear" =  "1978"	[MsgId: MMSG-13992]
EmployeeInfoOutput.c(18): Notify: Parameter Substitution: parameter "pEmpPrefix" =  "BIZ-FM47"	[MsgId: MMSG-13992]
EmployeeInfoOutput.c(18): Notify: Parameter Substitution: parameter "FEIN" =  "954472012"	[MsgId: MMSG-13992]
EmployerAddEmployeeRoster.c(115): Notify: Parameter Substitution: parameter "pAddEmployeeTrName" =  "03_TwentyToThirtyEmployee"	[MsgId: MMSG-13992]
EmployerAddEmployeeRoster.c(115): Notify: Transaction "INTEG_EMPLYR_0010_03_TwentyToThirtyEmployee" ended with a "Pass" status (Duration: 0.1275 Wasted Time: 0.0000).	[MsgId: MMSG-16871]
ScriptFlow.c(80): Notify: Parameter Substitution: parameter "pEMPLOYEECOUNT" =  "26"	[MsgId: MMSG-13992]
ScriptFlow.c(106): web_add_header("X-CSRF-Token") started  	[MsgId: MMSG-26355]
ScriptFlow.c(106): Notify: Parameter Substitution: parameter "AUTH_TOKEN_4" =  "Lt9ABlH5QwMUQYaJkJcUBUJ+MDqu1DgdzrUrb/tEexYpGwZMe/bQeSYnVzJkMiKFavKpN2O3sN0Im9HXVM2qQg=="	[MsgId: MMSG-13992]
ScriptFlow.c(106): web_add_header("X-CSRF-Token") was successful  	[MsgId: MMSG-26392]
PublishPlan.c(5): Notify: Transaction "INTEG_EMPLYR_0011_PublishPlan" started.	[MsgId: MMSG-16999]
PublishPlan.c(7): web_custom_request("publish") started  	[MsgId: MMSG-26355]
PublishPlan.c(7): Notify: Parameter Substitution: parameter "HTTP" =  "http"	[MsgId: MMSG-13992]
PublishPlan.c(7): Notify: Parameter Substitution: parameter "EnrollAppLandingPage" =  "enroll-preprod.dchbx.org"	[MsgId: MMSG-13992]
PublishPlan.c(7): Notify: Parameter Substitution: parameter "EMPLOYER_ID" =  "560c2d4169702d2474b63500"	[MsgId: MMSG-13992]
PublishPlan.c(7): Notify: Parameter Substitution: parameter "Plan_ID4URL" =  "560c2d4969702d24aa8d3500"	[MsgId: MMSG-13992]
PublishPlan.c(7): Notify: Parameter Substitution: parameter "HTTP" =  "http"	[MsgId: MMSG-13992]
PublishPlan.c(7): Notify: Parameter Substitution: parameter "EnrollAppLandingPage" =  "enroll-preprod.dchbx.org"	[MsgId: MMSG-13992]
PublishPlan.c(7): Notify: Parameter Substitution: parameter "EMPLOYER_ID" =  "560c2d4169702d2474b63500"	[MsgId: MMSG-13992]
PublishPlan.c(7): web_custom_request("publish") was successful, 73 body bytes, 488 header bytes  	[MsgId: MMSG-26386]
PublishPlan.c(19): web_reg_find started  	[MsgId: MMSG-26355]
PublishPlan.c(19): Registering web_reg_find was successful  	[MsgId: MMSG-26390]
PublishPlan.c(21): web_url("55c5577169702d34e21e0100") started  	[MsgId: MMSG-26355]
PublishPlan.c(21): Notify: Parameter Substitution: parameter "HTTP" =  "http"	[MsgId: MMSG-13992]
PublishPlan.c(21): Notify: Parameter Substitution: parameter "EnrollAppLandingPage" =  "enroll-preprod.dchbx.org"	[MsgId: MMSG-13992]
PublishPlan.c(21): Notify: Parameter Substitution: parameter "EMPLOYER_ID" =  "560c2d4169702d2474b63500"	[MsgId: MMSG-13992]
PublishPlan.c(21): Notify: Parameter Substitution: parameter "HTTP" =  "http"	[MsgId: MMSG-13992]
PublishPlan.c(21): Notify: Parameter Substitution: parameter "EnrollAppLandingPage" =  "enroll-preprod.dchbx.org"	[MsgId: MMSG-13992]
PublishPlan.c(21): Notify: Parameter Substitution: parameter "EMPLOYER_ID" =  "560c2d4169702d2474b63500"	[MsgId: MMSG-13992]
PublishPlan.c(21): Resource "http://enroll-preprod.dchbx.org/assets/application-1e9451d4800c018fa4e80ddaf4a48504.css" is in the cache already and will not be downloaded again  	[MsgId: MMSG-26655]
PublishPlan.c(21): Resource "http://enroll-preprod.dchbx.org/assets/application-b094f49d22c6932f2b712377d49517c9.js" is in the cache already and will not be downloaded again  	[MsgId: MMSG-26655]
PublishPlan.c(21): Resource "https://fonts.googleapis.com/css?family=Open+Sans:300italic,400italic,600italic,700italic,800italic,400,300,600,700,800" is in the cache already and will not be downloaded again  	[MsgId: MMSG-26655]
PublishPlan.c(21): Resource "http://enroll-preprod.dchbx.org/assets/logo-37b2d59fd0101e8781456ec388f3400a.png" is in the cache already and will not be downloaded again  	[MsgId: MMSG-26655]
PublishPlan.c(21): Resource "http://enroll-preprod.dchbx.org/assets/icons/icon-business-owner-c8920868ad7a0186be46b4928575297b.png" is in the cache already and will not be downloaded again  	[MsgId: MMSG-26655]
PublishPlan.c(21): Resource "http://enroll-preprod.dchbx.org/assets/icons/phone-b3ad531e1c8368729f17ce45eb54bbf1.png" is in the cache already and will not be downloaded again  	[MsgId: MMSG-26655]
PublishPlan.c(21): Resource "http://enroll-preprod.dchbx.org/assets/icons/mail-30cd69f38c85fd121d2468b88f4dec71.png" is in the cache already and will not be downloaded again  	[MsgId: MMSG-26655]
PublishPlan.c(21): Resource "http://enroll-preprod.dchbx.org/assets/icons/message-e6d0f4f5f538fe315e1cb2eb96c57bec.png" is in the cache already and will not be downloaded again  	[MsgId: MMSG-26655]
PublishPlan.c(21): Registered web_reg_find successful for "Text=Plan Year successfully published" (count=1)  	[MsgId: MMSG-26364]
PublishPlan.c(21): Notify: Saving Parameter "PublishCount = 1".	[MsgId: MMSG-13798]
PublishPlan.c(21): web_url("55c5577169702d34e21e0100") was successful, 16124 body bytes, 533 header bytes  	[MsgId: MMSG-26386]
PublishPlan.c(31): Notify: Parameter Substitution: parameter "PublishCount" =  "1"	[MsgId: MMSG-13992]
PublishPlan.c(39): Notify: Transaction "INTEG_EMPLYR_0011_PublishPlan" ended with a "Pass" status (Duration: 0.2693 Wasted Time: 0.0000).	[MsgId: MMSG-16871]
ScriptFlow.c(110): Think time - Waiting 2.00 seconds (according to limit).	[MsgId: MMSG-15946]
ScriptFlow.c(110): lr_think_time: 2.00 seconds (recorded think time was 10.00 seconds).	[MsgId: MMSG-15947]
Logout.c(3): Notify: Transaction "INTEG_EMPLYR_1000_Logout" started.	[MsgId: MMSG-16999]
Logout.c(5): web_submit_data("sign_out") started  	[MsgId: MMSG-26355]
Logout.c(5): Notify: Parameter Substitution: parameter "HTTP" =  "http"	[MsgId: MMSG-13992]
Logout.c(5): Notify: Parameter Substitution: parameter "EnrollAppLandingPage" =  "enroll-preprod.dchbx.org"	[MsgId: MMSG-13992]
Logout.c(5): Notify: Parameter Substitution: parameter "HTTP" =  "http"	[MsgId: MMSG-13992]
Logout.c(5): Notify: Parameter Substitution: parameter "EnrollAppLandingPage" =  "enroll-preprod.dchbx.org"	[MsgId: MMSG-13992]
Logout.c(5): Notify: Parameter Substitution: parameter "EMPLOYER_ID" =  "560c2d4169702d2474b63500"	[MsgId: MMSG-13992]
Logout.c(5): Notify: Parameter Substitution: parameter "AUTH_TOKEN_4" =  "Lt9ABlH5QwMUQYaJkJcUBUJ+MDqu1DgdzrUrb/tEexYpGwZMe/bQeSYnVzJkMiKFavKpN2O3sN0Im9HXVM2qQg=="	[MsgId: MMSG-13992]
Logout.c(5): web_submit_data("sign_out") was successful, 0 body bytes, 440 header bytes  	[MsgId: MMSG-26386]
Logout.c(18): Notify: Transaction "INTEG_EMPLYR_1000_Logout" ended with a "Pass" status (Duration: 0.0378).	[MsgId: MMSG-16873]
Ending action ScriptFlow.	[MsgId: MMSG-15918]
Action was aborted.	[MsgId: MMSG-10694]
Ending Vuser...	[MsgId: MMSG-15966]
Starting action vuser_end.	[MsgId: MMSG-15919]
Ending action vuser_end.	[MsgId: MMSG-15918]
Vuser Terminated.	[MsgId: MMSG-15963]
Vuser 0 (thread 4512), ended OK."	[MsgId: MMSG-10695]
