Virtual User Script started at : 9/30/2015 2:28:17 PM	[MsgId: MMSG-15967]
Starting action vuser_init.	[MsgId: MMSG-15919]
Web Turbo Replay of LoadRunner 12.0.0 for Windows 7; build 2739 (Nov 30 2014 23:13:05)  	[MsgId: MMSG-27143]
Run mode: HTML  	[MsgId: MMSG-26993]
Run-Time Settings file: "C:\Users\francis.montenegro\AppData\Local\Temp\1\lr5tmpdird5R.360\lrcfggII.361\cfgsOb.368"  	[MsgId: MMSG-27141]
vuser_init.c(17): Notify: Parameter Substitution: parameter "MillisSeed" =  "142817.162"	[MsgId: MMSG-13992]
vuser_init.c(19): Notify: Parameter Substitution: parameter "VUserID" =  "3"	[MsgId: MMSG-13992]
vuser_init.c(24): Notify: Saving Parameter "EmpFileName = C:\Enroll_App\Data_Folder\EmpFName_0.dat".	[MsgId: MMSG-13798]
CreateFiles.c(5): Notify: Parameter Substitution: parameter "EmpFileName" =  "C:\Enroll_App\Data_Folder\EmpFName_0.dat"	[MsgId: MMSG-13992]
Ending action vuser_init.	[MsgId: MMSG-15918]
Running Vuser...	[MsgId: MMSG-15964]
Starting iteration 1.	[MsgId: MMSG-15968]
Maximum number of concurrent connections per server: 6  	[MsgId: MMSG-26989]
Starting action ScriptFlow.	[MsgId: MMSG-15919]
ScriptFlow.c(21): Think time - Waiting 2.00 seconds (according to limit).	[MsgId: MMSG-15946]
ScriptFlow.c(21): lr_think_time: 2.00 seconds (recorded think time was 10.00 seconds).	[MsgId: MMSG-15947]
EnrollAppLandingPage.c(5): web_reg_find started  	[MsgId: MMSG-26355]
EnrollAppLandingPage.c(5): Registering web_reg_find was successful  	[MsgId: MMSG-26390]
EnrollAppLandingPage.c(8): web_link("Skip to STEP 2, I already understand my options") started  	[MsgId: MMSG-26355]
EnrollAppLandingPage.c(8): Notify: Parameter Substitution: parameter "EnrollAppLandingPage" =  "enroll-preprod.dchbx.org"	[MsgId: MMSG-13992]
EnrollAppLandingPage.c(8): Notify: Parameter Substitution: parameter "EnrollAppLandingPage" =  "enroll-preprod.dchbx.org"	[MsgId: MMSG-13992]
EnrollAppLandingPage.c(8): Notify: Parameter Substitution: parameter "EnrollAppLandingPage" =  "enroll-preprod.dchbx.org"	[MsgId: MMSG-13992]
EnrollAppLandingPage.c(8): Error -27985: There is no context for HTML-based functions. A previous function may not have used "Mode=HTML" or downloaded only non-HTML page(s), or the context has been reset (e.g., due to a GUI-based function)  	[MsgId: MERR-27985]
EnrollAppLandingPage.c(8): Warning -26379: Pending web_reg_save_param/reg_find/create_html_param[_ex] request(s) are deleted and will be handled as "not found"  	[MsgId: MWAR-26379]
EnrollAppLandingPage.c(8): Error -26366: "Text=Create account" not found for web_reg_find  	[MsgId: MERR-26366]
EnrollAppLandingPage.c(8): Error -26374: The above "not found" error(s) may be explained by header and body byte counts being 0 and 0, respectively.  	[MsgId: MERR-26374]
EnrollAppLandingPage.c(8): web_link("Skip to STEP 2, I already understand my options") highest severity level was "ERROR", 0 body bytes, 0 header bytes  	[MsgId: MMSG-26388]
Ending action ScriptFlow.	[MsgId: MMSG-15918]
Ending iteration 1.	[MsgId: MMSG-15965]
Starting iteration 2.	[MsgId: MMSG-15968]
Notify: Next row for parameter pEmpPrefix = 14 [table  = pEmpPrefix].	[MsgId: MMSG-13876]
Notify: Getting new value for parameter 'pEmpPrefix': table = 'pEmpPrefix.dat' column = '0' row = '14'.	[MsgId: MMSG-13877]
Notify: Next row for parameter EmpFName = 58 [table  = EmpFName].	[MsgId: MMSG-13876]
Notify: Getting new value for parameter 'EmpFName': table = 'EmployeeRoster' column = '0' row = '58'.	[MsgId: MMSG-13877]
Notify: Next row for parameter pEmlyePrefix = 14 [table  = pEmlyePrefix].	[MsgId: MMSG-13876]
Notify: Getting new value for parameter 'pEmlyePrefix': table = 'pEmpPrefix.dat' column = '1' row = '14'.	[MsgId: MMSG-13877]
Notify: Next row for parameter Carrier_ID = 1 [table  = Carrier_ID].	[MsgId: MMSG-13876]
Notify: Getting new value for parameter 'Carrier_ID': table = 'ReferencePlan.dat' column = '4' row = '1'.	[MsgId: MMSG-13877]
Notify: Next row for parameter EmpSSN = 58 [table  = EmpSSN].	[MsgId: MMSG-13876]
Notify: Getting new value for parameter 'EmpSSN': table = 'EmployeeRoster' column = '5' row = '58'.	[MsgId: MMSG-13877]
Notify: Next row for parameter EmpHireDatePicker = 58 [table  = EmpHireDatePicker].	[MsgId: MMSG-13876]
Notify: Getting new value for parameter 'EmpHireDatePicker': table = 'EmployeeRoster' column = '8' row = '58'.	[MsgId: MMSG-13877]
Notify: Next row for parameter EmpDOBYear = 58 [table  = EmpDOBYear].	[MsgId: MMSG-13876]
Notify: Getting new value for parameter 'EmpDOBYear': table = 'EmployeeRoster' column = '15' row = '58'.	[MsgId: MMSG-13877]
Notify: Next row for parameter EmpSpouseSSN = 58 [table  = EmpSpouseSSN].	[MsgId: MMSG-13876]
Notify: Getting new value for parameter 'EmpSpouseSSN': table = 'EmployeeRoster' column = '16' row = '58'.	[MsgId: MMSG-13877]
Notify: Next row for parameter EmpHireDate = 58 [table  = EmpHireDate].	[MsgId: MMSG-13876]
Notify: Getting new value for parameter 'EmpHireDate': table = 'EmployeeRoster' column = '7' row = '58'.	[MsgId: MMSG-13877]
Notify: Next row for parameter TxName = 1 [table  = TxName].	[MsgId: MMSG-13876]
Notify: Getting new value for parameter 'TxName': table = 'ReferencePlan.dat' column = '3' row = '1'.	[MsgId: MMSG-13877]
Notify: Next row for parameter EmpMI = 58 [table  = EmpMI].	[MsgId: MMSG-13876]
Notify: Getting new value for parameter 'EmpMI': table = 'EmployeeRoster' column = '1' row = '58'.	[MsgId: MMSG-13877]
Notify: Next row for parameter EmpCity = 58 [table  = EmpCity].	[MsgId: MMSG-13876]
Notify: Getting new value for parameter 'EmpCity': table = 'EmployeeRoster' column = '10' row = '58'.	[MsgId: MMSG-13877]
Notify: Next row for parameter EmpLName = 58 [table  = EmpLName].	[MsgId: MMSG-13876]
Notify: Getting new value for parameter 'EmpLName': table = 'EmployeeRoster' column = '2' row = '58'.	[MsgId: MMSG-13877]
Notify: Next row for parameter EmpDep1Relation = 58 [table  = EmpDep1Relation].	[MsgId: MMSG-13876]
Notify: Getting new value for parameter 'EmpDep1Relation': table = 'EmployeeRoster' column = '18' row = '58'.	[MsgId: MMSG-13877]
Notify: Next row for parameter Metal_Level = 1 [table  = Metal_Level].	[MsgId: MMSG-13876]
Notify: Getting new value for parameter 'Metal_Level': table = 'ReferencePlan.dat' column = '2' row = '1'.	[MsgId: MMSG-13877]
Notify: Next row for parameter PlanOption = 1 [table  = PlanOption].	[MsgId: MMSG-13876]
Notify: Getting new value for parameter 'PlanOption': table = 'ReferencePlan.dat' column = '1' row = '1'.	[MsgId: MMSG-13877]
Notify: Next row for parameter EmpDOBPicker = 58 [table  = EmpDOBPicker].	[MsgId: MMSG-13876]
Notify: Getting new value for parameter 'EmpDOBPicker': table = 'EmployeeRoster' column = '3' row = '58'.	[MsgId: MMSG-13877]
Notify: Next row for parameter EmpWorkEmail = 58 [table  = EmpWorkEmail].	[MsgId: MMSG-13876]
Notify: Getting new value for parameter 'EmpWorkEmail': table = 'EmployeeRoster' column = '12' row = '58'.	[MsgId: MMSG-13877]
Notify: Next row for parameter EmpZip = 58 [table  = EmpZip].	[MsgId: MMSG-13876]
Notify: Getting new value for parameter 'EmpZip': table = 'EmployeeRoster' column = '11' row = '58'.	[MsgId: MMSG-13877]
Notify: Next row for parameter EmpAddressL1 = 58 [table  = EmpAddressL1].	[MsgId: MMSG-13876]
Notify: Getting new value for parameter 'EmpAddressL1': table = 'EmployeeRoster' column = '9' row = '58'.	[MsgId: MMSG-13877]
Notify: Next row for parameter EmpDOBDay = 58 [table  = EmpDOBDay].	[MsgId: MMSG-13876]
Notify: Getting new value for parameter 'EmpDOBDay': table = 'EmployeeRoster' column = '13' row = '58'.	[MsgId: MMSG-13877]
Notify: Next row for parameter EmpSpouseGender = 58 [table  = EmpSpouseGender].	[MsgId: MMSG-13876]
Notify: Getting new value for parameter 'EmpSpouseGender': table = 'EmployeeRoster' column = '17' row = '58'.	[MsgId: MMSG-13877]
Notify: Next row for parameter EmpSEX = 58 [table  = EmpSEX].	[MsgId: MMSG-13876]
Notify: Getting new value for parameter 'EmpSEX': table = 'EmployeeRoster' column = '6' row = '58'.	[MsgId: MMSG-13877]
Notify: Next row for parameter EmpDOB = 58 [table  = EmpDOB].	[MsgId: MMSG-13876]
Notify: Getting new value for parameter 'EmpDOB': table = 'EmployeeRoster' column = '4' row = '58'.	[MsgId: MMSG-13877]
Notify: Next row for parameter EmpDOBMonth = 58 [table  = EmpDOBMonth].	[MsgId: MMSG-13876]
Notify: Getting new value for parameter 'EmpDOBMonth': table = 'EmployeeRoster' column = '14' row = '58'.	[MsgId: MMSG-13877]
Starting action ScriptFlow.	[MsgId: MMSG-15919]
ScriptFlow.c(21): Think time - Waiting 2.00 seconds (according to limit).	[MsgId: MMSG-15946]
ScriptFlow.c(21): lr_think_time: 2.00 seconds (recorded think time was 10.00 seconds).	[MsgId: MMSG-15947]
EnrollAppLandingPage.c(5): web_reg_find started  	[MsgId: MMSG-26355]
EnrollAppLandingPage.c(5): Registering web_reg_find was successful  	[MsgId: MMSG-26390]
EnrollAppLandingPage.c(8): web_link("Skip to STEP 2, I already understand my options") started  	[MsgId: MMSG-26355]
EnrollAppLandingPage.c(8): Notify: Parameter Substitution: parameter "EnrollAppLandingPage" =  "enroll-preprod.dchbx.org"	[MsgId: MMSG-13992]
EnrollAppLandingPage.c(8): Notify: Parameter Substitution: parameter "EnrollAppLandingPage" =  "enroll-preprod.dchbx.org"	[MsgId: MMSG-13992]
EnrollAppLandingPage.c(8): Notify: Parameter Substitution: parameter "EnrollAppLandingPage" =  "enroll-preprod.dchbx.org"	[MsgId: MMSG-13992]
EnrollAppLandingPage.c(8): Error -27985: There is no context for HTML-based functions. A previous function may not have used "Mode=HTML" or downloaded only non-HTML page(s), or the context has been reset (e.g., due to a GUI-based function)  	[MsgId: MERR-27985]
EnrollAppLandingPage.c(8): Error -26366: "Text=Create account" not found for web_reg_find  	[MsgId: MERR-26366]
EnrollAppLandingPage.c(8): Error -26374: The above "not found" error(s) may be explained by header and body byte counts being 0 and 0, respectively.  	[MsgId: MERR-26374]
EnrollAppLandingPage.c(8): web_link("Skip to STEP 2, I already understand my options") highest severity level was "ERROR", 0 body bytes, 0 header bytes  	[MsgId: MMSG-26388]
Ending action ScriptFlow.	[MsgId: MMSG-15918]
Ending iteration 2.	[MsgId: MMSG-15965]
Starting iteration 3.	[MsgId: MMSG-15968]
Notify: Next row for parameter pEmpPrefix = 73 [table  = pEmpPrefix].	[MsgId: MMSG-13876]
Notify: Getting new value for parameter 'pEmpPrefix': table = 'pEmpPrefix.dat' column = '0' row = '73'.	[MsgId: MMSG-13877]
Notify: Next row for parameter EmpFName = 57 [table  = EmpFName].	[MsgId: MMSG-13876]
Notify: Getting new value for parameter 'EmpFName': table = 'EmployeeRoster' column = '0' row = '57'.	[MsgId: MMSG-13877]
Notify: Next row for parameter pEmlyePrefix = 73 [table  = pEmlyePrefix].	[MsgId: MMSG-13876]
Notify: Getting new value for parameter 'pEmlyePrefix': table = 'pEmpPrefix.dat' column = '1' row = '73'.	[MsgId: MMSG-13877]
Notify: Next row for parameter Carrier_ID = 1 [table  = Carrier_ID].	[MsgId: MMSG-13876]
Notify: Getting new value for parameter 'Carrier_ID': table = 'ReferencePlan.dat' column = '4' row = '1'.	[MsgId: MMSG-13877]
Notify: Next row for parameter EmpSSN = 57 [table  = EmpSSN].	[MsgId: MMSG-13876]
Notify: Getting new value for parameter 'EmpSSN': table = 'EmployeeRoster' column = '5' row = '57'.	[MsgId: MMSG-13877]
Notify: Next row for parameter EmpHireDatePicker = 57 [table  = EmpHireDatePicker].	[MsgId: MMSG-13876]
Notify: Getting new value for parameter 'EmpHireDatePicker': table = 'EmployeeRoster' column = '8' row = '57'.	[MsgId: MMSG-13877]
Notify: Next row for parameter EmpDOBYear = 57 [table  = EmpDOBYear].	[MsgId: MMSG-13876]
Notify: Getting new value for parameter 'EmpDOBYear': table = 'EmployeeRoster' column = '15' row = '57'.	[MsgId: MMSG-13877]
Notify: Next row for parameter EmpSpouseSSN = 57 [table  = EmpSpouseSSN].	[MsgId: MMSG-13876]
Notify: Getting new value for parameter 'EmpSpouseSSN': table = 'EmployeeRoster' column = '16' row = '57'.	[MsgId: MMSG-13877]
Notify: Next row for parameter EmpHireDate = 57 [table  = EmpHireDate].	[MsgId: MMSG-13876]
Notify: Getting new value for parameter 'EmpHireDate': table = 'EmployeeRoster' column = '7' row = '57'.	[MsgId: MMSG-13877]
Notify: Next row for parameter TxName = 1 [table  = TxName].	[MsgId: MMSG-13876]
Notify: Getting new value for parameter 'TxName': table = 'ReferencePlan.dat' column = '3' row = '1'.	[MsgId: MMSG-13877]
Notify: Next row for parameter EmpMI = 57 [table  = EmpMI].	[MsgId: MMSG-13876]
Notify: Getting new value for parameter 'EmpMI': table = 'EmployeeRoster' column = '1' row = '57'.	[MsgId: MMSG-13877]
Notify: Next row for parameter EmpCity = 57 [table  = EmpCity].	[MsgId: MMSG-13876]
Notify: Getting new value for parameter 'EmpCity': table = 'EmployeeRoster' column = '10' row = '57'.	[MsgId: MMSG-13877]
Notify: Next row for parameter EmpLName = 57 [table  = EmpLName].	[MsgId: MMSG-13876]
Notify: Getting new value for parameter 'EmpLName': table = 'EmployeeRoster' column = '2' row = '57'.	[MsgId: MMSG-13877]
Notify: Next row for parameter EmpDep1Relation = 57 [table  = EmpDep1Relation].	[MsgId: MMSG-13876]
Notify: Getting new value for parameter 'EmpDep1Relation': table = 'EmployeeRoster' column = '18' row = '57'.	[MsgId: MMSG-13877]
Notify: Next row for parameter Metal_Level = 1 [table  = Metal_Level].	[MsgId: MMSG-13876]
Notify: Getting new value for parameter 'Metal_Level': table = 'ReferencePlan.dat' column = '2' row = '1'.	[MsgId: MMSG-13877]
Notify: Next row for parameter PlanOption = 1 [table  = PlanOption].	[MsgId: MMSG-13876]
Notify: Getting new value for parameter 'PlanOption': table = 'ReferencePlan.dat' column = '1' row = '1'.	[MsgId: MMSG-13877]
Notify: Next row for parameter EmpDOBPicker = 57 [table  = EmpDOBPicker].	[MsgId: MMSG-13876]
Notify: Getting new value for parameter 'EmpDOBPicker': table = 'EmployeeRoster' column = '3' row = '57'.	[MsgId: MMSG-13877]
Notify: Next row for parameter EmpWorkEmail = 57 [table  = EmpWorkEmail].	[MsgId: MMSG-13876]
Notify: Getting new value for parameter 'EmpWorkEmail': table = 'EmployeeRoster' column = '12' row = '57'.	[MsgId: MMSG-13877]
Notify: Next row for parameter EmpZip = 57 [table  = EmpZip].	[MsgId: MMSG-13876]
Notify: Getting new value for parameter 'EmpZip': table = 'EmployeeRoster' column = '11' row = '57'.	[MsgId: MMSG-13877]
Notify: Next row for parameter EmpAddressL1 = 57 [table  = EmpAddressL1].	[MsgId: MMSG-13876]
Notify: Getting new value for parameter 'EmpAddressL1': table = 'EmployeeRoster' column = '9' row = '57'.	[MsgId: MMSG-13877]
Notify: Next row for parameter EmpDOBDay = 57 [table  = EmpDOBDay].	[MsgId: MMSG-13876]
Notify: Getting new value for parameter 'EmpDOBDay': table = 'EmployeeRoster' column = '13' row = '57'.	[MsgId: MMSG-13877]
Notify: Next row for parameter EmpSpouseGender = 57 [table  = EmpSpouseGender].	[MsgId: MMSG-13876]
Notify: Getting new value for parameter 'EmpSpouseGender': table = 'EmployeeRoster' column = '17' row = '57'.	[MsgId: MMSG-13877]
Notify: Next row for parameter EmpSEX = 57 [table  = EmpSEX].	[MsgId: MMSG-13876]
Notify: Getting new value for parameter 'EmpSEX': table = 'EmployeeRoster' column = '6' row = '57'.	[MsgId: MMSG-13877]
Notify: Next row for parameter EmpDOB = 57 [table  = EmpDOB].	[MsgId: MMSG-13876]
Notify: Getting new value for parameter 'EmpDOB': table = 'EmployeeRoster' column = '4' row = '57'.	[MsgId: MMSG-13877]
Notify: Next row for parameter EmpDOBMonth = 57 [table  = EmpDOBMonth].	[MsgId: MMSG-13876]
Notify: Getting new value for parameter 'EmpDOBMonth': table = 'EmployeeRoster' column = '14' row = '57'.	[MsgId: MMSG-13877]
Starting action ScriptFlow.	[MsgId: MMSG-15919]
ScriptFlow.c(21): Think time - Waiting 2.00 seconds (according to limit).	[MsgId: MMSG-15946]
ScriptFlow.c(21): lr_think_time: 2.00 seconds (recorded think time was 10.00 seconds).	[MsgId: MMSG-15947]
EnrollAppLandingPage.c(5): web_reg_find started  	[MsgId: MMSG-26355]
EnrollAppLandingPage.c(5): Registering web_reg_find was successful  	[MsgId: MMSG-26390]
EnrollAppLandingPage.c(8): web_link("Skip to STEP 2, I already understand my options") started  	[MsgId: MMSG-26355]
EnrollAppLandingPage.c(8): Notify: Parameter Substitution: parameter "EnrollAppLandingPage" =  "enroll-preprod.dchbx.org"	[MsgId: MMSG-13992]
EnrollAppLandingPage.c(8): Notify: Parameter Substitution: parameter "EnrollAppLandingPage" =  "enroll-preprod.dchbx.org"	[MsgId: MMSG-13992]
EnrollAppLandingPage.c(8): Notify: Parameter Substitution: parameter "EnrollAppLandingPage" =  "enroll-preprod.dchbx.org"	[MsgId: MMSG-13992]
EnrollAppLandingPage.c(8): Error -27985: There is no context for HTML-based functions. A previous function may not have used "Mode=HTML" or downloaded only non-HTML page(s), or the context has been reset (e.g., due to a GUI-based function)  	[MsgId: MERR-27985]
EnrollAppLandingPage.c(8): Error -26366: "Text=Create account" not found for web_reg_find  	[MsgId: MERR-26366]
EnrollAppLandingPage.c(8): Error -26374: The above "not found" error(s) may be explained by header and body byte counts being 0 and 0, respectively.  	[MsgId: MERR-26374]
EnrollAppLandingPage.c(8): web_link("Skip to STEP 2, I already understand my options") highest severity level was "ERROR", 0 body bytes, 0 header bytes  	[MsgId: MMSG-26388]
Ending action ScriptFlow.	[MsgId: MMSG-15918]
Ending iteration 3.	[MsgId: MMSG-15965]
Starting iteration 4.	[MsgId: MMSG-15968]
Notify: Next row for parameter pEmpPrefix = 57 [table  = pEmpPrefix].	[MsgId: MMSG-13876]
Notify: Getting new value for parameter 'pEmpPrefix': table = 'pEmpPrefix.dat' column = '0' row = '57'.	[MsgId: MMSG-13877]
Notify: Next row for parameter EmpFName = 55 [table  = EmpFName].	[MsgId: MMSG-13876]
Notify: Getting new value for parameter 'EmpFName': table = 'EmployeeRoster' column = '0' row = '55'.	[MsgId: MMSG-13877]
Notify: Next row for parameter pEmlyePrefix = 57 [table  = pEmlyePrefix].	[MsgId: MMSG-13876]
Notify: Getting new value for parameter 'pEmlyePrefix': table = 'pEmpPrefix.dat' column = '1' row = '57'.	[MsgId: MMSG-13877]
Notify: Next row for parameter Carrier_ID = 1 [table  = Carrier_ID].	[MsgId: MMSG-13876]
Notify: Getting new value for parameter 'Carrier_ID': table = 'ReferencePlan.dat' column = '4' row = '1'.	[MsgId: MMSG-13877]
Notify: Next row for parameter EmpSSN = 55 [table  = EmpSSN].	[MsgId: MMSG-13876]
Notify: Getting new value for parameter 'EmpSSN': table = 'EmployeeRoster' column = '5' row = '55'.	[MsgId: MMSG-13877]
Notify: Next row for parameter EmpHireDatePicker = 55 [table  = EmpHireDatePicker].	[MsgId: MMSG-13876]
Notify: Getting new value for parameter 'EmpHireDatePicker': table = 'EmployeeRoster' column = '8' row = '55'.	[MsgId: MMSG-13877]
Notify: Next row for parameter EmpDOBYear = 55 [table  = EmpDOBYear].	[MsgId: MMSG-13876]
Notify: Getting new value for parameter 'EmpDOBYear': table = 'EmployeeRoster' column = '15' row = '55'.	[MsgId: MMSG-13877]
Notify: Next row for parameter EmpSpouseSSN = 55 [table  = EmpSpouseSSN].	[MsgId: MMSG-13876]
Notify: Getting new value for parameter 'EmpSpouseSSN': table = 'EmployeeRoster' column = '16' row = '55'.	[MsgId: MMSG-13877]
Notify: Next row for parameter EmpHireDate = 55 [table  = EmpHireDate].	[MsgId: MMSG-13876]
Notify: Getting new value for parameter 'EmpHireDate': table = 'EmployeeRoster' column = '7' row = '55'.	[MsgId: MMSG-13877]
Notify: Next row for parameter TxName = 1 [table  = TxName].	[MsgId: MMSG-13876]
Notify: Getting new value for parameter 'TxName': table = 'ReferencePlan.dat' column = '3' row = '1'.	[MsgId: MMSG-13877]
Notify: Next row for parameter EmpMI = 55 [table  = EmpMI].	[MsgId: MMSG-13876]
Notify: Getting new value for parameter 'EmpMI': table = 'EmployeeRoster' column = '1' row = '55'.	[MsgId: MMSG-13877]
Notify: Next row for parameter EmpCity = 55 [table  = EmpCity].	[MsgId: MMSG-13876]
Notify: Getting new value for parameter 'EmpCity': table = 'EmployeeRoster' column = '10' row = '55'.	[MsgId: MMSG-13877]
Notify: Next row for parameter EmpLName = 55 [table  = EmpLName].	[MsgId: MMSG-13876]
Notify: Getting new value for parameter 'EmpLName': table = 'EmployeeRoster' column = '2' row = '55'.	[MsgId: MMSG-13877]
Notify: Next row for parameter EmpDep1Relation = 55 [table  = EmpDep1Relation].	[MsgId: MMSG-13876]
Notify: Getting new value for parameter 'EmpDep1Relation': table = 'EmployeeRoster' column = '18' row = '55'.	[MsgId: MMSG-13877]
Notify: Next row for parameter Metal_Level = 1 [table  = Metal_Level].	[MsgId: MMSG-13876]
Notify: Getting new value for parameter 'Metal_Level': table = 'ReferencePlan.dat' column = '2' row = '1'.	[MsgId: MMSG-13877]
Notify: Next row for parameter PlanOption = 1 [table  = PlanOption].	[MsgId: MMSG-13876]
Notify: Getting new value for parameter 'PlanOption': table = 'ReferencePlan.dat' column = '1' row = '1'.	[MsgId: MMSG-13877]
Notify: Next row for parameter EmpDOBPicker = 55 [table  = EmpDOBPicker].	[MsgId: MMSG-13876]
Notify: Getting new value for parameter 'EmpDOBPicker': table = 'EmployeeRoster' column = '3' row = '55'.	[MsgId: MMSG-13877]
Notify: Next row for parameter EmpWorkEmail = 55 [table  = EmpWorkEmail].	[MsgId: MMSG-13876]
Notify: Getting new value for parameter 'EmpWorkEmail': table = 'EmployeeRoster' column = '12' row = '55'.	[MsgId: MMSG-13877]
Notify: Next row for parameter EmpZip = 55 [table  = EmpZip].	[MsgId: MMSG-13876]
Notify: Getting new value for parameter 'EmpZip': table = 'EmployeeRoster' column = '11' row = '55'.	[MsgId: MMSG-13877]
Notify: Next row for parameter EmpAddressL1 = 55 [table  = EmpAddressL1].	[MsgId: MMSG-13876]
Notify: Getting new value for parameter 'EmpAddressL1': table = 'EmployeeRoster' column = '9' row = '55'.	[MsgId: MMSG-13877]
Notify: Next row for parameter EmpDOBDay = 55 [table  = EmpDOBDay].	[MsgId: MMSG-13876]
Notify: Getting new value for parameter 'EmpDOBDay': table = 'EmployeeRoster' column = '13' row = '55'.	[MsgId: MMSG-13877]
Notify: Next row for parameter EmpSpouseGender = 55 [table  = EmpSpouseGender].	[MsgId: MMSG-13876]
Notify: Getting new value for parameter 'EmpSpouseGender': table = 'EmployeeRoster' column = '17' row = '55'.	[MsgId: MMSG-13877]
Notify: Next row for parameter EmpSEX = 55 [table  = EmpSEX].	[MsgId: MMSG-13876]
Notify: Getting new value for parameter 'EmpSEX': table = 'EmployeeRoster' column = '6' row = '55'.	[MsgId: MMSG-13877]
Notify: Next row for parameter EmpDOB = 55 [table  = EmpDOB].	[MsgId: MMSG-13876]
Notify: Getting new value for parameter 'EmpDOB': table = 'EmployeeRoster' column = '4' row = '55'.	[MsgId: MMSG-13877]
Notify: Next row for parameter EmpDOBMonth = 55 [table  = EmpDOBMonth].	[MsgId: MMSG-13876]
Notify: Getting new value for parameter 'EmpDOBMonth': table = 'EmployeeRoster' column = '14' row = '55'.	[MsgId: MMSG-13877]
Starting action ScriptFlow.	[MsgId: MMSG-15919]
ScriptFlow.c(21): Think time - Waiting 2.00 seconds (according to limit).	[MsgId: MMSG-15946]
ScriptFlow.c(21): lr_think_time: 2.00 seconds (recorded think time was 10.00 seconds).	[MsgId: MMSG-15947]
EnrollAppLandingPage.c(5): web_reg_find started  	[MsgId: MMSG-26355]
EnrollAppLandingPage.c(5): Registering web_reg_find was successful  	[MsgId: MMSG-26390]
EnrollAppLandingPage.c(8): web_link("Skip to STEP 2, I already understand my options") started  	[MsgId: MMSG-26355]
EnrollAppLandingPage.c(8): Notify: Parameter Substitution: parameter "EnrollAppLandingPage" =  "enroll-preprod.dchbx.org"	[MsgId: MMSG-13992]
EnrollAppLandingPage.c(8): Notify: Parameter Substitution: parameter "EnrollAppLandingPage" =  "enroll-preprod.dchbx.org"	[MsgId: MMSG-13992]
EnrollAppLandingPage.c(8): Notify: Parameter Substitution: parameter "EnrollAppLandingPage" =  "enroll-preprod.dchbx.org"	[MsgId: MMSG-13992]
EnrollAppLandingPage.c(8): Error -27985: There is no context for HTML-based functions. A previous function may not have used "Mode=HTML" or downloaded only non-HTML page(s), or the context has been reset (e.g., due to a GUI-based function)  	[MsgId: MERR-27985]
EnrollAppLandingPage.c(8): Error -26366: "Text=Create account" not found for web_reg_find  	[MsgId: MERR-26366]
EnrollAppLandingPage.c(8): Error -26374: The above "not found" error(s) may be explained by header and body byte counts being 0 and 0, respectively.  	[MsgId: MERR-26374]
EnrollAppLandingPage.c(8): web_link("Skip to STEP 2, I already understand my options") highest severity level was "ERROR", 0 body bytes, 0 header bytes  	[MsgId: MMSG-26388]
Ending action ScriptFlow.	[MsgId: MMSG-15918]
Ending iteration 4.	[MsgId: MMSG-15965]
Starting iteration 5.	[MsgId: MMSG-15968]
Notify: Next row for parameter pEmpPrefix = 47 [table  = pEmpPrefix].	[MsgId: MMSG-13876]
Notify: Getting new value for parameter 'pEmpPrefix': table = 'pEmpPrefix.dat' column = '0' row = '47'.	[MsgId: MMSG-13877]
Notify: Next row for parameter EmpFName = 10 [table  = EmpFName].	[MsgId: MMSG-13876]
Notify: Getting new value for parameter 'EmpFName': table = 'EmployeeRoster' column = '0' row = '10'.	[MsgId: MMSG-13877]
Notify: Next row for parameter pEmlyePrefix = 47 [table  = pEmlyePrefix].	[MsgId: MMSG-13876]
Notify: Getting new value for parameter 'pEmlyePrefix': table = 'pEmpPrefix.dat' column = '1' row = '47'.	[MsgId: MMSG-13877]
Notify: Next row for parameter Carrier_ID = 1 [table  = Carrier_ID].	[MsgId: MMSG-13876]
Notify: Getting new value for parameter 'Carrier_ID': table = 'ReferencePlan.dat' column = '4' row = '1'.	[MsgId: MMSG-13877]
Notify: Next row for parameter EmpSSN = 10 [table  = EmpSSN].	[MsgId: MMSG-13876]
Notify: Getting new value for parameter 'EmpSSN': table = 'EmployeeRoster' column = '5' row = '10'.	[MsgId: MMSG-13877]
Notify: Next row for parameter EmpHireDatePicker = 10 [table  = EmpHireDatePicker].	[MsgId: MMSG-13876]
Notify: Getting new value for parameter 'EmpHireDatePicker': table = 'EmployeeRoster' column = '8' row = '10'.	[MsgId: MMSG-13877]
Notify: Next row for parameter EmpDOBYear = 10 [table  = EmpDOBYear].	[MsgId: MMSG-13876]
Notify: Getting new value for parameter 'EmpDOBYear': table = 'EmployeeRoster' column = '15' row = '10'.	[MsgId: MMSG-13877]
Notify: Next row for parameter EmpSpouseSSN = 10 [table  = EmpSpouseSSN].	[MsgId: MMSG-13876]
Notify: Getting new value for parameter 'EmpSpouseSSN': table = 'EmployeeRoster' column = '16' row = '10'.	[MsgId: MMSG-13877]
Notify: Next row for parameter EmpHireDate = 10 [table  = EmpHireDate].	[MsgId: MMSG-13876]
Notify: Getting new value for parameter 'EmpHireDate': table = 'EmployeeRoster' column = '7' row = '10'.	[MsgId: MMSG-13877]
Notify: Next row for parameter TxName = 1 [table  = TxName].	[MsgId: MMSG-13876]
Notify: Getting new value for parameter 'TxName': table = 'ReferencePlan.dat' column = '3' row = '1'.	[MsgId: MMSG-13877]
Notify: Next row for parameter EmpMI = 10 [table  = EmpMI].	[MsgId: MMSG-13876]
Notify: Getting new value for parameter 'EmpMI': table = 'EmployeeRoster' column = '1' row = '10'.	[MsgId: MMSG-13877]
Notify: Next row for parameter EmpCity = 10 [table  = EmpCity].	[MsgId: MMSG-13876]
Notify: Getting new value for parameter 'EmpCity': table = 'EmployeeRoster' column = '10' row = '10'.	[MsgId: MMSG-13877]
Notify: Next row for parameter EmpLName = 10 [table  = EmpLName].	[MsgId: MMSG-13876]
Notify: Getting new value for parameter 'EmpLName': table = 'EmployeeRoster' column = '2' row = '10'.	[MsgId: MMSG-13877]
Notify: Next row for parameter EmpDep1Relation = 10 [table  = EmpDep1Relation].	[MsgId: MMSG-13876]
Notify: Getting new value for parameter 'EmpDep1Relation': table = 'EmployeeRoster' column = '18' row = '10'.	[MsgId: MMSG-13877]
Notify: Next row for parameter Metal_Level = 1 [table  = Metal_Level].	[MsgId: MMSG-13876]
Notify: Getting new value for parameter 'Metal_Level': table = 'ReferencePlan.dat' column = '2' row = '1'.	[MsgId: MMSG-13877]
Notify: Next row for parameter PlanOption = 1 [table  = PlanOption].	[MsgId: MMSG-13876]
Notify: Getting new value for parameter 'PlanOption': table = 'ReferencePlan.dat' column = '1' row = '1'.	[MsgId: MMSG-13877]
Notify: Next row for parameter EmpDOBPicker = 10 [table  = EmpDOBPicker].	[MsgId: MMSG-13876]
Notify: Getting new value for parameter 'EmpDOBPicker': table = 'EmployeeRoster' column = '3' row = '10'.	[MsgId: MMSG-13877]
Notify: Next row for parameter EmpWorkEmail = 10 [table  = EmpWorkEmail].	[MsgId: MMSG-13876]
Notify: Getting new value for parameter 'EmpWorkEmail': table = 'EmployeeRoster' column = '12' row = '10'.	[MsgId: MMSG-13877]
Notify: Next row for parameter EmpZip = 10 [table  = EmpZip].	[MsgId: MMSG-13876]
Notify: Getting new value for parameter 'EmpZip': table = 'EmployeeRoster' column = '11' row = '10'.	[MsgId: MMSG-13877]
Notify: Next row for parameter EmpAddressL1 = 10 [table  = EmpAddressL1].	[MsgId: MMSG-13876]
Notify: Getting new value for parameter 'EmpAddressL1': table = 'EmployeeRoster' column = '9' row = '10'.	[MsgId: MMSG-13877]
Notify: Next row for parameter EmpDOBDay = 10 [table  = EmpDOBDay].	[MsgId: MMSG-13876]
Notify: Getting new value for parameter 'EmpDOBDay': table = 'EmployeeRoster' column = '13' row = '10'.	[MsgId: MMSG-13877]
Notify: Next row for parameter EmpSpouseGender = 10 [table  = EmpSpouseGender].	[MsgId: MMSG-13876]
Notify: Getting new value for parameter 'EmpSpouseGender': table = 'EmployeeRoster' column = '17' row = '10'.	[MsgId: MMSG-13877]
Notify: Next row for parameter EmpSEX = 10 [table  = EmpSEX].	[MsgId: MMSG-13876]
Notify: Getting new value for parameter 'EmpSEX': table = 'EmployeeRoster' column = '6' row = '10'.	[MsgId: MMSG-13877]
Notify: Next row for parameter EmpDOB = 10 [table  = EmpDOB].	[MsgId: MMSG-13876]
Notify: Getting new value for parameter 'EmpDOB': table = 'EmployeeRoster' column = '4' row = '10'.	[MsgId: MMSG-13877]
Notify: Next row for parameter EmpDOBMonth = 10 [table  = EmpDOBMonth].	[MsgId: MMSG-13876]
Notify: Getting new value for parameter 'EmpDOBMonth': table = 'EmployeeRoster' column = '14' row = '10'.	[MsgId: MMSG-13877]
Starting action ScriptFlow.	[MsgId: MMSG-15919]
ScriptFlow.c(21): Think time - Waiting 2.00 seconds (according to limit).	[MsgId: MMSG-15946]
ScriptFlow.c(21): lr_think_time: 2.00 seconds (recorded think time was 10.00 seconds).	[MsgId: MMSG-15947]
EnrollAppLandingPage.c(5): web_reg_find started  	[MsgId: MMSG-26355]
EnrollAppLandingPage.c(5): Registering web_reg_find was successful  	[MsgId: MMSG-26390]
EnrollAppLandingPage.c(8): web_link("Skip to STEP 2, I already understand my options") started  	[MsgId: MMSG-26355]
EnrollAppLandingPage.c(8): Notify: Parameter Substitution: parameter "EnrollAppLandingPage" =  "enroll-preprod.dchbx.org"	[MsgId: MMSG-13992]
EnrollAppLandingPage.c(8): Notify: Parameter Substitution: parameter "EnrollAppLandingPage" =  "enroll-preprod.dchbx.org"	[MsgId: MMSG-13992]
EnrollAppLandingPage.c(8): Notify: Parameter Substitution: parameter "EnrollAppLandingPage" =  "enroll-preprod.dchbx.org"	[MsgId: MMSG-13992]
EnrollAppLandingPage.c(8): Error -27985: There is no context for HTML-based functions. A previous function may not have used "Mode=HTML" or downloaded only non-HTML page(s), or the context has been reset (e.g., due to a GUI-based function)  	[MsgId: MERR-27985]
EnrollAppLandingPage.c(8): Error -26366: "Text=Create account" not found for web_reg_find  	[MsgId: MERR-26366]
EnrollAppLandingPage.c(8): Error -26374: The above "not found" error(s) may be explained by header and body byte counts being 0 and 0, respectively.  	[MsgId: MERR-26374]
EnrollAppLandingPage.c(8): web_link("Skip to STEP 2, I already understand my options") highest severity level was "ERROR", 0 body bytes, 0 header bytes  	[MsgId: MMSG-26388]
Ending action ScriptFlow.	[MsgId: MMSG-15918]
Ending iteration 5.	[MsgId: MMSG-15965]
Starting iteration 6.	[MsgId: MMSG-15968]
Notify: Next row for parameter pEmpPrefix = 4 [table  = pEmpPrefix].	[MsgId: MMSG-13876]
Notify: Getting new value for parameter 'pEmpPrefix': table = 'pEmpPrefix.dat' column = '0' row = '4'.	[MsgId: MMSG-13877]
Notify: Next row for parameter EmpFName = 30 [table  = EmpFName].	[MsgId: MMSG-13876]
Notify: Getting new value for parameter 'EmpFName': table = 'EmployeeRoster' column = '0' row = '30'.	[MsgId: MMSG-13877]
Notify: Next row for parameter pEmlyePrefix = 4 [table  = pEmlyePrefix].	[MsgId: MMSG-13876]
Notify: Getting new value for parameter 'pEmlyePrefix': table = 'pEmpPrefix.dat' column = '1' row = '4'.	[MsgId: MMSG-13877]
Notify: Next row for parameter Carrier_ID = 1 [table  = Carrier_ID].	[MsgId: MMSG-13876]
Notify: Getting new value for parameter 'Carrier_ID': table = 'ReferencePlan.dat' column = '4' row = '1'.	[MsgId: MMSG-13877]
Notify: Next row for parameter EmpSSN = 30 [table  = EmpSSN].	[MsgId: MMSG-13876]
Notify: Getting new value for parameter 'EmpSSN': table = 'EmployeeRoster' column = '5' row = '30'.	[MsgId: MMSG-13877]
Notify: Next row for parameter EmpHireDatePicker = 30 [table  = EmpHireDatePicker].	[MsgId: MMSG-13876]
Notify: Getting new value for parameter 'EmpHireDatePicker': table = 'EmployeeRoster' column = '8' row = '30'.	[MsgId: MMSG-13877]
Notify: Next row for parameter EmpDOBYear = 30 [table  = EmpDOBYear].	[MsgId: MMSG-13876]
Notify: Getting new value for parameter 'EmpDOBYear': table = 'EmployeeRoster' column = '15' row = '30'.	[MsgId: MMSG-13877]
Notify: Next row for parameter EmpSpouseSSN = 30 [table  = EmpSpouseSSN].	[MsgId: MMSG-13876]
Notify: Getting new value for parameter 'EmpSpouseSSN': table = 'EmployeeRoster' column = '16' row = '30'.	[MsgId: MMSG-13877]
Notify: Next row for parameter EmpHireDate = 30 [table  = EmpHireDate].	[MsgId: MMSG-13876]
Notify: Getting new value for parameter 'EmpHireDate': table = 'EmployeeRoster' column = '7' row = '30'.	[MsgId: MMSG-13877]
Notify: Next row for parameter TxName = 1 [table  = TxName].	[MsgId: MMSG-13876]
Notify: Getting new value for parameter 'TxName': table = 'ReferencePlan.dat' column = '3' row = '1'.	[MsgId: MMSG-13877]
Notify: Next row for parameter EmpMI = 30 [table  = EmpMI].	[MsgId: MMSG-13876]
Notify: Getting new value for parameter 'EmpMI': table = 'EmployeeRoster' column = '1' row = '30'.	[MsgId: MMSG-13877]
Notify: Next row for parameter EmpCity = 30 [table  = EmpCity].	[MsgId: MMSG-13876]
Notify: Getting new value for parameter 'EmpCity': table = 'EmployeeRoster' column = '10' row = '30'.	[MsgId: MMSG-13877]
Notify: Next row for parameter EmpLName = 30 [table  = EmpLName].	[MsgId: MMSG-13876]
Notify: Getting new value for parameter 'EmpLName': table = 'EmployeeRoster' column = '2' row = '30'.	[MsgId: MMSG-13877]
Notify: Next row for parameter EmpDep1Relation = 30 [table  = EmpDep1Relation].	[MsgId: MMSG-13876]
Notify: Getting new value for parameter 'EmpDep1Relation': table = 'EmployeeRoster' column = '18' row = '30'.	[MsgId: MMSG-13877]
Notify: Next row for parameter Metal_Level = 1 [table  = Metal_Level].	[MsgId: MMSG-13876]
Notify: Getting new value for parameter 'Metal_Level': table = 'ReferencePlan.dat' column = '2' row = '1'.	[MsgId: MMSG-13877]
Notify: Next row for parameter PlanOption = 1 [table  = PlanOption].	[MsgId: MMSG-13876]
Notify: Getting new value for parameter 'PlanOption': table = 'ReferencePlan.dat' column = '1' row = '1'.	[MsgId: MMSG-13877]
Notify: Next row for parameter EmpDOBPicker = 30 [table  = EmpDOBPicker].	[MsgId: MMSG-13876]
Notify: Getting new value for parameter 'EmpDOBPicker': table = 'EmployeeRoster' column = '3' row = '30'.	[MsgId: MMSG-13877]
Notify: Next row for parameter EmpWorkEmail = 30 [table  = EmpWorkEmail].	[MsgId: MMSG-13876]
Notify: Getting new value for parameter 'EmpWorkEmail': table = 'EmployeeRoster' column = '12' row = '30'.	[MsgId: MMSG-13877]
Notify: Next row for parameter EmpZip = 30 [table  = EmpZip].	[MsgId: MMSG-13876]
Notify: Getting new value for parameter 'EmpZip': table = 'EmployeeRoster' column = '11' row = '30'.	[MsgId: MMSG-13877]
Notify: Next row for parameter EmpAddressL1 = 30 [table  = EmpAddressL1].	[MsgId: MMSG-13876]
Notify: Getting new value for parameter 'EmpAddressL1': table = 'EmployeeRoster' column = '9' row = '30'.	[MsgId: MMSG-13877]
Notify: Next row for parameter EmpDOBDay = 30 [table  = EmpDOBDay].	[MsgId: MMSG-13876]
Notify: Getting new value for parameter 'EmpDOBDay': table = 'EmployeeRoster' column = '13' row = '30'.	[MsgId: MMSG-13877]
Notify: Next row for parameter EmpSpouseGender = 30 [table  = EmpSpouseGender].	[MsgId: MMSG-13876]
Notify: Getting new value for parameter 'EmpSpouseGender': table = 'EmployeeRoster' column = '17' row = '30'.	[MsgId: MMSG-13877]
Notify: Next row for parameter EmpSEX = 30 [table  = EmpSEX].	[MsgId: MMSG-13876]
Notify: Getting new value for parameter 'EmpSEX': table = 'EmployeeRoster' column = '6' row = '30'.	[MsgId: MMSG-13877]
Notify: Next row for parameter EmpDOB = 30 [table  = EmpDOB].	[MsgId: MMSG-13876]
Notify: Getting new value for parameter 'EmpDOB': table = 'EmployeeRoster' column = '4' row = '30'.	[MsgId: MMSG-13877]
Notify: Next row for parameter EmpDOBMonth = 30 [table  = EmpDOBMonth].	[MsgId: MMSG-13876]
Notify: Getting new value for parameter 'EmpDOBMonth': table = 'EmployeeRoster' column = '14' row = '30'.	[MsgId: MMSG-13877]
Starting action ScriptFlow.	[MsgId: MMSG-15919]
ScriptFlow.c(21): Think time - Waiting 2.00 seconds (according to limit).	[MsgId: MMSG-15946]
ScriptFlow.c(21): lr_think_time: 2.00 seconds (recorded think time was 10.00 seconds).	[MsgId: MMSG-15947]
EnrollAppLandingPage.c(5): web_reg_find started  	[MsgId: MMSG-26355]
EnrollAppLandingPage.c(5): Registering web_reg_find was successful  	[MsgId: MMSG-26390]
EnrollAppLandingPage.c(8): web_link("Skip to STEP 2, I already understand my options") started  	[MsgId: MMSG-26355]
EnrollAppLandingPage.c(8): Notify: Parameter Substitution: parameter "EnrollAppLandingPage" =  "enroll-preprod.dchbx.org"	[MsgId: MMSG-13992]
EnrollAppLandingPage.c(8): Notify: Parameter Substitution: parameter "EnrollAppLandingPage" =  "enroll-preprod.dchbx.org"	[MsgId: MMSG-13992]
EnrollAppLandingPage.c(8): Notify: Parameter Substitution: parameter "EnrollAppLandingPage" =  "enroll-preprod.dchbx.org"	[MsgId: MMSG-13992]
EnrollAppLandingPage.c(8): Error -27985: There is no context for HTML-based functions. A previous function may not have used "Mode=HTML" or downloaded only non-HTML page(s), or the context has been reset (e.g., due to a GUI-based function)  	[MsgId: MERR-27985]
EnrollAppLandingPage.c(8): Error -26366: "Text=Create account" not found for web_reg_find  	[MsgId: MERR-26366]
EnrollAppLandingPage.c(8): Error -26374: The above "not found" error(s) may be explained by header and body byte counts being 0 and 0, respectively.  	[MsgId: MERR-26374]
EnrollAppLandingPage.c(8): web_link("Skip to STEP 2, I already understand my options") highest severity level was "ERROR", 0 body bytes, 0 header bytes  	[MsgId: MMSG-26388]
Ending action ScriptFlow.	[MsgId: MMSG-15918]
Ending iteration 6.	[MsgId: MMSG-15965]
Starting iteration 7.	[MsgId: MMSG-15968]
Notify: Next row for parameter pEmpPrefix = 40 [table  = pEmpPrefix].	[MsgId: MMSG-13876]
Notify: Getting new value for parameter 'pEmpPrefix': table = 'pEmpPrefix.dat' column = '0' row = '40'.	[MsgId: MMSG-13877]
Notify: Next row for parameter EmpFName = 27 [table  = EmpFName].	[MsgId: MMSG-13876]
Notify: Getting new value for parameter 'EmpFName': table = 'EmployeeRoster' column = '0' row = '27'.	[MsgId: MMSG-13877]
Notify: Next row for parameter pEmlyePrefix = 40 [table  = pEmlyePrefix].	[MsgId: MMSG-13876]
Notify: Getting new value for parameter 'pEmlyePrefix': table = 'pEmpPrefix.dat' column = '1' row = '40'.	[MsgId: MMSG-13877]
Notify: Next row for parameter Carrier_ID = 1 [table  = Carrier_ID].	[MsgId: MMSG-13876]
Notify: Getting new value for parameter 'Carrier_ID': table = 'ReferencePlan.dat' column = '4' row = '1'.	[MsgId: MMSG-13877]
Notify: Next row for parameter EmpSSN = 27 [table  = EmpSSN].	[MsgId: MMSG-13876]
Notify: Getting new value for parameter 'EmpSSN': table = 'EmployeeRoster' column = '5' row = '27'.	[MsgId: MMSG-13877]
Notify: Next row for parameter EmpHireDatePicker = 27 [table  = EmpHireDatePicker].	[MsgId: MMSG-13876]
Notify: Getting new value for parameter 'EmpHireDatePicker': table = 'EmployeeRoster' column = '8' row = '27'.	[MsgId: MMSG-13877]
Notify: Next row for parameter EmpDOBYear = 27 [table  = EmpDOBYear].	[MsgId: MMSG-13876]
Notify: Getting new value for parameter 'EmpDOBYear': table = 'EmployeeRoster' column = '15' row = '27'.	[MsgId: MMSG-13877]
Notify: Next row for parameter EmpSpouseSSN = 27 [table  = EmpSpouseSSN].	[MsgId: MMSG-13876]
Notify: Getting new value for parameter 'EmpSpouseSSN': table = 'EmployeeRoster' column = '16' row = '27'.	[MsgId: MMSG-13877]
Notify: Next row for parameter EmpHireDate = 27 [table  = EmpHireDate].	[MsgId: MMSG-13876]
Notify: Getting new value for parameter 'EmpHireDate': table = 'EmployeeRoster' column = '7' row = '27'.	[MsgId: MMSG-13877]
Notify: Next row for parameter TxName = 1 [table  = TxName].	[MsgId: MMSG-13876]
Notify: Getting new value for parameter 'TxName': table = 'ReferencePlan.dat' column = '3' row = '1'.	[MsgId: MMSG-13877]
Notify: Next row for parameter EmpMI = 27 [table  = EmpMI].	[MsgId: MMSG-13876]
Notify: Getting new value for parameter 'EmpMI': table = 'EmployeeRoster' column = '1' row = '27'.	[MsgId: MMSG-13877]
Notify: Next row for parameter EmpCity = 27 [table  = EmpCity].	[MsgId: MMSG-13876]
Notify: Getting new value for parameter 'EmpCity': table = 'EmployeeRoster' column = '10' row = '27'.	[MsgId: MMSG-13877]
Notify: Next row for parameter EmpLName = 27 [table  = EmpLName].	[MsgId: MMSG-13876]
Notify: Getting new value for parameter 'EmpLName': table = 'EmployeeRoster' column = '2' row = '27'.	[MsgId: MMSG-13877]
Notify: Next row for parameter EmpDep1Relation = 27 [table  = EmpDep1Relation].	[MsgId: MMSG-13876]
Notify: Getting new value for parameter 'EmpDep1Relation': table = 'EmployeeRoster' column = '18' row = '27'.	[MsgId: MMSG-13877]
Notify: Next row for parameter Metal_Level = 1 [table  = Metal_Level].	[MsgId: MMSG-13876]
Notify: Getting new value for parameter 'Metal_Level': table = 'ReferencePlan.dat' column = '2' row = '1'.	[MsgId: MMSG-13877]
Notify: Next row for parameter PlanOption = 1 [table  = PlanOption].	[MsgId: MMSG-13876]
Notify: Getting new value for parameter 'PlanOption': table = 'ReferencePlan.dat' column = '1' row = '1'.	[MsgId: MMSG-13877]
Notify: Next row for parameter EmpDOBPicker = 27 [table  = EmpDOBPicker].	[MsgId: MMSG-13876]
Notify: Getting new value for parameter 'EmpDOBPicker': table = 'EmployeeRoster' column = '3' row = '27'.	[MsgId: MMSG-13877]
Notify: Next row for parameter EmpWorkEmail = 27 [table  = EmpWorkEmail].	[MsgId: MMSG-13876]
Notify: Getting new value for parameter 'EmpWorkEmail': table = 'EmployeeRoster' column = '12' row = '27'.	[MsgId: MMSG-13877]
Notify: Next row for parameter EmpZip = 27 [table  = EmpZip].	[MsgId: MMSG-13876]
Notify: Getting new value for parameter 'EmpZip': table = 'EmployeeRoster' column = '11' row = '27'.	[MsgId: MMSG-13877]
Notify: Next row for parameter EmpAddressL1 = 27 [table  = EmpAddressL1].	[MsgId: MMSG-13876]
Notify: Getting new value for parameter 'EmpAddressL1': table = 'EmployeeRoster' column = '9' row = '27'.	[MsgId: MMSG-13877]
Notify: Next row for parameter EmpDOBDay = 27 [table  = EmpDOBDay].	[MsgId: MMSG-13876]
Notify: Getting new value for parameter 'EmpDOBDay': table = 'EmployeeRoster' column = '13' row = '27'.	[MsgId: MMSG-13877]
Notify: Next row for parameter EmpSpouseGender = 27 [table  = EmpSpouseGender].	[MsgId: MMSG-13876]
Notify: Getting new value for parameter 'EmpSpouseGender': table = 'EmployeeRoster' column = '17' row = '27'.	[MsgId: MMSG-13877]
Notify: Next row for parameter EmpSEX = 27 [table  = EmpSEX].	[MsgId: MMSG-13876]
Notify: Getting new value for parameter 'EmpSEX': table = 'EmployeeRoster' column = '6' row = '27'.	[MsgId: MMSG-13877]
Notify: Next row for parameter EmpDOB = 27 [table  = EmpDOB].	[MsgId: MMSG-13876]
Notify: Getting new value for parameter 'EmpDOB': table = 'EmployeeRoster' column = '4' row = '27'.	[MsgId: MMSG-13877]
Notify: Next row for parameter EmpDOBMonth = 27 [table  = EmpDOBMonth].	[MsgId: MMSG-13876]
Notify: Getting new value for parameter 'EmpDOBMonth': table = 'EmployeeRoster' column = '14' row = '27'.	[MsgId: MMSG-13877]
Starting action ScriptFlow.	[MsgId: MMSG-15919]
ScriptFlow.c(21): Think time - Waiting 2.00 seconds (according to limit).	[MsgId: MMSG-15946]
ScriptFlow.c(21): lr_think_time: 2.00 seconds (recorded think time was 10.00 seconds).	[MsgId: MMSG-15947]
EnrollAppLandingPage.c(5): web_reg_find started  	[MsgId: MMSG-26355]
EnrollAppLandingPage.c(5): Registering web_reg_find was successful  	[MsgId: MMSG-26390]
EnrollAppLandingPage.c(8): web_link("Skip to STEP 2, I already understand my options") started  	[MsgId: MMSG-26355]
EnrollAppLandingPage.c(8): Notify: Parameter Substitution: parameter "EnrollAppLandingPage" =  "enroll-preprod.dchbx.org"	[MsgId: MMSG-13992]
EnrollAppLandingPage.c(8): Notify: Parameter Substitution: parameter "EnrollAppLandingPage" =  "enroll-preprod.dchbx.org"	[MsgId: MMSG-13992]
EnrollAppLandingPage.c(8): Notify: Parameter Substitution: parameter "EnrollAppLandingPage" =  "enroll-preprod.dchbx.org"	[MsgId: MMSG-13992]
EnrollAppLandingPage.c(8): Error -27985: There is no context for HTML-based functions. A previous function may not have used "Mode=HTML" or downloaded only non-HTML page(s), or the context has been reset (e.g., due to a GUI-based function)  	[MsgId: MERR-27985]
EnrollAppLandingPage.c(8): Error -26366: "Text=Create account" not found for web_reg_find  	[MsgId: MERR-26366]
EnrollAppLandingPage.c(8): Error -26374: The above "not found" error(s) may be explained by header and body byte counts being 0 and 0, respectively.  	[MsgId: MERR-26374]
EnrollAppLandingPage.c(8): web_link("Skip to STEP 2, I already understand my options") highest severity level was "ERROR", 0 body bytes, 0 header bytes  	[MsgId: MMSG-26388]
Ending action ScriptFlow.	[MsgId: MMSG-15918]
Ending iteration 7.	[MsgId: MMSG-15965]
Starting iteration 8.	[MsgId: MMSG-15968]
Notify: Next row for parameter pEmpPrefix = 34 [table  = pEmpPrefix].	[MsgId: MMSG-13876]
Notify: Getting new value for parameter 'pEmpPrefix': table = 'pEmpPrefix.dat' column = '0' row = '34'.	[MsgId: MMSG-13877]
Notify: Next row for parameter EmpFName = 28 [table  = EmpFName].	[MsgId: MMSG-13876]
Notify: Getting new value for parameter 'EmpFName': table = 'EmployeeRoster' column = '0' row = '28'.	[MsgId: MMSG-13877]
Notify: Next row for parameter pEmlyePrefix = 34 [table  = pEmlyePrefix].	[MsgId: MMSG-13876]
Notify: Getting new value for parameter 'pEmlyePrefix': table = 'pEmpPrefix.dat' column = '1' row = '34'.	[MsgId: MMSG-13877]
Notify: Next row for parameter Carrier_ID = 1 [table  = Carrier_ID].	[MsgId: MMSG-13876]
Notify: Getting new value for parameter 'Carrier_ID': table = 'ReferencePlan.dat' column = '4' row = '1'.	[MsgId: MMSG-13877]
Notify: Next row for parameter EmpSSN = 28 [table  = EmpSSN].	[MsgId: MMSG-13876]
Notify: Getting new value for parameter 'EmpSSN': table = 'EmployeeRoster' column = '5' row = '28'.	[MsgId: MMSG-13877]
Notify: Next row for parameter EmpHireDatePicker = 28 [table  = EmpHireDatePicker].	[MsgId: MMSG-13876]
Notify: Getting new value for parameter 'EmpHireDatePicker': table = 'EmployeeRoster' column = '8' row = '28'.	[MsgId: MMSG-13877]
Notify: Next row for parameter EmpDOBYear = 28 [table  = EmpDOBYear].	[MsgId: MMSG-13876]
Notify: Getting new value for parameter 'EmpDOBYear': table = 'EmployeeRoster' column = '15' row = '28'.	[MsgId: MMSG-13877]
Notify: Next row for parameter EmpSpouseSSN = 28 [table  = EmpSpouseSSN].	[MsgId: MMSG-13876]
Notify: Getting new value for parameter 'EmpSpouseSSN': table = 'EmployeeRoster' column = '16' row = '28'.	[MsgId: MMSG-13877]
Notify: Next row for parameter EmpHireDate = 28 [table  = EmpHireDate].	[MsgId: MMSG-13876]
Notify: Getting new value for parameter 'EmpHireDate': table = 'EmployeeRoster' column = '7' row = '28'.	[MsgId: MMSG-13877]
Notify: Next row for parameter TxName = 1 [table  = TxName].	[MsgId: MMSG-13876]
Notify: Getting new value for parameter 'TxName': table = 'ReferencePlan.dat' column = '3' row = '1'.	[MsgId: MMSG-13877]
Notify: Next row for parameter EmpMI = 28 [table  = EmpMI].	[MsgId: MMSG-13876]
Notify: Getting new value for parameter 'EmpMI': table = 'EmployeeRoster' column = '1' row = '28'.	[MsgId: MMSG-13877]
Notify: Next row for parameter EmpCity = 28 [table  = EmpCity].	[MsgId: MMSG-13876]
Notify: Getting new value for parameter 'EmpCity': table = 'EmployeeRoster' column = '10' row = '28'.	[MsgId: MMSG-13877]
Notify: Next row for parameter EmpLName = 28 [table  = EmpLName].	[MsgId: MMSG-13876]
Notify: Getting new value for parameter 'EmpLName': table = 'EmployeeRoster' column = '2' row = '28'.	[MsgId: MMSG-13877]
Notify: Next row for parameter EmpDep1Relation = 28 [table  = EmpDep1Relation].	[MsgId: MMSG-13876]
Notify: Getting new value for parameter 'EmpDep1Relation': table = 'EmployeeRoster' column = '18' row = '28'.	[MsgId: MMSG-13877]
Notify: Next row for parameter Metal_Level = 1 [table  = Metal_Level].	[MsgId: MMSG-13876]
Notify: Getting new value for parameter 'Metal_Level': table = 'ReferencePlan.dat' column = '2' row = '1'.	[MsgId: MMSG-13877]
Notify: Next row for parameter PlanOption = 1 [table  = PlanOption].	[MsgId: MMSG-13876]
Notify: Getting new value for parameter 'PlanOption': table = 'ReferencePlan.dat' column = '1' row = '1'.	[MsgId: MMSG-13877]
Notify: Next row for parameter EmpDOBPicker = 28 [table  = EmpDOBPicker].	[MsgId: MMSG-13876]
Notify: Getting new value for parameter 'EmpDOBPicker': table = 'EmployeeRoster' column = '3' row = '28'.	[MsgId: MMSG-13877]
Notify: Next row for parameter EmpWorkEmail = 28 [table  = EmpWorkEmail].	[MsgId: MMSG-13876]
Notify: Getting new value for parameter 'EmpWorkEmail': table = 'EmployeeRoster' column = '12' row = '28'.	[MsgId: MMSG-13877]
Notify: Next row for parameter EmpZip = 28 [table  = EmpZip].	[MsgId: MMSG-13876]
Notify: Getting new value for parameter 'EmpZip': table = 'EmployeeRoster' column = '11' row = '28'.	[MsgId: MMSG-13877]
Notify: Next row for parameter EmpAddressL1 = 28 [table  = EmpAddressL1].	[MsgId: MMSG-13876]
Notify: Getting new value for parameter 'EmpAddressL1': table = 'EmployeeRoster' column = '9' row = '28'.	[MsgId: MMSG-13877]
Notify: Next row for parameter EmpDOBDay = 28 [table  = EmpDOBDay].	[MsgId: MMSG-13876]
Notify: Getting new value for parameter 'EmpDOBDay': table = 'EmployeeRoster' column = '13' row = '28'.	[MsgId: MMSG-13877]
Notify: Next row for parameter EmpSpouseGender = 28 [table  = EmpSpouseGender].	[MsgId: MMSG-13876]
Notify: Getting new value for parameter 'EmpSpouseGender': table = 'EmployeeRoster' column = '17' row = '28'.	[MsgId: MMSG-13877]
Notify: Next row for parameter EmpSEX = 28 [table  = EmpSEX].	[MsgId: MMSG-13876]
Notify: Getting new value for parameter 'EmpSEX': table = 'EmployeeRoster' column = '6' row = '28'.	[MsgId: MMSG-13877]
Notify: Next row for parameter EmpDOB = 28 [table  = EmpDOB].	[MsgId: MMSG-13876]
Notify: Getting new value for parameter 'EmpDOB': table = 'EmployeeRoster' column = '4' row = '28'.	[MsgId: MMSG-13877]
Notify: Next row for parameter EmpDOBMonth = 28 [table  = EmpDOBMonth].	[MsgId: MMSG-13876]
Notify: Getting new value for parameter 'EmpDOBMonth': table = 'EmployeeRoster' column = '14' row = '28'.	[MsgId: MMSG-13877]
Starting action ScriptFlow.	[MsgId: MMSG-15919]
ScriptFlow.c(21): Think time - Waiting 2.00 seconds (according to limit).	[MsgId: MMSG-15946]
ScriptFlow.c(21): lr_think_time: 2.00 seconds (recorded think time was 10.00 seconds).	[MsgId: MMSG-15947]
EnrollAppLandingPage.c(5): web_reg_find started  	[MsgId: MMSG-26355]
EnrollAppLandingPage.c(5): Registering web_reg_find was successful  	[MsgId: MMSG-26390]
EnrollAppLandingPage.c(8): web_link("Skip to STEP 2, I already understand my options") started  	[MsgId: MMSG-26355]
EnrollAppLandingPage.c(8): Notify: Parameter Substitution: parameter "EnrollAppLandingPage" =  "enroll-preprod.dchbx.org"	[MsgId: MMSG-13992]
EnrollAppLandingPage.c(8): Notify: Parameter Substitution: parameter "EnrollAppLandingPage" =  "enroll-preprod.dchbx.org"	[MsgId: MMSG-13992]
EnrollAppLandingPage.c(8): Notify: Parameter Substitution: parameter "EnrollAppLandingPage" =  "enroll-preprod.dchbx.org"	[MsgId: MMSG-13992]
EnrollAppLandingPage.c(8): Error -27985: There is no context for HTML-based functions. A previous function may not have used "Mode=HTML" or downloaded only non-HTML page(s), or the context has been reset (e.g., due to a GUI-based function)  	[MsgId: MERR-27985]
EnrollAppLandingPage.c(8): Error -26366: "Text=Create account" not found for web_reg_find  	[MsgId: MERR-26366]
EnrollAppLandingPage.c(8): Error -26374: The above "not found" error(s) may be explained by header and body byte counts being 0 and 0, respectively.  	[MsgId: MERR-26374]
EnrollAppLandingPage.c(8): web_link("Skip to STEP 2, I already understand my options") highest severity level was "ERROR", 0 body bytes, 0 header bytes  	[MsgId: MMSG-26388]
Ending action ScriptFlow.	[MsgId: MMSG-15918]
Ending iteration 8.	[MsgId: MMSG-15965]
Starting iteration 9.	[MsgId: MMSG-15968]
Notify: Next row for parameter pEmpPrefix = 27 [table  = pEmpPrefix].	[MsgId: MMSG-13876]
Notify: Getting new value for parameter 'pEmpPrefix': table = 'pEmpPrefix.dat' column = '0' row = '27'.	[MsgId: MMSG-13877]
Notify: Next row for parameter EmpFName = 40 [table  = EmpFName].	[MsgId: MMSG-13876]
Notify: Getting new value for parameter 'EmpFName': table = 'EmployeeRoster' column = '0' row = '40'.	[MsgId: MMSG-13877]
Notify: Next row for parameter pEmlyePrefix = 27 [table  = pEmlyePrefix].	[MsgId: MMSG-13876]
Notify: Getting new value for parameter 'pEmlyePrefix': table = 'pEmpPrefix.dat' column = '1' row = '27'.	[MsgId: MMSG-13877]
Notify: Next row for parameter Carrier_ID = 1 [table  = Carrier_ID].	[MsgId: MMSG-13876]
Notify: Getting new value for parameter 'Carrier_ID': table = 'ReferencePlan.dat' column = '4' row = '1'.	[MsgId: MMSG-13877]
Notify: Next row for parameter EmpSSN = 40 [table  = EmpSSN].	[MsgId: MMSG-13876]
Notify: Getting new value for parameter 'EmpSSN': table = 'EmployeeRoster' column = '5' row = '40'.	[MsgId: MMSG-13877]
Notify: Next row for parameter EmpHireDatePicker = 40 [table  = EmpHireDatePicker].	[MsgId: MMSG-13876]
Notify: Getting new value for parameter 'EmpHireDatePicker': table = 'EmployeeRoster' column = '8' row = '40'.	[MsgId: MMSG-13877]
Notify: Next row for parameter EmpDOBYear = 40 [table  = EmpDOBYear].	[MsgId: MMSG-13876]
Notify: Getting new value for parameter 'EmpDOBYear': table = 'EmployeeRoster' column = '15' row = '40'.	[MsgId: MMSG-13877]
Notify: Next row for parameter EmpSpouseSSN = 40 [table  = EmpSpouseSSN].	[MsgId: MMSG-13876]
Notify: Getting new value for parameter 'EmpSpouseSSN': table = 'EmployeeRoster' column = '16' row = '40'.	[MsgId: MMSG-13877]
Notify: Next row for parameter EmpHireDate = 40 [table  = EmpHireDate].	[MsgId: MMSG-13876]
Notify: Getting new value for parameter 'EmpHireDate': table = 'EmployeeRoster' column = '7' row = '40'.	[MsgId: MMSG-13877]
Notify: Next row for parameter TxName = 1 [table  = TxName].	[MsgId: MMSG-13876]
Notify: Getting new value for parameter 'TxName': table = 'ReferencePlan.dat' column = '3' row = '1'.	[MsgId: MMSG-13877]
Notify: Next row for parameter EmpMI = 40 [table  = EmpMI].	[MsgId: MMSG-13876]
Notify: Getting new value for parameter 'EmpMI': table = 'EmployeeRoster' column = '1' row = '40'.	[MsgId: MMSG-13877]
Notify: Next row for parameter EmpCity = 40 [table  = EmpCity].	[MsgId: MMSG-13876]
Notify: Getting new value for parameter 'EmpCity': table = 'EmployeeRoster' column = '10' row = '40'.	[MsgId: MMSG-13877]
Notify: Next row for parameter EmpLName = 40 [table  = EmpLName].	[MsgId: MMSG-13876]
Notify: Getting new value for parameter 'EmpLName': table = 'EmployeeRoster' column = '2' row = '40'.	[MsgId: MMSG-13877]
Notify: Next row for parameter EmpDep1Relation = 40 [table  = EmpDep1Relation].	[MsgId: MMSG-13876]
Notify: Getting new value for parameter 'EmpDep1Relation': table = 'EmployeeRoster' column = '18' row = '40'.	[MsgId: MMSG-13877]
Notify: Next row for parameter Metal_Level = 1 [table  = Metal_Level].	[MsgId: MMSG-13876]
Notify: Getting new value for parameter 'Metal_Level': table = 'ReferencePlan.dat' column = '2' row = '1'.	[MsgId: MMSG-13877]
Notify: Next row for parameter PlanOption = 1 [table  = PlanOption].	[MsgId: MMSG-13876]
Notify: Getting new value for parameter 'PlanOption': table = 'ReferencePlan.dat' column = '1' row = '1'.	[MsgId: MMSG-13877]
Notify: Next row for parameter EmpDOBPicker = 40 [table  = EmpDOBPicker].	[MsgId: MMSG-13876]
Notify: Getting new value for parameter 'EmpDOBPicker': table = 'EmployeeRoster' column = '3' row = '40'.	[MsgId: MMSG-13877]
Notify: Next row for parameter EmpWorkEmail = 40 [table  = EmpWorkEmail].	[MsgId: MMSG-13876]
Notify: Getting new value for parameter 'EmpWorkEmail': table = 'EmployeeRoster' column = '12' row = '40'.	[MsgId: MMSG-13877]
Notify: Next row for parameter EmpZip = 40 [table  = EmpZip].	[MsgId: MMSG-13876]
Notify: Getting new value for parameter 'EmpZip': table = 'EmployeeRoster' column = '11' row = '40'.	[MsgId: MMSG-13877]
Notify: Next row for parameter EmpAddressL1 = 40 [table  = EmpAddressL1].	[MsgId: MMSG-13876]
Notify: Getting new value for parameter 'EmpAddressL1': table = 'EmployeeRoster' column = '9' row = '40'.	[MsgId: MMSG-13877]
Notify: Next row for parameter EmpDOBDay = 40 [table  = EmpDOBDay].	[MsgId: MMSG-13876]
Notify: Getting new value for parameter 'EmpDOBDay': table = 'EmployeeRoster' column = '13' row = '40'.	[MsgId: MMSG-13877]
Notify: Next row for parameter EmpSpouseGender = 40 [table  = EmpSpouseGender].	[MsgId: MMSG-13876]
Notify: Getting new value for parameter 'EmpSpouseGender': table = 'EmployeeRoster' column = '17' row = '40'.	[MsgId: MMSG-13877]
Notify: Next row for parameter EmpSEX = 40 [table  = EmpSEX].	[MsgId: MMSG-13876]
Notify: Getting new value for parameter 'EmpSEX': table = 'EmployeeRoster' column = '6' row = '40'.	[MsgId: MMSG-13877]
Notify: Next row for parameter EmpDOB = 40 [table  = EmpDOB].	[MsgId: MMSG-13876]
Notify: Getting new value for parameter 'EmpDOB': table = 'EmployeeRoster' column = '4' row = '40'.	[MsgId: MMSG-13877]
Notify: Next row for parameter EmpDOBMonth = 40 [table  = EmpDOBMonth].	[MsgId: MMSG-13876]
Notify: Getting new value for parameter 'EmpDOBMonth': table = 'EmployeeRoster' column = '14' row = '40'.	[MsgId: MMSG-13877]
Starting action ScriptFlow.	[MsgId: MMSG-15919]
ScriptFlow.c(21): Think time - Waiting 2.00 seconds (according to limit).	[MsgId: MMSG-15946]
ScriptFlow.c(21): lr_think_time: 2.00 seconds (recorded think time was 10.00 seconds).	[MsgId: MMSG-15947]
EnrollAppLandingPage.c(5): web_reg_find started  	[MsgId: MMSG-26355]
EnrollAppLandingPage.c(5): Registering web_reg_find was successful  	[MsgId: MMSG-26390]
EnrollAppLandingPage.c(8): web_link("Skip to STEP 2, I already understand my options") started  	[MsgId: MMSG-26355]
EnrollAppLandingPage.c(8): Notify: Parameter Substitution: parameter "EnrollAppLandingPage" =  "enroll-preprod.dchbx.org"	[MsgId: MMSG-13992]
EnrollAppLandingPage.c(8): Notify: Parameter Substitution: parameter "EnrollAppLandingPage" =  "enroll-preprod.dchbx.org"	[MsgId: MMSG-13992]
EnrollAppLandingPage.c(8): Notify: Parameter Substitution: parameter "EnrollAppLandingPage" =  "enroll-preprod.dchbx.org"	[MsgId: MMSG-13992]
EnrollAppLandingPage.c(8): Error -27985: There is no context for HTML-based functions. A previous function may not have used "Mode=HTML" or downloaded only non-HTML page(s), or the context has been reset (e.g., due to a GUI-based function)  	[MsgId: MERR-27985]
EnrollAppLandingPage.c(8): Error -26366: "Text=Create account" not found for web_reg_find  	[MsgId: MERR-26366]
EnrollAppLandingPage.c(8): Error -26374: The above "not found" error(s) may be explained by header and body byte counts being 0 and 0, respectively.  	[MsgId: MERR-26374]
EnrollAppLandingPage.c(8): web_link("Skip to STEP 2, I already understand my options") highest severity level was "ERROR", 0 body bytes, 0 header bytes  	[MsgId: MMSG-26388]
Ending action ScriptFlow.	[MsgId: MMSG-15918]
Ending iteration 9.	[MsgId: MMSG-15965]
Starting iteration 10.	[MsgId: MMSG-15968]
Notify: Next row for parameter pEmpPrefix = 11 [table  = pEmpPrefix].	[MsgId: MMSG-13876]
Notify: Getting new value for parameter 'pEmpPrefix': table = 'pEmpPrefix.dat' column = '0' row = '11'.	[MsgId: MMSG-13877]
Notify: Next row for parameter EmpFName = 32 [table  = EmpFName].	[MsgId: MMSG-13876]
Notify: Getting new value for parameter 'EmpFName': table = 'EmployeeRoster' column = '0' row = '32'.	[MsgId: MMSG-13877]
Notify: Next row for parameter pEmlyePrefix = 11 [table  = pEmlyePrefix].	[MsgId: MMSG-13876]
Notify: Getting new value for parameter 'pEmlyePrefix': table = 'pEmpPrefix.dat' column = '1' row = '11'.	[MsgId: MMSG-13877]
Notify: Next row for parameter Carrier_ID = 1 [table  = Carrier_ID].	[MsgId: MMSG-13876]
Notify: Getting new value for parameter 'Carrier_ID': table = 'ReferencePlan.dat' column = '4' row = '1'.	[MsgId: MMSG-13877]
Notify: Next row for parameter EmpSSN = 32 [table  = EmpSSN].	[MsgId: MMSG-13876]
Notify: Getting new value for parameter 'EmpSSN': table = 'EmployeeRoster' column = '5' row = '32'.	[MsgId: MMSG-13877]
Notify: Next row for parameter EmpHireDatePicker = 32 [table  = EmpHireDatePicker].	[MsgId: MMSG-13876]
Notify: Getting new value for parameter 'EmpHireDatePicker': table = 'EmployeeRoster' column = '8' row = '32'.	[MsgId: MMSG-13877]
Notify: Next row for parameter EmpDOBYear = 32 [table  = EmpDOBYear].	[MsgId: MMSG-13876]
Notify: Getting new value for parameter 'EmpDOBYear': table = 'EmployeeRoster' column = '15' row = '32'.	[MsgId: MMSG-13877]
Notify: Next row for parameter EmpSpouseSSN = 32 [table  = EmpSpouseSSN].	[MsgId: MMSG-13876]
Notify: Getting new value for parameter 'EmpSpouseSSN': table = 'EmployeeRoster' column = '16' row = '32'.	[MsgId: MMSG-13877]
Notify: Next row for parameter EmpHireDate = 32 [table  = EmpHireDate].	[MsgId: MMSG-13876]
Notify: Getting new value for parameter 'EmpHireDate': table = 'EmployeeRoster' column = '7' row = '32'.	[MsgId: MMSG-13877]
Notify: Next row for parameter TxName = 1 [table  = TxName].	[MsgId: MMSG-13876]
Notify: Getting new value for parameter 'TxName': table = 'ReferencePlan.dat' column = '3' row = '1'.	[MsgId: MMSG-13877]
Notify: Next row for parameter EmpMI = 32 [table  = EmpMI].	[MsgId: MMSG-13876]
Notify: Getting new value for parameter 'EmpMI': table = 'EmployeeRoster' column = '1' row = '32'.	[MsgId: MMSG-13877]
Notify: Next row for parameter EmpCity = 32 [table  = EmpCity].	[MsgId: MMSG-13876]
Notify: Getting new value for parameter 'EmpCity': table = 'EmployeeRoster' column = '10' row = '32'.	[MsgId: MMSG-13877]
Notify: Next row for parameter EmpLName = 32 [table  = EmpLName].	[MsgId: MMSG-13876]
Notify: Getting new value for parameter 'EmpLName': table = 'EmployeeRoster' column = '2' row = '32'.	[MsgId: MMSG-13877]
Notify: Next row for parameter EmpDep1Relation = 32 [table  = EmpDep1Relation].	[MsgId: MMSG-13876]
Notify: Getting new value for parameter 'EmpDep1Relation': table = 'EmployeeRoster' column = '18' row = '32'.	[MsgId: MMSG-13877]
Notify: Next row for parameter Metal_Level = 1 [table  = Metal_Level].	[MsgId: MMSG-13876]
Notify: Getting new value for parameter 'Metal_Level': table = 'ReferencePlan.dat' column = '2' row = '1'.	[MsgId: MMSG-13877]
Notify: Next row for parameter PlanOption = 1 [table  = PlanOption].	[MsgId: MMSG-13876]
Notify: Getting new value for parameter 'PlanOption': table = 'ReferencePlan.dat' column = '1' row = '1'.	[MsgId: MMSG-13877]
Notify: Next row for parameter EmpDOBPicker = 32 [table  = EmpDOBPicker].	[MsgId: MMSG-13876]
Notify: Getting new value for parameter 'EmpDOBPicker': table = 'EmployeeRoster' column = '3' row = '32'.	[MsgId: MMSG-13877]
Notify: Next row for parameter EmpWorkEmail = 32 [table  = EmpWorkEmail].	[MsgId: MMSG-13876]
Notify: Getting new value for parameter 'EmpWorkEmail': table = 'EmployeeRoster' column = '12' row = '32'.	[MsgId: MMSG-13877]
Notify: Next row for parameter EmpZip = 32 [table  = EmpZip].	[MsgId: MMSG-13876]
Notify: Getting new value for parameter 'EmpZip': table = 'EmployeeRoster' column = '11' row = '32'.	[MsgId: MMSG-13877]
Notify: Next row for parameter EmpAddressL1 = 32 [table  = EmpAddressL1].	[MsgId: MMSG-13876]
Notify: Getting new value for parameter 'EmpAddressL1': table = 'EmployeeRoster' column = '9' row = '32'.	[MsgId: MMSG-13877]
Notify: Next row for parameter EmpDOBDay = 32 [table  = EmpDOBDay].	[MsgId: MMSG-13876]
Notify: Getting new value for parameter 'EmpDOBDay': table = 'EmployeeRoster' column = '13' row = '32'.	[MsgId: MMSG-13877]
Notify: Next row for parameter EmpSpouseGender = 32 [table  = EmpSpouseGender].	[MsgId: MMSG-13876]
Notify: Getting new value for parameter 'EmpSpouseGender': table = 'EmployeeRoster' column = '17' row = '32'.	[MsgId: MMSG-13877]
Notify: Next row for parameter EmpSEX = 32 [table  = EmpSEX].	[MsgId: MMSG-13876]
Notify: Getting new value for parameter 'EmpSEX': table = 'EmployeeRoster' column = '6' row = '32'.	[MsgId: MMSG-13877]
Notify: Next row for parameter EmpDOB = 32 [table  = EmpDOB].	[MsgId: MMSG-13876]
Notify: Getting new value for parameter 'EmpDOB': table = 'EmployeeRoster' column = '4' row = '32'.	[MsgId: MMSG-13877]
Notify: Next row for parameter EmpDOBMonth = 32 [table  = EmpDOBMonth].	[MsgId: MMSG-13876]
Notify: Getting new value for parameter 'EmpDOBMonth': table = 'EmployeeRoster' column = '14' row = '32'.	[MsgId: MMSG-13877]
Starting action ScriptFlow.	[MsgId: MMSG-15919]
ScriptFlow.c(21): Think time - Waiting 2.00 seconds (according to limit).	[MsgId: MMSG-15946]
ScriptFlow.c(21): lr_think_time: 2.00 seconds (recorded think time was 10.00 seconds).	[MsgId: MMSG-15947]
EnrollAppLandingPage.c(5): web_reg_find started  	[MsgId: MMSG-26355]
EnrollAppLandingPage.c(5): Registering web_reg_find was successful  	[MsgId: MMSG-26390]
EnrollAppLandingPage.c(8): web_link("Skip to STEP 2, I already understand my options") started  	[MsgId: MMSG-26355]
EnrollAppLandingPage.c(8): Notify: Parameter Substitution: parameter "EnrollAppLandingPage" =  "enroll-preprod.dchbx.org"	[MsgId: MMSG-13992]
EnrollAppLandingPage.c(8): Notify: Parameter Substitution: parameter "EnrollAppLandingPage" =  "enroll-preprod.dchbx.org"	[MsgId: MMSG-13992]
EnrollAppLandingPage.c(8): Notify: Parameter Substitution: parameter "EnrollAppLandingPage" =  "enroll-preprod.dchbx.org"	[MsgId: MMSG-13992]
EnrollAppLandingPage.c(8): Error -27985: There is no context for HTML-based functions. A previous function may not have used "Mode=HTML" or downloaded only non-HTML page(s), or the context has been reset (e.g., due to a GUI-based function)  	[MsgId: MERR-27985]
EnrollAppLandingPage.c(8): Error -26366: "Text=Create account" not found for web_reg_find  	[MsgId: MERR-26366]
EnrollAppLandingPage.c(8): Error -26374: The above "not found" error(s) may be explained by header and body byte counts being 0 and 0, respectively.  	[MsgId: MERR-26374]
EnrollAppLandingPage.c(8): web_link("Skip to STEP 2, I already understand my options") highest severity level was "ERROR", 0 body bytes, 0 header bytes  	[MsgId: MMSG-26388]
Ending action ScriptFlow.	[MsgId: MMSG-15918]
Ending iteration 10.	[MsgId: MMSG-15965]
Starting iteration 11.	[MsgId: MMSG-15968]
Notify: Next row for parameter pEmpPrefix = 34 [table  = pEmpPrefix].	[MsgId: MMSG-13876]
Notify: Getting new value for parameter 'pEmpPrefix': table = 'pEmpPrefix.dat' column = '0' row = '34'.	[MsgId: MMSG-13877]
Notify: Next row for parameter EmpFName = 56 [table  = EmpFName].	[MsgId: MMSG-13876]
Notify: Getting new value for parameter 'EmpFName': table = 'EmployeeRoster' column = '0' row = '56'.	[MsgId: MMSG-13877]
Notify: Next row for parameter pEmlyePrefix = 34 [table  = pEmlyePrefix].	[MsgId: MMSG-13876]
Notify: Getting new value for parameter 'pEmlyePrefix': table = 'pEmpPrefix.dat' column = '1' row = '34'.	[MsgId: MMSG-13877]
Notify: Next row for parameter Carrier_ID = 1 [table  = Carrier_ID].	[MsgId: MMSG-13876]
Notify: Getting new value for parameter 'Carrier_ID': table = 'ReferencePlan.dat' column = '4' row = '1'.	[MsgId: MMSG-13877]
Notify: Next row for parameter EmpSSN = 56 [table  = EmpSSN].	[MsgId: MMSG-13876]
Notify: Getting new value for parameter 'EmpSSN': table = 'EmployeeRoster' column = '5' row = '56'.	[MsgId: MMSG-13877]
Notify: Next row for parameter EmpHireDatePicker = 56 [table  = EmpHireDatePicker].	[MsgId: MMSG-13876]
Notify: Getting new value for parameter 'EmpHireDatePicker': table = 'EmployeeRoster' column = '8' row = '56'.	[MsgId: MMSG-13877]
Notify: Next row for parameter EmpDOBYear = 56 [table  = EmpDOBYear].	[MsgId: MMSG-13876]
Notify: Getting new value for parameter 'EmpDOBYear': table = 'EmployeeRoster' column = '15' row = '56'.	[MsgId: MMSG-13877]
Notify: Next row for parameter EmpSpouseSSN = 56 [table  = EmpSpouseSSN].	[MsgId: MMSG-13876]
Notify: Getting new value for parameter 'EmpSpouseSSN': table = 'EmployeeRoster' column = '16' row = '56'.	[MsgId: MMSG-13877]
Notify: Next row for parameter EmpHireDate = 56 [table  = EmpHireDate].	[MsgId: MMSG-13876]
Notify: Getting new value for parameter 'EmpHireDate': table = 'EmployeeRoster' column = '7' row = '56'.	[MsgId: MMSG-13877]
Notify: Next row for parameter TxName = 1 [table  = TxName].	[MsgId: MMSG-13876]
Notify: Getting new value for parameter 'TxName': table = 'ReferencePlan.dat' column = '3' row = '1'.	[MsgId: MMSG-13877]
Notify: Next row for parameter EmpMI = 56 [table  = EmpMI].	[MsgId: MMSG-13876]
Notify: Getting new value for parameter 'EmpMI': table = 'EmployeeRoster' column = '1' row = '56'.	[MsgId: MMSG-13877]
Notify: Next row for parameter EmpCity = 56 [table  = EmpCity].	[MsgId: MMSG-13876]
Notify: Getting new value for parameter 'EmpCity': table = 'EmployeeRoster' column = '10' row = '56'.	[MsgId: MMSG-13877]
Notify: Next row for parameter EmpLName = 56 [table  = EmpLName].	[MsgId: MMSG-13876]
Notify: Getting new value for parameter 'EmpLName': table = 'EmployeeRoster' column = '2' row = '56'.	[MsgId: MMSG-13877]
Notify: Next row for parameter EmpDep1Relation = 56 [table  = EmpDep1Relation].	[MsgId: MMSG-13876]
Notify: Getting new value for parameter 'EmpDep1Relation': table = 'EmployeeRoster' column = '18' row = '56'.	[MsgId: MMSG-13877]
Notify: Next row for parameter Metal_Level = 1 [table  = Metal_Level].	[MsgId: MMSG-13876]
Notify: Getting new value for parameter 'Metal_Level': table = 'ReferencePlan.dat' column = '2' row = '1'.	[MsgId: MMSG-13877]
Notify: Next row for parameter PlanOption = 1 [table  = PlanOption].	[MsgId: MMSG-13876]
Notify: Getting new value for parameter 'PlanOption': table = 'ReferencePlan.dat' column = '1' row = '1'.	[MsgId: MMSG-13877]
Notify: Next row for parameter EmpDOBPicker = 56 [table  = EmpDOBPicker].	[MsgId: MMSG-13876]
Notify: Getting new value for parameter 'EmpDOBPicker': table = 'EmployeeRoster' column = '3' row = '56'.	[MsgId: MMSG-13877]
Notify: Next row for parameter EmpWorkEmail = 56 [table  = EmpWorkEmail].	[MsgId: MMSG-13876]
Notify: Getting new value for parameter 'EmpWorkEmail': table = 'EmployeeRoster' column = '12' row = '56'.	[MsgId: MMSG-13877]
Notify: Next row for parameter EmpZip = 56 [table  = EmpZip].	[MsgId: MMSG-13876]
Notify: Getting new value for parameter 'EmpZip': table = 'EmployeeRoster' column = '11' row = '56'.	[MsgId: MMSG-13877]
Notify: Next row for parameter EmpAddressL1 = 56 [table  = EmpAddressL1].	[MsgId: MMSG-13876]
Notify: Getting new value for parameter 'EmpAddressL1': table = 'EmployeeRoster' column = '9' row = '56'.	[MsgId: MMSG-13877]
Notify: Next row for parameter EmpDOBDay = 56 [table  = EmpDOBDay].	[MsgId: MMSG-13876]
Notify: Getting new value for parameter 'EmpDOBDay': table = 'EmployeeRoster' column = '13' row = '56'.	[MsgId: MMSG-13877]
Notify: Next row for parameter EmpSpouseGender = 56 [table  = EmpSpouseGender].	[MsgId: MMSG-13876]
Notify: Getting new value for parameter 'EmpSpouseGender': table = 'EmployeeRoster' column = '17' row = '56'.	[MsgId: MMSG-13877]
Notify: Next row for parameter EmpSEX = 56 [table  = EmpSEX].	[MsgId: MMSG-13876]
Notify: Getting new value for parameter 'EmpSEX': table = 'EmployeeRoster' column = '6' row = '56'.	[MsgId: MMSG-13877]
Notify: Next row for parameter EmpDOB = 56 [table  = EmpDOB].	[MsgId: MMSG-13876]
Notify: Getting new value for parameter 'EmpDOB': table = 'EmployeeRoster' column = '4' row = '56'.	[MsgId: MMSG-13877]
Notify: Next row for parameter EmpDOBMonth = 56 [table  = EmpDOBMonth].	[MsgId: MMSG-13876]
Notify: Getting new value for parameter 'EmpDOBMonth': table = 'EmployeeRoster' column = '14' row = '56'.	[MsgId: MMSG-13877]
Starting action ScriptFlow.	[MsgId: MMSG-15919]
ScriptFlow.c(21): Think time - Waiting 2.00 seconds (according to limit).	[MsgId: MMSG-15946]
ScriptFlow.c(21): lr_think_time: 2.00 seconds (recorded think time was 10.00 seconds).	[MsgId: MMSG-15947]
EnrollAppLandingPage.c(5): web_reg_find started  	[MsgId: MMSG-26355]
EnrollAppLandingPage.c(5): Registering web_reg_find was successful  	[MsgId: MMSG-26390]
EnrollAppLandingPage.c(8): web_link("Skip to STEP 2, I already understand my options") started  	[MsgId: MMSG-26355]
EnrollAppLandingPage.c(8): Notify: Parameter Substitution: parameter "EnrollAppLandingPage" =  "enroll-preprod.dchbx.org"	[MsgId: MMSG-13992]
EnrollAppLandingPage.c(8): Notify: Parameter Substitution: parameter "EnrollAppLandingPage" =  "enroll-preprod.dchbx.org"	[MsgId: MMSG-13992]
EnrollAppLandingPage.c(8): Notify: Parameter Substitution: parameter "EnrollAppLandingPage" =  "enroll-preprod.dchbx.org"	[MsgId: MMSG-13992]
EnrollAppLandingPage.c(8): Error -27985: There is no context for HTML-based functions. A previous function may not have used "Mode=HTML" or downloaded only non-HTML page(s), or the context has been reset (e.g., due to a GUI-based function)  	[MsgId: MERR-27985]
EnrollAppLandingPage.c(8): Error -26366: "Text=Create account" not found for web_reg_find  	[MsgId: MERR-26366]
EnrollAppLandingPage.c(8): Error -26374: The above "not found" error(s) may be explained by header and body byte counts being 0 and 0, respectively.  	[MsgId: MERR-26374]
EnrollAppLandingPage.c(8): web_link("Skip to STEP 2, I already understand my options") highest severity level was "ERROR", 0 body bytes, 0 header bytes  	[MsgId: MMSG-26388]
Ending action ScriptFlow.	[MsgId: MMSG-15918]
Ending iteration 11.	[MsgId: MMSG-15965]
Starting iteration 12.	[MsgId: MMSG-15968]
Notify: Next row for parameter pEmpPrefix = 57 [table  = pEmpPrefix].	[MsgId: MMSG-13876]
Notify: Getting new value for parameter 'pEmpPrefix': table = 'pEmpPrefix.dat' column = '0' row = '57'.	[MsgId: MMSG-13877]
Notify: Next row for parameter EmpFName = 43 [table  = EmpFName].	[MsgId: MMSG-13876]
Notify: Getting new value for parameter 'EmpFName': table = 'EmployeeRoster' column = '0' row = '43'.	[MsgId: MMSG-13877]
Notify: Next row for parameter pEmlyePrefix = 57 [table  = pEmlyePrefix].	[MsgId: MMSG-13876]
Notify: Getting new value for parameter 'pEmlyePrefix': table = 'pEmpPrefix.dat' column = '1' row = '57'.	[MsgId: MMSG-13877]
Notify: Next row for parameter Carrier_ID = 1 [table  = Carrier_ID].	[MsgId: MMSG-13876]
Notify: Getting new value for parameter 'Carrier_ID': table = 'ReferencePlan.dat' column = '4' row = '1'.	[MsgId: MMSG-13877]
Notify: Next row for parameter EmpSSN = 43 [table  = EmpSSN].	[MsgId: MMSG-13876]
Notify: Getting new value for parameter 'EmpSSN': table = 'EmployeeRoster' column = '5' row = '43'.	[MsgId: MMSG-13877]
Notify: Next row for parameter EmpHireDatePicker = 43 [table  = EmpHireDatePicker].	[MsgId: MMSG-13876]
Notify: Getting new value for parameter 'EmpHireDatePicker': table = 'EmployeeRoster' column = '8' row = '43'.	[MsgId: MMSG-13877]
Notify: Next row for parameter EmpDOBYear = 43 [table  = EmpDOBYear].	[MsgId: MMSG-13876]
Notify: Getting new value for parameter 'EmpDOBYear': table = 'EmployeeRoster' column = '15' row = '43'.	[MsgId: MMSG-13877]
Notify: Next row for parameter EmpSpouseSSN = 43 [table  = EmpSpouseSSN].	[MsgId: MMSG-13876]
Notify: Getting new value for parameter 'EmpSpouseSSN': table = 'EmployeeRoster' column = '16' row = '43'.	[MsgId: MMSG-13877]
Notify: Next row for parameter EmpHireDate = 43 [table  = EmpHireDate].	[MsgId: MMSG-13876]
Notify: Getting new value for parameter 'EmpHireDate': table = 'EmployeeRoster' column = '7' row = '43'.	[MsgId: MMSG-13877]
Notify: Next row for parameter TxName = 1 [table  = TxName].	[MsgId: MMSG-13876]
Notify: Getting new value for parameter 'TxName': table = 'ReferencePlan.dat' column = '3' row = '1'.	[MsgId: MMSG-13877]
Notify: Next row for parameter EmpMI = 43 [table  = EmpMI].	[MsgId: MMSG-13876]
Notify: Getting new value for parameter 'EmpMI': table = 'EmployeeRoster' column = '1' row = '43'.	[MsgId: MMSG-13877]
Notify: Next row for parameter EmpCity = 43 [table  = EmpCity].	[MsgId: MMSG-13876]
Notify: Getting new value for parameter 'EmpCity': table = 'EmployeeRoster' column = '10' row = '43'.	[MsgId: MMSG-13877]
Notify: Next row for parameter EmpLName = 43 [table  = EmpLName].	[MsgId: MMSG-13876]
Notify: Getting new value for parameter 'EmpLName': table = 'EmployeeRoster' column = '2' row = '43'.	[MsgId: MMSG-13877]
Notify: Next row for parameter EmpDep1Relation = 43 [table  = EmpDep1Relation].	[MsgId: MMSG-13876]
Notify: Getting new value for parameter 'EmpDep1Relation': table = 'EmployeeRoster' column = '18' row = '43'.	[MsgId: MMSG-13877]
Notify: Next row for parameter Metal_Level = 1 [table  = Metal_Level].	[MsgId: MMSG-13876]
Notify: Getting new value for parameter 'Metal_Level': table = 'ReferencePlan.dat' column = '2' row = '1'.	[MsgId: MMSG-13877]
Notify: Next row for parameter PlanOption = 1 [table  = PlanOption].	[MsgId: MMSG-13876]
Notify: Getting new value for parameter 'PlanOption': table = 'ReferencePlan.dat' column = '1' row = '1'.	[MsgId: MMSG-13877]
Notify: Next row for parameter EmpDOBPicker = 43 [table  = EmpDOBPicker].	[MsgId: MMSG-13876]
Notify: Getting new value for parameter 'EmpDOBPicker': table = 'EmployeeRoster' column = '3' row = '43'.	[MsgId: MMSG-13877]
Notify: Next row for parameter EmpWorkEmail = 43 [table  = EmpWorkEmail].	[MsgId: MMSG-13876]
Notify: Getting new value for parameter 'EmpWorkEmail': table = 'EmployeeRoster' column = '12' row = '43'.	[MsgId: MMSG-13877]
Notify: Next row for parameter EmpZip = 43 [table  = EmpZip].	[MsgId: MMSG-13876]
Notify: Getting new value for parameter 'EmpZip': table = 'EmployeeRoster' column = '11' row = '43'.	[MsgId: MMSG-13877]
Notify: Next row for parameter EmpAddressL1 = 43 [table  = EmpAddressL1].	[MsgId: MMSG-13876]
Notify: Getting new value for parameter 'EmpAddressL1': table = 'EmployeeRoster' column = '9' row = '43'.	[MsgId: MMSG-13877]
Notify: Next row for parameter EmpDOBDay = 43 [table  = EmpDOBDay].	[MsgId: MMSG-13876]
Notify: Getting new value for parameter 'EmpDOBDay': table = 'EmployeeRoster' column = '13' row = '43'.	[MsgId: MMSG-13877]
Notify: Next row for parameter EmpSpouseGender = 43 [table  = EmpSpouseGender].	[MsgId: MMSG-13876]
Notify: Getting new value for parameter 'EmpSpouseGender': table = 'EmployeeRoster' column = '17' row = '43'.	[MsgId: MMSG-13877]
Notify: Next row for parameter EmpSEX = 43 [table  = EmpSEX].	[MsgId: MMSG-13876]
Notify: Getting new value for parameter 'EmpSEX': table = 'EmployeeRoster' column = '6' row = '43'.	[MsgId: MMSG-13877]
Notify: Next row for parameter EmpDOB = 43 [table  = EmpDOB].	[MsgId: MMSG-13876]
Notify: Getting new value for parameter 'EmpDOB': table = 'EmployeeRoster' column = '4' row = '43'.	[MsgId: MMSG-13877]
Notify: Next row for parameter EmpDOBMonth = 43 [table  = EmpDOBMonth].	[MsgId: MMSG-13876]
Notify: Getting new value for parameter 'EmpDOBMonth': table = 'EmployeeRoster' column = '14' row = '43'.	[MsgId: MMSG-13877]
Starting action ScriptFlow.	[MsgId: MMSG-15919]
ScriptFlow.c(21): Think time - Waiting 2.00 seconds (according to limit).	[MsgId: MMSG-15946]
ScriptFlow.c(21): lr_think_time: 2.00 seconds (recorded think time was 10.00 seconds).	[MsgId: MMSG-15947]
EnrollAppLandingPage.c(5): web_reg_find started  	[MsgId: MMSG-26355]
EnrollAppLandingPage.c(5): Registering web_reg_find was successful  	[MsgId: MMSG-26390]
EnrollAppLandingPage.c(8): web_link("Skip to STEP 2, I already understand my options") started  	[MsgId: MMSG-26355]
EnrollAppLandingPage.c(8): Notify: Parameter Substitution: parameter "EnrollAppLandingPage" =  "enroll-preprod.dchbx.org"	[MsgId: MMSG-13992]
EnrollAppLandingPage.c(8): Notify: Parameter Substitution: parameter "EnrollAppLandingPage" =  "enroll-preprod.dchbx.org"	[MsgId: MMSG-13992]
EnrollAppLandingPage.c(8): Notify: Parameter Substitution: parameter "EnrollAppLandingPage" =  "enroll-preprod.dchbx.org"	[MsgId: MMSG-13992]
EnrollAppLandingPage.c(8): Error -27985: There is no context for HTML-based functions. A previous function may not have used "Mode=HTML" or downloaded only non-HTML page(s), or the context has been reset (e.g., due to a GUI-based function)  	[MsgId: MERR-27985]
EnrollAppLandingPage.c(8): Error -26366: "Text=Create account" not found for web_reg_find  	[MsgId: MERR-26366]
EnrollAppLandingPage.c(8): Error -26374: The above "not found" error(s) may be explained by header and body byte counts being 0 and 0, respectively.  	[MsgId: MERR-26374]
EnrollAppLandingPage.c(8): web_link("Skip to STEP 2, I already understand my options") highest severity level was "ERROR", 0 body bytes, 0 header bytes  	[MsgId: MMSG-26388]
Ending action ScriptFlow.	[MsgId: MMSG-15918]
Ending iteration 12.	[MsgId: MMSG-15965]
Starting iteration 13.	[MsgId: MMSG-15968]
Notify: Next row for parameter pEmpPrefix = 26 [table  = pEmpPrefix].	[MsgId: MMSG-13876]
Notify: Getting new value for parameter 'pEmpPrefix': table = 'pEmpPrefix.dat' column = '0' row = '26'.	[MsgId: MMSG-13877]
Notify: Next row for parameter EmpFName = 13 [table  = EmpFName].	[MsgId: MMSG-13876]
Notify: Getting new value for parameter 'EmpFName': table = 'EmployeeRoster' column = '0' row = '13'.	[MsgId: MMSG-13877]
Notify: Next row for parameter pEmlyePrefix = 26 [table  = pEmlyePrefix].	[MsgId: MMSG-13876]
Notify: Getting new value for parameter 'pEmlyePrefix': table = 'pEmpPrefix.dat' column = '1' row = '26'.	[MsgId: MMSG-13877]
Notify: Next row for parameter Carrier_ID = 1 [table  = Carrier_ID].	[MsgId: MMSG-13876]
Notify: Getting new value for parameter 'Carrier_ID': table = 'ReferencePlan.dat' column = '4' row = '1'.	[MsgId: MMSG-13877]
Notify: Next row for parameter EmpSSN = 13 [table  = EmpSSN].	[MsgId: MMSG-13876]
Notify: Getting new value for parameter 'EmpSSN': table = 'EmployeeRoster' column = '5' row = '13'.	[MsgId: MMSG-13877]
Notify: Next row for parameter EmpHireDatePicker = 13 [table  = EmpHireDatePicker].	[MsgId: MMSG-13876]
Notify: Getting new value for parameter 'EmpHireDatePicker': table = 'EmployeeRoster' column = '8' row = '13'.	[MsgId: MMSG-13877]
Notify: Next row for parameter EmpDOBYear = 13 [table  = EmpDOBYear].	[MsgId: MMSG-13876]
Notify: Getting new value for parameter 'EmpDOBYear': table = 'EmployeeRoster' column = '15' row = '13'.	[MsgId: MMSG-13877]
Notify: Next row for parameter EmpSpouseSSN = 13 [table  = EmpSpouseSSN].	[MsgId: MMSG-13876]
Notify: Getting new value for parameter 'EmpSpouseSSN': table = 'EmployeeRoster' column = '16' row = '13'.	[MsgId: MMSG-13877]
Notify: Next row for parameter EmpHireDate = 13 [table  = EmpHireDate].	[MsgId: MMSG-13876]
Notify: Getting new value for parameter 'EmpHireDate': table = 'EmployeeRoster' column = '7' row = '13'.	[MsgId: MMSG-13877]
Notify: Next row for parameter TxName = 1 [table  = TxName].	[MsgId: MMSG-13876]
Notify: Getting new value for parameter 'TxName': table = 'ReferencePlan.dat' column = '3' row = '1'.	[MsgId: MMSG-13877]
Notify: Next row for parameter EmpMI = 13 [table  = EmpMI].	[MsgId: MMSG-13876]
Notify: Getting new value for parameter 'EmpMI': table = 'EmployeeRoster' column = '1' row = '13'.	[MsgId: MMSG-13877]
Notify: Next row for parameter EmpCity = 13 [table  = EmpCity].	[MsgId: MMSG-13876]
Notify: Getting new value for parameter 'EmpCity': table = 'EmployeeRoster' column = '10' row = '13'.	[MsgId: MMSG-13877]
Notify: Next row for parameter EmpLName = 13 [table  = EmpLName].	[MsgId: MMSG-13876]
Notify: Getting new value for parameter 'EmpLName': table = 'EmployeeRoster' column = '2' row = '13'.	[MsgId: MMSG-13877]
Notify: Next row for parameter EmpDep1Relation = 13 [table  = EmpDep1Relation].	[MsgId: MMSG-13876]
Notify: Getting new value for parameter 'EmpDep1Relation': table = 'EmployeeRoster' column = '18' row = '13'.	[MsgId: MMSG-13877]
Notify: Next row for parameter Metal_Level = 1 [table  = Metal_Level].	[MsgId: MMSG-13876]
Notify: Getting new value for parameter 'Metal_Level': table = 'ReferencePlan.dat' column = '2' row = '1'.	[MsgId: MMSG-13877]
Notify: Next row for parameter PlanOption = 1 [table  = PlanOption].	[MsgId: MMSG-13876]
Notify: Getting new value for parameter 'PlanOption': table = 'ReferencePlan.dat' column = '1' row = '1'.	[MsgId: MMSG-13877]
Notify: Next row for parameter EmpDOBPicker = 13 [table  = EmpDOBPicker].	[MsgId: MMSG-13876]
Notify: Getting new value for parameter 'EmpDOBPicker': table = 'EmployeeRoster' column = '3' row = '13'.	[MsgId: MMSG-13877]
Notify: Next row for parameter EmpWorkEmail = 13 [table  = EmpWorkEmail].	[MsgId: MMSG-13876]
Notify: Getting new value for parameter 'EmpWorkEmail': table = 'EmployeeRoster' column = '12' row = '13'.	[MsgId: MMSG-13877]
Notify: Next row for parameter EmpZip = 13 [table  = EmpZip].	[MsgId: MMSG-13876]
Notify: Getting new value for parameter 'EmpZip': table = 'EmployeeRoster' column = '11' row = '13'.	[MsgId: MMSG-13877]
Notify: Next row for parameter EmpAddressL1 = 13 [table  = EmpAddressL1].	[MsgId: MMSG-13876]
Notify: Getting new value for parameter 'EmpAddressL1': table = 'EmployeeRoster' column = '9' row = '13'.	[MsgId: MMSG-13877]
Notify: Next row for parameter EmpDOBDay = 13 [table  = EmpDOBDay].	[MsgId: MMSG-13876]
Notify: Getting new value for parameter 'EmpDOBDay': table = 'EmployeeRoster' column = '13' row = '13'.	[MsgId: MMSG-13877]
Notify: Next row for parameter EmpSpouseGender = 13 [table  = EmpSpouseGender].	[MsgId: MMSG-13876]
Notify: Getting new value for parameter 'EmpSpouseGender': table = 'EmployeeRoster' column = '17' row = '13'.	[MsgId: MMSG-13877]
Notify: Next row for parameter EmpSEX = 13 [table  = EmpSEX].	[MsgId: MMSG-13876]
Notify: Getting new value for parameter 'EmpSEX': table = 'EmployeeRoster' column = '6' row = '13'.	[MsgId: MMSG-13877]
Notify: Next row for parameter EmpDOB = 13 [table  = EmpDOB].	[MsgId: MMSG-13876]
Notify: Getting new value for parameter 'EmpDOB': table = 'EmployeeRoster' column = '4' row = '13'.	[MsgId: MMSG-13877]
Notify: Next row for parameter EmpDOBMonth = 13 [table  = EmpDOBMonth].	[MsgId: MMSG-13876]
Notify: Getting new value for parameter 'EmpDOBMonth': table = 'EmployeeRoster' column = '14' row = '13'.	[MsgId: MMSG-13877]
Starting action ScriptFlow.	[MsgId: MMSG-15919]
ScriptFlow.c(21): Think time - Waiting 2.00 seconds (according to limit).	[MsgId: MMSG-15946]
ScriptFlow.c(21): lr_think_time: 2.00 seconds (recorded think time was 10.00 seconds).	[MsgId: MMSG-15947]
EnrollAppLandingPage.c(5): web_reg_find started  	[MsgId: MMSG-26355]
EnrollAppLandingPage.c(5): Registering web_reg_find was successful  	[MsgId: MMSG-26390]
EnrollAppLandingPage.c(8): web_link("Skip to STEP 2, I already understand my options") started  	[MsgId: MMSG-26355]
EnrollAppLandingPage.c(8): Notify: Parameter Substitution: parameter "EnrollAppLandingPage" =  "enroll-preprod.dchbx.org"	[MsgId: MMSG-13992]
EnrollAppLandingPage.c(8): Notify: Parameter Substitution: parameter "EnrollAppLandingPage" =  "enroll-preprod.dchbx.org"	[MsgId: MMSG-13992]
EnrollAppLandingPage.c(8): Notify: Parameter Substitution: parameter "EnrollAppLandingPage" =  "enroll-preprod.dchbx.org"	[MsgId: MMSG-13992]
EnrollAppLandingPage.c(8): Error -27985: There is no context for HTML-based functions. A previous function may not have used "Mode=HTML" or downloaded only non-HTML page(s), or the context has been reset (e.g., due to a GUI-based function)  	[MsgId: MERR-27985]
EnrollAppLandingPage.c(8): Error -26366: "Text=Create account" not found for web_reg_find  	[MsgId: MERR-26366]
EnrollAppLandingPage.c(8): Error -26374: The above "not found" error(s) may be explained by header and body byte counts being 0 and 0, respectively.  	[MsgId: MERR-26374]
EnrollAppLandingPage.c(8): web_link("Skip to STEP 2, I already understand my options") highest severity level was "ERROR", 0 body bytes, 0 header bytes  	[MsgId: MMSG-26388]
Ending action ScriptFlow.	[MsgId: MMSG-15918]
Action was aborted.	[MsgId: MMSG-10694]
Ending Vuser...	[MsgId: MMSG-15966]
Starting action vuser_end.	[MsgId: MMSG-15919]
Ending action vuser_end.	[MsgId: MMSG-15918]
Vuser Terminated.	[MsgId: MMSG-15963]
Vuser 0 (thread 7576), ended OK."	[MsgId: MMSG-10695]
