Virtual User Script started at : 8/27/2015 11:43:28 PM	[MsgId: MMSG-15967]
Starting action vuser_init.	[MsgId: MMSG-15919]
Web Turbo Replay of LoadRunner 12.0.0 for Windows 7; build 2739 (Nov 30 2014 23:13:05)  	[MsgId: MMSG-27143]
Run mode: HTML  	[MsgId: MMSG-26993]
Run-Time Settings file: "C:\Users\francis.montenegro\AppData\Local\Temp\1\lr5tmpdirFIg.558\lrcfgSJB.559\cfgdOX.579"  	[MsgId: MMSG-27141]
vuser_init.c(15): Notify: Parameter Substitution: parameter "MillisSeed" =  "234328.816"	[MsgId: MMSG-13992]
Ending action vuser_init.	[MsgId: MMSG-15918]
Running Vuser...	[MsgId: MMSG-15964]
Starting iteration 1.	[MsgId: MMSG-15968]
Maximum number of concurrent connections per server: 6  	[MsgId: MMSG-26989]
Starting action ScriptFlow.	[MsgId: MMSG-15919]
EmployeeRosterSizeCalculator.c(4): Notify: Saving Parameter "Random = 92".	[MsgId: MMSG-13798]
EmployeeRosterSizeCalculator.c(24): Notify: Parameter Substitution: parameter "Random" =  "92"	[MsgId: MMSG-13992]
EmployeeRosterSizeCalculator.c(25): Notify: Saving Parameter "pEMPLOYEECOUNT = 44".	[MsgId: MMSG-13798]
EmployeeRosterSizeCalculator.c(26): Notify: Saving Parameter "pAddEmployeeTrName = 05_FortyToFiftyEmployee".	[MsgId: MMSG-13798]
LandingPage.c(4): web_set_sockets_option started  	[MsgId: MMSG-26355]
LandingPage.c(4): web_set_sockets_option was successful  	[MsgId: MMSG-26392]
LandingPage.c(6): Notify: Transaction "EMPLYR_0000_Landing_Page" started.	[MsgId: MMSG-16999]
LandingPage.c(8): web_url("10.83.84.161") started  	[MsgId: MMSG-26355]
LandingPage.c(8): Notify: Parameter Substitution: parameter "HTTP" =  "http"	[MsgId: MMSG-13992]
LandingPage.c(8): Notify: Parameter Substitution: parameter "host_10_83_84_161" =  "enroll_uat.dchbx.org"	[MsgId: MMSG-13992]
LandingPage.c(8): Found resource "http://enroll_uat.dchbx.org/assets/application-f46679a55900235b472472ac8659a877.css" in HTML "http://enroll_uat.dchbx.org/"  	[MsgId: MMSG-26659]
LandingPage.c(8): Found resource "http://enroll_uat.dchbx.org/assets/application-022817e729d78c2891542a42e4d3b541.js" in HTML "http://enroll_uat.dchbx.org/"  	[MsgId: MMSG-26659]
LandingPage.c(8): Found resource "https://fonts.googleapis.com/css?family=Open+Sans:300italic,400italic,600italic,700italic,800italic,400,300,600,700,800" in HTML "http://enroll_uat.dchbx.org/"  	[MsgId: MMSG-26659]
LandingPage.c(8): Found resource "http://enroll_uat.dchbx.org/assets/logo-43b272dcff33b1b3a8efb15e6f6c0e7c.png" in HTML "http://enroll_uat.dchbx.org/"  	[MsgId: MMSG-26659]
LandingPage.c(8): Found resource "http://enroll_uat.dchbx.org/assets/icons/phone-bcc17403386ca4171aae411f308ef6a1.png" in HTML "http://enroll_uat.dchbx.org/"  	[MsgId: MMSG-26659]
LandingPage.c(8): Found resource "http://enroll_uat.dchbx.org/assets/icons/mail-21b45f89893abcf4033b96e8a261354e.png" in HTML "http://enroll_uat.dchbx.org/"  	[MsgId: MMSG-26659]
LandingPage.c(8): Found resource "http://enroll_uat.dchbx.org/assets/icons/message-6a0a303d9fc72d557125912bdf9efed8.png" in HTML "http://enroll_uat.dchbx.org/"  	[MsgId: MMSG-26659]
LandingPage.c(8): web_url("10.83.84.161") was successful, 865251 body bytes, 3211 header bytes, 212 chunking overhead bytes  	[MsgId: MMSG-26385]
LandingPage.c(18): Notify: Transaction "EMPLYR_0000_Landing_Page" ended with a "Pass" status (Duration: 1.3054 Wasted Time: 1.0417).	[MsgId: MMSG-16871]
EmployerTab.c(4): Notify: Transaction "EMPLYR_0001_Click_on_Employer_Portal_Tab" started.	[MsgId: MMSG-16999]
EmployerTab.c(6): web_url("Employer Portal") started  	[MsgId: MMSG-26355]
EmployerTab.c(6): Notify: Parameter Substitution: parameter "HTTP" =  "http"	[MsgId: MMSG-13992]
EmployerTab.c(6): Notify: Parameter Substitution: parameter "host_10_83_84_161" =  "enroll_uat.dchbx.org"	[MsgId: MMSG-13992]
EmployerTab.c(6): Notify: Parameter Substitution: parameter "HTTP" =  "http"	[MsgId: MMSG-13992]
EmployerTab.c(6): Notify: Parameter Substitution: parameter "host_10_83_84_161" =  "enroll_uat.dchbx.org"	[MsgId: MMSG-13992]
EmployerTab.c(6): Redirecting "http://enroll_uat.dchbx.org/employers/employer_profiles/new" (redirection depth is 0)  	[MsgId: MMSG-26694]
EmployerTab.c(6): To location "http://enroll_uat.dchbx.org/users/sign_in"  	[MsgId: MMSG-26693]
EmployerTab.c(6): Resource "http://enroll_uat.dchbx.org/assets/application-f46679a55900235b472472ac8659a877.css" is in the cache already and will not be downloaded again  	[MsgId: MMSG-26655]
EmployerTab.c(6): Resource "http://enroll_uat.dchbx.org/assets/application-022817e729d78c2891542a42e4d3b541.js" is in the cache already and will not be downloaded again  	[MsgId: MMSG-26655]
EmployerTab.c(6): Resource "https://fonts.googleapis.com/css?family=Open+Sans:300italic,400italic,600italic,700italic,800italic,400,300,600,700,800" is in the cache already and will not be downloaded again  	[MsgId: MMSG-26655]
EmployerTab.c(6): Resource "http://enroll_uat.dchbx.org/assets/logo-43b272dcff33b1b3a8efb15e6f6c0e7c.png" is in the cache already and will not be downloaded again  	[MsgId: MMSG-26655]
EmployerTab.c(6): Resource "http://enroll_uat.dchbx.org/assets/icons/phone-bcc17403386ca4171aae411f308ef6a1.png" is in the cache already and will not be downloaded again  	[MsgId: MMSG-26655]
EmployerTab.c(6): Resource "http://enroll_uat.dchbx.org/assets/icons/mail-21b45f89893abcf4033b96e8a261354e.png" is in the cache already and will not be downloaded again  	[MsgId: MMSG-26655]
EmployerTab.c(6): Resource "http://enroll_uat.dchbx.org/assets/icons/message-6a0a303d9fc72d557125912bdf9efed8.png" is in the cache already and will not be downloaded again  	[MsgId: MMSG-26655]
EmployerTab.c(6): web_url("Employer Portal") was successful, 20794 body bytes, 874 header bytes  	[MsgId: MMSG-26386]
EmployerTab.c(16): Notify: Transaction "EMPLYR_0001_Click_on_Employer_Portal_Tab" ended with a "Pass" status (Duration: 0.0513).	[MsgId: MMSG-16873]
EmployerCreateAccount.c(4): web_set_sockets_option started  	[MsgId: MMSG-26355]
EmployerCreateAccount.c(4): web_set_sockets_option was successful  	[MsgId: MMSG-26392]
EmployerCreateAccount.c(6): web_reg_save_param started  	[MsgId: MMSG-26355]
EmployerCreateAccount.c(6): Registering web_reg_save_param was successful  	[MsgId: MMSG-26390]
EmployerCreateAccount.c(8): Notify: Transaction "EMPLYR_0002_Click_on_Create_Account" started.	[MsgId: MMSG-16999]
EmployerCreateAccount.c(10): web_url("Create account") started  	[MsgId: MMSG-26355]
EmployerCreateAccount.c(10): Notify: Parameter Substitution: parameter "HTTP" =  "http"	[MsgId: MMSG-13992]
EmployerCreateAccount.c(10): Notify: Parameter Substitution: parameter "host_10_83_84_161" =  "enroll_uat.dchbx.org"	[MsgId: MMSG-13992]
EmployerCreateAccount.c(10): Notify: Parameter Substitution: parameter "HTTP" =  "http"	[MsgId: MMSG-13992]
EmployerCreateAccount.c(10): Notify: Parameter Substitution: parameter "host_10_83_84_161" =  "enroll_uat.dchbx.org"	[MsgId: MMSG-13992]
EmployerCreateAccount.c(10): Notify: Saving Parameter "AUTH_TOKEN_1 = hRVE9sL6ID6K7fLmG9jtIh21amco/1AUGlH5IPxJaJLbwoyFTwq+IHNqNim3pIpnu7isWsJL8WnbiacHH6j+EA==".	[MsgId: MMSG-13798]
EmployerCreateAccount.c(10): Resource "http://enroll_uat.dchbx.org/assets/application-f46679a55900235b472472ac8659a877.css" is in the cache already and will not be downloaded again  	[MsgId: MMSG-26655]
EmployerCreateAccount.c(10): Resource "http://enroll_uat.dchbx.org/assets/application-022817e729d78c2891542a42e4d3b541.js" is in the cache already and will not be downloaded again  	[MsgId: MMSG-26655]
EmployerCreateAccount.c(10): Resource "https://fonts.googleapis.com/css?family=Open+Sans:300italic,400italic,600italic,700italic,800italic,400,300,600,700,800" is in the cache already and will not be downloaded again  	[MsgId: MMSG-26655]
EmployerCreateAccount.c(10): Resource "http://enroll_uat.dchbx.org/assets/logo-43b272dcff33b1b3a8efb15e6f6c0e7c.png" is in the cache already and will not be downloaded again  	[MsgId: MMSG-26655]
EmployerCreateAccount.c(10): Resource "http://enroll_uat.dchbx.org/assets/icons/phone-bcc17403386ca4171aae411f308ef6a1.png" is in the cache already and will not be downloaded again  	[MsgId: MMSG-26655]
EmployerCreateAccount.c(10): Resource "http://enroll_uat.dchbx.org/assets/icons/mail-21b45f89893abcf4033b96e8a261354e.png" is in the cache already and will not be downloaded again  	[MsgId: MMSG-26655]
EmployerCreateAccount.c(10): Resource "http://enroll_uat.dchbx.org/assets/icons/message-6a0a303d9fc72d557125912bdf9efed8.png" is in the cache already and will not be downloaded again  	[MsgId: MMSG-26655]
EmployerCreateAccount.c(10): web_url("Create account") was successful, 20828 body bytes, 444 header bytes  	[MsgId: MMSG-26386]
EmployerCreateAccount.c(20): Notify: Transaction "EMPLYR_0002_Click_on_Create_Account" ended with a "Pass" status (Duration: 0.0402 Wasted Time: 0.0004).	[MsgId: MMSG-16871]
EmployerCreateAccount.c(24): web_reg_save_param started  	[MsgId: MMSG-26355]
EmployerCreateAccount.c(24): Registering web_reg_save_param was successful  	[MsgId: MMSG-26390]
EmployerCreateAccount.c(25): web_reg_find started  	[MsgId: MMSG-26355]
EmployerCreateAccount.c(25): Registering web_reg_find was successful  	[MsgId: MMSG-26390]
EmployerCreateAccount.c(27): Notify: Transaction "EMPLYR_0003_Create_Account_Submit" started.	[MsgId: MMSG-16999]
EmployerCreateAccount.c(29): web_submit_data("users") started  	[MsgId: MMSG-26355]
EmployerCreateAccount.c(29): Notify: Parameter Substitution: parameter "HTTP" =  "http"	[MsgId: MMSG-13992]
EmployerCreateAccount.c(29): Notify: Parameter Substitution: parameter "host_10_83_84_161" =  "enroll_uat.dchbx.org"	[MsgId: MMSG-13992]
EmployerCreateAccount.c(29): Notify: Parameter Substitution: parameter "HTTP" =  "http"	[MsgId: MMSG-13992]
EmployerCreateAccount.c(29): Notify: Parameter Substitution: parameter "host_10_83_84_161" =  "enroll_uat.dchbx.org"	[MsgId: MMSG-13992]
EmployerCreateAccount.c(29): Notify: Parameter Substitution: parameter "AUTH_TOKEN_1" =  "hRVE9sL6ID6K7fLmG9jtIh21amco/1AUGlH5IPxJaJLbwoyFTwq+IHNqNim3pIpnu7isWsJL8WnbiacHH6j+EA=="	[MsgId: MMSG-13992]
EmployerCreateAccount.c(29): Notify: Parameter Substitution: parameter "HTTP" =  "http"	[MsgId: MMSG-13992]
EmployerCreateAccount.c(29): Notify: Parameter Substitution: parameter "host_10_83_84_161" =  "enroll_uat.dchbx.org"	[MsgId: MMSG-13992]
EmployerCreateAccount.c(29): Notify: Parameter Substitution: parameter "pEmpPrefix" =  "BIZ-FM46"	[MsgId: MMSG-13992]
EmployerCreateAccount.c(29): Notify: Parameter Substitution: parameter "FEIN" =  "772763985"	[MsgId: MMSG-13992]
EmployerCreateAccount.c(29): Redirecting "http://enroll_uat.dchbx.org/users" (redirection depth is 0)  	[MsgId: MMSG-26694]
EmployerCreateAccount.c(29): To location "http://enroll_uat.dchbx.org/employers"  	[MsgId: MMSG-26693]
EmployerCreateAccount.c(29): Notify: Saving Parameter "AUTH_TOKEN_2 = 16BNLiUrylMXXrpUq4eP4CQHEuiF4bFG20WSqd6CAx+Jd4VdqNtUTe7ZfpsH++ilggrU1W9VEDsancyOPWOVnQ==".	[MsgId: MMSG-13798]
EmployerCreateAccount.c(29): Resource "http://enroll_uat.dchbx.org/assets/application-f46679a55900235b472472ac8659a877.css" is in the cache already and will not be downloaded again  	[MsgId: MMSG-26655]
EmployerCreateAccount.c(29): Resource "http://enroll_uat.dchbx.org/assets/application-022817e729d78c2891542a42e4d3b541.js" is in the cache already and will not be downloaded again  	[MsgId: MMSG-26655]
EmployerCreateAccount.c(29): Resource "https://fonts.googleapis.com/css?family=Open+Sans:300italic,400italic,600italic,700italic,800italic,400,300,600,700,800" is in the cache already and will not be downloaded again  	[MsgId: MMSG-26655]
EmployerCreateAccount.c(29): Resource "http://enroll_uat.dchbx.org/assets/logo-43b272dcff33b1b3a8efb15e6f6c0e7c.png" is in the cache already and will not be downloaded again  	[MsgId: MMSG-26655]
EmployerCreateAccount.c(29): Found resource "http://enroll_uat.dchbx.org/assets/delete-572c7c3f8a253bbebedd9b5735b044af.png" in HTML "http://enroll_uat.dchbx.org/employers"  	[MsgId: MMSG-26659]
EmployerCreateAccount.c(29): Resource "http://enroll_uat.dchbx.org/assets/icons/phone-bcc17403386ca4171aae411f308ef6a1.png" is in the cache already and will not be downloaded again  	[MsgId: MMSG-26655]
EmployerCreateAccount.c(29): Resource "http://enroll_uat.dchbx.org/assets/icons/mail-21b45f89893abcf4033b96e8a261354e.png" is in the cache already and will not be downloaded again  	[MsgId: MMSG-26655]
EmployerCreateAccount.c(29): Resource "http://enroll_uat.dchbx.org/assets/icons/message-6a0a303d9fc72d557125912bdf9efed8.png" is in the cache already and will not be downloaded again  	[MsgId: MMSG-26655]
EmployerCreateAccount.c(29): Registered web_reg_find successful for "Text=Your account has been created" (count=1)  	[MsgId: MMSG-26364]
EmployerCreateAccount.c(29): Notify: Saving Parameter "CreateAccountCount = 1".	[MsgId: MMSG-13798]
EmployerCreateAccount.c(29): web_submit_data("users") was successful, 32758 body bytes, 1406 header bytes  	[MsgId: MMSG-26386]
EmployerCreateAccount.c(49): Notify: Parameter Substitution: parameter "CreateAccountCount" =  "1"	[MsgId: MMSG-13992]
EmployerCreateAccount.c(57): Notify: Transaction "EMPLYR_0003_Create_Account_Submit" ended with a "Pass" status (Duration: 0.2169 Wasted Time: 0.0004).	[MsgId: MMSG-16871]
ScriptFlow.c(24): Notify: Saving Parameter "LegalName = 5".	[MsgId: MMSG-13798]
ScriptFlow.c(26): Notify: Parameter Substitution: parameter "LegalName" =  "5"	[MsgId: MMSG-13992]
randomname.h(15): Notify: Saving Parameter "LegalName = zdkcu".	[MsgId: MMSG-13798]
EmployerCreateProfile.c(4): web_reg_save_param started  	[MsgId: MMSG-26355]
EmployerCreateProfile.c(4): Registering web_reg_save_param was successful  	[MsgId: MMSG-26390]
EmployerCreateProfile.c(6): Notify: Transaction "EMPLYR_0005_CreateBusinesss_Profile" started.	[MsgId: MMSG-16999]
EmployerCreateProfile.c(8): web_submit_data("employer_profiles") started  	[MsgId: MMSG-26355]
EmployerCreateProfile.c(8): Notify: Parameter Substitution: parameter "HTTP" =  "http"	[MsgId: MMSG-13992]
EmployerCreateProfile.c(8): Notify: Parameter Substitution: parameter "host_10_83_84_161" =  "enroll_uat.dchbx.org"	[MsgId: MMSG-13992]
EmployerCreateProfile.c(8): Notify: Parameter Substitution: parameter "HTTP" =  "http"	[MsgId: MMSG-13992]
EmployerCreateProfile.c(8): Notify: Parameter Substitution: parameter "host_10_83_84_161" =  "enroll_uat.dchbx.org"	[MsgId: MMSG-13992]
EmployerCreateProfile.c(8): Notify: Parameter Substitution: parameter "AUTH_TOKEN_2" =  "16BNLiUrylMXXrpUq4eP4CQHEuiF4bFG20WSqd6CAx+Jd4VdqNtUTe7ZfpsH++ilggrU1W9VEDsancyOPWOVnQ=="	[MsgId: MMSG-13992]
EmployerCreateProfile.c(8): Notify: Parameter Substitution: parameter "FEIN" =  "772763985"	[MsgId: MMSG-13992]
EmployerCreateProfile.c(8): Notify: Parameter Substitution: parameter "FEIN" =  "772763985"	[MsgId: MMSG-13992]
EmployerCreateProfile.c(8): Notify: Parameter Substitution: parameter "LegalName" =  "zdkcu"	[MsgId: MMSG-13992]
EmployerCreateProfile.c(8): Notify: Parameter Substitution: parameter "FEIN" =  "772763985"	[MsgId: MMSG-13992]
EmployerCreateProfile.c(8): Notify: Parameter Substitution: parameter "FEIN" =  "772763985"	[MsgId: MMSG-13992]
EmployerCreateProfile.c(8): Notify: Parameter Substitution: parameter "FEIN" =  "772763985"	[MsgId: MMSG-13992]
EmployerCreateProfile.c(8): Resource "http://enroll_uat.dchbx.org/assets/application-f46679a55900235b472472ac8659a877.css" is in the cache already and will not be downloaded again  	[MsgId: MMSG-26655]
EmployerCreateProfile.c(8): Resource "http://enroll_uat.dchbx.org/assets/application-022817e729d78c2891542a42e4d3b541.js" is in the cache already and will not be downloaded again  	[MsgId: MMSG-26655]
EmployerCreateProfile.c(8): Resource "https://fonts.googleapis.com/css?family=Open+Sans:300italic,400italic,600italic,700italic,800italic,400,300,600,700,800" is in the cache already and will not be downloaded again  	[MsgId: MMSG-26655]
EmployerCreateProfile.c(8): Resource "http://enroll_uat.dchbx.org/assets/logo-43b272dcff33b1b3a8efb15e6f6c0e7c.png" is in the cache already and will not be downloaded again  	[MsgId: MMSG-26655]
EmployerCreateProfile.c(8): Resource "http://enroll_uat.dchbx.org/assets/delete-572c7c3f8a253bbebedd9b5735b044af.png" is in the cache already and will not be downloaded again  	[MsgId: MMSG-26655]
EmployerCreateProfile.c(8): Resource "http://enroll_uat.dchbx.org/assets/icons/phone-bcc17403386ca4171aae411f308ef6a1.png" is in the cache already and will not be downloaded again  	[MsgId: MMSG-26655]
EmployerCreateProfile.c(8): Resource "http://enroll_uat.dchbx.org/assets/icons/mail-21b45f89893abcf4033b96e8a261354e.png" is in the cache already and will not be downloaded again  	[MsgId: MMSG-26655]
EmployerCreateProfile.c(8): Resource "http://enroll_uat.dchbx.org/assets/icons/message-6a0a303d9fc72d557125912bdf9efed8.png" is in the cache already and will not be downloaded again  	[MsgId: MMSG-26655]
EmployerCreateProfile.c(8): Error -26377: No match found for the requested parameter "EMPLOYER_ID". Check whether the requested boundaries exist in the response data. Also, if the data you want to save exceeds 256 bytes, use web_set_max_html_param_len to increase the parameter size  	[MsgId: MERR-26377]
EmployerCreateProfile.c(8): Notify: Saving Parameter "EMPLOYER_ID = ".	[MsgId: MMSG-13798]
EmployerCreateProfile.c(8): web_submit_data("employer_profiles") highest severity level was "ERROR", 31793 body bytes, 485 header bytes  	[MsgId: MMSG-26388]
EmployerCreateProfile.c(8): Notify: Transaction "EMPLYR_0005_CreateBusinesss_Profile" ended with a "Fail" status (Duration: 0.4522 Wasted Time: 0.0003).	[MsgId: MMSG-16871]
EmployerCreateProfile.c(8): Notify: Transaction "EMPLYR_0005_CreateBusinesss_Profile" has 1 error message(s).	[MsgId: MMSG-16818]
EmployerCreateProfile.c(8): Notify: The 1st error message associated with transaction "EMPLYR_0005_CreateBusinesss_Profile" is "Error -26377: No match found for the requested parameter "EMPLOYER_ID". Check whether the requested boundaries exist in the response data. Also, if the data you want to save exceeds 256 bytes, use web_set_max_html_param_len to increase the parameter size"	[MsgId: MMSG-16819]
Ending action ScriptFlow.	[MsgId: MMSG-15918]
Ending iteration 1.	[MsgId: MMSG-15965]
Ending Vuser...	[MsgId: MMSG-15966]
Starting action vuser_end.	[MsgId: MMSG-15919]
Ending action vuser_end.	[MsgId: MMSG-15918]
Vuser Terminated.	[MsgId: MMSG-15963]
Vuser 0 (thread 8572), ended OK."	[MsgId: MMSG-10695]
