Virtual User Script started at : 8/27/2015 11:22:33 PM	[MsgId: MMSG-15967]
Starting action vuser_init.	[MsgId: MMSG-15919]
Web Turbo Replay of LoadRunner 12.0.0 for Windows 7; build 2739 (Nov 30 2014 23:13:05)  	[MsgId: MMSG-27143]
Run mode: HTML  	[MsgId: MMSG-26993]
Run-Time Settings file: "C:\Users\francis.montenegro\AppData\Local\Temp\1\lr5tmpdirFIg.558\lrcfgSJB.559\cfgwLB.573"  	[MsgId: MMSG-27141]
vuser_init.c(15): Notify: Parameter Substitution: parameter "MillisSeed" =  "232233.796"	[MsgId: MMSG-13992]
Ending action vuser_init.	[MsgId: MMSG-15918]
Running Vuser...	[MsgId: MMSG-15964]
Starting iteration 1.	[MsgId: MMSG-15968]
Maximum number of concurrent connections per server: 6  	[MsgId: MMSG-26989]
Starting action ScriptFlow.	[MsgId: MMSG-15919]
EmployeeRosterSizeCalculator.c(4): Notify: Saving Parameter "Random = 2".	[MsgId: MMSG-13798]
EmployeeRosterSizeCalculator.c(24): Notify: Parameter Substitution: parameter "Random" =  "2"	[MsgId: MMSG-13992]
EmployeeRosterSizeCalculator.c(28): Notify: Parameter Substitution: parameter "Random" =  "2"	[MsgId: MMSG-13992]
EmployeeRosterSizeCalculator.c(32): Notify: Parameter Substitution: parameter "Random" =  "2"	[MsgId: MMSG-13992]
EmployeeRosterSizeCalculator.c(36): Notify: Parameter Substitution: parameter "Random" =  "2"	[MsgId: MMSG-13992]
EmployeeRosterSizeCalculator.c(41): Notify: Saving Parameter "pEMPLOYEECOUNT = 3".	[MsgId: MMSG-13798]
EmployeeRosterSizeCalculator.c(42): Notify: Saving Parameter "pAddEmployeeTrName = 01_OneToTenEmployee".	[MsgId: MMSG-13798]
LandingPage.c(4): web_set_sockets_option started  	[MsgId: MMSG-26355]
LandingPage.c(4): web_set_sockets_option was successful  	[MsgId: MMSG-26392]
LandingPage.c(6): Notify: Transaction "EMPLYR_0000_Landing_Page" started.	[MsgId: MMSG-16999]
LandingPage.c(8): web_url("10.83.84.161") started  	[MsgId: MMSG-26355]
LandingPage.c(8): Notify: Parameter Substitution: parameter "HTTP" =  "http"	[MsgId: MMSG-13992]
LandingPage.c(8): Notify: Parameter Substitution: parameter "host_10_83_84_161" =  "enroll_uat.dchbx.org"	[MsgId: MMSG-13992]
LandingPage.c(8): Found resource "http://enroll_uat.dchbx.org/assets/application-f46679a55900235b472472ac8659a877.css" in HTML "http://enroll_uat.dchbx.org/"  	[MsgId: MMSG-26659]
LandingPage.c(8): Found resource "http://enroll_uat.dchbx.org/assets/application-022817e729d78c2891542a42e4d3b541.js" in HTML "http://enroll_uat.dchbx.org/"  	[MsgId: MMSG-26659]
LandingPage.c(8): Found resource "https://fonts.googleapis.com/css?family=Open+Sans:300italic,400italic,600italic,700italic,800italic,400,300,600,700,800" in HTML "http://enroll_uat.dchbx.org/"  	[MsgId: MMSG-26659]
LandingPage.c(8): Found resource "http://enroll_uat.dchbx.org/assets/logo-43b272dcff33b1b3a8efb15e6f6c0e7c.png" in HTML "http://enroll_uat.dchbx.org/"  	[MsgId: MMSG-26659]
LandingPage.c(8): Found resource "http://enroll_uat.dchbx.org/assets/icons/phone-bcc17403386ca4171aae411f308ef6a1.png" in HTML "http://enroll_uat.dchbx.org/"  	[MsgId: MMSG-26659]
LandingPage.c(8): Found resource "http://enroll_uat.dchbx.org/assets/icons/mail-21b45f89893abcf4033b96e8a261354e.png" in HTML "http://enroll_uat.dchbx.org/"  	[MsgId: MMSG-26659]
LandingPage.c(8): Found resource "http://enroll_uat.dchbx.org/assets/icons/message-6a0a303d9fc72d557125912bdf9efed8.png" in HTML "http://enroll_uat.dchbx.org/"  	[MsgId: MMSG-26659]
LandingPage.c(8): web_url("10.83.84.161") was successful, 865251 body bytes, 3211 header bytes, 200 chunking overhead bytes  	[MsgId: MMSG-26385]
LandingPage.c(18): Notify: Transaction "EMPLYR_0000_Landing_Page" ended with a "Pass" status (Duration: 1.3323 Wasted Time: 1.0529).	[MsgId: MMSG-16871]
LandingPage.c(20): lr_think_time: 11.00 seconds.	[MsgId: MMSG-15948]
ScriptFlow.c(12): lr_think_time: 12.00 seconds.	[MsgId: MMSG-15948]
EmployerTab.c(4): Notify: Transaction "EMPLYR_0001_Click_on_Employer_Portal_Tab" started.	[MsgId: MMSG-16999]
EmployerTab.c(6): web_url("Employer Portal") started  	[MsgId: MMSG-26355]
EmployerTab.c(6): Notify: Parameter Substitution: parameter "HTTP" =  "http"	[MsgId: MMSG-13992]
EmployerTab.c(6): Notify: Parameter Substitution: parameter "host_10_83_84_161" =  "enroll_uat.dchbx.org"	[MsgId: MMSG-13992]
EmployerTab.c(6): Notify: Parameter Substitution: parameter "HTTP" =  "http"	[MsgId: MMSG-13992]
EmployerTab.c(6): Notify: Parameter Substitution: parameter "host_10_83_84_161" =  "enroll_uat.dchbx.org"	[MsgId: MMSG-13992]
EmployerTab.c(6): Redirecting "http://enroll_uat.dchbx.org/employers/employer_profiles/new" (redirection depth is 0)  	[MsgId: MMSG-26694]
EmployerTab.c(6): To location "http://enroll_uat.dchbx.org/users/sign_in"  	[MsgId: MMSG-26693]
EmployerTab.c(6): Resource "http://enroll_uat.dchbx.org/assets/application-f46679a55900235b472472ac8659a877.css" is in the cache already and will not be downloaded again  	[MsgId: MMSG-26655]
EmployerTab.c(6): Resource "http://enroll_uat.dchbx.org/assets/application-022817e729d78c2891542a42e4d3b541.js" is in the cache already and will not be downloaded again  	[MsgId: MMSG-26655]
EmployerTab.c(6): Resource "https://fonts.googleapis.com/css?family=Open+Sans:300italic,400italic,600italic,700italic,800italic,400,300,600,700,800" is in the cache already and will not be downloaded again  	[MsgId: MMSG-26655]
EmployerTab.c(6): Resource "http://enroll_uat.dchbx.org/assets/logo-43b272dcff33b1b3a8efb15e6f6c0e7c.png" is in the cache already and will not be downloaded again  	[MsgId: MMSG-26655]
EmployerTab.c(6): Resource "http://enroll_uat.dchbx.org/assets/icons/phone-bcc17403386ca4171aae411f308ef6a1.png" is in the cache already and will not be downloaded again  	[MsgId: MMSG-26655]
EmployerTab.c(6): Resource "http://enroll_uat.dchbx.org/assets/icons/mail-21b45f89893abcf4033b96e8a261354e.png" is in the cache already and will not be downloaded again  	[MsgId: MMSG-26655]
EmployerTab.c(6): Resource "http://enroll_uat.dchbx.org/assets/icons/message-6a0a303d9fc72d557125912bdf9efed8.png" is in the cache already and will not be downloaded again  	[MsgId: MMSG-26655]
EmployerTab.c(6): web_url("Employer Portal") was successful, 20794 body bytes, 874 header bytes  	[MsgId: MMSG-26386]
EmployerTab.c(16): Notify: Transaction "EMPLYR_0001_Click_on_Employer_Portal_Tab" ended with a "Pass" status (Duration: 0.0535).	[MsgId: MMSG-16873]
ScriptFlow.c(18): lr_think_time: 10.00 seconds.	[MsgId: MMSG-15948]
EmployerCreateAccount.c(4): web_set_sockets_option started  	[MsgId: MMSG-26355]
EmployerCreateAccount.c(4): web_set_sockets_option was successful  	[MsgId: MMSG-26392]
EmployerCreateAccount.c(6): web_reg_save_param started  	[MsgId: MMSG-26355]
EmployerCreateAccount.c(6): Registering web_reg_save_param was successful  	[MsgId: MMSG-26390]
EmployerCreateAccount.c(8): Notify: Transaction "EMPLYR_0002_Click_on_Create_Account" started.	[MsgId: MMSG-16999]
EmployerCreateAccount.c(10): web_url("Create account") started  	[MsgId: MMSG-26355]
EmployerCreateAccount.c(10): Notify: Parameter Substitution: parameter "HTTP" =  "http"	[MsgId: MMSG-13992]
EmployerCreateAccount.c(10): Notify: Parameter Substitution: parameter "host_10_83_84_161" =  "enroll_uat.dchbx.org"	[MsgId: MMSG-13992]
EmployerCreateAccount.c(10): Notify: Parameter Substitution: parameter "HTTP" =  "http"	[MsgId: MMSG-13992]
EmployerCreateAccount.c(10): Notify: Parameter Substitution: parameter "host_10_83_84_161" =  "enroll_uat.dchbx.org"	[MsgId: MMSG-13992]
EmployerCreateAccount.c(10): Notify: Saving Parameter "AUTH_TOKEN_1 = fqjGq/AgsICCyWABGctK7zP9Is7uDpHPIsHBGbbMdCpZKbgCGHscpGyvxBbV0/TvP3VxAo4tK/LLtYC1jY2uaQ==".	[MsgId: MMSG-13798]
EmployerCreateAccount.c(10): Resource "http://enroll_uat.dchbx.org/assets/application-f46679a55900235b472472ac8659a877.css" is in the cache already and will not be downloaded again  	[MsgId: MMSG-26655]
EmployerCreateAccount.c(10): Resource "http://enroll_uat.dchbx.org/assets/application-022817e729d78c2891542a42e4d3b541.js" is in the cache already and will not be downloaded again  	[MsgId: MMSG-26655]
EmployerCreateAccount.c(10): Resource "https://fonts.googleapis.com/css?family=Open+Sans:300italic,400italic,600italic,700italic,800italic,400,300,600,700,800" is in the cache already and will not be downloaded again  	[MsgId: MMSG-26655]
EmployerCreateAccount.c(10): Resource "http://enroll_uat.dchbx.org/assets/logo-43b272dcff33b1b3a8efb15e6f6c0e7c.png" is in the cache already and will not be downloaded again  	[MsgId: MMSG-26655]
EmployerCreateAccount.c(10): Resource "http://enroll_uat.dchbx.org/assets/icons/phone-bcc17403386ca4171aae411f308ef6a1.png" is in the cache already and will not be downloaded again  	[MsgId: MMSG-26655]
EmployerCreateAccount.c(10): Resource "http://enroll_uat.dchbx.org/assets/icons/mail-21b45f89893abcf4033b96e8a261354e.png" is in the cache already and will not be downloaded again  	[MsgId: MMSG-26655]
EmployerCreateAccount.c(10): Resource "http://enroll_uat.dchbx.org/assets/icons/message-6a0a303d9fc72d557125912bdf9efed8.png" is in the cache already and will not be downloaded again  	[MsgId: MMSG-26655]
EmployerCreateAccount.c(10): web_url("Create account") was successful, 20828 body bytes, 444 header bytes  	[MsgId: MMSG-26386]
EmployerCreateAccount.c(20): Notify: Transaction "EMPLYR_0002_Click_on_Create_Account" ended with a "Pass" status (Duration: 0.0368 Wasted Time: 0.0004).	[MsgId: MMSG-16871]
EmployerCreateAccount.c(22): lr_think_time: 11.00 seconds.	[MsgId: MMSG-15948]
EmployerCreateAccount.c(24): web_reg_save_param started  	[MsgId: MMSG-26355]
EmployerCreateAccount.c(24): Registering web_reg_save_param was successful  	[MsgId: MMSG-26390]
EmployerCreateAccount.c(25): web_reg_find started  	[MsgId: MMSG-26355]
EmployerCreateAccount.c(25): Registering web_reg_find was successful  	[MsgId: MMSG-26390]
EmployerCreateAccount.c(27): Notify: Transaction "EMPLYR_0003_Create_Account_Submit" started.	[MsgId: MMSG-16999]
EmployerCreateAccount.c(29): web_submit_data("users") started  	[MsgId: MMSG-26355]
EmployerCreateAccount.c(29): Notify: Parameter Substitution: parameter "HTTP" =  "http"	[MsgId: MMSG-13992]
EmployerCreateAccount.c(29): Notify: Parameter Substitution: parameter "host_10_83_84_161" =  "enroll_uat.dchbx.org"	[MsgId: MMSG-13992]
EmployerCreateAccount.c(29): Notify: Parameter Substitution: parameter "HTTP" =  "http"	[MsgId: MMSG-13992]
EmployerCreateAccount.c(29): Notify: Parameter Substitution: parameter "host_10_83_84_161" =  "enroll_uat.dchbx.org"	[MsgId: MMSG-13992]
EmployerCreateAccount.c(29): Notify: Parameter Substitution: parameter "AUTH_TOKEN_1" =  "fqjGq/AgsICCyWABGctK7zP9Is7uDpHPIsHBGbbMdCpZKbgCGHscpGyvxBbV0/TvP3VxAo4tK/LLtYC1jY2uaQ=="	[MsgId: MMSG-13992]
EmployerCreateAccount.c(29): Notify: Parameter Substitution: parameter "HTTP" =  "http"	[MsgId: MMSG-13992]
EmployerCreateAccount.c(29): Notify: Parameter Substitution: parameter "host_10_83_84_161" =  "enroll_uat.dchbx.org"	[MsgId: MMSG-13992]
EmployerCreateAccount.c(29): Notify: Parameter Substitution: parameter "pEmpPrefix" =  "BIZ-FM75"	[MsgId: MMSG-13992]
EmployerCreateAccount.c(29): Notify: Parameter Substitution: parameter "FEIN" =  "705387384"	[MsgId: MMSG-13992]
EmployerCreateAccount.c(29): Notify: Saving Parameter "AUTH_TOKEN_2 = MoW02Qfwh7k2gLPPIsQLZRK5pGVLSbSw3RdWgPK3LPsVBMpw76srndjmF9ju3LVlHjH3qStqDo00Yxcsyfb2uA==".	[MsgId: MMSG-13798]
EmployerCreateAccount.c(29): Resource "http://enroll_uat.dchbx.org/assets/application-f46679a55900235b472472ac8659a877.css" is in the cache already and will not be downloaded again  	[MsgId: MMSG-26655]
EmployerCreateAccount.c(29): Resource "http://enroll_uat.dchbx.org/assets/application-022817e729d78c2891542a42e4d3b541.js" is in the cache already and will not be downloaded again  	[MsgId: MMSG-26655]
EmployerCreateAccount.c(29): Resource "https://fonts.googleapis.com/css?family=Open+Sans:300italic,400italic,600italic,700italic,800italic,400,300,600,700,800" is in the cache already and will not be downloaded again  	[MsgId: MMSG-26655]
EmployerCreateAccount.c(29): Resource "http://enroll_uat.dchbx.org/assets/logo-43b272dcff33b1b3a8efb15e6f6c0e7c.png" is in the cache already and will not be downloaded again  	[MsgId: MMSG-26655]
EmployerCreateAccount.c(29): Resource "http://enroll_uat.dchbx.org/assets/icons/phone-bcc17403386ca4171aae411f308ef6a1.png" is in the cache already and will not be downloaded again  	[MsgId: MMSG-26655]
EmployerCreateAccount.c(29): Resource "http://enroll_uat.dchbx.org/assets/icons/mail-21b45f89893abcf4033b96e8a261354e.png" is in the cache already and will not be downloaded again  	[MsgId: MMSG-26655]
EmployerCreateAccount.c(29): Resource "http://enroll_uat.dchbx.org/assets/icons/message-6a0a303d9fc72d557125912bdf9efed8.png" is in the cache already and will not be downloaded again  	[MsgId: MMSG-26655]
EmployerCreateAccount.c(29): Registered web_reg_find successful for "Text=Your account has been created"  	[MsgId: MMSG-26362]
EmployerCreateAccount.c(29): Notify: Saving Parameter "CreateAccountCount = 0".	[MsgId: MMSG-13798]
EmployerCreateAccount.c(29): web_submit_data("users") was successful, 21085 body bytes, 485 header bytes  	[MsgId: MMSG-26386]
EmployerCreateAccount.c(49): Notify: Parameter Substitution: parameter "CreateAccountCount" =  "0"	[MsgId: MMSG-13992]
EmployerCreateAccount.c(51): Notify: Transaction "EMPLYR_0003_Create_Account_Submit" ended with a "Fail" status (Duration: 0.1129 Wasted Time: 0.0002).	[MsgId: MMSG-16871]
EmployerCreateAccount.c(51): Notify: Transaction "EMPLYR_0003_Create_Account_Submit" has 0 error message(s).	[MsgId: MMSG-16818]
EmployerCreateAccount.c(52): Notify: Parameter Substitution: parameter "pEmpPrefix" =  "BIZ-FM75"	[MsgId: MMSG-13992]
EmployerCreateAccount.c(52): Notify: Parameter Substitution: parameter "FEIN" =  "705387384"	[MsgId: MMSG-13992]
EmployerCreateAccount.c(52): Error: Failed to Create Account for::: BIZ-FM75705387384@test.com	[MsgId: MERR-17999]
Ending action ScriptFlow.	[MsgId: MMSG-15918]
Ending iteration 1.	[MsgId: MMSG-15965]
Ending Vuser...	[MsgId: MMSG-15966]
Starting action vuser_end.	[MsgId: MMSG-15919]
Ending action vuser_end.	[MsgId: MMSG-15918]
Vuser Terminated.	[MsgId: MMSG-15963]
Vuser 0 (thread 6272), ended OK."	[MsgId: MMSG-10695]
