EmployerAddEmployeeRoster.c(30): Notify: Next row for parameter pEmlyePrefix = 41 [table  = pEmlyePrefix].	[MsgId: MMSG-13876]
EmployerAddEmployeeRoster.c(30): Notify: Parameter Substitution: parameter "pEmlyePrefix" =  "FM42"	[MsgId: MMSG-13992]
EmployerAddEmployeeRoster.c(30): Notify: Parameter Substitution: parameter "EmployeeSSN" =  "593-21-1690"	[MsgId: MMSG-13992]
EmployerAddEmployeeRoster.c(30): Redirecting "http://enroll_uat.dchbx.org/employers/employer_profiles/55dfddcb69702d243f551800/census_employees" (redirection depth is 0)  	[MsgId: MMSG-26694]
EmployerAddEmployeeRoster.c(30): To location "http://enroll_uat.dchbx.org/employers/employer_profiles/55dfddcb69702d243f551800"  	[MsgId: MMSG-26693]
EmployerAddEmployeeRoster.c(30): Resource "http://enroll_uat.dchbx.org/assets/application-f46679a55900235b472472ac8659a877.css" is in the cache already and will not be downloaded again  	[MsgId: MMSG-26655]
EmployerAddEmployeeRoster.c(30): Resource "http://enroll_uat.dchbx.org/assets/application-022817e729d78c2891542a42e4d3b541.js" is in the cache already and will not be downloaded again  	[MsgId: MMSG-26655]
EmployerAddEmployeeRoster.c(30): Resource "https://fonts.googleapis.com/css?family=Open+Sans:300italic,400italic,600italic,700italic,800italic,400,300,600,700,800" is in the cache already and will not be downloaded again  	[MsgId: MMSG-26655]
EmployerAddEmployeeRoster.c(30): Resource "http://enroll_uat.dchbx.org/assets/logo-43b272dcff33b1b3a8efb15e6f6c0e7c.png" is in the cache already and will not be downloaded again  	[MsgId: MMSG-26655]
EmployerAddEmployeeRoster.c(30): Resource "http://enroll_uat.dchbx.org/assets/icons/icon-business-owner-af38059fae9e279fe6258718668d610c.png" is in the cache already and will not be downloaded again  	[MsgId: MMSG-26655]
EmployerAddEmployeeRoster.c(30): Resource "http://enroll_uat.dchbx.org/assets/icons/phone-bcc17403386ca4171aae411f308ef6a1.png" is in the cache already and will not be downloaded again  	[MsgId: MMSG-26655]
EmployerAddEmployeeRoster.c(30): Resource "http://enroll_uat.dchbx.org/assets/icons/mail-21b45f89893abcf4033b96e8a261354e.png" is in the cache already and will not be downloaded again  	[MsgId: MMSG-26655]
EmployerAddEmployeeRoster.c(30): Resource "http://enroll_uat.dchbx.org/assets/icons/message-6a0a303d9fc72d557125912bdf9efed8.png" is in the cache already and will not be downloaded again  	[MsgId: MMSG-26655]
EmployerAddEmployeeRoster.c(30): Registered web_reg_find successful for "Text=provided SSN belongs"  	[MsgId: MMSG-26362]
EmployerAddEmployeeRoster.c(30): Notify: Saving Parameter "savedcount = 0".	[MsgId: MMSG-13798]
EmployerAddEmployeeRoster.c(30): Registered web_reg_find successful for "Text=Census Employee is successfully" (count=1)  	[MsgId: MMSG-26364]
EmployerAddEmployeeRoster.c(30): Notify: Saving Parameter "passcount = 1".	[MsgId: MMSG-13798]
EmployerAddEmployeeRoster.c(30): web_submit_data("census_employees") was successful, 28159 body bytes, 1043 header bytes  	[MsgId: MMSG-26386]
EmployerAddEmployeeRoster.c(113): Notify: Parameter Substitution: parameter "passcount" =  "1"	[MsgId: MMSG-13992]
EmployeeInfoOutput.c(18): Notify: Parameter Substitution: parameter "EmpFName" =  "TestE"	[MsgId: MMSG-13992]
EmployeeInfoOutput.c(18): Notify: Next row for parameter EmpMI = 3 [table  = EmpMI].	[MsgId: MMSG-13876]
EmployeeInfoOutput.c(18): Notify: Parameter Substitution: parameter "EmpMI" =  "L"	[MsgId: MMSG-13992]
EmployeeInfoOutput.c(18): Notify: Parameter Substitution: parameter "randomLN" =  "eioyztlm"	[MsgId: MMSG-13992]
EmployeeInfoOutput.c(18): Notify: Next row for parameter EmpDOBPicker = 3 [table  = EmpDOBPicker].	[MsgId: MMSG-13876]
EmployeeInfoOutput.c(18): Notify: Parameter Substitution: parameter "EmpDOBPicker" =  "1/1/1978"	[MsgId: MMSG-13992]
EmployeeInfoOutput.c(18): Notify: Next row for parameter EmpDOB = 3 [table  = EmpDOB].	[MsgId: MMSG-13876]
EmployeeInfoOutput.c(18): Notify: Parameter Substitution: parameter "EmpDOB" =  "1/1/1978"	[MsgId: MMSG-13992]
EmployeeInfoOutput.c(18): Notify: Parameter Substitution: parameter "EmployeeSSN" =  "593-21-1690"	[MsgId: MMSG-13992]
EmployeeInfoOutput.c(18): Notify: Next row for parameter EmpSEX = 3 [table  = EmpSEX].	[MsgId: MMSG-13876]
EmployeeInfoOutput.c(18): Notify: Parameter Substitution: parameter "EmpSEX" =  "FEMALE"	[MsgId: MMSG-13992]
EmployeeInfoOutput.c(18): Notify: Next row for parameter EmpHireDate = 3 [table  = EmpHireDate].	[MsgId: MMSG-13876]
EmployeeInfoOutput.c(18): Notify: Parameter Substitution: parameter "EmpHireDate" =  "1/1/2015"	[MsgId: MMSG-13992]
EmployeeInfoOutput.c(18): Notify: Next row for parameter EmpHireDatePicker = 3 [table  = EmpHireDatePicker].	[MsgId: MMSG-13876]
EmployeeInfoOutput.c(18): Notify: Parameter Substitution: parameter "EmpHireDatePicker" =  "1/1/2015"	[MsgId: MMSG-13992]
EmployeeInfoOutput.c(18): Notify: Next row for parameter EmpAddressL1 = 3 [table  = EmpAddressL1].	[MsgId: MMSG-13876]
EmployeeInfoOutput.c(18): Notify: Parameter Substitution: parameter "EmpAddressL1" =  "609 H St NE "	[MsgId: MMSG-13992]
EmployeeInfoOutput.c(18): Notify: Next row for parameter EmpCity = 3 [table  = EmpCity].	[MsgId: MMSG-13876]
EmployeeInfoOutput.c(18): Notify: Parameter Substitution: parameter "EmpCity" =  "Washington"	[MsgId: MMSG-13992]
EmployeeInfoOutput.c(18): Notify: Next row for parameter EmpZip = 3 [table  = EmpZip].	[MsgId: MMSG-13876]
EmployeeInfoOutput.c(18): Notify: Parameter Substitution: parameter "EmpZip" =  "20002"	[MsgId: MMSG-13992]
EmployeeInfoOutput.c(18): Notify: Next row for parameter pEmlyePrefix = 41 [table  = pEmlyePrefix].	[MsgId: MMSG-13876]
EmployeeInfoOutput.c(18): Notify: Parameter Substitution: parameter "pEmlyePrefix" =  "FM42"	[MsgId: MMSG-13992]
EmployeeInfoOutput.c(18): Notify: Parameter Substitution: parameter "EmployeeSSN" =  "593-21-1690"	[MsgId: MMSG-13992]
EmployeeInfoOutput.c(18): Notify: Next row for parameter EmpDOBDay = 3 [table  = EmpDOBDay].	[MsgId: MMSG-13876]
EmployeeInfoOutput.c(18): Notify: Parameter Substitution: parameter "EmpDOBDay" =  "1"	[MsgId: MMSG-13992]
EmployeeInfoOutput.c(18): Notify: Next row for parameter EmpDOBMonth = 3 [table  = EmpDOBMonth].	[MsgId: MMSG-13876]
EmployeeInfoOutput.c(18): Notify: Parameter Substitution: parameter "EmpDOBMonth" =  "1"	[MsgId: MMSG-13992]
EmployeeInfoOutput.c(18): Notify: Next row for parameter EmpDOBYear = 3 [table  = EmpDOBYear].	[MsgId: MMSG-13876]
EmployeeInfoOutput.c(18): Notify: Parameter Substitution: parameter "EmpDOBYear" =  "1978"	[MsgId: MMSG-13992]
EmployeeInfoOutput.c(18): Notify: Parameter Substitution: parameter "pEmpPrefix" =  "BIZ-FM42"	[MsgId: MMSG-13992]
EmployeeInfoOutput.c(18): Notify: Parameter Substitution: parameter "FEIN" =  "833394608"	[MsgId: MMSG-13992]
EmployerAddEmployeeRoster.c(115): Notify: Parameter Substitution: parameter "pAddEmployeeTrName" =  "03_TwentyToThirtyEmployee"	[MsgId: MMSG-13992]
EmployerAddEmployeeRoster.c(115): Notify: Transaction "EMPLYR_0010_03_TwentyToThirtyEmployee" ended with a "Pass" status (Duration: 0.1793 Wasted Time: 0.0001).	[MsgId: MMSG-16871]
ScriptFlow.c(73): Notify: Parameter Substitution: parameter "pEMPLOYEECOUNT" =  "26"	[MsgId: MMSG-13992]
ScriptFlow.c(83): Notify: Saving Parameter "LNameLength = 4".	[MsgId: MMSG-13798]
ScriptFlow.c(86): Notify: Parameter Substitution: parameter "LNameLength" =  "4"	[MsgId: MMSG-13992]
randomname.h(15): Notify: Saving Parameter "randomLN = eioy".	[MsgId: MMSG-13798]
randomname.h(28): Notify: Saving Parameter "pSSN1dep1_1 = 737".	[MsgId: MMSG-13798]
randomname.h(29): Notify: Saving Parameter "pSSN2dep1_1 = 83".	[MsgId: MMSG-13798]
randomname.h(30): Notify: Saving Parameter "pSSN3dep1_1 = 6363".	[MsgId: MMSG-13798]
randomname.h(32): Notify: Parameter Substitution: parameter "pSSN1dep1_1" =  "737"	[MsgId: MMSG-13992]
randomname.h(32): Notify: Parameter Substitution: parameter "pSSN2dep1_1" =  "83"	[MsgId: MMSG-13992]
randomname.h(32): Notify: Parameter Substitution: parameter "pSSN3dep1_1" =  "6363"	[MsgId: MMSG-13992]
randomname.h(33): Notify: Saving Parameter "EmployeeDep1SSN = 737-83-6363".	[MsgId: MMSG-13798]
randomname.h(35): Notify: Saving Parameter "EmployeeSSN = 737-83-6363".	[MsgId: MMSG-13798]
randomname.h(28): Notify: Saving Parameter "pSSN1dep1_1 = 324".	[MsgId: MMSG-13798]
randomname.h(29): Notify: Saving Parameter "pSSN2dep1_1 = 53".	[MsgId: MMSG-13798]
randomname.h(30): Notify: Saving Parameter "pSSN3dep1_1 = 4611".	[MsgId: MMSG-13798]
randomname.h(32): Notify: Parameter Substitution: parameter "pSSN1dep1_1" =  "324"	[MsgId: MMSG-13992]
randomname.h(32): Notify: Parameter Substitution: parameter "pSSN2dep1_1" =  "53"	[MsgId: MMSG-13992]
randomname.h(32): Notify: Parameter Substitution: parameter "pSSN3dep1_1" =  "4611"	[MsgId: MMSG-13992]
randomname.h(33): Notify: Saving Parameter "EmployeeDep1SSN = 324-53-4611".	[MsgId: MMSG-13798]
randomname.h(35): Notify: Saving Parameter "EmployeeDep1SSN = 324-53-4611".	[MsgId: MMSG-13798]
randomname.h(28): Notify: Saving Parameter "pSSN1dep1_1 = 790".	[MsgId: MMSG-13798]
randomname.h(29): Notify: Saving Parameter "pSSN2dep1_1 = 67".	[MsgId: MMSG-13798]
randomname.h(30): Notify: Saving Parameter "pSSN3dep1_1 = 7571".	[MsgId: MMSG-13798]
randomname.h(32): Notify: Parameter Substitution: parameter "pSSN1dep1_1" =  "790"	[MsgId: MMSG-13992]
randomname.h(32): Notify: Parameter Substitution: parameter "pSSN2dep1_1" =  "67"	[MsgId: MMSG-13992]
randomname.h(32): Notify: Parameter Substitution: parameter "pSSN3dep1_1" =  "7571"	[MsgId: MMSG-13992]
randomname.h(33): Notify: Saving Parameter "EmployeeDep1SSN = 790-67-7571".	[MsgId: MMSG-13798]
randomname.h(35): Notify: Saving Parameter "EmployeeDep2SSN = 790-67-7571".	[MsgId: MMSG-13798]
ScriptFlow.c(90): Notify: Parameter Substitution: parameter "EmployeeSSN" =  "737-83-6363"	[MsgId: MMSG-13992]
737-83-6363	[MsgId: MMSG-17999]
ScriptFlow.c(91): Notify: Parameter Substitution: parameter "EmployeeDep1SSN" =  "790-67-7571"	[MsgId: MMSG-13992]
790-67-7571	[MsgId: MMSG-17999]
ScriptFlow.c(92): Notify: Parameter Substitution: parameter "EmployeeDep2SSN" =  "790-67-7571"	[MsgId: MMSG-13992]
790-67-7571	[MsgId: MMSG-17999]
EmployerAddEmployeeRoster.c(5): web_reg_save_param started  	[MsgId: MMSG-26355]
EmployerAddEmployeeRoster.c(5): Registering web_reg_save_param was successful  	[MsgId: MMSG-26390]
EmployerAddEmployeeRoster.c(7): Notify: Transaction "EMPLYR_0009_Click_Employee_Tab" started.	[MsgId: MMSG-16999]
EmployerAddEmployeeRoster.c(9): web_url("Employees Employees") started  	[MsgId: MMSG-26355]
EmployerAddEmployeeRoster.c(9): Notify: Parameter Substitution: parameter "HTTP" =  "http"	[MsgId: MMSG-13992]
EmployerAddEmployeeRoster.c(9): Notify: Parameter Substitution: parameter "host_10_83_84_161" =  "enroll_uat.dchbx.org"	[MsgId: MMSG-13992]
EmployerAddEmployeeRoster.c(9): Notify: Parameter Substitution: parameter "EMPLOYER_ID" =  "55dfddcb69702d243f551800"	[MsgId: MMSG-13992]
EmployerAddEmployeeRoster.c(9): Notify: Parameter Substitution: parameter "HTTP" =  "http"	[MsgId: MMSG-13992]
EmployerAddEmployeeRoster.c(9): Notify: Parameter Substitution: parameter "host_10_83_84_161" =  "enroll_uat.dchbx.org"	[MsgId: MMSG-13992]
EmployerAddEmployeeRoster.c(9): Notify: Parameter Substitution: parameter "EMPLOYER_ID" =  "55dfddcb69702d243f551800"	[MsgId: MMSG-13992]
EmployerAddEmployeeRoster.c(9): Notify: Saving Parameter "Auth_Token_010 = sJcw9RNFrtug3T5eFfjjqLv9pCOE9C7/GHitJ5AbaVcPOiPTlapT4RrUL4/3Y7XcemSRa7MjgKsqXJ/gnq4RSg==".	[MsgId: MMSG-13798]
EmployerAddEmployeeRoster.c(9): web_url("Employees Employees") was successful, 60819 body bytes, 444 header bytes  	[MsgId: MMSG-26386]
EmployerAddEmployeeRoster.c(19): Notify: Transaction "EMPLYR_0009_Click_Employee_Tab" ended with a "Pass" status (Duration: 0.1255 Wasted Time: 0.0002).	[MsgId: MMSG-16871]
EmployerAddEmployeeRoster.c(25): web_reg_find started  	[MsgId: MMSG-26355]
EmployerAddEmployeeRoster.c(25): Registering web_reg_find was successful  	[MsgId: MMSG-26390]
EmployerAddEmployeeRoster.c(26): web_reg_find started  	[MsgId: MMSG-26355]
EmployerAddEmployeeRoster.c(26): Registering web_reg_find was successful  	[MsgId: MMSG-26390]
EmployerAddEmployeeRoster.c(28): Notify: Parameter Substitution: parameter "pAddEmployeeTrName" =  "03_TwentyToThirtyEmployee"	[MsgId: MMSG-13992]
EmployerAddEmployeeRoster.c(28): Notify: Transaction "EMPLYR_0010_03_TwentyToThirtyEmployee" started.	[MsgId: MMSG-16999]
EmployerAddEmployeeRoster.c(30): web_submit_data("census_employees") started  	[MsgId: MMSG-26355]
EmployerAddEmployeeRoster.c(30): Notify: Parameter Substitution: parameter "HTTP" =  "http"	[MsgId: MMSG-13992]
EmployerAddEmployeeRoster.c(30): Notify: Parameter Substitution: parameter "host_10_83_84_161" =  "enroll_uat.dchbx.org"	[MsgId: MMSG-13992]
EmployerAddEmployeeRoster.c(30): Notify: Parameter Substitution: parameter "EMPLOYER_ID" =  "55dfddcb69702d243f551800"	[MsgId: MMSG-13992]
EmployerAddEmployeeRoster.c(30): Notify: Parameter Substitution: parameter "HTTP" =  "http"	[MsgId: MMSG-13992]
EmployerAddEmployeeRoster.c(30): Notify: Parameter Substitution: parameter "host_10_83_84_161" =  "enroll_uat.dchbx.org"	[MsgId: MMSG-13992]
EmployerAddEmployeeRoster.c(30): Notify: Parameter Substitution: parameter "EMPLOYER_ID" =  "55dfddcb69702d243f551800"	[MsgId: MMSG-13992]
EmployerAddEmployeeRoster.c(30): Notify: Parameter Substitution: parameter "Auth_Token_010" =  "sJcw9RNFrtug3T5eFfjjqLv9pCOE9C7/GHitJ5AbaVcPOiPTlapT4RrUL4/3Y7XcemSRa7MjgKsqXJ/gnq4RSg=="	[MsgId: MMSG-13992]
EmployerAddEmployeeRoster.c(30): Notify: Parameter Substitution: parameter "EmpFName" =  "TestE"	[MsgId: MMSG-13992]
EmployerAddEmployeeRoster.c(30): Notify: Next row for parameter EmpMI = 3 [table  = EmpMI].	[MsgId: MMSG-13876]
EmployerAddEmployeeRoster.c(30): Notify: Parameter Substitution: parameter "EmpMI" =  "L"	[MsgId: MMSG-13992]
EmployerAddEmployeeRoster.c(30): Notify: Parameter Substitution: parameter "randomLN" =  "eioy"	[MsgId: MMSG-13992]
EmployerAddEmployeeRoster.c(30): Notify: Next row for parameter EmpDOB = 3 [table  = EmpDOB].	[MsgId: MMSG-13876]
EmployerAddEmployeeRoster.c(30): Notify: Parameter Substitution: parameter "EmpDOB" =  "1/1/1978"	[MsgId: MMSG-13992]
EmployerAddEmployeeRoster.c(30): Notify: Next row for parameter EmpDOBPicker = 3 [table  = EmpDOBPicker].	[MsgId: MMSG-13876]
EmployerAddEmployeeRoster.c(30): Notify: Parameter Substitution: parameter "EmpDOBPicker" =  "1/1/1978"	[MsgId: MMSG-13992]
EmployerAddEmployeeRoster.c(30): Notify: Parameter Substitution: parameter "EmployeeSSN" =  "737-83-6363"	[MsgId: MMSG-13992]
EmployerAddEmployeeRoster.c(30): Notify: Next row for parameter EmpHireDate = 3 [table  = EmpHireDate].	[MsgId: MMSG-13876]
EmployerAddEmployeeRoster.c(30): Notify: Parameter Substitution: parameter "EmpHireDate" =  "1/1/2015"	[MsgId: MMSG-13992]
EmployerAddEmployeeRoster.c(30): Notify: Next row for parameter EmpHireDatePicker = 3 [table  = EmpHireDatePicker].	[MsgId: MMSG-13876]
EmployerAddEmployeeRoster.c(30): Notify: Parameter Substitution: parameter "EmpHireDatePicker" =  "1/1/2015"	[MsgId: MMSG-13992]
EmployerAddEmployeeRoster.c(30): Notify: Parameter Substitution: parameter "BENEFIT_GROUP_ID_3" =  "55dfddcd69702d2ccd3a1800"	[MsgId: MMSG-13992]
EmployerAddEmployeeRoster.c(30): Notify: Next row for parameter pEmlyePrefix = 41 [table  = pEmlyePrefix].	[MsgId: MMSG-13876]
EmployerAddEmployeeRoster.c(30): Notify: Parameter Substitution: parameter "pEmlyePrefix" =  "FM42"	[MsgId: MMSG-13992]
EmployerAddEmployeeRoster.c(30): Notify: Parameter Substitution: parameter "EmployeeSSN" =  "737-83-6363"	[MsgId: MMSG-13992]
EmployerAddEmployeeRoster.c(30): Redirecting "http://enroll_uat.dchbx.org/employers/employer_profiles/55dfddcb69702d243f551800/census_employees" (redirection depth is 0)  	[MsgId: MMSG-26694]
EmployerAddEmployeeRoster.c(30): To location "http://enroll_uat.dchbx.org/employers/employer_profiles/55dfddcb69702d243f551800"  	[MsgId: MMSG-26693]
EmployerAddEmployeeRoster.c(30): Resource "http://enroll_uat.dchbx.org/assets/application-f46679a55900235b472472ac8659a877.css" is in the cache already and will not be downloaded again  	[MsgId: MMSG-26655]
EmployerAddEmployeeRoster.c(30): Resource "http://enroll_uat.dchbx.org/assets/application-022817e729d78c2891542a42e4d3b541.js" is in the cache already and will not be downloaded again  	[MsgId: MMSG-26655]
EmployerAddEmployeeRoster.c(30): Resource "https://fonts.googleapis.com/css?family=Open+Sans:300italic,400italic,600italic,700italic,800italic,400,300,600,700,800" is in the cache already and will not be downloaded again  	[MsgId: MMSG-26655]
EmployerAddEmployeeRoster.c(30): Resource "http://enroll_uat.dchbx.org/assets/logo-43b272dcff33b1b3a8efb15e6f6c0e7c.png" is in the cache already and will not be downloaded again  	[MsgId: MMSG-26655]
EmployerAddEmployeeRoster.c(30): Resource "http://enroll_uat.dchbx.org/assets/icons/icon-business-owner-af38059fae9e279fe6258718668d610c.png" is in the cache already and will not be downloaded again  	[MsgId: MMSG-26655]
EmployerAddEmployeeRoster.c(30): Resource "http://enroll_uat.dchbx.org/assets/icons/phone-bcc17403386ca4171aae411f308ef6a1.png" is in the cache already and will not be downloaded again  	[MsgId: MMSG-26655]
EmployerAddEmployeeRoster.c(30): Resource "http://enroll_uat.dchbx.org/assets/icons/mail-21b45f89893abcf4033b96e8a261354e.png" is in the cache already and will not be downloaded again  	[MsgId: MMSG-26655]
EmployerAddEmployeeRoster.c(30): Resource "http://enroll_uat.dchbx.org/assets/icons/message-6a0a303d9fc72d557125912bdf9efed8.png" is in the cache already and will not be downloaded again  	[MsgId: MMSG-26655]
EmployerAddEmployeeRoster.c(30): Registered web_reg_find successful for "Text=provided SSN belongs"  	[MsgId: MMSG-26362]
EmployerAddEmployeeRoster.c(30): Notify: Saving Parameter "savedcount = 0".	[MsgId: MMSG-13798]
EmployerAddEmployeeRoster.c(30): Registered web_reg_find successful for "Text=Census Employee is successfully" (count=1)  	[MsgId: MMSG-26364]
EmployerAddEmployeeRoster.c(30): Notify: Saving Parameter "passcount = 1".	[MsgId: MMSG-13798]
EmployerAddEmployeeRoster.c(30): web_submit_data("census_employees") was successful, 28159 body bytes, 1043 header bytes  	[MsgId: MMSG-26386]
EmployerAddEmployeeRoster.c(113): Notify: Parameter Substitution: parameter "passcount" =  "1"	[MsgId: MMSG-13992]
EmployeeInfoOutput.c(18): Notify: Parameter Substitution: parameter "EmpFName" =  "TestE"	[MsgId: MMSG-13992]
EmployeeInfoOutput.c(18): Notify: Next row for parameter EmpMI = 3 [table  = EmpMI].	[MsgId: MMSG-13876]
EmployeeInfoOutput.c(18): Notify: Parameter Substitution: parameter "EmpMI" =  "L"	[MsgId: MMSG-13992]
EmployeeInfoOutput.c(18): Notify: Parameter Substitution: parameter "randomLN" =  "eioy"	[MsgId: MMSG-13992]
EmployeeInfoOutput.c(18): Notify: Next row for parameter EmpDOBPicker = 3 [table  = EmpDOBPicker].	[MsgId: MMSG-13876]
EmployeeInfoOutput.c(18): Notify: Parameter Substitution: parameter "EmpDOBPicker" =  "1/1/1978"	[MsgId: MMSG-13992]
EmployeeInfoOutput.c(18): Notify: Next row for parameter EmpDOB = 3 [table  = EmpDOB].	[MsgId: MMSG-13876]
EmployeeInfoOutput.c(18): Notify: Parameter Substitution: parameter "EmpDOB" =  "1/1/1978"	[MsgId: MMSG-13992]
EmployeeInfoOutput.c(18): Notify: Parameter Substitution: parameter "EmployeeSSN" =  "737-83-6363"	[MsgId: MMSG-13992]
EmployeeInfoOutput.c(18): Notify: Next row for parameter EmpSEX = 3 [table  = EmpSEX].	[MsgId: MMSG-13876]
EmployeeInfoOutput.c(18): Notify: Parameter Substitution: parameter "EmpSEX" =  "FEMALE"	[MsgId: MMSG-13992]
EmployeeInfoOutput.c(18): Notify: Next row for parameter EmpHireDate = 3 [table  = EmpHireDate].	[MsgId: MMSG-13876]
EmployeeInfoOutput.c(18): Notify: Parameter Substitution: parameter "EmpHireDate" =  "1/1/2015"	[MsgId: MMSG-13992]
EmployeeInfoOutput.c(18): Notify: Next row for parameter EmpHireDatePicker = 3 [table  = EmpHireDatePicker].	[MsgId: MMSG-13876]
EmployeeInfoOutput.c(18): Notify: Parameter Substitution: parameter "EmpHireDatePicker" =  "1/1/2015"	[MsgId: MMSG-13992]
EmployeeInfoOutput.c(18): Notify: Next row for parameter EmpAddressL1 = 3 [table  = EmpAddressL1].	[MsgId: MMSG-13876]
EmployeeInfoOutput.c(18): Notify: Parameter Substitution: parameter "EmpAddressL1" =  "609 H St NE "	[MsgId: MMSG-13992]
EmployeeInfoOutput.c(18): Notify: Next row for parameter EmpCity = 3 [table  = EmpCity].	[MsgId: MMSG-13876]
EmployeeInfoOutput.c(18): Notify: Parameter Substitution: parameter "EmpCity" =  "Washington"	[MsgId: MMSG-13992]
EmployeeInfoOutput.c(18): Notify: Next row for parameter EmpZip = 3 [table  = EmpZip].	[MsgId: MMSG-13876]
EmployeeInfoOutput.c(18): Notify: Parameter Substitution: parameter "EmpZip" =  "20002"	[MsgId: MMSG-13992]
EmployeeInfoOutput.c(18): Notify: Next row for parameter pEmlyePrefix = 41 [table  = pEmlyePrefix].	[MsgId: MMSG-13876]
EmployeeInfoOutput.c(18): Notify: Parameter Substitution: parameter "pEmlyePrefix" =  "FM42"	[MsgId: MMSG-13992]
EmployeeInfoOutput.c(18): Notify: Parameter Substitution: parameter "EmployeeSSN" =  "737-83-6363"	[MsgId: MMSG-13992]
EmployeeInfoOutput.c(18): Notify: Next row for parameter EmpDOBDay = 3 [table  = EmpDOBDay].	[MsgId: MMSG-13876]
EmployeeInfoOutput.c(18): Notify: Parameter Substitution: parameter "EmpDOBDay" =  "1"	[MsgId: MMSG-13992]
EmployeeInfoOutput.c(18): Notify: Next row for parameter EmpDOBMonth = 3 [table  = EmpDOBMonth].	[MsgId: MMSG-13876]
EmployeeInfoOutput.c(18): Notify: Parameter Substitution: parameter "EmpDOBMonth" =  "1"	[MsgId: MMSG-13992]
EmployeeInfoOutput.c(18): Notify: Next row for parameter EmpDOBYear = 3 [table  = EmpDOBYear].	[MsgId: MMSG-13876]
EmployeeInfoOutput.c(18): Notify: Parameter Substitution: parameter "EmpDOBYear" =  "1978"	[MsgId: MMSG-13992]
EmployeeInfoOutput.c(18): Notify: Parameter Substitution: parameter "pEmpPrefix" =  "BIZ-FM42"	[MsgId: MMSG-13992]
EmployeeInfoOutput.c(18): Notify: Parameter Substitution: parameter "FEIN" =  "833394608"	[MsgId: MMSG-13992]
EmployerAddEmployeeRoster.c(115): Notify: Parameter Substitution: parameter "pAddEmployeeTrName" =  "03_TwentyToThirtyEmployee"	[MsgId: MMSG-13992]
EmployerAddEmployeeRoster.c(115): Notify: Transaction "EMPLYR_0010_03_TwentyToThirtyEmployee" ended with a "Pass" status (Duration: 0.1691 Wasted Time: 0.0001).	[MsgId: MMSG-16871]
ScriptFlow.c(73): Notify: Parameter Substitution: parameter "pEMPLOYEECOUNT" =  "26"	[MsgId: MMSG-13992]
Logout.c(3): Notify: Transaction "EMPLYR_1000_Logout" started.	[MsgId: MMSG-16999]
Logout.c(5): web_submit_data("sign_out") started  	[MsgId: MMSG-26355]
Logout.c(5): Notify: Parameter Substitution: parameter "HTTP" =  "http"	[MsgId: MMSG-13992]
Logout.c(5): Notify: Parameter Substitution: parameter "host_10_83_84_161" =  "enroll_uat.dchbx.org"	[MsgId: MMSG-13992]
Logout.c(5): Notify: Parameter Substitution: parameter "HTTP" =  "http"	[MsgId: MMSG-13992]
Logout.c(5): Notify: Parameter Substitution: parameter "host_10_83_84_161" =  "enroll_uat.dchbx.org"	[MsgId: MMSG-13992]
Logout.c(5): Notify: Parameter Substitution: parameter "EMPLOYER_ID" =  "55dfddcb69702d243f551800"	[MsgId: MMSG-13992]
Logout.c(5): Notify: Parameter Substitution: parameter "AUTH_TOKEN_4" =  "CTRzJGGeJoG0e+Iwm/98+T27QE6dYxPTUsgI69oICKu2mWAC53Hbuw5y8+F5ZCqN/CJ1Bqq0vYdg7Dos1L1wtg=="	[MsgId: MMSG-13992]
Logout.c(5): web_submit_data("sign_out") was successful, 0 body bytes, 440 header bytes  	[MsgId: MMSG-26386]
Logout.c(18): Notify: Transaction "EMPLYR_1000_Logout" ended with a "Pass" status (Duration: 0.0324).	[MsgId: MMSG-16873]
Ending action ScriptFlow.	[MsgId: MMSG-15918]
Action was aborted.	[MsgId: MMSG-10694]
Ending Vuser...	[MsgId: MMSG-15966]
Starting action vuser_end.	[MsgId: MMSG-15919]
Ending action vuser_end.	[MsgId: MMSG-15918]
Vuser Terminated.	[MsgId: MMSG-15963]
Vuser 0 (thread 9024), ended OK."	[MsgId: MMSG-10695]
