Start auto log messages stack - Iteration 1.	[MsgId: MMSG-10545]
EmployeeBeginCoverage.c(41): Resource "http://enroll_uat.dchbx.org/assets/icons/phone-bcc17403386ca4171aae411f308ef6a1.png" is in the cache already and will not be downloaded again  	[MsgId: MMSG-26655]
EmployeeBeginCoverage.c(41): Resource "http://enroll_uat.dchbx.org/assets/icons/mail-21b45f89893abcf4033b96e8a261354e.png" is in the cache already and will not be downloaded again  	[MsgId: MMSG-26655]
EmployeeBeginCoverage.c(41): Resource "http://enroll_uat.dchbx.org/assets/icons/message-6a0a303d9fc72d557125912bdf9efed8.png" is in the cache already and will not be downloaded again  	[MsgId: MMSG-26655]
EmployeeBeginCoverage.c(41): Notify: Saving Parameter "authenticity_token = 2CqvZw+I8C1xDjObXOmCchjPWs4aaoYOehbBX/725F4DJtoO1/Hh0Rwmbox4Qdfl/qcmZeUAzu+nu+GocQrYIQ==".	[MsgId: MMSG-13798]
EmployeeBeginCoverage.c(41): Notify: Saving Parameter "EligibleDate = ".	[MsgId: MMSG-13798]
EmployeeBeginCoverage.c(41): Error -35049: No match found for the requested parameter "EligibleDate". Check whether the requested regular expression exists in the response data, Snapshot Info [MSH 1 13]  	[MsgId: MERR-35049]
End auto log messages stack.	[MsgId: MMSG-10544]


Start auto log messages stack - Iteration 1.	[MsgId: MMSG-10545]
EmployeeBeginCoverage.c(41): Notify: Saving Parameter "EmployeeID = ".	[MsgId: MMSG-13798]
EmployeeBeginCoverage.c(41): Error -35049: No match found for the requested parameter "EmployeeID". Check whether the requested regular expression exists in the response data, Snapshot Info [MSH 1 13]  	[MsgId: MERR-35049]
End auto log messages stack.	[MsgId: MMSG-10544]


Start auto log messages stack - Iteration 1.	[MsgId: MMSG-10545]
EmployeeBeginCoverage.c(41): Notify: Saving Parameter "EmpHireDate = ".	[MsgId: MMSG-13798]
EmployeeBeginCoverage.c(41): Error -35049: No match found for the requested parameter "EmpHireDate". Check whether the requested regular expression exists in the response data, Snapshot Info [MSH 1 13]  	[MsgId: MERR-35049]
End auto log messages stack.	[MsgId: MMSG-10544]


Start auto log messages stack - Iteration 1.	[MsgId: MMSG-10545]
EmployeeBeginCoverage.c(41): Notify: Saving Parameter "CovgStartDate = ".	[MsgId: MMSG-13798]
EmployeeBeginCoverage.c(41): Error -35049: No match found for the requested parameter "CovgStartDate". Check whether the requested regular expression exists in the response data, Snapshot Info [MSH 1 13]  	[MsgId: MERR-35049]
End auto log messages stack.	[MsgId: MMSG-10544]


Start auto log messages stack - Iteration 1.	[MsgId: MMSG-10545]
EmployeeBeginCoverage.c(41): Resource "http://enroll_uat.dchbx.org/assets/icons/phone-bcc17403386ca4171aae411f308ef6a1.png" is in the cache already and will not be downloaded again  	[MsgId: MMSG-26655]
EmployeeBeginCoverage.c(41): Resource "http://enroll_uat.dchbx.org/assets/icons/mail-21b45f89893abcf4033b96e8a261354e.png" is in the cache already and will not be downloaded again  	[MsgId: MMSG-26655]
EmployeeBeginCoverage.c(41): Resource "http://enroll_uat.dchbx.org/assets/icons/message-6a0a303d9fc72d557125912bdf9efed8.png" is in the cache already and will not be downloaded again  	[MsgId: MMSG-26655]
EmployeeBeginCoverage.c(41): Notify: Saving Parameter "authenticity_token = wc5q7yR4PvfinfNebjFHqde5HDD1FAmFppLlR4FHH0jlII4sO6mT+JnofgtE1XmMHn25d78onqNtwwbPVszKxQ==".	[MsgId: MMSG-13798]
EmployeeBeginCoverage.c(41): Notify: Saving Parameter "EligibleDate = ".	[MsgId: MMSG-13798]
EmployeeBeginCoverage.c(41): Error -35049: No match found for the requested parameter "EligibleDate". Check whether the requested regular expression exists in the response data, Snapshot Info [MSH 1 13]  	[MsgId: MERR-35049]
End auto log messages stack.	[MsgId: MMSG-10544]


Start auto log messages stack - Iteration 1.	[MsgId: MMSG-10545]
EmployeeBeginCoverage.c(41): Notify: Saving Parameter "EmployeeID = ".	[MsgId: MMSG-13798]
EmployeeBeginCoverage.c(41): Error -35049: No match found for the requested parameter "EmployeeID". Check whether the requested regular expression exists in the response data, Snapshot Info [MSH 1 13]  	[MsgId: MERR-35049]
End auto log messages stack.	[MsgId: MMSG-10544]


Start auto log messages stack - Iteration 1.	[MsgId: MMSG-10545]
EmployeeBeginCoverage.c(41): Notify: Saving Parameter "EmpHireDate = ".	[MsgId: MMSG-13798]
EmployeeBeginCoverage.c(41): Error -35049: No match found for the requested parameter "EmpHireDate". Check whether the requested regular expression exists in the response data, Snapshot Info [MSH 1 13]  	[MsgId: MERR-35049]
End auto log messages stack.	[MsgId: MMSG-10544]


Start auto log messages stack - Iteration 1.	[MsgId: MMSG-10545]
EmployeeBeginCoverage.c(41): Notify: Saving Parameter "CovgStartDate = ".	[MsgId: MMSG-13798]
EmployeeBeginCoverage.c(41): Error -35049: No match found for the requested parameter "CovgStartDate". Check whether the requested regular expression exists in the response data, Snapshot Info [MSH 1 13]  	[MsgId: MERR-35049]
End auto log messages stack.	[MsgId: MMSG-10544]


Start auto log messages stack - Iteration 1.	[MsgId: MMSG-10545]
EmployeeBeginCoverage.c(41): Resource "http://enroll_uat.dchbx.org/assets/icons/phone-bcc17403386ca4171aae411f308ef6a1.png" is in the cache already and will not be downloaded again  	[MsgId: MMSG-26655]
EmployeeBeginCoverage.c(41): Resource "http://enroll_uat.dchbx.org/assets/icons/mail-21b45f89893abcf4033b96e8a261354e.png" is in the cache already and will not be downloaded again  	[MsgId: MMSG-26655]
EmployeeBeginCoverage.c(41): Resource "http://enroll_uat.dchbx.org/assets/icons/message-6a0a303d9fc72d557125912bdf9efed8.png" is in the cache already and will not be downloaded again  	[MsgId: MMSG-26655]
EmployeeBeginCoverage.c(41): Notify: Saving Parameter "authenticity_token = jDjSr9amFeJPurRJmdei1gio8uWUiSYSi+KNF/YPpL1oYBAHLh5bNLsDDbWZgmD9eHtJHtrwp/g3ipYlCJ9nLg==".	[MsgId: MMSG-13798]
EmployeeBeginCoverage.c(41): Notify: Saving Parameter "EligibleDate = ".	[MsgId: MMSG-13798]
EmployeeBeginCoverage.c(41): Error -35049: No match found for the requested parameter "EligibleDate". Check whether the requested regular expression exists in the response data, Snapshot Info [MSH 1 13]  	[MsgId: MERR-35049]
End auto log messages stack.	[MsgId: MMSG-10544]


Start auto log messages stack - Iteration 1.	[MsgId: MMSG-10545]
EmployeeBeginCoverage.c(41): Notify: Saving Parameter "EmployeeID = ".	[MsgId: MMSG-13798]
EmployeeBeginCoverage.c(41): Error -35049: No match found for the requested parameter "EmployeeID". Check whether the requested regular expression exists in the response data, Snapshot Info [MSH 1 13]  	[MsgId: MERR-35049]
End auto log messages stack.	[MsgId: MMSG-10544]


Start auto log messages stack - Iteration 1.	[MsgId: MMSG-10545]
EmployeeBeginCoverage.c(41): Notify: Saving Parameter "EmpHireDate = ".	[MsgId: MMSG-13798]
EmployeeBeginCoverage.c(41): Error -35049: No match found for the requested parameter "EmpHireDate". Check whether the requested regular expression exists in the response data, Snapshot Info [MSH 1 13]  	[MsgId: MERR-35049]
End auto log messages stack.	[MsgId: MMSG-10544]


Start auto log messages stack - Iteration 1.	[MsgId: MMSG-10545]
EmployeeBeginCoverage.c(41): Notify: Saving Parameter "CovgStartDate = ".	[MsgId: MMSG-13798]
EmployeeBeginCoverage.c(41): Error -35049: No match found for the requested parameter "CovgStartDate". Check whether the requested regular expression exists in the response data, Snapshot Info [MSH 1 13]  	[MsgId: MERR-35049]
End auto log messages stack.	[MsgId: MMSG-10544]


Start auto log messages stack - Iteration 1.	[MsgId: MMSG-10545]
EmployeeBeginCoverage.c(41): Resource "http://enroll_uat.dchbx.org/assets/icons/phone-bcc17403386ca4171aae411f308ef6a1.png" is in the cache already and will not be downloaded again  	[MsgId: MMSG-26655]
EmployeeBeginCoverage.c(41): Resource "http://enroll_uat.dchbx.org/assets/icons/mail-21b45f89893abcf4033b96e8a261354e.png" is in the cache already and will not be downloaded again  	[MsgId: MMSG-26655]
EmployeeBeginCoverage.c(41): Resource "http://enroll_uat.dchbx.org/assets/icons/message-6a0a303d9fc72d557125912bdf9efed8.png" is in the cache already and will not be downloaded again  	[MsgId: MMSG-26655]
EmployeeBeginCoverage.c(41): Notify: Saving Parameter "authenticity_token = Pz6oDPndmjmbFuJJRVNoSVQirG7/Yyoi8kLJVxnH6WRmLqkNcxbOKSoUbMVMIWm+Yd6WV3BE0twTgfMJr4k7uQ==".	[MsgId: MMSG-13798]
EmployeeBeginCoverage.c(41): Notify: Saving Parameter "EligibleDate = ".	[MsgId: MMSG-13798]
EmployeeBeginCoverage.c(41): Error -35049: No match found for the requested parameter "EligibleDate". Check whether the requested regular expression exists in the response data, Snapshot Info [MSH 1 13]  	[MsgId: MERR-35049]
End auto log messages stack.	[MsgId: MMSG-10544]


Start auto log messages stack - Iteration 1.	[MsgId: MMSG-10545]
EmployeeBeginCoverage.c(41): Notify: Saving Parameter "EmployeeID = ".	[MsgId: MMSG-13798]
EmployeeBeginCoverage.c(41): Error -35049: No match found for the requested parameter "EmployeeID". Check whether the requested regular expression exists in the response data, Snapshot Info [MSH 1 13]  	[MsgId: MERR-35049]
End auto log messages stack.	[MsgId: MMSG-10544]


Start auto log messages stack - Iteration 1.	[MsgId: MMSG-10545]
EmployeeBeginCoverage.c(41): Notify: Saving Parameter "EmpHireDate = ".	[MsgId: MMSG-13798]
EmployeeBeginCoverage.c(41): Error -35049: No match found for the requested parameter "EmpHireDate". Check whether the requested regular expression exists in the response data, Snapshot Info [MSH 1 13]  	[MsgId: MERR-35049]
End auto log messages stack.	[MsgId: MMSG-10544]


Start auto log messages stack - Iteration 1.	[MsgId: MMSG-10545]
EmployeeBeginCoverage.c(41): Notify: Saving Parameter "CovgStartDate = ".	[MsgId: MMSG-13798]
EmployeeBeginCoverage.c(41): Error -35049: No match found for the requested parameter "CovgStartDate". Check whether the requested regular expression exists in the response data, Snapshot Info [MSH 1 13]  	[MsgId: MERR-35049]
End auto log messages stack.	[MsgId: MMSG-10544]


Start auto log messages stack - Iteration 1.	[MsgId: MMSG-10545]
EmployeeBeginCoverage.c(41): Resource "http://enroll_uat.dchbx.org/assets/icons/phone-bcc17403386ca4171aae411f308ef6a1.png" is in the cache already and will not be downloaded again  	[MsgId: MMSG-26655]
EmployeeBeginCoverage.c(41): Resource "http://enroll_uat.dchbx.org/assets/icons/mail-21b45f89893abcf4033b96e8a261354e.png" is in the cache already and will not be downloaded again  	[MsgId: MMSG-26655]
EmployeeBeginCoverage.c(41): Resource "http://enroll_uat.dchbx.org/assets/icons/message-6a0a303d9fc72d557125912bdf9efed8.png" is in the cache already and will not be downloaded again  	[MsgId: MMSG-26655]
EmployeeBeginCoverage.c(41): Notify: Saving Parameter "authenticity_token = Tj+/hgMHPE/ypjf8EM7WF/vO7i5yRbgEhtkiMSe3Rwd/Ak+xcQjxRVvVXG1fXWpmukEiIpn0Gc00PLG9jex/pA==".	[MsgId: MMSG-13798]
EmployeeBeginCoverage.c(41): Notify: Saving Parameter "EligibleDate = ".	[MsgId: MMSG-13798]
EmployeeBeginCoverage.c(41): Error -35049: No match found for the requested parameter "EligibleDate". Check whether the requested regular expression exists in the response data, Snapshot Info [MSH 1 13]  	[MsgId: MERR-35049]
End auto log messages stack.	[MsgId: MMSG-10544]


Start auto log messages stack - Iteration 1.	[MsgId: MMSG-10545]
EmployeeBeginCoverage.c(41): Notify: Saving Parameter "EmployeeID = ".	[MsgId: MMSG-13798]
EmployeeBeginCoverage.c(41): Error -35049: No match found for the requested parameter "EmployeeID". Check whether the requested regular expression exists in the response data, Snapshot Info [MSH 1 13]  	[MsgId: MERR-35049]
End auto log messages stack.	[MsgId: MMSG-10544]


Start auto log messages stack - Iteration 1.	[MsgId: MMSG-10545]
EmployeeBeginCoverage.c(41): Notify: Saving Parameter "EmpHireDate = ".	[MsgId: MMSG-13798]
EmployeeBeginCoverage.c(41): Error -35049: No match found for the requested parameter "EmpHireDate". Check whether the requested regular expression exists in the response data, Snapshot Info [MSH 1 13]  	[MsgId: MERR-35049]
End auto log messages stack.	[MsgId: MMSG-10544]


Start auto log messages stack - Iteration 1.	[MsgId: MMSG-10545]
EmployeeBeginCoverage.c(41): Notify: Saving Parameter "CovgStartDate = ".	[MsgId: MMSG-13798]
EmployeeBeginCoverage.c(41): Error -35049: No match found for the requested parameter "CovgStartDate". Check whether the requested regular expression exists in the response data, Snapshot Info [MSH 1 13]  	[MsgId: MERR-35049]
End auto log messages stack.	[MsgId: MMSG-10544]


Start auto log messages stack - Iteration 1.	[MsgId: MMSG-10545]
EmployeeBeginCoverage.c(41): Resource "http://enroll_uat.dchbx.org/assets/icons/phone-bcc17403386ca4171aae411f308ef6a1.png" is in the cache already and will not be downloaded again  	[MsgId: MMSG-26655]
EmployeeBeginCoverage.c(41): Resource "http://enroll_uat.dchbx.org/assets/icons/mail-21b45f89893abcf4033b96e8a261354e.png" is in the cache already and will not be downloaded again  	[MsgId: MMSG-26655]
EmployeeBeginCoverage.c(41): Resource "http://enroll_uat.dchbx.org/assets/icons/message-6a0a303d9fc72d557125912bdf9efed8.png" is in the cache already and will not be downloaded again  	[MsgId: MMSG-26655]
EmployeeBeginCoverage.c(41): Notify: Saving Parameter "authenticity_token = MioQeyOCzxLd8C1dBOzCkmo8/8hwT2nJi0lVZqpm7BYlVQb51HgmJzJOVXCLzJ2ULxvovelbNH4Rio/9LjBkAw==".	[MsgId: MMSG-13798]
EmployeeBeginCoverage.c(41): Notify: Saving Parameter "EligibleDate = ".	[MsgId: MMSG-13798]
EmployeeBeginCoverage.c(41): Error -35049: No match found for the requested parameter "EligibleDate". Check whether the requested regular expression exists in the response data, Snapshot Info [MSH 1 13]  	[MsgId: MERR-35049]
End auto log messages stack.	[MsgId: MMSG-10544]


Start auto log messages stack - Iteration 1.	[MsgId: MMSG-10545]
EmployeeBeginCoverage.c(41): Notify: Saving Parameter "EmployeeID = ".	[MsgId: MMSG-13798]
EmployeeBeginCoverage.c(41): Error -35049: No match found for the requested parameter "EmployeeID". Check whether the requested regular expression exists in the response data, Snapshot Info [MSH 1 13]  	[MsgId: MERR-35049]
End auto log messages stack.	[MsgId: MMSG-10544]


Start auto log messages stack - Iteration 1.	[MsgId: MMSG-10545]
EmployeeBeginCoverage.c(41): Notify: Saving Parameter "EmpHireDate = ".	[MsgId: MMSG-13798]
EmployeeBeginCoverage.c(41): Error -35049: No match found for the requested parameter "EmpHireDate". Check whether the requested regular expression exists in the response data, Snapshot Info [MSH 1 13]  	[MsgId: MERR-35049]
End auto log messages stack.	[MsgId: MMSG-10544]


Start auto log messages stack - Iteration 1.	[MsgId: MMSG-10545]
EmployeeBeginCoverage.c(41): Notify: Saving Parameter "CovgStartDate = ".	[MsgId: MMSG-13798]
EmployeeBeginCoverage.c(41): Error -35049: No match found for the requested parameter "CovgStartDate". Check whether the requested regular expression exists in the response data, Snapshot Info [MSH 1 13]  	[MsgId: MERR-35049]
End auto log messages stack.	[MsgId: MMSG-10544]


Start auto log messages stack - Iteration 1.	[MsgId: MMSG-10545]
EmployeeBeginCoverage.c(41): Resource "http://enroll_uat.dchbx.org/assets/icons/phone-bcc17403386ca4171aae411f308ef6a1.png" is in the cache already and will not be downloaded again  	[MsgId: MMSG-26655]
EmployeeBeginCoverage.c(41): Resource "http://enroll_uat.dchbx.org/assets/icons/mail-21b45f89893abcf4033b96e8a261354e.png" is in the cache already and will not be downloaded again  	[MsgId: MMSG-26655]
EmployeeBeginCoverage.c(41): Resource "http://enroll_uat.dchbx.org/assets/icons/message-6a0a303d9fc72d557125912bdf9efed8.png" is in the cache already and will not be downloaded again  	[MsgId: MMSG-26655]
EmployeeBeginCoverage.c(41): Notify: Saving Parameter "authenticity_token = bDLWFFSx8oNTajptrFLFVWmRmmYnphRYrxRVIiAtPDEt4m2hd0MsTfEKE9j4wb6qTBh458CB7cHZst7+qs/oUQ==".	[MsgId: MMSG-13798]
EmployeeBeginCoverage.c(41): Notify: Saving Parameter "EligibleDate = ".	[MsgId: MMSG-13798]
EmployeeBeginCoverage.c(41): Error -35049: No match found for the requested parameter "EligibleDate". Check whether the requested regular expression exists in the response data, Snapshot Info [MSH 1 13]  	[MsgId: MERR-35049]
End auto log messages stack.	[MsgId: MMSG-10544]


Start auto log messages stack - Iteration 1.	[MsgId: MMSG-10545]
EmployeeBeginCoverage.c(41): Notify: Saving Parameter "EmployeeID = ".	[MsgId: MMSG-13798]
EmployeeBeginCoverage.c(41): Error -35049: No match found for the requested parameter "EmployeeID". Check whether the requested regular expression exists in the response data, Snapshot Info [MSH 1 13]  	[MsgId: MERR-35049]
End auto log messages stack.	[MsgId: MMSG-10544]


Start auto log messages stack - Iteration 1.	[MsgId: MMSG-10545]
EmployeeBeginCoverage.c(41): Notify: Saving Parameter "EmpHireDate = ".	[MsgId: MMSG-13798]
EmployeeBeginCoverage.c(41): Error -35049: No match found for the requested parameter "EmpHireDate". Check whether the requested regular expression exists in the response data, Snapshot Info [MSH 1 13]  	[MsgId: MERR-35049]
End auto log messages stack.	[MsgId: MMSG-10544]


Start auto log messages stack - Iteration 1.	[MsgId: MMSG-10545]
EmployeeBeginCoverage.c(41): Notify: Saving Parameter "CovgStartDate = ".	[MsgId: MMSG-13798]
EmployeeBeginCoverage.c(41): Error -35049: No match found for the requested parameter "CovgStartDate". Check whether the requested regular expression exists in the response data, Snapshot Info [MSH 1 13]  	[MsgId: MERR-35049]
End auto log messages stack.	[MsgId: MMSG-10544]


Start auto log messages stack - Iteration 1.	[MsgId: MMSG-10545]
EmployeeBeginCoverage.c(41): Resource "http://enroll_uat.dchbx.org/assets/icons/phone-bcc17403386ca4171aae411f308ef6a1.png" is in the cache already and will not be downloaded again  	[MsgId: MMSG-26655]
EmployeeBeginCoverage.c(41): Resource "http://enroll_uat.dchbx.org/assets/icons/mail-21b45f89893abcf4033b96e8a261354e.png" is in the cache already and will not be downloaded again  	[MsgId: MMSG-26655]
EmployeeBeginCoverage.c(41): Resource "http://enroll_uat.dchbx.org/assets/icons/message-6a0a303d9fc72d557125912bdf9efed8.png" is in the cache already and will not be downloaded again  	[MsgId: MMSG-26655]
EmployeeBeginCoverage.c(41): Notify: Saving Parameter "authenticity_token = IDjfpFc858MzDgGo2k1D9sAJBs0zd6zBK9EASS1kINfsIMHY/KW7ZHavG2wdAdtpQe77uWN9m3N6X8N+fOT7jw==".	[MsgId: MMSG-13798]
EmployeeBeginCoverage.c(41): Notify: Saving Parameter "EligibleDate = ".	[MsgId: MMSG-13798]
EmployeeBeginCoverage.c(41): Error -35049: No match found for the requested parameter "EligibleDate". Check whether the requested regular expression exists in the response data, Snapshot Info [MSH 1 13]  	[MsgId: MERR-35049]
End auto log messages stack.	[MsgId: MMSG-10544]


Start auto log messages stack - Iteration 1.	[MsgId: MMSG-10545]
EmployeeBeginCoverage.c(41): Notify: Saving Parameter "EmployeeID = ".	[MsgId: MMSG-13798]
EmployeeBeginCoverage.c(41): Error -35049: No match found for the requested parameter "EmployeeID". Check whether the requested regular expression exists in the response data, Snapshot Info [MSH 1 13]  	[MsgId: MERR-35049]
End auto log messages stack.	[MsgId: MMSG-10544]


Start auto log messages stack - Iteration 1.	[MsgId: MMSG-10545]
EmployeeBeginCoverage.c(41): Notify: Saving Parameter "EmpHireDate = ".	[MsgId: MMSG-13798]
EmployeeBeginCoverage.c(41): Error -35049: No match found for the requested parameter "EmpHireDate". Check whether the requested regular expression exists in the response data, Snapshot Info [MSH 1 13]  	[MsgId: MERR-35049]
End auto log messages stack.	[MsgId: MMSG-10544]


Start auto log messages stack - Iteration 1.	[MsgId: MMSG-10545]
EmployeeBeginCoverage.c(41): Notify: Saving Parameter "CovgStartDate = ".	[MsgId: MMSG-13798]
EmployeeBeginCoverage.c(41): Error -35049: No match found for the requested parameter "CovgStartDate". Check whether the requested regular expression exists in the response data, Snapshot Info [MSH 1 13]  	[MsgId: MERR-35049]
End auto log messages stack.	[MsgId: MMSG-10544]


Start auto log messages stack - Iteration 1.	[MsgId: MMSG-10545]
EmployeeBeginCoverage.c(41): Resource "http://enroll_uat.dchbx.org/assets/icons/phone-bcc17403386ca4171aae411f308ef6a1.png" is in the cache already and will not be downloaded again  	[MsgId: MMSG-26655]
EmployeeBeginCoverage.c(41): Resource "http://enroll_uat.dchbx.org/assets/icons/mail-21b45f89893abcf4033b96e8a261354e.png" is in the cache already and will not be downloaded again  	[MsgId: MMSG-26655]
EmployeeBeginCoverage.c(41): Resource "http://enroll_uat.dchbx.org/assets/icons/message-6a0a303d9fc72d557125912bdf9efed8.png" is in the cache already and will not be downloaded again  	[MsgId: MMSG-26655]
EmployeeBeginCoverage.c(41): Notify: Saving Parameter "authenticity_token = Fa82PtqHuGE6L58YbgGYt4inafI37UvkxSJsiezR+d8Pqpu19NbaQmMJYp6VvhRt3uxVeF69p8n4ixQj/DZkSw==".	[MsgId: MMSG-13798]
EmployeeBeginCoverage.c(41): Notify: Saving Parameter "EligibleDate = ".	[MsgId: MMSG-13798]
EmployeeBeginCoverage.c(41): Error -35049: No match found for the requested parameter "EligibleDate". Check whether the requested regular expression exists in the response data, Snapshot Info [MSH 1 13]  	[MsgId: MERR-35049]
End auto log messages stack.	[MsgId: MMSG-10544]


Start auto log messages stack - Iteration 1.	[MsgId: MMSG-10545]
EmployeeBeginCoverage.c(41): Notify: Saving Parameter "EmployeeID = ".	[MsgId: MMSG-13798]
EmployeeBeginCoverage.c(41): Error -35049: No match found for the requested parameter "EmployeeID". Check whether the requested regular expression exists in the response data, Snapshot Info [MSH 1 13]  	[MsgId: MERR-35049]
End auto log messages stack.	[MsgId: MMSG-10544]


Start auto log messages stack - Iteration 1.	[MsgId: MMSG-10545]
EmployeeBeginCoverage.c(41): Notify: Saving Parameter "EmpHireDate = ".	[MsgId: MMSG-13798]
EmployeeBeginCoverage.c(41): Error -35049: No match found for the requested parameter "EmpHireDate". Check whether the requested regular expression exists in the response data, Snapshot Info [MSH 1 13]  	[MsgId: MERR-35049]
End auto log messages stack.	[MsgId: MMSG-10544]


Start auto log messages stack - Iteration 1.	[MsgId: MMSG-10545]
EmployeeBeginCoverage.c(41): Notify: Saving Parameter "CovgStartDate = ".	[MsgId: MMSG-13798]
EmployeeBeginCoverage.c(41): Error -35049: No match found for the requested parameter "CovgStartDate". Check whether the requested regular expression exists in the response data, Snapshot Info [MSH 1 13]  	[MsgId: MERR-35049]
End auto log messages stack.	[MsgId: MMSG-10544]


Start auto log messages stack - Iteration 2.	[MsgId: MMSG-10545]
EmployeeBeginCoverage.c(41): Resource "http://enroll_uat.dchbx.org/assets/icons/phone-bcc17403386ca4171aae411f308ef6a1.png" is in the cache already and will not be downloaded again  	[MsgId: MMSG-26655]
EmployeeBeginCoverage.c(41): Resource "http://enroll_uat.dchbx.org/assets/icons/mail-21b45f89893abcf4033b96e8a261354e.png" is in the cache already and will not be downloaded again  	[MsgId: MMSG-26655]
EmployeeBeginCoverage.c(41): Resource "http://enroll_uat.dchbx.org/assets/icons/message-6a0a303d9fc72d557125912bdf9efed8.png" is in the cache already and will not be downloaded again  	[MsgId: MMSG-26655]
EmployeeBeginCoverage.c(41): Notify: Saving Parameter "authenticity_token = KzYHm1uKdDOIU9aQnDsXc673kZD/l67BmFqXebnkWZC5YZaB5zYK6X4m7qaPHozM5QEht9H15FUmvpS3fE1oUQ==".	[MsgId: MMSG-13798]
EmployeeBeginCoverage.c(41): Notify: Saving Parameter "EligibleDate = ".	[MsgId: MMSG-13798]
EmployeeBeginCoverage.c(41): Error -35049: No match found for the requested parameter "EligibleDate". Check whether the requested regular expression exists in the response data, Snapshot Info [MSH 2 13]  	[MsgId: MERR-35049]
End auto log messages stack.	[MsgId: MMSG-10544]


Start auto log messages stack - Iteration 2.	[MsgId: MMSG-10545]
EmployeeBeginCoverage.c(41): Notify: Saving Parameter "EmployeeID = ".	[MsgId: MMSG-13798]
EmployeeBeginCoverage.c(41): Error -35049: No match found for the requested parameter "EmployeeID". Check whether the requested regular expression exists in the response data, Snapshot Info [MSH 2 13]  	[MsgId: MERR-35049]
End auto log messages stack.	[MsgId: MMSG-10544]


Start auto log messages stack - Iteration 2.	[MsgId: MMSG-10545]
EmployeeBeginCoverage.c(41): Notify: Saving Parameter "EmpHireDate = ".	[MsgId: MMSG-13798]
EmployeeBeginCoverage.c(41): Error -35049: No match found for the requested parameter "EmpHireDate". Check whether the requested regular expression exists in the response data, Snapshot Info [MSH 2 13]  	[MsgId: MERR-35049]
End auto log messages stack.	[MsgId: MMSG-10544]


Start auto log messages stack - Iteration 2.	[MsgId: MMSG-10545]
EmployeeBeginCoverage.c(41): Notify: Saving Parameter "CovgStartDate = ".	[MsgId: MMSG-13798]
EmployeeBeginCoverage.c(41): Error -35049: No match found for the requested parameter "CovgStartDate". Check whether the requested regular expression exists in the response data, Snapshot Info [MSH 2 13]  	[MsgId: MERR-35049]
End auto log messages stack.	[MsgId: MMSG-10544]


Start auto log messages stack - Iteration 2.	[MsgId: MMSG-10545]
EmployeeBeginCoverage.c(41): Resource "http://enroll_uat.dchbx.org/assets/icons/phone-bcc17403386ca4171aae411f308ef6a1.png" is in the cache already and will not be downloaded again  	[MsgId: MMSG-26655]
EmployeeBeginCoverage.c(41): Resource "http://enroll_uat.dchbx.org/assets/icons/mail-21b45f89893abcf4033b96e8a261354e.png" is in the cache already and will not be downloaded again  	[MsgId: MMSG-26655]
EmployeeBeginCoverage.c(41): Resource "http://enroll_uat.dchbx.org/assets/icons/message-6a0a303d9fc72d557125912bdf9efed8.png" is in the cache already and will not be downloaded again  	[MsgId: MMSG-26655]
EmployeeBeginCoverage.c(41): Notify: Saving Parameter "authenticity_token = 2o2NjflvQLtZLpJSO8oItk4z/3eGPxA5mwdDFHHHIff+D+gLRLTXvb6hQBjgrdNV80eQptog535GSuG2+Mug/g==".	[MsgId: MMSG-13798]
EmployeeBeginCoverage.c(41): Notify: Saving Parameter "EligibleDate = ".	[MsgId: MMSG-13798]
EmployeeBeginCoverage.c(41): Error -35049: No match found for the requested parameter "EligibleDate". Check whether the requested regular expression exists in the response data, Snapshot Info [MSH 2 13]  	[MsgId: MERR-35049]
End auto log messages stack.	[MsgId: MMSG-10544]


Start auto log messages stack - Iteration 2.	[MsgId: MMSG-10545]
EmployeeBeginCoverage.c(41): Notify: Saving Parameter "EmployeeID = ".	[MsgId: MMSG-13798]
EmployeeBeginCoverage.c(41): Error -35049: No match found for the requested parameter "EmployeeID". Check whether the requested regular expression exists in the response data, Snapshot Info [MSH 2 13]  	[MsgId: MERR-35049]
End auto log messages stack.	[MsgId: MMSG-10544]


Start auto log messages stack - Iteration 2.	[MsgId: MMSG-10545]
EmployeeBeginCoverage.c(41): Notify: Saving Parameter "EmpHireDate = ".	[MsgId: MMSG-13798]
EmployeeBeginCoverage.c(41): Error -35049: No match found for the requested parameter "EmpHireDate". Check whether the requested regular expression exists in the response data, Snapshot Info [MSH 2 13]  	[MsgId: MERR-35049]
End auto log messages stack.	[MsgId: MMSG-10544]


Start auto log messages stack - Iteration 2.	[MsgId: MMSG-10545]
EmployeeBeginCoverage.c(41): Notify: Saving Parameter "CovgStartDate = ".	[MsgId: MMSG-13798]
EmployeeBeginCoverage.c(41): Error -35049: No match found for the requested parameter "CovgStartDate". Check whether the requested regular expression exists in the response data, Snapshot Info [MSH 2 13]  	[MsgId: MERR-35049]
End auto log messages stack.	[MsgId: MMSG-10544]


Start auto log messages stack - Iteration 2.	[MsgId: MMSG-10545]
EmployeeBeginCoverage.c(41): Resource "http://enroll_uat.dchbx.org/assets/icons/phone-bcc17403386ca4171aae411f308ef6a1.png" is in the cache already and will not be downloaded again  	[MsgId: MMSG-26655]
EmployeeBeginCoverage.c(41): Resource "http://enroll_uat.dchbx.org/assets/icons/mail-21b45f89893abcf4033b96e8a261354e.png" is in the cache already and will not be downloaded again  	[MsgId: MMSG-26655]
EmployeeBeginCoverage.c(41): Resource "http://enroll_uat.dchbx.org/assets/icons/message-6a0a303d9fc72d557125912bdf9efed8.png" is in the cache already and will not be downloaded again  	[MsgId: MMSG-26655]
EmployeeBeginCoverage.c(41): Notify: Saving Parameter "authenticity_token = 0etTzjUeFuMPkyu9l1mSYEAcors9wZ2ynhT+JfX5L8UAumed9s/NifVERgZH95dtKdcDKa+rT1ILQnM2Gi3i2A==".	[MsgId: MMSG-13798]
EmployeeBeginCoverage.c(41): Notify: Saving Parameter "EligibleDate = ".	[MsgId: MMSG-13798]
EmployeeBeginCoverage.c(41): Error -35049: No match found for the requested parameter "EligibleDate". Check whether the requested regular expression exists in the response data, Snapshot Info [MSH 2 13]  	[MsgId: MERR-35049]
End auto log messages stack.	[MsgId: MMSG-10544]


Start auto log messages stack - Iteration 2.	[MsgId: MMSG-10545]
EmployeeBeginCoverage.c(41): Notify: Saving Parameter "EmployeeID = ".	[MsgId: MMSG-13798]
EmployeeBeginCoverage.c(41): Error -35049: No match found for the requested parameter "EmployeeID". Check whether the requested regular expression exists in the response data, Snapshot Info [MSH 2 13]  	[MsgId: MERR-35049]
End auto log messages stack.	[MsgId: MMSG-10544]


Start auto log messages stack - Iteration 2.	[MsgId: MMSG-10545]
EmployeeBeginCoverage.c(41): Notify: Saving Parameter "EmpHireDate = ".	[MsgId: MMSG-13798]
EmployeeBeginCoverage.c(41): Error -35049: No match found for the requested parameter "EmpHireDate". Check whether the requested regular expression exists in the response data, Snapshot Info [MSH 2 13]  	[MsgId: MERR-35049]
End auto log messages stack.	[MsgId: MMSG-10544]


Start auto log messages stack - Iteration 2.	[MsgId: MMSG-10545]
EmployeeBeginCoverage.c(41): Notify: Saving Parameter "CovgStartDate = ".	[MsgId: MMSG-13798]
EmployeeBeginCoverage.c(41): Error -35049: No match found for the requested parameter "CovgStartDate". Check whether the requested regular expression exists in the response data, Snapshot Info [MSH 2 13]  	[MsgId: MERR-35049]
End auto log messages stack.	[MsgId: MMSG-10544]


Start auto log messages stack - Iteration 1.	[MsgId: MMSG-10545]
EmployeeBeginCoverage.c(41): Resource "http://enroll_uat.dchbx.org/assets/icons/phone-bcc17403386ca4171aae411f308ef6a1.png" is in the cache already and will not be downloaded again  	[MsgId: MMSG-26655]
EmployeeBeginCoverage.c(41): Resource "http://enroll_uat.dchbx.org/assets/icons/mail-21b45f89893abcf4033b96e8a261354e.png" is in the cache already and will not be downloaded again  	[MsgId: MMSG-26655]
EmployeeBeginCoverage.c(41): Resource "http://enroll_uat.dchbx.org/assets/icons/message-6a0a303d9fc72d557125912bdf9efed8.png" is in the cache already and will not be downloaded again  	[MsgId: MMSG-26655]
EmployeeBeginCoverage.c(41): Notify: Saving Parameter "authenticity_token = Fsv62ezrMqwWTJ0F3hE+sRl6I7upj9nYJbkPWpMY3/KrpifQ1vET07NakzSVcsxXkEaO53bcnLZ0++REDxcpvg==".	[MsgId: MMSG-13798]
EmployeeBeginCoverage.c(41): Notify: Saving Parameter "EligibleDate = ".	[MsgId: MMSG-13798]
EmployeeBeginCoverage.c(41): Error -35049: No match found for the requested parameter "EligibleDate". Check whether the requested regular expression exists in the response data, Snapshot Info [MSH 1 13]  	[MsgId: MERR-35049]
End auto log messages stack.	[MsgId: MMSG-10544]


Start auto log messages stack - Iteration 1.	[MsgId: MMSG-10545]
EmployeeBeginCoverage.c(41): Notify: Saving Parameter "EmployeeID = ".	[MsgId: MMSG-13798]
EmployeeBeginCoverage.c(41): Error -35049: No match found for the requested parameter "EmployeeID". Check whether the requested regular expression exists in the response data, Snapshot Info [MSH 1 13]  	[MsgId: MERR-35049]
End auto log messages stack.	[MsgId: MMSG-10544]


Start auto log messages stack - Iteration 1.	[MsgId: MMSG-10545]
EmployeeBeginCoverage.c(41): Notify: Saving Parameter "EmpHireDate = ".	[MsgId: MMSG-13798]
EmployeeBeginCoverage.c(41): Error -35049: No match found for the requested parameter "EmpHireDate". Check whether the requested regular expression exists in the response data, Snapshot Info [MSH 1 13]  	[MsgId: MERR-35049]
End auto log messages stack.	[MsgId: MMSG-10544]


Start auto log messages stack - Iteration 1.	[MsgId: MMSG-10545]
EmployeeBeginCoverage.c(41): Notify: Saving Parameter "CovgStartDate = ".	[MsgId: MMSG-13798]
EmployeeBeginCoverage.c(41): Error -35049: No match found for the requested parameter "CovgStartDate". Check whether the requested regular expression exists in the response data, Snapshot Info [MSH 1 13]  	[MsgId: MERR-35049]
End auto log messages stack.	[MsgId: MMSG-10544]


Start auto log messages stack - Iteration 2.	[MsgId: MMSG-10545]
EmployeeBeginCoverage.c(41): Resource "http://enroll_uat.dchbx.org/assets/icons/phone-bcc17403386ca4171aae411f308ef6a1.png" is in the cache already and will not be downloaded again  	[MsgId: MMSG-26655]
EmployeeBeginCoverage.c(41): Resource "http://enroll_uat.dchbx.org/assets/icons/mail-21b45f89893abcf4033b96e8a261354e.png" is in the cache already and will not be downloaded again  	[MsgId: MMSG-26655]
EmployeeBeginCoverage.c(41): Resource "http://enroll_uat.dchbx.org/assets/icons/message-6a0a303d9fc72d557125912bdf9efed8.png" is in the cache already and will not be downloaded again  	[MsgId: MMSG-26655]
EmployeeBeginCoverage.c(41): Notify: Saving Parameter "authenticity_token = mvt4joo9SejAB04mWP+kv4rVtaW9HexTL7QBsHl00349dZpMmEOCfLmEaTtjjMDaXRa2uSrnSjaHcNX67whcMQ==".	[MsgId: MMSG-13798]
EmployeeBeginCoverage.c(41): Notify: Saving Parameter "EligibleDate = ".	[MsgId: MMSG-13798]
EmployeeBeginCoverage.c(41): Error -35049: No match found for the requested parameter "EligibleDate". Check whether the requested regular expression exists in the response data, Snapshot Info [MSH 2 13]  	[MsgId: MERR-35049]
End auto log messages stack.	[MsgId: MMSG-10544]


Start auto log messages stack - Iteration 2.	[MsgId: MMSG-10545]
EmployeeBeginCoverage.c(41): Notify: Saving Parameter "EmployeeID = ".	[MsgId: MMSG-13798]
EmployeeBeginCoverage.c(41): Error -35049: No match found for the requested parameter "EmployeeID". Check whether the requested regular expression exists in the response data, Snapshot Info [MSH 2 13]  	[MsgId: MERR-35049]
End auto log messages stack.	[MsgId: MMSG-10544]


Start auto log messages stack - Iteration 2.	[MsgId: MMSG-10545]
EmployeeBeginCoverage.c(41): Notify: Saving Parameter "EmpHireDate = ".	[MsgId: MMSG-13798]
EmployeeBeginCoverage.c(41): Error -35049: No match found for the requested parameter "EmpHireDate". Check whether the requested regular expression exists in the response data, Snapshot Info [MSH 2 13]  	[MsgId: MERR-35049]
End auto log messages stack.	[MsgId: MMSG-10544]


Start auto log messages stack - Iteration 2.	[MsgId: MMSG-10545]
EmployeeBeginCoverage.c(41): Notify: Saving Parameter "CovgStartDate = ".	[MsgId: MMSG-13798]
EmployeeBeginCoverage.c(41): Error -35049: No match found for the requested parameter "CovgStartDate". Check whether the requested regular expression exists in the response data, Snapshot Info [MSH 2 13]  	[MsgId: MERR-35049]
End auto log messages stack.	[MsgId: MMSG-10544]


Start auto log messages stack - Iteration 2.	[MsgId: MMSG-10545]
EmployeeBeginCoverage.c(41): Resource "http://enroll_uat.dchbx.org/assets/icons/phone-bcc17403386ca4171aae411f308ef6a1.png" is in the cache already and will not be downloaded again  	[MsgId: MMSG-26655]
EmployeeBeginCoverage.c(41): Resource "http://enroll_uat.dchbx.org/assets/icons/mail-21b45f89893abcf4033b96e8a261354e.png" is in the cache already and will not be downloaded again  	[MsgId: MMSG-26655]
EmployeeBeginCoverage.c(41): Resource "http://enroll_uat.dchbx.org/assets/icons/message-6a0a303d9fc72d557125912bdf9efed8.png" is in the cache already and will not be downloaded again  	[MsgId: MMSG-26655]
EmployeeBeginCoverage.c(41): Notify: Saving Parameter "authenticity_token = WiqMMkwsvJ2HqnDgsZS2NDTLeGLOKvJe/nb4fHyHB/rmu1SKS4k6kgyig85KygyyTpreS9+6GjqBm+aaceJTDg==".	[MsgId: MMSG-13798]
EmployeeBeginCoverage.c(41): Notify: Saving Parameter "EligibleDate = ".	[MsgId: MMSG-13798]
EmployeeBeginCoverage.c(41): Error -35049: No match found for the requested parameter "EligibleDate". Check whether the requested regular expression exists in the response data, Snapshot Info [MSH 2 13]  	[MsgId: MERR-35049]
End auto log messages stack.	[MsgId: MMSG-10544]


Start auto log messages stack - Iteration 2.	[MsgId: MMSG-10545]
EmployeeBeginCoverage.c(41): Notify: Saving Parameter "EmployeeID = ".	[MsgId: MMSG-13798]
EmployeeBeginCoverage.c(41): Error -35049: No match found for the requested parameter "EmployeeID". Check whether the requested regular expression exists in the response data, Snapshot Info [MSH 2 13]  	[MsgId: MERR-35049]
End auto log messages stack.	[MsgId: MMSG-10544]


Start auto log messages stack - Iteration 2.	[MsgId: MMSG-10545]
EmployeeBeginCoverage.c(41): Notify: Saving Parameter "EmpHireDate = ".	[MsgId: MMSG-13798]
EmployeeBeginCoverage.c(41): Error -35049: No match found for the requested parameter "EmpHireDate". Check whether the requested regular expression exists in the response data, Snapshot Info [MSH 2 13]  	[MsgId: MERR-35049]
End auto log messages stack.	[MsgId: MMSG-10544]


Start auto log messages stack - Iteration 2.	[MsgId: MMSG-10545]
EmployeeBeginCoverage.c(41): Notify: Saving Parameter "CovgStartDate = ".	[MsgId: MMSG-13798]
EmployeeBeginCoverage.c(41): Error -35049: No match found for the requested parameter "CovgStartDate". Check whether the requested regular expression exists in the response data, Snapshot Info [MSH 2 13]  	[MsgId: MERR-35049]
End auto log messages stack.	[MsgId: MMSG-10544]


Start auto log messages stack - Iteration 1.	[MsgId: MMSG-10545]
EmployeeBeginCoverage.c(41): Resource "http://enroll_uat.dchbx.org/assets/icons/phone-bcc17403386ca4171aae411f308ef6a1.png" is in the cache already and will not be downloaded again  	[MsgId: MMSG-26655]
EmployeeBeginCoverage.c(41): Resource "http://enroll_uat.dchbx.org/assets/icons/mail-21b45f89893abcf4033b96e8a261354e.png" is in the cache already and will not be downloaded again  	[MsgId: MMSG-26655]
EmployeeBeginCoverage.c(41): Resource "http://enroll_uat.dchbx.org/assets/icons/message-6a0a303d9fc72d557125912bdf9efed8.png" is in the cache already and will not be downloaded again  	[MsgId: MMSG-26655]
EmployeeBeginCoverage.c(41): Notify: Saving Parameter "authenticity_token = 3Zi5QksmLSa/H1QRWmTZYiFbZBo47aJQGrhLY/gM4xTPcq7S6q2WL/t4G4iHDRlJ4HvR3R4FlBpfOSXxCwpEIQ==".	[MsgId: MMSG-13798]
EmployeeBeginCoverage.c(41): Notify: Saving Parameter "EligibleDate = ".	[MsgId: MMSG-13798]
EmployeeBeginCoverage.c(41): Error -35049: No match found for the requested parameter "EligibleDate". Check whether the requested regular expression exists in the response data, Snapshot Info [MSH 1 13]  	[MsgId: MERR-35049]
End auto log messages stack.	[MsgId: MMSG-10544]


Start auto log messages stack - Iteration 1.	[MsgId: MMSG-10545]
EmployeeBeginCoverage.c(41): Notify: Saving Parameter "EmployeeID = ".	[MsgId: MMSG-13798]
EmployeeBeginCoverage.c(41): Error -35049: No match found for the requested parameter "EmployeeID". Check whether the requested regular expression exists in the response data, Snapshot Info [MSH 1 13]  	[MsgId: MERR-35049]
End auto log messages stack.	[MsgId: MMSG-10544]


Start auto log messages stack - Iteration 1.	[MsgId: MMSG-10545]
EmployeeBeginCoverage.c(41): Notify: Saving Parameter "EmpHireDate = ".	[MsgId: MMSG-13798]
EmployeeBeginCoverage.c(41): Error -35049: No match found for the requested parameter "EmpHireDate". Check whether the requested regular expression exists in the response data, Snapshot Info [MSH 1 13]  	[MsgId: MERR-35049]
End auto log messages stack.	[MsgId: MMSG-10544]


Start auto log messages stack - Iteration 1.	[MsgId: MMSG-10545]
EmployeeBeginCoverage.c(41): Notify: Saving Parameter "CovgStartDate = ".	[MsgId: MMSG-13798]
EmployeeBeginCoverage.c(41): Error -35049: No match found for the requested parameter "CovgStartDate". Check whether the requested regular expression exists in the response data, Snapshot Info [MSH 1 13]  	[MsgId: MERR-35049]
End auto log messages stack.	[MsgId: MMSG-10544]


Start auto log messages stack - Iteration 2.	[MsgId: MMSG-10545]
EmployeeBeginCoverage.c(41): Resource "http://enroll_uat.dchbx.org/assets/icons/phone-bcc17403386ca4171aae411f308ef6a1.png" is in the cache already and will not be downloaded again  	[MsgId: MMSG-26655]
EmployeeBeginCoverage.c(41): Resource "http://enroll_uat.dchbx.org/assets/icons/mail-21b45f89893abcf4033b96e8a261354e.png" is in the cache already and will not be downloaded again  	[MsgId: MMSG-26655]
EmployeeBeginCoverage.c(41): Resource "http://enroll_uat.dchbx.org/assets/icons/message-6a0a303d9fc72d557125912bdf9efed8.png" is in the cache already and will not be downloaded again  	[MsgId: MMSG-26655]
EmployeeBeginCoverage.c(41): Notify: Saving Parameter "authenticity_token = isWM68LcjEDhreZMNkNGItgB96PsFsR/m5wPloorI/osmcBsCwqQJ32ES/gMspL4v5g+5IAPMirDsACAA5j7BQ==".	[MsgId: MMSG-13798]
EmployeeBeginCoverage.c(41): Notify: Saving Parameter "EligibleDate = ".	[MsgId: MMSG-13798]
EmployeeBeginCoverage.c(41): Error -35049: No match found for the requested parameter "EligibleDate". Check whether the requested regular expression exists in the response data, Snapshot Info [MSH 2 13]  	[MsgId: MERR-35049]
End auto log messages stack.	[MsgId: MMSG-10544]


Start auto log messages stack - Iteration 2.	[MsgId: MMSG-10545]
EmployeeBeginCoverage.c(41): Notify: Saving Parameter "EmployeeID = ".	[MsgId: MMSG-13798]
EmployeeBeginCoverage.c(41): Error -35049: No match found for the requested parameter "EmployeeID". Check whether the requested regular expression exists in the response data, Snapshot Info [MSH 2 13]  	[MsgId: MERR-35049]
End auto log messages stack.	[MsgId: MMSG-10544]


Start auto log messages stack - Iteration 2.	[MsgId: MMSG-10545]
EmployeeBeginCoverage.c(41): Notify: Saving Parameter "EmpHireDate = ".	[MsgId: MMSG-13798]
EmployeeBeginCoverage.c(41): Error -35049: No match found for the requested parameter "EmpHireDate". Check whether the requested regular expression exists in the response data, Snapshot Info [MSH 2 13]  	[MsgId: MERR-35049]
End auto log messages stack.	[MsgId: MMSG-10544]


Start auto log messages stack - Iteration 2.	[MsgId: MMSG-10545]
EmployeeBeginCoverage.c(41): Notify: Saving Parameter "CovgStartDate = ".	[MsgId: MMSG-13798]
EmployeeBeginCoverage.c(41): Error -35049: No match found for the requested parameter "CovgStartDate". Check whether the requested regular expression exists in the response data, Snapshot Info [MSH 2 13]  	[MsgId: MERR-35049]
End auto log messages stack.	[MsgId: MMSG-10544]


Start auto log messages stack - Iteration 1.	[MsgId: MMSG-10545]
EmployeeBeginCoverage.c(41): Resource "http://enroll_uat.dchbx.org/assets/icons/phone-bcc17403386ca4171aae411f308ef6a1.png" is in the cache already and will not be downloaded again  	[MsgId: MMSG-26655]
EmployeeBeginCoverage.c(41): Resource "http://enroll_uat.dchbx.org/assets/icons/mail-21b45f89893abcf4033b96e8a261354e.png" is in the cache already and will not be downloaded again  	[MsgId: MMSG-26655]
EmployeeBeginCoverage.c(41): Resource "http://enroll_uat.dchbx.org/assets/icons/message-6a0a303d9fc72d557125912bdf9efed8.png" is in the cache already and will not be downloaded again  	[MsgId: MMSG-26655]
EmployeeBeginCoverage.c(41): Notify: Saving Parameter "authenticity_token = S7ZoCxfOJN3GUNCeD6f8bC65rC/HYh3ClgSGrITqpNr599/nfKL3IOGMLbcSk32q/8EDd+HS+40cs5c1NiTzDQ==".	[MsgId: MMSG-13798]
EmployeeBeginCoverage.c(41): Notify: Saving Parameter "EligibleDate = ".	[MsgId: MMSG-13798]
EmployeeBeginCoverage.c(41): Error -35049: No match found for the requested parameter "EligibleDate". Check whether the requested regular expression exists in the response data, Snapshot Info [MSH 1 13]  	[MsgId: MERR-35049]
End auto log messages stack.	[MsgId: MMSG-10544]


Start auto log messages stack - Iteration 1.	[MsgId: MMSG-10545]
EmployeeBeginCoverage.c(41): Notify: Saving Parameter "EmployeeID = ".	[MsgId: MMSG-13798]
EmployeeBeginCoverage.c(41): Error -35049: No match found for the requested parameter "EmployeeID". Check whether the requested regular expression exists in the response data, Snapshot Info [MSH 1 13]  	[MsgId: MERR-35049]
End auto log messages stack.	[MsgId: MMSG-10544]


Start auto log messages stack - Iteration 1.	[MsgId: MMSG-10545]
EmployeeBeginCoverage.c(41): Notify: Saving Parameter "EmpHireDate = ".	[MsgId: MMSG-13798]
EmployeeBeginCoverage.c(41): Error -35049: No match found for the requested parameter "EmpHireDate". Check whether the requested regular expression exists in the response data, Snapshot Info [MSH 1 13]  	[MsgId: MERR-35049]
End auto log messages stack.	[MsgId: MMSG-10544]


Start auto log messages stack - Iteration 1.	[MsgId: MMSG-10545]
EmployeeBeginCoverage.c(41): Notify: Saving Parameter "CovgStartDate = ".	[MsgId: MMSG-13798]
EmployeeBeginCoverage.c(41): Error -35049: No match found for the requested parameter "CovgStartDate". Check whether the requested regular expression exists in the response data, Snapshot Info [MSH 1 13]  	[MsgId: MERR-35049]
End auto log messages stack.	[MsgId: MMSG-10544]


Start auto log messages stack - Iteration 1.	[MsgId: MMSG-10545]
EmployeeBeginCoverage.c(41): Resource "http://enroll_uat.dchbx.org/assets/icons/phone-bcc17403386ca4171aae411f308ef6a1.png" is in the cache already and will not be downloaded again  	[MsgId: MMSG-26655]
EmployeeBeginCoverage.c(41): Resource "http://enroll_uat.dchbx.org/assets/icons/mail-21b45f89893abcf4033b96e8a261354e.png" is in the cache already and will not be downloaded again  	[MsgId: MMSG-26655]
EmployeeBeginCoverage.c(41): Resource "http://enroll_uat.dchbx.org/assets/icons/message-6a0a303d9fc72d557125912bdf9efed8.png" is in the cache already and will not be downloaded again  	[MsgId: MMSG-26655]
EmployeeBeginCoverage.c(41): Notify: Saving Parameter "authenticity_token = CKZxNN/Fcv6k8LXdicfB5lSOTqJl0wduM5gKYWKQz02kVwePTk9p1XXoS/azwqNjKCnIVD4yTRoNvUCEjSaqCg==".	[MsgId: MMSG-13798]
EmployeeBeginCoverage.c(41): Notify: Saving Parameter "EligibleDate = ".	[MsgId: MMSG-13798]
EmployeeBeginCoverage.c(41): Error -35049: No match found for the requested parameter "EligibleDate". Check whether the requested regular expression exists in the response data, Snapshot Info [MSH 1 13]  	[MsgId: MERR-35049]
End auto log messages stack.	[MsgId: MMSG-10544]


Start auto log messages stack - Iteration 1.	[MsgId: MMSG-10545]
EmployeeBeginCoverage.c(41): Notify: Saving Parameter "EmployeeID = ".	[MsgId: MMSG-13798]
EmployeeBeginCoverage.c(41): Error -35049: No match found for the requested parameter "EmployeeID". Check whether the requested regular expression exists in the response data, Snapshot Info [MSH 1 13]  	[MsgId: MERR-35049]
End auto log messages stack.	[MsgId: MMSG-10544]


Start auto log messages stack - Iteration 1.	[MsgId: MMSG-10545]
EmployeeBeginCoverage.c(41): Notify: Saving Parameter "EmpHireDate = ".	[MsgId: MMSG-13798]
EmployeeBeginCoverage.c(41): Error -35049: No match found for the requested parameter "EmpHireDate". Check whether the requested regular expression exists in the response data, Snapshot Info [MSH 1 13]  	[MsgId: MERR-35049]
End auto log messages stack.	[MsgId: MMSG-10544]


Start auto log messages stack - Iteration 1.	[MsgId: MMSG-10545]
EmployeeBeginCoverage.c(41): Notify: Saving Parameter "CovgStartDate = ".	[MsgId: MMSG-13798]
EmployeeBeginCoverage.c(41): Error -35049: No match found for the requested parameter "CovgStartDate". Check whether the requested regular expression exists in the response data, Snapshot Info [MSH 1 13]  	[MsgId: MERR-35049]
End auto log messages stack.	[MsgId: MMSG-10544]


Start auto log messages stack - Iteration 3.	[MsgId: MMSG-10545]
EmployeeBeginCoverage.c(41): Resource "http://enroll_uat.dchbx.org/assets/icons/phone-bcc17403386ca4171aae411f308ef6a1.png" is in the cache already and will not be downloaded again  	[MsgId: MMSG-26655]
EmployeeBeginCoverage.c(41): Resource "http://enroll_uat.dchbx.org/assets/icons/mail-21b45f89893abcf4033b96e8a261354e.png" is in the cache already and will not be downloaded again  	[MsgId: MMSG-26655]
EmployeeBeginCoverage.c(41): Resource "http://enroll_uat.dchbx.org/assets/icons/message-6a0a303d9fc72d557125912bdf9efed8.png" is in the cache already and will not be downloaded again  	[MsgId: MMSG-26655]
EmployeeBeginCoverage.c(41): Notify: Saving Parameter "authenticity_token = WCuhSfTKQ7o91aOgceaj5h/tDOHwoiJRzLnMVIVIRTIrC4AdGfHfbdbzXe18DZTeIESBiGHeUzK3MSeE24YmJA==".	[MsgId: MMSG-13798]
EmployeeBeginCoverage.c(41): Notify: Saving Parameter "EligibleDate = ".	[MsgId: MMSG-13798]
EmployeeBeginCoverage.c(41): Error -35049: No match found for the requested parameter "EligibleDate". Check whether the requested regular expression exists in the response data, Snapshot Info [MSH 3 13]  	[MsgId: MERR-35049]
End auto log messages stack.	[MsgId: MMSG-10544]


Start auto log messages stack - Iteration 3.	[MsgId: MMSG-10545]
EmployeeBeginCoverage.c(41): Notify: Saving Parameter "EmployeeID = ".	[MsgId: MMSG-13798]
EmployeeBeginCoverage.c(41): Error -35049: No match found for the requested parameter "EmployeeID". Check whether the requested regular expression exists in the response data, Snapshot Info [MSH 3 13]  	[MsgId: MERR-35049]
End auto log messages stack.	[MsgId: MMSG-10544]


Start auto log messages stack - Iteration 3.	[MsgId: MMSG-10545]
EmployeeBeginCoverage.c(41): Notify: Saving Parameter "EmpHireDate = ".	[MsgId: MMSG-13798]
EmployeeBeginCoverage.c(41): Error -35049: No match found for the requested parameter "EmpHireDate". Check whether the requested regular expression exists in the response data, Snapshot Info [MSH 3 13]  	[MsgId: MERR-35049]
End auto log messages stack.	[MsgId: MMSG-10544]


Start auto log messages stack - Iteration 3.	[MsgId: MMSG-10545]
EmployeeBeginCoverage.c(41): Notify: Saving Parameter "CovgStartDate = ".	[MsgId: MMSG-13798]
EmployeeBeginCoverage.c(41): Error -35049: No match found for the requested parameter "CovgStartDate". Check whether the requested regular expression exists in the response data, Snapshot Info [MSH 3 13]  	[MsgId: MERR-35049]
End auto log messages stack.	[MsgId: MMSG-10544]


Start auto log messages stack - Iteration 1.	[MsgId: MMSG-10545]
EmployeeBeginCoverage.c(41): Resource "http://enroll_uat.dchbx.org/assets/icons/phone-bcc17403386ca4171aae411f308ef6a1.png" is in the cache already and will not be downloaded again  	[MsgId: MMSG-26655]
EmployeeBeginCoverage.c(41): Resource "http://enroll_uat.dchbx.org/assets/icons/mail-21b45f89893abcf4033b96e8a261354e.png" is in the cache already and will not be downloaded again  	[MsgId: MMSG-26655]
EmployeeBeginCoverage.c(41): Resource "http://enroll_uat.dchbx.org/assets/icons/message-6a0a303d9fc72d557125912bdf9efed8.png" is in the cache already and will not be downloaded again  	[MsgId: MMSG-26655]
EmployeeBeginCoverage.c(41): Notify: Saving Parameter "authenticity_token = 2ZVldpuqwaDTiS6SKUx4GkpdwTYMPRA0np+hZKGxwXHKwdyVeaSY+LANj8wKnnVw9qHBSkLmNMXHp6RKrWXiYA==".	[MsgId: MMSG-13798]
EmployeeBeginCoverage.c(41): Notify: Saving Parameter "EligibleDate = ".	[MsgId: MMSG-13798]
EmployeeBeginCoverage.c(41): Error -35049: No match found for the requested parameter "EligibleDate". Check whether the requested regular expression exists in the response data, Snapshot Info [MSH 1 13]  	[MsgId: MERR-35049]
End auto log messages stack.	[MsgId: MMSG-10544]


Start auto log messages stack - Iteration 1.	[MsgId: MMSG-10545]
EmployeeBeginCoverage.c(41): Notify: Saving Parameter "EmployeeID = ".	[MsgId: MMSG-13798]
EmployeeBeginCoverage.c(41): Error -35049: No match found for the requested parameter "EmployeeID". Check whether the requested regular expression exists in the response data, Snapshot Info [MSH 1 13]  	[MsgId: MERR-35049]
End auto log messages stack.	[MsgId: MMSG-10544]


Start auto log messages stack - Iteration 1.	[MsgId: MMSG-10545]
EmployeeBeginCoverage.c(41): Notify: Saving Parameter "EmpHireDate = ".	[MsgId: MMSG-13798]
EmployeeBeginCoverage.c(41): Error -35049: No match found for the requested parameter "EmpHireDate". Check whether the requested regular expression exists in the response data, Snapshot Info [MSH 1 13]  	[MsgId: MERR-35049]
End auto log messages stack.	[MsgId: MMSG-10544]


Start auto log messages stack - Iteration 1.	[MsgId: MMSG-10545]
EmployeeBeginCoverage.c(41): Notify: Saving Parameter "CovgStartDate = ".	[MsgId: MMSG-13798]
EmployeeBeginCoverage.c(41): Error -35049: No match found for the requested parameter "CovgStartDate". Check whether the requested regular expression exists in the response data, Snapshot Info [MSH 1 13]  	[MsgId: MERR-35049]
End auto log messages stack.	[MsgId: MMSG-10544]


Start auto log messages stack - Iteration 2.	[MsgId: MMSG-10545]
EmployeeBeginCoverage.c(41): Resource "http://enroll_uat.dchbx.org/assets/icons/phone-bcc17403386ca4171aae411f308ef6a1.png" is in the cache already and will not be downloaded again  	[MsgId: MMSG-26655]
EmployeeBeginCoverage.c(41): Resource "http://enroll_uat.dchbx.org/assets/icons/mail-21b45f89893abcf4033b96e8a261354e.png" is in the cache already and will not be downloaded again  	[MsgId: MMSG-26655]
EmployeeBeginCoverage.c(41): Resource "http://enroll_uat.dchbx.org/assets/icons/message-6a0a303d9fc72d557125912bdf9efed8.png" is in the cache already and will not be downloaded again  	[MsgId: MMSG-26655]
EmployeeBeginCoverage.c(41): Notify: Saving Parameter "authenticity_token = dtjKi+Ns+WKlrVJy0oOu0z/Iy0B+Q49UV+1qOyDGeVgUNrPKE4G7gHOV2sUTSUvWUC8e3el3JZD6QYRhRDpyeg==".	[MsgId: MMSG-13798]
EmployeeBeginCoverage.c(41): Notify: Saving Parameter "EligibleDate = ".	[MsgId: MMSG-13798]
EmployeeBeginCoverage.c(41): Error -35049: No match found for the requested parameter "EligibleDate". Check whether the requested regular expression exists in the response data, Snapshot Info [MSH 2 13]  	[MsgId: MERR-35049]
End auto log messages stack.	[MsgId: MMSG-10544]


Start auto log messages stack - Iteration 2.	[MsgId: MMSG-10545]
EmployeeBeginCoverage.c(41): Notify: Saving Parameter "EmployeeID = ".	[MsgId: MMSG-13798]
EmployeeBeginCoverage.c(41): Error -35049: No match found for the requested parameter "EmployeeID". Check whether the requested regular expression exists in the response data, Snapshot Info [MSH 2 13]  	[MsgId: MERR-35049]
End auto log messages stack.	[MsgId: MMSG-10544]


Start auto log messages stack - Iteration 2.	[MsgId: MMSG-10545]
EmployeeBeginCoverage.c(41): Notify: Saving Parameter "EmpHireDate = ".	[MsgId: MMSG-13798]
EmployeeBeginCoverage.c(41): Error -35049: No match found for the requested parameter "EmpHireDate". Check whether the requested regular expression exists in the response data, Snapshot Info [MSH 2 13]  	[MsgId: MERR-35049]
End auto log messages stack.	[MsgId: MMSG-10544]


Start auto log messages stack - Iteration 2.	[MsgId: MMSG-10545]
EmployeeBeginCoverage.c(41): Notify: Saving Parameter "CovgStartDate = ".	[MsgId: MMSG-13798]
EmployeeBeginCoverage.c(41): Error -35049: No match found for the requested parameter "CovgStartDate". Check whether the requested regular expression exists in the response data, Snapshot Info [MSH 2 13]  	[MsgId: MERR-35049]
End auto log messages stack.	[MsgId: MMSG-10544]


Start auto log messages stack - Iteration 1.	[MsgId: MMSG-10545]
EmployeeBeginCoverage.c(41): Resource "http://enroll_uat.dchbx.org/assets/icons/phone-bcc17403386ca4171aae411f308ef6a1.png" is in the cache already and will not be downloaded again  	[MsgId: MMSG-26655]
EmployeeBeginCoverage.c(41): Resource "http://enroll_uat.dchbx.org/assets/icons/mail-21b45f89893abcf4033b96e8a261354e.png" is in the cache already and will not be downloaded again  	[MsgId: MMSG-26655]
EmployeeBeginCoverage.c(41): Resource "http://enroll_uat.dchbx.org/assets/icons/message-6a0a303d9fc72d557125912bdf9efed8.png" is in the cache already and will not be downloaded again  	[MsgId: MMSG-26655]
EmployeeBeginCoverage.c(41): Notify: Saving Parameter "authenticity_token = IWFIRqFHtwyRGj5722COBRz+VhkzZKatYyysAHrGyhJjfz9Ucylnn2OMa4e7SPDDHMFkwm8jfQi8cyQ+I/KE9w==".	[MsgId: MMSG-13798]
EmployeeBeginCoverage.c(41): Notify: Saving Parameter "EligibleDate = ".	[MsgId: MMSG-13798]
EmployeeBeginCoverage.c(41): Error -35049: No match found for the requested parameter "EligibleDate". Check whether the requested regular expression exists in the response data, Snapshot Info [MSH 1 13]  	[MsgId: MERR-35049]
End auto log messages stack.	[MsgId: MMSG-10544]


Start auto log messages stack - Iteration 1.	[MsgId: MMSG-10545]
EmployeeBeginCoverage.c(41): Notify: Saving Parameter "EmployeeID = ".	[MsgId: MMSG-13798]
EmployeeBeginCoverage.c(41): Error -35049: No match found for the requested parameter "EmployeeID". Check whether the requested regular expression exists in the response data, Snapshot Info [MSH 1 13]  	[MsgId: MERR-35049]
End auto log messages stack.	[MsgId: MMSG-10544]


Start auto log messages stack - Iteration 1.	[MsgId: MMSG-10545]
EmployeeBeginCoverage.c(41): Notify: Saving Parameter "EmpHireDate = ".	[MsgId: MMSG-13798]
EmployeeBeginCoverage.c(41): Error -35049: No match found for the requested parameter "EmpHireDate". Check whether the requested regular expression exists in the response data, Snapshot Info [MSH 1 13]  	[MsgId: MERR-35049]
End auto log messages stack.	[MsgId: MMSG-10544]


Start auto log messages stack - Iteration 1.	[MsgId: MMSG-10545]
EmployeeBeginCoverage.c(41): Notify: Saving Parameter "CovgStartDate = ".	[MsgId: MMSG-13798]
EmployeeBeginCoverage.c(41): Error -35049: No match found for the requested parameter "CovgStartDate". Check whether the requested regular expression exists in the response data, Snapshot Info [MSH 1 13]  	[MsgId: MERR-35049]
End auto log messages stack.	[MsgId: MMSG-10544]


Start auto log messages stack - Iteration 2.	[MsgId: MMSG-10545]
EmployeeBeginCoverage.c(41): Resource "http://enroll_uat.dchbx.org/assets/icons/phone-bcc17403386ca4171aae411f308ef6a1.png" is in the cache already and will not be downloaded again  	[MsgId: MMSG-26655]
EmployeeBeginCoverage.c(41): Resource "http://enroll_uat.dchbx.org/assets/icons/mail-21b45f89893abcf4033b96e8a261354e.png" is in the cache already and will not be downloaded again  	[MsgId: MMSG-26655]
EmployeeBeginCoverage.c(41): Resource "http://enroll_uat.dchbx.org/assets/icons/message-6a0a303d9fc72d557125912bdf9efed8.png" is in the cache already and will not be downloaded again  	[MsgId: MMSG-26655]
EmployeeBeginCoverage.c(41): Notify: Saving Parameter "authenticity_token = EWvp7g9kmKTQZ0QCTckzbrCo6m3/84VsQ7Ma2p6RYq7SaGEbawl1DLOxv27+MmEqA+YSdjVPHCjlmBh9dlOATQ==".	[MsgId: MMSG-13798]
EmployeeBeginCoverage.c(41): Notify: Saving Parameter "EligibleDate = ".	[MsgId: MMSG-13798]
EmployeeBeginCoverage.c(41): Error -35049: No match found for the requested parameter "EligibleDate". Check whether the requested regular expression exists in the response data, Snapshot Info [MSH 2 13]  	[MsgId: MERR-35049]
End auto log messages stack.	[MsgId: MMSG-10544]


Start auto log messages stack - Iteration 2.	[MsgId: MMSG-10545]
EmployeeBeginCoverage.c(41): Notify: Saving Parameter "EmployeeID = ".	[MsgId: MMSG-13798]
EmployeeBeginCoverage.c(41): Error -35049: No match found for the requested parameter "EmployeeID". Check whether the requested regular expression exists in the response data, Snapshot Info [MSH 2 13]  	[MsgId: MERR-35049]
End auto log messages stack.	[MsgId: MMSG-10544]


Start auto log messages stack - Iteration 2.	[MsgId: MMSG-10545]
EmployeeBeginCoverage.c(41): Notify: Saving Parameter "EmpHireDate = ".	[MsgId: MMSG-13798]
EmployeeBeginCoverage.c(41): Error -35049: No match found for the requested parameter "EmpHireDate". Check whether the requested regular expression exists in the response data, Snapshot Info [MSH 2 13]  	[MsgId: MERR-35049]
End auto log messages stack.	[MsgId: MMSG-10544]


Start auto log messages stack - Iteration 2.	[MsgId: MMSG-10545]
EmployeeBeginCoverage.c(41): Notify: Saving Parameter "CovgStartDate = ".	[MsgId: MMSG-13798]
EmployeeBeginCoverage.c(41): Error -35049: No match found for the requested parameter "CovgStartDate". Check whether the requested regular expression exists in the response data, Snapshot Info [MSH 2 13]  	[MsgId: MERR-35049]
End auto log messages stack.	[MsgId: MMSG-10544]


Start auto log messages stack - Iteration 1.	[MsgId: MMSG-10545]
EmployeeBeginCoverage.c(41): Resource "http://enroll_uat.dchbx.org/assets/icons/phone-bcc17403386ca4171aae411f308ef6a1.png" is in the cache already and will not be downloaded again  	[MsgId: MMSG-26655]
EmployeeBeginCoverage.c(41): Resource "http://enroll_uat.dchbx.org/assets/icons/mail-21b45f89893abcf4033b96e8a261354e.png" is in the cache already and will not be downloaded again  	[MsgId: MMSG-26655]
EmployeeBeginCoverage.c(41): Resource "http://enroll_uat.dchbx.org/assets/icons/message-6a0a303d9fc72d557125912bdf9efed8.png" is in the cache already and will not be downloaded again  	[MsgId: MMSG-26655]
EmployeeBeginCoverage.c(41): Notify: Saving Parameter "authenticity_token = 43KEMt9bsqYc43Ei+dqpdO5Dg9qYkq0F1JojWcsLwfSMJvfvkkKgxpJX6gFWFebLf+hUENxmAVeoiZCgNo86JQ==".	[MsgId: MMSG-13798]
EmployeeBeginCoverage.c(41): Notify: Saving Parameter "EligibleDate = ".	[MsgId: MMSG-13798]
EmployeeBeginCoverage.c(41): Error -35049: No match found for the requested parameter "EligibleDate". Check whether the requested regular expression exists in the response data, Snapshot Info [MSH 1 13]  	[MsgId: MERR-35049]
End auto log messages stack.	[MsgId: MMSG-10544]


Start auto log messages stack - Iteration 1.	[MsgId: MMSG-10545]
EmployeeBeginCoverage.c(41): Notify: Saving Parameter "EmployeeID = ".	[MsgId: MMSG-13798]
EmployeeBeginCoverage.c(41): Error -35049: No match found for the requested parameter "EmployeeID". Check whether the requested regular expression exists in the response data, Snapshot Info [MSH 1 13]  	[MsgId: MERR-35049]
End auto log messages stack.	[MsgId: MMSG-10544]


Start auto log messages stack - Iteration 1.	[MsgId: MMSG-10545]
EmployeeBeginCoverage.c(41): Notify: Saving Parameter "EmpHireDate = ".	[MsgId: MMSG-13798]
EmployeeBeginCoverage.c(41): Error -35049: No match found for the requested parameter "EmpHireDate". Check whether the requested regular expression exists in the response data, Snapshot Info [MSH 1 13]  	[MsgId: MERR-35049]
End auto log messages stack.	[MsgId: MMSG-10544]


Start auto log messages stack - Iteration 1.	[MsgId: MMSG-10545]
EmployeeBeginCoverage.c(41): Notify: Saving Parameter "CovgStartDate = ".	[MsgId: MMSG-13798]
EmployeeBeginCoverage.c(41): Error -35049: No match found for the requested parameter "CovgStartDate". Check whether the requested regular expression exists in the response data, Snapshot Info [MSH 1 13]  	[MsgId: MERR-35049]
End auto log messages stack.	[MsgId: MMSG-10544]


Start auto log messages stack - Iteration 2.	[MsgId: MMSG-10545]
EmployeeBeginCoverage.c(41): Resource "http://enroll_uat.dchbx.org/assets/icons/phone-bcc17403386ca4171aae411f308ef6a1.png" is in the cache already and will not be downloaded again  	[MsgId: MMSG-26655]
EmployeeBeginCoverage.c(41): Resource "http://enroll_uat.dchbx.org/assets/icons/mail-21b45f89893abcf4033b96e8a261354e.png" is in the cache already and will not be downloaded again  	[MsgId: MMSG-26655]
EmployeeBeginCoverage.c(41): Resource "http://enroll_uat.dchbx.org/assets/icons/message-6a0a303d9fc72d557125912bdf9efed8.png" is in the cache already and will not be downloaded again  	[MsgId: MMSG-26655]
EmployeeBeginCoverage.c(41): Notify: Saving Parameter "authenticity_token = fi3AmjyhieRFZkbnfiNz+MQqNfrlN/UHzeq+1kM/TnhvDntBIRkhSDl1ly9TnEvpJnEtrSerYIuSLouUuv9t/w==".	[MsgId: MMSG-13798]
EmployeeBeginCoverage.c(41): Notify: Saving Parameter "EligibleDate = ".	[MsgId: MMSG-13798]
EmployeeBeginCoverage.c(41): Error -35049: No match found for the requested parameter "EligibleDate". Check whether the requested regular expression exists in the response data, Snapshot Info [MSH 2 13]  	[MsgId: MERR-35049]
End auto log messages stack.	[MsgId: MMSG-10544]


Start auto log messages stack - Iteration 2.	[MsgId: MMSG-10545]
EmployeeBeginCoverage.c(41): Notify: Saving Parameter "EmployeeID = ".	[MsgId: MMSG-13798]
EmployeeBeginCoverage.c(41): Error -35049: No match found for the requested parameter "EmployeeID". Check whether the requested regular expression exists in the response data, Snapshot Info [MSH 2 13]  	[MsgId: MERR-35049]
End auto log messages stack.	[MsgId: MMSG-10544]


Start auto log messages stack - Iteration 2.	[MsgId: MMSG-10545]
EmployeeBeginCoverage.c(41): Notify: Saving Parameter "EmpHireDate = ".	[MsgId: MMSG-13798]
EmployeeBeginCoverage.c(41): Error -35049: No match found for the requested parameter "EmpHireDate". Check whether the requested regular expression exists in the response data, Snapshot Info [MSH 2 13]  	[MsgId: MERR-35049]
End auto log messages stack.	[MsgId: MMSG-10544]


Start auto log messages stack - Iteration 2.	[MsgId: MMSG-10545]
EmployeeBeginCoverage.c(41): Notify: Saving Parameter "CovgStartDate = ".	[MsgId: MMSG-13798]
EmployeeBeginCoverage.c(41): Error -35049: No match found for the requested parameter "CovgStartDate". Check whether the requested regular expression exists in the response data, Snapshot Info [MSH 2 13]  	[MsgId: MERR-35049]
End auto log messages stack.	[MsgId: MMSG-10544]


Start auto log messages stack - Iteration 3.	[MsgId: MMSG-10545]
EmployeeBeginCoverage.c(41): Resource "http://enroll_uat.dchbx.org/assets/icons/phone-bcc17403386ca4171aae411f308ef6a1.png" is in the cache already and will not be downloaded again  	[MsgId: MMSG-26655]
EmployeeBeginCoverage.c(41): Resource "http://enroll_uat.dchbx.org/assets/icons/mail-21b45f89893abcf4033b96e8a261354e.png" is in the cache already and will not be downloaded again  	[MsgId: MMSG-26655]
EmployeeBeginCoverage.c(41): Resource "http://enroll_uat.dchbx.org/assets/icons/message-6a0a303d9fc72d557125912bdf9efed8.png" is in the cache already and will not be downloaded again  	[MsgId: MMSG-26655]
EmployeeBeginCoverage.c(41): Notify: Saving Parameter "authenticity_token = faSkDdDIKgHwv1afH/FiAiXE0r07Jhivbz38En9LlETrYKSdHsJt0iS6lysANH+uOOhYtDIZ26fhiSNf5sbLhg==".	[MsgId: MMSG-13798]
EmployeeBeginCoverage.c(41): Notify: Saving Parameter "EligibleDate = ".	[MsgId: MMSG-13798]
EmployeeBeginCoverage.c(41): Error -35049: No match found for the requested parameter "EligibleDate". Check whether the requested regular expression exists in the response data, Snapshot Info [MSH 3 13]  	[MsgId: MERR-35049]
End auto log messages stack.	[MsgId: MMSG-10544]


Start auto log messages stack - Iteration 3.	[MsgId: MMSG-10545]
EmployeeBeginCoverage.c(41): Notify: Saving Parameter "EmployeeID = ".	[MsgId: MMSG-13798]
EmployeeBeginCoverage.c(41): Error -35049: No match found for the requested parameter "EmployeeID". Check whether the requested regular expression exists in the response data, Snapshot Info [MSH 3 13]  	[MsgId: MERR-35049]
End auto log messages stack.	[MsgId: MMSG-10544]


Start auto log messages stack - Iteration 3.	[MsgId: MMSG-10545]
EmployeeBeginCoverage.c(41): Notify: Saving Parameter "EmpHireDate = ".	[MsgId: MMSG-13798]
EmployeeBeginCoverage.c(41): Error -35049: No match found for the requested parameter "EmpHireDate". Check whether the requested regular expression exists in the response data, Snapshot Info [MSH 3 13]  	[MsgId: MERR-35049]
End auto log messages stack.	[MsgId: MMSG-10544]


Start auto log messages stack - Iteration 3.	[MsgId: MMSG-10545]
EmployeeBeginCoverage.c(41): Notify: Saving Parameter "CovgStartDate = ".	[MsgId: MMSG-13798]
EmployeeBeginCoverage.c(41): Error -35049: No match found for the requested parameter "CovgStartDate". Check whether the requested regular expression exists in the response data, Snapshot Info [MSH 3 13]  	[MsgId: MERR-35049]
End auto log messages stack.	[MsgId: MMSG-10544]


Start auto log messages stack - Iteration 1.	[MsgId: MMSG-10545]
EmployeeBeginCoverage.c(41): Resource "http://enroll_uat.dchbx.org/assets/icons/phone-bcc17403386ca4171aae411f308ef6a1.png" is in the cache already and will not be downloaded again  	[MsgId: MMSG-26655]
EmployeeBeginCoverage.c(41): Resource "http://enroll_uat.dchbx.org/assets/icons/mail-21b45f89893abcf4033b96e8a261354e.png" is in the cache already and will not be downloaded again  	[MsgId: MMSG-26655]
EmployeeBeginCoverage.c(41): Resource "http://enroll_uat.dchbx.org/assets/icons/message-6a0a303d9fc72d557125912bdf9efed8.png" is in the cache already and will not be downloaded again  	[MsgId: MMSG-26655]
EmployeeBeginCoverage.c(41): Notify: Saving Parameter "authenticity_token = NJB/1AqVVjNh7uYdylfBle2VFkrCNKZeDw5CruB14446eF/kWTGz+SI6CG07G1eHTjtKrw/iLMZgqSHw58kcMQ==".	[MsgId: MMSG-13798]
EmployeeBeginCoverage.c(41): Notify: Saving Parameter "EligibleDate = ".	[MsgId: MMSG-13798]
EmployeeBeginCoverage.c(41): Error -35049: No match found for the requested parameter "EligibleDate". Check whether the requested regular expression exists in the response data, Snapshot Info [MSH 1 13]  	[MsgId: MERR-35049]
End auto log messages stack.	[MsgId: MMSG-10544]


Start auto log messages stack - Iteration 1.	[MsgId: MMSG-10545]
EmployeeBeginCoverage.c(41): Notify: Saving Parameter "EmployeeID = ".	[MsgId: MMSG-13798]
EmployeeBeginCoverage.c(41): Error -35049: No match found for the requested parameter "EmployeeID". Check whether the requested regular expression exists in the response data, Snapshot Info [MSH 1 13]  	[MsgId: MERR-35049]
End auto log messages stack.	[MsgId: MMSG-10544]


Start auto log messages stack - Iteration 1.	[MsgId: MMSG-10545]
EmployeeBeginCoverage.c(41): Notify: Saving Parameter "EmpHireDate = ".	[MsgId: MMSG-13798]
EmployeeBeginCoverage.c(41): Error -35049: No match found for the requested parameter "EmpHireDate". Check whether the requested regular expression exists in the response data, Snapshot Info [MSH 1 13]  	[MsgId: MERR-35049]
End auto log messages stack.	[MsgId: MMSG-10544]


Start auto log messages stack - Iteration 1.	[MsgId: MMSG-10545]
EmployeeBeginCoverage.c(41): Notify: Saving Parameter "CovgStartDate = ".	[MsgId: MMSG-13798]
EmployeeBeginCoverage.c(41): Error -35049: No match found for the requested parameter "CovgStartDate". Check whether the requested regular expression exists in the response data, Snapshot Info [MSH 1 13]  	[MsgId: MERR-35049]
End auto log messages stack.	[MsgId: MMSG-10544]


Start auto log messages stack - Iteration 3.	[MsgId: MMSG-10545]
EmployeeBeginCoverage.c(41): Resource "http://enroll_uat.dchbx.org/assets/icons/phone-bcc17403386ca4171aae411f308ef6a1.png" is in the cache already and will not be downloaded again  	[MsgId: MMSG-26655]
EmployeeBeginCoverage.c(41): Resource "http://enroll_uat.dchbx.org/assets/icons/mail-21b45f89893abcf4033b96e8a261354e.png" is in the cache already and will not be downloaded again  	[MsgId: MMSG-26655]
EmployeeBeginCoverage.c(41): Resource "http://enroll_uat.dchbx.org/assets/icons/message-6a0a303d9fc72d557125912bdf9efed8.png" is in the cache already and will not be downloaded again  	[MsgId: MMSG-26655]
EmployeeBeginCoverage.c(41): Notify: Saving Parameter "authenticity_token = EG1LFATbRT1uarronefAzzSt/cV/seCAwnTO3NTDsg/WM5IoR5mx65TtVbYCokg5AVMxxw1ju5HSb9MghqNddw==".	[MsgId: MMSG-13798]
EmployeeBeginCoverage.c(41): Notify: Saving Parameter "EligibleDate = ".	[MsgId: MMSG-13798]
EmployeeBeginCoverage.c(41): Error -35049: No match found for the requested parameter "EligibleDate". Check whether the requested regular expression exists in the response data, Snapshot Info [MSH 3 13]  	[MsgId: MERR-35049]
End auto log messages stack.	[MsgId: MMSG-10544]


Start auto log messages stack - Iteration 3.	[MsgId: MMSG-10545]
EmployeeBeginCoverage.c(41): Notify: Saving Parameter "EmployeeID = ".	[MsgId: MMSG-13798]
EmployeeBeginCoverage.c(41): Error -35049: No match found for the requested parameter "EmployeeID". Check whether the requested regular expression exists in the response data, Snapshot Info [MSH 3 13]  	[MsgId: MERR-35049]
End auto log messages stack.	[MsgId: MMSG-10544]


Start auto log messages stack - Iteration 3.	[MsgId: MMSG-10545]
EmployeeBeginCoverage.c(41): Notify: Saving Parameter "EmpHireDate = ".	[MsgId: MMSG-13798]
EmployeeBeginCoverage.c(41): Error -35049: No match found for the requested parameter "EmpHireDate". Check whether the requested regular expression exists in the response data, Snapshot Info [MSH 3 13]  	[MsgId: MERR-35049]
End auto log messages stack.	[MsgId: MMSG-10544]


Start auto log messages stack - Iteration 3.	[MsgId: MMSG-10545]
EmployeeBeginCoverage.c(41): Notify: Saving Parameter "CovgStartDate = ".	[MsgId: MMSG-13798]
EmployeeBeginCoverage.c(41): Error -35049: No match found for the requested parameter "CovgStartDate". Check whether the requested regular expression exists in the response data, Snapshot Info [MSH 3 13]  	[MsgId: MERR-35049]
End auto log messages stack.	[MsgId: MMSG-10544]


Start auto log messages stack - Iteration 3.	[MsgId: MMSG-10545]
EmployeeBeginCoverage.c(41): Resource "http://enroll_uat.dchbx.org/assets/icons/phone-bcc17403386ca4171aae411f308ef6a1.png" is in the cache already and will not be downloaded again  	[MsgId: MMSG-26655]
EmployeeBeginCoverage.c(41): Resource "http://enroll_uat.dchbx.org/assets/icons/mail-21b45f89893abcf4033b96e8a261354e.png" is in the cache already and will not be downloaded again  	[MsgId: MMSG-26655]
EmployeeBeginCoverage.c(41): Resource "http://enroll_uat.dchbx.org/assets/icons/message-6a0a303d9fc72d557125912bdf9efed8.png" is in the cache already and will not be downloaded again  	[MsgId: MMSG-26655]
EmployeeBeginCoverage.c(41): Notify: Saving Parameter "authenticity_token = 4tV81TsLS2cYBeVTdV5HBWxhpMvfIjp3LYg8FEg/fz+TeBnJ8xTNQuLM8ZfPWwpi3WdFrL5bzX406UZ0rkrGfw==".	[MsgId: MMSG-13798]
EmployeeBeginCoverage.c(41): Notify: Saving Parameter "EligibleDate = ".	[MsgId: MMSG-13798]
EmployeeBeginCoverage.c(41): Error -35049: No match found for the requested parameter "EligibleDate". Check whether the requested regular expression exists in the response data, Snapshot Info [MSH 3 13]  	[MsgId: MERR-35049]
End auto log messages stack.	[MsgId: MMSG-10544]


Start auto log messages stack - Iteration 3.	[MsgId: MMSG-10545]
EmployeeBeginCoverage.c(41): Notify: Saving Parameter "EmployeeID = ".	[MsgId: MMSG-13798]
EmployeeBeginCoverage.c(41): Error -35049: No match found for the requested parameter "EmployeeID". Check whether the requested regular expression exists in the response data, Snapshot Info [MSH 3 13]  	[MsgId: MERR-35049]
End auto log messages stack.	[MsgId: MMSG-10544]


Start auto log messages stack - Iteration 3.	[MsgId: MMSG-10545]
EmployeeBeginCoverage.c(41): Notify: Saving Parameter "EmpHireDate = ".	[MsgId: MMSG-13798]
EmployeeBeginCoverage.c(41): Error -35049: No match found for the requested parameter "EmpHireDate". Check whether the requested regular expression exists in the response data, Snapshot Info [MSH 3 13]  	[MsgId: MERR-35049]
End auto log messages stack.	[MsgId: MMSG-10544]


Start auto log messages stack - Iteration 3.	[MsgId: MMSG-10545]
EmployeeBeginCoverage.c(41): Notify: Saving Parameter "CovgStartDate = ".	[MsgId: MMSG-13798]
EmployeeBeginCoverage.c(41): Error -35049: No match found for the requested parameter "CovgStartDate". Check whether the requested regular expression exists in the response data, Snapshot Info [MSH 3 13]  	[MsgId: MERR-35049]
End auto log messages stack.	[MsgId: MMSG-10544]


Start auto log messages stack - Iteration 2.	[MsgId: MMSG-10545]
EmployeeBeginCoverage.c(41): Resource "http://enroll_uat.dchbx.org/assets/icons/phone-bcc17403386ca4171aae411f308ef6a1.png" is in the cache already and will not be downloaded again  	[MsgId: MMSG-26655]
EmployeeBeginCoverage.c(41): Resource "http://enroll_uat.dchbx.org/assets/icons/mail-21b45f89893abcf4033b96e8a261354e.png" is in the cache already and will not be downloaded again  	[MsgId: MMSG-26655]
EmployeeBeginCoverage.c(41): Resource "http://enroll_uat.dchbx.org/assets/icons/message-6a0a303d9fc72d557125912bdf9efed8.png" is in the cache already and will not be downloaded again  	[MsgId: MMSG-26655]
EmployeeBeginCoverage.c(41): Notify: Saving Parameter "authenticity_token = C7mw1j7sXsy1YUqQOoTptMbEcG8lReESJfsJ773G+s8fZ9/iU8AOB8y0dsx6UiidJ6j83vfUlNRtJ5zInyDcbA==".	[MsgId: MMSG-13798]
EmployeeBeginCoverage.c(41): Notify: Saving Parameter "EligibleDate = ".	[MsgId: MMSG-13798]
EmployeeBeginCoverage.c(41): Error -35049: No match found for the requested parameter "EligibleDate". Check whether the requested regular expression exists in the response data, Snapshot Info [MSH 2 13]  	[MsgId: MERR-35049]
End auto log messages stack.	[MsgId: MMSG-10544]


Start auto log messages stack - Iteration 2.	[MsgId: MMSG-10545]
EmployeeBeginCoverage.c(41): Notify: Saving Parameter "EmployeeID = ".	[MsgId: MMSG-13798]
EmployeeBeginCoverage.c(41): Error -35049: No match found for the requested parameter "EmployeeID". Check whether the requested regular expression exists in the response data, Snapshot Info [MSH 2 13]  	[MsgId: MERR-35049]
End auto log messages stack.	[MsgId: MMSG-10544]


Start auto log messages stack - Iteration 2.	[MsgId: MMSG-10545]
EmployeeBeginCoverage.c(41): Notify: Saving Parameter "EmpHireDate = ".	[MsgId: MMSG-13798]
EmployeeBeginCoverage.c(41): Error -35049: No match found for the requested parameter "EmpHireDate". Check whether the requested regular expression exists in the response data, Snapshot Info [MSH 2 13]  	[MsgId: MERR-35049]
End auto log messages stack.	[MsgId: MMSG-10544]


Start auto log messages stack - Iteration 2.	[MsgId: MMSG-10545]
EmployeeBeginCoverage.c(41): Notify: Saving Parameter "CovgStartDate = ".	[MsgId: MMSG-13798]
EmployeeBeginCoverage.c(41): Error -35049: No match found for the requested parameter "CovgStartDate". Check whether the requested regular expression exists in the response data, Snapshot Info [MSH 2 13]  	[MsgId: MERR-35049]
End auto log messages stack.	[MsgId: MMSG-10544]


Start auto log messages stack - Iteration 3.	[MsgId: MMSG-10545]
EmployeeBeginCoverage.c(41): Resource "http://enroll_uat.dchbx.org/assets/icons/phone-bcc17403386ca4171aae411f308ef6a1.png" is in the cache already and will not be downloaded again  	[MsgId: MMSG-26655]
EmployeeBeginCoverage.c(41): Resource "http://enroll_uat.dchbx.org/assets/icons/mail-21b45f89893abcf4033b96e8a261354e.png" is in the cache already and will not be downloaded again  	[MsgId: MMSG-26655]
EmployeeBeginCoverage.c(41): Resource "http://enroll_uat.dchbx.org/assets/icons/message-6a0a303d9fc72d557125912bdf9efed8.png" is in the cache already and will not be downloaded again  	[MsgId: MMSG-26655]
EmployeeBeginCoverage.c(41): Notify: Saving Parameter "authenticity_token = cgbYiXMHz67qgYlMb+h8AGupvNCYTicdAzr+JyKH/S2wvqh+MUgfSXF0L0D7drrV/oMWcieTulEwUY+3cXgWzQ==".	[MsgId: MMSG-13798]
EmployeeBeginCoverage.c(41): Notify: Saving Parameter "EligibleDate = ".	[MsgId: MMSG-13798]
EmployeeBeginCoverage.c(41): Error -35049: No match found for the requested parameter "EligibleDate". Check whether the requested regular expression exists in the response data, Snapshot Info [MSH 3 13]  	[MsgId: MERR-35049]
End auto log messages stack.	[MsgId: MMSG-10544]


Start auto log messages stack - Iteration 3.	[MsgId: MMSG-10545]
EmployeeBeginCoverage.c(41): Notify: Saving Parameter "EmployeeID = ".	[MsgId: MMSG-13798]
EmployeeBeginCoverage.c(41): Error -35049: No match found for the requested parameter "EmployeeID". Check whether the requested regular expression exists in the response data, Snapshot Info [MSH 3 13]  	[MsgId: MERR-35049]
End auto log messages stack.	[MsgId: MMSG-10544]


Start auto log messages stack - Iteration 3.	[MsgId: MMSG-10545]
EmployeeBeginCoverage.c(41): Notify: Saving Parameter "EmpHireDate = ".	[MsgId: MMSG-13798]
EmployeeBeginCoverage.c(41): Error -35049: No match found for the requested parameter "EmpHireDate". Check whether the requested regular expression exists in the response data, Snapshot Info [MSH 3 13]  	[MsgId: MERR-35049]
End auto log messages stack.	[MsgId: MMSG-10544]


Start auto log messages stack - Iteration 3.	[MsgId: MMSG-10545]
EmployeeBeginCoverage.c(41): Notify: Saving Parameter "CovgStartDate = ".	[MsgId: MMSG-13798]
EmployeeBeginCoverage.c(41): Error -35049: No match found for the requested parameter "CovgStartDate". Check whether the requested regular expression exists in the response data, Snapshot Info [MSH 3 13]  	[MsgId: MERR-35049]
End auto log messages stack.	[MsgId: MMSG-10544]


Start auto log messages stack - Iteration 1.	[MsgId: MMSG-10545]
EmployeeBeginCoverage.c(41): Resource "http://enroll_uat.dchbx.org/assets/icons/phone-bcc17403386ca4171aae411f308ef6a1.png" is in the cache already and will not be downloaded again  	[MsgId: MMSG-26655]
EmployeeBeginCoverage.c(41): Resource "http://enroll_uat.dchbx.org/assets/icons/mail-21b45f89893abcf4033b96e8a261354e.png" is in the cache already and will not be downloaded again  	[MsgId: MMSG-26655]
EmployeeBeginCoverage.c(41): Resource "http://enroll_uat.dchbx.org/assets/icons/message-6a0a303d9fc72d557125912bdf9efed8.png" is in the cache already and will not be downloaded again  	[MsgId: MMSG-26655]
EmployeeBeginCoverage.c(41): Notify: Saving Parameter "authenticity_token = h2zVjeOW85yZDjKEJtWVcGzUFgYh385PEtnk4OBTLi54f0TPo9AdPCl3U6YmPWlGzA20LXniDThdoAPyDS9ToA==".	[MsgId: MMSG-13798]
EmployeeBeginCoverage.c(41): Notify: Saving Parameter "EligibleDate = ".	[MsgId: MMSG-13798]
EmployeeBeginCoverage.c(41): Error -35049: No match found for the requested parameter "EligibleDate". Check whether the requested regular expression exists in the response data, Snapshot Info [MSH 1 13]  	[MsgId: MERR-35049]
End auto log messages stack.	[MsgId: MMSG-10544]


Start auto log messages stack - Iteration 1.	[MsgId: MMSG-10545]
EmployeeBeginCoverage.c(41): Notify: Saving Parameter "EmployeeID = ".	[MsgId: MMSG-13798]
EmployeeBeginCoverage.c(41): Error -35049: No match found for the requested parameter "EmployeeID". Check whether the requested regular expression exists in the response data, Snapshot Info [MSH 1 13]  	[MsgId: MERR-35049]
End auto log messages stack.	[MsgId: MMSG-10544]


Start auto log messages stack - Iteration 1.	[MsgId: MMSG-10545]
EmployeeBeginCoverage.c(41): Notify: Saving Parameter "EmpHireDate = ".	[MsgId: MMSG-13798]
EmployeeBeginCoverage.c(41): Error -35049: No match found for the requested parameter "EmpHireDate". Check whether the requested regular expression exists in the response data, Snapshot Info [MSH 1 13]  	[MsgId: MERR-35049]
End auto log messages stack.	[MsgId: MMSG-10544]


Start auto log messages stack - Iteration 1.	[MsgId: MMSG-10545]
EmployeeBeginCoverage.c(41): Notify: Saving Parameter "CovgStartDate = ".	[MsgId: MMSG-13798]
EmployeeBeginCoverage.c(41): Error -35049: No match found for the requested parameter "CovgStartDate". Check whether the requested regular expression exists in the response data, Snapshot Info [MSH 1 13]  	[MsgId: MERR-35049]
End auto log messages stack.	[MsgId: MMSG-10544]


Start auto log messages stack - Iteration 2.	[MsgId: MMSG-10545]
EmployeeBeginCoverage.c(41): Resource "http://enroll_uat.dchbx.org/assets/icons/phone-bcc17403386ca4171aae411f308ef6a1.png" is in the cache already and will not be downloaded again  	[MsgId: MMSG-26655]
EmployeeBeginCoverage.c(41): Resource "http://enroll_uat.dchbx.org/assets/icons/mail-21b45f89893abcf4033b96e8a261354e.png" is in the cache already and will not be downloaded again  	[MsgId: MMSG-26655]
EmployeeBeginCoverage.c(41): Resource "http://enroll_uat.dchbx.org/assets/icons/message-6a0a303d9fc72d557125912bdf9efed8.png" is in the cache already and will not be downloaded again  	[MsgId: MMSG-26655]
EmployeeBeginCoverage.c(41): Notify: Saving Parameter "authenticity_token = sSOFaLighPJibzk78fLdeLGBOtgtvA64wF+82i9CDO5WbUairEB7u7O4rD9cUknO1JSdaAaG+K7U7XMkzvkMrA==".	[MsgId: MMSG-13798]
EmployeeBeginCoverage.c(41): Notify: Saving Parameter "EligibleDate = ".	[MsgId: MMSG-13798]
EmployeeBeginCoverage.c(41): Error -35049: No match found for the requested parameter "EligibleDate". Check whether the requested regular expression exists in the response data, Snapshot Info [MSH 2 13]  	[MsgId: MERR-35049]
End auto log messages stack.	[MsgId: MMSG-10544]


Start auto log messages stack - Iteration 2.	[MsgId: MMSG-10545]
EmployeeBeginCoverage.c(41): Notify: Saving Parameter "EmployeeID = ".	[MsgId: MMSG-13798]
EmployeeBeginCoverage.c(41): Error -35049: No match found for the requested parameter "EmployeeID". Check whether the requested regular expression exists in the response data, Snapshot Info [MSH 2 13]  	[MsgId: MERR-35049]
End auto log messages stack.	[MsgId: MMSG-10544]


Start auto log messages stack - Iteration 2.	[MsgId: MMSG-10545]
EmployeeBeginCoverage.c(41): Notify: Saving Parameter "EmpHireDate = ".	[MsgId: MMSG-13798]
EmployeeBeginCoverage.c(41): Error -35049: No match found for the requested parameter "EmpHireDate". Check whether the requested regular expression exists in the response data, Snapshot Info [MSH 2 13]  	[MsgId: MERR-35049]
End auto log messages stack.	[MsgId: MMSG-10544]


Start auto log messages stack - Iteration 2.	[MsgId: MMSG-10545]
EmployeeBeginCoverage.c(41): Notify: Saving Parameter "CovgStartDate = ".	[MsgId: MMSG-13798]
EmployeeBeginCoverage.c(41): Error -35049: No match found for the requested parameter "CovgStartDate". Check whether the requested regular expression exists in the response data, Snapshot Info [MSH 2 13]  	[MsgId: MERR-35049]
End auto log messages stack.	[MsgId: MMSG-10544]


Start auto log messages stack - Iteration 2.	[MsgId: MMSG-10545]
EmployeeBeginCoverage.c(41): Resource "http://enroll_uat.dchbx.org/assets/icons/phone-bcc17403386ca4171aae411f308ef6a1.png" is in the cache already and will not be downloaded again  	[MsgId: MMSG-26655]
EmployeeBeginCoverage.c(41): Resource "http://enroll_uat.dchbx.org/assets/icons/mail-21b45f89893abcf4033b96e8a261354e.png" is in the cache already and will not be downloaded again  	[MsgId: MMSG-26655]
EmployeeBeginCoverage.c(41): Resource "http://enroll_uat.dchbx.org/assets/icons/message-6a0a303d9fc72d557125912bdf9efed8.png" is in the cache already and will not be downloaded again  	[MsgId: MMSG-26655]
EmployeeBeginCoverage.c(41): Notify: Saving Parameter "authenticity_token = WoqHaaUfUO8kr59qYGu9o8qjJo1ixpwX9sUaB8edgKBHi9xA7xq+n6faq1KVIUyQcMJ1SGNgtTEuvLaDJaDm8A==".	[MsgId: MMSG-13798]
EmployeeBeginCoverage.c(41): Notify: Saving Parameter "EligibleDate = ".	[MsgId: MMSG-13798]
EmployeeBeginCoverage.c(41): Error -35049: No match found for the requested parameter "EligibleDate". Check whether the requested regular expression exists in the response data, Snapshot Info [MSH 2 13]  	[MsgId: MERR-35049]
End auto log messages stack.	[MsgId: MMSG-10544]


Start auto log messages stack - Iteration 2.	[MsgId: MMSG-10545]
EmployeeBeginCoverage.c(41): Notify: Saving Parameter "EmployeeID = ".	[MsgId: MMSG-13798]
EmployeeBeginCoverage.c(41): Error -35049: No match found for the requested parameter "EmployeeID". Check whether the requested regular expression exists in the response data, Snapshot Info [MSH 2 13]  	[MsgId: MERR-35049]
End auto log messages stack.	[MsgId: MMSG-10544]


Start auto log messages stack - Iteration 2.	[MsgId: MMSG-10545]
EmployeeBeginCoverage.c(41): Notify: Saving Parameter "EmpHireDate = ".	[MsgId: MMSG-13798]
EmployeeBeginCoverage.c(41): Error -35049: No match found for the requested parameter "EmpHireDate". Check whether the requested regular expression exists in the response data, Snapshot Info [MSH 2 13]  	[MsgId: MERR-35049]
End auto log messages stack.	[MsgId: MMSG-10544]


Start auto log messages stack - Iteration 2.	[MsgId: MMSG-10545]
EmployeeBeginCoverage.c(41): Notify: Saving Parameter "CovgStartDate = ".	[MsgId: MMSG-13798]
EmployeeBeginCoverage.c(41): Error -35049: No match found for the requested parameter "CovgStartDate". Check whether the requested regular expression exists in the response data, Snapshot Info [MSH 2 13]  	[MsgId: MERR-35049]
End auto log messages stack.	[MsgId: MMSG-10544]


Start auto log messages stack - Iteration 1.	[MsgId: MMSG-10545]
EmployeeBeginCoverage.c(41): Resource "http://enroll_uat.dchbx.org/assets/icons/phone-bcc17403386ca4171aae411f308ef6a1.png" is in the cache already and will not be downloaded again  	[MsgId: MMSG-26655]
EmployeeBeginCoverage.c(41): Resource "http://enroll_uat.dchbx.org/assets/icons/mail-21b45f89893abcf4033b96e8a261354e.png" is in the cache already and will not be downloaded again  	[MsgId: MMSG-26655]
EmployeeBeginCoverage.c(41): Resource "http://enroll_uat.dchbx.org/assets/icons/message-6a0a303d9fc72d557125912bdf9efed8.png" is in the cache already and will not be downloaded again  	[MsgId: MMSG-26655]
EmployeeBeginCoverage.c(41): Notify: Saving Parameter "authenticity_token = Pi8tvNQZU3xmMGNCyhcQanQ2tO2rk0UFF0Gx+90bs8nQ6EFL/ntH9zMcgAWapdq9SDdanuawNnFIXP3Z8KBxCg==".	[MsgId: MMSG-13798]
EmployeeBeginCoverage.c(41): Notify: Saving Parameter "EligibleDate = ".	[MsgId: MMSG-13798]
EmployeeBeginCoverage.c(41): Error -35049: No match found for the requested parameter "EligibleDate". Check whether the requested regular expression exists in the response data, Snapshot Info [MSH 1 13]  	[MsgId: MERR-35049]
End auto log messages stack.	[MsgId: MMSG-10544]


Start auto log messages stack - Iteration 1.	[MsgId: MMSG-10545]
EmployeeBeginCoverage.c(41): Notify: Saving Parameter "EmployeeID = ".	[MsgId: MMSG-13798]
EmployeeBeginCoverage.c(41): Error -35049: No match found for the requested parameter "EmployeeID". Check whether the requested regular expression exists in the response data, Snapshot Info [MSH 1 13]  	[MsgId: MERR-35049]
End auto log messages stack.	[MsgId: MMSG-10544]


Start auto log messages stack - Iteration 1.	[MsgId: MMSG-10545]
EmployeeBeginCoverage.c(41): Notify: Saving Parameter "EmpHireDate = ".	[MsgId: MMSG-13798]
EmployeeBeginCoverage.c(41): Error -35049: No match found for the requested parameter "EmpHireDate". Check whether the requested regular expression exists in the response data, Snapshot Info [MSH 1 13]  	[MsgId: MERR-35049]
End auto log messages stack.	[MsgId: MMSG-10544]


Start auto log messages stack - Iteration 1.	[MsgId: MMSG-10545]
EmployeeBeginCoverage.c(41): Notify: Saving Parameter "CovgStartDate = ".	[MsgId: MMSG-13798]
EmployeeBeginCoverage.c(41): Error -35049: No match found for the requested parameter "CovgStartDate". Check whether the requested regular expression exists in the response data, Snapshot Info [MSH 1 13]  	[MsgId: MERR-35049]
End auto log messages stack.	[MsgId: MMSG-10544]


Start auto log messages stack - Iteration 2.	[MsgId: MMSG-10545]
EmployeeBeginCoverage.c(41): Resource "http://enroll_uat.dchbx.org/assets/icons/phone-bcc17403386ca4171aae411f308ef6a1.png" is in the cache already and will not be downloaded again  	[MsgId: MMSG-26655]
EmployeeBeginCoverage.c(41): Resource "http://enroll_uat.dchbx.org/assets/icons/mail-21b45f89893abcf4033b96e8a261354e.png" is in the cache already and will not be downloaded again  	[MsgId: MMSG-26655]
EmployeeBeginCoverage.c(41): Resource "http://enroll_uat.dchbx.org/assets/icons/message-6a0a303d9fc72d557125912bdf9efed8.png" is in the cache already and will not be downloaded again  	[MsgId: MMSG-26655]
EmployeeBeginCoverage.c(41): Notify: Saving Parameter "authenticity_token = MawaCRX+yf2YNLtYEPoasUWi5aSN1MV3mf6o+O9VCs1Lux013SVy5cA236Eu5LtrYVWwDBEl8+1GNWCLdrtXRw==".	[MsgId: MMSG-13798]
EmployeeBeginCoverage.c(41): Notify: Saving Parameter "EligibleDate = ".	[MsgId: MMSG-13798]
EmployeeBeginCoverage.c(41): Error -35049: No match found for the requested parameter "EligibleDate". Check whether the requested regular expression exists in the response data, Snapshot Info [MSH 2 13]  	[MsgId: MERR-35049]
End auto log messages stack.	[MsgId: MMSG-10544]


Start auto log messages stack - Iteration 2.	[MsgId: MMSG-10545]
EmployeeBeginCoverage.c(41): Notify: Saving Parameter "EmployeeID = ".	[MsgId: MMSG-13798]
EmployeeBeginCoverage.c(41): Error -35049: No match found for the requested parameter "EmployeeID". Check whether the requested regular expression exists in the response data, Snapshot Info [MSH 2 13]  	[MsgId: MERR-35049]
End auto log messages stack.	[MsgId: MMSG-10544]


Start auto log messages stack - Iteration 2.	[MsgId: MMSG-10545]
EmployeeBeginCoverage.c(41): Notify: Saving Parameter "EmpHireDate = ".	[MsgId: MMSG-13798]
EmployeeBeginCoverage.c(41): Error -35049: No match found for the requested parameter "EmpHireDate". Check whether the requested regular expression exists in the response data, Snapshot Info [MSH 2 13]  	[MsgId: MERR-35049]
End auto log messages stack.	[MsgId: MMSG-10544]


Start auto log messages stack - Iteration 2.	[MsgId: MMSG-10545]
EmployeeBeginCoverage.c(41): Notify: Saving Parameter "CovgStartDate = ".	[MsgId: MMSG-13798]
EmployeeBeginCoverage.c(41): Error -35049: No match found for the requested parameter "CovgStartDate". Check whether the requested regular expression exists in the response data, Snapshot Info [MSH 2 13]  	[MsgId: MERR-35049]
End auto log messages stack.	[MsgId: MMSG-10544]


Start auto log messages stack - Iteration 4.	[MsgId: MMSG-10545]
EmployeeBeginCoverage.c(41): Resource "http://enroll_uat.dchbx.org/assets/icons/phone-bcc17403386ca4171aae411f308ef6a1.png" is in the cache already and will not be downloaded again  	[MsgId: MMSG-26655]
EmployeeBeginCoverage.c(41): Resource "http://enroll_uat.dchbx.org/assets/icons/mail-21b45f89893abcf4033b96e8a261354e.png" is in the cache already and will not be downloaded again  	[MsgId: MMSG-26655]
EmployeeBeginCoverage.c(41): Resource "http://enroll_uat.dchbx.org/assets/icons/message-6a0a303d9fc72d557125912bdf9efed8.png" is in the cache already and will not be downloaded again  	[MsgId: MMSG-26655]
EmployeeBeginCoverage.c(41): Notify: Saving Parameter "authenticity_token = d7IPSfdn0wNGhZSG8ufqEYlN5NxLUiyDcrAHM5uvqPyCnAhQdQbK1eB1K+MH/ykXhvZsKfnDTUYmjXMo5A20wQ==".	[MsgId: MMSG-13798]
EmployeeBeginCoverage.c(41): Notify: Saving Parameter "EligibleDate = ".	[MsgId: MMSG-13798]
EmployeeBeginCoverage.c(41): Error -35049: No match found for the requested parameter "EligibleDate". Check whether the requested regular expression exists in the response data, Snapshot Info [MSH 4 13]  	[MsgId: MERR-35049]
End auto log messages stack.	[MsgId: MMSG-10544]


Start auto log messages stack - Iteration 4.	[MsgId: MMSG-10545]
EmployeeBeginCoverage.c(41): Notify: Saving Parameter "EmployeeID = ".	[MsgId: MMSG-13798]
EmployeeBeginCoverage.c(41): Error -35049: No match found for the requested parameter "EmployeeID". Check whether the requested regular expression exists in the response data, Snapshot Info [MSH 4 13]  	[MsgId: MERR-35049]
End auto log messages stack.	[MsgId: MMSG-10544]


Start auto log messages stack - Iteration 4.	[MsgId: MMSG-10545]
EmployeeBeginCoverage.c(41): Notify: Saving Parameter "EmpHireDate = ".	[MsgId: MMSG-13798]
EmployeeBeginCoverage.c(41): Error -35049: No match found for the requested parameter "EmpHireDate". Check whether the requested regular expression exists in the response data, Snapshot Info [MSH 4 13]  	[MsgId: MERR-35049]
End auto log messages stack.	[MsgId: MMSG-10544]


Start auto log messages stack - Iteration 4.	[MsgId: MMSG-10545]
EmployeeBeginCoverage.c(41): Notify: Saving Parameter "CovgStartDate = ".	[MsgId: MMSG-13798]
EmployeeBeginCoverage.c(41): Error -35049: No match found for the requested parameter "CovgStartDate". Check whether the requested regular expression exists in the response data, Snapshot Info [MSH 4 13]  	[MsgId: MERR-35049]
End auto log messages stack.	[MsgId: MMSG-10544]


Start auto log messages stack - Iteration 3.	[MsgId: MMSG-10545]
EmployeeBeginCoverage.c(41): Resource "http://enroll_uat.dchbx.org/assets/icons/phone-bcc17403386ca4171aae411f308ef6a1.png" is in the cache already and will not be downloaded again  	[MsgId: MMSG-26655]
EmployeeBeginCoverage.c(41): Resource "http://enroll_uat.dchbx.org/assets/icons/mail-21b45f89893abcf4033b96e8a261354e.png" is in the cache already and will not be downloaded again  	[MsgId: MMSG-26655]
EmployeeBeginCoverage.c(41): Resource "http://enroll_uat.dchbx.org/assets/icons/message-6a0a303d9fc72d557125912bdf9efed8.png" is in the cache already and will not be downloaded again  	[MsgId: MMSG-26655]
EmployeeBeginCoverage.c(41): Notify: Saving Parameter "authenticity_token = n7cN1lsid9GkTA9EIbB9c731QfY52IV1HYvlUOe74YdWuPovNhGUgF1eq1z6yHhyn9iTih9nx9Zp1Q6aufwY0Q==".	[MsgId: MMSG-13798]
EmployeeBeginCoverage.c(41): Notify: Saving Parameter "EligibleDate = ".	[MsgId: MMSG-13798]
EmployeeBeginCoverage.c(41): Error -35049: No match found for the requested parameter "EligibleDate". Check whether the requested regular expression exists in the response data, Snapshot Info [MSH 3 13]  	[MsgId: MERR-35049]
End auto log messages stack.	[MsgId: MMSG-10544]


Start auto log messages stack - Iteration 3.	[MsgId: MMSG-10545]
EmployeeBeginCoverage.c(41): Notify: Saving Parameter "EmployeeID = ".	[MsgId: MMSG-13798]
EmployeeBeginCoverage.c(41): Error -35049: No match found for the requested parameter "EmployeeID". Check whether the requested regular expression exists in the response data, Snapshot Info [MSH 3 13]  	[MsgId: MERR-35049]
End auto log messages stack.	[MsgId: MMSG-10544]


Start auto log messages stack - Iteration 3.	[MsgId: MMSG-10545]
EmployeeBeginCoverage.c(41): Notify: Saving Parameter "EmpHireDate = ".	[MsgId: MMSG-13798]
EmployeeBeginCoverage.c(41): Error -35049: No match found for the requested parameter "EmpHireDate". Check whether the requested regular expression exists in the response data, Snapshot Info [MSH 3 13]  	[MsgId: MERR-35049]
End auto log messages stack.	[MsgId: MMSG-10544]


Start auto log messages stack - Iteration 3.	[MsgId: MMSG-10545]
EmployeeBeginCoverage.c(41): Notify: Saving Parameter "CovgStartDate = ".	[MsgId: MMSG-13798]
EmployeeBeginCoverage.c(41): Error -35049: No match found for the requested parameter "CovgStartDate". Check whether the requested regular expression exists in the response data, Snapshot Info [MSH 3 13]  	[MsgId: MERR-35049]
End auto log messages stack.	[MsgId: MMSG-10544]


