Start auto log messages stack - Iteration 1.	[MsgId: MMSG-10545]
EmployeeBeginCoverage.c(99): Notify: Parameter Substitution: parameter "EmpSEX" =  "FEMALE"	[MsgId: MMSG-13992]
EmployeeBeginCoverage.c(99): Notify: Next row for parameter EmpHireDate = 751 [table  = EmpHireDate].	[MsgId: MMSG-13876]
EmployeeBeginCoverage.c(99): Notify: Parameter Substitution: parameter "EmpHireDate" =  "01/01/2015"	[MsgId: MMSG-13992]
EmployeeBeginCoverage.c(99): Notify: Parameter Substitution: parameter "CovgStartDate" =  "11/01/2015"	[MsgId: MMSG-13992]
EmployeeBeginCoverage.c(99): Notify: Parameter Substitution: parameter "EmployeeID" =  "55da330b69702d7747ef2000"	[MsgId: MMSG-13992]
EmployeeBeginCoverage.c(99): Redirecting "http://enroll_uat.dchbx.org/consumer/employee" (redirection depth is 0)  	[MsgId: MMSG-26694]
EmployeeBeginCoverage.c(99): To location "http://enroll_uat.dchbx.org/consumer/employee/55da3ea869702d4dde282300/edit"  	[MsgId: MMSG-26693]
EmployeeBeginCoverage.c(99): Notify: Saving Parameter "employee_role_id = 55da3ea869702d4dde282300".	[MsgId: MMSG-13798]
EmployeeBeginCoverage.c(99): Notify: Saving Parameter "Employee_Role_ID = 55da3ea869702d4dde282300".	[MsgId: MMSG-13798]
EmployeeBeginCoverage.c(99): Error -26612: HTTP Status-Code=500 (Internal Server Error) for "http://enroll_uat.dchbx.org/consumer/employee/55da3ea869702d4dde282300/edit", Snapshot Info [MSH 1 19]  	[MsgId: MERR-26612]
End auto log messages stack.	[MsgId: MMSG-10544]


Start auto log messages stack - Iteration 1.	[MsgId: MMSG-10545]
EmployeeBeginCoverage.c(99): Notify: Parameter Substitution: parameter "EmpSEX" =  "FEMALE"	[MsgId: MMSG-13992]
EmployeeBeginCoverage.c(99): Notify: Next row for parameter EmpHireDate = 1951 [table  = EmpHireDate].	[MsgId: MMSG-13876]
EmployeeBeginCoverage.c(99): Notify: Parameter Substitution: parameter "EmpHireDate" =  "01/01/2015"	[MsgId: MMSG-13992]
EmployeeBeginCoverage.c(99): Notify: Parameter Substitution: parameter "CovgStartDate" =  "11/01/2015"	[MsgId: MMSG-13992]
EmployeeBeginCoverage.c(99): Notify: Parameter Substitution: parameter "EmployeeID" =  "55da34c069702d77445b2100"	[MsgId: MMSG-13992]
EmployeeBeginCoverage.c(99): Redirecting "http://enroll_uat.dchbx.org/consumer/employee" (redirection depth is 0)  	[MsgId: MMSG-26694]
EmployeeBeginCoverage.c(99): To location "http://enroll_uat.dchbx.org/consumer/employee/55da3f1e69702d7749f12200/edit"  	[MsgId: MMSG-26693]
EmployeeBeginCoverage.c(99): Notify: Saving Parameter "employee_role_id = 55da3f1e69702d7749f12200".	[MsgId: MMSG-13798]
EmployeeBeginCoverage.c(99): Notify: Saving Parameter "Employee_Role_ID = 55da3f1e69702d7749f12200".	[MsgId: MMSG-13798]
EmployeeBeginCoverage.c(99): Error -26612: HTTP Status-Code=500 (Internal Server Error) for "http://enroll_uat.dchbx.org/consumer/employee/55da3f1e69702d7749f12200/edit", Snapshot Info [MSH 1 19]  	[MsgId: MERR-26612]
End auto log messages stack.	[MsgId: MMSG-10544]


Start auto log messages stack - Iteration 1.	[MsgId: MMSG-10545]
EmployeeBeginCoverage.c(99): Notify: Parameter Substitution: parameter "EmpSEX" =  "FEMALE"	[MsgId: MMSG-13992]
EmployeeBeginCoverage.c(99): Notify: Next row for parameter EmpHireDate = 2701 [table  = EmpHireDate].	[MsgId: MMSG-13876]
EmployeeBeginCoverage.c(99): Notify: Parameter Substitution: parameter "EmpHireDate" =  "01/01/2015"	[MsgId: MMSG-13992]
EmployeeBeginCoverage.c(99): Notify: Parameter Substitution: parameter "CovgStartDate" =  "11/01/2015"	[MsgId: MMSG-13992]
EmployeeBeginCoverage.c(99): Notify: Parameter Substitution: parameter "EmployeeID" =  "55da384b69702d4d88622300"	[MsgId: MMSG-13992]
EmployeeBeginCoverage.c(99): Redirecting "http://enroll_uat.dchbx.org/consumer/employee" (redirection depth is 0)  	[MsgId: MMSG-26694]
EmployeeBeginCoverage.c(99): To location "http://enroll_uat.dchbx.org/consumer/employee/55da3f6c69702d0d9bbc2300/edit"  	[MsgId: MMSG-26693]
EmployeeBeginCoverage.c(99): Notify: Saving Parameter "employee_role_id = 55da3f6c69702d0d9bbc2300".	[MsgId: MMSG-13798]
EmployeeBeginCoverage.c(99): Notify: Saving Parameter "Employee_Role_ID = 55da3f6c69702d0d9bbc2300".	[MsgId: MMSG-13798]
EmployeeBeginCoverage.c(99): Error -26612: HTTP Status-Code=500 (Internal Server Error) for "http://enroll_uat.dchbx.org/consumer/employee/55da3f6c69702d0d9bbc2300/edit", Snapshot Info [MSH 1 19]  	[MsgId: MERR-26612]
End auto log messages stack.	[MsgId: MMSG-10544]


Start auto log messages stack - Iteration 2.	[MsgId: MMSG-10545]
EmployeeCreateAccount.c(27): Registered web_reg_find successful for "Text=Your account has been created"  	[MsgId: MMSG-26362]
EmployeeCreateAccount.c(27): Notify: Saving Parameter "AccountCreated = 0".	[MsgId: MMSG-13798]
EmployeeCreateAccount.c(27): web_submit_data("users") was successful, 21083 body bytes, 485 header bytes  	[MsgId: MMSG-26386]
EmployeeCreateAccount.c(46): Notify: Parameter Substitution: parameter "AccountCreated" =  "0"	[MsgId: MMSG-13992]
EmployeeCreateAccount.c(52): Notify: Transaction "EMPLYE_0004_Create_Account_Submit" ended with a "Fail" status (Duration: 0.5777 Wasted Time: 0.0001).	[MsgId: MMSG-16871]
EmployeeCreateAccount.c(52): Notify: Transaction "EMPLYE_0004_Create_Account_Submit" has 0 error message(s).	[MsgId: MMSG-16818]
EmployeeCreateAccount.c(53): Notify: Next row for parameter EmpWorkEmail = 2702 [table  = EmpWorkEmail].	[MsgId: MMSG-13876]
EmployeeCreateAccount.c(53): Notify: Parameter Substitution: parameter "EmpWorkEmail" =  "BZ4892-28-9924@test.com"	[MsgId: MMSG-13992]
EmployeeCreateAccount.c(53): Error: Failed to create account for BZ4892-28-9924@test.com	[MsgId: MERR-17999]
End auto log messages stack.	[MsgId: MMSG-10544]


Start auto log messages stack - Iteration 3.	[MsgId: MMSG-10545]
EmployeeCreateAccount.c(27): Registered web_reg_find successful for "Text=Your account has been created"  	[MsgId: MMSG-26362]
EmployeeCreateAccount.c(27): Notify: Saving Parameter "AccountCreated = 0".	[MsgId: MMSG-13798]
EmployeeCreateAccount.c(27): web_submit_data("users") was successful, 21083 body bytes, 485 header bytes  	[MsgId: MMSG-26386]
EmployeeCreateAccount.c(46): Notify: Parameter Substitution: parameter "AccountCreated" =  "0"	[MsgId: MMSG-13992]
EmployeeCreateAccount.c(52): Notify: Transaction "EMPLYE_0004_Create_Account_Submit" ended with a "Fail" status (Duration: 0.7309 Wasted Time: 0.0001).	[MsgId: MMSG-16871]
EmployeeCreateAccount.c(52): Notify: Transaction "EMPLYE_0004_Create_Account_Submit" has 0 error message(s).	[MsgId: MMSG-16818]
EmployeeCreateAccount.c(53): Notify: Next row for parameter EmpWorkEmail = 1353 [table  = EmpWorkEmail].	[MsgId: MMSG-13876]
EmployeeCreateAccount.c(53): Notify: Parameter Substitution: parameter "EmpWorkEmail" =  "BZ4719-88-8400@test.com"	[MsgId: MMSG-13992]
EmployeeCreateAccount.c(53): Error: Failed to create account for BZ4719-88-8400@test.com	[MsgId: MERR-17999]
End auto log messages stack.	[MsgId: MMSG-10544]


Start auto log messages stack - Iteration 3.	[MsgId: MMSG-10545]
EmployeeBeginCoverage.c(99): Notify: Parameter Substitution: parameter "EmpSEX" =  "FEMALE"	[MsgId: MMSG-13992]
EmployeeBeginCoverage.c(99): Notify: Next row for parameter EmpHireDate = 1203 [table  = EmpHireDate].	[MsgId: MMSG-13876]
EmployeeBeginCoverage.c(99): Notify: Parameter Substitution: parameter "EmpHireDate" =  "01/01/2015"	[MsgId: MMSG-13992]
EmployeeBeginCoverage.c(99): Notify: Parameter Substitution: parameter "CovgStartDate" =  "11/01/2015"	[MsgId: MMSG-13992]
EmployeeBeginCoverage.c(99): Notify: Parameter Substitution: parameter "EmployeeID" =  "55da33d669702d7738c72000"	[MsgId: MMSG-13992]
EmployeeBeginCoverage.c(99): Redirecting "http://enroll_uat.dchbx.org/consumer/employee" (redirection depth is 0)  	[MsgId: MMSG-26694]
EmployeeBeginCoverage.c(99): To location "http://enroll_uat.dchbx.org/consumer/employee/55da3fb569702d4d97582500/edit"  	[MsgId: MMSG-26693]
EmployeeBeginCoverage.c(99): Notify: Saving Parameter "employee_role_id = 55da3fb569702d4d97582500".	[MsgId: MMSG-13798]
EmployeeBeginCoverage.c(99): Notify: Saving Parameter "Employee_Role_ID = 55da3fb569702d4d97582500".	[MsgId: MMSG-13798]
EmployeeBeginCoverage.c(99): Error -26612: HTTP Status-Code=500 (Internal Server Error) for "http://enroll_uat.dchbx.org/consumer/employee/55da3fb569702d4d97582500/edit", Snapshot Info [MSH 3 19]  	[MsgId: MERR-26612]
End auto log messages stack.	[MsgId: MMSG-10544]


Start auto log messages stack - Iteration 3.	[MsgId: MMSG-10545]
EmployeeBeginCoverage.c(99): Notify: Parameter Substitution: parameter "EmpSEX" =  "FEMALE"	[MsgId: MMSG-13992]
EmployeeBeginCoverage.c(99): Notify: Next row for parameter EmpHireDate = 1953 [table  = EmpHireDate].	[MsgId: MMSG-13876]
EmployeeBeginCoverage.c(99): Notify: Parameter Substitution: parameter "EmpHireDate" =  "01/01/2015"	[MsgId: MMSG-13992]
EmployeeBeginCoverage.c(99): Notify: Parameter Substitution: parameter "CovgStartDate" =  "11/01/2015"	[MsgId: MMSG-13992]
EmployeeBeginCoverage.c(99): Notify: Parameter Substitution: parameter "EmployeeID" =  "55da34c169702d7752662200"	[MsgId: MMSG-13992]
EmployeeBeginCoverage.c(99): Redirecting "http://enroll_uat.dchbx.org/consumer/employee" (redirection depth is 0)  	[MsgId: MMSG-26694]
EmployeeBeginCoverage.c(99): To location "http://enroll_uat.dchbx.org/consumer/employee/55da3fb069702d4dcf912600/edit"  	[MsgId: MMSG-26693]
EmployeeBeginCoverage.c(99): Notify: Saving Parameter "employee_role_id = 55da3fb069702d4dcf912600".	[MsgId: MMSG-13798]
EmployeeBeginCoverage.c(99): Notify: Saving Parameter "Employee_Role_ID = 55da3fb069702d4dcf912600".	[MsgId: MMSG-13798]
EmployeeBeginCoverage.c(99): Error -26612: HTTP Status-Code=500 (Internal Server Error) for "http://enroll_uat.dchbx.org/consumer/employee/55da3fb069702d4dcf912600/edit", Snapshot Info [MSH 3 19]  	[MsgId: MERR-26612]
End auto log messages stack.	[MsgId: MMSG-10544]


Start auto log messages stack - Iteration 4.	[MsgId: MMSG-10545]
EmployeeCreateAccount.c(27): Registered web_reg_find successful for "Text=Your account has been created"  	[MsgId: MMSG-26362]
EmployeeCreateAccount.c(27): Notify: Saving Parameter "AccountCreated = 0".	[MsgId: MMSG-13798]
EmployeeCreateAccount.c(27): web_submit_data("users") was successful, 21083 body bytes, 485 header bytes  	[MsgId: MMSG-26386]
EmployeeCreateAccount.c(46): Notify: Parameter Substitution: parameter "AccountCreated" =  "0"	[MsgId: MMSG-13992]
EmployeeCreateAccount.c(52): Notify: Transaction "EMPLYE_0004_Create_Account_Submit" ended with a "Fail" status (Duration: 0.4609 Wasted Time: 0.0001).	[MsgId: MMSG-16871]
EmployeeCreateAccount.c(52): Notify: Transaction "EMPLYE_0004_Create_Account_Submit" has 0 error message(s).	[MsgId: MMSG-16818]
EmployeeCreateAccount.c(53): Notify: Next row for parameter EmpWorkEmail = 604 [table  = EmpWorkEmail].	[MsgId: MMSG-13876]
EmployeeCreateAccount.c(53): Notify: Parameter Substitution: parameter "EmpWorkEmail" =  "BZ4337-30-6062@test.com"	[MsgId: MMSG-13992]
EmployeeCreateAccount.c(53): Error: Failed to create account for BZ4337-30-6062@test.com	[MsgId: MERR-17999]
End auto log messages stack.	[MsgId: MMSG-10544]


Start auto log messages stack - Iteration 5.	[MsgId: MMSG-10545]
EmployeeBeginCoverage.c(99): Notify: Parameter Substitution: parameter "EmpSEX" =  "FEMALE"	[MsgId: MMSG-13992]
EmployeeBeginCoverage.c(99): Notify: Next row for parameter EmpHireDate = 755 [table  = EmpHireDate].	[MsgId: MMSG-13876]
EmployeeBeginCoverage.c(99): Notify: Parameter Substitution: parameter "EmpHireDate" =  "01/01/2015"	[MsgId: MMSG-13992]
EmployeeBeginCoverage.c(99): Notify: Parameter Substitution: parameter "CovgStartDate" =  "11/01/2015"	[MsgId: MMSG-13992]
EmployeeBeginCoverage.c(99): Notify: Parameter Substitution: parameter "EmployeeID" =  "55da330d69702d775be71f00"	[MsgId: MMSG-13992]
EmployeeBeginCoverage.c(99): Redirecting "http://enroll_uat.dchbx.org/consumer/employee" (redirection depth is 0)  	[MsgId: MMSG-26694]
EmployeeBeginCoverage.c(99): To location "http://enroll_uat.dchbx.org/consumer/employee/55da400569702d4d75682400/edit"  	[MsgId: MMSG-26693]
EmployeeBeginCoverage.c(99): Notify: Saving Parameter "employee_role_id = 55da400569702d4d75682400".	[MsgId: MMSG-13798]
EmployeeBeginCoverage.c(99): Notify: Saving Parameter "Employee_Role_ID = 55da400569702d4d75682400".	[MsgId: MMSG-13798]
EmployeeBeginCoverage.c(99): Error -26612: HTTP Status-Code=500 (Internal Server Error) for "http://enroll_uat.dchbx.org/consumer/employee/55da400569702d4d75682400/edit", Snapshot Info [MSH 5 19]  	[MsgId: MERR-26612]
End auto log messages stack.	[MsgId: MMSG-10544]


Start auto log messages stack - Iteration 2.	[MsgId: MMSG-10545]
EmployeeBeginCoverage.c(99): Notify: Parameter Substitution: parameter "EmpSEX" =  "FEMALE"	[MsgId: MMSG-13992]
EmployeeBeginCoverage.c(99): Notify: Next row for parameter EmpHireDate = 3152 [table  = EmpHireDate].	[MsgId: MMSG-13876]
EmployeeBeginCoverage.c(99): Notify: Parameter Substitution: parameter "EmpHireDate" =  "01/01/2015"	[MsgId: MMSG-13992]
EmployeeBeginCoverage.c(99): Notify: Parameter Substitution: parameter "CovgStartDate" =  "11/01/2015"	[MsgId: MMSG-13992]
EmployeeBeginCoverage.c(99): Notify: Parameter Substitution: parameter "EmployeeID" =  "55da38e669702d4d8b7e2100"	[MsgId: MMSG-13992]
EmployeeBeginCoverage.c(99): Redirecting "http://enroll_uat.dchbx.org/consumer/employee" (redirection depth is 0)  	[MsgId: MMSG-26694]
EmployeeBeginCoverage.c(99): To location "http://enroll_uat.dchbx.org/consumer/employee/55da400969702d0d9bd62300/edit"  	[MsgId: MMSG-26693]
EmployeeBeginCoverage.c(99): Notify: Saving Parameter "employee_role_id = 55da400969702d0d9bd62300".	[MsgId: MMSG-13798]
EmployeeBeginCoverage.c(99): Notify: Saving Parameter "Employee_Role_ID = 55da400969702d0d9bd62300".	[MsgId: MMSG-13798]
EmployeeBeginCoverage.c(99): Error -26612: HTTP Status-Code=500 (Internal Server Error) for "http://enroll_uat.dchbx.org/consumer/employee/55da400969702d0d9bd62300/edit", Snapshot Info [MSH 2 19]  	[MsgId: MERR-26612]
End auto log messages stack.	[MsgId: MMSG-10544]


Start auto log messages stack - Iteration 3.	[MsgId: MMSG-10545]
EmployeeCreateAccount.c(27): Registered web_reg_find successful for "Text=Your account has been created"  	[MsgId: MMSG-26362]
EmployeeCreateAccount.c(27): Notify: Saving Parameter "AccountCreated = 0".	[MsgId: MMSG-13798]
EmployeeCreateAccount.c(27): web_submit_data("users") was successful, 10746 body bytes, 485 header bytes  	[MsgId: MMSG-26386]
EmployeeCreateAccount.c(46): Notify: Parameter Substitution: parameter "AccountCreated" =  "0"	[MsgId: MMSG-13992]
EmployeeCreateAccount.c(52): Notify: Transaction "EMPLYE_0004_Create_Account_Submit" ended with a "Fail" status (Duration: 0.8249 Wasted Time: 0.0000).	[MsgId: MMSG-16871]
EmployeeCreateAccount.c(52): Notify: Transaction "EMPLYE_0004_Create_Account_Submit" has 0 error message(s).	[MsgId: MMSG-16818]
EmployeeCreateAccount.c(53): Notify: Next row for parameter EmpWorkEmail = 2403 [table  = EmpWorkEmail].	[MsgId: MMSG-13876]
EmployeeCreateAccount.c(53): Notify: Parameter Substitution: parameter "EmpWorkEmail" =  "BZ4729-94-5218@test.com"	[MsgId: MMSG-13992]
EmployeeCreateAccount.c(53): Error: Failed to create account for BZ4729-94-5218@test.com	[MsgId: MERR-17999]
End auto log messages stack.	[MsgId: MMSG-10544]


Start auto log messages stack - Iteration 1.	[MsgId: MMSG-10545]
EmployeeBeginCoverage.c(99): Notify: Parameter Substitution: parameter "EmpSEX" =  "FEMALE"	[MsgId: MMSG-13992]
EmployeeBeginCoverage.c(99): Notify: Next row for parameter EmpHireDate = 4651 [table  = EmpHireDate].	[MsgId: MMSG-13876]
EmployeeBeginCoverage.c(99): Notify: Parameter Substitution: parameter "EmpHireDate" =  "01/01/2015"	[MsgId: MMSG-13992]
EmployeeBeginCoverage.c(99): Notify: Parameter Substitution: parameter "CovgStartDate" =  "11/01/2015"	[MsgId: MMSG-13992]
EmployeeBeginCoverage.c(99): Notify: Parameter Substitution: parameter "EmployeeID" =  "55da3a7e69702d4d79132300"	[MsgId: MMSG-13992]
EmployeeBeginCoverage.c(99): Redirecting "http://enroll_uat.dchbx.org/consumer/employee" (redirection depth is 0)  	[MsgId: MMSG-26694]
EmployeeBeginCoverage.c(99): To location "http://enroll_uat.dchbx.org/consumer/employee/55da403b69702d4d90ca2500/edit"  	[MsgId: MMSG-26693]
EmployeeBeginCoverage.c(99): Notify: Saving Parameter "employee_role_id = 55da403b69702d4d90ca2500".	[MsgId: MMSG-13798]
EmployeeBeginCoverage.c(99): Notify: Saving Parameter "Employee_Role_ID = 55da403b69702d4d90ca2500".	[MsgId: MMSG-13798]
EmployeeBeginCoverage.c(99): Error -26612: HTTP Status-Code=500 (Internal Server Error) for "http://enroll_uat.dchbx.org/consumer/employee/55da403b69702d4d90ca2500/edit", Snapshot Info [MSH 1 19]  	[MsgId: MERR-26612]
End auto log messages stack.	[MsgId: MMSG-10544]


Start auto log messages stack - Iteration 4.	[MsgId: MMSG-10545]
EmployeeCreateAccount.c(27): Registered web_reg_find successful for "Text=Your account has been created"  	[MsgId: MMSG-26362]
EmployeeCreateAccount.c(27): Notify: Saving Parameter "AccountCreated = 0".	[MsgId: MMSG-13798]
EmployeeCreateAccount.c(27): web_submit_data("users") was successful, 21083 body bytes, 485 header bytes  	[MsgId: MMSG-26386]
EmployeeCreateAccount.c(46): Notify: Parameter Substitution: parameter "AccountCreated" =  "0"	[MsgId: MMSG-13992]
EmployeeCreateAccount.c(52): Notify: Transaction "EMPLYE_0004_Create_Account_Submit" ended with a "Fail" status (Duration: 0.8227 Wasted Time: 0.0001).	[MsgId: MMSG-16871]
EmployeeCreateAccount.c(52): Notify: Transaction "EMPLYE_0004_Create_Account_Submit" has 0 error message(s).	[MsgId: MMSG-16818]
EmployeeCreateAccount.c(53): Notify: Next row for parameter EmpWorkEmail = 2404 [table  = EmpWorkEmail].	[MsgId: MMSG-13876]
EmployeeCreateAccount.c(53): Notify: Parameter Substitution: parameter "EmpWorkEmail" =  "BZ4729-94-5218@test.com"	[MsgId: MMSG-13992]
EmployeeCreateAccount.c(53): Error: Failed to create account for BZ4729-94-5218@test.com	[MsgId: MERR-17999]
End auto log messages stack.	[MsgId: MMSG-10544]


Start auto log messages stack - Iteration 5.	[MsgId: MMSG-10545]
EmployeeCreateAccount.c(27): Registered web_reg_find successful for "Text=Your account has been created"  	[MsgId: MMSG-26362]
EmployeeCreateAccount.c(27): Notify: Saving Parameter "AccountCreated = 0".	[MsgId: MMSG-13798]
EmployeeCreateAccount.c(27): web_submit_data("users") was successful, 21083 body bytes, 485 header bytes  	[MsgId: MMSG-26386]
EmployeeCreateAccount.c(46): Notify: Parameter Substitution: parameter "AccountCreated" =  "0"	[MsgId: MMSG-13992]
EmployeeCreateAccount.c(52): Notify: Transaction "EMPLYE_0004_Create_Account_Submit" ended with a "Fail" status (Duration: 0.5965 Wasted Time: 0.0001).	[MsgId: MMSG-16871]
EmployeeCreateAccount.c(52): Notify: Transaction "EMPLYE_0004_Create_Account_Submit" has 0 error message(s).	[MsgId: MMSG-16818]
EmployeeCreateAccount.c(53): Notify: Next row for parameter EmpWorkEmail = 455 [table  = EmpWorkEmail].	[MsgId: MMSG-13876]
EmployeeCreateAccount.c(53): Notify: Parameter Substitution: parameter "EmpWorkEmail" =  "BZ4282-66-9623@test.com"	[MsgId: MMSG-13992]
EmployeeCreateAccount.c(53): Error: Failed to create account for BZ4282-66-9623@test.com	[MsgId: MERR-17999]
End auto log messages stack.	[MsgId: MMSG-10544]


Start auto log messages stack - Iteration 6.	[MsgId: MMSG-10545]
EmployeeCreateAccount.c(27): Registered web_reg_find successful for "Text=Your account has been created"  	[MsgId: MMSG-26362]
EmployeeCreateAccount.c(27): Notify: Saving Parameter "AccountCreated = 0".	[MsgId: MMSG-13798]
EmployeeCreateAccount.c(27): web_submit_data("users") was successful, 21083 body bytes, 485 header bytes  	[MsgId: MMSG-26386]
EmployeeCreateAccount.c(46): Notify: Parameter Substitution: parameter "AccountCreated" =  "0"	[MsgId: MMSG-13992]
EmployeeCreateAccount.c(52): Notify: Transaction "EMPLYE_0004_Create_Account_Submit" ended with a "Fail" status (Duration: 0.4548 Wasted Time: 0.0001).	[MsgId: MMSG-16871]
EmployeeCreateAccount.c(52): Notify: Transaction "EMPLYE_0004_Create_Account_Submit" has 0 error message(s).	[MsgId: MMSG-16818]
EmployeeCreateAccount.c(53): Notify: Next row for parameter EmpWorkEmail = 456 [table  = EmpWorkEmail].	[MsgId: MMSG-13876]
EmployeeCreateAccount.c(53): Notify: Parameter Substitution: parameter "EmpWorkEmail" =  "BZ4605-80-6676@test.com"	[MsgId: MMSG-13992]
EmployeeCreateAccount.c(53): Error: Failed to create account for BZ4605-80-6676@test.com	[MsgId: MERR-17999]
End auto log messages stack.	[MsgId: MMSG-10544]


Start auto log messages stack - Iteration 3.	[MsgId: MMSG-10545]
EmployeeCreateAccount.c(27): Registered web_reg_find successful for "Text=Your account has been created"  	[MsgId: MMSG-26362]
EmployeeCreateAccount.c(27): Notify: Saving Parameter "AccountCreated = 0".	[MsgId: MMSG-13798]
EmployeeCreateAccount.c(27): web_submit_data("users") was successful, 21083 body bytes, 485 header bytes  	[MsgId: MMSG-26386]
EmployeeCreateAccount.c(46): Notify: Parameter Substitution: parameter "AccountCreated" =  "0"	[MsgId: MMSG-13992]
EmployeeCreateAccount.c(52): Notify: Transaction "EMPLYE_0004_Create_Account_Submit" ended with a "Fail" status (Duration: 0.7438 Wasted Time: 0.0001).	[MsgId: MMSG-16871]
EmployeeCreateAccount.c(52): Notify: Transaction "EMPLYE_0004_Create_Account_Submit" has 0 error message(s).	[MsgId: MMSG-16818]
EmployeeCreateAccount.c(53): Notify: Next row for parameter EmpWorkEmail = 3003 [table  = EmpWorkEmail].	[MsgId: MMSG-13876]
EmployeeCreateAccount.c(53): Notify: Parameter Substitution: parameter "EmpWorkEmail" =  "BZ4124-66-2760@test.com"	[MsgId: MMSG-13992]
EmployeeCreateAccount.c(53): Error: Failed to create account for BZ4124-66-2760@test.com	[MsgId: MERR-17999]
End auto log messages stack.	[MsgId: MMSG-10544]


Start auto log messages stack - Iteration 6.	[MsgId: MMSG-10545]
EmployeeBeginCoverage.c(99): Notify: Next row for parameter EmpSEX = 6 [table  = EmpSEX].	[MsgId: MMSG-13876]
EmployeeBeginCoverage.c(99): Notify: Parameter Substitution: parameter "EmpSEX" =  "FEMALE"	[MsgId: MMSG-13992]
EmployeeBeginCoverage.c(99): Notify: Next row for parameter EmpHireDate = 6 [table  = EmpHireDate].	[MsgId: MMSG-13876]
EmployeeBeginCoverage.c(99): Notify: Parameter Substitution: parameter "EmpHireDate" =  "01/01/2015"	[MsgId: MMSG-13992]
EmployeeBeginCoverage.c(99): Notify: Parameter Substitution: parameter "CovgStartDate" =  "11/01/2015"	[MsgId: MMSG-13992]
EmployeeBeginCoverage.c(99): Notify: Parameter Substitution: parameter "EmployeeID" =  "55da2f2f69702d4df3982100"	[MsgId: MMSG-13992]
EmployeeBeginCoverage.c(99): Redirecting "http://enroll_uat.dchbx.org/consumer/employee" (redirection depth is 0)  	[MsgId: MMSG-26694]
EmployeeBeginCoverage.c(99): To location "http://enroll_uat.dchbx.org/consumer/employee/55da406a69702d0d9bdd2300/edit"  	[MsgId: MMSG-26693]
EmployeeBeginCoverage.c(99): Notify: Saving Parameter "employee_role_id = 55da406a69702d0d9bdd2300".	[MsgId: MMSG-13798]
EmployeeBeginCoverage.c(99): Notify: Saving Parameter "Employee_Role_ID = 55da406a69702d0d9bdd2300".	[MsgId: MMSG-13798]
EmployeeBeginCoverage.c(99): Error -26612: HTTP Status-Code=500 (Internal Server Error) for "http://enroll_uat.dchbx.org/consumer/employee/55da406a69702d0d9bdd2300/edit", Snapshot Info [MSH 6 19]  	[MsgId: MERR-26612]
End auto log messages stack.	[MsgId: MMSG-10544]


Start auto log messages stack - Iteration 2.	[MsgId: MMSG-10545]
EmployeeBeginCoverage.c(99): Notify: Parameter Substitution: parameter "EmpSEX" =  "FEMALE"	[MsgId: MMSG-13992]
EmployeeBeginCoverage.c(99): Notify: Next row for parameter EmpHireDate = 3902 [table  = EmpHireDate].	[MsgId: MMSG-13876]
EmployeeBeginCoverage.c(99): Notify: Parameter Substitution: parameter "EmpHireDate" =  "01/01/2015"	[MsgId: MMSG-13992]
EmployeeBeginCoverage.c(99): Notify: Parameter Substitution: parameter "CovgStartDate" =  "11/01/2015"	[MsgId: MMSG-13992]
EmployeeBeginCoverage.c(99): Notify: Parameter Substitution: parameter "EmployeeID" =  "55da39a169702d4de4012300"	[MsgId: MMSG-13992]
EmployeeBeginCoverage.c(99): Redirecting "http://enroll_uat.dchbx.org/consumer/employee" (redirection depth is 0)  	[MsgId: MMSG-26694]
EmployeeBeginCoverage.c(99): To location "http://enroll_uat.dchbx.org/consumer/employee/55da407869702d4d8bb02300/edit"  	[MsgId: MMSG-26693]
EmployeeBeginCoverage.c(99): Notify: Saving Parameter "employee_role_id = 55da407869702d4d8bb02300".	[MsgId: MMSG-13798]
EmployeeBeginCoverage.c(99): Notify: Saving Parameter "Employee_Role_ID = 55da407869702d4d8bb02300".	[MsgId: MMSG-13798]
EmployeeBeginCoverage.c(99): Error -26612: HTTP Status-Code=500 (Internal Server Error) for "http://enroll_uat.dchbx.org/consumer/employee/55da407869702d4d8bb02300/edit", Snapshot Info [MSH 2 19]  	[MsgId: MERR-26612]
End auto log messages stack.	[MsgId: MMSG-10544]


Start auto log messages stack - Iteration 5.	[MsgId: MMSG-10545]
EmployeeCreateAccount.c(27): Registered web_reg_find successful for "Text=Your account has been created"  	[MsgId: MMSG-26362]
EmployeeCreateAccount.c(27): Notify: Saving Parameter "AccountCreated = 0".	[MsgId: MMSG-13798]
EmployeeCreateAccount.c(27): web_submit_data("users") was successful, 21083 body bytes, 485 header bytes  	[MsgId: MMSG-26386]
EmployeeCreateAccount.c(46): Notify: Parameter Substitution: parameter "AccountCreated" =  "0"	[MsgId: MMSG-13992]
EmployeeCreateAccount.c(52): Notify: Transaction "EMPLYE_0004_Create_Account_Submit" ended with a "Fail" status (Duration: 0.6086 Wasted Time: 0.0001).	[MsgId: MMSG-16871]
EmployeeCreateAccount.c(52): Notify: Transaction "EMPLYE_0004_Create_Account_Submit" has 0 error message(s).	[MsgId: MMSG-16818]
EmployeeCreateAccount.c(53): Notify: Next row for parameter EmpWorkEmail = 2705 [table  = EmpWorkEmail].	[MsgId: MMSG-13876]
EmployeeCreateAccount.c(53): Notify: Parameter Substitution: parameter "EmpWorkEmail" =  "BZ4606-22-1415@test.com"	[MsgId: MMSG-13992]
EmployeeCreateAccount.c(53): Error: Failed to create account for BZ4606-22-1415@test.com	[MsgId: MERR-17999]
End auto log messages stack.	[MsgId: MMSG-10544]


Start auto log messages stack - Iteration 4.	[MsgId: MMSG-10545]
EmployeeCreateAccount.c(27): Registered web_reg_find successful for "Text=Your account has been created"  	[MsgId: MMSG-26362]
EmployeeCreateAccount.c(27): Notify: Saving Parameter "AccountCreated = 0".	[MsgId: MMSG-13798]
EmployeeCreateAccount.c(27): web_submit_data("users") was successful, 21083 body bytes, 485 header bytes  	[MsgId: MMSG-26386]
EmployeeCreateAccount.c(46): Notify: Parameter Substitution: parameter "AccountCreated" =  "0"	[MsgId: MMSG-13992]
EmployeeCreateAccount.c(52): Notify: Transaction "EMPLYE_0004_Create_Account_Submit" ended with a "Fail" status (Duration: 2.4525 Wasted Time: 0.0001).	[MsgId: MMSG-16871]
EmployeeCreateAccount.c(52): Notify: Transaction "EMPLYE_0004_Create_Account_Submit" has 0 error message(s).	[MsgId: MMSG-16818]
EmployeeCreateAccount.c(53): Notify: Next row for parameter EmpWorkEmail = 3154 [table  = EmpWorkEmail].	[MsgId: MMSG-13876]
EmployeeCreateAccount.c(53): Notify: Parameter Substitution: parameter "EmpWorkEmail" =  "BZ4369-80-5996@test.com"	[MsgId: MMSG-13992]
EmployeeCreateAccount.c(53): Error: Failed to create account for BZ4369-80-5996@test.com	[MsgId: MERR-17999]
End auto log messages stack.	[MsgId: MMSG-10544]


Start auto log messages stack - Iteration 4.	[MsgId: MMSG-10545]
EmployeeBeginCoverage.c(99): Notify: Parameter Substitution: parameter "EmpSEX" =  "FEMALE"	[MsgId: MMSG-13992]
EmployeeBeginCoverage.c(99): Notify: Next row for parameter EmpHireDate = 2254 [table  = EmpHireDate].	[MsgId: MMSG-13876]
EmployeeBeginCoverage.c(99): Notify: Parameter Substitution: parameter "EmpHireDate" =  "01/01/2015"	[MsgId: MMSG-13992]
EmployeeBeginCoverage.c(99): Notify: Parameter Substitution: parameter "CovgStartDate" =  "11/01/2015"	[MsgId: MMSG-13992]
EmployeeBeginCoverage.c(99): Notify: Parameter Substitution: parameter "EmployeeID" =  "55da352269702d4d79a62100"	[MsgId: MMSG-13992]
EmployeeBeginCoverage.c(99): Redirecting "http://enroll_uat.dchbx.org/consumer/employee" (redirection depth is 0)  	[MsgId: MMSG-26694]
EmployeeBeginCoverage.c(99): To location "http://enroll_uat.dchbx.org/consumer/employee/55da409b69702d4deaf72500/edit"  	[MsgId: MMSG-26693]
EmployeeBeginCoverage.c(99): Notify: Saving Parameter "employee_role_id = 55da409b69702d4deaf72500".	[MsgId: MMSG-13798]
EmployeeBeginCoverage.c(99): Notify: Saving Parameter "Employee_Role_ID = 55da409b69702d4deaf72500".	[MsgId: MMSG-13798]
EmployeeBeginCoverage.c(99): Error -26612: HTTP Status-Code=500 (Internal Server Error) for "http://enroll_uat.dchbx.org/consumer/employee/55da409b69702d4deaf72500/edit", Snapshot Info [MSH 4 19]  	[MsgId: MERR-26612]
End auto log messages stack.	[MsgId: MMSG-10544]


Start auto log messages stack - Iteration 3.	[MsgId: MMSG-10545]
EmployeeCreateAccount.c(27): Registered web_reg_find successful for "Text=Your account has been created"  	[MsgId: MMSG-26362]
EmployeeCreateAccount.c(27): Notify: Saving Parameter "AccountCreated = 0".	[MsgId: MMSG-13798]
EmployeeCreateAccount.c(27): web_submit_data("users") was successful, 21083 body bytes, 485 header bytes  	[MsgId: MMSG-26386]
EmployeeCreateAccount.c(46): Notify: Parameter Substitution: parameter "AccountCreated" =  "0"	[MsgId: MMSG-13992]
EmployeeCreateAccount.c(52): Notify: Transaction "EMPLYE_0004_Create_Account_Submit" ended with a "Fail" status (Duration: 0.5680 Wasted Time: 0.0001).	[MsgId: MMSG-16871]
EmployeeCreateAccount.c(52): Notify: Transaction "EMPLYE_0004_Create_Account_Submit" has 0 error message(s).	[MsgId: MMSG-16818]
EmployeeCreateAccount.c(53): Notify: Next row for parameter EmpWorkEmail = 3603 [table  = EmpWorkEmail].	[MsgId: MMSG-13876]
EmployeeCreateAccount.c(53): Notify: Parameter Substitution: parameter "EmpWorkEmail" =  "BZ4868-20-9344@test.com"	[MsgId: MMSG-13992]
EmployeeCreateAccount.c(53): Error: Failed to create account for BZ4868-20-9344@test.com	[MsgId: MERR-17999]
End auto log messages stack.	[MsgId: MMSG-10544]


Start auto log messages stack - Iteration 3.	[MsgId: MMSG-10545]
EmployeeCreateAccount.c(27): Registered web_reg_find successful for "Text=Your account has been created"  	[MsgId: MMSG-26362]
EmployeeCreateAccount.c(27): Notify: Saving Parameter "AccountCreated = 0".	[MsgId: MMSG-13798]
EmployeeCreateAccount.c(27): web_submit_data("users") was successful, 21083 body bytes, 485 header bytes  	[MsgId: MMSG-26386]
EmployeeCreateAccount.c(46): Notify: Parameter Substitution: parameter "AccountCreated" =  "0"	[MsgId: MMSG-13992]
EmployeeCreateAccount.c(52): Notify: Transaction "EMPLYE_0004_Create_Account_Submit" ended with a "Fail" status (Duration: 0.2728 Wasted Time: 0.0001).	[MsgId: MMSG-16871]
EmployeeCreateAccount.c(52): Notify: Transaction "EMPLYE_0004_Create_Account_Submit" has 0 error message(s).	[MsgId: MMSG-16818]
EmployeeCreateAccount.c(53): Notify: Next row for parameter EmpWorkEmail = 3753 [table  = EmpWorkEmail].	[MsgId: MMSG-13876]
EmployeeCreateAccount.c(53): Notify: Parameter Substitution: parameter "EmpWorkEmail" =  "BZ4628-85-6656@test.com"	[MsgId: MMSG-13992]
EmployeeCreateAccount.c(53): Error: Failed to create account for BZ4628-85-6656@test.com	[MsgId: MERR-17999]
End auto log messages stack.	[MsgId: MMSG-10544]


Start auto log messages stack - Iteration 1.	[MsgId: MMSG-10545]
EmployeeBeginCoverage.c(99): Notify: Parameter Substitution: parameter "EmpSEX" =  "FEMALE"	[MsgId: MMSG-13992]
EmployeeBeginCoverage.c(99): Notify: Next row for parameter EmpHireDate = 5851 [table  = EmpHireDate].	[MsgId: MMSG-13876]
EmployeeBeginCoverage.c(99): Notify: Parameter Substitution: parameter "EmpHireDate" =  "01/01/2015"	[MsgId: MMSG-13992]
EmployeeBeginCoverage.c(99): Notify: Parameter Substitution: parameter "CovgStartDate" =  "11/01/2015"	[MsgId: MMSG-13992]
EmployeeBeginCoverage.c(99): Notify: Parameter Substitution: parameter "EmployeeID" =  "55da3bb369702d4d846f2200"	[MsgId: MMSG-13992]
EmployeeBeginCoverage.c(99): Redirecting "http://enroll_uat.dchbx.org/consumer/employee" (redirection depth is 0)  	[MsgId: MMSG-26694]
EmployeeBeginCoverage.c(99): To location "http://enroll_uat.dchbx.org/consumer/employee/55da40a869702d7744d32400/edit"  	[MsgId: MMSG-26693]
EmployeeBeginCoverage.c(99): Notify: Saving Parameter "employee_role_id = 55da40a869702d7744d32400".	[MsgId: MMSG-13798]
EmployeeBeginCoverage.c(99): Notify: Saving Parameter "Employee_Role_ID = 55da40a869702d7744d32400".	[MsgId: MMSG-13798]
EmployeeBeginCoverage.c(99): Error -26612: HTTP Status-Code=500 (Internal Server Error) for "http://enroll_uat.dchbx.org/consumer/employee/55da40a869702d7744d32400/edit", Snapshot Info [MSH 1 19]  	[MsgId: MERR-26612]
End auto log messages stack.	[MsgId: MMSG-10544]


Start auto log messages stack - Iteration 2.	[MsgId: MMSG-10545]
EmployeeBeginCoverage.c(99): Notify: Parameter Substitution: parameter "EmpSEX" =  "FEMALE"	[MsgId: MMSG-13992]
EmployeeBeginCoverage.c(99): Notify: Next row for parameter EmpHireDate = 5252 [table  = EmpHireDate].	[MsgId: MMSG-13876]
EmployeeBeginCoverage.c(99): Notify: Parameter Substitution: parameter "EmpHireDate" =  "01/01/2015"	[MsgId: MMSG-13992]
EmployeeBeginCoverage.c(99): Notify: Parameter Substitution: parameter "CovgStartDate" =  "11/01/2015"	[MsgId: MMSG-13992]
EmployeeBeginCoverage.c(99): Notify: Parameter Substitution: parameter "EmployeeID" =  "55da3af269702d4d73662300"	[MsgId: MMSG-13992]
EmployeeBeginCoverage.c(99): Redirecting "http://enroll_uat.dchbx.org/consumer/employee" (redirection depth is 0)  	[MsgId: MMSG-26694]
EmployeeBeginCoverage.c(99): To location "http://enroll_uat.dchbx.org/consumer/employee/55da40d869702d4d9a062700/edit"  	[MsgId: MMSG-26693]
EmployeeBeginCoverage.c(99): Notify: Saving Parameter "employee_role_id = 55da40d869702d4d9a062700".	[MsgId: MMSG-13798]
EmployeeBeginCoverage.c(99): Notify: Saving Parameter "Employee_Role_ID = 55da40d869702d4d9a062700".	[MsgId: MMSG-13798]
EmployeeBeginCoverage.c(99): Error -26612: HTTP Status-Code=500 (Internal Server Error) for "http://enroll_uat.dchbx.org/consumer/employee/55da40d869702d4d9a062700/edit", Snapshot Info [MSH 2 19]  	[MsgId: MERR-26612]
End auto log messages stack.	[MsgId: MMSG-10544]


Start auto log messages stack - Iteration 4.	[MsgId: MMSG-10545]
EmployeeCreateAccount.c(27): Registered web_reg_find successful for "Text=Your account has been created"  	[MsgId: MMSG-26362]
EmployeeCreateAccount.c(27): Notify: Saving Parameter "AccountCreated = 0".	[MsgId: MMSG-13798]
EmployeeCreateAccount.c(27): web_submit_data("users") was successful, 21083 body bytes, 485 header bytes  	[MsgId: MMSG-26386]
EmployeeCreateAccount.c(46): Notify: Parameter Substitution: parameter "AccountCreated" =  "0"	[MsgId: MMSG-13992]
EmployeeCreateAccount.c(52): Notify: Transaction "EMPLYE_0004_Create_Account_Submit" ended with a "Fail" status (Duration: 1.0491 Wasted Time: 0.0001).	[MsgId: MMSG-16871]
EmployeeCreateAccount.c(52): Notify: Transaction "EMPLYE_0004_Create_Account_Submit" has 0 error message(s).	[MsgId: MMSG-16818]
EmployeeCreateAccount.c(53): Notify: Next row for parameter EmpWorkEmail = 3454 [table  = EmpWorkEmail].	[MsgId: MMSG-13876]
EmployeeCreateAccount.c(53): Notify: Parameter Substitution: parameter "EmpWorkEmail" =  "BZ4844-51-3161@test.com"	[MsgId: MMSG-13992]
EmployeeCreateAccount.c(53): Error: Failed to create account for BZ4844-51-3161@test.com	[MsgId: MERR-17999]
End auto log messages stack.	[MsgId: MMSG-10544]


Start auto log messages stack - Iteration 3.	[MsgId: MMSG-10545]
EmployeeCreateAccount.c(27): Registered web_reg_find successful for "Text=Your account has been created"  	[MsgId: MMSG-26362]
EmployeeCreateAccount.c(27): Notify: Saving Parameter "AccountCreated = 0".	[MsgId: MMSG-13798]
EmployeeCreateAccount.c(27): web_submit_data("users") was successful, 21083 body bytes, 485 header bytes  	[MsgId: MMSG-26386]
EmployeeCreateAccount.c(46): Notify: Parameter Substitution: parameter "AccountCreated" =  "0"	[MsgId: MMSG-13992]
EmployeeCreateAccount.c(52): Notify: Transaction "EMPLYE_0004_Create_Account_Submit" ended with a "Fail" status (Duration: 0.4118 Wasted Time: 0.0001).	[MsgId: MMSG-16871]
EmployeeCreateAccount.c(52): Notify: Transaction "EMPLYE_0004_Create_Account_Submit" has 0 error message(s).	[MsgId: MMSG-16818]
EmployeeCreateAccount.c(53): Notify: Next row for parameter EmpWorkEmail = 4503 [table  = EmpWorkEmail].	[MsgId: MMSG-13876]
EmployeeCreateAccount.c(53): Notify: Parameter Substitution: parameter "EmpWorkEmail" =  "BZ4974-13-2697@test.com"	[MsgId: MMSG-13992]
EmployeeCreateAccount.c(53): Error: Failed to create account for BZ4974-13-2697@test.com	[MsgId: MERR-17999]
End auto log messages stack.	[MsgId: MMSG-10544]


Start auto log messages stack - Iteration 5.	[MsgId: MMSG-10545]
EmployeeCreateAccount.c(27): Registered web_reg_find successful for "Text=Your account has been created"  	[MsgId: MMSG-26362]
EmployeeCreateAccount.c(27): Notify: Saving Parameter "AccountCreated = 0".	[MsgId: MMSG-13798]
EmployeeCreateAccount.c(27): web_submit_data("users") was successful, 21083 body bytes, 485 header bytes  	[MsgId: MMSG-26386]
EmployeeCreateAccount.c(46): Notify: Parameter Substitution: parameter "AccountCreated" =  "0"	[MsgId: MMSG-13992]
EmployeeCreateAccount.c(52): Notify: Transaction "EMPLYE_0004_Create_Account_Submit" ended with a "Fail" status (Duration: 0.4794 Wasted Time: 0.0001).	[MsgId: MMSG-16871]
EmployeeCreateAccount.c(52): Notify: Transaction "EMPLYE_0004_Create_Account_Submit" has 0 error message(s).	[MsgId: MMSG-16818]
EmployeeCreateAccount.c(53): Notify: Next row for parameter EmpWorkEmail = 3455 [table  = EmpWorkEmail].	[MsgId: MMSG-13876]
EmployeeCreateAccount.c(53): Notify: Parameter Substitution: parameter "EmpWorkEmail" =  "BZ4844-51-3161@test.com"	[MsgId: MMSG-13992]
EmployeeCreateAccount.c(53): Error: Failed to create account for BZ4844-51-3161@test.com	[MsgId: MERR-17999]
End auto log messages stack.	[MsgId: MMSG-10544]


Start auto log messages stack - Iteration 3.	[MsgId: MMSG-10545]
EmployeeBeginCoverage.c(99): Notify: Parameter Substitution: parameter "EmpSEX" =  "FEMALE"	[MsgId: MMSG-13992]
EmployeeBeginCoverage.c(99): Notify: Next row for parameter EmpHireDate = 4203 [table  = EmpHireDate].	[MsgId: MMSG-13876]
EmployeeBeginCoverage.c(99): Notify: Parameter Substitution: parameter "EmpHireDate" =  "01/01/2015"	[MsgId: MMSG-13992]
EmployeeBeginCoverage.c(99): Notify: Parameter Substitution: parameter "CovgStartDate" =  "11/01/2015"	[MsgId: MMSG-13992]
EmployeeBeginCoverage.c(99): Notify: Parameter Substitution: parameter "EmployeeID" =  "55da3a2669702d4d7c412400"	[MsgId: MMSG-13992]
EmployeeBeginCoverage.c(99): Redirecting "http://enroll_uat.dchbx.org/consumer/employee" (redirection depth is 0)  	[MsgId: MMSG-26694]
EmployeeBeginCoverage.c(99): To location "http://enroll_uat.dchbx.org/consumer/employee/55da410a69702d4d8e042500/edit"  	[MsgId: MMSG-26693]
EmployeeBeginCoverage.c(99): Notify: Saving Parameter "employee_role_id = 55da410a69702d4d8e042500".	[MsgId: MMSG-13798]
EmployeeBeginCoverage.c(99): Notify: Saving Parameter "Employee_Role_ID = 55da410a69702d4d8e042500".	[MsgId: MMSG-13798]
EmployeeBeginCoverage.c(99): Error -26612: HTTP Status-Code=500 (Internal Server Error) for "http://enroll_uat.dchbx.org/consumer/employee/55da410a69702d4d8e042500/edit", Snapshot Info [MSH 3 19]  	[MsgId: MERR-26612]
End auto log messages stack.	[MsgId: MMSG-10544]


Start auto log messages stack - Iteration 6.	[MsgId: MMSG-10545]
EmployeeCreateAccount.c(27): Registered web_reg_find successful for "Text=Your account has been created"  	[MsgId: MMSG-26362]
EmployeeCreateAccount.c(27): Notify: Saving Parameter "AccountCreated = 0".	[MsgId: MMSG-13798]
EmployeeCreateAccount.c(27): web_submit_data("users") was successful, 10746 body bytes, 485 header bytes  	[MsgId: MMSG-26386]
EmployeeCreateAccount.c(46): Notify: Parameter Substitution: parameter "AccountCreated" =  "0"	[MsgId: MMSG-13992]
EmployeeCreateAccount.c(52): Notify: Transaction "EMPLYE_0004_Create_Account_Submit" ended with a "Fail" status (Duration: 0.5838 Wasted Time: 0.0000).	[MsgId: MMSG-16871]
EmployeeCreateAccount.c(52): Notify: Transaction "EMPLYE_0004_Create_Account_Submit" has 0 error message(s).	[MsgId: MMSG-16818]
EmployeeCreateAccount.c(53): Notify: Next row for parameter EmpWorkEmail = 3456 [table  = EmpWorkEmail].	[MsgId: MMSG-13876]
EmployeeCreateAccount.c(53): Notify: Parameter Substitution: parameter "EmpWorkEmail" =  "BZ4844-51-3161@test.com"	[MsgId: MMSG-13992]
EmployeeCreateAccount.c(53): Error: Failed to create account for BZ4844-51-3161@test.com	[MsgId: MERR-17999]
End auto log messages stack.	[MsgId: MMSG-10544]


Start auto log messages stack - Iteration 1.	[MsgId: MMSG-10545]
EmployeeBeginCoverage.c(99): Notify: Parameter Substitution: parameter "EmpSEX" =  "FEMALE"	[MsgId: MMSG-13992]
EmployeeBeginCoverage.c(99): Notify: Next row for parameter EmpHireDate = 6901 [table  = EmpHireDate].	[MsgId: MMSG-13876]
EmployeeBeginCoverage.c(99): Notify: Parameter Substitution: parameter "EmpHireDate" =  "01/01/2015"	[MsgId: MMSG-13992]
EmployeeBeginCoverage.c(99): Notify: Parameter Substitution: parameter "CovgStartDate" =  "11/01/2015"	[MsgId: MMSG-13992]
EmployeeBeginCoverage.c(99): Notify: Parameter Substitution: parameter "EmployeeID" =  "55da3cb769702d773bf32400"	[MsgId: MMSG-13992]
EmployeeBeginCoverage.c(99): Redirecting "http://enroll_uat.dchbx.org/consumer/employee" (redirection depth is 0)  	[MsgId: MMSG-26694]
EmployeeBeginCoverage.c(99): To location "http://enroll_uat.dchbx.org/consumer/employee/55da411f69702d4d97c72500/edit"  	[MsgId: MMSG-26693]
EmployeeBeginCoverage.c(99): Notify: Saving Parameter "employee_role_id = 55da411f69702d4d97c72500".	[MsgId: MMSG-13798]
EmployeeBeginCoverage.c(99): Notify: Saving Parameter "Employee_Role_ID = 55da411f69702d4d97c72500".	[MsgId: MMSG-13798]
EmployeeBeginCoverage.c(99): Error -26612: HTTP Status-Code=500 (Internal Server Error) for "http://enroll_uat.dchbx.org/consumer/employee/55da411f69702d4d97c72500/edit", Snapshot Info [MSH 1 19]  	[MsgId: MERR-26612]
End auto log messages stack.	[MsgId: MMSG-10544]


Start auto log messages stack - Iteration 5.	[MsgId: MMSG-10545]
EmployeeCreateAccount.c(27): Registered web_reg_find successful for "Text=Your account has been created"  	[MsgId: MMSG-26362]
EmployeeCreateAccount.c(27): Notify: Saving Parameter "AccountCreated = 0".	[MsgId: MMSG-13798]
EmployeeCreateAccount.c(27): web_submit_data("users") was successful, 21083 body bytes, 485 header bytes  	[MsgId: MMSG-26386]
EmployeeCreateAccount.c(46): Notify: Parameter Substitution: parameter "AccountCreated" =  "0"	[MsgId: MMSG-13992]
EmployeeCreateAccount.c(52): Notify: Transaction "EMPLYE_0004_Create_Account_Submit" ended with a "Fail" status (Duration: 0.3902 Wasted Time: 0.0001).	[MsgId: MMSG-16871]
EmployeeCreateAccount.c(52): Notify: Transaction "EMPLYE_0004_Create_Account_Submit" has 0 error message(s).	[MsgId: MMSG-16818]
EmployeeCreateAccount.c(53): Notify: Next row for parameter EmpWorkEmail = 3755 [table  = EmpWorkEmail].	[MsgId: MMSG-13876]
EmployeeCreateAccount.c(53): Notify: Parameter Substitution: parameter "EmpWorkEmail" =  "BZ4116-88-4765@test.com"	[MsgId: MMSG-13992]
EmployeeCreateAccount.c(53): Error: Failed to create account for BZ4116-88-4765@test.com	[MsgId: MERR-17999]
End auto log messages stack.	[MsgId: MMSG-10544]


Start auto log messages stack - Iteration 6.	[MsgId: MMSG-10545]
EmployeeCreateAccount.c(27): Registered web_reg_find successful for "Text=Your account has been created"  	[MsgId: MMSG-26362]
EmployeeCreateAccount.c(27): Notify: Saving Parameter "AccountCreated = 0".	[MsgId: MMSG-13798]
EmployeeCreateAccount.c(27): web_submit_data("users") was successful, 10746 body bytes, 485 header bytes  	[MsgId: MMSG-26386]
EmployeeCreateAccount.c(46): Notify: Parameter Substitution: parameter "AccountCreated" =  "0"	[MsgId: MMSG-13992]
EmployeeCreateAccount.c(52): Notify: Transaction "EMPLYE_0004_Create_Account_Submit" ended with a "Fail" status (Duration: 0.5320 Wasted Time: 0.0000).	[MsgId: MMSG-16871]
EmployeeCreateAccount.c(52): Notify: Transaction "EMPLYE_0004_Create_Account_Submit" has 0 error message(s).	[MsgId: MMSG-16818]
EmployeeCreateAccount.c(53): Notify: Next row for parameter EmpWorkEmail = 1806 [table  = EmpWorkEmail].	[MsgId: MMSG-13876]
EmployeeCreateAccount.c(53): Notify: Parameter Substitution: parameter "EmpWorkEmail" =  "BZ4310-80-2634@test.com"	[MsgId: MMSG-13992]
EmployeeCreateAccount.c(53): Error: Failed to create account for BZ4310-80-2634@test.com	[MsgId: MERR-17999]
End auto log messages stack.	[MsgId: MMSG-10544]


Start auto log messages stack - Iteration 6.	[MsgId: MMSG-10545]
EmployeeCreateAccount.c(27): Registered web_reg_find successful for "Text=Your account has been created"  	[MsgId: MMSG-26362]
EmployeeCreateAccount.c(27): Notify: Saving Parameter "AccountCreated = 0".	[MsgId: MMSG-13798]
EmployeeCreateAccount.c(27): web_submit_data("users") was successful, 10746 body bytes, 485 header bytes  	[MsgId: MMSG-26386]
EmployeeCreateAccount.c(46): Notify: Parameter Substitution: parameter "AccountCreated" =  "0"	[MsgId: MMSG-13992]
EmployeeCreateAccount.c(52): Notify: Transaction "EMPLYE_0004_Create_Account_Submit" ended with a "Fail" status (Duration: 0.9038 Wasted Time: 0.0001).	[MsgId: MMSG-16871]
EmployeeCreateAccount.c(52): Notify: Transaction "EMPLYE_0004_Create_Account_Submit" has 0 error message(s).	[MsgId: MMSG-16818]
EmployeeCreateAccount.c(53): Notify: Next row for parameter EmpWorkEmail = 3756 [table  = EmpWorkEmail].	[MsgId: MMSG-13876]
EmployeeCreateAccount.c(53): Notify: Parameter Substitution: parameter "EmpWorkEmail" =  "BZ4116-88-4765@test.com"	[MsgId: MMSG-13992]
EmployeeCreateAccount.c(53): Error: Failed to create account for BZ4116-88-4765@test.com	[MsgId: MERR-17999]
End auto log messages stack.	[MsgId: MMSG-10544]


Start auto log messages stack - Iteration 2.	[MsgId: MMSG-10545]
EmployeeCreateAccount.c(27): Registered web_reg_find successful for "Text=Your account has been created"  	[MsgId: MMSG-26362]
EmployeeCreateAccount.c(27): Notify: Saving Parameter "AccountCreated = 0".	[MsgId: MMSG-13798]
EmployeeCreateAccount.c(27): web_submit_data("users") was successful, 21083 body bytes, 485 header bytes  	[MsgId: MMSG-26386]
EmployeeCreateAccount.c(46): Notify: Parameter Substitution: parameter "AccountCreated" =  "0"	[MsgId: MMSG-13992]
EmployeeCreateAccount.c(52): Notify: Transaction "EMPLYE_0004_Create_Account_Submit" ended with a "Fail" status (Duration: 0.7691 Wasted Time: 0.0001).	[MsgId: MMSG-16871]
EmployeeCreateAccount.c(52): Notify: Transaction "EMPLYE_0004_Create_Account_Submit" has 0 error message(s).	[MsgId: MMSG-16818]
EmployeeCreateAccount.c(53): Notify: Next row for parameter EmpWorkEmail = 6152 [table  = EmpWorkEmail].	[MsgId: MMSG-13876]
EmployeeCreateAccount.c(53): Notify: Parameter Substitution: parameter "EmpWorkEmail" =  "BZ4313-83-5433@test.com"	[MsgId: MMSG-13992]
EmployeeCreateAccount.c(53): Error: Failed to create account for BZ4313-83-5433@test.com	[MsgId: MERR-17999]
End auto log messages stack.	[MsgId: MMSG-10544]


Start auto log messages stack - Iteration 5.	[MsgId: MMSG-10545]
EmployeeCreateAccount.c(27): Registered web_reg_find successful for "Text=Your account has been created"  	[MsgId: MMSG-26362]
EmployeeCreateAccount.c(27): Notify: Saving Parameter "AccountCreated = 0".	[MsgId: MMSG-13798]
EmployeeCreateAccount.c(27): web_submit_data("users") was successful, 10746 body bytes, 485 header bytes  	[MsgId: MMSG-26386]
EmployeeCreateAccount.c(46): Notify: Parameter Substitution: parameter "AccountCreated" =  "0"	[MsgId: MMSG-13992]
EmployeeCreateAccount.c(52): Notify: Transaction "EMPLYE_0004_Create_Account_Submit" ended with a "Fail" status (Duration: 0.8208 Wasted Time: 0.0000).	[MsgId: MMSG-16871]
EmployeeCreateAccount.c(52): Notify: Transaction "EMPLYE_0004_Create_Account_Submit" has 0 error message(s).	[MsgId: MMSG-16818]
EmployeeCreateAccount.c(53): Notify: Next row for parameter EmpWorkEmail = 3305 [table  = EmpWorkEmail].	[MsgId: MMSG-13876]
EmployeeCreateAccount.c(53): Notify: Parameter Substitution: parameter "EmpWorkEmail" =  "BZ4649-53-6390@test.com"	[MsgId: MMSG-13992]
EmployeeCreateAccount.c(53): Error: Failed to create account for BZ4649-53-6390@test.com	[MsgId: MERR-17999]
End auto log messages stack.	[MsgId: MMSG-10544]


Start auto log messages stack - Iteration 7.	[MsgId: MMSG-10545]
EmployeeBeginCoverage.c(99): Notify: Parameter Substitution: parameter "EmpSEX" =  "FEMALE"	[MsgId: MMSG-13992]
EmployeeBeginCoverage.c(99): Notify: Next row for parameter EmpHireDate = 3757 [table  = EmpHireDate].	[MsgId: MMSG-13876]
EmployeeBeginCoverage.c(99): Notify: Parameter Substitution: parameter "EmpHireDate" =  "01/01/2015"	[MsgId: MMSG-13992]
EmployeeBeginCoverage.c(99): Notify: Parameter Substitution: parameter "CovgStartDate" =  "11/01/2015"	[MsgId: MMSG-13992]
EmployeeBeginCoverage.c(99): Notify: Parameter Substitution: parameter "EmployeeID" =  "55da397a69702d7759af2200"	[MsgId: MMSG-13992]
EmployeeBeginCoverage.c(99): Redirecting "http://enroll_uat.dchbx.org/consumer/employee" (redirection depth is 0)  	[MsgId: MMSG-26694]
EmployeeBeginCoverage.c(99): To location "http://enroll_uat.dchbx.org/consumer/employee/55da413d69702d7759382500/edit"  	[MsgId: MMSG-26693]
EmployeeBeginCoverage.c(99): Notify: Saving Parameter "employee_role_id = 55da413d69702d7759382500".	[MsgId: MMSG-13798]
EmployeeBeginCoverage.c(99): Notify: Saving Parameter "Employee_Role_ID = 55da413d69702d7759382500".	[MsgId: MMSG-13798]
EmployeeBeginCoverage.c(99): Error -26612: HTTP Status-Code=500 (Internal Server Error) for "http://enroll_uat.dchbx.org/consumer/employee/55da413d69702d7759382500/edit", Snapshot Info [MSH 7 19]  	[MsgId: MERR-26612]
End auto log messages stack.	[MsgId: MMSG-10544]


Start auto log messages stack - Iteration 9.	[MsgId: MMSG-10545]
EmployeeBeginCoverage.c(99): Notify: Parameter Substitution: parameter "EmpSEX" =  "FEMALE"	[MsgId: MMSG-13992]
EmployeeBeginCoverage.c(99): Notify: Next row for parameter EmpHireDate = 459 [table  = EmpHireDate].	[MsgId: MMSG-13876]
EmployeeBeginCoverage.c(99): Notify: Parameter Substitution: parameter "EmpHireDate" =  "01/01/2015"	[MsgId: MMSG-13992]
EmployeeBeginCoverage.c(99): Notify: Parameter Substitution: parameter "CovgStartDate" =  "11/01/2015"	[MsgId: MMSG-13992]
EmployeeBeginCoverage.c(99): Notify: Parameter Substitution: parameter "EmployeeID" =  "55da323069702d773d472200"	[MsgId: MMSG-13992]
EmployeeBeginCoverage.c(99): Redirecting "http://enroll_uat.dchbx.org/consumer/employee" (redirection depth is 0)  	[MsgId: MMSG-26694]
EmployeeBeginCoverage.c(99): To location "http://enroll_uat.dchbx.org/consumer/employee/55da414369702d774d7a2400/edit"  	[MsgId: MMSG-26693]
EmployeeBeginCoverage.c(99): Notify: Saving Parameter "employee_role_id = 55da414369702d774d7a2400".	[MsgId: MMSG-13798]
EmployeeBeginCoverage.c(99): Notify: Saving Parameter "Employee_Role_ID = 55da414369702d774d7a2400".	[MsgId: MMSG-13798]
EmployeeBeginCoverage.c(99): Error -26612: HTTP Status-Code=500 (Internal Server Error) for "http://enroll_uat.dchbx.org/consumer/employee/55da414369702d774d7a2400/edit", Snapshot Info [MSH 9 19]  	[MsgId: MERR-26612]
End auto log messages stack.	[MsgId: MMSG-10544]


Start auto log messages stack - Iteration 6.	[MsgId: MMSG-10545]
EmployeeCreateAccount.c(27): Registered web_reg_find successful for "Text=Your account has been created"  	[MsgId: MMSG-26362]
EmployeeCreateAccount.c(27): Notify: Saving Parameter "AccountCreated = 0".	[MsgId: MMSG-13798]
EmployeeCreateAccount.c(27): web_submit_data("users") was successful, 21083 body bytes, 485 header bytes  	[MsgId: MMSG-26386]
EmployeeCreateAccount.c(46): Notify: Parameter Substitution: parameter "AccountCreated" =  "0"	[MsgId: MMSG-13992]
EmployeeCreateAccount.c(52): Notify: Transaction "EMPLYE_0004_Create_Account_Submit" ended with a "Fail" status (Duration: 0.7362 Wasted Time: 0.0001).	[MsgId: MMSG-16871]
EmployeeCreateAccount.c(52): Notify: Transaction "EMPLYE_0004_Create_Account_Submit" has 0 error message(s).	[MsgId: MMSG-16818]
EmployeeCreateAccount.c(53): Notify: Next row for parameter EmpWorkEmail = 2106 [table  = EmpWorkEmail].	[MsgId: MMSG-13876]
EmployeeCreateAccount.c(53): Notify: Parameter Substitution: parameter "EmpWorkEmail" =  "BZ4793-14-4465@test.com"	[MsgId: MMSG-13992]
EmployeeCreateAccount.c(53): Error: Failed to create account for BZ4793-14-4465@test.com	[MsgId: MERR-17999]
End auto log messages stack.	[MsgId: MMSG-10544]


Start auto log messages stack - Iteration 10.	[MsgId: MMSG-10545]
EmployeeCreateAccount.c(27): Registered web_reg_find successful for "Text=Your account has been created"  	[MsgId: MMSG-26362]
EmployeeCreateAccount.c(27): Notify: Saving Parameter "AccountCreated = 0".	[MsgId: MMSG-13798]
EmployeeCreateAccount.c(27): web_submit_data("users") was successful, 21083 body bytes, 485 header bytes  	[MsgId: MMSG-26386]
EmployeeCreateAccount.c(46): Notify: Parameter Substitution: parameter "AccountCreated" =  "0"	[MsgId: MMSG-13992]
EmployeeCreateAccount.c(52): Notify: Transaction "EMPLYE_0004_Create_Account_Submit" ended with a "Fail" status (Duration: 0.3759 Wasted Time: 0.0001).	[MsgId: MMSG-16871]
EmployeeCreateAccount.c(52): Notify: Transaction "EMPLYE_0004_Create_Account_Submit" has 0 error message(s).	[MsgId: MMSG-16818]
EmployeeCreateAccount.c(53): Notify: Next row for parameter EmpWorkEmail = 460 [table  = EmpWorkEmail].	[MsgId: MMSG-13876]
EmployeeCreateAccount.c(53): Notify: Parameter Substitution: parameter "EmpWorkEmail" =  "BZ4630-72-5941@test.com"	[MsgId: MMSG-13992]
EmployeeCreateAccount.c(53): Error: Failed to create account for BZ4630-72-5941@test.com	[MsgId: MERR-17999]
End auto log messages stack.	[MsgId: MMSG-10544]


Start auto log messages stack - Iteration 2.	[MsgId: MMSG-10545]
EmployeeCreateAccount.c(27): Registered web_reg_find successful for "Text=Your account has been created"  	[MsgId: MMSG-26362]
EmployeeCreateAccount.c(27): Notify: Saving Parameter "AccountCreated = 0".	[MsgId: MMSG-13798]
EmployeeCreateAccount.c(27): web_submit_data("users") was successful, 21083 body bytes, 485 header bytes  	[MsgId: MMSG-26386]
EmployeeCreateAccount.c(46): Notify: Parameter Substitution: parameter "AccountCreated" =  "0"	[MsgId: MMSG-13992]
EmployeeCreateAccount.c(52): Notify: Transaction "EMPLYE_0004_Create_Account_Submit" ended with a "Fail" status (Duration: 0.4569 Wasted Time: 0.0001).	[MsgId: MMSG-16871]
EmployeeCreateAccount.c(52): Notify: Transaction "EMPLYE_0004_Create_Account_Submit" has 0 error message(s).	[MsgId: MMSG-16818]
EmployeeCreateAccount.c(53): Notify: Next row for parameter EmpWorkEmail = 6752 [table  = EmpWorkEmail].	[MsgId: MMSG-13876]
EmployeeCreateAccount.c(53): Notify: Parameter Substitution: parameter "EmpWorkEmail" =  "BZ4307-70-3758@test.com"	[MsgId: MMSG-13992]
EmployeeCreateAccount.c(53): Error: Failed to create account for BZ4307-70-3758@test.com	[MsgId: MERR-17999]
End auto log messages stack.	[MsgId: MMSG-10544]


Start auto log messages stack - Iteration 3.	[MsgId: MMSG-10545]
EmployeeBeginCoverage.c(99): Notify: Parameter Substitution: parameter "EmpSEX" =  "FEMALE"	[MsgId: MMSG-13992]
EmployeeBeginCoverage.c(99): Notify: Next row for parameter EmpHireDate = 5553 [table  = EmpHireDate].	[MsgId: MMSG-13876]
EmployeeBeginCoverage.c(99): Notify: Parameter Substitution: parameter "EmpHireDate" =  "01/01/2015"	[MsgId: MMSG-13992]
EmployeeBeginCoverage.c(99): Notify: Parameter Substitution: parameter "CovgStartDate" =  "11/01/2015"	[MsgId: MMSG-13992]
EmployeeBeginCoverage.c(99): Notify: Parameter Substitution: parameter "EmployeeID" =  "55da3b3e69702d4dd7eb2300"	[MsgId: MMSG-13992]
EmployeeBeginCoverage.c(99): Redirecting "http://enroll_uat.dchbx.org/consumer/employee" (redirection depth is 0)  	[MsgId: MMSG-26694]
EmployeeBeginCoverage.c(99): To location "http://enroll_uat.dchbx.org/consumer/employee/55da416169702d7744112500/edit"  	[MsgId: MMSG-26693]
EmployeeBeginCoverage.c(99): Notify: Saving Parameter "employee_role_id = 55da416169702d7744112500".	[MsgId: MMSG-13798]
EmployeeBeginCoverage.c(99): Notify: Saving Parameter "Employee_Role_ID = 55da416169702d7744112500".	[MsgId: MMSG-13798]
EmployeeBeginCoverage.c(99): Error -26612: HTTP Status-Code=500 (Internal Server Error) for "http://enroll_uat.dchbx.org/consumer/employee/55da416169702d7744112500/edit", Snapshot Info [MSH 3 19]  	[MsgId: MERR-26612]
End auto log messages stack.	[MsgId: MMSG-10544]


Start auto log messages stack - Iteration 7.	[MsgId: MMSG-10545]
EmployeeCreateAccount.c(27): Registered web_reg_find successful for "Text=Your account has been created"  	[MsgId: MMSG-26362]
EmployeeCreateAccount.c(27): Notify: Saving Parameter "AccountCreated = 0".	[MsgId: MMSG-13798]
EmployeeCreateAccount.c(27): web_submit_data("users") was successful, 21083 body bytes, 485 header bytes  	[MsgId: MMSG-26386]
EmployeeCreateAccount.c(46): Notify: Parameter Substitution: parameter "AccountCreated" =  "0"	[MsgId: MMSG-13992]
EmployeeCreateAccount.c(52): Notify: Transaction "EMPLYE_0004_Create_Account_Submit" ended with a "Fail" status (Duration: 1.1438 Wasted Time: 0.0012).	[MsgId: MMSG-16871]
EmployeeCreateAccount.c(52): Notify: Transaction "EMPLYE_0004_Create_Account_Submit" has 0 error message(s).	[MsgId: MMSG-16818]
EmployeeCreateAccount.c(53): Notify: Next row for parameter EmpWorkEmail = 3157 [table  = EmpWorkEmail].	[MsgId: MMSG-13876]
EmployeeCreateAccount.c(53): Notify: Parameter Substitution: parameter "EmpWorkEmail" =  "BZ4142-85-5860@test.com"	[MsgId: MMSG-13992]
EmployeeCreateAccount.c(53): Error: Failed to create account for BZ4142-85-5860@test.com	[MsgId: MERR-17999]
End auto log messages stack.	[MsgId: MMSG-10544]


Start auto log messages stack - Iteration 8.	[MsgId: MMSG-10545]
EmployeeBeginCoverage.c(99): Notify: Parameter Substitution: parameter "EmpSEX" =  "FEMALE"	[MsgId: MMSG-13992]
EmployeeBeginCoverage.c(99): Notify: Next row for parameter EmpHireDate = 2708 [table  = EmpHireDate].	[MsgId: MMSG-13876]
EmployeeBeginCoverage.c(99): Notify: Parameter Substitution: parameter "EmpHireDate" =  "01/01/2015"	[MsgId: MMSG-13992]
EmployeeBeginCoverage.c(99): Notify: Parameter Substitution: parameter "CovgStartDate" =  "11/01/2015"	[MsgId: MMSG-13992]
EmployeeBeginCoverage.c(99): Notify: Parameter Substitution: parameter "EmployeeID" =  "55da383d69702d7747362200"	[MsgId: MMSG-13992]
EmployeeBeginCoverage.c(99): Redirecting "http://enroll_uat.dchbx.org/consumer/employee" (redirection depth is 0)  	[MsgId: MMSG-26694]
EmployeeBeginCoverage.c(99): To location "http://enroll_uat.dchbx.org/consumer/employee/55da416d69702d4dc9122a00/edit"  	[MsgId: MMSG-26693]
EmployeeBeginCoverage.c(99): Notify: Saving Parameter "employee_role_id = 55da416d69702d4dc9122a00".	[MsgId: MMSG-13798]
EmployeeBeginCoverage.c(99): Notify: Saving Parameter "Employee_Role_ID = 55da416d69702d4dc9122a00".	[MsgId: MMSG-13798]
EmployeeBeginCoverage.c(99): Error -26612: HTTP Status-Code=500 (Internal Server Error) for "http://enroll_uat.dchbx.org/consumer/employee/55da416d69702d4dc9122a00/edit", Snapshot Info [MSH 8 19]  	[MsgId: MERR-26612]
End auto log messages stack.	[MsgId: MMSG-10544]


Start auto log messages stack - Iteration 8.	[MsgId: MMSG-10545]
EmployeeCreateAccount.c(27): Registered web_reg_find successful for "Text=Your account has been created"  	[MsgId: MMSG-26362]
EmployeeCreateAccount.c(27): Notify: Saving Parameter "AccountCreated = 0".	[MsgId: MMSG-13798]
EmployeeCreateAccount.c(27): web_submit_data("users") was successful, 21083 body bytes, 485 header bytes  	[MsgId: MMSG-26386]
EmployeeCreateAccount.c(46): Notify: Parameter Substitution: parameter "AccountCreated" =  "0"	[MsgId: MMSG-13992]
EmployeeCreateAccount.c(52): Notify: Transaction "EMPLYE_0004_Create_Account_Submit" ended with a "Fail" status (Duration: 1.0367 Wasted Time: 0.0001).	[MsgId: MMSG-16871]
EmployeeCreateAccount.c(52): Notify: Transaction "EMPLYE_0004_Create_Account_Submit" has 0 error message(s).	[MsgId: MMSG-16818]
EmployeeCreateAccount.c(53): Notify: Next row for parameter EmpWorkEmail = 1208 [table  = EmpWorkEmail].	[MsgId: MMSG-13876]
EmployeeCreateAccount.c(53): Notify: Parameter Substitution: parameter "EmpWorkEmail" =  "BZ4191-30-3177@test.com"	[MsgId: MMSG-13992]
EmployeeCreateAccount.c(53): Error: Failed to create account for BZ4191-30-3177@test.com	[MsgId: MERR-17999]
End auto log messages stack.	[MsgId: MMSG-10544]


Start auto log messages stack - Iteration 6.	[MsgId: MMSG-10545]
EmployeeCreateAccount.c(27): Registered web_reg_find successful for "Text=Your account has been created"  	[MsgId: MMSG-26362]
EmployeeCreateAccount.c(27): Notify: Saving Parameter "AccountCreated = 0".	[MsgId: MMSG-13798]
EmployeeCreateAccount.c(27): web_submit_data("users") was successful, 21083 body bytes, 485 header bytes  	[MsgId: MMSG-26386]
EmployeeCreateAccount.c(46): Notify: Parameter Substitution: parameter "AccountCreated" =  "0"	[MsgId: MMSG-13992]
EmployeeCreateAccount.c(52): Notify: Transaction "EMPLYE_0004_Create_Account_Submit" ended with a "Fail" status (Duration: 0.5122 Wasted Time: 0.0001).	[MsgId: MMSG-16871]
EmployeeCreateAccount.c(52): Notify: Transaction "EMPLYE_0004_Create_Account_Submit" has 0 error message(s).	[MsgId: MMSG-16818]
EmployeeCreateAccount.c(53): Notify: Next row for parameter EmpWorkEmail = 3606 [table  = EmpWorkEmail].	[MsgId: MMSG-13876]
EmployeeCreateAccount.c(53): Notify: Parameter Substitution: parameter "EmpWorkEmail" =  "BZ4168-60-5515@test.com"	[MsgId: MMSG-13992]
EmployeeCreateAccount.c(53): Error: Failed to create account for BZ4168-60-5515@test.com	[MsgId: MERR-17999]
End auto log messages stack.	[MsgId: MMSG-10544]


Start auto log messages stack - Iteration 7.	[MsgId: MMSG-10545]
EmployeeCreateAccount.c(27): Registered web_reg_find successful for "Text=Your account has been created"  	[MsgId: MMSG-26362]
EmployeeCreateAccount.c(27): Notify: Saving Parameter "AccountCreated = 0".	[MsgId: MMSG-13798]
EmployeeCreateAccount.c(27): web_submit_data("users") was successful, 21083 body bytes, 485 header bytes  	[MsgId: MMSG-26386]
EmployeeCreateAccount.c(46): Notify: Parameter Substitution: parameter "AccountCreated" =  "0"	[MsgId: MMSG-13992]
EmployeeCreateAccount.c(52): Notify: Transaction "EMPLYE_0004_Create_Account_Submit" ended with a "Fail" status (Duration: 0.6097 Wasted Time: 0.0002).	[MsgId: MMSG-16871]
EmployeeCreateAccount.c(52): Notify: Transaction "EMPLYE_0004_Create_Account_Submit" has 0 error message(s).	[MsgId: MMSG-16818]
EmployeeCreateAccount.c(53): Notify: Next row for parameter EmpWorkEmail = 3607 [table  = EmpWorkEmail].	[MsgId: MMSG-13876]
EmployeeCreateAccount.c(53): Notify: Parameter Substitution: parameter "EmpWorkEmail" =  "BZ4168-60-5515@test.com"	[MsgId: MMSG-13992]
EmployeeCreateAccount.c(53): Error: Failed to create account for BZ4168-60-5515@test.com	[MsgId: MERR-17999]
End auto log messages stack.	[MsgId: MMSG-10544]


Start auto log messages stack - Iteration 9.	[MsgId: MMSG-10545]
EmployeeBeginCoverage.c(99): Notify: Parameter Substitution: parameter "EmpSEX" =  "FEMALE"	[MsgId: MMSG-13992]
EmployeeBeginCoverage.c(99): Notify: Next row for parameter EmpHireDate = 1209 [table  = EmpHireDate].	[MsgId: MMSG-13876]
EmployeeBeginCoverage.c(99): Notify: Parameter Substitution: parameter "EmpHireDate" =  "01/01/2015"	[MsgId: MMSG-13992]
EmployeeBeginCoverage.c(99): Notify: Parameter Substitution: parameter "CovgStartDate" =  "11/01/2015"	[MsgId: MMSG-13992]
EmployeeBeginCoverage.c(99): Notify: Parameter Substitution: parameter "EmployeeID" =  "55da33e469702d4d8e1b2100"	[MsgId: MMSG-13992]
EmployeeBeginCoverage.c(99): Redirecting "http://enroll_uat.dchbx.org/consumer/employee" (redirection depth is 0)  	[MsgId: MMSG-26694]
EmployeeBeginCoverage.c(99): To location "http://enroll_uat.dchbx.org/consumer/employee/55da418c69702d7738532400/edit"  	[MsgId: MMSG-26693]
EmployeeBeginCoverage.c(99): Notify: Saving Parameter "employee_role_id = 55da418c69702d7738532400".	[MsgId: MMSG-13798]
EmployeeBeginCoverage.c(99): Notify: Saving Parameter "Employee_Role_ID = 55da418c69702d7738532400".	[MsgId: MMSG-13798]
EmployeeBeginCoverage.c(99): Error -26612: HTTP Status-Code=500 (Internal Server Error) for "http://enroll_uat.dchbx.org/consumer/employee/55da418c69702d7738532400/edit", Snapshot Info [MSH 9 19]  	[MsgId: MERR-26612]
End auto log messages stack.	[MsgId: MMSG-10544]


Start auto log messages stack - Iteration 10.	[MsgId: MMSG-10545]
EmployeeCreateAccount.c(27): Registered web_reg_find successful for "Text=Your account has been created"  	[MsgId: MMSG-26362]
EmployeeCreateAccount.c(27): Notify: Saving Parameter "AccountCreated = 0".	[MsgId: MMSG-13798]
EmployeeCreateAccount.c(27): web_submit_data("users") was successful, 10746 body bytes, 485 header bytes  	[MsgId: MMSG-26386]
EmployeeCreateAccount.c(46): Notify: Parameter Substitution: parameter "AccountCreated" =  "0"	[MsgId: MMSG-13992]
EmployeeCreateAccount.c(52): Notify: Transaction "EMPLYE_0004_Create_Account_Submit" ended with a "Fail" status (Duration: 0.8392 Wasted Time: 0.0000).	[MsgId: MMSG-16871]
EmployeeCreateAccount.c(52): Notify: Transaction "EMPLYE_0004_Create_Account_Submit" has 0 error message(s).	[MsgId: MMSG-16818]
EmployeeCreateAccount.c(53): Notify: Next row for parameter EmpWorkEmail = 1210 [table  = EmpWorkEmail].	[MsgId: MMSG-13876]
EmployeeCreateAccount.c(53): Notify: Parameter Substitution: parameter "EmpWorkEmail" =  "BZ4300-17-2283@test.com"	[MsgId: MMSG-13992]
EmployeeCreateAccount.c(53): Error: Failed to create account for BZ4300-17-2283@test.com	[MsgId: MERR-17999]
End auto log messages stack.	[MsgId: MMSG-10544]


Start auto log messages stack - Iteration 7.	[MsgId: MMSG-10545]
EmployeeCreateAccount.c(27): Registered web_reg_find successful for "Text=Your account has been created"  	[MsgId: MMSG-26362]
EmployeeCreateAccount.c(27): Notify: Saving Parameter "AccountCreated = 0".	[MsgId: MMSG-13798]
EmployeeCreateAccount.c(27): web_submit_data("users") was successful, 21083 body bytes, 485 header bytes  	[MsgId: MMSG-26386]
EmployeeCreateAccount.c(46): Notify: Parameter Substitution: parameter "AccountCreated" =  "0"	[MsgId: MMSG-13992]
EmployeeCreateAccount.c(52): Notify: Transaction "EMPLYE_0004_Create_Account_Submit" ended with a "Fail" status (Duration: 1.0815 Wasted Time: 0.0001).	[MsgId: MMSG-16871]
EmployeeCreateAccount.c(52): Notify: Transaction "EMPLYE_0004_Create_Account_Submit" has 0 error message(s).	[MsgId: MMSG-16818]
EmployeeCreateAccount.c(53): Notify: Next row for parameter EmpWorkEmail = 3007 [table  = EmpWorkEmail].	[MsgId: MMSG-13876]
EmployeeCreateAccount.c(53): Notify: Parameter Substitution: parameter "EmpWorkEmail" =  "BZ4300-99-6117@test.com"	[MsgId: MMSG-13992]
EmployeeCreateAccount.c(53): Error: Failed to create account for BZ4300-99-6117@test.com	[MsgId: MERR-17999]
End auto log messages stack.	[MsgId: MMSG-10544]


Start auto log messages stack - Iteration 3.	[MsgId: MMSG-10545]
EmployeeCreateAccount.c(27): Registered web_reg_find successful for "Text=Your account has been created"  	[MsgId: MMSG-26362]
EmployeeCreateAccount.c(27): Notify: Saving Parameter "AccountCreated = 0".	[MsgId: MMSG-13798]
EmployeeCreateAccount.c(27): web_submit_data("users") was successful, 10746 body bytes, 485 header bytes  	[MsgId: MMSG-26386]
EmployeeCreateAccount.c(46): Notify: Parameter Substitution: parameter "AccountCreated" =  "0"	[MsgId: MMSG-13992]
EmployeeCreateAccount.c(52): Notify: Transaction "EMPLYE_0004_Create_Account_Submit" ended with a "Fail" status (Duration: 0.6522 Wasted Time: 0.0000).	[MsgId: MMSG-16871]
EmployeeCreateAccount.c(52): Notify: Transaction "EMPLYE_0004_Create_Account_Submit" has 0 error message(s).	[MsgId: MMSG-16818]
EmployeeCreateAccount.c(53): Notify: Next row for parameter EmpWorkEmail = 6303 [table  = EmpWorkEmail].	[MsgId: MMSG-13876]
EmployeeCreateAccount.c(53): Notify: Parameter Substitution: parameter "EmpWorkEmail" =  "BZ4517-94-9448@test.com"	[MsgId: MMSG-13992]
EmployeeCreateAccount.c(53): Error: Failed to create account for BZ4517-94-9448@test.com	[MsgId: MERR-17999]
End auto log messages stack.	[MsgId: MMSG-10544]


Start auto log messages stack - Iteration 11.	[MsgId: MMSG-10545]
EmployeeCreateAccount.c(27): Registered web_reg_find successful for "Text=Your account has been created"  	[MsgId: MMSG-26362]
EmployeeCreateAccount.c(27): Notify: Saving Parameter "AccountCreated = 0".	[MsgId: MMSG-13798]
EmployeeCreateAccount.c(27): web_submit_data("users") was successful, 21083 body bytes, 485 header bytes  	[MsgId: MMSG-26386]
EmployeeCreateAccount.c(46): Notify: Parameter Substitution: parameter "AccountCreated" =  "0"	[MsgId: MMSG-13992]
EmployeeCreateAccount.c(52): Notify: Transaction "EMPLYE_0004_Create_Account_Submit" ended with a "Fail" status (Duration: 0.6990 Wasted Time: 0.0001).	[MsgId: MMSG-16871]
EmployeeCreateAccount.c(52): Notify: Transaction "EMPLYE_0004_Create_Account_Submit" has 0 error message(s).	[MsgId: MMSG-16818]
EmployeeCreateAccount.c(53): Notify: Next row for parameter EmpWorkEmail = 1211 [table  = EmpWorkEmail].	[MsgId: MMSG-13876]
EmployeeCreateAccount.c(53): Notify: Parameter Substitution: parameter "EmpWorkEmail" =  "BZ4300-17-2283@test.com"	[MsgId: MMSG-13992]
EmployeeCreateAccount.c(53): Error: Failed to create account for BZ4300-17-2283@test.com	[MsgId: MERR-17999]
End auto log messages stack.	[MsgId: MMSG-10544]


Start auto log messages stack - Iteration 8.	[MsgId: MMSG-10545]
EmployeeCreateAccount.c(27): Registered web_reg_find successful for "Text=Your account has been created"  	[MsgId: MMSG-26362]
EmployeeCreateAccount.c(27): Notify: Saving Parameter "AccountCreated = 0".	[MsgId: MMSG-13798]
EmployeeCreateAccount.c(27): web_submit_data("users") was successful, 21083 body bytes, 485 header bytes  	[MsgId: MMSG-26386]
EmployeeCreateAccount.c(46): Notify: Parameter Substitution: parameter "AccountCreated" =  "0"	[MsgId: MMSG-13992]
EmployeeCreateAccount.c(52): Notify: Transaction "EMPLYE_0004_Create_Account_Submit" ended with a "Fail" status (Duration: 0.8093 Wasted Time: 0.0001).	[MsgId: MMSG-16871]
EmployeeCreateAccount.c(52): Notify: Transaction "EMPLYE_0004_Create_Account_Submit" has 0 error message(s).	[MsgId: MMSG-16818]
EmployeeCreateAccount.c(53): Notify: Next row for parameter EmpWorkEmail = 1808 [table  = EmpWorkEmail].	[MsgId: MMSG-13876]
EmployeeCreateAccount.c(53): Notify: Parameter Substitution: parameter "EmpWorkEmail" =  "BZ4310-80-2634@test.com"	[MsgId: MMSG-13992]
EmployeeCreateAccount.c(53): Error: Failed to create account for BZ4310-80-2634@test.com	[MsgId: MERR-17999]
End auto log messages stack.	[MsgId: MMSG-10544]


Start auto log messages stack - Iteration 5.	[MsgId: MMSG-10545]
EmployeeCreateAccount.c(27): Registered web_reg_find successful for "Text=Your account has been created"  	[MsgId: MMSG-26362]
EmployeeCreateAccount.c(27): Notify: Saving Parameter "AccountCreated = 0".	[MsgId: MMSG-13798]
EmployeeCreateAccount.c(27): web_submit_data("users") was successful, 21083 body bytes, 485 header bytes  	[MsgId: MMSG-26386]
EmployeeCreateAccount.c(46): Notify: Parameter Substitution: parameter "AccountCreated" =  "0"	[MsgId: MMSG-13992]
EmployeeCreateAccount.c(52): Notify: Transaction "EMPLYE_0004_Create_Account_Submit" ended with a "Fail" status (Duration: 0.5093 Wasted Time: 0.0001).	[MsgId: MMSG-16871]
EmployeeCreateAccount.c(52): Notify: Transaction "EMPLYE_0004_Create_Account_Submit" has 0 error message(s).	[MsgId: MMSG-16818]
EmployeeCreateAccount.c(53): Notify: Next row for parameter EmpWorkEmail = 4055 [table  = EmpWorkEmail].	[MsgId: MMSG-13876]
EmployeeCreateAccount.c(53): Notify: Parameter Substitution: parameter "EmpWorkEmail" =  "BZ4733-56-8092@test.com"	[MsgId: MMSG-13992]
EmployeeCreateAccount.c(53): Error: Failed to create account for BZ4733-56-8092@test.com	[MsgId: MERR-17999]
End auto log messages stack.	[MsgId: MMSG-10544]


Start auto log messages stack - Iteration 6.	[MsgId: MMSG-10545]
EmployeeCreateAccount.c(27): Registered web_reg_find successful for "Text=Your account has been created"  	[MsgId: MMSG-26362]
EmployeeCreateAccount.c(27): Notify: Saving Parameter "AccountCreated = 0".	[MsgId: MMSG-13798]
EmployeeCreateAccount.c(27): web_submit_data("users") was successful, 21083 body bytes, 485 header bytes  	[MsgId: MMSG-26386]
EmployeeCreateAccount.c(46): Notify: Parameter Substitution: parameter "AccountCreated" =  "0"	[MsgId: MMSG-13992]
EmployeeCreateAccount.c(52): Notify: Transaction "EMPLYE_0004_Create_Account_Submit" ended with a "Fail" status (Duration: 0.6845 Wasted Time: 0.0001).	[MsgId: MMSG-16871]
EmployeeCreateAccount.c(52): Notify: Transaction "EMPLYE_0004_Create_Account_Submit" has 0 error message(s).	[MsgId: MMSG-16818]
EmployeeCreateAccount.c(53): Notify: Next row for parameter EmpWorkEmail = 3906 [table  = EmpWorkEmail].	[MsgId: MMSG-13876]
EmployeeCreateAccount.c(53): Notify: Parameter Substitution: parameter "EmpWorkEmail" =  "BZ4964-92-6545@test.com"	[MsgId: MMSG-13992]
EmployeeCreateAccount.c(53): Error: Failed to create account for BZ4964-92-6545@test.com	[MsgId: MERR-17999]
End auto log messages stack.	[MsgId: MMSG-10544]


Start auto log messages stack - Iteration 7.	[MsgId: MMSG-10545]
EmployeeCreateAccount.c(27): Registered web_reg_find successful for "Text=Your account has been created"  	[MsgId: MMSG-26362]
EmployeeCreateAccount.c(27): Notify: Saving Parameter "AccountCreated = 0".	[MsgId: MMSG-13798]
EmployeeCreateAccount.c(27): web_submit_data("users") was successful, 21083 body bytes, 485 header bytes  	[MsgId: MMSG-26386]
EmployeeCreateAccount.c(46): Notify: Parameter Substitution: parameter "AccountCreated" =  "0"	[MsgId: MMSG-13992]
EmployeeCreateAccount.c(52): Notify: Transaction "EMPLYE_0004_Create_Account_Submit" ended with a "Fail" status (Duration: 0.5611 Wasted Time: 0.0001).	[MsgId: MMSG-16871]
EmployeeCreateAccount.c(52): Notify: Transaction "EMPLYE_0004_Create_Account_Submit" has 0 error message(s).	[MsgId: MMSG-16818]
EmployeeCreateAccount.c(53): Notify: Next row for parameter EmpWorkEmail = 3307 [table  = EmpWorkEmail].	[MsgId: MMSG-13876]
EmployeeCreateAccount.c(53): Notify: Parameter Substitution: parameter "EmpWorkEmail" =  "BZ4764-25-5824@test.com"	[MsgId: MMSG-13992]
EmployeeCreateAccount.c(53): Error: Failed to create account for BZ4764-25-5824@test.com	[MsgId: MERR-17999]
End auto log messages stack.	[MsgId: MMSG-10544]


Start auto log messages stack - Iteration 9.	[MsgId: MMSG-10545]
EmployeeCreateAccount.c(27): Registered web_reg_find successful for "Text=Your account has been created"  	[MsgId: MMSG-26362]
EmployeeCreateAccount.c(27): Notify: Saving Parameter "AccountCreated = 0".	[MsgId: MMSG-13798]
EmployeeCreateAccount.c(27): web_submit_data("users") was successful, 21083 body bytes, 485 header bytes  	[MsgId: MMSG-26386]
EmployeeCreateAccount.c(46): Notify: Parameter Substitution: parameter "AccountCreated" =  "0"	[MsgId: MMSG-13992]
EmployeeCreateAccount.c(52): Notify: Transaction "EMPLYE_0004_Create_Account_Submit" ended with a "Fail" status (Duration: 1.0195 Wasted Time: 0.0001).	[MsgId: MMSG-16871]
EmployeeCreateAccount.c(52): Notify: Transaction "EMPLYE_0004_Create_Account_Submit" has 0 error message(s).	[MsgId: MMSG-16818]
EmployeeCreateAccount.c(53): Notify: Next row for parameter EmpWorkEmail = 1809 [table  = EmpWorkEmail].	[MsgId: MMSG-13876]
EmployeeCreateAccount.c(53): Notify: Parameter Substitution: parameter "EmpWorkEmail" =  "BZ4310-80-2634@test.com"	[MsgId: MMSG-13992]
EmployeeCreateAccount.c(53): Error: Failed to create account for BZ4310-80-2634@test.com	[MsgId: MERR-17999]
End auto log messages stack.	[MsgId: MMSG-10544]


Start auto log messages stack - Iteration 4.	[MsgId: MMSG-10545]
EmployeeBeginCoverage.c(99): Notify: Parameter Substitution: parameter "EmpSEX" =  "FEMALE"	[MsgId: MMSG-13992]
EmployeeBeginCoverage.c(99): Notify: Next row for parameter EmpHireDate = 5404 [table  = EmpHireDate].	[MsgId: MMSG-13876]
EmployeeBeginCoverage.c(99): Notify: Parameter Substitution: parameter "EmpHireDate" =  "01/01/2015"	[MsgId: MMSG-13992]
EmployeeBeginCoverage.c(99): Notify: Parameter Substitution: parameter "CovgStartDate" =  "11/01/2015"	[MsgId: MMSG-13992]
EmployeeBeginCoverage.c(99): Notify: Parameter Substitution: parameter "EmployeeID" =  "55da3b0b69702d4ddbdd2400"	[MsgId: MMSG-13992]
EmployeeBeginCoverage.c(99): Redirecting "http://enroll_uat.dchbx.org/consumer/employee" (redirection depth is 0)  	[MsgId: MMSG-26694]
EmployeeBeginCoverage.c(99): To location "http://enroll_uat.dchbx.org/consumer/employee/55da41b769702d774d982400/edit"  	[MsgId: MMSG-26693]
EmployeeBeginCoverage.c(99): Notify: Saving Parameter "employee_role_id = 55da41b769702d774d982400".	[MsgId: MMSG-13798]
EmployeeBeginCoverage.c(99): Notify: Saving Parameter "Employee_Role_ID = 55da41b769702d774d982400".	[MsgId: MMSG-13798]
EmployeeBeginCoverage.c(99): Error -26612: HTTP Status-Code=500 (Internal Server Error) for "http://enroll_uat.dchbx.org/consumer/employee/55da41b769702d774d982400/edit", Snapshot Info [MSH 4 19]  	[MsgId: MERR-26612]
End auto log messages stack.	[MsgId: MMSG-10544]


Start auto log messages stack - Iteration 4.	[MsgId: MMSG-10545]
EmployeeBeginCoverage.c(99): Notify: Parameter Substitution: parameter "EmpSEX" =  "FEMALE"	[MsgId: MMSG-13992]
EmployeeBeginCoverage.c(99): Notify: Next row for parameter EmpHireDate = 5704 [table  = EmpHireDate].	[MsgId: MMSG-13876]
EmployeeBeginCoverage.c(99): Notify: Parameter Substitution: parameter "EmpHireDate" =  "01/01/2015"	[MsgId: MMSG-13992]
EmployeeBeginCoverage.c(99): Notify: Parameter Substitution: parameter "CovgStartDate" =  "11/01/2015"	[MsgId: MMSG-13992]
EmployeeBeginCoverage.c(99): Notify: Parameter Substitution: parameter "EmployeeID" =  "55da3b8669702d2ae2912200"	[MsgId: MMSG-13992]
EmployeeBeginCoverage.c(99): Redirecting "http://enroll_uat.dchbx.org/consumer/employee" (redirection depth is 0)  	[MsgId: MMSG-26694]
EmployeeBeginCoverage.c(99): To location "http://enroll_uat.dchbx.org/consumer/employee/55da41c569702d774f6d2500/edit"  	[MsgId: MMSG-26693]
EmployeeBeginCoverage.c(99): Notify: Saving Parameter "employee_role_id = 55da41c569702d774f6d2500".	[MsgId: MMSG-13798]
EmployeeBeginCoverage.c(99): Notify: Saving Parameter "Employee_Role_ID = 55da41c569702d774f6d2500".	[MsgId: MMSG-13798]
EmployeeBeginCoverage.c(99): Error -26612: HTTP Status-Code=500 (Internal Server Error) for "http://enroll_uat.dchbx.org/consumer/employee/55da41c569702d774f6d2500/edit", Snapshot Info [MSH 4 19]  	[MsgId: MERR-26612]
End auto log messages stack.	[MsgId: MMSG-10544]


