EmployeeBeginCoverage.c(41): Error -35049: No match found for the requested parameter "EligibleDate". Check whether the requested regular expression exists in the response data, Snapshot Info [MSH 27 13]  	[MsgId: MERR-35049]
End auto log messages stack.	[MsgId: MMSG-10544]


Start auto log messages stack - Iteration 27.	[MsgId: MMSG-10545]
EmployeeBeginCoverage.c(41): Notify: Saving Parameter "EmployeeID = ".	[MsgId: MMSG-13798]
EmployeeBeginCoverage.c(41): Error -35049: No match found for the requested parameter "EmployeeID". Check whether the requested regular expression exists in the response data, Snapshot Info [MSH 27 13]  	[MsgId: MERR-35049]
End auto log messages stack.	[MsgId: MMSG-10544]


Start auto log messages stack - Iteration 27.	[MsgId: MMSG-10545]
EmployeeBeginCoverage.c(41): Notify: Saving Parameter "EmpHireDate = ".	[MsgId: MMSG-13798]
EmployeeBeginCoverage.c(41): Error -35049: No match found for the requested parameter "EmpHireDate". Check whether the requested regular expression exists in the response data, Snapshot Info [MSH 27 13]  	[MsgId: MERR-35049]
End auto log messages stack.	[MsgId: MMSG-10544]


Start auto log messages stack - Iteration 27.	[MsgId: MMSG-10545]
EmployeeBeginCoverage.c(41): Notify: Saving Parameter "CovgStartDate = ".	[MsgId: MMSG-13798]
EmployeeBeginCoverage.c(41): Error -35049: No match found for the requested parameter "CovgStartDate". Check whether the requested regular expression exists in the response data, Snapshot Info [MSH 27 13]  	[MsgId: MERR-35049]
End auto log messages stack.	[MsgId: MMSG-10544]


Start auto log messages stack - Iteration 17.	[MsgId: MMSG-10545]
EmployeeBeginCoverage.c(41): Resource "http://enroll_uat.dchbx.org/assets/icons/phone-bcc17403386ca4171aae411f308ef6a1.png" is in the cache already and will not be downloaded again  	[MsgId: MMSG-26655]
EmployeeBeginCoverage.c(41): Resource "http://enroll_uat.dchbx.org/assets/icons/mail-21b45f89893abcf4033b96e8a261354e.png" is in the cache already and will not be downloaded again  	[MsgId: MMSG-26655]
EmployeeBeginCoverage.c(41): Resource "http://enroll_uat.dchbx.org/assets/icons/message-6a0a303d9fc72d557125912bdf9efed8.png" is in the cache already and will not be downloaded again  	[MsgId: MMSG-26655]
EmployeeBeginCoverage.c(41): Notify: Saving Parameter "authenticity_token = vvGQViuDjPWJHVv1H1QRTLWwuF0BGVV51ceBbB9AUvmC5fo93p3ugoH4fv9r+BI2bHYJQRwSuS8WUvSMl7yxCA==".	[MsgId: MMSG-13798]
EmployeeBeginCoverage.c(41): Notify: Saving Parameter "EligibleDate = ".	[MsgId: MMSG-13798]
EmployeeBeginCoverage.c(41): Error -35049: No match found for the requested parameter "EligibleDate". Check whether the requested regular expression exists in the response data, Snapshot Info [MSH 17 13]  	[MsgId: MERR-35049]
End auto log messages stack.	[MsgId: MMSG-10544]


Start auto log messages stack - Iteration 17.	[MsgId: MMSG-10545]
EmployeeBeginCoverage.c(41): Notify: Saving Parameter "EmployeeID = ".	[MsgId: MMSG-13798]
EmployeeBeginCoverage.c(41): Error -35049: No match found for the requested parameter "EmployeeID". Check whether the requested regular expression exists in the response data, Snapshot Info [MSH 17 13]  	[MsgId: MERR-35049]
End auto log messages stack.	[MsgId: MMSG-10544]


Start auto log messages stack - Iteration 17.	[MsgId: MMSG-10545]
EmployeeBeginCoverage.c(41): Notify: Saving Parameter "EmpHireDate = ".	[MsgId: MMSG-13798]
EmployeeBeginCoverage.c(41): Error -35049: No match found for the requested parameter "EmpHireDate". Check whether the requested regular expression exists in the response data, Snapshot Info [MSH 17 13]  	[MsgId: MERR-35049]
End auto log messages stack.	[MsgId: MMSG-10544]


Start auto log messages stack - Iteration 17.	[MsgId: MMSG-10545]
EmployeeBeginCoverage.c(41): Notify: Saving Parameter "CovgStartDate = ".	[MsgId: MMSG-13798]
EmployeeBeginCoverage.c(41): Error -35049: No match found for the requested parameter "CovgStartDate". Check whether the requested regular expression exists in the response data, Snapshot Info [MSH 17 13]  	[MsgId: MERR-35049]
End auto log messages stack.	[MsgId: MMSG-10544]


Start auto log messages stack - Iteration 26.	[MsgId: MMSG-10545]
EmployeeBeginCoverage.c(41): Resource "http://enroll_uat.dchbx.org/assets/icons/phone-bcc17403386ca4171aae411f308ef6a1.png" is in the cache already and will not be downloaded again  	[MsgId: MMSG-26655]
EmployeeBeginCoverage.c(41): Resource "http://enroll_uat.dchbx.org/assets/icons/mail-21b45f89893abcf4033b96e8a261354e.png" is in the cache already and will not be downloaded again  	[MsgId: MMSG-26655]
EmployeeBeginCoverage.c(41): Resource "http://enroll_uat.dchbx.org/assets/icons/message-6a0a303d9fc72d557125912bdf9efed8.png" is in the cache already and will not be downloaded again  	[MsgId: MMSG-26655]
EmployeeBeginCoverage.c(41): Notify: Saving Parameter "authenticity_token = BhrXTn5vEM7UQJF6dMdnHM1TwUymVw7KR4j9guDJ039RS2U0c938sCeTrlNUqTAodf469aBVGzsTQgVfwrDsww==".	[MsgId: MMSG-13798]
EmployeeBeginCoverage.c(41): Notify: Saving Parameter "EligibleDate = ".	[MsgId: MMSG-13798]
EmployeeBeginCoverage.c(41): Error -35049: No match found for the requested parameter "EligibleDate". Check whether the requested regular expression exists in the response data, Snapshot Info [MSH 26 13]  	[MsgId: MERR-35049]
End auto log messages stack.	[MsgId: MMSG-10544]


Start auto log messages stack - Iteration 26.	[MsgId: MMSG-10545]
EmployeeBeginCoverage.c(41): Notify: Saving Parameter "EmployeeID = ".	[MsgId: MMSG-13798]
EmployeeBeginCoverage.c(41): Error -35049: No match found for the requested parameter "EmployeeID". Check whether the requested regular expression exists in the response data, Snapshot Info [MSH 26 13]  	[MsgId: MERR-35049]
End auto log messages stack.	[MsgId: MMSG-10544]


Start auto log messages stack - Iteration 26.	[MsgId: MMSG-10545]
EmployeeBeginCoverage.c(41): Notify: Saving Parameter "EmpHireDate = ".	[MsgId: MMSG-13798]
EmployeeBeginCoverage.c(41): Error -35049: No match found for the requested parameter "EmpHireDate". Check whether the requested regular expression exists in the response data, Snapshot Info [MSH 26 13]  	[MsgId: MERR-35049]
End auto log messages stack.	[MsgId: MMSG-10544]


Start auto log messages stack - Iteration 26.	[MsgId: MMSG-10545]
EmployeeBeginCoverage.c(41): Notify: Saving Parameter "CovgStartDate = ".	[MsgId: MMSG-13798]
EmployeeBeginCoverage.c(41): Error -35049: No match found for the requested parameter "CovgStartDate". Check whether the requested regular expression exists in the response data, Snapshot Info [MSH 26 13]  	[MsgId: MERR-35049]
End auto log messages stack.	[MsgId: MMSG-10544]


Start auto log messages stack - Iteration 17.	[MsgId: MMSG-10545]
EmployeeBeginCoverage.c(41): Resource "http://enroll_uat.dchbx.org/assets/icons/phone-bcc17403386ca4171aae411f308ef6a1.png" is in the cache already and will not be downloaded again  	[MsgId: MMSG-26655]
EmployeeBeginCoverage.c(41): Resource "http://enroll_uat.dchbx.org/assets/icons/mail-21b45f89893abcf4033b96e8a261354e.png" is in the cache already and will not be downloaded again  	[MsgId: MMSG-26655]
EmployeeBeginCoverage.c(41): Resource "http://enroll_uat.dchbx.org/assets/icons/message-6a0a303d9fc72d557125912bdf9efed8.png" is in the cache already and will not be downloaded again  	[MsgId: MMSG-26655]
EmployeeBeginCoverage.c(41): Notify: Saving Parameter "authenticity_token = w/qdSHnZcElWGN9WfMqCWeHDaQUvXiq0nWShA8DqSGf28P9i9z01e5KHgZEO95FQ8jLGtE5KejvkMk/aTehoNw==".	[MsgId: MMSG-13798]
EmployeeBeginCoverage.c(41): Notify: Saving Parameter "EligibleDate = ".	[MsgId: MMSG-13798]
EmployeeBeginCoverage.c(41): Error -35049: No match found for the requested parameter "EligibleDate". Check whether the requested regular expression exists in the response data, Snapshot Info [MSH 17 13]  	[MsgId: MERR-35049]
End auto log messages stack.	[MsgId: MMSG-10544]


Start auto log messages stack - Iteration 17.	[MsgId: MMSG-10545]
EmployeeBeginCoverage.c(41): Notify: Saving Parameter "EmployeeID = ".	[MsgId: MMSG-13798]
EmployeeBeginCoverage.c(41): Error -35049: No match found for the requested parameter "EmployeeID". Check whether the requested regular expression exists in the response data, Snapshot Info [MSH 17 13]  	[MsgId: MERR-35049]
End auto log messages stack.	[MsgId: MMSG-10544]


Start auto log messages stack - Iteration 17.	[MsgId: MMSG-10545]
EmployeeBeginCoverage.c(41): Notify: Saving Parameter "EmpHireDate = ".	[MsgId: MMSG-13798]
EmployeeBeginCoverage.c(41): Error -35049: No match found for the requested parameter "EmpHireDate". Check whether the requested regular expression exists in the response data, Snapshot Info [MSH 17 13]  	[MsgId: MERR-35049]
End auto log messages stack.	[MsgId: MMSG-10544]


Start auto log messages stack - Iteration 17.	[MsgId: MMSG-10545]
EmployeeBeginCoverage.c(41): Notify: Saving Parameter "CovgStartDate = ".	[MsgId: MMSG-13798]
EmployeeBeginCoverage.c(41): Error -35049: No match found for the requested parameter "CovgStartDate". Check whether the requested regular expression exists in the response data, Snapshot Info [MSH 17 13]  	[MsgId: MERR-35049]
End auto log messages stack.	[MsgId: MMSG-10544]


Start auto log messages stack - Iteration 16.	[MsgId: MMSG-10545]
EmployeeBeginCoverage.c(41): Resource "http://enroll_uat.dchbx.org/assets/icons/phone-bcc17403386ca4171aae411f308ef6a1.png" is in the cache already and will not be downloaded again  	[MsgId: MMSG-26655]
EmployeeBeginCoverage.c(41): Resource "http://enroll_uat.dchbx.org/assets/icons/mail-21b45f89893abcf4033b96e8a261354e.png" is in the cache already and will not be downloaded again  	[MsgId: MMSG-26655]
EmployeeBeginCoverage.c(41): Resource "http://enroll_uat.dchbx.org/assets/icons/message-6a0a303d9fc72d557125912bdf9efed8.png" is in the cache already and will not be downloaded again  	[MsgId: MMSG-26655]
EmployeeBeginCoverage.c(41): Notify: Saving Parameter "authenticity_token = MMAU6UCKoiQrzKXZbNx3eHw1GKUNkOVEB+R5WdblpBtUpBtnFJucPwZYhTdIXJuucm/GjUXz2x7xO9jq8UxOtA==".	[MsgId: MMSG-13798]
EmployeeBeginCoverage.c(41): Notify: Saving Parameter "EligibleDate = ".	[MsgId: MMSG-13798]
EmployeeBeginCoverage.c(41): Error -35049: No match found for the requested parameter "EligibleDate". Check whether the requested regular expression exists in the response data, Snapshot Info [MSH 16 13]  	[MsgId: MERR-35049]
End auto log messages stack.	[MsgId: MMSG-10544]


Start auto log messages stack - Iteration 16.	[MsgId: MMSG-10545]
EmployeeBeginCoverage.c(41): Notify: Saving Parameter "EmployeeID = ".	[MsgId: MMSG-13798]
EmployeeBeginCoverage.c(41): Error -35049: No match found for the requested parameter "EmployeeID". Check whether the requested regular expression exists in the response data, Snapshot Info [MSH 16 13]  	[MsgId: MERR-35049]
End auto log messages stack.	[MsgId: MMSG-10544]


Start auto log messages stack - Iteration 16.	[MsgId: MMSG-10545]
EmployeeBeginCoverage.c(41): Notify: Saving Parameter "EmpHireDate = ".	[MsgId: MMSG-13798]
EmployeeBeginCoverage.c(41): Error -35049: No match found for the requested parameter "EmpHireDate". Check whether the requested regular expression exists in the response data, Snapshot Info [MSH 16 13]  	[MsgId: MERR-35049]
End auto log messages stack.	[MsgId: MMSG-10544]


Start auto log messages stack - Iteration 16.	[MsgId: MMSG-10545]
EmployeeBeginCoverage.c(41): Notify: Saving Parameter "CovgStartDate = ".	[MsgId: MMSG-13798]
EmployeeBeginCoverage.c(41): Error -35049: No match found for the requested parameter "CovgStartDate". Check whether the requested regular expression exists in the response data, Snapshot Info [MSH 16 13]  	[MsgId: MERR-35049]
End auto log messages stack.	[MsgId: MMSG-10544]


Start auto log messages stack - Iteration 13.	[MsgId: MMSG-10545]
EmployeeBeginCoverage.c(41): Resource "http://enroll_uat.dchbx.org/assets/icons/phone-bcc17403386ca4171aae411f308ef6a1.png" is in the cache already and will not be downloaded again  	[MsgId: MMSG-26655]
EmployeeBeginCoverage.c(41): Resource "http://enroll_uat.dchbx.org/assets/icons/mail-21b45f89893abcf4033b96e8a261354e.png" is in the cache already and will not be downloaded again  	[MsgId: MMSG-26655]
EmployeeBeginCoverage.c(41): Resource "http://enroll_uat.dchbx.org/assets/icons/message-6a0a303d9fc72d557125912bdf9efed8.png" is in the cache already and will not be downloaded again  	[MsgId: MMSG-26655]
EmployeeBeginCoverage.c(41): Notify: Saving Parameter "authenticity_token = Bp5T/7+Uzerf1Acy8aEq/wpYM50/7so3Vj5qADUCHaCGZ2o8PcMmr3G/tM1Z5UAONRR0uxvNqUXtJOR4zSC/7A==".	[MsgId: MMSG-13798]
EmployeeBeginCoverage.c(41): Notify: Saving Parameter "EligibleDate = ".	[MsgId: MMSG-13798]
EmployeeBeginCoverage.c(41): Error -35049: No match found for the requested parameter "EligibleDate". Check whether the requested regular expression exists in the response data, Snapshot Info [MSH 13 13]  	[MsgId: MERR-35049]
End auto log messages stack.	[MsgId: MMSG-10544]


Start auto log messages stack - Iteration 13.	[MsgId: MMSG-10545]
EmployeeBeginCoverage.c(41): Notify: Saving Parameter "EmployeeID = ".	[MsgId: MMSG-13798]
EmployeeBeginCoverage.c(41): Error -35049: No match found for the requested parameter "EmployeeID". Check whether the requested regular expression exists in the response data, Snapshot Info [MSH 13 13]  	[MsgId: MERR-35049]
End auto log messages stack.	[MsgId: MMSG-10544]


Start auto log messages stack - Iteration 13.	[MsgId: MMSG-10545]
EmployeeBeginCoverage.c(41): Notify: Saving Parameter "EmpHireDate = ".	[MsgId: MMSG-13798]
EmployeeBeginCoverage.c(41): Error -35049: No match found for the requested parameter "EmpHireDate". Check whether the requested regular expression exists in the response data, Snapshot Info [MSH 13 13]  	[MsgId: MERR-35049]
End auto log messages stack.	[MsgId: MMSG-10544]


Start auto log messages stack - Iteration 13.	[MsgId: MMSG-10545]
EmployeeBeginCoverage.c(41): Notify: Saving Parameter "CovgStartDate = ".	[MsgId: MMSG-13798]
EmployeeBeginCoverage.c(41): Error -35049: No match found for the requested parameter "CovgStartDate". Check whether the requested regular expression exists in the response data, Snapshot Info [MSH 13 13]  	[MsgId: MERR-35049]
End auto log messages stack.	[MsgId: MMSG-10544]


Start auto log messages stack - Iteration 17.	[MsgId: MMSG-10545]
EmployeeBeginCoverage.c(41): Resource "http://enroll_uat.dchbx.org/assets/icons/phone-bcc17403386ca4171aae411f308ef6a1.png" is in the cache already and will not be downloaded again  	[MsgId: MMSG-26655]
EmployeeBeginCoverage.c(41): Resource "http://enroll_uat.dchbx.org/assets/icons/mail-21b45f89893abcf4033b96e8a261354e.png" is in the cache already and will not be downloaded again  	[MsgId: MMSG-26655]
EmployeeBeginCoverage.c(41): Resource "http://enroll_uat.dchbx.org/assets/icons/message-6a0a303d9fc72d557125912bdf9efed8.png" is in the cache already and will not be downloaded again  	[MsgId: MMSG-26655]
EmployeeBeginCoverage.c(41): Notify: Saving Parameter "authenticity_token = gGiRmH6fSpp6wAqkwRAcYQW8rnoOF+qHLVo1VvuQ1u0qfueAGwCL0mt5aV3FmmGRjFOtM3wJQGZFVlWwXkgaPg==".	[MsgId: MMSG-13798]
EmployeeBeginCoverage.c(41): Notify: Saving Parameter "EligibleDate = ".	[MsgId: MMSG-13798]
EmployeeBeginCoverage.c(41): Error -35049: No match found for the requested parameter "EligibleDate". Check whether the requested regular expression exists in the response data, Snapshot Info [MSH 17 13]  	[MsgId: MERR-35049]
End auto log messages stack.	[MsgId: MMSG-10544]


Start auto log messages stack - Iteration 17.	[MsgId: MMSG-10545]
EmployeeBeginCoverage.c(41): Notify: Saving Parameter "EmployeeID = ".	[MsgId: MMSG-13798]
EmployeeBeginCoverage.c(41): Error -35049: No match found for the requested parameter "EmployeeID". Check whether the requested regular expression exists in the response data, Snapshot Info [MSH 17 13]  	[MsgId: MERR-35049]
End auto log messages stack.	[MsgId: MMSG-10544]


Start auto log messages stack - Iteration 17.	[MsgId: MMSG-10545]
EmployeeBeginCoverage.c(41): Notify: Saving Parameter "EmpHireDate = ".	[MsgId: MMSG-13798]
EmployeeBeginCoverage.c(41): Error -35049: No match found for the requested parameter "EmpHireDate". Check whether the requested regular expression exists in the response data, Snapshot Info [MSH 17 13]  	[MsgId: MERR-35049]
End auto log messages stack.	[MsgId: MMSG-10544]


Start auto log messages stack - Iteration 17.	[MsgId: MMSG-10545]
EmployeeBeginCoverage.c(41): Notify: Saving Parameter "CovgStartDate = ".	[MsgId: MMSG-13798]
EmployeeBeginCoverage.c(41): Error -35049: No match found for the requested parameter "CovgStartDate". Check whether the requested regular expression exists in the response data, Snapshot Info [MSH 17 13]  	[MsgId: MERR-35049]
End auto log messages stack.	[MsgId: MMSG-10544]


Start auto log messages stack - Iteration 26.	[MsgId: MMSG-10545]
EmployeeBeginCoverage.c(41): Resource "http://enroll_uat.dchbx.org/assets/icons/phone-bcc17403386ca4171aae411f308ef6a1.png" is in the cache already and will not be downloaded again  	[MsgId: MMSG-26655]
EmployeeBeginCoverage.c(41): Resource "http://enroll_uat.dchbx.org/assets/icons/mail-21b45f89893abcf4033b96e8a261354e.png" is in the cache already and will not be downloaded again  	[MsgId: MMSG-26655]
EmployeeBeginCoverage.c(41): Resource "http://enroll_uat.dchbx.org/assets/icons/message-6a0a303d9fc72d557125912bdf9efed8.png" is in the cache already and will not be downloaded again  	[MsgId: MMSG-26655]
EmployeeBeginCoverage.c(41): Notify: Saving Parameter "authenticity_token = cKcuQQg5xqZrtodG/0pg9nBY1OHGPNsQ7eWZrmCmILqSPFU57qmdNKsgH0g03ZpvR7EwuIL5vIJFO5+/8fllCw==".	[MsgId: MMSG-13798]
EmployeeBeginCoverage.c(41): Notify: Saving Parameter "EligibleDate = ".	[MsgId: MMSG-13798]
EmployeeBeginCoverage.c(41): Error -35049: No match found for the requested parameter "EligibleDate". Check whether the requested regular expression exists in the response data, Snapshot Info [MSH 26 13]  	[MsgId: MERR-35049]
End auto log messages stack.	[MsgId: MMSG-10544]


Start auto log messages stack - Iteration 26.	[MsgId: MMSG-10545]
EmployeeBeginCoverage.c(41): Notify: Saving Parameter "EmployeeID = ".	[MsgId: MMSG-13798]
EmployeeBeginCoverage.c(41): Error -35049: No match found for the requested parameter "EmployeeID". Check whether the requested regular expression exists in the response data, Snapshot Info [MSH 26 13]  	[MsgId: MERR-35049]
End auto log messages stack.	[MsgId: MMSG-10544]


Start auto log messages stack - Iteration 26.	[MsgId: MMSG-10545]
EmployeeBeginCoverage.c(41): Notify: Saving Parameter "EmpHireDate = ".	[MsgId: MMSG-13798]
EmployeeBeginCoverage.c(41): Error -35049: No match found for the requested parameter "EmpHireDate". Check whether the requested regular expression exists in the response data, Snapshot Info [MSH 26 13]  	[MsgId: MERR-35049]
End auto log messages stack.	[MsgId: MMSG-10544]


Start auto log messages stack - Iteration 26.	[MsgId: MMSG-10545]
EmployeeBeginCoverage.c(41): Notify: Saving Parameter "CovgStartDate = ".	[MsgId: MMSG-13798]
EmployeeBeginCoverage.c(41): Error -35049: No match found for the requested parameter "CovgStartDate". Check whether the requested regular expression exists in the response data, Snapshot Info [MSH 26 13]  	[MsgId: MERR-35049]
End auto log messages stack.	[MsgId: MMSG-10544]


Start auto log messages stack - Iteration 5.	[MsgId: MMSG-10545]
EmployeeBeginCoverage.c(77): Notify: Parameter Substitution: parameter "EmpSEX" =  "FEMALE"	[MsgId: MMSG-13992]
EmployeeBeginCoverage.c(77): Notify: Next row for parameter EmpHireDate = 761 [table  = EmpHireDate].	[MsgId: MMSG-13876]
EmployeeBeginCoverage.c(77): Notify: Parameter Substitution: parameter "EmpHireDate" =  "01/01/2015"	[MsgId: MMSG-13992]
EmployeeBeginCoverage.c(77): Notify: Parameter Substitution: parameter "CovgStartDate" =  "11/01/2015"	[MsgId: MMSG-13992]
EmployeeBeginCoverage.c(77): Notify: Parameter Substitution: parameter "EmployeeID" =  "55d91da269702d77321b0100"	[MsgId: MMSG-13992]
EmployeeBeginCoverage.c(77): Redirecting "http://enroll_uat.dchbx.org/consumer/employee" (redirection depth is 0)  	[MsgId: MMSG-26694]
EmployeeBeginCoverage.c(77): To location "http://enroll_uat.dchbx.org/consumer/employee/55d926b469702d7738220200/edit"  	[MsgId: MMSG-26693]
EmployeeBeginCoverage.c(77): Notify: Saving Parameter "employee_role_id = 55d926b469702d7738220200".	[MsgId: MMSG-13798]
EmployeeBeginCoverage.c(77): Notify: Saving Parameter "Employee_Role_ID = 55d926b469702d7738220200".	[MsgId: MMSG-13798]
EmployeeBeginCoverage.c(77): Error -26612: HTTP Status-Code=500 (Internal Server Error) for "http://enroll_uat.dchbx.org/consumer/employee/55d926b469702d7738220200/edit", Snapshot Info [MSH 5 19]  	[MsgId: MERR-26612]
End auto log messages stack.	[MsgId: MMSG-10544]


Start auto log messages stack - Iteration 5.	[MsgId: MMSG-10545]
EmployeeBeginCoverage.c(77): Notify: Saving Parameter "person_id = ".	[MsgId: MMSG-13798]
EmployeeBeginCoverage.c(77): Error -35049: No match found for the requested parameter "person_id". Check whether the requested regular expression exists in the response data, Snapshot Info [MSH 5 19]  	[MsgId: MERR-35049]
End auto log messages stack.	[MsgId: MMSG-10544]


Start auto log messages stack - Iteration 5.	[MsgId: MMSG-10545]
EmployeeBeginCoverage.c(77): Notify: Saving Parameter "EmployeeEmailAttrID = ".	[MsgId: MMSG-13798]
EmployeeBeginCoverage.c(77): Error -35049: No match found for the requested parameter "EmployeeEmailAttrID". Check whether the requested regular expression exists in the response data, Snapshot Info [MSH 5 19]  	[MsgId: MERR-35049]
End auto log messages stack.	[MsgId: MMSG-10544]


Start auto log messages stack - Iteration 5.	[MsgId: MMSG-10545]
EmployeeBeginCoverage.c(77): Notify: Saving Parameter "authenticity_token_1 = ".	[MsgId: MMSG-13798]
EmployeeBeginCoverage.c(77): Error -35049: No match found for the requested parameter "authenticity_token_1". Check whether the requested regular expression exists in the response data, Snapshot Info [MSH 5 19]  	[MsgId: MERR-35049]
End auto log messages stack.	[MsgId: MMSG-10544]


Start auto log messages stack - Iteration 18.	[MsgId: MMSG-10545]
EmployeeBeginCoverage.c(41): Resource "http://enroll_uat.dchbx.org/assets/icons/phone-bcc17403386ca4171aae411f308ef6a1.png" is in the cache already and will not be downloaded again  	[MsgId: MMSG-26655]
EmployeeBeginCoverage.c(41): Resource "http://enroll_uat.dchbx.org/assets/icons/mail-21b45f89893abcf4033b96e8a261354e.png" is in the cache already and will not be downloaded again  	[MsgId: MMSG-26655]
EmployeeBeginCoverage.c(41): Resource "http://enroll_uat.dchbx.org/assets/icons/message-6a0a303d9fc72d557125912bdf9efed8.png" is in the cache already and will not be downloaded again  	[MsgId: MMSG-26655]
EmployeeBeginCoverage.c(41): Notify: Saving Parameter "authenticity_token = FhgP2d2xWRn6o2RRP8zg6pQv5peIMvlHhX/Gt0FNnARFs4Zs1z6ttPSL4xpHLAQvk/NtE82gX7/YF6/h2+MyLQ==".	[MsgId: MMSG-13798]
EmployeeBeginCoverage.c(41): Notify: Saving Parameter "EligibleDate = ".	[MsgId: MMSG-13798]
EmployeeBeginCoverage.c(41): Error -35049: No match found for the requested parameter "EligibleDate". Check whether the requested regular expression exists in the response data, Snapshot Info [MSH 18 13]  	[MsgId: MERR-35049]
End auto log messages stack.	[MsgId: MMSG-10544]


Start auto log messages stack - Iteration 18.	[MsgId: MMSG-10545]
EmployeeBeginCoverage.c(41): Notify: Saving Parameter "EmployeeID = ".	[MsgId: MMSG-13798]
EmployeeBeginCoverage.c(41): Error -35049: No match found for the requested parameter "EmployeeID". Check whether the requested regular expression exists in the response data, Snapshot Info [MSH 18 13]  	[MsgId: MERR-35049]
End auto log messages stack.	[MsgId: MMSG-10544]


Start auto log messages stack - Iteration 18.	[MsgId: MMSG-10545]
EmployeeBeginCoverage.c(41): Notify: Saving Parameter "EmpHireDate = ".	[MsgId: MMSG-13798]
EmployeeBeginCoverage.c(41): Error -35049: No match found for the requested parameter "EmpHireDate". Check whether the requested regular expression exists in the response data, Snapshot Info [MSH 18 13]  	[MsgId: MERR-35049]
End auto log messages stack.	[MsgId: MMSG-10544]


Start auto log messages stack - Iteration 18.	[MsgId: MMSG-10545]
EmployeeBeginCoverage.c(41): Notify: Saving Parameter "CovgStartDate = ".	[MsgId: MMSG-13798]
EmployeeBeginCoverage.c(41): Error -35049: No match found for the requested parameter "CovgStartDate". Check whether the requested regular expression exists in the response data, Snapshot Info [MSH 18 13]  	[MsgId: MERR-35049]
End auto log messages stack.	[MsgId: MMSG-10544]


Start auto log messages stack - Iteration 22.	[MsgId: MMSG-10545]
EmployeeBeginCoverage.c(41): Resource "http://enroll_uat.dchbx.org/assets/icons/phone-bcc17403386ca4171aae411f308ef6a1.png" is in the cache already and will not be downloaded again  	[MsgId: MMSG-26655]
EmployeeBeginCoverage.c(41): Resource "http://enroll_uat.dchbx.org/assets/icons/mail-21b45f89893abcf4033b96e8a261354e.png" is in the cache already and will not be downloaded again  	[MsgId: MMSG-26655]
EmployeeBeginCoverage.c(41): Resource "http://enroll_uat.dchbx.org/assets/icons/message-6a0a303d9fc72d557125912bdf9efed8.png" is in the cache already and will not be downloaded again  	[MsgId: MMSG-26655]
EmployeeBeginCoverage.c(41): Notify: Saving Parameter "authenticity_token = C7ei0j4Oa/jLYQn4v41ONm73lYOOVtreNw1wrFmUmF1wfomljSXaTd+FFCqfF+oN+jdijzQKNK2bhbKOmt6jpw==".	[MsgId: MMSG-13798]
EmployeeBeginCoverage.c(41): Notify: Saving Parameter "EligibleDate = ".	[MsgId: MMSG-13798]
EmployeeBeginCoverage.c(41): Error -35049: No match found for the requested parameter "EligibleDate". Check whether the requested regular expression exists in the response data, Snapshot Info [MSH 22 13]  	[MsgId: MERR-35049]
End auto log messages stack.	[MsgId: MMSG-10544]


Start auto log messages stack - Iteration 22.	[MsgId: MMSG-10545]
EmployeeBeginCoverage.c(41): Notify: Saving Parameter "EmployeeID = ".	[MsgId: MMSG-13798]
EmployeeBeginCoverage.c(41): Error -35049: No match found for the requested parameter "EmployeeID". Check whether the requested regular expression exists in the response data, Snapshot Info [MSH 22 13]  	[MsgId: MERR-35049]
End auto log messages stack.	[MsgId: MMSG-10544]


Start auto log messages stack - Iteration 22.	[MsgId: MMSG-10545]
EmployeeBeginCoverage.c(41): Notify: Saving Parameter "EmpHireDate = ".	[MsgId: MMSG-13798]
EmployeeBeginCoverage.c(41): Error -35049: No match found for the requested parameter "EmpHireDate". Check whether the requested regular expression exists in the response data, Snapshot Info [MSH 22 13]  	[MsgId: MERR-35049]
End auto log messages stack.	[MsgId: MMSG-10544]


Start auto log messages stack - Iteration 22.	[MsgId: MMSG-10545]
EmployeeBeginCoverage.c(41): Notify: Saving Parameter "CovgStartDate = ".	[MsgId: MMSG-13798]
EmployeeBeginCoverage.c(41): Error -35049: No match found for the requested parameter "CovgStartDate". Check whether the requested regular expression exists in the response data, Snapshot Info [MSH 22 13]  	[MsgId: MERR-35049]
End auto log messages stack.	[MsgId: MMSG-10544]


Start auto log messages stack - Iteration 22.	[MsgId: MMSG-10545]
EmployeeBeginCoverage.c(41): Resource "http://enroll_uat.dchbx.org/assets/icons/phone-bcc17403386ca4171aae411f308ef6a1.png" is in the cache already and will not be downloaded again  	[MsgId: MMSG-26655]
EmployeeBeginCoverage.c(41): Resource "http://enroll_uat.dchbx.org/assets/icons/mail-21b45f89893abcf4033b96e8a261354e.png" is in the cache already and will not be downloaded again  	[MsgId: MMSG-26655]
EmployeeBeginCoverage.c(41): Resource "http://enroll_uat.dchbx.org/assets/icons/message-6a0a303d9fc72d557125912bdf9efed8.png" is in the cache already and will not be downloaded again  	[MsgId: MMSG-26655]
EmployeeBeginCoverage.c(41): Notify: Saving Parameter "authenticity_token = QnXof1bl8JDWgo2QspgLOonnhNDEzwRkPSiRScbKqTkrxBL7ujLs4zwyLFmnB55SFKJf5o/Dtoc1FrMeGFypGw==".	[MsgId: MMSG-13798]
EmployeeBeginCoverage.c(41): Notify: Saving Parameter "EligibleDate = ".	[MsgId: MMSG-13798]
EmployeeBeginCoverage.c(41): Error -35049: No match found for the requested parameter "EligibleDate". Check whether the requested regular expression exists in the response data, Snapshot Info [MSH 22 13]  	[MsgId: MERR-35049]
End auto log messages stack.	[MsgId: MMSG-10544]


Start auto log messages stack - Iteration 22.	[MsgId: MMSG-10545]
EmployeeBeginCoverage.c(41): Notify: Saving Parameter "EmployeeID = ".	[MsgId: MMSG-13798]
EmployeeBeginCoverage.c(41): Error -35049: No match found for the requested parameter "EmployeeID". Check whether the requested regular expression exists in the response data, Snapshot Info [MSH 22 13]  	[MsgId: MERR-35049]
End auto log messages stack.	[MsgId: MMSG-10544]


Start auto log messages stack - Iteration 22.	[MsgId: MMSG-10545]
EmployeeBeginCoverage.c(41): Notify: Saving Parameter "EmpHireDate = ".	[MsgId: MMSG-13798]
EmployeeBeginCoverage.c(41): Error -35049: No match found for the requested parameter "EmpHireDate". Check whether the requested regular expression exists in the response data, Snapshot Info [MSH 22 13]  	[MsgId: MERR-35049]
End auto log messages stack.	[MsgId: MMSG-10544]


Start auto log messages stack - Iteration 22.	[MsgId: MMSG-10545]
EmployeeBeginCoverage.c(41): Notify: Saving Parameter "CovgStartDate = ".	[MsgId: MMSG-13798]
EmployeeBeginCoverage.c(41): Error -35049: No match found for the requested parameter "CovgStartDate". Check whether the requested regular expression exists in the response data, Snapshot Info [MSH 22 13]  	[MsgId: MERR-35049]
End auto log messages stack.	[MsgId: MMSG-10544]


Start auto log messages stack - Iteration 16.	[MsgId: MMSG-10545]
EmployeeBeginCoverage.c(41): Resource "http://enroll_uat.dchbx.org/assets/icons/phone-bcc17403386ca4171aae411f308ef6a1.png" is in the cache already and will not be downloaded again  	[MsgId: MMSG-26655]
EmployeeBeginCoverage.c(41): Resource "http://enroll_uat.dchbx.org/assets/icons/mail-21b45f89893abcf4033b96e8a261354e.png" is in the cache already and will not be downloaded again  	[MsgId: MMSG-26655]
EmployeeBeginCoverage.c(41): Resource "http://enroll_uat.dchbx.org/assets/icons/message-6a0a303d9fc72d557125912bdf9efed8.png" is in the cache already and will not be downloaded again  	[MsgId: MMSG-26655]
EmployeeBeginCoverage.c(41): Notify: Saving Parameter "authenticity_token = WC1fGtAhMsOUXaHaFW2Z7Qj0bF0Od1YB0CdVmsUaxeBIgS1M2QLo5dpAGNKaLIvqFafvH0AArmaDYBB0sfu3fA==".	[MsgId: MMSG-13798]
EmployeeBeginCoverage.c(41): Notify: Saving Parameter "EligibleDate = ".	[MsgId: MMSG-13798]
EmployeeBeginCoverage.c(41): Error -35049: No match found for the requested parameter "EligibleDate". Check whether the requested regular expression exists in the response data, Snapshot Info [MSH 16 13]  	[MsgId: MERR-35049]
End auto log messages stack.	[MsgId: MMSG-10544]


Start auto log messages stack - Iteration 16.	[MsgId: MMSG-10545]
EmployeeBeginCoverage.c(41): Notify: Saving Parameter "EmployeeID = ".	[MsgId: MMSG-13798]
EmployeeBeginCoverage.c(41): Error -35049: No match found for the requested parameter "EmployeeID". Check whether the requested regular expression exists in the response data, Snapshot Info [MSH 16 13]  	[MsgId: MERR-35049]
End auto log messages stack.	[MsgId: MMSG-10544]


Start auto log messages stack - Iteration 16.	[MsgId: MMSG-10545]
EmployeeBeginCoverage.c(41): Notify: Saving Parameter "EmpHireDate = ".	[MsgId: MMSG-13798]
EmployeeBeginCoverage.c(41): Error -35049: No match found for the requested parameter "EmpHireDate". Check whether the requested regular expression exists in the response data, Snapshot Info [MSH 16 13]  	[MsgId: MERR-35049]
End auto log messages stack.	[MsgId: MMSG-10544]


Start auto log messages stack - Iteration 16.	[MsgId: MMSG-10545]
EmployeeBeginCoverage.c(41): Notify: Saving Parameter "CovgStartDate = ".	[MsgId: MMSG-13798]
EmployeeBeginCoverage.c(41): Error -35049: No match found for the requested parameter "CovgStartDate". Check whether the requested regular expression exists in the response data, Snapshot Info [MSH 16 13]  	[MsgId: MERR-35049]
End auto log messages stack.	[MsgId: MMSG-10544]


Start auto log messages stack - Iteration 29.	[MsgId: MMSG-10545]
EmployeeBeginCoverage.c(41): Resource "http://enroll_uat.dchbx.org/assets/icons/phone-bcc17403386ca4171aae411f308ef6a1.png" is in the cache already and will not be downloaded again  	[MsgId: MMSG-26655]
EmployeeBeginCoverage.c(41): Resource "http://enroll_uat.dchbx.org/assets/icons/mail-21b45f89893abcf4033b96e8a261354e.png" is in the cache already and will not be downloaded again  	[MsgId: MMSG-26655]
EmployeeBeginCoverage.c(41): Resource "http://enroll_uat.dchbx.org/assets/icons/message-6a0a303d9fc72d557125912bdf9efed8.png" is in the cache already and will not be downloaded again  	[MsgId: MMSG-26655]
EmployeeBeginCoverage.c(41): Notify: Saving Parameter "authenticity_token = ORba34URhj7+PyxzV+BeUXhyKnuXskBALgWecaRTcsmJWrh9NcZJqgiVouGMs8/GZSuE4k9eUUn+hvYIlTv7QQ==".	[MsgId: MMSG-13798]
EmployeeBeginCoverage.c(41): Notify: Saving Parameter "EligibleDate = ".	[MsgId: MMSG-13798]
EmployeeBeginCoverage.c(41): Error -35049: No match found for the requested parameter "EligibleDate". Check whether the requested regular expression exists in the response data, Snapshot Info [MSH 29 13]  	[MsgId: MERR-35049]
End auto log messages stack.	[MsgId: MMSG-10544]


Start auto log messages stack - Iteration 29.	[MsgId: MMSG-10545]
EmployeeBeginCoverage.c(41): Notify: Saving Parameter "EmployeeID = ".	[MsgId: MMSG-13798]
EmployeeBeginCoverage.c(41): Error -35049: No match found for the requested parameter "EmployeeID". Check whether the requested regular expression exists in the response data, Snapshot Info [MSH 29 13]  	[MsgId: MERR-35049]
End auto log messages stack.	[MsgId: MMSG-10544]


Start auto log messages stack - Iteration 29.	[MsgId: MMSG-10545]
EmployeeBeginCoverage.c(41): Notify: Saving Parameter "EmpHireDate = ".	[MsgId: MMSG-13798]
EmployeeBeginCoverage.c(41): Error -35049: No match found for the requested parameter "EmpHireDate". Check whether the requested regular expression exists in the response data, Snapshot Info [MSH 29 13]  	[MsgId: MERR-35049]
End auto log messages stack.	[MsgId: MMSG-10544]


Start auto log messages stack - Iteration 29.	[MsgId: MMSG-10545]
EmployeeBeginCoverage.c(41): Notify: Saving Parameter "CovgStartDate = ".	[MsgId: MMSG-13798]
EmployeeBeginCoverage.c(41): Error -35049: No match found for the requested parameter "CovgStartDate". Check whether the requested regular expression exists in the response data, Snapshot Info [MSH 29 13]  	[MsgId: MERR-35049]
Start auto log messages stack - Iteration 16.	[MsgId: MMSG-10545]
EmployeeBeginCoverage.c(41): Resource "http://enroll_uat.dchbx.org/assets/icons/phone-bcc17403386ca4171aae411f308ef6a1.png" is in the cache already and will not be downloaded again  	[MsgId: MMSG-26655]
EmployeeBeginCoverage.c(41): Resource "http://enroll_uat.dchbx.org/assets/icons/mail-21b45f89893abcf4033b96e8a261354e.png" is in the cache already and will not be downloaded again  	[MsgId: MMSG-26655]
EmployeeBeginCoverage.c(41): Resource "http://enroll_uat.dchbx.org/assets/icons/message-6a0a303d9fc72d557125912bdf9efed8.png" is in the cache already and will not be downloaded again  	[MsgId: MMSG-26655]
EmployeeBeginCoverage.c(41): Notify: Saving Parameter "authenticity_token = 5Bj79gpLi5oMxbyeU1fJX07Q8L+dp4x3mLBnrOVBgTSTOXdC3scZJzwBZ1kEhdZrMZ9+lThyD2wRdxQ7by1LVw==".	[MsgId: MMSG-13798]
EmployeeBeginCoverage.c(41): Notify: Saving Parameter "EligibleDate = ".	[MsgId: MMSG-13798]
EmployeeBeginCoverage.c(41): Error -35049: No match found for the requested parameter "EligibleDate". Check whether the requested regular expression exists in the response data, Snapshot Info [MSH 16 13]  	[MsgId: MERR-35049]
End auto log messages stack.	[MsgId: MMSG-10544]


Start auto log messages stack - Iteration 16.	[MsgId: MMSG-10545]
EmployeeBeginCoverage.c(41): Notify: Saving Parameter "EmployeeID = ".	[MsgId: MMSG-13798]
EmployeeBeginCoverage.c(41): Error -35049: No match found for the requested parameter "EmployeeID". Check whether the requested regular expression exists in the response data, Snapshot Info [MSH 16 13]  	[MsgId: MERR-35049]
End auto log messages stack.	[MsgId: MMSG-10544]


Start auto log messages stack - Iteration 16.	[MsgId: MMSG-10545]
EmployeeBeginCoverage.c(41): Notify: Saving Parameter "EmpHireDate = ".	[MsgId: MMSG-13798]
EmployeeBeginCoverage.c(41): Error -35049: No match found for the requested parameter "EmpHireDate". Check whether the requested regular expression exists in the response data, Snapshot Info [MSH 16 13]  	[MsgId: MERR-35049]
End auto log messages stack.	[MsgId: MMSG-10544]


Start auto log messages stack - Iteration 16.	[MsgId: MMSG-10545]
EmployeeBeginCoverage.c(41): Notify: Saving Parameter "CovgStartDate = ".	[MsgId: MMSG-13798]
EmployeeBeginCoverage.c(41): Error -35049: No match found for the requested parameter "CovgStartDate". Check whether the requested regular expression exists in the response data, Snapshot Info [MSH 16 13]  	[MsgId: MERR-35049]
End auto log messages stack.	[MsgId: MMSG-10544]


End auto log messages stack.	[MsgId: MMSG-10544]


Start auto log messages stack - Iteration 28.	[MsgId: MMSG-10545]
EmployeeBeginCoverage.c(41): Resource "http://enroll_uat.dchbx.org/assets/icons/phone-bcc17403386ca4171aae411f308ef6a1.png" is in the cache already and will not be downloaded again  	[MsgId: MMSG-26655]
EmployeeBeginCoverage.c(41): Resource "http://enroll_uat.dchbx.org/assets/icons/mail-21b45f89893abcf4033b96e8a261354e.png" is in the cache already and will not be downloaded again  	[MsgId: MMSG-26655]
EmployeeBeginCoverage.c(41): Resource "http://enroll_uat.dchbx.org/assets/icons/message-6a0a303d9fc72d557125912bdf9efed8.png" is in the cache already and will not be downloaded again  	[MsgId: MMSG-26655]
EmployeeBeginCoverage.c(41): Notify: Saving Parameter "authenticity_token = 9sa8Li6o2B+wAtsE3AViK2LL/4aNi+sjbxA+8sqYgw2fGa+d600g3ChLZTuhrkxwc1UYInAVPQZaD7+cKkX6Eg==".	[MsgId: MMSG-13798]
EmployeeBeginCoverage.c(41): Notify: Saving Parameter "EligibleDate = ".	[MsgId: MMSG-13798]
EmployeeBeginCoverage.c(41): Error -35049: No match found for the requested parameter "EligibleDate". Check whether the requested regular expression exists in the response data, Snapshot Info [MSH 28 13]  	[MsgId: MERR-35049]
End auto log messages stack.	[MsgId: MMSG-10544]


Start auto log messages stack - Iteration 28.	[MsgId: MMSG-10545]
EmployeeBeginCoverage.c(41): Notify: Saving Parameter "EmployeeID = ".	[MsgId: MMSG-13798]
EmployeeBeginCoverage.c(41): Error -35049: No match found for the requested parameter "EmployeeID". Check whether the requested regular expression exists in the response data, Snapshot Info [MSH 28 13]  	[MsgId: MERR-35049]
End auto log messages stack.	[MsgId: MMSG-10544]


Start auto log messages stack - Iteration 28.	[MsgId: MMSG-10545]
EmployeeBeginCoverage.c(41): Notify: Saving Parameter "EmpHireDate = ".	[MsgId: MMSG-13798]
EmployeeBeginCoverage.c(41): Error -35049: No match found for the requested parameter "EmpHireDate". Check whether the requested regular expression exists in the response data, Snapshot Info [MSH 28 13]  	[MsgId: MERR-35049]
End auto log messages stack.	[MsgId: MMSG-10544]


Start auto log messages stack - Iteration 28.	[MsgId: MMSG-10545]
EmployeeBeginCoverage.c(41): Notify: Saving Parameter "CovgStartDate = ".	[MsgId: MMSG-13798]
EmployeeBeginCoverage.c(41): Error -35049: No match found for the requested parameter "CovgStartDate". Check whether the requested regular expression exists in the response data, Snapshot Info [MSH 28 13]  	[MsgId: MERR-35049]
End auto log messages stack.	[MsgId: MMSG-10544]


Start auto log messages stack - Iteration 15.	[MsgId: MMSG-10545]
EmployeeBeginCoverage.c(41): Resource "http://enroll_uat.dchbx.org/assets/icons/phone-bcc17403386ca4171aae411f308ef6a1.png" is in the cache already and will not be downloaded again  	[MsgId: MMSG-26655]
EmployeeBeginCoverage.c(41): Resource "http://enroll_uat.dchbx.org/assets/icons/mail-21b45f89893abcf4033b96e8a261354e.png" is in the cache already and will not be downloaded again  	[MsgId: MMSG-26655]
EmployeeBeginCoverage.c(41): Resource "http://enroll_uat.dchbx.org/assets/icons/message-6a0a303d9fc72d557125912bdf9efed8.png" is in the cache already and will not be downloaded again  	[MsgId: MMSG-26655]
EmployeeBeginCoverage.c(41): Notify: Saving Parameter "authenticity_token = yC6bupWsenzNGVjNpgYU2NhCBAQ3HjAHsydUxvycg1f9m9rk0psbI79sjCkIqGGLK5xNqVFTghDbDZDQeqmE8g==".	[MsgId: MMSG-13798]
EmployeeBeginCoverage.c(41): Notify: Saving Parameter "EligibleDate = ".	[MsgId: MMSG-13798]
EmployeeBeginCoverage.c(41): Error -35049: No match found for the requested parameter "EligibleDate". Check whether the requested regular expression exists in the response data, Snapshot Info [MSH 15 13]  	[MsgId: MERR-35049]
End auto log messages stack.	[MsgId: MMSG-10544]


Start auto log messages stack - Iteration 15.	[MsgId: MMSG-10545]
EmployeeBeginCoverage.c(41): Notify: Saving Parameter "EmployeeID = ".	[MsgId: MMSG-13798]
EmployeeBeginCoverage.c(41): Error -35049: No match found for the requested parameter "EmployeeID". Check whether the requested regular expression exists in the response data, Snapshot Info [MSH 15 13]  	[MsgId: MERR-35049]
End auto log messages stack.	[MsgId: MMSG-10544]


Start auto log messages stack - Iteration 15.	[MsgId: MMSG-10545]
EmployeeBeginCoverage.c(41): Notify: Saving Parameter "EmpHireDate = ".	[MsgId: MMSG-13798]
EmployeeBeginCoverage.c(41): Error -35049: No match found for the requested parameter "EmpHireDate". Check whether the requested regular expression exists in the response data, Snapshot Info [MSH 15 13]  	[MsgId: MERR-35049]
End auto log messages stack.	[MsgId: MMSG-10544]


Start auto log messages stack - Iteration 15.	[MsgId: MMSG-10545]
EmployeeBeginCoverage.c(41): Notify: Saving Parameter "CovgStartDate = ".	[MsgId: MMSG-13798]
EmployeeBeginCoverage.c(41): Error -35049: No match found for the requested parameter "CovgStartDate". Check whether the requested regular expression exists in the response data, Snapshot Info [MSH 15 13]  	[MsgId: MERR-35049]
End auto log messages stack.	[MsgId: MMSG-10544]


Start auto log messages stack - Iteration 22.	[MsgId: MMSG-10545]
EmployeeBeginCoverage.c(41): Resource "http://enroll_uat.dchbx.org/assets/icons/phone-bcc17403386ca4171aae411f308ef6a1.png" is in the cache already and will not be downloaded again  	[MsgId: MMSG-26655]
EmployeeBeginCoverage.c(41): Resource "http://enroll_uat.dchbx.org/assets/icons/mail-21b45f89893abcf4033b96e8a261354e.png" is in the cache already and will not be downloaded again  	[MsgId: MMSG-26655]
EmployeeBeginCoverage.c(41): Resource "http://enroll_uat.dchbx.org/assets/icons/message-6a0a303d9fc72d557125912bdf9efed8.png" is in the cache already and will not be downloaded again  	[MsgId: MMSG-26655]
EmployeeBeginCoverage.c(41): Notify: Saving Parameter "authenticity_token = nQ71MGYkzfONu1EgzQiOl3iUswviikYg6l6wyrmQrii+0AhfWZ/RHO9vdZq3ien7dl/zoYDS7DlxdFMLHu0/QA==".	[MsgId: MMSG-13798]
EmployeeBeginCoverage.c(41): Notify: Saving Parameter "EligibleDate = ".	[MsgId: MMSG-13798]
EmployeeBeginCoverage.c(41): Error -35049: No match found for the requested parameter "EligibleDate". Check whether the requested regular expression exists in the response data, Snapshot Info [MSH 22 13]  	[MsgId: MERR-35049]
End auto log messages stack.	[MsgId: MMSG-10544]


Start auto log messages stack - Iteration 22.	[MsgId: MMSG-10545]
EmployeeBeginCoverage.c(41): Notify: Saving Parameter "EmployeeID = ".	[MsgId: MMSG-13798]
EmployeeBeginCoverage.c(41): Error -35049: No match found for the requested parameter "EmployeeID". Check whether the requested regular expression exists in the response data, Snapshot Info [MSH 22 13]  	[MsgId: MERR-35049]
End auto log messages stack.	[MsgId: MMSG-10544]


Start auto log messages stack - Iteration 22.	[MsgId: MMSG-10545]
EmployeeBeginCoverage.c(41): Notify: Saving Parameter "EmpHireDate = ".	[MsgId: MMSG-13798]
EmployeeBeginCoverage.c(41): Error -35049: No match found for the requested parameter "EmpHireDate". Check whether the requested regular expression exists in the response data, Snapshot Info [MSH 22 13]  	[MsgId: MERR-35049]
End auto log messages stack.	[MsgId: MMSG-10544]


Start auto log messages stack - Iteration 22.	[MsgId: MMSG-10545]
EmployeeBeginCoverage.c(41): Notify: Saving Parameter "CovgStartDate = ".	[MsgId: MMSG-13798]
EmployeeBeginCoverage.c(41): Error -35049: No match found for the requested parameter "CovgStartDate". Check whether the requested regular expression exists in the response data, Snapshot Info [MSH 22 13]  	[MsgId: MERR-35049]
End auto log messages stack.	[MsgId: MMSG-10544]


Start auto log messages stack - Iteration 18.	[MsgId: MMSG-10545]
EmployeeBeginCoverage.c(41): Resource "http://enroll_uat.dchbx.org/assets/icons/phone-bcc17403386ca4171aae411f308ef6a1.png" is in the cache already and will not be downloaded again  	[MsgId: MMSG-26655]
EmployeeBeginCoverage.c(41): Resource "http://enroll_uat.dchbx.org/assets/icons/mail-21b45f89893abcf4033b96e8a261354e.png" is in the cache already and will not be downloaded again  	[MsgId: MMSG-26655]
EmployeeBeginCoverage.c(41): Resource "http://enroll_uat.dchbx.org/assets/icons/message-6a0a303d9fc72d557125912bdf9efed8.png" is in the cache already and will not be downloaded again  	[MsgId: MMSG-26655]
EmployeeBeginCoverage.c(41): Notify: Saving Parameter "authenticity_token = LKUyMP4DMISTodjUkODO9unfkFQCm17igU2bVUPjx31W2ks2B8528Hh2GatfYzEJLXXHZKeTQFqIyKuFlHbVSA==".	[MsgId: MMSG-13798]
EmployeeBeginCoverage.c(41): Notify: Saving Parameter "EligibleDate = ".	[MsgId: MMSG-13798]
EmployeeBeginCoverage.c(41): Error -35049: No match found for the requested parameter "EligibleDate". Check whether the requested regular expression exists in the response data, Snapshot Info [MSH 18 13]  	[MsgId: MERR-35049]
End auto log messages stack.	[MsgId: MMSG-10544]


Start auto log messages stack - Iteration 18.	[MsgId: MMSG-10545]
EmployeeBeginCoverage.c(41): Notify: Saving Parameter "EmployeeID = ".	[MsgId: MMSG-13798]
EmployeeBeginCoverage.c(41): Error -35049: No match found for the requested parameter "EmployeeID". Check whether the requested regular expression exists in the response data, Snapshot Info [MSH 18 13]  	[MsgId: MERR-35049]
End auto log messages stack.	[MsgId: MMSG-10544]


Start auto log messages stack - Iteration 18.	[MsgId: MMSG-10545]
EmployeeBeginCoverage.c(41): Notify: Saving Parameter "EmpHireDate = ".	[MsgId: MMSG-13798]
EmployeeBeginCoverage.c(41): Error -35049: No match found for the requested parameter "EmpHireDate". Check whether the requested regular expression exists in the response data, Snapshot Info [MSH 18 13]  	[MsgId: MERR-35049]
End auto log messages stack.	[MsgId: MMSG-10544]


Start auto log messages stack - Iteration 18.	[MsgId: MMSG-10545]
EmployeeBeginCoverage.c(41): Notify: Saving Parameter "CovgStartDate = ".	[MsgId: MMSG-13798]
EmployeeBeginCoverage.c(41): Error -35049: No match found for the requested parameter "CovgStartDate". Check whether the requested regular expression exists in the response data, Snapshot Info [MSH 18 13]  	[MsgId: MERR-35049]
Start auto log messages stack - Iteration 27.	[MsgId: MMSG-10545]
EmployeeBeginCoverage.c(41): Resource "http://enroll_uat.dchbx.org/assets/icons/phone-bcc17403386ca4171aae411f308ef6a1.png" is in the cache already and will not be downloaded again  	[MsgId: MMSG-26655]
EmployeeBeginCoverage.c(41): Resource "http://enroll_uat.dchbx.org/assets/icons/mail-21b45f89893abcf4033b96e8a261354e.png" is in the cache already and will not be downloaded again  	[MsgId: MMSG-26655]
EmployeeBeginCoverage.c(41): Resource "http://enroll_uat.dchbx.org/assets/icons/message-6a0a303d9fc72d557125912bdf9efed8.png" is in the cache already and will not be downloaded again  	[MsgId: MMSG-26655]
EmployeeBeginCoverage.c(41): Notify: Saving Parameter "authenticity_token = DO9kxZktWdxfbImGwgXU/wQSDhoKyFTtQMlWdS0lIddHLGENJDKb0OIT1Pkp2D9tmBzcu6jaIQ/lhhfnDU6sBg==".	[MsgId: MMSG-13798]
EmployeeBeginCoverage.c(41): Notify: Saving Parameter "EligibleDate = ".	[MsgId: MMSG-13798]
EmployeeBeginCoverage.c(41): Error -35049: No match found for the requested parameter "EligibleDate". Check whether the requested regular expression exists in the response data, Snapshot Info [MSH 27 13]  	[MsgId: MERR-35049]
End auto log messages stack.	[MsgId: MMSG-10544]


Start auto log messages stack - Iteration 27.	[MsgId: MMSG-10545]
EmployeeBeginCoverage.c(41): Notify: Saving Parameter "EmployeeID = ".	[MsgId: MMSG-13798]
EmployeeBeginCoverage.c(41): Error -35049: No match found for the requested parameter "EmployeeID". Check whether the requested regular expression exists in the response data, Snapshot Info [MSH 27 13]  	[MsgId: MERR-35049]
End auto log messages stack.	[MsgId: MMSG-10544]


Start auto log messages stack - Iteration 27.	[MsgId: MMSG-10545]
EmployeeBeginCoverage.c(41): Notify: Saving Parameter "EmpHireDate = ".	[MsgId: MMSG-13798]
EmployeeBeginCoverage.c(41): Error -35049: No match found for the requested parameter "EmpHireDate". Check whether the requested regular expression exists in the response data, Snapshot Info [MSH 27 13]  	[MsgId: MERR-35049]
End auto log messages stack.	[MsgId: MMSG-10544]


Start auto log messages stack - Iteration 27.	[MsgId: MMSG-10545]
EmployeeBeginCoverage.c(41): Notify: Saving Parameter "CovgStartDate = ".	[MsgId: MMSG-13798]
EmployeeBeginCoverage.c(41): Error -35049: No match found for the requested parameter "CovgStartDate". Check whether the requested regular expression exists in the response data, Snapshot Info [MSH 27 13]  	[MsgId: MERR-35049]
End auto log messages stack.	[MsgId: MMSG-10544]


End auto log messages stack.	[MsgId: MMSG-10544]


Start auto log messages stack - Iteration 17.	[MsgId: MMSG-10545]
EmployeeBeginCoverage.c(41): Resource "http://enroll_uat.dchbx.org/assets/icons/phone-bcc17403386ca4171aae411f308ef6a1.png" is in the cache already and will not be downloaded again  	[MsgId: MMSG-26655]
EmployeeBeginCoverage.c(41): Resource "http://enroll_uat.dchbx.org/assets/icons/mail-21b45f89893abcf4033b96e8a261354e.png" is in the cache already and will not be downloaded again  	[MsgId: MMSG-26655]
EmployeeBeginCoverage.c(41): Resource "http://enroll_uat.dchbx.org/assets/icons/message-6a0a303d9fc72d557125912bdf9efed8.png" is in the cache already and will not be downloaded again  	[MsgId: MMSG-26655]
EmployeeBeginCoverage.c(41): Notify: Saving Parameter "authenticity_token = WXiJcm63yYJBimTXU0KChaiRwxDPI+5mCh0Sn0yOVMPZu+hJRQCbg6dY/ldpZmgSI2vGmG3GsiBKC2GMqGbX5A==".	[MsgId: MMSG-13798]
EmployeeBeginCoverage.c(41): Notify: Saving Parameter "EligibleDate = ".	[MsgId: MMSG-13798]
EmployeeBeginCoverage.c(41): Error -35049: No match found for the requested parameter "EligibleDate". Check whether the requested regular expression exists in the response data, Snapshot Info [MSH 17 13]  	[MsgId: MERR-35049]
End auto log messages stack.	[MsgId: MMSG-10544]


Start auto log messages stack - Iteration 17.	[MsgId: MMSG-10545]
EmployeeBeginCoverage.c(41): Notify: Saving Parameter "EmployeeID = ".	[MsgId: MMSG-13798]
EmployeeBeginCoverage.c(41): Error -35049: No match found for the requested parameter "EmployeeID". Check whether the requested regular expression exists in the response data, Snapshot Info [MSH 17 13]  	[MsgId: MERR-35049]
End auto log messages stack.	[MsgId: MMSG-10544]


Start auto log messages stack - Iteration 17.	[MsgId: MMSG-10545]
EmployeeBeginCoverage.c(41): Notify: Saving Parameter "EmpHireDate = ".	[MsgId: MMSG-13798]
EmployeeBeginCoverage.c(41): Error -35049: No match found for the requested parameter "EmpHireDate". Check whether the requested regular expression exists in the response data, Snapshot Info [MSH 17 13]  	[MsgId: MERR-35049]
End auto log messages stack.	[MsgId: MMSG-10544]


Start auto log messages stack - Iteration 17.	[MsgId: MMSG-10545]
EmployeeBeginCoverage.c(41): Notify: Saving Parameter "CovgStartDate = ".	[MsgId: MMSG-13798]
EmployeeBeginCoverage.c(41): Error -35049: No match found for the requested parameter "CovgStartDate". Check whether the requested regular expression exists in the response data, Snapshot Info [MSH 17 13]  	[MsgId: MERR-35049]
End auto log messages stack.	[MsgId: MMSG-10544]


Start auto log messages stack - Iteration 18.	[MsgId: MMSG-10545]
EmployeeBeginCoverage.c(41): Resource "http://enroll_uat.dchbx.org/assets/icons/phone-bcc17403386ca4171aae411f308ef6a1.png" is in the cache already and will not be downloaded again  	[MsgId: MMSG-26655]
EmployeeBeginCoverage.c(41): Resource "http://enroll_uat.dchbx.org/assets/icons/mail-21b45f89893abcf4033b96e8a261354e.png" is in the cache already and will not be downloaded again  	[MsgId: MMSG-26655]
EmployeeBeginCoverage.c(41): Resource "http://enroll_uat.dchbx.org/assets/icons/message-6a0a303d9fc72d557125912bdf9efed8.png" is in the cache already and will not be downloaded again  	[MsgId: MMSG-26655]
EmployeeBeginCoverage.c(41): Notify: Saving Parameter "authenticity_token = CndNEAK4xWpbNviJWkjdDz5lLNy+y0x0OdftlppL9MllSKCnWS5vi0b41Au5OEww3lEBua0QgTbDy5NKqpU27Q==".	[MsgId: MMSG-13798]
EmployeeBeginCoverage.c(41): Notify: Saving Parameter "EligibleDate = ".	[MsgId: MMSG-13798]
EmployeeBeginCoverage.c(41): Error -35049: No match found for the requested parameter "EligibleDate". Check whether the requested regular expression exists in the response data, Snapshot Info [MSH 18 13]  	[MsgId: MERR-35049]
End auto log messages stack.	[MsgId: MMSG-10544]


Start auto log messages stack - Iteration 18.	[MsgId: MMSG-10545]
EmployeeBeginCoverage.c(41): Notify: Saving Parameter "EmployeeID = ".	[MsgId: MMSG-13798]
EmployeeBeginCoverage.c(41): Error -35049: No match found for the requested parameter "EmployeeID". Check whether the requested regular expression exists in the response data, Snapshot Info [MSH 18 13]  	[MsgId: MERR-35049]
End auto log messages stack.	[MsgId: MMSG-10544]


Start auto log messages stack - Iteration 18.	[MsgId: MMSG-10545]
EmployeeBeginCoverage.c(41): Notify: Saving Parameter "EmpHireDate = ".	[MsgId: MMSG-13798]
EmployeeBeginCoverage.c(41): Error -35049: No match found for the requested parameter "EmpHireDate". Check whether the requested regular expression exists in the response data, Snapshot Info [MSH 18 13]  	[MsgId: MERR-35049]
End auto log messages stack.	[MsgId: MMSG-10544]


Start auto log messages stack - Iteration 18.	[MsgId: MMSG-10545]
EmployeeBeginCoverage.c(41): Notify: Saving Parameter "CovgStartDate = ".	[MsgId: MMSG-13798]
EmployeeBeginCoverage.c(41): Error -35049: No match found for the requested parameter "CovgStartDate". Check whether the requested regular expression exists in the response data, Snapshot Info [MSH 18 13]  	[MsgId: MERR-35049]
End auto log messages stack.	[MsgId: MMSG-10544]


Start auto log messages stack - Iteration 14.	[MsgId: MMSG-10545]
EmployeeBeginCoverage.c(41): Resource "http://enroll_uat.dchbx.org/assets/icons/phone-bcc17403386ca4171aae411f308ef6a1.png" is in the cache already and will not be downloaded again  	[MsgId: MMSG-26655]
EmployeeBeginCoverage.c(41): Resource "http://enroll_uat.dchbx.org/assets/icons/mail-21b45f89893abcf4033b96e8a261354e.png" is in the cache already and will not be downloaded again  	[MsgId: MMSG-26655]
EmployeeBeginCoverage.c(41): Resource "http://enroll_uat.dchbx.org/assets/icons/message-6a0a303d9fc72d557125912bdf9efed8.png" is in the cache already and will not be downloaded again  	[MsgId: MMSG-26655]
EmployeeBeginCoverage.c(41): Notify: Saving Parameter "authenticity_token = zVgZu7v3Bh+/bd6fy5d1VqdRddgsN49JR/dMTJVnFMJF6C3Vfu3cLsx5TZctbGqXPJhHJoRDtpvQaadpcFLTJg==".	[MsgId: MMSG-13798]
EmployeeBeginCoverage.c(41): Notify: Saving Parameter "EligibleDate = ".	[MsgId: MMSG-13798]
EmployeeBeginCoverage.c(41): Error -35049: No match found for the requested parameter "EligibleDate". Check whether the requested regular expression exists in the response data, Snapshot Info [MSH 14 13]  	[MsgId: MERR-35049]
End auto log messages stack.	[MsgId: MMSG-10544]


Start auto log messages stack - Iteration 14.	[MsgId: MMSG-10545]
EmployeeBeginCoverage.c(41): Notify: Saving Parameter "EmployeeID = ".	[MsgId: MMSG-13798]
EmployeeBeginCoverage.c(41): Error -35049: No match found for the requested parameter "EmployeeID". Check whether the requested regular expression exists in the response data, Snapshot Info [MSH 14 13]  	[MsgId: MERR-35049]
End auto log messages stack.	[MsgId: MMSG-10544]


Start auto log messages stack - Iteration 14.	[MsgId: MMSG-10545]
EmployeeBeginCoverage.c(41): Notify: Saving Parameter "EmpHireDate = ".	[MsgId: MMSG-13798]
EmployeeBeginCoverage.c(41): Error -35049: No match found for the requested parameter "EmpHireDate". Check whether the requested regular expression exists in the response data, Snapshot Info [MSH 14 13]  	[MsgId: MERR-35049]
End auto log messages stack.	[MsgId: MMSG-10544]


Start auto log messages stack - Iteration 14.	[MsgId: MMSG-10545]
EmployeeBeginCoverage.c(41): Notify: Saving Parameter "CovgStartDate = ".	[MsgId: MMSG-13798]
EmployeeBeginCoverage.c(41): Error -35049: No match found for the requested parameter "CovgStartDate". Check whether the requested regular expression exists in the response data, Snapshot Info [MSH 14 13]  	[MsgId: MERR-35049]
End auto log messages stack.	[MsgId: MMSG-10544]


Start auto log messages stack - Iteration 18.	[MsgId: MMSG-10545]
EmployeeBeginCoverage.c(41): Resource "http://enroll_uat.dchbx.org/assets/icons/phone-bcc17403386ca4171aae411f308ef6a1.png" is in the cache already and will not be downloaded again  	[MsgId: MMSG-26655]
EmployeeBeginCoverage.c(41): Resource "http://enroll_uat.dchbx.org/assets/icons/mail-21b45f89893abcf4033b96e8a261354e.png" is in the cache already and will not be downloaded again  	[MsgId: MMSG-26655]
EmployeeBeginCoverage.c(41): Resource "http://enroll_uat.dchbx.org/assets/icons/message-6a0a303d9fc72d557125912bdf9efed8.png" is in the cache already and will not be downloaded again  	[MsgId: MMSG-26655]
EmployeeBeginCoverage.c(41): Notify: Saving Parameter "authenticity_token = fShDp7SYgl004kqZ/b/yNLiXxMdm46factoPfiQgxOZbTETnC0lYXjLiLgvWawhul92dIAAtayDZX2BSOAMOEA==".	[MsgId: MMSG-13798]
EmployeeBeginCoverage.c(41): Notify: Saving Parameter "EligibleDate = ".	[MsgId: MMSG-13798]
EmployeeBeginCoverage.c(41): Error -35049: No match found for the requested parameter "EligibleDate". Check whether the requested regular expression exists in the response data, Snapshot Info [MSH 18 13]  	[MsgId: MERR-35049]
End auto log messages stack.	[MsgId: MMSG-10544]


Start auto log messages stack - Iteration 18.	[MsgId: MMSG-10545]
EmployeeBeginCoverage.c(41): Notify: Saving Parameter "EmployeeID = ".	[MsgId: MMSG-13798]
EmployeeBeginCoverage.c(41): Error -35049: No match found for the requested parameter "EmployeeID". Check whether the requested regular expression exists in the response data, Snapshot Info [MSH 18 13]  	[MsgId: MERR-35049]
End auto log messages stack.	[MsgId: MMSG-10544]


Start auto log messages stack - Iteration 18.	[MsgId: MMSG-10545]
EmployeeBeginCoverage.c(41): Notify: Saving Parameter "EmpHireDate = ".	[MsgId: MMSG-13798]
EmployeeBeginCoverage.c(41): Error -35049: No match found for the requested parameter "EmpHireDate". Check whether the requested regular expression exists in the response data, Snapshot Info [MSH 18 13]  	[MsgId: MERR-35049]
End auto log messages stack.	[MsgId: MMSG-10544]


Start auto log messages stack - Iteration 18.	[MsgId: MMSG-10545]
EmployeeBeginCoverage.c(41): Notify: Saving Parameter "CovgStartDate = ".	[MsgId: MMSG-13798]
EmployeeBeginCoverage.c(41): Error -35049: No match found for the requested parameter "CovgStartDate". Check whether the requested regular expression exists in the response data, Snapshot Info [MSH 18 13]  	[MsgId: MERR-35049]
End auto log messages stack.	[MsgId: MMSG-10544]


Start auto log messages stack - Iteration 27.	[MsgId: MMSG-10545]
EmployeeBeginCoverage.c(41): Resource "http://enroll_uat.dchbx.org/assets/icons/phone-bcc17403386ca4171aae411f308ef6a1.png" is in the cache already and will not be downloaded again  	[MsgId: MMSG-26655]
EmployeeBeginCoverage.c(41): Resource "http://enroll_uat.dchbx.org/assets/icons/mail-21b45f89893abcf4033b96e8a261354e.png" is in the cache already and will not be downloaded again  	[MsgId: MMSG-26655]
EmployeeBeginCoverage.c(41): Resource "http://enroll_uat.dchbx.org/assets/icons/message-6a0a303d9fc72d557125912bdf9efed8.png" is in the cache already and will not be downloaded again  	[MsgId: MMSG-26655]
EmployeeBeginCoverage.c(41): Notify: Saving Parameter "authenticity_token = QmqqIy9Bqan+MTNiZKJwbN/mwoppfvhYxyGDUrGm40Q7QOEByhKKrlMPBH8ADNpW6ZR79nZZFq45QJ2LNZWTNA==".	[MsgId: MMSG-13798]
EmployeeBeginCoverage.c(41): Notify: Saving Parameter "EligibleDate = ".	[MsgId: MMSG-13798]
EmployeeBeginCoverage.c(41): Error -35049: No match found for the requested parameter "EligibleDate". Check whether the requested regular expression exists in the response data, Snapshot Info [MSH 27 13]  	[MsgId: MERR-35049]
End auto log messages stack.	[MsgId: MMSG-10544]


Start auto log messages stack - Iteration 27.	[MsgId: MMSG-10545]
EmployeeBeginCoverage.c(41): Notify: Saving Parameter "EmployeeID = ".	[MsgId: MMSG-13798]
EmployeeBeginCoverage.c(41): Error -35049: No match found for the requested parameter "EmployeeID". Check whether the requested regular expression exists in the response data, Snapshot Info [MSH 27 13]  	[MsgId: MERR-35049]
End auto log messages stack.	[MsgId: MMSG-10544]


Start auto log messages stack - Iteration 27.	[MsgId: MMSG-10545]
EmployeeBeginCoverage.c(41): Notify: Saving Parameter "EmpHireDate = ".	[MsgId: MMSG-13798]
EmployeeBeginCoverage.c(41): Error -35049: No match found for the requested parameter "EmpHireDate". Check whether the requested regular expression exists in the response data, Snapshot Info [MSH 27 13]  	[MsgId: MERR-35049]
End auto log messages stack.	[MsgId: MMSG-10544]


Start auto log messages stack - Iteration 27.	[MsgId: MMSG-10545]
EmployeeBeginCoverage.c(41): Notify: Saving Parameter "CovgStartDate = ".	[MsgId: MMSG-13798]
EmployeeBeginCoverage.c(41): Error -35049: No match found for the requested parameter "CovgStartDate". Check whether the requested regular expression exists in the response data, Snapshot Info [MSH 27 13]  	[MsgId: MERR-35049]
End auto log messages stack.	[MsgId: MMSG-10544]


