Error: Parameter 'EmpDOBMonth': Invalid column name '' for table 'EmpFName.dat'.	[MsgId: MERR-13897]
Error: Parameter 'EmpDOBMonth': Invalid column name '' for table 'EmpFName.dat'.	[MsgId: MERR-13897]
Error: Parameter 'EmpDOBMonth': Invalid column name '' for table 'EmpFName.dat'.	[MsgId: MERR-13897]
Error: Parameter 'EmpDOBMonth': Invalid column name '' for table 'EmpFName.dat'.	[MsgId: MERR-13897]
Start auto log messages stack - Iteration 1.	[MsgId: MMSG-10545]
EmployeeCreateAccount.c(11): Resource "http://enroll_uat.dchbx.org/assets/icons/message-6a0a303d9fc72d557125912bdf9efed8.png" is in the cache already and will not be downloaded again  	[MsgId: MMSG-26655]
EmployeeCreateAccount.c(11): Notify: Saving Parameter "authenticity_token = IZc8Vfx3OFTR/Bzpi2EUgY5ijTEml7XGY4Lct87h1Wxj8GdXF4GlimHMqXF4Ca3VynRpScFCSsJRYI5r/UpHDQ==".	[MsgId: MMSG-13798]
EmployeeCreateAccount.c(11): Registered web_reg_find successful for "Text=Welcome to DC Health Link | DC Health Link" (count=1)  	[MsgId: MMSG-26364]
EmployeeCreateAccount.c(11): web_link("Create account") was successful, 20828 body bytes, 444 header bytes  	[MsgId: MMSG-26386]
EmployeeCreateAccount.c(16): Error: Failed to end Transaction "EMPLYE_0003_Click_Emp_Create_Account" (by name). Please check that you made a call to start transaction operation.	[MsgId: MERR-16985]
End auto log messages stack.	[MsgId: MMSG-10544]


Start auto log messages stack - Iteration 1.	[MsgId: MMSG-10545]
EmployeeCreateAccount.c(11): Resource "http://enroll_uat.dchbx.org/assets/icons/message-6a0a303d9fc72d557125912bdf9efed8.png" is in the cache already and will not be downloaded again  	[MsgId: MMSG-26655]
EmployeeCreateAccount.c(11): Notify: Saving Parameter "authenticity_token = NqJXkIGEKIAqLd3BmTCxa/ANxm0O3M5nIekYlaEckfd6siRgtUSW/3DYrJjGwOWxs0SHOYen44RZQCGXEgKqEg==".	[MsgId: MMSG-13798]
EmployeeCreateAccount.c(11): Registered web_reg_find successful for "Text=Welcome to DC Health Link | DC Health Link" (count=1)  	[MsgId: MMSG-26364]
EmployeeCreateAccount.c(11): web_link("Create account") was successful, 20828 body bytes, 444 header bytes  	[MsgId: MMSG-26386]
EmployeeCreateAccount.c(16): Error: Failed to end Transaction "EMPLYE_0003_Click_Emp_Create_Account" (by name). Please check that you made a call to start transaction operation.	[MsgId: MERR-16985]
End auto log messages stack.	[MsgId: MMSG-10544]


Error: Parameter 'EmpDOBMonth': Invalid column name '' for table 'EmpFName.dat'.	[MsgId: MERR-13897]
Error: Parameter 'EmpDOBMonth': Invalid column name '' for table 'EmpFName.dat'.	[MsgId: MERR-13897]
Start auto log messages stack - Iteration 1.	[MsgId: MMSG-10545]
EmployeeCreateAccount.c(11): Resource "http://enroll_uat.dchbx.org/assets/icons/message-6a0a303d9fc72d557125912bdf9efed8.png" is in the cache already and will not be downloaded again  	[MsgId: MMSG-26655]
EmployeeCreateAccount.c(11): Notify: Saving Parameter "authenticity_token = UXzU2gwRG/uwyGnaH5BWCauHRtfcDlzF0sMWKvn2yDX+cLDW8HNSfiNHzDS4+Fq3JLmv/N/sGQAjHowlExl6yg==".	[MsgId: MMSG-13798]
EmployeeCreateAccount.c(11): Registered web_reg_find successful for "Text=Welcome to DC Health Link | DC Health Link" (count=1)  	[MsgId: MMSG-26364]
EmployeeCreateAccount.c(11): web_link("Create account") was successful, 20828 body bytes, 444 header bytes  	[MsgId: MMSG-26386]
EmployeeCreateAccount.c(16): Error: Failed to end Transaction "EMPLYE_0003_Click_Emp_Create_Account" (by name). Please check that you made a call to start transaction operation.	[MsgId: MERR-16985]
End auto log messages stack.	[MsgId: MMSG-10544]


Start auto log messages stack - Iteration 1.	[MsgId: MMSG-10545]
EmployeeCreateAccount.c(11): Resource "http://enroll_uat.dchbx.org/assets/icons/message-6a0a303d9fc72d557125912bdf9efed8.png" is in the cache already and will not be downloaded again  	[MsgId: MMSG-26655]
EmployeeCreateAccount.c(11): Notify: Saving Parameter "authenticity_token = w0UAnzivIAYpaBNv3DKeWrOvojexpkUg1NAFjrN6joqhQtCZ8jbJkdxpSUdaZ7/JTlPdQziTbX2WEq6ln/9LOw==".	[MsgId: MMSG-13798]
EmployeeCreateAccount.c(11): Registered web_reg_find successful for "Text=Welcome to DC Health Link | DC Health Link" (count=1)  	[MsgId: MMSG-26364]
EmployeeCreateAccount.c(11): web_link("Create account") was successful, 20828 body bytes, 444 header bytes  	[MsgId: MMSG-26386]
EmployeeCreateAccount.c(16): Error: Failed to end Transaction "EMPLYE_0003_Click_Emp_Create_Account" (by name). Please check that you made a call to start transaction operation.	[MsgId: MERR-16985]
End auto log messages stack.	[MsgId: MMSG-10544]


Start auto log messages stack - Iteration 1.	[MsgId: MMSG-10545]
EmployeeCreateAccount.c(25): Resource "http://enroll_uat.dchbx.org/assets/icons/phone-bcc17403386ca4171aae411f308ef6a1.png" is in the cache already and will not be downloaded again  	[MsgId: MMSG-26655]
EmployeeCreateAccount.c(25): Resource "http://enroll_uat.dchbx.org/assets/icons/mail-21b45f89893abcf4033b96e8a261354e.png" is in the cache already and will not be downloaded again  	[MsgId: MMSG-26655]
EmployeeCreateAccount.c(25): Resource "http://enroll_uat.dchbx.org/assets/icons/message-6a0a303d9fc72d557125912bdf9efed8.png" is in the cache already and will not be downloaded again  	[MsgId: MMSG-26655]
EmployeeCreateAccount.c(25): Notify: Saving Parameter "Employee_SSN = ".	[MsgId: MMSG-13798]
EmployeeCreateAccount.c(25): Error -35049: No match found for the requested parameter "Employee_SSN". Check whether the requested regular expression exists in the response data, Snapshot Info [MSH 1 7]  	[MsgId: MERR-35049]
End auto log messages stack.	[MsgId: MMSG-10544]


Start auto log messages stack - Iteration 1.	[MsgId: MMSG-10545]
EmployeeCreateAccount.c(25): Resource "http://enroll_uat.dchbx.org/assets/icons/phone-bcc17403386ca4171aae411f308ef6a1.png" is in the cache already and will not be downloaded again  	[MsgId: MMSG-26655]
EmployeeCreateAccount.c(25): Resource "http://enroll_uat.dchbx.org/assets/icons/mail-21b45f89893abcf4033b96e8a261354e.png" is in the cache already and will not be downloaded again  	[MsgId: MMSG-26655]
EmployeeCreateAccount.c(25): Resource "http://enroll_uat.dchbx.org/assets/icons/message-6a0a303d9fc72d557125912bdf9efed8.png" is in the cache already and will not be downloaded again  	[MsgId: MMSG-26655]
EmployeeCreateAccount.c(25): Notify: Saving Parameter "Employee_SSN = ".	[MsgId: MMSG-13798]
EmployeeCreateAccount.c(25): Error -35049: No match found for the requested parameter "Employee_SSN". Check whether the requested regular expression exists in the response data, Snapshot Info [MSH 1 7]  	[MsgId: MERR-35049]
End auto log messages stack.	[MsgId: MMSG-10544]


Start auto log messages stack - Iteration 1.	[MsgId: MMSG-10545]
EmployeeCreateAccount.c(25): Resource "http://enroll_uat.dchbx.org/assets/icons/phone-bcc17403386ca4171aae411f308ef6a1.png" is in the cache already and will not be downloaded again  	[MsgId: MMSG-26655]
EmployeeCreateAccount.c(25): Resource "http://enroll_uat.dchbx.org/assets/icons/mail-21b45f89893abcf4033b96e8a261354e.png" is in the cache already and will not be downloaded again  	[MsgId: MMSG-26655]
EmployeeCreateAccount.c(25): Resource "http://enroll_uat.dchbx.org/assets/icons/message-6a0a303d9fc72d557125912bdf9efed8.png" is in the cache already and will not be downloaded again  	[MsgId: MMSG-26655]
EmployeeCreateAccount.c(25): Notify: Saving Parameter "Employee_SSN = ".	[MsgId: MMSG-13798]
EmployeeCreateAccount.c(25): Error -35049: No match found for the requested parameter "Employee_SSN". Check whether the requested regular expression exists in the response data, Snapshot Info [MSH 1 7]  	[MsgId: MERR-35049]
End auto log messages stack.	[MsgId: MMSG-10544]


Error: Parameter 'EmpDOBMonth': Invalid column name '' for table 'EmpFName.dat'.	[MsgId: MERR-13897]
Error: Parameter 'EmpDOBMonth': Invalid column name '' for table 'EmpFName.dat'.	[MsgId: MERR-13897]
Start auto log messages stack - Iteration 1.	[MsgId: MMSG-10545]
EmployeeCreateAccount.c(11): Resource "http://enroll_uat.dchbx.org/assets/icons/message-6a0a303d9fc72d557125912bdf9efed8.png" is in the cache already and will not be downloaded again  	[MsgId: MMSG-26655]
EmployeeCreateAccount.c(11): Notify: Saving Parameter "authenticity_token = l6umNbCHSKjbDkOoxJ1+0ccNPZX8qwea5OuL0uiIkRTw7EfUyty1Gj056gtgtuzHNEO/QmsKDLvkATQdmYJzmQ==".	[MsgId: MMSG-13798]
EmployeeCreateAccount.c(11): Registered web_reg_find successful for "Text=Welcome to DC Health Link | DC Health Link" (count=1)  	[MsgId: MMSG-26364]
EmployeeCreateAccount.c(11): web_link("Create account") was successful, 20828 body bytes, 444 header bytes  	[MsgId: MMSG-26386]
EmployeeCreateAccount.c(16): Error: Failed to end Transaction "EMPLYE_0003_Click_Emp_Create_Account" (by name). Please check that you made a call to start transaction operation.	[MsgId: MERR-16985]
End auto log messages stack.	[MsgId: MMSG-10544]


Start auto log messages stack - Iteration 1.	[MsgId: MMSG-10545]
EmployeeCreateAccount.c(25): Resource "http://enroll_uat.dchbx.org/assets/icons/phone-bcc17403386ca4171aae411f308ef6a1.png" is in the cache already and will not be downloaded again  	[MsgId: MMSG-26655]
EmployeeCreateAccount.c(25): Resource "http://enroll_uat.dchbx.org/assets/icons/mail-21b45f89893abcf4033b96e8a261354e.png" is in the cache already and will not be downloaded again  	[MsgId: MMSG-26655]
EmployeeCreateAccount.c(25): Resource "http://enroll_uat.dchbx.org/assets/icons/message-6a0a303d9fc72d557125912bdf9efed8.png" is in the cache already and will not be downloaded again  	[MsgId: MMSG-26655]
EmployeeCreateAccount.c(25): Notify: Saving Parameter "Employee_SSN = ".	[MsgId: MMSG-13798]
EmployeeCreateAccount.c(25): Error -35049: No match found for the requested parameter "Employee_SSN". Check whether the requested regular expression exists in the response data, Snapshot Info [MSH 1 7]  	[MsgId: MERR-35049]
End auto log messages stack.	[MsgId: MMSG-10544]


Start auto log messages stack - Iteration 1.	[MsgId: MMSG-10545]
EmployeeCreateAccount.c(11): Resource "http://enroll_uat.dchbx.org/assets/icons/message-6a0a303d9fc72d557125912bdf9efed8.png" is in the cache already and will not be downloaded again  	[MsgId: MMSG-26655]
EmployeeCreateAccount.c(11): Notify: Saving Parameter "authenticity_token = +OicMJrQWhp/a1gDT3TAZY3tC0xGu0DGdJuRHe1Rc/wGczeyKoObaD99sm0ZNuw3qqFCoXKNBn+GePBy9kfXtw==".	[MsgId: MMSG-13798]
EmployeeCreateAccount.c(11): Registered web_reg_find successful for "Text=Welcome to DC Health Link | DC Health Link" (count=1)  	[MsgId: MMSG-26364]
EmployeeCreateAccount.c(11): web_link("Create account") was successful, 20828 body bytes, 444 header bytes  	[MsgId: MMSG-26386]
EmployeeCreateAccount.c(16): Error: Failed to end Transaction "EMPLYE_0003_Click_Emp_Create_Account" (by name). Please check that you made a call to start transaction operation.	[MsgId: MERR-16985]
End auto log messages stack.	[MsgId: MMSG-10544]


Start auto log messages stack - Iteration 1.	[MsgId: MMSG-10545]
EmployeeCreateAccount.c(25): Resource "http://enroll_uat.dchbx.org/assets/icons/phone-bcc17403386ca4171aae411f308ef6a1.png" is in the cache already and will not be downloaded again  	[MsgId: MMSG-26655]
EmployeeCreateAccount.c(25): Resource "http://enroll_uat.dchbx.org/assets/icons/mail-21b45f89893abcf4033b96e8a261354e.png" is in the cache already and will not be downloaded again  	[MsgId: MMSG-26655]
EmployeeCreateAccount.c(25): Resource "http://enroll_uat.dchbx.org/assets/icons/message-6a0a303d9fc72d557125912bdf9efed8.png" is in the cache already and will not be downloaded again  	[MsgId: MMSG-26655]
EmployeeCreateAccount.c(25): Notify: Saving Parameter "Employee_SSN = ".	[MsgId: MMSG-13798]
EmployeeCreateAccount.c(25): Error -35049: No match found for the requested parameter "Employee_SSN". Check whether the requested regular expression exists in the response data, Snapshot Info [MSH 1 7]  	[MsgId: MERR-35049]
End auto log messages stack.	[MsgId: MMSG-10544]


Error: Parameter 'EmpDOBMonth': Invalid column name '' for table 'EmpFName.dat'.	[MsgId: MERR-13897]
Error: Parameter 'EmpDOBMonth': Invalid column name '' for table 'EmpFName.dat'.	[MsgId: MERR-13897]
Start auto log messages stack - Iteration 2.	[MsgId: MMSG-10545]
EmployeeCreateAccount.c(11): Resource "http://enroll_uat.dchbx.org/assets/icons/message-6a0a303d9fc72d557125912bdf9efed8.png" is in the cache already and will not be downloaded again  	[MsgId: MMSG-26655]
EmployeeCreateAccount.c(11): Notify: Saving Parameter "authenticity_token = QNfhFlU1PDQta6VNbSa7K7X7P/6cQ1NCqPQiCFm8ScK1LPMu91ZQfxlBJx+zf61t/vvugt2bVOo6EIX/c8uPkg==".	[MsgId: MMSG-13798]
EmployeeCreateAccount.c(11): Registered web_reg_find successful for "Text=Welcome to DC Health Link | DC Health Link" (count=1)  	[MsgId: MMSG-26364]
EmployeeCreateAccount.c(11): web_link("Create account") was successful, 20828 body bytes, 444 header bytes  	[MsgId: MMSG-26386]
EmployeeCreateAccount.c(16): Error: Failed to end Transaction "EMPLYE_0003_Click_Emp_Create_Account" (by name). Please check that you made a call to start transaction operation.	[MsgId: MERR-16985]
End auto log messages stack.	[MsgId: MMSG-10544]


Start auto log messages stack - Iteration 1.	[MsgId: MMSG-10545]
EmployeeCreateAccount.c(11): Resource "http://enroll_uat.dchbx.org/assets/icons/message-6a0a303d9fc72d557125912bdf9efed8.png" is in the cache already and will not be downloaded again  	[MsgId: MMSG-26655]
EmployeeCreateAccount.c(11): Notify: Saving Parameter "authenticity_token = iB3W8KKJDOgECD+NhhuICD6jVi5yNQ7j2yWSGtesqM14xD8ApMf5Y0ll2Dg1lmoNywqmYIKxJhd9uHY6z9E57Q==".	[MsgId: MMSG-13798]
EmployeeCreateAccount.c(11): Registered web_reg_find successful for "Text=Welcome to DC Health Link | DC Health Link" (count=1)  	[MsgId: MMSG-26364]
EmployeeCreateAccount.c(11): web_link("Create account") was successful, 20828 body bytes, 444 header bytes  	[MsgId: MMSG-26386]
EmployeeCreateAccount.c(16): Error: Failed to end Transaction "EMPLYE_0003_Click_Emp_Create_Account" (by name). Please check that you made a call to start transaction operation.	[MsgId: MERR-16985]
End auto log messages stack.	[MsgId: MMSG-10544]


Start auto log messages stack - Iteration 2.	[MsgId: MMSG-10545]
EmployeeCreateAccount.c(11): Resource "http://enroll_uat.dchbx.org/assets/icons/message-6a0a303d9fc72d557125912bdf9efed8.png" is in the cache already and will not be downloaded again  	[MsgId: MMSG-26655]
EmployeeCreateAccount.c(11): Notify: Saving Parameter "authenticity_token = DQpCHwTdpQSt1jpAjhaMquV5lXtalpiVKST2+d3Iywr8q+XCxyZLtImqqPLxMs7oWYhqz6JCVAUH2ocZQdnrqQ==".	[MsgId: MMSG-13798]
EmployeeCreateAccount.c(11): Registered web_reg_find successful for "Text=Welcome to DC Health Link | DC Health Link" (count=1)  	[MsgId: MMSG-26364]
EmployeeCreateAccount.c(11): web_link("Create account") was successful, 20828 body bytes, 444 header bytes  	[MsgId: MMSG-26386]
EmployeeCreateAccount.c(16): Error: Failed to end Transaction "EMPLYE_0003_Click_Emp_Create_Account" (by name). Please check that you made a call to start transaction operation.	[MsgId: MERR-16985]
End auto log messages stack.	[MsgId: MMSG-10544]


Start auto log messages stack - Iteration 2.	[MsgId: MMSG-10545]
EmployeeCreateAccount.c(11): Resource "http://enroll_uat.dchbx.org/assets/icons/message-6a0a303d9fc72d557125912bdf9efed8.png" is in the cache already and will not be downloaded again  	[MsgId: MMSG-26655]
EmployeeCreateAccount.c(11): Notify: Saving Parameter "authenticity_token = 0IAPnfxAk7cn3FJ7mnh1yJ4tTeWtjCqQSMT9X1dFUkPRAi5Gk5LFfYA3VnZQsgt5nTuSakp8mKQEowOIFc4tYA==".	[MsgId: MMSG-13798]
EmployeeCreateAccount.c(11): Registered web_reg_find successful for "Text=Welcome to DC Health Link | DC Health Link" (count=1)  	[MsgId: MMSG-26364]
EmployeeCreateAccount.c(11): web_link("Create account") was successful, 20828 body bytes, 444 header bytes  	[MsgId: MMSG-26386]
EmployeeCreateAccount.c(16): Error: Failed to end Transaction "EMPLYE_0003_Click_Emp_Create_Account" (by name). Please check that you made a call to start transaction operation.	[MsgId: MERR-16985]
End auto log messages stack.	[MsgId: MMSG-10544]


Start auto log messages stack - Iteration 1.	[MsgId: MMSG-10545]
EmployeeCreateAccount.c(25): Resource "http://enroll_uat.dchbx.org/assets/icons/phone-bcc17403386ca4171aae411f308ef6a1.png" is in the cache already and will not be downloaded again  	[MsgId: MMSG-26655]
EmployeeCreateAccount.c(25): Resource "http://enroll_uat.dchbx.org/assets/icons/mail-21b45f89893abcf4033b96e8a261354e.png" is in the cache already and will not be downloaded again  	[MsgId: MMSG-26655]
EmployeeCreateAccount.c(25): Resource "http://enroll_uat.dchbx.org/assets/icons/message-6a0a303d9fc72d557125912bdf9efed8.png" is in the cache already and will not be downloaded again  	[MsgId: MMSG-26655]
EmployeeCreateAccount.c(25): Notify: Saving Parameter "Employee_SSN = ".	[MsgId: MMSG-13798]
EmployeeCreateAccount.c(25): Error -35049: No match found for the requested parameter "Employee_SSN". Check whether the requested regular expression exists in the response data, Snapshot Info [MSH 1 7]  	[MsgId: MERR-35049]
End auto log messages stack.	[MsgId: MMSG-10544]


Start auto log messages stack - Iteration 1.	[MsgId: MMSG-10545]
EmployeeCreateAccount.c(11): Resource "http://enroll_uat.dchbx.org/assets/icons/message-6a0a303d9fc72d557125912bdf9efed8.png" is in the cache already and will not be downloaded again  	[MsgId: MMSG-26655]
EmployeeCreateAccount.c(11): Notify: Saving Parameter "authenticity_token = dawjALVsUOcr7JuoS3sWtmExLDnvYZ/DWrU4QqQRtxmtZ798K6rULWHXBPIFRyx/Uim5/SwDMVuRUjEr+n1MYw==".	[MsgId: MMSG-13798]
EmployeeCreateAccount.c(11): Registered web_reg_find successful for "Text=Welcome to DC Health Link | DC Health Link" (count=1)  	[MsgId: MMSG-26364]
EmployeeCreateAccount.c(11): web_link("Create account") was successful, 20828 body bytes, 444 header bytes  	[MsgId: MMSG-26386]
EmployeeCreateAccount.c(16): Error: Failed to end Transaction "EMPLYE_0003_Click_Emp_Create_Account" (by name). Please check that you made a call to start transaction operation.	[MsgId: MERR-16985]
End auto log messages stack.	[MsgId: MMSG-10544]


Start auto log messages stack - Iteration 2.	[MsgId: MMSG-10545]
EmployeeCreateAccount.c(11): Resource "http://enroll_uat.dchbx.org/assets/icons/message-6a0a303d9fc72d557125912bdf9efed8.png" is in the cache already and will not be downloaded again  	[MsgId: MMSG-26655]
EmployeeCreateAccount.c(11): Notify: Saving Parameter "authenticity_token = lLLtg9NuVYM1OOgXo5ObacUrNwIMxqOUcmMfqnzbs352yg5uv7wynb/iPhJBZkMPp0LXZl/oSMVnKfBLRRoLKg==".	[MsgId: MMSG-13798]
EmployeeCreateAccount.c(11): Registered web_reg_find successful for "Text=Welcome to DC Health Link | DC Health Link" (count=1)  	[MsgId: MMSG-26364]
EmployeeCreateAccount.c(11): web_link("Create account") was successful, 20828 body bytes, 444 header bytes  	[MsgId: MMSG-26386]
EmployeeCreateAccount.c(16): Error: Failed to end Transaction "EMPLYE_0003_Click_Emp_Create_Account" (by name). Please check that you made a call to start transaction operation.	[MsgId: MERR-16985]
End auto log messages stack.	[MsgId: MMSG-10544]


Start auto log messages stack - Iteration 2.	[MsgId: MMSG-10545]
EmployeeCreateAccount.c(25): Resource "http://enroll_uat.dchbx.org/assets/icons/phone-bcc17403386ca4171aae411f308ef6a1.png" is in the cache already and will not be downloaded again  	[MsgId: MMSG-26655]
EmployeeCreateAccount.c(25): Resource "http://enroll_uat.dchbx.org/assets/icons/mail-21b45f89893abcf4033b96e8a261354e.png" is in the cache already and will not be downloaded again  	[MsgId: MMSG-26655]
EmployeeCreateAccount.c(25): Resource "http://enroll_uat.dchbx.org/assets/icons/message-6a0a303d9fc72d557125912bdf9efed8.png" is in the cache already and will not be downloaded again  	[MsgId: MMSG-26655]
EmployeeCreateAccount.c(25): Notify: Saving Parameter "Employee_SSN = ".	[MsgId: MMSG-13798]
EmployeeCreateAccount.c(25): Error -35049: No match found for the requested parameter "Employee_SSN". Check whether the requested regular expression exists in the response data, Snapshot Info [MSH 2 7]  	[MsgId: MERR-35049]
End auto log messages stack.	[MsgId: MMSG-10544]


Start auto log messages stack - Iteration 1.	[MsgId: MMSG-10545]
EmployeeCreateAccount.c(25): Resource "http://enroll_uat.dchbx.org/assets/icons/phone-bcc17403386ca4171aae411f308ef6a1.png" is in the cache already and will not be downloaded again  	[MsgId: MMSG-26655]
EmployeeCreateAccount.c(25): Resource "http://enroll_uat.dchbx.org/assets/icons/mail-21b45f89893abcf4033b96e8a261354e.png" is in the cache already and will not be downloaded again  	[MsgId: MMSG-26655]
EmployeeCreateAccount.c(25): Resource "http://enroll_uat.dchbx.org/assets/icons/message-6a0a303d9fc72d557125912bdf9efed8.png" is in the cache already and will not be downloaded again  	[MsgId: MMSG-26655]
EmployeeCreateAccount.c(25): Notify: Saving Parameter "Employee_SSN = ".	[MsgId: MMSG-13798]
EmployeeCreateAccount.c(25): Error -35049: No match found for the requested parameter "Employee_SSN". Check whether the requested regular expression exists in the response data, Snapshot Info [MSH 1 7]  	[MsgId: MERR-35049]
End auto log messages stack.	[MsgId: MMSG-10544]


Start auto log messages stack - Iteration 2.	[MsgId: MMSG-10545]
EmployeeCreateAccount.c(25): Resource "http://enroll_uat.dchbx.org/assets/icons/phone-bcc17403386ca4171aae411f308ef6a1.png" is in the cache already and will not be downloaded again  	[MsgId: MMSG-26655]
EmployeeCreateAccount.c(25): Resource "http://enroll_uat.dchbx.org/assets/icons/mail-21b45f89893abcf4033b96e8a261354e.png" is in the cache already and will not be downloaded again  	[MsgId: MMSG-26655]
EmployeeCreateAccount.c(25): Resource "http://enroll_uat.dchbx.org/assets/icons/message-6a0a303d9fc72d557125912bdf9efed8.png" is in the cache already and will not be downloaded again  	[MsgId: MMSG-26655]
EmployeeCreateAccount.c(25): Notify: Saving Parameter "Employee_SSN = ".	[MsgId: MMSG-13798]
EmployeeCreateAccount.c(25): Error -35049: No match found for the requested parameter "Employee_SSN". Check whether the requested regular expression exists in the response data, Snapshot Info [MSH 2 7]  	[MsgId: MERR-35049]
End auto log messages stack.	[MsgId: MMSG-10544]


Start auto log messages stack - Iteration 2.	[MsgId: MMSG-10545]
EmployeeCreateAccount.c(25): Resource "http://enroll_uat.dchbx.org/assets/icons/phone-bcc17403386ca4171aae411f308ef6a1.png" is in the cache already and will not be downloaded again  	[MsgId: MMSG-26655]
EmployeeCreateAccount.c(25): Resource "http://enroll_uat.dchbx.org/assets/icons/mail-21b45f89893abcf4033b96e8a261354e.png" is in the cache already and will not be downloaded again  	[MsgId: MMSG-26655]
EmployeeCreateAccount.c(25): Resource "http://enroll_uat.dchbx.org/assets/icons/message-6a0a303d9fc72d557125912bdf9efed8.png" is in the cache already and will not be downloaded again  	[MsgId: MMSG-26655]
EmployeeCreateAccount.c(25): Notify: Saving Parameter "Employee_SSN = ".	[MsgId: MMSG-13798]
EmployeeCreateAccount.c(25): Error -35049: No match found for the requested parameter "Employee_SSN". Check whether the requested regular expression exists in the response data, Snapshot Info [MSH 2 7]  	[MsgId: MERR-35049]
End auto log messages stack.	[MsgId: MMSG-10544]


Start auto log messages stack - Iteration 1.	[MsgId: MMSG-10545]
EmployeeCreateAccount.c(25): Resource "http://enroll_uat.dchbx.org/assets/icons/phone-bcc17403386ca4171aae411f308ef6a1.png" is in the cache already and will not be downloaded again  	[MsgId: MMSG-26655]
EmployeeCreateAccount.c(25): Resource "http://enroll_uat.dchbx.org/assets/icons/mail-21b45f89893abcf4033b96e8a261354e.png" is in the cache already and will not be downloaded again  	[MsgId: MMSG-26655]
EmployeeCreateAccount.c(25): Resource "http://enroll_uat.dchbx.org/assets/icons/message-6a0a303d9fc72d557125912bdf9efed8.png" is in the cache already and will not be downloaded again  	[MsgId: MMSG-26655]
EmployeeCreateAccount.c(25): Notify: Saving Parameter "Employee_SSN = ".	[MsgId: MMSG-13798]
EmployeeCreateAccount.c(25): Error -35049: No match found for the requested parameter "Employee_SSN". Check whether the requested regular expression exists in the response data, Snapshot Info [MSH 1 7]  	[MsgId: MERR-35049]
End auto log messages stack.	[MsgId: MMSG-10544]


Start auto log messages stack - Iteration 2.	[MsgId: MMSG-10545]
EmployeeCreateAccount.c(11): Resource "http://enroll_uat.dchbx.org/assets/icons/message-6a0a303d9fc72d557125912bdf9efed8.png" is in the cache already and will not be downloaded again  	[MsgId: MMSG-26655]
EmployeeCreateAccount.c(11): Notify: Saving Parameter "authenticity_token = 0+ukKEWLeGaaNs/TchMicp8AkTSlbTYtiqHowcwj/5r+TF3blCqNenSXpUUCzfG9KooWGdj4gPJrmN0eobn83w==".	[MsgId: MMSG-13798]
EmployeeCreateAccount.c(11): Registered web_reg_find successful for "Text=Welcome to DC Health Link | DC Health Link" (count=1)  	[MsgId: MMSG-26364]
EmployeeCreateAccount.c(11): web_link("Create account") was successful, 20828 body bytes, 444 header bytes  	[MsgId: MMSG-26386]
EmployeeCreateAccount.c(16): Error: Failed to end Transaction "EMPLYE_0003_Click_Emp_Create_Account" (by name). Please check that you made a call to start transaction operation.	[MsgId: MERR-16985]
End auto log messages stack.	[MsgId: MMSG-10544]


Start auto log messages stack - Iteration 1.	[MsgId: MMSG-10545]
EmployeeCreateAccount.c(11): Resource "http://enroll_uat.dchbx.org/assets/icons/message-6a0a303d9fc72d557125912bdf9efed8.png" is in the cache already and will not be downloaded again  	[MsgId: MMSG-26655]
EmployeeCreateAccount.c(11): Notify: Saving Parameter "authenticity_token = jxTUAayZNaHixXXHFZnvx0KTO2JYr6UJI3vzCDn4RsZTYAhqKFi2iia40Mn0TbUrQr8gYFIsjYGi52mGjDpIQg==".	[MsgId: MMSG-13798]
EmployeeCreateAccount.c(11): Registered web_reg_find successful for "Text=Welcome to DC Health Link | DC Health Link" (count=1)  	[MsgId: MMSG-26364]
EmployeeCreateAccount.c(11): web_link("Create account") was successful, 20828 body bytes, 444 header bytes  	[MsgId: MMSG-26386]
EmployeeCreateAccount.c(16): Error: Failed to end Transaction "EMPLYE_0003_Click_Emp_Create_Account" (by name). Please check that you made a call to start transaction operation.	[MsgId: MERR-16985]
End auto log messages stack.	[MsgId: MMSG-10544]


Start auto log messages stack - Iteration 1.	[MsgId: MMSG-10545]
EmployeeCreateAccount.c(11): Resource "http://enroll_uat.dchbx.org/assets/icons/message-6a0a303d9fc72d557125912bdf9efed8.png" is in the cache already and will not be downloaded again  	[MsgId: MMSG-26655]
EmployeeCreateAccount.c(11): Notify: Saving Parameter "authenticity_token = 31nI36SWChFoZuWKVNW7dlMxVjoZZYRcqCnIy+faA9llGIK3VKjqTkW5zOjB/A9PGq8H6S7WNoTmkSggJMS6zg==".	[MsgId: MMSG-13798]
EmployeeCreateAccount.c(11): Registered web_reg_find successful for "Text=Welcome to DC Health Link | DC Health Link" (count=1)  	[MsgId: MMSG-26364]
EmployeeCreateAccount.c(11): web_link("Create account") was successful, 20828 body bytes, 444 header bytes  	[MsgId: MMSG-26386]
EmployeeCreateAccount.c(16): Error: Failed to end Transaction "EMPLYE_0003_Click_Emp_Create_Account" (by name). Please check that you made a call to start transaction operation.	[MsgId: MERR-16985]
End auto log messages stack.	[MsgId: MMSG-10544]


Start auto log messages stack - Iteration 1.	[MsgId: MMSG-10545]
EmployeeCreateAccount.c(25): Resource "http://enroll_uat.dchbx.org/assets/icons/phone-bcc17403386ca4171aae411f308ef6a1.png" is in the cache already and will not be downloaded again  	[MsgId: MMSG-26655]
EmployeeCreateAccount.c(25): Resource "http://enroll_uat.dchbx.org/assets/icons/mail-21b45f89893abcf4033b96e8a261354e.png" is in the cache already and will not be downloaded again  	[MsgId: MMSG-26655]
EmployeeCreateAccount.c(25): Resource "http://enroll_uat.dchbx.org/assets/icons/message-6a0a303d9fc72d557125912bdf9efed8.png" is in the cache already and will not be downloaded again  	[MsgId: MMSG-26655]
EmployeeCreateAccount.c(25): Notify: Saving Parameter "Employee_SSN = ".	[MsgId: MMSG-13798]
EmployeeCreateAccount.c(25): Error -35049: No match found for the requested parameter "Employee_SSN". Check whether the requested regular expression exists in the response data, Snapshot Info [MSH 1 7]  	[MsgId: MERR-35049]
End auto log messages stack.	[MsgId: MMSG-10544]


Start auto log messages stack - Iteration 2.	[MsgId: MMSG-10545]
EmployeeCreateAccount.c(25): Resource "http://enroll_uat.dchbx.org/assets/icons/phone-bcc17403386ca4171aae411f308ef6a1.png" is in the cache already and will not be downloaded again  	[MsgId: MMSG-26655]
EmployeeCreateAccount.c(25): Resource "http://enroll_uat.dchbx.org/assets/icons/mail-21b45f89893abcf4033b96e8a261354e.png" is in the cache already and will not be downloaded again  	[MsgId: MMSG-26655]
EmployeeCreateAccount.c(25): Resource "http://enroll_uat.dchbx.org/assets/icons/message-6a0a303d9fc72d557125912bdf9efed8.png" is in the cache already and will not be downloaded again  	[MsgId: MMSG-26655]
EmployeeCreateAccount.c(25): Notify: Saving Parameter "Employee_SSN = ".	[MsgId: MMSG-13798]
EmployeeCreateAccount.c(25): Error -35049: No match found for the requested parameter "Employee_SSN". Check whether the requested regular expression exists in the response data, Snapshot Info [MSH 2 7]  	[MsgId: MERR-35049]
End auto log messages stack.	[MsgId: MMSG-10544]


Start auto log messages stack - Iteration 1.	[MsgId: MMSG-10545]
EmployeeCreateAccount.c(25): Resource "http://enroll_uat.dchbx.org/assets/icons/phone-bcc17403386ca4171aae411f308ef6a1.png" is in the cache already and will not be downloaded again  	[MsgId: MMSG-26655]
EmployeeCreateAccount.c(25): Resource "http://enroll_uat.dchbx.org/assets/icons/mail-21b45f89893abcf4033b96e8a261354e.png" is in the cache already and will not be downloaded again  	[MsgId: MMSG-26655]
EmployeeCreateAccount.c(25): Resource "http://enroll_uat.dchbx.org/assets/icons/message-6a0a303d9fc72d557125912bdf9efed8.png" is in the cache already and will not be downloaded again  	[MsgId: MMSG-26655]
EmployeeCreateAccount.c(25): Notify: Saving Parameter "Employee_SSN = ".	[MsgId: MMSG-13798]
EmployeeCreateAccount.c(25): Error -35049: No match found for the requested parameter "Employee_SSN". Check whether the requested regular expression exists in the response data, Snapshot Info [MSH 1 7]  	[MsgId: MERR-35049]
End auto log messages stack.	[MsgId: MMSG-10544]


Start auto log messages stack - Iteration 2.	[MsgId: MMSG-10545]
EmployeeBeginCoverage.c(99): Resource "http://enroll_uat.dchbx.org/assets/icons/phone-bcc17403386ca4171aae411f308ef6a1.png" is in the cache already and will not be downloaded again  	[MsgId: MMSG-26655]
EmployeeBeginCoverage.c(99): Resource "http://enroll_uat.dchbx.org/assets/icons/mail-21b45f89893abcf4033b96e8a261354e.png" is in the cache already and will not be downloaded again  	[MsgId: MMSG-26655]
EmployeeBeginCoverage.c(99): Resource "http://enroll_uat.dchbx.org/assets/icons/message-6a0a303d9fc72d557125912bdf9efed8.png" is in the cache already and will not be downloaded again  	[MsgId: MMSG-26655]
EmployeeBeginCoverage.c(99): web_link("I'm an Employee") was successful, 42344 body bytes, 444 header bytes  	[MsgId: MMSG-26386]
EmployeeBeginCoverage.c(104): Error: Failed to end Transaction "EMPLYE_0008_This_is_my_Employerr" (by name). Please check that you made a call to start transaction operation.	[MsgId: MERR-16985]
End auto log messages stack.	[MsgId: MMSG-10544]


