Start auto log messages stack - Iteration 1.	[MsgId: MMSG-10545]
EmployeeBeginCoverage.c(77): Notify: Parameter Substitution: parameter "EmpSEX" =  "FEMALE"	[MsgId: MMSG-13992]
EmployeeBeginCoverage.c(77): Notify: Next row for parameter EmpHireDate = 167 [table  = EmpHireDate].	[MsgId: MMSG-13876]
EmployeeBeginCoverage.c(77): Notify: Parameter Substitution: parameter "EmpHireDate" =  "01/01/2015"	[MsgId: MMSG-13992]
EmployeeBeginCoverage.c(77): Notify: Parameter Substitution: parameter "CovgStartDate" =  "11/01/2015"	[MsgId: MMSG-13992]
EmployeeBeginCoverage.c(77): Notify: Parameter Substitution: parameter "EmployeeID" =  "55d9c5e269702d0d9b450900"	[MsgId: MMSG-13992]
EmployeeBeginCoverage.c(77): Redirecting "http://enroll_uat.dchbx.org/consumer/employee" (redirection depth is 0)  	[MsgId: MMSG-26694]
EmployeeBeginCoverage.c(77): To location "http://enroll_uat.dchbx.org/consumer/employee/55d9d82c69702d4d7e6c0e00/edit"  	[MsgId: MMSG-26693]
EmployeeBeginCoverage.c(77): Notify: Saving Parameter "employee_role_id = 55d9d82c69702d4d7e6c0e00".	[MsgId: MMSG-13798]
EmployeeBeginCoverage.c(77): Notify: Saving Parameter "Employee_Role_ID = 55d9d82c69702d4d7e6c0e00".	[MsgId: MMSG-13798]
EmployeeBeginCoverage.c(77): Error -26612: HTTP Status-Code=500 (Internal Server Error) for "http://enroll_uat.dchbx.org/consumer/employee/55d9d82c69702d4d7e6c0e00/edit", Snapshot Info [MSH 1 19]  	[MsgId: MERR-26612]
End auto log messages stack.	[MsgId: MMSG-10544]


Start auto log messages stack - Iteration 1.	[MsgId: MMSG-10545]
EmployeeBeginCoverage.c(77): Notify: Saving Parameter "person_id = ".	[MsgId: MMSG-13798]
EmployeeBeginCoverage.c(77): Error -35049: No match found for the requested parameter "person_id". Check whether the requested regular expression exists in the response data, Snapshot Info [MSH 1 19]  	[MsgId: MERR-35049]
End auto log messages stack.	[MsgId: MMSG-10544]


Start auto log messages stack - Iteration 1.	[MsgId: MMSG-10545]
EmployeeBeginCoverage.c(77): Notify: Saving Parameter "EmployeeEmailAttrID = ".	[MsgId: MMSG-13798]
EmployeeBeginCoverage.c(77): Error -35049: No match found for the requested parameter "EmployeeEmailAttrID". Check whether the requested regular expression exists in the response data, Snapshot Info [MSH 1 19]  	[MsgId: MERR-35049]
End auto log messages stack.	[MsgId: MMSG-10544]


Start auto log messages stack - Iteration 1.	[MsgId: MMSG-10545]
EmployeeBeginCoverage.c(77): Notify: Saving Parameter "authenticity_token_1 = ".	[MsgId: MMSG-13798]
EmployeeBeginCoverage.c(77): Error -35049: No match found for the requested parameter "authenticity_token_1". Check whether the requested regular expression exists in the response data, Snapshot Info [MSH 1 19]  	[MsgId: MERR-35049]
End auto log messages stack.	[MsgId: MMSG-10544]


