Error: Parameter 'EmpDOBMonth': Invalid column name '' for table 'EmpFName.dat'.	[MsgId: MERR-13897]
Error: Parameter 'EmpDOBMonth': Invalid column name '' for table 'EmpFName.dat'.	[MsgId: MERR-13897]
Error: Parameter 'EmpDOBMonth': Invalid column name '' for table 'EmpFName.dat'.	[MsgId: MERR-13897]
Error: Parameter 'EmpDOBMonth': Invalid column name '' for table 'EmpFName.dat'.	[MsgId: MERR-13897]
Error: Parameter 'EmpDOBMonth': Invalid column name '' for table 'EmpFName.dat'.	[MsgId: MERR-13897]
Error: Parameter 'EmpDOBMonth': Invalid column name '' for table 'EmpFName.dat'.	[MsgId: MERR-13897]
Start auto log messages stack - Iteration 1.	[MsgId: MMSG-10545]
EmployeeCreateAccount.c(25): Resource "http://enroll_uat.dchbx.org/assets/icons/phone-bcc17403386ca4171aae411f308ef6a1.png" is in the cache already and will not be downloaded again  	[MsgId: MMSG-26655]
EmployeeCreateAccount.c(25): Resource "http://enroll_uat.dchbx.org/assets/icons/mail-21b45f89893abcf4033b96e8a261354e.png" is in the cache already and will not be downloaded again  	[MsgId: MMSG-26655]
EmployeeCreateAccount.c(25): Resource "http://enroll_uat.dchbx.org/assets/icons/message-6a0a303d9fc72d557125912bdf9efed8.png" is in the cache already and will not be downloaded again  	[MsgId: MMSG-26655]
EmployeeCreateAccount.c(25): Notify: Saving Parameter "Employee_SSN = ".	[MsgId: MMSG-13798]
EmployeeCreateAccount.c(25): Error -35049: No match found for the requested parameter "Employee_SSN". Check whether the requested regular expression exists in the response data, Snapshot Info [MSH 1 7]  	[MsgId: MERR-35049]
End auto log messages stack.	[MsgId: MMSG-10544]


Start auto log messages stack - Iteration 1.	[MsgId: MMSG-10545]
EmployeeCreateAccount.c(25): Resource "http://enroll_uat.dchbx.org/assets/icons/phone-bcc17403386ca4171aae411f308ef6a1.png" is in the cache already and will not be downloaded again  	[MsgId: MMSG-26655]
EmployeeCreateAccount.c(25): Resource "http://enroll_uat.dchbx.org/assets/icons/mail-21b45f89893abcf4033b96e8a261354e.png" is in the cache already and will not be downloaded again  	[MsgId: MMSG-26655]
EmployeeCreateAccount.c(25): Resource "http://enroll_uat.dchbx.org/assets/icons/message-6a0a303d9fc72d557125912bdf9efed8.png" is in the cache already and will not be downloaded again  	[MsgId: MMSG-26655]
EmployeeCreateAccount.c(25): Notify: Saving Parameter "Employee_SSN = ".	[MsgId: MMSG-13798]
EmployeeCreateAccount.c(25): Error -35049: No match found for the requested parameter "Employee_SSN". Check whether the requested regular expression exists in the response data, Snapshot Info [MSH 1 7]  	[MsgId: MERR-35049]
End auto log messages stack.	[MsgId: MMSG-10544]


Error: Parameter 'EmpDOBMonth': Invalid column name '' for table 'EmpFName.dat'.	[MsgId: MERR-13897]
Error: Parameter 'EmpDOBMonth': Invalid column name '' for table 'EmpFName.dat'.	[MsgId: MERR-13897]
Start auto log messages stack - Iteration 1.	[MsgId: MMSG-10545]
EmployeeCreateAccount.c(25): Resource "http://enroll_uat.dchbx.org/assets/icons/phone-bcc17403386ca4171aae411f308ef6a1.png" is in the cache already and will not be downloaded again  	[MsgId: MMSG-26655]
EmployeeCreateAccount.c(25): Resource "http://enroll_uat.dchbx.org/assets/icons/mail-21b45f89893abcf4033b96e8a261354e.png" is in the cache already and will not be downloaded again  	[MsgId: MMSG-26655]
EmployeeCreateAccount.c(25): Resource "http://enroll_uat.dchbx.org/assets/icons/message-6a0a303d9fc72d557125912bdf9efed8.png" is in the cache already and will not be downloaded again  	[MsgId: MMSG-26655]
EmployeeCreateAccount.c(25): Notify: Saving Parameter "Employee_SSN = ".	[MsgId: MMSG-13798]
EmployeeCreateAccount.c(25): Error -35049: No match found for the requested parameter "Employee_SSN". Check whether the requested regular expression exists in the response data, Snapshot Info [MSH 1 7]  	[MsgId: MERR-35049]
End auto log messages stack.	[MsgId: MMSG-10544]


Start auto log messages stack - Iteration 1.	[MsgId: MMSG-10545]
EmployeeCreateAccount.c(25): Resource "http://enroll_uat.dchbx.org/assets/icons/phone-bcc17403386ca4171aae411f308ef6a1.png" is in the cache already and will not be downloaded again  	[MsgId: MMSG-26655]
EmployeeCreateAccount.c(25): Resource "http://enroll_uat.dchbx.org/assets/icons/mail-21b45f89893abcf4033b96e8a261354e.png" is in the cache already and will not be downloaded again  	[MsgId: MMSG-26655]
EmployeeCreateAccount.c(25): Resource "http://enroll_uat.dchbx.org/assets/icons/message-6a0a303d9fc72d557125912bdf9efed8.png" is in the cache already and will not be downloaded again  	[MsgId: MMSG-26655]
EmployeeCreateAccount.c(25): Notify: Saving Parameter "Employee_SSN = ".	[MsgId: MMSG-13798]
EmployeeCreateAccount.c(25): Error -35049: No match found for the requested parameter "Employee_SSN". Check whether the requested regular expression exists in the response data, Snapshot Info [MSH 1 7]  	[MsgId: MERR-35049]
End auto log messages stack.	[MsgId: MMSG-10544]


Error: Parameter 'EmpDOBMonth': Invalid column name '' for table 'EmpFName.dat'.	[MsgId: MERR-13897]
Error: Parameter 'EmpDOBMonth': Invalid column name '' for table 'EmpFName.dat'.	[MsgId: MERR-13897]
Start auto log messages stack - Iteration 2.	[MsgId: MMSG-10545]
EmployeeCreateAccount.c(25): Resource "http://enroll_uat.dchbx.org/assets/icons/phone-bcc17403386ca4171aae411f308ef6a1.png" is in the cache already and will not be downloaded again  	[MsgId: MMSG-26655]
EmployeeCreateAccount.c(25): Resource "http://enroll_uat.dchbx.org/assets/icons/mail-21b45f89893abcf4033b96e8a261354e.png" is in the cache already and will not be downloaded again  	[MsgId: MMSG-26655]
EmployeeCreateAccount.c(25): Resource "http://enroll_uat.dchbx.org/assets/icons/message-6a0a303d9fc72d557125912bdf9efed8.png" is in the cache already and will not be downloaded again  	[MsgId: MMSG-26655]
EmployeeCreateAccount.c(25): Notify: Saving Parameter "Employee_SSN = ".	[MsgId: MMSG-13798]
EmployeeCreateAccount.c(25): Error -35049: No match found for the requested parameter "Employee_SSN". Check whether the requested regular expression exists in the response data, Snapshot Info [MSH 2 7]  	[MsgId: MERR-35049]
End auto log messages stack.	[MsgId: MMSG-10544]


Start auto log messages stack - Iteration 1.	[MsgId: MMSG-10545]
EmployeeCreateAccount.c(25): Resource "http://enroll_uat.dchbx.org/assets/icons/phone-bcc17403386ca4171aae411f308ef6a1.png" is in the cache already and will not be downloaded again  	[MsgId: MMSG-26655]
EmployeeCreateAccount.c(25): Resource "http://enroll_uat.dchbx.org/assets/icons/mail-21b45f89893abcf4033b96e8a261354e.png" is in the cache already and will not be downloaded again  	[MsgId: MMSG-26655]
EmployeeCreateAccount.c(25): Resource "http://enroll_uat.dchbx.org/assets/icons/message-6a0a303d9fc72d557125912bdf9efed8.png" is in the cache already and will not be downloaded again  	[MsgId: MMSG-26655]
EmployeeCreateAccount.c(25): Notify: Saving Parameter "Employee_SSN = ".	[MsgId: MMSG-13798]
EmployeeCreateAccount.c(25): Error -35049: No match found for the requested parameter "Employee_SSN". Check whether the requested regular expression exists in the response data, Snapshot Info [MSH 1 7]  	[MsgId: MERR-35049]
End auto log messages stack.	[MsgId: MMSG-10544]


Start auto log messages stack - Iteration 1.	[MsgId: MMSG-10545]
EmployeeCreateAccount.c(25): Resource "http://enroll_uat.dchbx.org/assets/icons/phone-bcc17403386ca4171aae411f308ef6a1.png" is in the cache already and will not be downloaded again  	[MsgId: MMSG-26655]
EmployeeCreateAccount.c(25): Resource "http://enroll_uat.dchbx.org/assets/icons/mail-21b45f89893abcf4033b96e8a261354e.png" is in the cache already and will not be downloaded again  	[MsgId: MMSG-26655]
EmployeeCreateAccount.c(25): Resource "http://enroll_uat.dchbx.org/assets/icons/message-6a0a303d9fc72d557125912bdf9efed8.png" is in the cache already and will not be downloaded again  	[MsgId: MMSG-26655]
EmployeeCreateAccount.c(25): Notify: Saving Parameter "Employee_SSN = ".	[MsgId: MMSG-13798]
EmployeeCreateAccount.c(25): Error -35049: No match found for the requested parameter "Employee_SSN". Check whether the requested regular expression exists in the response data, Snapshot Info [MSH 1 7]  	[MsgId: MERR-35049]
End auto log messages stack.	[MsgId: MMSG-10544]


Start auto log messages stack - Iteration 2.	[MsgId: MMSG-10545]
EmployeeCreateAccount.c(25): Resource "http://enroll_uat.dchbx.org/assets/icons/phone-bcc17403386ca4171aae411f308ef6a1.png" is in the cache already and will not be downloaded again  	[MsgId: MMSG-26655]
EmployeeCreateAccount.c(25): Resource "http://enroll_uat.dchbx.org/assets/icons/mail-21b45f89893abcf4033b96e8a261354e.png" is in the cache already and will not be downloaded again  	[MsgId: MMSG-26655]
EmployeeCreateAccount.c(25): Resource "http://enroll_uat.dchbx.org/assets/icons/message-6a0a303d9fc72d557125912bdf9efed8.png" is in the cache already and will not be downloaded again  	[MsgId: MMSG-26655]
EmployeeCreateAccount.c(25): Notify: Saving Parameter "Employee_SSN = ".	[MsgId: MMSG-13798]
EmployeeCreateAccount.c(25): Error -35049: No match found for the requested parameter "Employee_SSN". Check whether the requested regular expression exists in the response data, Snapshot Info [MSH 2 7]  	[MsgId: MERR-35049]
End auto log messages stack.	[MsgId: MMSG-10544]


Start auto log messages stack - Iteration 1.	[MsgId: MMSG-10545]
EmployeeCreateAccount.c(25): Resource "http://enroll_uat.dchbx.org/assets/icons/phone-bcc17403386ca4171aae411f308ef6a1.png" is in the cache already and will not be downloaded again  	[MsgId: MMSG-26655]
EmployeeCreateAccount.c(25): Resource "http://enroll_uat.dchbx.org/assets/icons/mail-21b45f89893abcf4033b96e8a261354e.png" is in the cache already and will not be downloaded again  	[MsgId: MMSG-26655]
EmployeeCreateAccount.c(25): Resource "http://enroll_uat.dchbx.org/assets/icons/message-6a0a303d9fc72d557125912bdf9efed8.png" is in the cache already and will not be downloaded again  	[MsgId: MMSG-26655]
EmployeeCreateAccount.c(25): Notify: Saving Parameter "Employee_SSN = ".	[MsgId: MMSG-13798]
EmployeeCreateAccount.c(25): Error -35049: No match found for the requested parameter "Employee_SSN". Check whether the requested regular expression exists in the response data, Snapshot Info [MSH 1 7]  	[MsgId: MERR-35049]
End auto log messages stack.	[MsgId: MMSG-10544]


Start auto log messages stack - Iteration 1.	[MsgId: MMSG-10545]
EmployeeCreateAccount.c(25): Resource "http://enroll_uat.dchbx.org/assets/icons/phone-bcc17403386ca4171aae411f308ef6a1.png" is in the cache already and will not be downloaded again  	[MsgId: MMSG-26655]
EmployeeCreateAccount.c(25): Resource "http://enroll_uat.dchbx.org/assets/icons/mail-21b45f89893abcf4033b96e8a261354e.png" is in the cache already and will not be downloaded again  	[MsgId: MMSG-26655]
EmployeeCreateAccount.c(25): Resource "http://enroll_uat.dchbx.org/assets/icons/message-6a0a303d9fc72d557125912bdf9efed8.png" is in the cache already and will not be downloaded again  	[MsgId: MMSG-26655]
EmployeeCreateAccount.c(25): Notify: Saving Parameter "Employee_SSN = ".	[MsgId: MMSG-13798]
EmployeeCreateAccount.c(25): Error -35049: No match found for the requested parameter "Employee_SSN". Check whether the requested regular expression exists in the response data, Snapshot Info [MSH 1 7]  	[MsgId: MERR-35049]
End auto log messages stack.	[MsgId: MMSG-10544]


Start auto log messages stack - Iteration 2.	[MsgId: MMSG-10545]
EmployeeCreateAccount.c(25): Resource "http://enroll_uat.dchbx.org/assets/icons/phone-bcc17403386ca4171aae411f308ef6a1.png" is in the cache already and will not be downloaded again  	[MsgId: MMSG-26655]
EmployeeCreateAccount.c(25): Resource "http://enroll_uat.dchbx.org/assets/icons/mail-21b45f89893abcf4033b96e8a261354e.png" is in the cache already and will not be downloaded again  	[MsgId: MMSG-26655]
EmployeeCreateAccount.c(25): Resource "http://enroll_uat.dchbx.org/assets/icons/message-6a0a303d9fc72d557125912bdf9efed8.png" is in the cache already and will not be downloaded again  	[MsgId: MMSG-26655]
EmployeeCreateAccount.c(25): Notify: Saving Parameter "Employee_SSN = ".	[MsgId: MMSG-13798]
EmployeeCreateAccount.c(25): Error -35049: No match found for the requested parameter "Employee_SSN". Check whether the requested regular expression exists in the response data, Snapshot Info [MSH 2 7]  	[MsgId: MERR-35049]
End auto log messages stack.	[MsgId: MMSG-10544]


Start auto log messages stack - Iteration 2.	[MsgId: MMSG-10545]
EmployeeCreateAccount.c(25): Resource "http://enroll_uat.dchbx.org/assets/icons/phone-bcc17403386ca4171aae411f308ef6a1.png" is in the cache already and will not be downloaded again  	[MsgId: MMSG-26655]
EmployeeCreateAccount.c(25): Resource "http://enroll_uat.dchbx.org/assets/icons/mail-21b45f89893abcf4033b96e8a261354e.png" is in the cache already and will not be downloaded again  	[MsgId: MMSG-26655]
EmployeeCreateAccount.c(25): Resource "http://enroll_uat.dchbx.org/assets/icons/message-6a0a303d9fc72d557125912bdf9efed8.png" is in the cache already and will not be downloaded again  	[MsgId: MMSG-26655]
EmployeeCreateAccount.c(25): Notify: Saving Parameter "Employee_SSN = ".	[MsgId: MMSG-13798]
EmployeeCreateAccount.c(25): Error -35049: No match found for the requested parameter "Employee_SSN". Check whether the requested regular expression exists in the response data, Snapshot Info [MSH 2 7]  	[MsgId: MERR-35049]
End auto log messages stack.	[MsgId: MMSG-10544]


Start auto log messages stack - Iteration 2.	[MsgId: MMSG-10545]
EmployeeCreateAccount.c(25): Resource "http://enroll_uat.dchbx.org/assets/icons/phone-bcc17403386ca4171aae411f308ef6a1.png" is in the cache already and will not be downloaded again  	[MsgId: MMSG-26655]
EmployeeCreateAccount.c(25): Resource "http://enroll_uat.dchbx.org/assets/icons/mail-21b45f89893abcf4033b96e8a261354e.png" is in the cache already and will not be downloaded again  	[MsgId: MMSG-26655]
EmployeeCreateAccount.c(25): Resource "http://enroll_uat.dchbx.org/assets/icons/message-6a0a303d9fc72d557125912bdf9efed8.png" is in the cache already and will not be downloaded again  	[MsgId: MMSG-26655]
EmployeeCreateAccount.c(25): Notify: Saving Parameter "Employee_SSN = ".	[MsgId: MMSG-13798]
EmployeeCreateAccount.c(25): Error -35049: No match found for the requested parameter "Employee_SSN". Check whether the requested regular expression exists in the response data, Snapshot Info [MSH 2 7]  	[MsgId: MERR-35049]
End auto log messages stack.	[MsgId: MMSG-10544]


Start auto log messages stack - Iteration 2.	[MsgId: MMSG-10545]
EmployeeCreateAccount.c(25): Resource "http://enroll_uat.dchbx.org/assets/icons/phone-bcc17403386ca4171aae411f308ef6a1.png" is in the cache already and will not be downloaded again  	[MsgId: MMSG-26655]
EmployeeCreateAccount.c(25): Resource "http://enroll_uat.dchbx.org/assets/icons/mail-21b45f89893abcf4033b96e8a261354e.png" is in the cache already and will not be downloaded again  	[MsgId: MMSG-26655]
EmployeeCreateAccount.c(25): Resource "http://enroll_uat.dchbx.org/assets/icons/message-6a0a303d9fc72d557125912bdf9efed8.png" is in the cache already and will not be downloaded again  	[MsgId: MMSG-26655]
EmployeeCreateAccount.c(25): Notify: Saving Parameter "Employee_SSN = ".	[MsgId: MMSG-13798]
EmployeeCreateAccount.c(25): Error -35049: No match found for the requested parameter "Employee_SSN". Check whether the requested regular expression exists in the response data, Snapshot Info [MSH 2 7]  	[MsgId: MERR-35049]
End auto log messages stack.	[MsgId: MMSG-10544]


Start auto log messages stack - Iteration 1.	[MsgId: MMSG-10545]
EmployeeCreateAccount.c(25): Resource "http://enroll_uat.dchbx.org/assets/icons/phone-bcc17403386ca4171aae411f308ef6a1.png" is in the cache already and will not be downloaded again  	[MsgId: MMSG-26655]
EmployeeCreateAccount.c(25): Resource "http://enroll_uat.dchbx.org/assets/icons/mail-21b45f89893abcf4033b96e8a261354e.png" is in the cache already and will not be downloaded again  	[MsgId: MMSG-26655]
EmployeeCreateAccount.c(25): Resource "http://enroll_uat.dchbx.org/assets/icons/message-6a0a303d9fc72d557125912bdf9efed8.png" is in the cache already and will not be downloaded again  	[MsgId: MMSG-26655]
EmployeeCreateAccount.c(25): Notify: Saving Parameter "Employee_SSN = ".	[MsgId: MMSG-13798]
EmployeeCreateAccount.c(25): Error -35049: No match found for the requested parameter "Employee_SSN". Check whether the requested regular expression exists in the response data, Snapshot Info [MSH 1 7]  	[MsgId: MERR-35049]
End auto log messages stack.	[MsgId: MMSG-10544]


Start auto log messages stack - Iteration 3.	[MsgId: MMSG-10545]
EmployeeCreateAccount.c(25): Resource "http://enroll_uat.dchbx.org/assets/icons/phone-bcc17403386ca4171aae411f308ef6a1.png" is in the cache already and will not be downloaded again  	[MsgId: MMSG-26655]
EmployeeCreateAccount.c(25): Resource "http://enroll_uat.dchbx.org/assets/icons/mail-21b45f89893abcf4033b96e8a261354e.png" is in the cache already and will not be downloaded again  	[MsgId: MMSG-26655]
EmployeeCreateAccount.c(25): Resource "http://enroll_uat.dchbx.org/assets/icons/message-6a0a303d9fc72d557125912bdf9efed8.png" is in the cache already and will not be downloaded again  	[MsgId: MMSG-26655]
EmployeeCreateAccount.c(25): Notify: Saving Parameter "Employee_SSN = ".	[MsgId: MMSG-13798]
EmployeeCreateAccount.c(25): Error -35049: No match found for the requested parameter "Employee_SSN". Check whether the requested regular expression exists in the response data, Snapshot Info [MSH 3 7]  	[MsgId: MERR-35049]
End auto log messages stack.	[MsgId: MMSG-10544]


Start auto log messages stack - Iteration 3.	[MsgId: MMSG-10545]
EmployeeCreateAccount.c(25): Resource "http://enroll_uat.dchbx.org/assets/icons/phone-bcc17403386ca4171aae411f308ef6a1.png" is in the cache already and will not be downloaded again  	[MsgId: MMSG-26655]
EmployeeCreateAccount.c(25): Resource "http://enroll_uat.dchbx.org/assets/icons/mail-21b45f89893abcf4033b96e8a261354e.png" is in the cache already and will not be downloaded again  	[MsgId: MMSG-26655]
EmployeeCreateAccount.c(25): Resource "http://enroll_uat.dchbx.org/assets/icons/message-6a0a303d9fc72d557125912bdf9efed8.png" is in the cache already and will not be downloaded again  	[MsgId: MMSG-26655]
EmployeeCreateAccount.c(25): Notify: Saving Parameter "Employee_SSN = ".	[MsgId: MMSG-13798]
EmployeeCreateAccount.c(25): Error -35049: No match found for the requested parameter "Employee_SSN". Check whether the requested regular expression exists in the response data, Snapshot Info [MSH 3 7]  	[MsgId: MERR-35049]
End auto log messages stack.	[MsgId: MMSG-10544]


Start auto log messages stack - Iteration 2.	[MsgId: MMSG-10545]
EmployeeCreateAccount.c(25): Resource "http://enroll_uat.dchbx.org/assets/icons/phone-bcc17403386ca4171aae411f308ef6a1.png" is in the cache already and will not be downloaded again  	[MsgId: MMSG-26655]
EmployeeCreateAccount.c(25): Resource "http://enroll_uat.dchbx.org/assets/icons/mail-21b45f89893abcf4033b96e8a261354e.png" is in the cache already and will not be downloaded again  	[MsgId: MMSG-26655]
EmployeeCreateAccount.c(25): Resource "http://enroll_uat.dchbx.org/assets/icons/message-6a0a303d9fc72d557125912bdf9efed8.png" is in the cache already and will not be downloaded again  	[MsgId: MMSG-26655]
EmployeeCreateAccount.c(25): Notify: Saving Parameter "Employee_SSN = ".	[MsgId: MMSG-13798]
EmployeeCreateAccount.c(25): Error -35049: No match found for the requested parameter "Employee_SSN". Check whether the requested regular expression exists in the response data, Snapshot Info [MSH 2 7]  	[MsgId: MERR-35049]
End auto log messages stack.	[MsgId: MMSG-10544]


Start auto log messages stack - Iteration 2.	[MsgId: MMSG-10545]
EmployeeCreateAccount.c(25): Resource "http://enroll_uat.dchbx.org/assets/icons/phone-bcc17403386ca4171aae411f308ef6a1.png" is in the cache already and will not be downloaded again  	[MsgId: MMSG-26655]
EmployeeCreateAccount.c(25): Resource "http://enroll_uat.dchbx.org/assets/icons/mail-21b45f89893abcf4033b96e8a261354e.png" is in the cache already and will not be downloaded again  	[MsgId: MMSG-26655]
EmployeeCreateAccount.c(25): Resource "http://enroll_uat.dchbx.org/assets/icons/message-6a0a303d9fc72d557125912bdf9efed8.png" is in the cache already and will not be downloaded again  	[MsgId: MMSG-26655]
EmployeeCreateAccount.c(25): Notify: Saving Parameter "Employee_SSN = ".	[MsgId: MMSG-13798]
EmployeeCreateAccount.c(25): Error -35049: No match found for the requested parameter "Employee_SSN". Check whether the requested regular expression exists in the response data, Snapshot Info [MSH 2 7]  	[MsgId: MERR-35049]
End auto log messages stack.	[MsgId: MMSG-10544]


Start auto log messages stack - Iteration 3.	[MsgId: MMSG-10545]
EmployeeCreateAccount.c(25): Resource "http://enroll_uat.dchbx.org/assets/icons/phone-bcc17403386ca4171aae411f308ef6a1.png" is in the cache already and will not be downloaded again  	[MsgId: MMSG-26655]
EmployeeCreateAccount.c(25): Resource "http://enroll_uat.dchbx.org/assets/icons/mail-21b45f89893abcf4033b96e8a261354e.png" is in the cache already and will not be downloaded again  	[MsgId: MMSG-26655]
EmployeeCreateAccount.c(25): Resource "http://enroll_uat.dchbx.org/assets/icons/message-6a0a303d9fc72d557125912bdf9efed8.png" is in the cache already and will not be downloaded again  	[MsgId: MMSG-26655]
EmployeeCreateAccount.c(25): Notify: Saving Parameter "Employee_SSN = ".	[MsgId: MMSG-13798]
EmployeeCreateAccount.c(25): Error -35049: No match found for the requested parameter "Employee_SSN". Check whether the requested regular expression exists in the response data, Snapshot Info [MSH 3 7]  	[MsgId: MERR-35049]
End auto log messages stack.	[MsgId: MMSG-10544]


Start auto log messages stack - Iteration 3.	[MsgId: MMSG-10545]
EmployeeCreateAccount.c(25): Resource "http://enroll_uat.dchbx.org/assets/icons/phone-bcc17403386ca4171aae411f308ef6a1.png" is in the cache already and will not be downloaded again  	[MsgId: MMSG-26655]
EmployeeCreateAccount.c(25): Resource "http://enroll_uat.dchbx.org/assets/icons/mail-21b45f89893abcf4033b96e8a261354e.png" is in the cache already and will not be downloaded again  	[MsgId: MMSG-26655]
EmployeeCreateAccount.c(25): Resource "http://enroll_uat.dchbx.org/assets/icons/message-6a0a303d9fc72d557125912bdf9efed8.png" is in the cache already and will not be downloaded again  	[MsgId: MMSG-26655]
EmployeeCreateAccount.c(25): Notify: Saving Parameter "Employee_SSN = ".	[MsgId: MMSG-13798]
EmployeeCreateAccount.c(25): Error -35049: No match found for the requested parameter "Employee_SSN". Check whether the requested regular expression exists in the response data, Snapshot Info [MSH 3 7]  	[MsgId: MERR-35049]
End auto log messages stack.	[MsgId: MMSG-10544]


Start auto log messages stack - Iteration 3.	[MsgId: MMSG-10545]
EmployeeCreateAccount.c(25): Resource "http://enroll_uat.dchbx.org/assets/icons/phone-bcc17403386ca4171aae411f308ef6a1.png" is in the cache already and will not be downloaded again  	[MsgId: MMSG-26655]
EmployeeCreateAccount.c(25): Resource "http://enroll_uat.dchbx.org/assets/icons/mail-21b45f89893abcf4033b96e8a261354e.png" is in the cache already and will not be downloaded again  	[MsgId: MMSG-26655]
EmployeeCreateAccount.c(25): Resource "http://enroll_uat.dchbx.org/assets/icons/message-6a0a303d9fc72d557125912bdf9efed8.png" is in the cache already and will not be downloaded again  	[MsgId: MMSG-26655]
EmployeeCreateAccount.c(25): Notify: Saving Parameter "Employee_SSN = ".	[MsgId: MMSG-13798]
EmployeeCreateAccount.c(25): Error -35049: No match found for the requested parameter "Employee_SSN". Check whether the requested regular expression exists in the response data, Snapshot Info [MSH 3 7]  	[MsgId: MERR-35049]
End auto log messages stack.	[MsgId: MMSG-10544]


Start auto log messages stack - Iteration 2.	[MsgId: MMSG-10545]
EmployeeCreateAccount.c(25): Resource "http://enroll_uat.dchbx.org/assets/icons/phone-bcc17403386ca4171aae411f308ef6a1.png" is in the cache already and will not be downloaded again  	[MsgId: MMSG-26655]
EmployeeCreateAccount.c(25): Resource "http://enroll_uat.dchbx.org/assets/icons/mail-21b45f89893abcf4033b96e8a261354e.png" is in the cache already and will not be downloaded again  	[MsgId: MMSG-26655]
EmployeeCreateAccount.c(25): Resource "http://enroll_uat.dchbx.org/assets/icons/message-6a0a303d9fc72d557125912bdf9efed8.png" is in the cache already and will not be downloaded again  	[MsgId: MMSG-26655]
EmployeeCreateAccount.c(25): Notify: Saving Parameter "Employee_SSN = ".	[MsgId: MMSG-13798]
EmployeeCreateAccount.c(25): Error -35049: No match found for the requested parameter "Employee_SSN". Check whether the requested regular expression exists in the response data, Snapshot Info [MSH 2 7]  	[MsgId: MERR-35049]
End auto log messages stack.	[MsgId: MMSG-10544]


Start auto log messages stack - Iteration 3.	[MsgId: MMSG-10545]
EmployeeCreateAccount.c(25): Resource "http://enroll_uat.dchbx.org/assets/icons/phone-bcc17403386ca4171aae411f308ef6a1.png" is in the cache already and will not be downloaded again  	[MsgId: MMSG-26655]
EmployeeCreateAccount.c(25): Resource "http://enroll_uat.dchbx.org/assets/icons/mail-21b45f89893abcf4033b96e8a261354e.png" is in the cache already and will not be downloaded again  	[MsgId: MMSG-26655]
EmployeeCreateAccount.c(25): Resource "http://enroll_uat.dchbx.org/assets/icons/message-6a0a303d9fc72d557125912bdf9efed8.png" is in the cache already and will not be downloaded again  	[MsgId: MMSG-26655]
EmployeeCreateAccount.c(25): Notify: Saving Parameter "Employee_SSN = ".	[MsgId: MMSG-13798]
EmployeeCreateAccount.c(25): Error -35049: No match found for the requested parameter "Employee_SSN". Check whether the requested regular expression exists in the response data, Snapshot Info [MSH 3 7]  	[MsgId: MERR-35049]
End auto log messages stack.	[MsgId: MMSG-10544]


Start auto log messages stack - Iteration 4.	[MsgId: MMSG-10545]
EmployeeCreateAccount.c(25): Resource "http://enroll_uat.dchbx.org/assets/icons/phone-bcc17403386ca4171aae411f308ef6a1.png" is in the cache already and will not be downloaded again  	[MsgId: MMSG-26655]
EmployeeCreateAccount.c(25): Resource "http://enroll_uat.dchbx.org/assets/icons/mail-21b45f89893abcf4033b96e8a261354e.png" is in the cache already and will not be downloaded again  	[MsgId: MMSG-26655]
EmployeeCreateAccount.c(25): Resource "http://enroll_uat.dchbx.org/assets/icons/message-6a0a303d9fc72d557125912bdf9efed8.png" is in the cache already and will not be downloaded again  	[MsgId: MMSG-26655]
EmployeeCreateAccount.c(25): Notify: Saving Parameter "Employee_SSN = ".	[MsgId: MMSG-13798]
EmployeeCreateAccount.c(25): Error -35049: No match found for the requested parameter "Employee_SSN". Check whether the requested regular expression exists in the response data, Snapshot Info [MSH 4 7]  	[MsgId: MERR-35049]
End auto log messages stack.	[MsgId: MMSG-10544]


Start auto log messages stack - Iteration 4.	[MsgId: MMSG-10545]
EmployeeCreateAccount.c(25): Resource "http://enroll_uat.dchbx.org/assets/icons/phone-bcc17403386ca4171aae411f308ef6a1.png" is in the cache already and will not be downloaded again  	[MsgId: MMSG-26655]
EmployeeCreateAccount.c(25): Resource "http://enroll_uat.dchbx.org/assets/icons/mail-21b45f89893abcf4033b96e8a261354e.png" is in the cache already and will not be downloaded again  	[MsgId: MMSG-26655]
EmployeeCreateAccount.c(25): Resource "http://enroll_uat.dchbx.org/assets/icons/message-6a0a303d9fc72d557125912bdf9efed8.png" is in the cache already and will not be downloaded again  	[MsgId: MMSG-26655]
EmployeeCreateAccount.c(25): Notify: Saving Parameter "Employee_SSN = ".	[MsgId: MMSG-13798]
EmployeeCreateAccount.c(25): Error -35049: No match found for the requested parameter "Employee_SSN". Check whether the requested regular expression exists in the response data, Snapshot Info [MSH 4 7]  	[MsgId: MERR-35049]
End auto log messages stack.	[MsgId: MMSG-10544]


Start auto log messages stack - Iteration 3.	[MsgId: MMSG-10545]
EmployeeCreateAccount.c(25): Resource "http://enroll_uat.dchbx.org/assets/icons/phone-bcc17403386ca4171aae411f308ef6a1.png" is in the cache already and will not be downloaded again  	[MsgId: MMSG-26655]
EmployeeCreateAccount.c(25): Resource "http://enroll_uat.dchbx.org/assets/icons/mail-21b45f89893abcf4033b96e8a261354e.png" is in the cache already and will not be downloaded again  	[MsgId: MMSG-26655]
EmployeeCreateAccount.c(25): Resource "http://enroll_uat.dchbx.org/assets/icons/message-6a0a303d9fc72d557125912bdf9efed8.png" is in the cache already and will not be downloaded again  	[MsgId: MMSG-26655]
EmployeeCreateAccount.c(25): Notify: Saving Parameter "Employee_SSN = ".	[MsgId: MMSG-13798]
EmployeeCreateAccount.c(25): Error -35049: No match found for the requested parameter "Employee_SSN". Check whether the requested regular expression exists in the response data, Snapshot Info [MSH 3 7]  	[MsgId: MERR-35049]
End auto log messages stack.	[MsgId: MMSG-10544]


Start auto log messages stack - Iteration 4.	[MsgId: MMSG-10545]
EmployeeCreateAccount.c(25): Resource "http://enroll_uat.dchbx.org/assets/icons/phone-bcc17403386ca4171aae411f308ef6a1.png" is in the cache already and will not be downloaded again  	[MsgId: MMSG-26655]
EmployeeCreateAccount.c(25): Resource "http://enroll_uat.dchbx.org/assets/icons/mail-21b45f89893abcf4033b96e8a261354e.png" is in the cache already and will not be downloaded again  	[MsgId: MMSG-26655]
EmployeeCreateAccount.c(25): Resource "http://enroll_uat.dchbx.org/assets/icons/message-6a0a303d9fc72d557125912bdf9efed8.png" is in the cache already and will not be downloaded again  	[MsgId: MMSG-26655]
EmployeeCreateAccount.c(25): Notify: Saving Parameter "Employee_SSN = ".	[MsgId: MMSG-13798]
EmployeeCreateAccount.c(25): Error -35049: No match found for the requested parameter "Employee_SSN". Check whether the requested regular expression exists in the response data, Snapshot Info [MSH 4 7]  	[MsgId: MERR-35049]
End auto log messages stack.	[MsgId: MMSG-10544]


Start auto log messages stack - Iteration 4.	[MsgId: MMSG-10545]
EmployeeCreateAccount.c(25): Resource "http://enroll_uat.dchbx.org/assets/icons/phone-bcc17403386ca4171aae411f308ef6a1.png" is in the cache already and will not be downloaded again  	[MsgId: MMSG-26655]
EmployeeCreateAccount.c(25): Resource "http://enroll_uat.dchbx.org/assets/icons/mail-21b45f89893abcf4033b96e8a261354e.png" is in the cache already and will not be downloaded again  	[MsgId: MMSG-26655]
EmployeeCreateAccount.c(25): Resource "http://enroll_uat.dchbx.org/assets/icons/message-6a0a303d9fc72d557125912bdf9efed8.png" is in the cache already and will not be downloaded again  	[MsgId: MMSG-26655]
EmployeeCreateAccount.c(25): Notify: Saving Parameter "Employee_SSN = ".	[MsgId: MMSG-13798]
EmployeeCreateAccount.c(25): Error -35049: No match found for the requested parameter "Employee_SSN". Check whether the requested regular expression exists in the response data, Snapshot Info [MSH 4 7]  	[MsgId: MERR-35049]
End auto log messages stack.	[MsgId: MMSG-10544]


Start auto log messages stack - Iteration 3.	[MsgId: MMSG-10545]
EmployeeCreateAccount.c(25): Resource "http://enroll_uat.dchbx.org/assets/icons/phone-bcc17403386ca4171aae411f308ef6a1.png" is in the cache already and will not be downloaded again  	[MsgId: MMSG-26655]
EmployeeCreateAccount.c(25): Resource "http://enroll_uat.dchbx.org/assets/icons/mail-21b45f89893abcf4033b96e8a261354e.png" is in the cache already and will not be downloaded again  	[MsgId: MMSG-26655]
EmployeeCreateAccount.c(25): Resource "http://enroll_uat.dchbx.org/assets/icons/message-6a0a303d9fc72d557125912bdf9efed8.png" is in the cache already and will not be downloaded again  	[MsgId: MMSG-26655]
EmployeeCreateAccount.c(25): Notify: Saving Parameter "Employee_SSN = ".	[MsgId: MMSG-13798]
EmployeeCreateAccount.c(25): Error -35049: No match found for the requested parameter "Employee_SSN". Check whether the requested regular expression exists in the response data, Snapshot Info [MSH 3 7]  	[MsgId: MERR-35049]
End auto log messages stack.	[MsgId: MMSG-10544]


Start auto log messages stack - Iteration 4.	[MsgId: MMSG-10545]
EmployeeCreateAccount.c(25): Resource "http://enroll_uat.dchbx.org/assets/icons/phone-bcc17403386ca4171aae411f308ef6a1.png" is in the cache already and will not be downloaded again  	[MsgId: MMSG-26655]
EmployeeCreateAccount.c(25): Resource "http://enroll_uat.dchbx.org/assets/icons/mail-21b45f89893abcf4033b96e8a261354e.png" is in the cache already and will not be downloaded again  	[MsgId: MMSG-26655]
EmployeeCreateAccount.c(25): Resource "http://enroll_uat.dchbx.org/assets/icons/message-6a0a303d9fc72d557125912bdf9efed8.png" is in the cache already and will not be downloaded again  	[MsgId: MMSG-26655]
EmployeeCreateAccount.c(25): Notify: Saving Parameter "Employee_SSN = ".	[MsgId: MMSG-13798]
EmployeeCreateAccount.c(25): Error -35049: No match found for the requested parameter "Employee_SSN". Check whether the requested regular expression exists in the response data, Snapshot Info [MSH 4 7]  	[MsgId: MERR-35049]
End auto log messages stack.	[MsgId: MMSG-10544]


Start auto log messages stack - Iteration 3.	[MsgId: MMSG-10545]
EmployeeCreateAccount.c(25): Resource "http://enroll_uat.dchbx.org/assets/icons/phone-bcc17403386ca4171aae411f308ef6a1.png" is in the cache already and will not be downloaded again  	[MsgId: MMSG-26655]
EmployeeCreateAccount.c(25): Resource "http://enroll_uat.dchbx.org/assets/icons/mail-21b45f89893abcf4033b96e8a261354e.png" is in the cache already and will not be downloaded again  	[MsgId: MMSG-26655]
EmployeeCreateAccount.c(25): Resource "http://enroll_uat.dchbx.org/assets/icons/message-6a0a303d9fc72d557125912bdf9efed8.png" is in the cache already and will not be downloaded again  	[MsgId: MMSG-26655]
EmployeeCreateAccount.c(25): Notify: Saving Parameter "Employee_SSN = ".	[MsgId: MMSG-13798]
EmployeeCreateAccount.c(25): Error -35049: No match found for the requested parameter "Employee_SSN". Check whether the requested regular expression exists in the response data, Snapshot Info [MSH 3 7]  	[MsgId: MERR-35049]
End auto log messages stack.	[MsgId: MMSG-10544]


