Error: Parameter 'EmpDOBMonth': Invalid column name '' for table 'EmpFName.dat'.	[MsgId: MERR-13897]
Error: Parameter 'EmpDOBMonth': Invalid column name '' for table 'EmpFName.dat'.	[MsgId: MERR-13897]
Error: Parameter 'EmpDOBMonth': Invalid column name '' for table 'EmpFName.dat'.	[MsgId: MERR-13897]
Error: Parameter 'EmpDOBMonth': Invalid column name '' for table 'EmpFName.dat'.	[MsgId: MERR-13897]
Error: Parameter 'EmpDOBMonth': Invalid column name '' for table 'EmpFName.dat'.	[MsgId: MERR-13897]
Error: Parameter 'EmpDOBMonth': Invalid column name '' for table 'EmpFName.dat'.	[MsgId: MERR-13897]
Error: Parameter 'EmpDOBMonth': Invalid column name '' for table 'EmpFName.dat'.	[MsgId: MERR-13897]
Error: Parameter 'EmpDOBMonth': Invalid column name '' for table 'EmpFName.dat'.	[MsgId: MERR-13897]
Error: Parameter 'EmpDOBMonth': Invalid column name '' for table 'EmpFName.dat'.	[MsgId: MERR-13897]
Error: Parameter 'EmpDOBMonth': Invalid column name '' for table 'EmpFName.dat'.	[MsgId: MERR-13897]
Start auto log messages stack - Iteration 1.	[MsgId: MMSG-10545]
EmployeeCreateAccount.c(27): Resource "http://enroll_uat.dchbx.org/assets/logo-43b272dcff33b1b3a8efb15e6f6c0e7c.png" is in the cache already and will not be downloaded again  	[MsgId: MMSG-26655]
EmployeeCreateAccount.c(27): Resource "http://enroll_uat.dchbx.org/assets/icons/phone-bcc17403386ca4171aae411f308ef6a1.png" is in the cache already and will not be downloaded again  	[MsgId: MMSG-26655]
EmployeeCreateAccount.c(27): Resource "http://enroll_uat.dchbx.org/assets/icons/mail-21b45f89893abcf4033b96e8a261354e.png" is in the cache already and will not be downloaded again  	[MsgId: MMSG-26655]
EmployeeCreateAccount.c(27): Resource "http://enroll_uat.dchbx.org/assets/icons/message-6a0a303d9fc72d557125912bdf9efed8.png" is in the cache already and will not be downloaded again  	[MsgId: MMSG-26655]
EmployeeCreateAccount.c(27): Error -26366: "Text=Your account has been created" not found for web_reg_find, Snapshot Info [MSH 1 6]  	[MsgId: MERR-26366]
End auto log messages stack.	[MsgId: MMSG-10544]


Start auto log messages stack - Iteration 2.	[MsgId: MMSG-10545]
EmployeeBeginCoverage.c(41): Resource "http://enroll_uat.dchbx.org/assets/icons/phone-bcc17403386ca4171aae411f308ef6a1.png" is in the cache already and will not be downloaded again  	[MsgId: MMSG-26655]
EmployeeBeginCoverage.c(41): Resource "http://enroll_uat.dchbx.org/assets/icons/mail-21b45f89893abcf4033b96e8a261354e.png" is in the cache already and will not be downloaded again  	[MsgId: MMSG-26655]
EmployeeBeginCoverage.c(41): Resource "http://enroll_uat.dchbx.org/assets/icons/message-6a0a303d9fc72d557125912bdf9efed8.png" is in the cache already and will not be downloaded again  	[MsgId: MMSG-26655]
EmployeeBeginCoverage.c(41): Notify: Saving Parameter "authenticity_token = kmWFMe4y/Caz8WO+pkPr06FSlvSeUAZBkprJTtP+zaBiF+e4+0s2vL0CMRpXOAzswruI32JIPDxrw8g0BwmBdA==".	[MsgId: MMSG-13798]
EmployeeBeginCoverage.c(41): Notify: Saving Parameter "EligibleDate = ".	[MsgId: MMSG-13798]
EmployeeBeginCoverage.c(41): Error -35049: No match found for the requested parameter "EligibleDate". Check whether the requested regular expression exists in the response data, Snapshot Info [MSH 2 13]  	[MsgId: MERR-35049]
End auto log messages stack.	[MsgId: MMSG-10544]


Start auto log messages stack - Iteration 2.	[MsgId: MMSG-10545]
EmployeeBeginCoverage.c(41): Notify: Saving Parameter "EmployeeID = ".	[MsgId: MMSG-13798]
EmployeeBeginCoverage.c(41): Error -35049: No match found for the requested parameter "EmployeeID". Check whether the requested regular expression exists in the response data, Snapshot Info [MSH 2 13]  	[MsgId: MERR-35049]
End auto log messages stack.	[MsgId: MMSG-10544]


Start auto log messages stack - Iteration 2.	[MsgId: MMSG-10545]
EmployeeBeginCoverage.c(41): Notify: Saving Parameter "EmpHireDate = ".	[MsgId: MMSG-13798]
EmployeeBeginCoverage.c(41): Error -35049: No match found for the requested parameter "EmpHireDate". Check whether the requested regular expression exists in the response data, Snapshot Info [MSH 2 13]  	[MsgId: MERR-35049]
End auto log messages stack.	[MsgId: MMSG-10544]


Start auto log messages stack - Iteration 2.	[MsgId: MMSG-10545]
EmployeeBeginCoverage.c(41): Notify: Saving Parameter "CovgStartDate = ".	[MsgId: MMSG-13798]
EmployeeBeginCoverage.c(41): Error -35049: No match found for the requested parameter "CovgStartDate". Check whether the requested regular expression exists in the response data, Snapshot Info [MSH 2 13]  	[MsgId: MERR-35049]
End auto log messages stack.	[MsgId: MMSG-10544]


